    {
     "timestamp": "2026-10-07T04:57:18.4703301+05:30",
     "channel": "Microsoft-Windows-Sysmon/Operational",
     "provider": "Microsoft-Windows-Sysmon",
     "event_id": "8",
     "level": "Information",
     "severity": "Low",
     "username": "{'BinaryLength': 12, 'AccountDomainSid': None, 'Value': 'S-1-5-0-0-0'}",
     "host": "localhost",
     "source_ip": "local",
     "message": "CreateRemoteThread detected:\r\nRuleName: -\r\nUtcTime: 2026-10-06 23:27:18.469\r\nSourceProcessGuid: {00000000-0000-0000-0000-000000000000}\r\nSourceProcessId: 56776\r\nSourceImage: C:\\Users\\analyst's\\AppData\\Local\\local\\tools\\chromium-1208\\chrome-win64\\chrome.exe\r\nTargetProcessGuid: {00000000-0000-0000-0000",
     "record_id": 445551,
     "source": "windows-event-log",
     "is_alert": false,
     "rule_name": "",
     "external_id": "Microsoft-Windows-Sysmon/Operational:445551",
     "raw_log": "{\"Channel\": \"Microsoft-Windows-Sysmon/Operational\", \"EventData\": {\"NewThreadId\": \"50704\", \"RuleName\": \"-\", \"SourceImage\": \"C:\\\\Users\\\\analyst's\\\\AppData\\\\Local\\\\local\\\\tools\\\\chromium-1208\\\\chrome-win64\\\\chrome.exe\", \"SourceProcessGuid\": \"{00000000-0000-0000-0000-000000000000}\", \"SourceProcessId\": \"56776\", \"SourceUser\": \"WORKSTATION\\\\analyst's\", \"StartAddress\": \"0x0\", \"StartFunction\": \"-\", \"StartModule\": \"C:\\\\Users\\\\analyst's\\\\AppData\\\\Local\\\\local\\\\tools\\\\chromium-1208\\\\chrome-win64\\\\chrome.dll\", \"TargetImage\": \"C:\\\\Users\\\\analyst's\\\\AppData\\\\Local\\\\local\\\\tools\\\\chromium-1208\\\\chrome-win64\\\\chrome.exe\", \"TargetProcessGuid\": \"{00000000-0000-0000-0000-000000000000}\", \"TargetProcessId\": \"58724\", \"TargetUser\": \"WORKSTATION\\\\analyst's\", \"UtcTime\": \"2026-10-06 23:27:18.469\"}, \"Id\": 8, \"Level\": \"Information\", \"Message\": \"CreateRemoteThread detected:\\r\\nRuleName: -\\r\\nUtcTime: 2026-10-06 23:27:18.469\\r\\nSourceProcessGuid: {00000000-0000-0000-0000-000000000000}\\r\\nSourceProcessId: 56776\\r\\nSourceImage: C:\\\\Users\\\\analyst's\\\\AppData\\\\Local\\\\local\\\\tools\\\\chromium-1208\\\\chrome-win64\\\\chrome.exe\\r\\nTargetProcessGuid: {00000000-0000-0000-0000-000000000000}\\r\\nTargetProcessId: 58724\\r\\nTargetImage: C:\\\\Users\\\\analyst's\\\\AppData\\\\Local\\\\local\\\\tools\\\\chromium-1208\\\\chrome-win64\\\\chrome.exe\\r\\nNewThreadId: 50704\\r\\nStartAddress: 0x0\\r\\nStartModule: C:\\\\Users\\\\analyst's\\\\AppData\\\\Local\\\\local\\\\tools\\\\chromium-1208\\\\chrome-win64\\\\chrome.dll\\r\\nStartFunction: -\\r\\nSourceUser: WORKSTATION\\\\analyst's\\r\\nTargetUser: WORKSTATION\\\\analyst's\", \"Provider\": \"Microsoft-Windows-Sysmon\", \"RecordId\": 445551, \"TimeCreated\": \"2026-10-07T04:57:18.4703301+05:30\", \"User\": {\"AccountDomainSid\": null, \"BinaryLength\": 12, \"Value\": \"S-1-5-0-0-0\"}}",
     "fields": {
      "RuleName": "-",
      "UtcTime": "2026-10-06 23:27:18.469",
      "SourceProcessGuid": "{00000000-0000-0000-0000-000000000000}",
      "SourceProcessId": "56776",
      "SourceImage": "C:\\Users\\analyst's\\AppData\\Local\\local\\tools\\chromium-1208\\chrome-win64\\chrome.exe",
      "TargetProcessGuid": "{00000000-0000-0000-0000-000000000000}",
      "TargetProcessId": "58724",
      "TargetImage": "C:\\Users\\analyst's\\AppData\\Local\\local\\tools\\chromium-1208\\chrome-win64\\chrome.exe",
      "NewThreadId": "50704",
      "StartAddress": "0x0",
      "StartModule": "C:\\Users\\analyst's\\AppData\\Local\\local\\tools\\chromium-1208\\chrome-win64\\chrome.dll",
      "StartFunction": "-",
      "SourceUser": "WORKSTATION\\analyst's",
      "TargetUser": "WORKSTATION\\analyst's"
     },
     "captured_channel": "Microsoft-Windows-Sysmon/Operational"
    },
    {
     "timestamp": "2026-10-07T04:57:19.9905184+05:30",
     "channel": "Microsoft-Windows-Sysmon/Operational",
     "provider": "Microsoft-Windows-Sysmon",
     "event_id": "1",
     "level": "Information",
     "severity": "Low",
     "username": "WORKSTATION\\analyst's",
     "host": "localhost",
     "source_ip": "local",
     "message": "Process Create:\r\nRuleName: -\r\nUtcTime: 2026-10-06 23:27:19.986\r\nProcessGuid: {00000000-0000-0000-0000-000000000000}\r\nProcessId: 114132\r\nImage: C:\\Windows\\System32\\cmd.exe\r\nFileVersion: 10.0.26100.9278 (WinBuild.160101.0800)\r\nDescription: Windows Command Processor\r\nProduct: Microsoftr Windowsr Operat",
     "record_id": 445552,
     "source": "windows-event-log",
     "is_alert": false,
     "rule_name": "",
     "external_id": "Microsoft-Windows-Sysmon/Operational:445552",
     "raw_log": "{\"Channel\": \"Microsoft-Windows-Sysmon/Operational\", \"EventData\": {\"CommandLine\": \"C:\\\\windows\\\\System32\\\\cmd.exe /C \\\"ping -n 1 198.51.100.19\\\"\", \"Company\": \"Microsoft Corporation\", \"CurrentDirectory\": \"C:\\\\windows\\\\\", \"Description\": \"Windows Command Processor\", \"FileVersion\": \"10.0.26100.9278 (WinBuild.160101.0800)\", \"Hashes\": \"SHA256=97AC98B1A92C286054CCE55239CFCCDFC23A5517BD07FE693072C9CA96C7DABB\", \"Image\": \"C:\\\\Windows\\\\System32\\\\cmd.exe\", \"IntegrityLevel\": \"High\", \"LogonGuid\": \"{00000000-0000-0000-0000-000000000000}\", \"LogonId\": \"0x0\", \"OriginalFileName\": \"Cmd.Exe\", \"ParentCommandLine\": \"\\\"C:\\\\Users\\\\analyst's\\\\Documents\\\\repo\\\\.venv\\\\Scripts\\\\python.exe\\\" -B C:\\\\ProgramData\\\\lab\\\\run_capture.py \", \"ParentImage\": \"C:\\\\Users\\\\analyst's\\\\AppData\\\\Local\\\\local\\\\tools\\\\python-3.14.7+20260901-win32-x64\\\\python.exe\", \"ParentProcessGuid\": \"{00000000-0000-0000-0000-000000000000}\", \"ParentProcessId\": \"39240\", \"ParentUser\": \"WORKSTATION\\\\analyst's\", \"ProcessGuid\": \"{00000000-0000-0000-0000-000000000000}\", \"ProcessId\": \"114132\", \"Product\": \"Microsoftr Windowsr Operating System\", \"RuleName\": \"-\", \"TerminalSessionId\": \"1\", \"User\": \"WORKSTATION\\\\analyst's\", \"UtcTime\": \"2026-10-06 23:27:19.986\"}, \"Id\": 1, \"Level\": \"Information\", \"Message\": \"Process Create:\\r\\nRuleName: -\\r\\nUtcTime: 2026-10-06 23:27:19.986\\r\\nProcessGuid: {00000000-0000-0000-0000-000000000000}\\r\\nProcessId: 114132\\r\\nImage: C:\\\\Windows\\\\System32\\\\cmd.exe\\r\\nFileVersion: 10.0.26100.9278 (WinBuild.160101.0800)\\r\\nDescription: Windows Command Processor\\r\\nProduct: Microsoftr Windowsr Operating System\\r\\nCompany: Microsoft Corporation\\r\\nOriginalFileName: Cmd.Exe\\r\\nCommandLine: C:\\\\windows\\\\System32\\\\cmd.exe /C \\\"ping -n 1 198.51.100.19\\\"\\r\\nCurrentDirectory: C:\\\\windows\\\\\\r\\nUser: WORKSTATION\\\\analyst's\\r\\nLogonGuid: {00000000-0000-0000-0000-000000000000}\\r\\nLogonId: 0x0\\r\\nTerminalSessionId: 1\\r\\nIntegrityLevel: High\\r\\nHashes: SHA256=97AC98B1A92C286054CCE55239CFCCDFC23A5517BD07FE693072C9CA96C7DABB\\r\\nParentProcessGuid: {00000000-0000-0000-0000-000000000000}\\r\\nParentProcessId: 39240\\r\\nParentImage: C:\\\\Users\\\\analyst's\\\\AppData\\\\Local\\\\local\\\\tools\\\\python-3.14.7+20260901-win32-x64\\\\python.exe\\r\\nParentCommandLine: \\\"C:\\\\Users\\\\analyst's\\\\Documents\\\\repo\\\\.venv\\\\Scripts\\\\python.exe\\\" -B C:\\\\ProgramData\\\\lab\\\\run_capture.py \\r\\nParentUser: WORKSTATION\\\\analyst's\", \"Provider\": \"Microsoft-Windows-Sysmon\", \"RecordId\": 445552, \"TimeCreated\": \"2026-10-07T04:57:19.9905184+05:30\", \"User\": {\"AccountDomainSid\": null, \"BinaryLength\": 12, \"Value\": \"S-1-5-0-0-0\"}}",
     "fields": {
      "RuleName": "-",
      "UtcTime": "2026-10-06 23:27:19.986",
      "Image": "C:\\Windows\\System32\\cmd.exe",
      "FileVersion": "10.0.26100.9278 (WinBuild.160101.0800)",
      "Description": "Windows Command Processor",
      "Product": "Microsoftr Windowsr Operating System",
      "Company": "Microsoft Corporation",
      "OriginalFileName": "Cmd.Exe",
      "CommandLine": "C:\\windows\\System32\\cmd.exe /C \"ping -n 1 198.51.100.19\"",
      "CurrentDirectory": "C:\\windows\\",
      "User": "WORKSTATION\\analyst's",
      "LogonId": "0x0",
      "TerminalSessionId": "1",
      "IntegrityLevel": "High",
      "ParentImage": "C:\\Users\\analyst's\\AppData\\Local\\local\\tools\\python-3.14.7+20260901-win32-x64\\python.exe",
      "ParentCommandLine": "\"C:\\Users\\analyst's\\Documents\\repo\\.venv\\Scripts\\python.exe\" -B C:\\ProgramData\\lab\\run_capture.py ",
      "ParentUser": "WORKSTATION\\analyst's"
     },
     "captured_channel": "Microsoft-Windows-Sysmon/Operational"
    },
    {
     "timestamp": "2026-10-07T04:57:20.0135709+05:30",
     "channel": "Microsoft-Windows-Sysmon/Operational",
     "provider": "Microsoft-Windows-Sysmon",
     "event_id": "1",
     "level": "Information",
     "severity": "Low",
     "username": "WORKSTATION\\analyst's",
     "host": "localhost",
     "source_ip": "local",
     "message": "Process Create:\r\nRuleName: -\r\nUtcTime: 2026-10-06 23:27:20.008\r\nProcessGuid: {00000000-0000-0000-0000-000000000000}\r\nProcessId: 81828\r\nImage: C:\\Windows\\System32\\PING.EXE\r\nFileVersion: 10.0.26100.8115 (WinBuild.160101.0800)\r\nDescription: TCP/IP Ping Command\r\nProduct: Microsoftr Windowsr Operating Sy",
     "record_id": 445553,
     "source": "windows-event-log",
     "is_alert": false,
     "rule_name": "",
     "external_id": "Microsoft-Windows-Sysmon/Operational:445553",
     "raw_log": "{\"Channel\": \"Microsoft-Windows-Sysmon/Operational\", \"EventData\": {\"CommandLine\": \"ping  -n 1 198.51.100.19\", \"Company\": \"Microsoft Corporation\", \"CurrentDirectory\": \"C:\\\\Windows\\\\\", \"Description\": \"TCP/IP Ping Command\", \"FileVersion\": \"10.0.26100.8115 (WinBuild.160101.0800)\", \"Hashes\": \"SHA256=E4224D18C3C96826E6F4240893FAC02C8A1FF335CE92614FC8744369594DD468\", \"Image\": \"C:\\\\Windows\\\\System32\\\\PING.EXE\", \"IntegrityLevel\": \"High\", \"LogonGuid\": \"{00000000-0000-0000-0000-000000000000}\", \"LogonId\": \"0x0\", \"OriginalFileName\": \"ping.exe\", \"ParentCommandLine\": \"C:\\\\windows\\\\System32\\\\cmd.exe /C \\\"ping -n 1 198.51.100.19\\\"\", \"ParentImage\": \"C:\\\\Windows\\\\System32\\\\cmd.exe\", \"ParentProcessGuid\": \"{00000000-0000-0000-0000-000000000000}\", \"ParentProcessId\": \"114132\", \"ParentUser\": \"WORKSTATION\\\\analyst's\", \"ProcessGuid\": \"{00000000-0000-0000-0000-000000000000}\", \"ProcessId\": \"81828\", \"Product\": \"Microsoftr Windowsr Operating System\", \"RuleName\": \"-\", \"TerminalSessionId\": \"1\", \"User\": \"WORKSTATION\\\\analyst's\", \"UtcTime\": \"2026-10-06 23:27:20.008\"}, \"Id\": 1, \"Level\": \"Information\", \"Message\": \"Process Create:\\r\\nRuleName: -\\r\\nUtcTime: 2026-10-06 23:27:20.008\\r\\nProcessGuid: {00000000-0000-0000-0000-000000000000}\\r\\nProcessId: 81828\\r\\nImage: C:\\\\Windows\\\\System32\\\\PING.EXE\\r\\nFileVersion: 10.0.26100.8115 (WinBuild.160101.0800)\\r\\nDescription: TCP/IP Ping Command\\r\\nProduct: Microsoftr Windowsr Operating System\\r\\nCompany: Microsoft Corporation\\r\\nOriginalFileName: ping.exe\\r\\nCommandLine: ping  -n 1 198.51.100.19\\r\\nCurrentDirectory: C:\\\\Windows\\\\\\r\\nUser: WORKSTATION\\\\analyst's\\r\\nLogonGuid: {00000000-0000-0000-0000-000000000000}\\r\\nLogonId: 0x0\\r\\nTerminalSessionId: 1\\r\\nIntegrityLevel: High\\r\\nHashes: SHA256=E4224D18C3C96826E6F4240893FAC02C8A1FF335CE92614FC8744369594DD468\\r\\nParentProcessGuid: {00000000-0000-0000-0000-000000000000}\\r\\nParentProcessId: 114132\\r\\nParentImage: C:\\\\Windows\\\\System32\\\\cmd.exe\\r\\nParentCommandLine: C:\\\\windows\\\\System32\\\\cmd.exe /C \\\"ping -n 1 198.51.100.19\\\"\\r\\nParentUser: WORKSTATION\\\\analyst's\", \"Provider\": \"Microsoft-Windows-Sysmon\", \"RecordId\": 445553, \"TimeCreated\": \"2026-10-07T04:57:20.0135709+05:30\", \"User\": {\"AccountDomainSid\": null, \"BinaryLength\": 12, \"Value\": \"S-1-5-0-0-0\"}}",
     "fields": {
      "RuleName": "-",
      "UtcTime": "2026-10-06 23:27:20.008",
      "Image": "C:\\Windows\\System32\\PING.EXE",
      "FileVersion": "10.0.26100.8115 (WinBuild.160101.0800)",
      "Description": "TCP/IP Ping Command",
      "Product": "Microsoftr Windowsr Operating System",
      "Company": "Microsoft Corporation",
      "OriginalFileName": "ping.exe",
      "CommandLine": "ping  -n 1 198.51.100.19",
      "CurrentDirectory": "C:\\Windows\\",
      "User": "WORKSTATION\\analyst's",
      "LogonId": "0x0",
      "TerminalSessionId": "1",
      "IntegrityLevel": "High",
      "ParentImage": "C:\\Windows\\System32\\cmd.exe",
      "ParentCommandLine": "C:\\windows\\System32\\cmd.exe /C \"ping -n 1 198.51.100.19\"",
      "ParentUser": "WORKSTATION\\analyst's"
     },
     "captured_channel": "Microsoft-Windows-Sysmon/Operational"
    },
    {
     "timestamp": "2026-10-07T04:57:21.7009774+05:30",
     "channel": "Microsoft-Windows-Sysmon/Operational",
     "provider": "Microsoft-Windows-Sysmon",
     "event_id": "1",
     "level": "Information",
     "severity": "Low",
     "username": "WORKSTATION\\analyst's",
     "host": "localhost",
     "source_ip": "local",
     "message": "Process Create:\r\nRuleName: -\r\nUtcTime: 2026-10-06 23:27:21.698\r\nProcessGuid: {00000000-0000-0000-0000-000000000000}\r\nProcessId: 100744\r\nImage: C:\\Windows\\System32\\WindowsPowerShell\\v1.0\\powershell.exe\r\nFileVersion: 10.0.26100.9278 (WinBuild.160101.0800)\r\nDescription: Windows PowerShell\r\nProduct: Mic",
     "record_id": 445554,
     "source": "windows-event-log",
     "is_alert": false,
     "rule_name": "",
     "external_id": "Microsoft-Windows-Sysmon/Operational:445554",
     "raw_log": "{\"Channel\": \"Microsoft-Windows-Sysmon/Operational\", \"EventData\": {\"CommandLine\": \"C:\\\\windows\\\\System32\\\\WindowsPowerShell\\\\v1.0\\\\powershell.exe -NoProfile -NonInteractive -ExecutionPolicy Bypass -Command Get-Date\", \"Company\": \"Microsoft Corporation\", \"CurrentDirectory\": \"C:\\\\windows\\\\\", \"Description\": \"Windows PowerShell\", \"FileVersion\": \"10.0.26100.9278 (WinBuild.160101.0800)\", \"Hashes\": \"SHA256=8BB6FA8C283B4D92120B1EF249A9B311B0F804D4CABBE9981159976C8BE76A5E\", \"Image\": \"C:\\\\Windows\\\\System32\\\\WindowsPowerShell\\\\v1.0\\\\powershell.exe\", \"IntegrityLevel\": \"High\", \"LogonGuid\": \"{00000000-0000-0000-0000-000000000000}\", \"LogonId\": \"0x0\", \"OriginalFileName\": \"PowerShell.EXE\", \"ParentCommandLine\": \"\\\"C:\\\\Users\\\\analyst's\\\\Documents\\\\repo\\\\.venv\\\\Scripts\\\\python.exe\\\" -B C:\\\\ProgramData\\\\lab\\\\run_capture.py \", \"ParentImage\": \"C:\\\\Users\\\\analyst's\\\\AppData\\\\Local\\\\local\\\\tools\\\\python-3.14.7+20260901-win32-x64\\\\python.exe\", \"ParentProcessGuid\": \"{00000000-0000-0000-0000-000000000000}\", \"ParentProcessId\": \"39240\", \"ParentUser\": \"WORKSTATION\\\\analyst's\", \"ProcessGuid\": \"{00000000-0000-0000-0000-000000000000}\", \"ProcessId\": \"100744\", \"Product\": \"Microsoftr Windowsr Operating System\", \"RuleName\": \"-\", \"TerminalSessionId\": \"1\", \"User\": \"WORKSTATION\\\\analyst's\", \"UtcTime\": \"2026-10-06 23:27:21.698\"}, \"Id\": 1, \"Level\": \"Information\", \"Message\": \"Process Create:\\r\\nRuleName: -\\r\\nUtcTime: 2026-10-06 23:27:21.698\\r\\nProcessGuid: {00000000-0000-0000-0000-000000000000}\\r\\nProcessId: 100744\\r\\nImage: C:\\\\Windows\\\\System32\\\\WindowsPowerShell\\\\v1.0\\\\powershell.exe\\r\\nFileVersion: 10.0.26100.9278 (WinBuild.160101.0800)\\r\\nDescription: Windows PowerShell\\r\\nProduct: Microsoftr Windowsr Operating System\\r\\nCompany: Microsoft Corporation\\r\\nOriginalFileName: PowerShell.EXE\\r\\nCommandLine: C:\\\\windows\\\\System32\\\\WindowsPowerShell\\\\v1.0\\\\powershell.exe -NoProfile -NonInteractive -ExecutionPolicy Bypass -Command Get-Date\\r\\nCurrentDirectory: C:\\\\windows\\\\\\r\\nUser: WORKSTATION\\\\analyst's\\r\\nLogonGuid: {00000000-0000-0000-0000-000000000000}\\r\\nLogonId: 0x0\\r\\nTerminalSessionId: 1\\r\\nIntegrityLevel: High\\r\\nHashes: SHA256=8BB6FA8C283B4D92120B1EF249A9B311B0F804D4CABBE9981159976C8BE76A5E\\r\\nParentProcessGuid: {00000000-0000-0000-0000-000000000000}\\r\\nParentProcessId: 39240\\r\\nParentImage: C:\\\\Users\\\\analyst's\\\\AppData\\\\Local\\\\local\\\\tools\\\\python-3.14.7+20260901-win32-x64\\\\python.exe\\r\\nParentCommandLine: \\\"C:\\\\Users\\\\analyst's\\\\Documents\\\\repo\\\\.venv\\\\Scripts\\\\python.exe\\\" -B C:\\\\ProgramData\\\\lab\\\\run_capture.py \\r\\nParentUser: WORKSTATION\\\\analyst's\", \"Provider\": \"Microsoft-Windows-Sysmon\", \"RecordId\": 445554, \"TimeCreated\": \"2026-10-07T04:57:21.7009774+05:30\", \"User\": {\"AccountDomainSid\": null, \"BinaryLength\": 12, \"Value\": \"S-1-5-0-0-0\"}}",
     "fields": {
      "RuleName": "-",
      "UtcTime": "2026-10-06 23:27:21.698",
      "Image": "C:\\Windows\\System32\\WindowsPowerShell\\v1.0\\powershell.exe",
      "FileVersion": "10.0.26100.9278 (WinBuild.160101.0800)",
      "Description": "Windows PowerShell",
      "Product": "Microsoftr Windowsr Operating System",
      "Company": "Microsoft Corporation",
      "OriginalFileName": "PowerShell.EXE",
      "CommandLine": "C:\\windows\\System32\\WindowsPowerShell\\v1.0\\powershell.exe -NoProfile -NonInteractive -ExecutionPolicy Bypass -Command Get-Date",
      "CurrentDirectory": "C:\\windows\\",
      "User": "WORKSTATION\\analyst's",
      "LogonId": "0x0",
      "TerminalSessionId": "1",
      "IntegrityLevel": "High",
      "ParentImage": "C:\\Users\\analyst's\\AppData\\Local\\local\\tools\\python-3.14.7+20260901-win32-x64\\python.exe",
      "ParentCommandLine": "\"C:\\Users\\analyst's\\Documents\\repo\\.venv\\Scripts\\python.exe\" -B C:\\ProgramData\\lab\\run_capture.py ",
      "ParentUser": "WORKSTATION\\analyst's"
     },
     "captured_channel": "Microsoft-Windows-Sysmon/Operational"
    },
    {
     "timestamp": "2026-10-07T04:57:22.1896104+05:30",
     "channel": "Microsoft-Windows-Sysmon/Operational",
     "provider": "Microsoft-Windows-Sysmon",
     "event_id": "1",
     "level": "Information",
     "severity": "Low",
     "username": "WORKSTATION\\analyst's",
     "host": "localhost",
     "source_ip": "local",
     "message": "Process Create:\r\nRuleName: -\r\nUtcTime: 2026-10-06 23:27:22.187\r\nProcessGuid: {00000000-0000-0000-0000-000000000000}\r\nProcessId: 121692\r\nImage: C:\\Windows\\System32\\nvidia-smi.exe\r\nFileVersion: 198.51.100.2538\r\nDescription: NVIDIA-SMI 610.88\r\nProduct: NVIDIA-SMI 610.88\r\nCompany: NVIDIA Corporation\r\nOr",
     "record_id": 445555,
     "source": "windows-event-log",
     "is_alert": false,
     "rule_name": "",
     "external_id": "Microsoft-Windows-Sysmon/Operational:445555",
     "raw_log": "{\"Channel\": \"Microsoft-Windows-Sysmon/Operational\", \"EventData\": {\"CommandLine\": \"C:\\\\windows\\\\system32\\\\nvidia-smi.EXE --query-gpu=memory.total,memory.free,name,pci.device_id,memory.used,utilization.gpu --format=csv,noheader,nounits\", \"Company\": \"NVIDIA Corporation\", \"CurrentDirectory\": \"C:\\\\Users\\\\analyst's\\\\\", \"Description\": \"NVIDIA-SMI 610.88\", \"FileVersion\": \"198.51.100.2538\", \"Hashes\": \"SHA256=BCFF816616B9E2DF104E601AE9B0AC116003A66E27E937BC09F79F29AFE342D0\", \"Image\": \"C:\\\\Windows\\\\System32\\\\nvidia-smi.exe\", \"IntegrityLevel\": \"Medium\", \"LogonGuid\": \"{00000000-0000-0000-0000-000000000000}\", \"LogonId\": \"0x0\", \"OriginalFileName\": \"-\", \"ParentCommandLine\": \"\\\"C:\\\\Users\\\\analyst's\\\\AppData\\\\Local\\\\local\\\\tools\\\\python-3.14.7+20260901-win32-x64\\\\python.exe\\\"  -I -c \\\"import base64; exec(base64.b64decode('aW1wb3J0IG9zLCByZSwgc3lzCmltcG9ydCBjb250ZXh0bGliLCBoYXNobGliLCBpbywgcGF0aGxpYiwgc2h1dGlsLCBzdWJwcm9jZXNzCm9zLmVudmlyb24ucG9wKCdQWVRIT05IT01FJywgTm9uZSkKb3MuZW52aXJvbi5wb3AoJ1BZVEhPTlBBVEgnLCBOb25lKQpzeXMucGF0aC5pbnNlcnQoMCwgIkM6XFxVc2Vyc1xcS2hhbidzXFxBcHBEYXRhXFxMb2NhbFxcaGVybWVzXFxoZXJtZXMtYWdlbnQiKQpkZWYgX2hlcm1lc19jbG9zdXJlX3JlcGFpcigpOgogICAgaW1wb3J0IGNvbnRleHRsaWIsIGhhc2hsaWIsIGlvLCBzaHV0aWwsIHN1YnByb2Nlc3MKICAgIGZyb20gcGF0aGxpYiBpbXBvcnQgUGF0aAogICAgcm9vdCA9IFBhdGgoIkM6XFxVc2Vyc1xcS2hhbidzXFxBcHBEYXRhXFxMb2NhbFxcaGVybWVzXFxoZXJtZXMtYWdlbnQiKQogICAgZ2l0ID0gcm9vdCAvICcuZ2l0JwogICAgdHJ5OgogICAgICAgIGlmIGdpdC5pc19maWxlKCk6CiAgICAgICAgICAgIHRleHQgPSBnaXQucmVhZF90ZXh0KGVuY29kaW5nPSd1dGYtOC1zaWcnKS5zdHJpcCgpCiAgICAgICAgICAgIGdpdCA9IHJvb3QgLyB0ZXh0Wzc6XS5zdHJpcCgpIGlmIHRleHQuc3RhcnRzd2l0aCgnZ2l0ZGlyOicpIGVsc2UgZ2l0CiAgICAgICAgZmllbGRzID0gZGljdChsaW5lLnBhcnRpdGlvbignPScpWzo6Ml0gZm9yIGxpbmUgaW4gKGdpdCAvICdoZXJtZXMtdXBkYXRlLXB1bGwnKS5yZWFkX3RleHQoZW5jb2Rpbmc9J3V0Zi04LXNpZycpLnNwbGl0bGluZXMoKSkKICAgIGV4Y2VwdCBPU0Vycm9yOgogICAgICAgIHJldHVybgogICAgcHJlID0gZmllbGRzLmdldCgncHJlJywgJycpLnN0cmlwKCkKICAgIGlmIG5vdCByZS5mdWxsbWF0Y2goJ1swLTlhLWZdezQwfXxbMC05YS1mXXs2NH0nLCBwcmUpOgogICAgICAgIHJldHVybgogICAgY2xvc3VyZSA9IGdpdCAvICdoZXJtZXMtdXBkYXRlLXJlY292ZXJ5JyAvIHByZQogICAgZmlsZXMgPSAoKignaGVybWVzX2NsaS9fZWFybHlfcmVjb3ZlcnkucHknLCAnaGVybWVzX2NsaS91cGRhdGVfbG9jay5weScsICdoZXJtZXNfY2xpL3VwZGF0ZV9jdXN0b2R5LnB5JyksICdoZXJtZXNfY2xpL19faW5pdF9fLnB5JykKCiAgICBkZWYgYmxvYl9pZChkYXRhKToKICAgICAgICByZXR1cm4gaGFzaGxpYi5uZXcoJ3NoYTEnIGlmIGxlbihwcmUpID09IDQwIGVsc2UgJ3NoYTI1NicsIGInYmxvYiAlZFwwJyAlIGxlbihkYXRhKSArIGRhdGEpLmhleGRpZ2VzdCgpCgogICAgZGVmIHZlcmlmaWVkKCk6CiAgICAgICAgdHJ5OgogICAgICAgICAgICBsaXN0ZWQgPSBkaWN0KGxpbmUuc3BsaXQoJyAnLCAxKVs6Oi0xXSBmb3IgbGluZSBpbiAoY2xvc3VyZSAvICdNQU5JRkVTVCcpLnJlYWRfdGV4dChlbmNvZGluZz0ndXRmLTgtc2lnJykuc3BsaXRsaW5lcygpKQogICAgICAgICAgICByZXR1cm4gKHNldChsaXN0ZWQpID09IHNldChmaWxlcykgYW5kIGxpc3RlZFsnaGVybWVzX2NsaS9fX2luaXRfXy5weSddID09IGJsb2JfaWQoYicnKQogICAgICAgICAgICAgICAgICAgIGFuZCBhbGwoYmxvYl9pZCgoY2xvc3VyZSAvIHJlbCkucmVhZF9ieXRlcygpKSA9PSBvaWQgZm9yIHJlbCwgb2lkIGluIGxpc3RlZC5pdGVtcygpKSkKICAgICAgICBleGNlcHQgKE9TRXJyb3IsIFZhbHVlRXJyb3IpOgogICAgICAgICAgICByZXR1cm4gRmFsc2UKCiAgICBpZiBub3QgdmVyaWZpZWQoKToKICAgICAgICBleGUgPSBmaWVsZHMuZ2V0KCdnaXQnLCAnJykuc3RyaXAoKQogICAgICAgIGlmIG5vdCAob3MucGF0aC5pc2FicyhleGUpIGFuZCBvcy5wYXRoLmlzZmlsZShleGUpKToKICAgICAgICAgICAgbmFtZXMgPSAoJ2dpdC5leGUnLCkgaWYgb3MubmFtZSA9PSAnbnQnIGVsc2UgKCdnaXQnLCkKICAgICAgICAgICAgZXhlID0gbmV4dCgob3MucGF0aC5qb2luKGQsIG4pIGZvciBkIGluIG9zLmVudmlyb24uZ2V0KCdQQVRIJywgJycpLnNwbGl0KG9zLnBhdGhzZXApIGlmIG9zLnBhdGguaXNhYnMoZCkKICAgICAgICAgICAgICAgICAgICAgICAgZm9yIG4gaW4gbmFtZXMgaWYgb3MucGF0aC5pc2ZpbGUob3MucGF0aC5qb2luKGQsIG4pKSksICcnKQogICAgICAgIGlmIG5vdCBleGU6CiAgICAgICAgICAgIHJldHVybgoKICAgICAgICBkZWYgZ2l0X291dCgqYXJncyk6CiAgICAgICAgICAgIGRvbmUgPSBzdWJwcm9jZXNzLnJ1bihbZXhlLCAnLS1uby1yZXBsYWNlLW9iamVjdHMnLCAnLUMnLCBzdHIocm9vdCksICphcmdzXSwgY2FwdHVyZV9vdXRwdXQ9VHJ1ZSwgdGltZW91dD02MCwKICAgICAgICAgICAgICAgICAgICAgICAgICAgICAgICAgIHN0ZGluPXN1YnByb2Nlc3MuREVWTlVMTCwgY3JlYXRpb25mbGFncz1nZXRhdHRyKHN1YnByb2Nlc3MsICdDUkVBVEVfTk9fV0lORE9XJywgMCkpCiAgICAgICAgICAgIGlmIGRvbmUucmV0dXJuY29kZSAhPSAwOgogICAgICAgICAgICAgICAgcmFpc2UgT1NFcnJvcihkb25lLnN0ZGVycikKICAgICAgICAgICAgcmV0dXJuIGRvbmUuc3Rkb3V0CgogICAgICAgIHN0YWdpbmcgPSBjbG9zdXJlLndpdGhfbmFtZSgnLiVzLiVkLmxhdW5jaCcgJSAocHJlLCBvcy5nZXRwaWQoKSkpCiAgICAgICAgdHJ5OgogICAgICAgICAgICBpZHMgPSB7fQogICAgICAgICAgICBmb3IgZW50cnkgaW4gZ2l0X291dCgnbHMtdHJlZScsICcteicsICctLWZ1bGwtdHJlZScsIHByZSwgJy0tJywgKignaGVybWVzX2NsaS9fZWFybHlfcmVjb3ZlcnkucHknLCAnaGVybWVzX2NsaS91cGRhdGVfbG9jay5weScsICdoZXJtZXNfY2xpL3VwZGF0ZV9jdXN0b2R5LnB5JykpLnNwbGl0KGInXDAnKToKICAgICAgICAgICAgICAgIG1ldGEsIF8sIHJlbCA9IGVudHJ5LmRlY29kZSgndXRmLTgnLCAncmVwbGFjZScpLnBhcnRpdGlvbignXHQnKQogICAgICAgICAgICAgICAgaWYgbWV0YS5zcGxpdCgpWzE6Ml0gPT0gWydibG9iJ106CiAgICAgICAgICAgICAgICAgICAgaWRzW3JlbF0gPSBtZXRhLnNwbGl0KClbMl0KICAgICAgICAgICAgYmxvYnMgPSB7J2hlcm1lc19jbGkvX19pbml0X18ucHknOiBiJyd9CiAgICAgICAgICAgIGZvciByZWwgaW4gKCdoZXJtZXNfY2xpL19lYXJseV9yZWNvdmVyeS5weScsICdoZXJtZXNfY2xpL3VwZGF0ZV9sb2NrLnB5JywgJ2hlcm1lc19jbGkvdXBkYXRlX2N1c3RvZHkucHknKToKICAgICAgICAgICAgICAgIGJsb2JzW3JlbF0gPSBnaXRfb3V0KCdjYXQtZmlsZScsICdibG9iJywgaWRzW3JlbF0pCiAgICAgICAgICAgICAgICBpZiBibG9iX2lkKGJsb2JzW3JlbF0pICE9IGlkc1tyZWxdOiAgIyBhbiBvYmplY3QgdGhhdCBpbmZsYXRlcyB0byBieXRlcyBwcmUgbmV2ZXIgaGFkCiAgICAgICAgICAgICAgICAgICAgcmFpc2UgT1NFcnJvcignJXMgZG9lcyBub3QgaGFzaCB0byAlcycgJSAocmVsLCBpZHNbcmVsXSkpCiAgICAgICAgICAgIGJsb2JzWydNQU5JRkVTVCddID0gJycuam9pbignJXMgJXNcbicgJSAoYmxvYl9pZChkYXRhKSwgcmVsKSBmb3IgcmVsLCBkYXRhIGluIGJsb2JzLml0ZW1zKCkpLmVuY29kZSgndXRmLTgnKQogICAgICAgICAgICBmb3IgcmVsLCBkYXRhIGluIGJsb2JzLml0ZW1zKCk6CiAgICAgICAgICAgICAgICAoc3RhZ2luZyAvIHJlbCkucGFyZW50Lm1rZGlyKHBhcmVudHM9VHJ1ZSwgZXhpc3Rfb2s9VHJ1ZSkKICAgICAgICAgICAgICAgIChzdGFnaW5nIC8gcmVsKS53cml0ZV9ieXRlcyhkYXRhKQogICAgICAgICAgICBzaHV0aWwucm10cmVlKGNsb3N1cmUsIGlnbm9yZV9lcnJvcnM9VHJ1ZSkKICAgICAgICAgICAgb3MucmVwbGFjZShzdGFnaW5nLCBjbG9zdXJlKQogICAgICAgIGV4Y2VwdCAoT1NFcnJvciwgS2V5RXJyb3IsIHN1YnByb2Nlc3MuU3VicHJvY2Vzc0Vycm9yKToKICAgICAgICAgICAgcGFzcwogICAgICAgIGZpbmFsbHk6CiAgICAgICAgICAgIHNodXRpbC5ybXRyZWUoc3RhZ2luZywgaWdub3JlX2Vycm9ycz1UcnVlKQogICAgICAgIGlmIG5vdCB2ZXJpZmllZCgpOgogICAgICAgICAgICByZXR1cm4KICAgIGZvciBuYW1lIGluIFtuIGZvciBuIGluIHN5cy5tb2R1bGVzIGlmIG4uc3BsaXQoJy4nKVswXSBpbiAoJ2hlcm1lc19jbGknLCAnaGVybWVzX2Jvb3RzdHJhcCcsICdoZXJtZXNfY29uc3RhbnRzJywgJ3BtJyldOgogICAgICAgIGRlbCBzeXMubW9kdWxlc1tuYW1lXQogICAgdHJlZSA9IG9zLnBhdGgubm9ybWNhc2Uob3MucGF0aC5yZWFscGF0aChyb290KSkKICAgIHN5cy5wYXRoWzpdID0gW3N0cihjbG9zdXJlKV0gKyBbcCBmb3IgcCBpbiBzeXMucGF0aCBpZiBwIGFuZCBvcy5wYXRoLm5vcm1jYXNlKG9zLnBhdGgucmVhbHBhdGgocCkpICE9IHRyZWUKICAgICAgICAgICAgICAgICAgICAgICAgICAgICAgICAgICAgYW5kIG5vdCBvcy5wYXRoLm5vcm1jYXNlKG9zLnBhdGgucmVhbHBhdGgocCkpLnN0YXJ0c3dpdGgodHJlZSArIG9zLnNlcCldCiAgICBzeXMuZG9udF93cml0ZV9ieXRlY29kZSA9IFRydWUKICAgIHNhaWQgPSBpby5TdHJpbmdJTygpCiAgICByZXN0b3JlZCA9IEZhbHNlCiAgICB0cnk6CiAgICAgICAgd2l0aCBjb250ZXh0bGliLnJlZGlyZWN0X3N0ZGVycihzYWlkKToKICAgICAgICAgICAgZnJvbSBoZXJtZXNfY2xpIGltcG9ydCBfZWFybHlfcmVjb3ZlcnkKICAgICAgICAgICAgcmVzdG9yZWQgPSBfZWFybHlfcmVjb3ZlcnkucmVzdG9yZV9pbnRlcnJ1cHRlZF9wdWxsKHJvb3QpCiAgICBleGNlcHQgRXhjZXB0aW9uIGFzIGV4YzoKICAgICAgICBzYWlkLndyaXRlKCdoZXJtZXM6IHRoZSBjaGVja291dCBjYW5ub3Qgc3RhcnQgYWZ0ZXIgYW4gaW50ZXJydXB0ZWQgYGhlcm1lcyB1cGRhdGVgLCBhbmQgaXQgd2FzIG5vdCAnCiAgICAgICAgICAgICAgICAgICAncmVwYWlyZWQ6ICVzXG4nICUgKGV4YywpKQogICAgaWYgcmVzdG9yZWQ6CiAgICAgICAgc3lzLnN0ZGVyci53cml0ZSgnaGVybWVzOiB0aGUgY2hlY2tvdXQgY291bGQgbm90IHN0YXJ0IGFmdGVyIGFuIGludGVycnVwdGVkIGBoZXJtZXMgdXBkYXRlYDsgJwogICAgICAgICAgICAgICAgICAgICAgICAgJ3JlcGFpcmVkIGl0IHdpdGggdGhlIHJlY292ZXJ5IGNvZGUgc2F2ZWQgYmVmb3JlIHRoZSB1cGRhdGUuXG4nICsgc2FpZC5nZXR2YWx1ZSgpKQogICAgICAgIF9lYXJseV9yZWNvdmVyeS5yZWxhdW5jaF9hZnRlcl9yZXN0b3JlKCkKICAgIHN5cy5zdGRlcnIud3JpdGUoc2FpZC5nZXR2YWx1ZSgpIG9yICdoZXJtZXM6IHRoZSBjaGVja291dCBjYW5ub3Qgc3RhcnQgYWZ0ZXIgYW4gaW50ZXJydXB0ZWQgYGhlcm1lcyB1cGRhdGVgOyAnCiAgICAgICAgICAgICAgICAgICAgICdsYXVuY2ggYWdhaW4gb25jZSB0aGUgdXBkYXRlIHRoYXQgb3ducyBpdCBmaW5pc2hlcy5cbicpCiAgICByYWlzZSBTeXN0ZW1FeGl0KDEpCmlmIHN5cy5hcmd2WzE6Ml0gPT0gWyctLXByaW50LXJ1bnRpbWUtY29tbWFuZCddOgogICAgc3lzLmRvbnRfd3JpdGVfYnl0ZWNvZGUgPSBUcnVlCiAgICBmcm9tIHBhdGhsaWIgaW1wb3J0IFBhdGgKICAgIHRyeToKICAgICAgICBmcm9tIGhlcm1lc19jbGkgaW1wb3J0IF9lYXJseV9yZWNvdmVyeQogICAgZXhjZXB0IEV4Y2VwdGlvbiBhcyBleGM6CiAgICAgICAgaWYgX2hlcm1lc19jbG9zdXJlX3JlcGFpcigpIG9yIG5vdCBpc2luc3RhbmNlKGV4YywgSW1wb3J0RXJyb3IpOgogICAgICAgICAgICByYWlzZQogICAgICAgIF9lYXJseV9yZWNvdmVyeSA9IE5vbmUgICMgYSB0cmVlIHdpdGhvdXQgdGhlIHJlcGFpcjogdGhlIGltcG9ydHMgYmVsb3cgcmVwb3J0IHJlYWwgZGFtYWdlCiAgICBpZiBfZWFybHlfcmVjb3ZlcnkgaXMgbm90IE5vbmUgYW5kIF9lYXJseV9yZWNvdmVyeS5yZXN0b3JlX2ludGVycnVwdGVkX3B1bGwoUGF0aCgiQzpcXFVzZXJzXFxLaGFuJ3NcXEFwcERhdGFcXExvY2FsXFxoZXJtZXNcXGhlcm1lcy1hZ2VudCIpKToKICAgICAgICBfZWFybHlfcmVjb3ZlcnkucmVsYXVuY2hfYWZ0ZXJfcmVzdG9yZSgpCiAgICBmcm9tIGhlcm1lc19jb25zdGFudHMgaW1wb3J0IGdldF9kZWZhdWx0X2hlcm1lc19yb290CiAgICBvcy5lbnZpcm9uWydIRVJNRVNfSE9NRSddID0gb3MuZW52aXJvbi5nZXQoJ0hFUk1FU19IT01FJykgb3Igc3RyKGdldF9kZWZhdWx0X2hlcm1lc19yb290KCkpCiAgICBmcm9tIGhlcm1lc19jbGkuX2xhdW5jaGVycyBpbXBvcnQgcHJpbnRfcnVudGltZV9jb21tYW5kCiAgICBwcmludF9ydW50aW1lX2NvbW1hbmQoUGF0aCgiQzpcXFVzZXJzXFxLaGFuJ3NcXEFwcERhdGFcXExvY2FsXFxoZXJtZXNcXGhlcm1lcy1hZ2VudCIpLCBzeXMuYXJndlsyOl0pCiAgICBzeXMuZXhpdCgwKQpzeXMuX2hlcm1lc19waW5fZGVmYXVsdF9ob21lID0gVHJ1ZQp0cnk6CiAgICBpbXBvcnQgaGVybWVzX2Jvb3RzdHJhcApleGNlcHQgRXhjZXB0aW9uOgogICAgX2hlcm1lc19jbG9zdXJlX3JlcGFpcigpCiAgICByYWlzZQppZiBub3Qgb3MuZW52aXJvbi5nZXQoJ0hFUk1FU19IT01FJyk6CiAgICBmcm9tIGhlcm1lc19jb25zdGFudHMgaW1wb3J0IGdldF9kZWZhdWx0X2hlcm1lc19yb290CiAgICBvcy5lbnZpcm9uWydIRVJNRVNfSE9NRSddID0gc3RyKGdldF9kZWZhdWx0X2hlcm1lc19yb290KCkpCmlmIHN5cy5hcmd2WzE6Ml0gPT0gWyctLXJ1bi1tb2R1bGUnXToKICAgIGltcG9ydCBydW5weQogICAgaWYgbGVuKHN5cy5hcmd2KSA8IDM6IHN5cy5leGl0KCdoZXJtZXM6IC0tcnVuLW1vZHVsZSBuZWVkcyBhIG1vZHVsZScpCiAgICBtb2R1bGUgPSBzeXMuYXJndi5wb3AoMikKICAgIGRlbCBzeXMuYXJndlsxXQogICAgcnVucHkucnVuX21vZHVsZShtb2R1bGUsIHJ1bl9uYW1lPSdfX21haW5fXycsIGFsdGVyX3N5cz1UcnVlKQogICAgc3lzLmV4aXQoMCkKZnJvbSBoZXJtZXNfY2xpLm1haW4gaW1wb3J0IG1haW4Kc3lzLmFyZ3ZbMF0gPSByZS5zdWIocicoLXNjcmlwdFwucHl3fFwuZXhlKT8kJywgJycsIHN5cy5hcmd2WzBdKQpzeXMuZXhpdChtYWluKCkpCg=='))\\\" serve --host 198.51.100.19 --port 0\", \"ParentImage\": \"C:\\\\Users\\\\analyst's\\\\AppData\\\\Local\\\\local\\\\tools\\\\python-3.14.7+20260901-win32-x64\\\\python.exe\", \"ParentProcessGuid\": \"{00000000-0000-0000-0000-000000000000}\", \"ParentProcessId\": \"112700\", \"ParentUser\": \"WORKSTATION\\\\analyst's\", \"ProcessGuid\": \"{00000000-0000-0000-0000-000000000000}\", \"ProcessId\": \"121692\", \"Product\": \"NVIDIA-SMI 610.88\", \"RuleName\": \"-\", \"TerminalSessionId\": \"1\", \"User\": \"WORKSTATION\\\\analyst's\", \"UtcTime\": \"2026-10-06 23:27:22.187\"}, \"Id\": 1, \"Level\": \"Information\", \"Message\": \"Process Create:\\r\\nRuleName: -\\r\\nUtcTime: 2026-10-06 23:27:22.187\\r\\nProcessGuid: {00000000-0000-0000-0000-000000000000}\\r\\nProcessId: 121692\\r\\nImage: C:\\\\Windows\\\\System32\\\\nvidia-smi.exe\\r\\nFileVersion: 198.51.100.2538\\r\\nDescription: NVIDIA-SMI 610.88\\r\\nProduct: NVIDIA-SMI 610.88\\r\\nCompany: NVIDIA Corporation\\r\\nOriginalFileName: -\\r\\nCommandLine: C:\\\\windows\\\\system32\\\\nvidia-smi.EXE --query-gpu=memory.total,memory.free,name,pci.device_id,memory.used,utilization.gpu --format=csv,noheader,nounits\\r\\nCurrentDirectory: C:\\\\Users\\\\analyst's\\\\\\r\\nUser: WORKSTATION\\\\analyst's\\r\\nLogonGuid: {00000000-0000-0000-0000-000000000000}\\r\\nLogonId: 0x0\\r\\nTerminalSessionId: 1\\r\\nIntegrityLevel: Medium\\r\\nHashes: SHA256=BCFF816616B9E2DF104E601AE9B0AC116003A66E27E937BC09F79F29AFE342D0\\r\\nParentProcessGuid: {00000000-0000-0000-0000-000000000000}\\r\\nParentProcessId: 112700\\r\\nParentImage: C:\\\\Users\\\\analyst's\\\\AppData\\\\Local\\\\local\\\\tools\\\\python-3.14.7+20260901-win32-x64\\\\python.exe\\r\\nParentCommandLine: \\\"C:\\\\Users\\\\analyst's\\\\AppData\\\\Local\\\\local\\\\tools\\\\python-3.14.7+20260901-win32-x64\\\\python.exe\\\"  -I -c \\\"import base64; exec(base64.b64decode('aW1wb3J0IG9zLCByZSwgc3lzCmltcG9ydCBjb250ZXh0bGliLCBoYXNobGliLCBpbywgcGF0aGxpYiwgc2h1dGlsLCBzdWJwcm9jZXNzCm9zLmVudmlyb24ucG9wKCdQWVRIT05IT01FJywgTm9uZSkKb3MuZW52aXJvbi5wb3AoJ1BZVEhPTlBBVEgnLCBOb25lKQpzeXMucGF0aC5pbnNlcnQoMCwgIkM6XFxVc2Vyc1xcS2hhbidzXFxBcHBEYXRhXFxMb2NhbFxcaGVybWVzXFxoZXJtZXMtYWdlbnQiKQpkZWYgX2hlcm1lc19jbG9zdXJlX3JlcGFpcigpOgogICAgaW1wb3J0IGNvbnRleHRsaWIsIGhhc2hsaWIsIGlvLCBzaHV0aWwsIHN1YnByb2Nlc3MKICAg\", \"Provider\": \"Microsoft-Windows-Sysmon\", \"RecordId\": 445555, \"TimeCreated\": \"2026-10-07T04:57:22.1896104+05:30\", \"User\": {\"AccountDomainSid\": null, \"BinaryLength\": 12, \"Value\": \"S-1-5-0-0-0\"}}",
     "fields": {
      "RuleName": "-",
      "UtcTime": "2026-10-06 23:27:22.187",
      "Image": "C:\\Windows\\System32\\nvidia-smi.exe",
      "FileVersion": "198.51.100.2538",
      "Description": "NVIDIA-SMI 610.88",
      "Product": "NVIDIA-SMI 610.88",
      "Company": "NVIDIA Corporation",
      "OriginalFileName": "-",
      "CommandLine": "C:\\windows\\system32\\nvidia-smi.EXE --query-gpu=memory.total,memory.free,name,pci.device_id,memory.used,utilization.gpu --format=csv,noheader,nounits",
      "CurrentDirectory": "C:\\Users\\analyst's\\",
      "User": "WORKSTATION\\analyst's",
      "LogonId": "0x0",
      "TerminalSessionId": "1",
      "IntegrityLevel": "Medium",
      "ParentImage": "C:\\Users\\analyst's\\AppData\\Local\\local\\tools\\python-3.14.7+20260901-win32-x64\\python.exe",
      "ParentCommandLine": "\"C:\\Users\\analyst's\\AppData\\Local\\local\\tools\\python-3.14.7+20260901-win32-x64\\python.exe\"  -I -c \"import base64; exec(base64.b64decode('aW1wb3J0IG9zLCByZSwgc3lzCmltcG9ydCBjb250ZXh0bGliLCBoYXNobGliLCBpbywgcGF0aGxpYiwgc2h1dGlsLCBzdWJwcm9jZXNzCm9zLmVudmlyb24ucG9wKCdQWVRIT05IT01FJywgTm9uZSkKb3MuZW52aXJvbi5wb3AoJ1BZVEhPTlBBVEgnLCBOb25lKQpzeXMucGF0aC5pbnNlcnQoMCwgIkM6XFxVc2Vyc1xcS2hhbidzXFxBcHBEYXRhXFxMb2NhbFxcaGVybWVzXFxoZXJtZXMtYWdlbnQiKQpkZWYgX2hlcm1lc19jbG9zdXJlX3JlcGFpcigpOgogICAgaW1wb3J0IGNvbnRleHRsaWIsIGhhc2hsaWIsIGlvLCBzaHV0aWwsIHN1YnByb2Nlc3MKICAgIGZyb20gcGF0aGxpYiBpbXBvcnQgUGF0aAogICAgcm9vdCA9IFBhdGgoIkM6XFxVc2Vyc1xcS2hhbidzXFxBcHBEYXRhXFxMb2NhbFxcaGVybWVzXFxoZXJtZXMtYWdlbnQiKQogICAgZ2l0ID0gcm9vdCAvICcuZ2l0JwogICAgdHJ5OgogICAgICAgIGlmIGdpdC5pc19maWxlKCk6CiAgICAgICAgICAgIHRleHQgPSBnaXQucmVhZF90ZXh0KGVuY29kaW5nPSd1dGYtOC1zaWcnKS5zdHJpcCgpCiAgICAgICAgICAgIGdpdCA9IHJvb3QgLyB0ZXh0Wzc6XS5zdHJpcCgpIGlmIHRleHQuc3RhcnRzd2l0aCgnZ2l0ZGlyOicpIGVsc2UgZ2l0CiAgICAgICAgZmllbGRzID0gZGljdChsaW5lLnBhcnRpdGlvbignPScpWzo6Ml0gZm9yIGxpbmUgaW4gKGdpdCAvICdoZXJtZXMtdXBkYXRlLXB1bGwnKS5yZWFkX3RleHQoZW5jb2Rpbmc9J3V0Zi04LXNpZycpLnNwbGl0bGluZXMoKSkKICAgIGV4Y2VwdCBPU0Vycm9yOgogICAgICAgIHJldHVybgogICAgcHJlID0gZmllbGRzLmdldCgncHJlJywgJycpLnN0cmlwKCkKICAgIGlmIG5vdCByZS5mdWxsbWF0Y2goJ1swLTlhLWZdezQwfXxbMC05YS1mXXs2NH0nLCBwcmUpOgogICAgICAgIHJldHVybgogICAgY2xvc3VyZSA9IGdpdCAvICdoZXJtZXMtdXBkYXRlLXJlY292ZXJ5JyAvIHByZQogICAgZmlsZXMgPSAoKignaGVybWVzX2NsaS9fZWFybHlfcmVjb3ZlcnkucHknLCAnaGVybWVzX2NsaS91cGRhdGVfbG9jay5weScsICdoZXJtZXNfY2xpL3VwZGF0ZV9jdXN0b2R5LnB5JyksICdoZXJtZXNfY2xpL19faW5pdF9fLnB5JykKCiAgICBkZWYgYmxvYl9pZChkYXRhKToKICAgICAgICByZXR1cm4gaGFzaGxpYi5uZXcoJ3NoYTEnIGlmIGxlbihwcmUpID09IDQwIGVsc2UgJ3NoYTI1NicsIGInYmxvYiAlZFwwJyAlIGxlbihkYXRhKSArIGRhdGEpLmhleGRpZ2VzdCgpCgogICAgZGVmIHZlcmlmaWVkKCk6CiAgICAgICAgdHJ5OgogICAgICAgICAgICBsaXN0ZWQgPSBkaWN0KGxpbmUuc3BsaXQoJyAnLCAxKVs6Oi0xXSBmb3IgbGluZSBpbiAoY2xvc3VyZSAvICdNQU5JRkVTVCcpLnJlYWRfdGV4dChlbmNvZGluZz0ndXRmLTgtc2lnJykuc3BsaXRsaW5lcygpKQogICAgICAgICAgICByZXR1cm4gKHNldChsaXN0ZWQpID09IHNldChmaWxlcykgYW5kIGxpc3RlZFsnaGVybWVzX2NsaS9fX2luaXRfXy5weSddID09IGJsb2JfaWQoYicnKQogICAgICAgICAgICAgICAgICAgIGFuZCBhbGwoYmxvYl9pZCgoY2xvc3VyZSAvIHJlbCkucmVhZF9ieXRlcygpKSA9PSBvaWQgZm9yIHJlbCwgb2lkIGluIGxpc3RlZC5pdGVtcygpKSkKICAgICAgICBleGNlcHQgKE9TRXJyb3IsIFZhbHVlRXJyb3IpOgogICAgICAgICAgICByZXR1cm4gRmFsc2UKCiAgICBpZiBub3QgdmVyaWZpZWQoKToKICAgICAgICBleGUgPSBmaWVsZHMuZ2V0KCdnaXQnLCAnJykuc3RyaXAoKQogICAgICAgIGlmIG5vdCAob3MucGF0aC5pc2FicyhleGUpIGFuZCBvcy5wYXRoLmlzZmlsZShleGUpKToKICAgICAgICAgICAgbmFtZXMgPSAoJ2dpdC5leGUnLCkgaWYgb3MubmFtZSA9PSAnbnQnIGVsc2UgKCdnaXQnLCkKICAgICAgICAgICAgZXhlID0gbmV4dCgob3MucGF0aC5qb2luKGQsIG4pIGZvciBkIGluIG9zLmVudmlyb24uZ2V0KCdQQVRIJywgJycpLnNwbGl0KG9zLnBhdGhzZXApIGlmIG9zLnBhdGguaXNhYnMoZCkKICAgICAgICAgICAgICAgICAgICAgICAgZm9yIG4gaW4gbmFtZXMgaWYgb3MucGF0aC5pc2ZpbGUob3MucGF0aC5qb2luKGQsIG4pKSksICcnKQogICAgICAgIGlmIG5vdCBleGU6CiAgICAgICAgICAgIHJldHVybgoKICAgICAgICBkZWYgZ2l0X291dCgqYXJncyk6CiAgICAgICAgICAgIGRvbmUgPSBzdWJwcm9jZXNzLnJ1bihbZXhlLCAnLS1uby1yZXBsYWNlLW9iamVjdHMnLCAnLUMnLCBzdHIocm9vdCksICphcmdzXSwgY2FwdHVyZV9vdXRwdXQ9VHJ1ZSwgdGltZW91dD02MCwKICAgICAgICAgICAgICAgICAgICAgICAgICAgICAgICAgIHN0ZGluPXN1YnByb2Nlc3MuREVWTlVMTCwgY3JlYXRpb25mbGFncz1nZXRhdHRyKHN1YnByb2Nlc3MsICdDUkVBVEVfTk9fV0lORE9XJywgMCkpCiAgICAgICAgICAgIGlmIGRvbmUucmV0dXJuY29kZSAhPSAwOgogICAgICAgICAgICAgICAgcmFpc2UgT1NFcnJvcihkb25lLnN0ZGVycikKICAgICAgICAgICAgcmV0dXJuIGRvbmUuc3Rkb3V0CgogICAgICAgIHN0YWdpbmcgPSBjbG9zdXJlLndpdGhfbmFtZSgnLiVzLiVkLmxhdW5jaCcgJSAocHJlLCBvcy5nZXRwaWQoKSkpCiAgICAgICAgdHJ5OgogICAgICAgICAgICBpZHMgPSB7fQogICAgICAgICAgICBmb3IgZW50cnkgaW4gZ2l0X291dCgnbHMtdHJlZScsICcteicsICctLWZ1bGwtdHJlZScsIHByZSwgJy0tJywgKignaGVybWVzX2NsaS9fZWFybHlfcmVjb3ZlcnkucHknLCAnaGVybWVzX2NsaS91cGRhdGVfbG9jay5weScsICdoZXJtZXNfY2xpL3VwZGF0ZV9jdXN0b2R5LnB5JykpLnNwbGl0KGInXDAnKToKICAgICAgICAgICAgICAgIG1ldGEsIF8sIHJlbCA9IGVudHJ5LmRlY29kZSgndXRmLTgnLCAncmVwbGFjZScpLnBhcnRpdGlvbignXHQnKQogICAgICAgICAgICAgICAgaWYgbWV0YS5zcGxpdCgpWzE6Ml0gPT0gWydibG9iJ106CiAgICAgICAgICAgICAgICAgICAgaWRzW3JlbF0gPSBtZXRhLnNwbGl0KClbMl0KICAgICAgICAgICAgYmxvYnMgPSB7J2hlcm1lc19jbGkvX19pbml0X18ucHknOiBiJyd9CiAgICAgICAgICAgIGZvciByZWwgaW4gKCdoZXJtZXNfY2xpL19lYXJseV9yZWNvdmVyeS5weScsICdoZXJtZXNfY2xpL3VwZGF0ZV9sb2NrLnB5JywgJ2hlcm1lc19jbGkvdXBkYXRlX2N1c3RvZHkucHknKToKICAgICAgICAgICAgICAgIGJsb2JzW3JlbF0gPSBnaXRfb3V0KCdjYXQtZmlsZScsICdibG9iJywgaWRzW3JlbF0pCiAgICAgICAgICAgICAgICBpZiBibG9iX2lkKGJsb2JzW3JlbF0pICE9IGlkc1tyZWxdOiAgIyBhbiBvYmplY3QgdGhhdCBpbmZsYXRlcyB0byBieXRlcyBwcmUgbmV2ZXIgaGFkCiAgICAgICAgICAgICAgICAgICAgcmFpc2UgT1NFcnJvcignJXMgZG9lcyBub3QgaGFzaCB0byAlcycgJSAocmVsLCBpZHNbcmVsXSkpCiAgICAgICAgICAgIGJsb2JzWydNQU5JRkVTVCddID0gJycuam9pbignJXMgJXNcbicgJSAoYmxvYl9pZChkYXRhKSwgcmVsKSBmb3IgcmVsLCBkYXRhIGluIGJsb2JzLml0ZW1zKCkpLmVuY29kZSgndXRmLTgnKQogICAgICAgICAgICBmb3IgcmVsLCBkYXRhIGluIGJsb2JzLml0ZW1zKCk6CiAgICAgICAgICAgICAgICAoc3RhZ2luZyAvIHJlbCkucGFyZW50Lm1rZGlyKHBhcmVudHM9VHJ1ZSwgZXhpc3Rfb2s9VHJ1ZSkKICAgICAgICAgICAgICAgIChzdGFnaW5nIC8gcmVsKS53cml0ZV9ieXRlcyhkYXRhKQogICAgICAgICAgICBzaHV0aWwucm10cmVlKGNsb3N1cmUsIGlnbm9yZV9lcnJvcnM9VHJ1ZSkKICAgICAgICAgICAgb3MucmVwbGFjZShzdGFnaW5nLCBjbG9zdXJlKQogICAgICAgIGV4Y2VwdCAoT1NFcnJvciwgS2V5RXJyb3IsIHN1YnByb2Nlc3MuU3VicHJvY2Vzc0Vycm9yKToKICAgICAgICAgICAgcGFzcwogICAgICAgIGZpbmFsbHk6CiAgICAgICAgICAgIHNodXRpbC5ybXRyZWUoc3RhZ2luZywgaWdub3JlX2Vycm9ycz1UcnVlKQogICAgICAgIGlmIG5vdCB2ZXJpZmllZCgpOgogICAgICAgICAgICByZXR1cm4KICAgIGZvciBuYW1lIGluIFtuIGZvciBuIGluIHN5cy5tb2R1bGVzIGlmIG4uc3BsaXQoJy4nKVswXSBpbiAoJ2hlcm1lc19jbGknLCAnaGVybWVzX2Jvb3RzdHJhcCcsICdoZXJtZXNfY29uc3RhbnRzJywgJ3BtJyldOgogICAgICAgIGRlbCBzeXMubW9kdWxlc1tuYW1lXQogICAgdHJlZSA9IG9zLnBhdGgubm9ybWNhc2Uob3MucGF0aC5yZWFscGF0aChyb290KSkKICAgIHN5cy5wYXRoWzpdID0gW3N0cihjbG9zdXJlKV0gKyBbcCBmb3IgcCBpbiBzeXMucGF0aCBpZiBwIGFuZCBvcy5wYXRoLm5vcm1jYXNlKG9zLnBhdGgucmVhbHBhdGgocCkpICE9IHRyZWUKICAgICAgICAgICAgICAgICAgICAgICAgICAgICAgICAgICAgYW5kIG5vdCBvcy5wYXRoLm5vcm1jYXNlKG9zLnBhdGgucmVhbHBhdGgocCkpLnN0YXJ0c3dpdGgodHJlZSArIG9zLnNlcCldCiAgICBzeXMuZG9udF93cml0ZV9ieXRlY29kZSA9IFRydWUKICAgIHNhaWQgPSBpby5TdHJpbmdJTygpCiAgICByZXN0b3JlZCA9IEZhbHNlCiAgICB0cnk6CiAgICAgICAgd2l0aCBjb250ZXh0bGliLnJlZGlyZWN0X3N0ZGVycihzYWlkKToKICAgICAgICAgICAgZnJvbSBoZXJtZXNfY2xpIGltcG9ydCBfZWFybHlfcmVjb3ZlcnkKICAgICAgICAgICAgcmVzdG9yZWQgPSBfZWFybHlfcmVjb3ZlcnkucmVzdG9yZV9pbnRlcnJ1cHRlZF9wdWxsKHJvb3QpCiAgICBleGNlcHQgRXhjZXB0aW9uIGFzIGV4YzoKICAgICAgICBzYWlkLndyaXRlKCdoZXJtZXM6IHRoZSBjaGVja291dCBjYW5ub3Qgc3RhcnQgYWZ0ZXIgYW4gaW50ZXJydXB0ZWQgYGhlcm1lcyB1cGRhdGVgLCBhbmQgaXQgd2FzIG5vdCAnCiAgICAgICAgICAgICAgICAgICAncmVwYWlyZWQ6ICVzXG4nICUgKGV4YywpKQogICAgaWYgcmVzdG9yZWQ6CiAgICAgICAgc3lzLnN0ZGVyci53cml0ZSgnaGVybWVzOiB0aGUgY2hlY2tvdXQgY291bGQgbm90IHN0YXJ0IGFmdGVyIGFuIGludGVycnVwdGVkIGBoZXJtZXMgdXBkYXRlYDsgJwogICAgICAgICAgICAgICAgICAgICAgICAgJ3JlcGFpcmVkIGl0IHdpdGggdGhlIHJlY292ZXJ5IGNvZGUgc2F2ZWQgYmVmb3JlIHRoZSB1cGRhdGUuXG4nICsgc2FpZC5nZXR2YWx1ZSgpKQogICAgICAgIF9lYXJseV9yZWNvdmVyeS5yZWxhdW5jaF9hZnRlcl9yZXN0b3JlKCkKICAgIHN5cy5zdGRlcnIud3JpdGUoc2FpZC5nZXR2YWx1ZSgpIG9yICdoZXJtZXM6IHRoZSBjaGVja291dCBjYW5ub3Qgc3RhcnQgYWZ0ZXIgYW4gaW50ZXJydXB0ZWQgYGhlcm1lcyB1cGRhdGVgOyAnCiAgICAgICAgICAgICAgICAgICAgICdsYXVuY2ggYWdhaW4gb25jZSB0aGUgdXBkYXRlIHRoYXQgb3ducyBpdCBmaW5pc2hlcy5cbicpCiAgICByYWlzZSBTeXN0ZW1FeGl0KDEpCmlmIHN5cy5hcmd2WzE6Ml0gPT0gWyctLXByaW50LXJ1bnRpbWUtY29tbWFuZCddOgogICAgc3lzLmRvbnRfd3JpdGVfYnl0ZWNvZGUgPSBUcnVlCiAgICBmcm9tIHBhdGhsaWIgaW1wb3J0IFBhdGgKICAgIHRyeToKICAgICAgICBmcm9tIGhlcm1lc19jbGkgaW1wb3J0IF9lYXJseV9yZWNvdmVyeQogICAgZXhjZXB0IEV4Y2VwdGlvbiBhcyBleGM6CiAgICAgICAgaWYgX2hlcm1lc19jbG9zdXJlX3JlcGFpcigpIG9yIG5vdCBpc2luc3RhbmNlKGV4YywgSW1wb3J0RXJyb3IpOgogICAgICAgICAgICByYWlzZQogICAgICAgIF9lYXJseV9yZWNvdmVyeSA9IE5vbmUgICMgYSB0cmVlIHdpdGhvdXQgdGhlIHJlcGFpcjogdGhlIGltcG9ydHMgYmVsb3cgcmVwb3J0IHJlYWwgZGFtYWdlCiAgICBpZiBfZWFybHlfcmVjb3ZlcnkgaXMgbm90IE5vbmUgYW5kIF9lYXJseV9yZWNvdmVyeS5yZXN0b3JlX2ludGVycnVwdGVkX3B1bGwoUGF0aCgiQzpcXFVzZXJzXFxLaGFuJ3NcXEFwcERhdGFcXExvY2FsXFxoZXJtZXNcXGhlcm1lcy1hZ2VudCIpKToKICAgICAgICBfZWFybHlfcmVjb3ZlcnkucmVsYXVuY2hfYWZ0ZXJfcmVzdG9yZSgpCiAgICBmcm9tIGhlcm1lc19jb25zdGFudHMgaW1wb3J0IGdldF9kZWZhdWx0X2hlcm1lc19yb290CiAgICBvcy5lbnZpcm9uWydIRVJNRVNfSE9NRSddID0gb3MuZW52aXJvbi5nZXQoJ0hFUk1FU19IT01FJykgb3Igc3RyKGdldF9kZWZhdWx0X2hlcm1lc19yb290KCkpCiAgICBmcm9tIGhlcm1lc19jbGkuX2xhdW5jaGVycyBpbXBvcnQgcHJpbnRfcnVudGltZV9jb21tYW5kCiAgICBwcmludF9ydW50aW1lX2NvbW1hbmQoUGF0aCgiQzpcXFVzZXJzXFxLaGFuJ3NcXEFwcERhdGFcXExvY2FsXFxoZXJtZXNcXGhlcm1lcy1hZ2VudCIpLCBzeXMuYXJndlsyOl0pCiAgICBzeXMuZXhpdCgwKQpzeXMuX2hlcm1lc19waW5fZGVmYXVsdF9ob21lID0gVHJ1ZQp0cnk6CiAgICBpbXBvcnQgaGVybWVzX2Jvb3RzdHJhcApleGNlcHQgRXhjZXB0aW9uOgogICAgX2hlcm1lc19jbG9zdXJlX3JlcGFpcigpCiAgICByYWlzZQppZiBub3Qgb3MuZW52aXJvbi5nZXQoJ0hFUk1FU19IT01FJyk6CiAgICBmcm9tIGhlcm1lc19jb25zdGFudHMgaW1wb3J0IGdldF9kZWZhdWx0X2hlcm1lc19yb290CiAgICBvcy5lbnZpcm9uWydIRVJNRVNfSE9NRSddID0gc3RyKGdldF9kZWZhdWx0X2hlcm1lc19yb290KCkpCmlmIHN5cy5hcmd2WzE6Ml0gPT0gWyctLXJ1bi1tb2R1bGUnXToKICAgIGltcG9ydCBydW5weQogICAgaWYgbGVuKHN5cy5hcmd2KSA8IDM6IHN5cy5leGl0KCdoZXJtZXM6IC0tcnVuLW1vZHVsZSBuZWVkcyBhIG1vZHVsZScpCiAgICBtb2R1bGUgPSBzeXMuYXJndi5wb3AoMikKICAgIGRlbCBzeXMuYXJndlsxXQogICAgcnVucHkucnVuX21vZHVsZShtb2R1bGUsIHJ1bl9uYW1lPSdfX21haW5fXycsIGFsdGVyX3N5cz1UcnVlKQogICAgc3lzLmV4aXQoMCkKZnJvbSBoZXJtZXNfY2xpLm1haW4gaW1wb3J0IG1haW4Kc3lzLmFyZ3ZbMF0gPSByZS5zdWIocicoLXNjcmlwdFwucHl3fFwuZXhlKT8kJywgJycsIHN5cy5hcmd2WzBdKQpzeXMuZXhpdChtYWluKCkpCg=='))\" serve --host 198.51.100.19 --port 0",
      "ParentUser": "WORKSTATION\\analyst's"
     },
     "captured_channel": "Microsoft-Windows-Sysmon/Operational"
    },
    {
     "timestamp": "2026-10-07T04:57:22.1999925+05:30",
     "channel": "Microsoft-Windows-Sysmon/Operational",
     "provider": "Microsoft-Windows-Sysmon",
     "event_id": "1",
     "level": "Information",
     "severity": "Low",
     "username": "WORKSTATION\\analyst's",
     "host": "localhost",
     "source_ip": "local",
     "message": "Process Create:\r\nRuleName: -\r\nUtcTime: 2026-10-06 23:27:22.195\r\nProcessGuid: {00000000-0000-0000-0000-000000000000}\r\nProcessId: 83832\r\nImage: C:\\Windows\\System32\\conhost.exe\r\nFileVersion: 10.0.26100.9444 (WinBuild.160101.0800)\r\nDescription: Console Window Host\r\nProduct: Microsoftr Windowsr Operating",
     "record_id": 445556,
     "source": "windows-event-log",
     "is_alert": false,
     "rule_name": "",
     "external_id": "Microsoft-Windows-Sysmon/Operational:445556",
     "raw_log": "{\"Channel\": \"Microsoft-Windows-Sysmon/Operational\", \"EventData\": {\"CommandLine\": \"\\\\??\\\\C:\\\\windows\\\\system32\\\\conhost.exe 0x0 -ForceV1\", \"Company\": \"Microsoft Corporation\", \"CurrentDirectory\": \"C:\\\\windows\", \"Description\": \"Console Window Host\", \"FileVersion\": \"10.0.26100.9444 (WinBuild.160101.0800)\", \"Hashes\": \"SHA256=E449BCE01F275CD08F3D4E64BB73B3B43AE845A0DBDB3E6131426E66537705E5\", \"Image\": \"C:\\\\Windows\\\\System32\\\\conhost.exe\", \"IntegrityLevel\": \"Medium\", \"LogonGuid\": \"{00000000-0000-0000-0000-000000000000}\", \"LogonId\": \"0x0\", \"OriginalFileName\": \"CONHOST.EXE\", \"ParentCommandLine\": \"C:\\\\windows\\\\system32\\\\nvidia-smi.EXE --query-gpu=memory.total,memory.free,name,pci.device_id,memory.used,utilization.gpu --format=csv,noheader,nounits\", \"ParentImage\": \"C:\\\\Windows\\\\System32\\\\nvidia-smi.exe\", \"ParentProcessGuid\": \"{00000000-0000-0000-0000-000000000000}\", \"ParentProcessId\": \"121692\", \"ParentUser\": \"WORKSTATION\\\\analyst's\", \"ProcessGuid\": \"{00000000-0000-0000-0000-000000000000}\", \"ProcessId\": \"83832\", \"Product\": \"Microsoftr Windowsr Operating System\", \"RuleName\": \"-\", \"TerminalSessionId\": \"1\", \"User\": \"WORKSTATION\\\\analyst's\", \"UtcTime\": \"2026-10-06 23:27:22.195\"}, \"Id\": 1, \"Level\": \"Information\", \"Message\": \"Process Create:\\r\\nRuleName: -\\r\\nUtcTime: 2026-10-06 23:27:22.195\\r\\nProcessGuid: {00000000-0000-0000-0000-000000000000}\\r\\nProcessId: 83832\\r\\nImage: C:\\\\Windows\\\\System32\\\\conhost.exe\\r\\nFileVersion: 10.0.26100.9444 (WinBuild.160101.0800)\\r\\nDescription: Console Window Host\\r\\nProduct: Microsoftr Windowsr Operating System\\r\\nCompany: Microsoft Corporation\\r\\nOriginalFileName: CONHOST.EXE\\r\\nCommandLine: \\\\??\\\\C:\\\\windows\\\\system32\\\\conhost.exe 0x0 -ForceV1\\r\\nCurrentDirectory: C:\\\\windows\\r\\nUser: WORKSTATION\\\\analyst's\\r\\nLogonGuid: {00000000-0000-0000-0000-000000000000}\\r\\nLogonId: 0x0\\r\\nTerminalSessionId: 1\\r\\nIntegrityLevel: Medium\\r\\nHashes: SHA256=E449BCE01F275CD08F3D4E64BB73B3B43AE845A0DBDB3E6131426E66537705E5\\r\\nParentProcessGuid: {00000000-0000-0000-0000-000000000000}\\r\\nParentProcessId: 121692\\r\\nParentImage: C:\\\\Windows\\\\System32\\\\nvidia-smi.exe\\r\\nParentCommandLine: C:\\\\windows\\\\system32\\\\nvidia-smi.EXE --query-gpu=memory.total,memory.free,name,pci.device_id,memory.used,utilization.gpu --format=csv,noheader,nounits\\r\\nParentUser: WORKSTATION\\\\analyst's\", \"Provider\": \"Microsoft-Windows-Sysmon\", \"RecordId\": 445556, \"TimeCreated\": \"2026-10-07T04:57:22.1999925+05:30\", \"User\": {\"AccountDomainSid\": null, \"BinaryLength\": 12, \"Value\": \"S-1-5-0-0-0\"}}",
     "fields": {
      "RuleName": "-",
      "UtcTime": "2026-10-06 23:27:22.195",
      "Image": "C:\\Windows\\System32\\conhost.exe",
      "FileVersion": "10.0.26100.9444 (WinBuild.160101.0800)",
      "Description": "Console Window Host",
      "Product": "Microsoftr Windowsr Operating System",
      "Company": "Microsoft Corporation",
      "OriginalFileName": "CONHOST.EXE",
      "CommandLine": "\\??\\C:\\windows\\system32\\conhost.exe 0x0 -ForceV1",
      "CurrentDirectory": "C:\\windows",
      "User": "WORKSTATION\\analyst's",
      "LogonId": "0x0",
      "TerminalSessionId": "1",
      "IntegrityLevel": "Medium",
      "ParentImage": "C:\\Windows\\System32\\nvidia-smi.exe",
      "ParentCommandLine": "C:\\windows\\system32\\nvidia-smi.EXE --query-gpu=memory.total,memory.free,name,pci.device_id,memory.used,utilization.gpu --format=csv,noheader,nounits",
      "ParentUser": "WORKSTATION\\analyst's"
     },
     "captured_channel": "Microsoft-Windows-Sysmon/Operational"
    },
