     "source": "windows-event-log",
     "is_alert": false,
     "rule_name": "",
     "external_id": "Microsoft-Windows-Sysmon/Operational:456336",
     "raw_log": "{\"Channel\": \"Microsoft-Windows-Sysmon/Operational\", \"EventData\": {\"CallTrace\": \"C:\\\\windows\\\\SYSTEM32\\\\ntdll.dll+161284|C:\\\\windows\\\\SYSTEM32\\\\KERNELBASE.dll+23b56|C:\\\\ProgramData\\\\Microsoft\\\\Windows Defender\\\\Definition Updates\\\\{00000000-0000-0000-0000-000000000000}\\\\mpengine.dll+fd96b|C:\\\\ProgramData\\\\Microsoft\\\\Windows Defender\\\\Definition Updates\\\\{00000000-0000-0000-0000-000000000000}\\\\mpengine.dll+42470a|C:\\\\ProgramData\\\\Microsoft\\\\Windows Defender\\\\Definition Updates\\\\{00000000-0000-0000-0000-000000000000}\\\\mpengine.dll+677b31|C:\\\\ProgramData\\\\Microsoft\\\\Windows Defender\\\\Definition Updates\\\\{00000000-0000-0000-0000-000000000000}\\\\mpengine.dll+67864b|C:\\\\ProgramData\\\\Microsoft\\\\Windows Defender\\\\Definition Updates\\\\{00000000-0000-0000-0000-000000000000}\\\\mpengine.dll+36d62d|C:\\\\ProgramData\\\\Microsoft\\\\Windows Defender\\\\Definition Updates\\\\{00000000-0000-0000-0000-000000000000}\\\\mpengine.dll+375101|C:\\\\ProgramData\\\\Microsoft\\\\Windows Defender\\\\Definition Updates\\\\{00000000-0000-0000-0000-000000000000}\\\\mpengine.dll+145faf|C:\\\\ProgramData\\\\Microsoft\\\\Windows Defender\\\\Definition Updates\\\\{00000000-0000-0000-0000-000000000000}\\\\mpengine.dll+1597f5|C:\\\\ProgramData\\\\Microsoft\\\\Windows Defender\\\\Definition Updates\\\\{00000000-0000-0000-0000-000000000000}\\\\mpengine.dll+3cf9d|C:\\\\ProgramData\\\\Microsoft\\\\Windows Defender\\\\Definition Updates\\\\{00000000-0000-0000-0000-000000000000}\\\\mpengine.dll+3bf55|C:\\\\ProgramData\\\\Microsoft\\\\Windows Defender\\\\Platform\\\\4.18.26080.4-0\\\\mpsvc.dll+2bcd8|C:\\\\ProgramData\\\\Microsoft\\\\Windows Defender\\\\Platform\\\\4.18.26080.4-0\\\\mpsvc.dll+1f0cf|C:\\\\ProgramData\\\\Microsoft\\\\Windows Defender\\\\Platform\\\\4.18.26080.4-0\\\\mpsvc.dll+1e4a5|C:\\\\ProgramData\\\\Microsoft\\\\Windows Defender\\\\Platform\\\\4.18.26080.4-0\\\\mpsvc.dll+f0aea|C:\\\\ProgramData\\\\Microsoft\\\\Windows Defender\\\\Platform\\\\4.18.26080.4-0\\\\mpsvc.dll+f0913|C:\\\\windows\\\\SYSTEM32\\\\RPCRT4.dll+d3573|C:\\\\windows\\\\SYSTEM32\\\\RPCRT4.dll+d570e|C:\\\\windows\\\\SYSTEM32\\\\RPCRT4.dll+8a1ec|C:\\\\windows\\\\SYSTEM32\\\\RPCRT4.dll+87b27|C:\\\\windows\\\\SYSTEM32\\\\RPCRT4.dll+50f44|C:\\\\windows\\\\SYSTEM32\\\\RPCRT4.dll+51f58|C:\\\\windows\\\\SYSTEM32\\\\RPCRT4.dll+3f0e4\", \"GrantedAccess\": \"0x1000\", \"RuleName\": \"-\", \"SourceImage\": \"C:\\\\ProgramData\\\\Microsoft\\\\Windows Defender\\\\Platform\\\\4.18.26080.4-0\\\\MsMpEng.exe\", \"SourceProcessGUID\": \"{00000000-0000-0000-0000-000000000000}\", \"SourceProcessId\": \"3996\", \"SourceThreadId\": \"32676\", \"SourceUser\": \"NT AUTHORITY\\\\SYSTEM\", \"TargetImage\": \"C:\\\\windows\\\\system32\\\\lsass.exe\", \"TargetProcessGUID\": \"{00000000-0000-0000-0000-000000000000}\", \"TargetProcessId\": \"1700\", \"TargetUser\": \"NT AUTHORITY\\\\SYSTEM\", \"UtcTime\": \"2026-10-07 01:37:54.519\"}, \"Id\": 10, \"Level\": \"Information\", \"Message\": \"Process accessed:\\r\\nRuleName: -\\r\\nUtcTime: 2026-10-07 01:37:54.519\\r\\nSourceProcessGUID: {00000000-0000-0000-0000-000000000000}\\r\\nSourceProcessId: 3996\\r\\nSourceThreadId: 32676\\r\\nSourceImage: C:\\\\ProgramData\\\\Microsoft\\\\Windows Defender\\\\Platform\\\\4.18.26080.4-0\\\\MsMpEng.exe\\r\\nTargetProcessGUID: {00000000-0000-0000-0000-000000000000}\\r\\nTargetProcessId: 1700\\r\\nTargetImage: C:\\\\windows\\\\system32\\\\lsass.exe\\r\\nGrantedAccess: 0x1000\\r\\nCallTrace: C:\\\\windows\\\\SYSTEM32\\\\ntdll.dll+161284|C:\\\\windows\\\\SYSTEM32\\\\KERNELBASE.dll+23b56|C:\\\\ProgramData\\\\Microsoft\\\\Windows Defender\\\\Definition Updates\\\\{00000000-0000-0000-0000-000000000000}\\\\mpengine.dll+fd96b|C:\\\\ProgramData\\\\Microsoft\\\\Windows Defender\\\\Definition Updates\\\\{00000000-0000-0000-0000-000000000000}\\\\mpengine.dll+42470a|C:\\\\ProgramData\\\\Microsoft\\\\Windows Defender\\\\Definition Updates\\\\{00000000-0000-0000-0000-000000000000}\\\\mpengine.dll+677b31|C:\\\\ProgramData\\\\Microsoft\\\\Windows Defender\\\\Definition Updates\\\\{00000000-0000-0000-0000-000000000000}\\\\mpengine.dll+67864b|C:\\\\ProgramData\\\\Microsoft\\\\Windows Defender\\\\Definition Updates\\\\{00000000-0000-0000-0000-000000000000}\\\\mpengine.dll+36d62d|C:\\\\ProgramData\\\\Microsoft\\\\Windows Defender\\\\Definition Updates\\\\{00000000-0000-0000-0000-000000000000}\\\\\", \"Provider\": \"Microsoft-Windows-Sysmon\", \"RecordId\": 456336, \"TimeCreated\": \"2026-10-07T07:07:54.5210455+05:30\", \"User\": {\"AccountDomainSid\": null, \"BinaryLength\": 12, \"Value\": \"S-1-5-0-0-0\"}}",
     "fields": {
      "RuleName": "-",
      "UtcTime": "2026-10-07 01:37:54.519",
      "SourceProcessGUID": "{00000000-0000-0000-0000-000000000000}",
      "SourceProcessId": "3996",
      "SourceThreadId": "32676",
      "SourceImage": "C:\\ProgramData\\Microsoft\\Windows Defender\\Platform\\4.18.26080.4-0\\MsMpEng.exe",
      "TargetProcessGUID": "{00000000-0000-0000-0000-000000000000}",
      "TargetProcessId": "1700",
      "TargetImage": "C:\\windows\\system32\\lsass.exe",
      "GrantedAccess": "0x1000",
      "CallTrace": "C:\\windows\\SYSTEM32\\ntdll.dll+161284|C:\\windows\\SYSTEM32\\KERNELBASE.dll+23b56|C:\\ProgramData\\Microsoft\\Windows Defender\\Definition Updates\\{00000000-0000-0000-0000-000000000000}\\mpengine.dll+fd96b|C:\\ProgramData\\Microsoft\\Windows Defender\\Definition Updates\\{00000000-0000-0000-0000-000000000000}\\mpengine.dll+42470a|C:\\ProgramData\\Microsoft\\Windows Defender\\Definition Updates\\{00000000-0000-0000-0000-000000000000}\\mpengine.dll+677b31|C:\\ProgramData\\Microsoft\\Windows Defender\\Definition Updates\\{00000000-0000-0000-0000-000000000000}\\mpengine.dll+67864b|C:\\ProgramData\\Microsoft\\Windows Defender\\Definition Updates\\{00000000-0000-0000-0000-000000000000}\\mpengine.dll+36d62d|C:\\ProgramData\\Microsoft\\Windows Defender\\Definition Updates\\{00000000-0000-0000-0000-000000000000}\\mpengine.dll+375101|C:\\ProgramData\\Microsoft\\Windows Defender\\Definition Updates\\{00000000-0000-0000-0000-000000000000}\\mpengine.dll+145faf|C:\\ProgramData\\Microsoft\\Windows Defender\\Definition Updates\\{00000000-0000-0000-0000-000000000000}\\mpengine.dll+1597f5|C:\\ProgramData\\Microsoft\\Windows Defender\\Definition Updates\\{00000000-0000-0000-0000-000000000000}\\mpengine.dll+3cf9d|C:\\ProgramData\\Microsoft\\Windows Defender\\Definition Updates\\{00000000-0000-0000-0000-000000000000}\\mpengine.dll+3bf55|C:\\ProgramData\\Microsoft\\Windows Defender\\Platform\\4.18.26080.4-0\\mpsvc.dll+2bcd8|C:\\ProgramData\\Microsoft\\Windows Defender\\Platform\\4.18.26080.4-0\\mpsvc.dll+1f0cf|C:\\ProgramData\\Microsoft\\Windows Defender\\Platform\\4.18.26080.4-0\\mpsvc.dll+1e4a5|C:\\ProgramData\\Microsoft\\Windows Defender\\Platform\\4.18.26080.4-0\\mpsvc.dll+f0aea|C:\\ProgramData\\Microsoft\\Windows Defender\\Platform\\4.18.26080.4-0\\mpsvc.dll+f0913|C:\\windows\\SYSTEM32\\RPCRT4.dll+d3573|C:\\windows\\SYSTEM32\\RPCRT4.dll+d570e|C:\\windows\\SYSTEM32\\RPCRT4.dll+8a1ec|C:\\windows\\SYSTEM32\\RPCRT4.dll+87b27|C:\\windows\\SYSTEM32\\RPCRT4.dll+50f44|C:\\windows\\SYSTEM32\\RPCRT4.dll+51f58|C:\\windows\\SYSTEM32\\RPCRT4.dll+3f0e4",
      "SourceUser": "NT AUTHORITY\\SYSTEM",
      "TargetUser": "NT AUTHORITY\\SYSTEM"
     },
     "captured_channel": "Microsoft-Windows-Sysmon/Operational"
    },
    {
     "timestamp": "2026-10-07T07:07:54.5498497+05:30",
     "channel": "Microsoft-Windows-Sysmon/Operational",
     "provider": "Microsoft-Windows-Sysmon",
     "event_id": "10",
     "level": "Information",
     "severity": "High",
     "username": "{'BinaryLength': 12, 'AccountDomainSid': None, 'Value': 'S-1-5-0-0-0'}",
     "host": "localhost",
     "source_ip": "local",
     "message": "Process accessed:\r\nRuleName: -\r\nUtcTime: 2026-10-07 01:37:54.549\r\nSourceProcessGUID: {00000000-0000-0000-0000-000000000000}\r\nSourceProcessId: 3996\r\nSourceThreadId: 32676\r\nSourceImage: C:\\ProgramData\\Microsoft\\Windows Defender\\Platform\\4.18.26080.4-0\\MsMpEng.exe\r\nTargetProcessGUID: {00000000-0000-000",
     "record_id": 456337,
     "source": "windows-event-log",
     "is_alert": true,
     "rule_name": "Process read the memory of LSASS",
     "external_id": "Microsoft-Windows-Sysmon/Operational:456337",
     "raw_log": "{\"Channel\": \"Microsoft-Windows-Sysmon/Operational\", \"EventData\": {\"CallTrace\": \"C:\\\\windows\\\\SYSTEM32\\\\ntdll.dll+161284|C:\\\\windows\\\\SYSTEM32\\\\KERNELBASE.dll+23b56|C:\\\\ProgramData\\\\Microsoft\\\\Windows Defender\\\\Definition Updates\\\\{00000000-0000-0000-0000-000000000000}\\\\mpengine.dll+fd96b|C:\\\\ProgramData\\\\Microsoft\\\\Windows Defender\\\\Definition Updates\\\\{00000000-0000-0000-0000-000000000000}\\\\mpengine.dll+176acc|C:\\\\ProgramData\\\\Microsoft\\\\Windows Defender\\\\Definition Updates\\\\{00000000-0000-0000-0000-000000000000}\\\\mpengine.dll+fe153|C:\\\\ProgramData\\\\Microsoft\\\\Windows Defender\\\\Definition Updates\\\\{00000000-0000-0000-0000-000000000000}\\\\mpengine.dll+677b98|C:\\\\ProgramData\\\\Microsoft\\\\Windows Defender\\\\Definition Updates\\\\{00000000-0000-0000-0000-000000000000}\\\\mpengine.dll+67864b|C:\\\\ProgramData\\\\Microsoft\\\\Windows Defender\\\\Definition Updates\\\\{00000000-0000-0000-0000-000000000000}\\\\mpengine.dll+36d62d|C:\\\\ProgramData\\\\Microsoft\\\\Windows Defender\\\\Definition Updates\\\\{00000000-0000-0000-0000-000000000000}\\\\mpengine.dll+375101|C:\\\\ProgramData\\\\Microsoft\\\\Windows Defender\\\\Definition Updates\\\\{00000000-0000-0000-0000-000000000000}\\\\mpengine.dll+145faf|C:\\\\ProgramData\\\\Microsoft\\\\Windows Defender\\\\Definition Updates\\\\{00000000-0000-0000-0000-000000000000}\\\\mpengine.dll+1597f5|C:\\\\ProgramData\\\\Microsoft\\\\Windows Defender\\\\Definition Updates\\\\{00000000-0000-0000-0000-000000000000}\\\\mpengine.dll+3cf9d|C:\\\\ProgramData\\\\Microsoft\\\\Windows Defender\\\\Definition Updates\\\\{00000000-0000-0000-0000-000000000000}\\\\mpengine.dll+3bf55|C:\\\\ProgramData\\\\Microsoft\\\\Windows Defender\\\\Platform\\\\4.18.26080.4-0\\\\mpsvc.dll+2bcd8|C:\\\\ProgramData\\\\Microsoft\\\\Windows Defender\\\\Platform\\\\4.18.26080.4-0\\\\mpsvc.dll+1f0cf|C:\\\\ProgramData\\\\Microsoft\\\\Windows Defender\\\\Platform\\\\4.18.26080.4-0\\\\mpsvc.dll+1e4a5|C:\\\\ProgramData\\\\Microsoft\\\\Windows Defender\\\\Platform\\\\4.18.26080.4-0\\\\mpsvc.dll+f0aea|C:\\\\ProgramData\\\\Microsoft\\\\Windows Defender\\\\Platform\\\\4.18.26080.4-0\\\\mpsvc.dll+f0913|C:\\\\windows\\\\SYSTEM32\\\\RPCRT4.dll+d3573|C:\\\\windows\\\\SYSTEM32\\\\RPCRT4.dll+d570e|C:\\\\windows\\\\SYSTEM32\\\\RPCRT4.dll+8a1ec|C:\\\\windows\\\\SYSTEM32\\\\RPCRT4.dll+87b27|C:\\\\windows\\\\SYSTEM32\\\\RPCRT4.dll+50f44|C:\\\\windows\\\\SYSTEM32\\\\RPCRT4.dll+51f58\", \"GrantedAccess\": \"0x0\", \"RuleName\": \"-\", \"SourceImage\": \"C:\\\\ProgramData\\\\Microsoft\\\\Windows Defender\\\\Platform\\\\4.18.26080.4-0\\\\MsMpEng.exe\", \"SourceProcessGUID\": \"{00000000-0000-0000-0000-000000000000}\", \"SourceProcessId\": \"3996\", \"SourceThreadId\": \"32676\", \"SourceUser\": \"NT AUTHORITY\\\\SYSTEM\", \"TargetImage\": \"C:\\\\windows\\\\system32\\\\lsass.exe\", \"TargetProcessGUID\": \"{00000000-0000-0000-0000-000000000000}\", \"TargetProcessId\": \"1700\", \"TargetUser\": \"NT AUTHORITY\\\\SYSTEM\", \"UtcTime\": \"2026-10-07 01:37:54.549\"}, \"Id\": 10, \"Level\": \"Information\", \"Message\": \"Process accessed:\\r\\nRuleName: -\\r\\nUtcTime: 2026-10-07 01:37:54.549\\r\\nSourceProcessGUID: {00000000-0000-0000-0000-000000000000}\\r\\nSourceProcessId: 3996\\r\\nSourceThreadId: 32676\\r\\nSourceImage: C:\\\\ProgramData\\\\Microsoft\\\\Windows Defender\\\\Platform\\\\4.18.26080.4-0\\\\MsMpEng.exe\\r\\nTargetProcessGUID: {00000000-0000-0000-0000-000000000000}\\r\\nTargetProcessId: 1700\\r\\nTargetImage: C:\\\\windows\\\\system32\\\\lsass.exe\\r\\nGrantedAccess: 0x0\\r\\nCallTrace: C:\\\\windows\\\\SYSTEM32\\\\ntdll.dll+161284|C:\\\\windows\\\\SYSTEM32\\\\KERNELBASE.dll+23b56|C:\\\\ProgramData\\\\Microsoft\\\\Windows Defender\\\\Definition Updates\\\\{00000000-0000-0000-0000-000000000000}\\\\mpengine.dll+fd96b|C:\\\\ProgramData\\\\Microsoft\\\\Windows Defender\\\\Definition Updates\\\\{00000000-0000-0000-0000-000000000000}\\\\mpengine.dll+176acc|C:\\\\ProgramData\\\\Microsoft\\\\Windows Defender\\\\Definition Updates\\\\{00000000-0000-0000-0000-000000000000}\\\\mpengine.dll+fe153|C:\\\\ProgramData\\\\Microsoft\\\\Windows Defender\\\\Definition Updates\\\\{00000000-0000-0000-0000-000000000000}\\\\mpengine.dll+677b98|C:\\\\ProgramData\\\\Microsoft\\\\Windows Defender\\\\Definition Updates\\\\{00000000-0000-0000-0000-000000000000}\\\\mpengine.dll+67864b|C:\\\\ProgramData\\\\Microsoft\\\\Windows Defender\\\\Definition Updates\\\\{00000000-0000-0000-0000-000000000000}\", \"Provider\": \"Microsoft-Windows-Sysmon\", \"RecordId\": 456337, \"TimeCreated\": \"2026-10-07T07:07:54.5498497+05:30\", \"User\": {\"AccountDomainSid\": null, \"BinaryLength\": 12, \"Value\": \"S-1-5-0-0-0\"}}",
     "fields": {
      "RuleName": "-",
      "UtcTime": "2026-10-07 01:37:54.549",
      "SourceProcessGUID": "{00000000-0000-0000-0000-000000000000}",
      "SourceProcessId": "3996",
      "SourceThreadId": "32676",
      "SourceImage": "C:\\ProgramData\\Microsoft\\Windows Defender\\Platform\\4.18.26080.4-0\\MsMpEng.exe",
      "TargetProcessGUID": "{00000000-0000-0000-0000-000000000000}",
      "TargetProcessId": "1700",
      "TargetImage": "C:\\windows\\system32\\lsass.exe",
      "GrantedAccess": "0x0",
      "CallTrace": "C:\\windows\\SYSTEM32\\ntdll.dll+161284|C:\\windows\\SYSTEM32\\KERNELBASE.dll+23b56|C:\\ProgramData\\Microsoft\\Windows Defender\\Definition Updates\\{00000000-0000-0000-0000-000000000000}\\mpengine.dll+fd96b|C:\\ProgramData\\Microsoft\\Windows Defender\\Definition Updates\\{00000000-0000-0000-0000-000000000000}\\mpengine.dll+176acc|C:\\ProgramData\\Microsoft\\Windows Defender\\Definition Updates\\{00000000-0000-0000-0000-000000000000}\\mpengine.dll+fe153|C:\\ProgramData\\Microsoft\\Windows Defender\\Definition Updates\\{00000000-0000-0000-0000-000000000000}\\mpengine.dll+677b98|C:\\ProgramData\\Microsoft\\Windows Defender\\Definition Updates\\{00000000-0000-0000-0000-000000000000}\\mpengine.dll+67864b|C:\\ProgramData\\Microsoft\\Windows Defender\\Definition Updates\\{00000000-0000-0000-0000-000000000000}\\mpengine.dll+36d62d|C:\\ProgramData\\Microsoft\\Windows Defender\\Definition Updates\\{00000000-0000-0000-0000-000000000000}\\mpengine.dll+375101|C:\\ProgramData\\Microsoft\\Windows Defender\\Definition Updates\\{00000000-0000-0000-0000-000000000000}\\mpengine.dll+145faf|C:\\ProgramData\\Microsoft\\Windows Defender\\Definition Updates\\{00000000-0000-0000-0000-000000000000}\\mpengine.dll+1597f5|C:\\ProgramData\\Microsoft\\Windows Defender\\Definition Updates\\{00000000-0000-0000-0000-000000000000}\\mpengine.dll+3cf9d|C:\\ProgramData\\Microsoft\\Windows Defender\\Definition Updates\\{00000000-0000-0000-0000-000000000000}\\mpengine.dll+3bf55|C:\\ProgramData\\Microsoft\\Windows Defender\\Platform\\4.18.26080.4-0\\mpsvc.dll+2bcd8|C:\\ProgramData\\Microsoft\\Windows Defender\\Platform\\4.18.26080.4-0\\mpsvc.dll+1f0cf|C:\\ProgramData\\Microsoft\\Windows Defender\\Platform\\4.18.26080.4-0\\mpsvc.dll+1e4a5|C:\\ProgramData\\Microsoft\\Windows Defender\\Platform\\4.18.26080.4-0\\mpsvc.dll+f0aea|C:\\ProgramData\\Microsoft\\Windows Defender\\Platform\\4.18.26080.4-0\\mpsvc.dll+f0913|C:\\windows\\SYSTEM32\\RPCRT4.dll+d3573|C:\\windows\\SYSTEM32\\RPCRT4.dll+d570e|C:\\windows\\SYSTEM32\\RPCRT4.dll+8a1ec|C:\\windows\\SYSTEM32\\RPCRT4.dll+87b27|C:\\windows\\SYSTEM32\\RPCRT4.dll+50f44|C:\\windows\\SYSTEM32\\RPCRT4.dll+51f58",
      "SourceUser": "NT AUTHORITY\\SYSTEM",
      "TargetUser": "NT AUTHORITY\\SYSTEM"
     },
     "captured_channel": "Microsoft-Windows-Sysmon/Operational"
    },
    {
     "timestamp": "2026-10-07T07:07:54.8548088+05:30",
     "channel": "Microsoft-Windows-Sysmon/Operational",
     "provider": "Microsoft-Windows-Sysmon",
     "event_id": "1",
     "level": "Information",
     "severity": "Low",
     "username": "WORKSTATION\\analyst's",
     "host": "localhost",
     "source_ip": "local",
     "message": "Process Create:\r\nRuleName: -\r\nUtcTime: 2026-10-07 01:37:54.852\r\nProcessGuid: {00000000-0000-0000-0000-000000000000}\r\nProcessId: 28352\r\nImage: C:\\Windows\\System32\\cmd.exe\r\nFileVersion: 10.0.26100.9278 (WinBuild.160101.0800)\r\nDescription: Windows Command Processor\r\nProduct: Microsoftr Windowsr Operati",
     "record_id": 456338,
     "source": "windows-event-log",
     "is_alert": false,
     "rule_name": "",
     "external_id": "Microsoft-Windows-Sysmon/Operational:456338",
     "raw_log": "{\"Channel\": \"Microsoft-Windows-Sysmon/Operational\", \"EventData\": {\"CommandLine\": \"C:\\\\windows\\\\System32\\\\cmd.exe /C \\\"echo ordinary activity\\\"\", \"Company\": \"Microsoft Corporation\", \"CurrentDirectory\": \"C:\\\\windows\\\\\", \"Description\": \"Windows Command Processor\", \"FileVersion\": \"10.0.26100.9278 (WinBuild.160101.0800)\", \"Hashes\": \"SHA256=97AC98B1A92C286054CCE55239CFCCDFC23A5517BD07FE693072C9CA96C7DABB\", \"Image\": \"C:\\\\Windows\\\\System32\\\\cmd.exe\", \"IntegrityLevel\": \"Medium\", \"LogonGuid\": \"{00000000-0000-0000-0000-000000000000}\", \"LogonId\": \"0x0\", \"OriginalFileName\": \"Cmd.Exe\", \"ParentCommandLine\": \"C:\\\\Users\\\\analyst's\\\\Documents\\\\repo\\\\.venv\\\\Scripts\\\\python.exe C:\\\\ProgramData\\\\lab\\\\run_driver.py\", \"ParentImage\": \"C:\\\\Users\\\\analyst's\\\\AppData\\\\Local\\\\local\\\\tools\\\\python-3.14.7+20260901-win32-x64\\\\python.exe\", \"ParentProcessGuid\": \"{00000000-0000-0000-0000-000000000000}\", \"ParentProcessId\": \"59888\", \"ParentUser\": \"WORKSTATION\\\\analyst's\", \"ProcessGuid\": \"{00000000-0000-0000-0000-000000000000}\", \"ProcessId\": \"28352\", \"Product\": \"Microsoftr Windowsr Operating System\", \"RuleName\": \"-\", \"TerminalSessionId\": \"1\", \"User\": \"WORKSTATION\\\\analyst's\", \"UtcTime\": \"2026-10-07 01:37:54.852\"}, \"Id\": 1, \"Level\": \"Information\", \"Message\": \"Process Create:\\r\\nRuleName: -\\r\\nUtcTime: 2026-10-07 01:37:54.852\\r\\nProcessGuid: {00000000-0000-0000-0000-000000000000}\\r\\nProcessId: 28352\\r\\nImage: C:\\\\Windows\\\\System32\\\\cmd.exe\\r\\nFileVersion: 10.0.26100.9278 (WinBuild.160101.0800)\\r\\nDescription: Windows Command Processor\\r\\nProduct: Microsoftr Windowsr Operating System\\r\\nCompany: Microsoft Corporation\\r\\nOriginalFileName: Cmd.Exe\\r\\nCommandLine: C:\\\\windows\\\\System32\\\\cmd.exe /C \\\"echo ordinary activity\\\"\\r\\nCurrentDirectory: C:\\\\windows\\\\\\r\\nUser: WORKSTATION\\\\analyst's\\r\\nLogonGuid: {00000000-0000-0000-0000-000000000000}\\r\\nLogonId: 0x0\\r\\nTerminalSessionId: 1\\r\\nIntegrityLevel: Medium\\r\\nHashes: SHA256=97AC98B1A92C286054CCE55239CFCCDFC23A5517BD07FE693072C9CA96C7DABB\\r\\nParentProcessGuid: {00000000-0000-0000-0000-000000000000}\\r\\nParentProcessId: 59888\\r\\nParentImage: C:\\\\Users\\\\analyst's\\\\AppData\\\\Local\\\\local\\\\tools\\\\python-3.14.7+20260901-win32-x64\\\\python.exe\\r\\nParentCommandLine: C:\\\\Users\\\\analyst's\\\\Documents\\\\repo\\\\.venv\\\\Scripts\\\\python.exe C:\\\\ProgramData\\\\lab\\\\run_driver.py\\r\\nParentUser: WORKSTATION\\\\analyst's\", \"Provider\": \"Microsoft-Windows-Sysmon\", \"RecordId\": 456338, \"TimeCreated\": \"2026-10-07T07:07:54.8548088+05:30\", \"User\": {\"AccountDomainSid\": null, \"BinaryLength\": 12, \"Value\": \"S-1-5-0-0-0\"}}",
     "fields": {
      "RuleName": "-",
      "UtcTime": "2026-10-07 01:37:54.852",
      "Image": "C:\\Windows\\System32\\cmd.exe",
      "FileVersion": "10.0.26100.9278 (WinBuild.160101.0800)",
      "Description": "Windows Command Processor",
      "Product": "Microsoftr Windowsr Operating System",
      "Company": "Microsoft Corporation",
      "OriginalFileName": "Cmd.Exe",
      "CommandLine": "C:\\windows\\System32\\cmd.exe /C \"echo ordinary activity\"",
      "CurrentDirectory": "C:\\windows\\",
      "User": "WORKSTATION\\analyst's",
      "LogonId": "0x0",
      "TerminalSessionId": "1",
      "IntegrityLevel": "Medium",
      "ParentImage": "C:\\Users\\analyst's\\AppData\\Local\\local\\tools\\python-3.14.7+20260901-win32-x64\\python.exe",
      "ParentCommandLine": "C:\\Users\\analyst's\\Documents\\repo\\.venv\\Scripts\\python.exe C:\\ProgramData\\lab\\run_driver.py",
      "ParentUser": "WORKSTATION\\analyst's"
     },
     "captured_channel": "Microsoft-Windows-Sysmon/Operational"
    },
    {
     "timestamp": "2026-10-07T07:07:56.5373461+05:30",
     "channel": "Microsoft-Windows-Sysmon/Operational",
     "provider": "Microsoft-Windows-Sysmon",
     "event_id": "1",
     "level": "Information",
     "severity": "Low",
     "username": "WORKSTATION\\analyst's",
     "host": "localhost",
     "source_ip": "local",
     "message": "Process Create:\r\nRuleName: -\r\nUtcTime: 2026-10-07 01:37:56.535\r\nProcessGuid: {00000000-0000-0000-0000-000000000000}\r\nProcessId: 113020\r\nImage: C:\\Windows\\System32\\cmd.exe\r\nFileVersion: 10.0.26100.9278 (WinBuild.160101.0800)\r\nDescription: Windows Command Processor\r\nProduct: Microsoftr Windowsr Operat",
     "record_id": 456339,
     "source": "windows-event-log",
     "is_alert": false,
     "rule_name": "",
     "external_id": "Microsoft-Windows-Sysmon/Operational:456339",
     "raw_log": "{\"Channel\": \"Microsoft-Windows-Sysmon/Operational\", \"EventData\": {\"CommandLine\": \"C:\\\\windows\\\\System32\\\\cmd.exe /C \\\"type C:\\\\Windows\\\\win.ini\\\"\", \"Company\": \"Microsoft Corporation\", \"CurrentDirectory\": \"C:\\\\windows\\\\\", \"Description\": \"Windows Command Processor\", \"FileVersion\": \"10.0.26100.9278 (WinBuild.160101.0800)\", \"Hashes\": \"SHA256=97AC98B1A92C286054CCE55239CFCCDFC23A5517BD07FE693072C9CA96C7DABB\", \"Image\": \"C:\\\\Windows\\\\System32\\\\cmd.exe\", \"IntegrityLevel\": \"Medium\", \"LogonGuid\": \"{00000000-0000-0000-0000-000000000000}\", \"LogonId\": \"0x0\", \"OriginalFileName\": \"Cmd.Exe\", \"ParentCommandLine\": \"C:\\\\Users\\\\analyst's\\\\Documents\\\\repo\\\\.venv\\\\Scripts\\\\python.exe C:\\\\ProgramData\\\\lab\\\\run_driver.py\", \"ParentImage\": \"C:\\\\Users\\\\analyst's\\\\AppData\\\\Local\\\\local\\\\tools\\\\python-3.14.7+20260901-win32-x64\\\\python.exe\", \"ParentProcessGuid\": \"{00000000-0000-0000-0000-000000000000}\", \"ParentProcessId\": \"59888\", \"ParentUser\": \"WORKSTATION\\\\analyst's\", \"ProcessGuid\": \"{00000000-0000-0000-0000-000000000000}\", \"ProcessId\": \"113020\", \"Product\": \"Microsoftr Windowsr Operating System\", \"RuleName\": \"-\", \"TerminalSessionId\": \"1\", \"User\": \"WORKSTATION\\\\analyst's\", \"UtcTime\": \"2026-10-07 01:37:56.535\"}, \"Id\": 1, \"Level\": \"Information\", \"Message\": \"Process Create:\\r\\nRuleName: -\\r\\nUtcTime: 2026-10-07 01:37:56.535\\r\\nProcessGuid: {00000000-0000-0000-0000-000000000000}\\r\\nProcessId: 113020\\r\\nImage: C:\\\\Windows\\\\System32\\\\cmd.exe\\r\\nFileVersion: 10.0.26100.9278 (WinBuild.160101.0800)\\r\\nDescription: Windows Command Processor\\r\\nProduct: Microsoftr Windowsr Operating System\\r\\nCompany: Microsoft Corporation\\r\\nOriginalFileName: Cmd.Exe\\r\\nCommandLine: C:\\\\windows\\\\System32\\\\cmd.exe /C \\\"type C:\\\\Windows\\\\win.ini\\\"\\r\\nCurrentDirectory: C:\\\\windows\\\\\\r\\nUser: WORKSTATION\\\\analyst's\\r\\nLogonGuid: {00000000-0000-0000-0000-000000000000}\\r\\nLogonId: 0x0\\r\\nTerminalSessionId: 1\\r\\nIntegrityLevel: Medium\\r\\nHashes: SHA256=97AC98B1A92C286054CCE55239CFCCDFC23A5517BD07FE693072C9CA96C7DABB\\r\\nParentProcessGuid: {00000000-0000-0000-0000-000000000000}\\r\\nParentProcessId: 59888\\r\\nParentImage: C:\\\\Users\\\\analyst's\\\\AppData\\\\Local\\\\local\\\\tools\\\\python-3.14.7+20260901-win32-x64\\\\python.exe\\r\\nParentCommandLine: C:\\\\Users\\\\analyst's\\\\Documents\\\\repo\\\\.venv\\\\Scripts\\\\python.exe C:\\\\ProgramData\\\\lab\\\\run_driver.py\\r\\nParentUser: WORKSTATION\\\\analyst's\", \"Provider\": \"Microsoft-Windows-Sysmon\", \"RecordId\": 456339, \"TimeCreated\": \"2026-10-07T07:07:56.5373461+05:30\", \"User\": {\"AccountDomainSid\": null, \"BinaryLength\": 12, \"Value\": \"S-1-5-0-0-0\"}}",
     "fields": {
      "RuleName": "-",
      "UtcTime": "2026-10-07 01:37:56.535",
      "Image": "C:\\Windows\\System32\\cmd.exe",
      "FileVersion": "10.0.26100.9278 (WinBuild.160101.0800)",
      "Description": "Windows Command Processor",
      "Product": "Microsoftr Windowsr Operating System",
      "Company": "Microsoft Corporation",
      "OriginalFileName": "Cmd.Exe",
      "CommandLine": "C:\\windows\\System32\\cmd.exe /C \"type C:\\Windows\\win.ini\"",
      "CurrentDirectory": "C:\\windows\\",
      "User": "WORKSTATION\\analyst's",
      "LogonId": "0x0",
      "TerminalSessionId": "1",
      "IntegrityLevel": "Medium",
      "ParentImage": "C:\\Users\\analyst's\\AppData\\Local\\local\\tools\\python-3.14.7+20260901-win32-x64\\python.exe",
      "ParentCommandLine": "C:\\Users\\analyst's\\Documents\\repo\\.venv\\Scripts\\python.exe C:\\ProgramData\\lab\\run_driver.py",
      "ParentUser": "WORKSTATION\\analyst's"
     },
     "captured_channel": "Microsoft-Windows-Sysmon/Operational"
    },
    {
     "timestamp": "2026-10-07T07:07:58.2197418+05:30",
     "channel": "Microsoft-Windows-Sysmon/Operational",
     "provider": "Microsoft-Windows-Sysmon",
     "event_id": "1",
     "level": "Information",
     "severity": "Low",
     "username": "WORKSTATION\\analyst's",
     "host": "localhost",
     "source_ip": "local",
     "message": "Process Create:\r\nRuleName: -\r\nUtcTime: 2026-10-07 01:37:58.217\r\nProcessGuid: {00000000-0000-0000-0000-000000000000}\r\nProcessId: 103044\r\nImage: C:\\Windows\\System32\\cmd.exe\r\nFileVersion: 10.0.26100.9278 (WinBuild.160101.0800)\r\nDescription: Windows Command Processor\r\nProduct: Microsoftr Windowsr Operat",
     "record_id": 456340,
     "source": "windows-event-log",
     "is_alert": false,
     "rule_name": "",
     "external_id": "Microsoft-Windows-Sysmon/Operational:456340",
     "raw_log": "{\"Channel\": \"Microsoft-Windows-Sysmon/Operational\", \"EventData\": {\"CommandLine\": \"C:\\\\windows\\\\System32\\\\cmd.exe /C \\\"findstr /i version C:\\\\Windows\\\\win.ini\\\"\", \"Company\": \"Microsoft Corporation\", \"CurrentDirectory\": \"C:\\\\windows\\\\\", \"Description\": \"Windows Command Processor\", \"FileVersion\": \"10.0.26100.9278 (WinBuild.160101.0800)\", \"Hashes\": \"SHA256=97AC98B1A92C286054CCE55239CFCCDFC23A5517BD07FE693072C9CA96C7DABB\", \"Image\": \"C:\\\\Windows\\\\System32\\\\cmd.exe\", \"IntegrityLevel\": \"Medium\", \"LogonGuid\": \"{00000000-0000-0000-0000-000000000000}\", \"LogonId\": \"0x0\", \"OriginalFileName\": \"Cmd.Exe\", \"ParentCommandLine\": \"C:\\\\Users\\\\analyst's\\\\Documents\\\\repo\\\\.venv\\\\Scripts\\\\python.exe C:\\\\ProgramData\\\\lab\\\\run_driver.py\", \"ParentImage\": \"C:\\\\Users\\\\analyst's\\\\AppData\\\\Local\\\\local\\\\tools\\\\python-3.14.7+20260901-win32-x64\\\\python.exe\", \"ParentProcessGuid\": \"{00000000-0000-0000-0000-000000000000}\", \"ParentProcessId\": \"59888\", \"ParentUser\": \"WORKSTATION\\\\analyst's\", \"ProcessGuid\": \"{00000000-0000-0000-0000-000000000000}\", \"ProcessId\": \"103044\", \"Product\": \"Microsoftr Windowsr Operating System\", \"RuleName\": \"-\", \"TerminalSessionId\": \"1\", \"User\": \"WORKSTATION\\\\analyst's\", \"UtcTime\": \"2026-10-07 01:37:58.217\"}, \"Id\": 1, \"Level\": \"Information\", \"Message\": \"Process Create:\\r\\nRuleName: -\\r\\nUtcTime: 2026-10-07 01:37:58.217\\r\\nProcessGuid: {00000000-0000-0000-0000-000000000000}\\r\\nProcessId: 103044\\r\\nImage: C:\\\\Windows\\\\System32\\\\cmd.exe\\r\\nFileVersion: 10.0.26100.9278 (WinBuild.160101.0800)\\r\\nDescription: Windows Command Processor\\r\\nProduct: Microsoftr Windowsr Operating System\\r\\nCompany: Microsoft Corporation\\r\\nOriginalFileName: Cmd.Exe\\r\\nCommandLine: C:\\\\windows\\\\System32\\\\cmd.exe /C \\\"findstr /i version C:\\\\Windows\\\\win.ini\\\"\\r\\nCurrentDirectory: C:\\\\windows\\\\\\r\\nUser: WORKSTATION\\\\analyst's\\r\\nLogonGuid: {00000000-0000-0000-0000-000000000000}\\r\\nLogonId: 0x0\\r\\nTerminalSessionId: 1\\r\\nIntegrityLevel: Medium\\r\\nHashes: SHA256=97AC98B1A92C286054CCE55239CFCCDFC23A5517BD07FE693072C9CA96C7DABB\\r\\nParentProcessGuid: {00000000-0000-0000-0000-000000000000}\\r\\nParentProcessId: 59888\\r\\nParentImage: C:\\\\Users\\\\analyst's\\\\AppData\\\\Local\\\\local\\\\tools\\\\python-3.14.7+20260901-win32-x64\\\\python.exe\\r\\nParentCommandLine: C:\\\\Users\\\\analyst's\\\\Documents\\\\repo\\\\.venv\\\\Scripts\\\\python.exe C:\\\\ProgramData\\\\lab\\\\run_driver.py\\r\\nParentUser: WORKSTATION\\\\analyst's\", \"Provider\": \"Microsoft-Windows-Sysmon\", \"RecordId\": 456340, \"TimeCreated\": \"2026-10-07T07:07:58.2197418+05:30\", \"User\": {\"AccountDomainSid\": null, \"BinaryLength\": 12, \"Value\": \"S-1-5-0-0-0\"}}",
     "fields": {
      "RuleName": "-",
      "UtcTime": "2026-10-07 01:37:58.217",
      "Image": "C:\\Windows\\System32\\cmd.exe",
      "FileVersion": "10.0.26100.9278 (WinBuild.160101.0800)",
      "Description": "Windows Command Processor",
      "Product": "Microsoftr Windowsr Operating System",
      "Company": "Microsoft Corporation",
      "OriginalFileName": "Cmd.Exe",
      "CommandLine": "C:\\windows\\System32\\cmd.exe /C \"findstr /i version C:\\Windows\\win.ini\"",
      "CurrentDirectory": "C:\\windows\\",
      "User": "WORKSTATION\\analyst's",
      "LogonId": "0x0",
      "TerminalSessionId": "1",
      "IntegrityLevel": "Medium",
      "ParentImage": "C:\\Users\\analyst's\\AppData\\Local\\local\\tools\\python-3.14.7+20260901-win32-x64\\python.exe",
      "ParentCommandLine": "C:\\Users\\analyst's\\Documents\\repo\\.venv\\Scripts\\python.exe C:\\ProgramData\\lab\\run_driver.py",
      "ParentUser": "WORKSTATION\\analyst's"
     },
     "captured_channel": "Microsoft-Windows-Sysmon/Operational"
    },
    {
     "timestamp": "2026-10-07T07:07:58.2362901+05:30",
     "channel": "Microsoft-Windows-Sysmon/Operational",
     "provider": "Microsoft-Windows-Sysmon",
     "event_id": "1",
     "level": "Information",
     "severity": "Low",
     "username": "WORKSTATION\\analyst's",
     "host": "localhost",
     "source_ip": "local",
     "message": "Process Create:\r\nRuleName: -\r\nUtcTime: 2026-10-07 01:37:58.231\r\nProcessGuid: {00000000-0000-0000-0000-000000000000}\r\nProcessId: 29256\r\nImage: C:\\Windows\\System32\\findstr.exe\r\nFileVersion: 10.0.26100.7019 (WinBuild.160101.0800)\r\nDescription: Find String (QGREP) Utility\r\nProduct: Microsoftr Windowsr O",
     "record_id": 456341,
     "source": "windows-event-log",
     "is_alert": false,
     "rule_name": "",
     "external_id": "Microsoft-Windows-Sysmon/Operational:456341",
     "raw_log": "{\"Channel\": \"Microsoft-Windows-Sysmon/Operational\", \"EventData\": {\"CommandLine\": \"findstr  /i version C:\\\\Windows\\\\win.ini\", \"Company\": \"Microsoft Corporation\", \"CurrentDirectory\": \"C:\\\\Windows\\\\\", \"Description\": \"Find String (QGREP) Utility\", \"FileVersion\": \"10.0.26100.7019 (WinBuild.160101.0800)\", \"Hashes\": \"SHA256=867816F8A714A87F5F573EBBE3A526931FBE787CC03B4EC7AC8A970C9D8C0264\", \"Image\": \"C:\\\\Windows\\\\System32\\\\findstr.exe\", \"IntegrityLevel\": \"Medium\", \"LogonGuid\": \"{00000000-0000-0000-0000-000000000000}\", \"LogonId\": \"0x0\", \"OriginalFileName\": \"FINDSTR.EXE\", \"ParentCommandLine\": \"C:\\\\windows\\\\System32\\\\cmd.exe /C \\\"findstr /i version C:\\\\Windows\\\\win.ini\\\"\", \"ParentImage\": \"C:\\\\Windows\\\\System32\\\\cmd.exe\", \"ParentProcessGuid\": \"{00000000-0000-0000-0000-000000000000}\", \"ParentProcessId\": \"103044\", \"ParentUser\": \"WORKSTATION\\\\analyst's\", \"ProcessGuid\": \"{00000000-0000-0000-0000-000000000000}\", \"ProcessId\": \"29256\", \"Product\": \"Microsoftr Windowsr Operating System\", \"RuleName\": \"-\", \"TerminalSessionId\": \"1\", \"User\": \"WORKSTATION\\\\analyst's\", \"UtcTime\": \"2026-10-07 01:37:58.231\"}, \"Id\": 1, \"Level\": \"Information\", \"Message\": \"Process Create:\\r\\nRuleName: -\\r\\nUtcTime: 2026-10-07 01:37:58.231\\r\\nProcessGuid: {00000000-0000-0000-0000-000000000000}\\r\\nProcessId: 29256\\r\\nImage: C:\\\\Windows\\\\System32\\\\findstr.exe\\r\\nFileVersion: 10.0.26100.7019 (WinBuild.160101.0800)\\r\\nDescription: Find String (QGREP) Utility\\r\\nProduct: Microsoftr Windowsr Operating System\\r\\nCompany: Microsoft Corporation\\r\\nOriginalFileName: FINDSTR.EXE\\r\\nCommandLine: findstr  /i version C:\\\\Windows\\\\win.ini\\r\\nCurrentDirectory: C:\\\\Windows\\\\\\r\\nUser: WORKSTATION\\\\analyst's\\r\\nLogonGuid: {00000000-0000-0000-0000-000000000000}\\r\\nLogonId: 0x0\\r\\nTerminalSessionId: 1\\r\\nIntegrityLevel: Medium\\r\\nHashes: SHA256=867816F8A714A87F5F573EBBE3A526931FBE787CC03B4EC7AC8A970C9D8C0264\\r\\nParentProcessGuid: {00000000-0000-0000-0000-000000000000}\\r\\nParentProcessId: 103044\\r\\nParentImage: C:\\\\Windows\\\\System32\\\\cmd.exe\\r\\nParentCommandLine: C:\\\\windows\\\\System32\\\\cmd.exe /C \\\"findstr /i version C:\\\\Windows\\\\win.ini\\\"\\r\\nParentUser: WORKSTATION\\\\analyst's\", \"Provider\": \"Microsoft-Windows-Sysmon\", \"RecordId\": 456341, \"TimeCreated\": \"2026-10-07T07:07:58.2362901+05:30\", \"User\": {\"AccountDomainSid\": null, \"BinaryLength\": 12, \"Value\": \"S-1-5-0-0-0\"}}",
     "fields": {
      "RuleName": "-",
      "UtcTime": "2026-10-07 01:37:58.231",
      "Image": "C:\\Windows\\System32\\findstr.exe",
      "FileVersion": "10.0.26100.7019 (WinBuild.160101.0800)",
      "Description": "Find String (QGREP) Utility",
      "Product": "Microsoftr Windowsr Operating System",
      "Company": "Microsoft Corporation",
      "OriginalFileName": "FINDSTR.EXE",
      "CommandLine": "findstr  /i version C:\\Windows\\win.ini",
      "CurrentDirectory": "C:\\Windows\\",
      "User": "WORKSTATION\\analyst's",
      "LogonId": "0x0",
      "TerminalSessionId": "1",
      "IntegrityLevel": "Medium",
      "ParentImage": "C:\\Windows\\System32\\cmd.exe",
      "ParentCommandLine": "C:\\windows\\System32\\cmd.exe /C \"findstr /i version C:\\Windows\\win.ini\"",
      "ParentUser": "WORKSTATION\\analyst's"
     },
     "captured_channel": "Microsoft-Windows-Sysmon/Operational"
    },
    {
     "timestamp": "2026-10-07T07:07:59.7423770+05:30",
     "channel": "Microsoft-Windows-Sysmon/Operational",
     "provider": "Microsoft-Windows-Sysmon",
     "event_id": "3",
     "level": "Information",
     "severity": "Low",
     "username": "WORKSTATION\\analyst's",
     "host": "localhost",
     "source_ip": "198.51.100.228",
     "message": "Network connection detected:\r\nRuleName: -\r\nUtcTime: 2026-10-07 01:37:54.300\r\nProcessGuid: {00000000-0000-0000-0000-000000000000}\r\nProcessId: 111212\r\nImage: C:\\Users\\analyst's\\AppData\\Local\\local\\tools\\python-3.14.7+20260901-win32-x64\\python.exe\r\nUser: WORKSTATION\\analyst's\r\nProtocol: tcp\r\nInitiated:",
     "record_id": 456342,
     "source": "windows-event-log",
     "is_alert": false,
     "rule_name": "Process opened an outbound connection",
     "external_id": "Microsoft-Windows-Sysmon/Operational:456342",
     "raw_log": "{\"Channel\": \"Microsoft-Windows-Sysmon/Operational\", \"EventData\": {\"DestinationHostname\": \"-\", \"DestinationIp\": \"198.51.100.104\", \"DestinationIsIpv6\": \"false\", \"DestinationPort\": \"443\", \"DestinationPortName\": \"https\", \"Image\": \"C:\\\\Users\\\\analyst's\\\\AppData\\\\Local\\\\local\\\\tools\\\\python-3.14.7+20260901-win32-x64\\\\python.exe\", \"Initiated\": \"true\", \"ProcessGuid\": \"{00000000-0000-0000-0000-000000000000}\", \"ProcessId\": \"111212\", \"Protocol\": \"tcp\", \"RuleName\": \"-\", \"SourceHostname\": \"WORKSTATION.Dlink\", \"SourceIp\": \"198.51.100.228\", \"SourceIsIpv6\": \"false\", \"SourcePort\": \"59358\", \"SourcePortName\": \"-\", \"User\": \"WORKSTATION\\\\analyst's\", \"UtcTime\": \"2026-10-07 01:37:54.300\"}, \"Id\": 3, \"Level\": \"Information\", \"Message\": \"Network connection detected:\\r\\nRuleName: -\\r\\nUtcTime: 2026-10-07 01:37:54.300\\r\\nProcessGuid: {00000000-0000-0000-0000-000000000000}\\r\\nProcessId: 111212\\r\\nImage: C:\\\\Users\\\\analyst's\\\\AppData\\\\Local\\\\local\\\\tools\\\\python-3.14.7+20260901-win32-x64\\\\python.exe\\r\\nUser: WORKSTATION\\\\analyst's\\r\\nProtocol: tcp\\r\\nInitiated: true\\r\\nSourceIsIpv6: false\\r\\nSourceIp: 198.51.100.228\\r\\nSourceHostname: WORKSTATION.Dlink\\r\\nSourcePort: 59358\\r\\nSourcePortName: -\\r\\nDestinationIsIpv6: false\\r\\nDestinationIp: 198.51.100.104\\r\\nDestinationHostname: -\\r\\nDestinationPort: 443\\r\\nDestinationPortName: https\", \"Provider\": \"Microsoft-Windows-Sysmon\", \"RecordId\": 456342, \"TimeCreated\": \"2026-10-07T07:07:59.7423770+05:30\", \"User\": {\"AccountDomainSid\": null, \"BinaryLength\": 12, \"Value\": \"S-1-5-0-0-0\"}}",
     "fields": {
      "RuleName": "-",
      "UtcTime": "2026-10-07 01:37:54.300",
      "Image": "C:\\Users\\analyst's\\AppData\\Local\\local\\tools\\python-3.14.7+20260901-win32-x64\\python.exe",
      "User": "WORKSTATION\\analyst's",
      "Protocol": "tcp",
      "Initiated": "true",
      "SourceIsIpv6": "false",
      "SourceIp": "198.51.100.228",
      "SourceHostname": "WORKSTATION.Dlink",
      "SourcePort": "59358",
      "SourcePortName": "-",
      "DestinationIsIpv6": "false",
      "DestinationIp": "198.51.100.104",
      "DestinationHostname": "-",
      "DestinationPort": "443",
      "DestinationPortName": "https"
     },
     "captured_channel": "Microsoft-Windows-Sysmon/Operational"
    },
    {
     "timestamp": "2026-10-07T07:07:59.9313064+05:30",
     "channel": "Microsoft-Windows-Sysmon/Operational",
     "provider": "Microsoft-Windows-Sysmon",
     "event_id": "1",
     "level": "Information",
     "severity": "Low",
     "username": "WORKSTATION\\analyst's",
     "host": "localhost",
     "source_ip": "local",
     "message": "Process Create:\r\nRuleName: -\r\nUtcTime: 2026-10-07 01:37:59.920\r\nProcessGuid: {00000000-0000-0000-0000-000000000000}\r\nProcessId: 99148\r\nImage: C:\\Windows\\System32\\WindowsPowerShell\\v1.0\\powershell.exe\r\nFileVersion: 10.0.26100.9278 (WinBuild.160101.0800)\r\nDescription: Windows PowerShell\r\nProduct: Micr",
     "record_id": 456343,
     "source": "windows-event-log",
     "is_alert": false,
     "rule_name": "",
     "external_id": "Microsoft-Windows-Sysmon/Operational:456343",
     "raw_log": "{\"Channel\": \"Microsoft-Windows-Sysmon/Operational\", \"EventData\": {\"CommandLine\": \"C:\\\\windows\\\\System32\\\\WindowsPowerShell\\\\v1.0\\\\powershell.exe -NoProfile -NonInteractive -ExecutionPolicy Bypass -Command \\\"Get-ChildItem C:\\\\Windows -Name | Select-Object -First 5\\\"\", \"Company\": \"Microsoft Corporation\", \"CurrentDirectory\": \"C:\\\\windows\\\\\", \"Description\": \"Windows PowerShell\", \"FileVersion\": \"10.0.26100.9278 (WinBuild.160101.0800)\", \"Hashes\": \"SHA256=8BB6FA8C283B4D92120B1EF249A9B311B0F804D4CABBE9981159976C8BE76A5E\", \"Image\": \"C:\\\\Windows\\\\System32\\\\WindowsPowerShell\\\\v1.0\\\\powershell.exe\", \"IntegrityLevel\": \"Medium\", \"LogonGuid\": \"{00000000-0000-0000-0000-000000000000}\", \"LogonId\": \"0x0\", \"OriginalFileName\": \"PowerShell.EXE\", \"ParentCommandLine\": \"C:\\\\Users\\\\analyst's\\\\Documents\\\\repo\\\\.venv\\\\Scripts\\\\python.exe C:\\\\ProgramData\\\\lab\\\\run_driver.py\", \"ParentImage\": \"C:\\\\Users\\\\analyst's\\\\AppData\\\\Local\\\\local\\\\tools\\\\python-3.14.7+20260901-win32-x64\\\\python.exe\", \"ParentProcessGuid\": \"{00000000-0000-0000-0000-000000000000}\", \"ParentProcessId\": \"59888\", \"ParentUser\": \"WORKSTATION\\\\analyst's\", \"ProcessGuid\": \"{00000000-0000-0000-0000-000000000000}\", \"ProcessId\": \"99148\", \"Product\": \"Microsoftr Windowsr Operating System\", \"RuleName\": \"-\", \"TerminalSessionId\": \"1\", \"User\": \"WORKSTATION\\\\analyst's\", \"UtcTime\": \"2026-10-07 01:37:59.920\"}, \"Id\": 1, \"Level\": \"Information\", \"Message\": \"Process Create:\\r\\nRuleName: -\\r\\nUtcTime: 2026-10-07 01:37:59.920\\r\\nProcessGuid: {00000000-0000-0000-0000-000000000000}\\r\\nProcessId: 99148\\r\\nImage: C:\\\\Windows\\\\System32\\\\WindowsPowerShell\\\\v1.0\\\\powershell.exe\\r\\nFileVersion: 10.0.26100.9278 (WinBuild.160101.0800)\\r\\nDescription: Windows PowerShell\\r\\nProduct: Microsoftr Windowsr Operating System\\r\\nCompany: Microsoft Corporation\\r\\nOriginalFileName: PowerShell.EXE\\r\\nCommandLine: C:\\\\windows\\\\System32\\\\WindowsPowerShell\\\\v1.0\\\\powershell.exe -NoProfile -NonInteractive -ExecutionPolicy Bypass -Command \\\"Get-ChildItem C:\\\\Windows -Name | Select-Object -First 5\\\"\\r\\nCurrentDirectory: C:\\\\windows\\\\\\r\\nUser: WORKSTATION\\\\analyst's\\r\\nLogonGuid: {00000000-0000-0000-0000-000000000000}\\r\\nLogonId: 0x0\\r\\nTerminalSessionId: 1\\r\\nIntegrityLevel: Medium\\r\\nHashes: SHA256=8BB6FA8C283B4D92120B1EF249A9B311B0F804D4CABBE9981159976C8BE76A5E\\r\\nParentProcessGuid: {00000000-0000-0000-0000-000000000000}\\r\\nParentProcessId: 59888\\r\\nParentImage: C:\\\\Users\\\\analyst's\\\\AppData\\\\Local\\\\local\\\\tools\\\\python-3.14.7+20260901-win32-x64\\\\python.exe\\r\\nParentCommandLine: C:\\\\Users\\\\analyst's\\\\Documents\\\\repo\\\\.venv\\\\Scripts\\\\python.exe C:\\\\ProgramData\\\\lab\\\\run_driver.py\\r\\nParentUser: WORKSTATION\\\\analyst's\", \"Provider\": \"Microsoft-Windows-Sysmon\", \"RecordId\": 456343, \"TimeCreated\": \"2026-10-07T07:07:59.9313064+05:30\", \"User\": {\"AccountDomainSid\": null, \"BinaryLength\": 12, \"Value\": \"S-1-5-0-0-0\"}}",
     "fields": {
      "RuleName": "-",
      "UtcTime": "2026-10-07 01:37:59.920",
      "Image": "C:\\Windows\\System32\\WindowsPowerShell\\v1.0\\powershell.exe",
      "FileVersion": "10.0.26100.9278 (WinBuild.160101.0800)",
      "Description": "Windows PowerShell",
      "Product": "Microsoftr Windowsr Operating System",
      "Company": "Microsoft Corporation",
      "OriginalFileName": "PowerShell.EXE",
      "CommandLine": "C:\\windows\\System32\\WindowsPowerShell\\v1.0\\powershell.exe -NoProfile -NonInteractive -ExecutionPolicy Bypass -Command \"Get-ChildItem C:\\Windows -Name | Select-Object -First 5\"",
      "CurrentDirectory": "C:\\windows\\",
      "User": "WORKSTATION\\analyst's",
      "LogonId": "0x0",
      "TerminalSessionId": "1",
      "IntegrityLevel": "Medium",
      "ParentImage": "C:\\Users\\analyst's\\AppData\\Local\\local\\tools\\python-3.14.7+20260901-win32-x64\\python.exe",
      "ParentCommandLine": "C:\\Users\\analyst's\\Documents\\repo\\.venv\\Scripts\\python.exe C:\\ProgramData\\lab\\run_driver.py",
      "ParentUser": "WORKSTATION\\analyst's"
     },
     "captured_channel": "Microsoft-Windows-Sysmon/Operational"
    },
    {
     "timestamp": "2026-10-07T07:08:00.0078091+05:30",
     "channel": "Microsoft-Windows-Sysmon/Operational",
     "provider": "Microsoft-Windows-Sysmon",
     "event_id": "10",
     "level": "Information",
     "severity": "Low",
     "username": "{'BinaryLength': 12, 'AccountDomainSid': None, 'Value': 'S-1-5-0-0-0'}",
     "host": "localhost",
     "source_ip": "local",
     "message": "Process accessed:\r\nRuleName: -\r\nUtcTime: 2026-10-07 01:38:00.006\r\nSourceProcessGUID: {00000000-0000-0000-0000-000000000000}\r\nSourceProcessId: 6052\r\nSourceThreadId: 82292\r\nSourceImage: C:\\windows\\System32\\svchost.exe\r\nTargetProcessGUID: {00000000-0000-0000-0000-000000000000}\r\nTargetProcessId: 1700\r\nT",
     "record_id": 456344,
     "source": "windows-event-log",
     "is_alert": false,
     "rule_name": "",
     "external_id": "Microsoft-Windows-Sysmon/Operational:456344",
     "raw_log": "{\"Channel\": \"Microsoft-Windows-Sysmon/Operational\", \"EventData\": {\"CallTrace\": \"C:\\\\windows\\\\SYSTEM32\\\\ntdll.dll+161994|C:\\\\windows\\\\System32\\\\eeprov.dll+2ae09|C:\\\\windows\\\\System32\\\\eeprov.dll+2f1fa|C:\\\\windows\\\\System32\\\\eeprov.dll+2f32b|C:\\\\windows\\\\System32\\\\srumsvc.dll+1971e|C:\\\\windows\\\\System32\\\\srumsvc.dll+1a9ac|C:\\\\windows\\\\System32\\\\srumsvc.dll+dbbc|C:\\\\windows\\\\SYSTEM32\\\\ntdll.dll+19240|C:\\\\windows\\\\SYSTEM32\\\\ntdll.dll+1aae1|C:\\\\windows\\\\System32\\\\KERNEL32.DLL+2cd87|C:\\\\windows\\\\SYSTEM32\\\\ntdll.dll+acaec\", \"GrantedAccess\": \"0x1400\", \"RuleName\": \"-\", \"SourceImage\": \"C:\\\\windows\\\\System32\\\\svchost.exe\", \"SourceProcessGUID\": \"{00000000-0000-0000-0000-000000000000}\", \"SourceProcessId\": \"6052\", \"SourceThreadId\": \"82292\", \"SourceUser\": \"NT AUTHORITY\\\\LOCAL SERVICE\", \"TargetImage\": \"C:\\\\windows\\\\system32\\\\lsass.exe\", \"TargetProcessGUID\": \"{00000000-0000-0000-0000-000000000000}\", \"TargetProcessId\": \"1700\", \"TargetUser\": \"NT AUTHORITY\\\\SYSTEM\", \"UtcTime\": \"2026-10-07 01:38:00.006\"}, \"Id\": 10, \"Level\": \"Information\", \"Message\": \"Process accessed:\\r\\nRuleName: -\\r\\nUtcTime: 2026-10-07 01:38:00.006\\r\\nSourceProcessGUID: {00000000-0000-0000-0000-000000000000}\\r\\nSourceProcessId: 6052\\r\\nSourceThreadId: 82292\\r\\nSourceImage: C:\\\\windows\\\\System32\\\\svchost.exe\\r\\nTargetProcessGUID: {00000000-0000-0000-0000-000000000000}\\r\\nTargetProcessId: 1700\\r\\nTargetImage: C:\\\\windows\\\\system32\\\\lsass.exe\\r\\nGrantedAccess: 0x1400\\r\\nCallTrace: C:\\\\windows\\\\SYSTEM32\\\\ntdll.dll+161994|C:\\\\windows\\\\System32\\\\eeprov.dll+2ae09|C:\\\\windows\\\\System32\\\\eeprov.dll+2f1fa|C:\\\\windows\\\\System32\\\\eeprov.dll+2f32b|C:\\\\windows\\\\System32\\\\srumsvc.dll+1971e|C:\\\\windows\\\\System32\\\\srumsvc.dll+1a9ac|C:\\\\windows\\\\System32\\\\srumsvc.dll+dbbc|C:\\\\windows\\\\SYSTEM32\\\\ntdll.dll+19240|C:\\\\windows\\\\SYSTEM32\\\\ntdll.dll+1aae1|C:\\\\windows\\\\System32\\\\KERNEL32.DLL+2cd87|C:\\\\windows\\\\SYSTEM32\\\\ntdll.dll+acaec\\r\\nSourceUser: NT AUTHORITY\\\\LOCAL SERVICE\\r\\nTargetUser: NT AUTHORITY\\\\SYSTEM\", \"Provider\": \"Microsoft-Windows-Sysmon\", \"RecordId\": 456344, \"TimeCreated\": \"2026-10-07T07:08:00.0078091+05:30\", \"User\": {\"AccountDomainSid\": null, \"BinaryLength\": 12, \"Value\": \"S-1-5-0-0-0\"}}",
     "fields": {
      "RuleName": "-",
      "UtcTime": "2026-10-07 01:38:00.006",
      "SourceProcessGUID": "{00000000-0000-0000-0000-000000000000}",
      "SourceProcessId": "6052",
      "SourceThreadId": "82292",
      "SourceImage": "C:\\windows\\System32\\svchost.exe",
      "TargetProcessGUID": "{00000000-0000-0000-0000-000000000000}",
      "TargetProcessId": "1700",
      "TargetImage": "C:\\windows\\system32\\lsass.exe",
      "GrantedAccess": "0x1400",
      "CallTrace": "C:\\windows\\SYSTEM32\\ntdll.dll+161994|C:\\windows\\System32\\eeprov.dll+2ae09|C:\\windows\\System32\\eeprov.dll+2f1fa|C:\\windows\\System32\\eeprov.dll+2f32b|C:\\windows\\System32\\srumsvc.dll+1971e|C:\\windows\\System32\\srumsvc.dll+1a9ac|C:\\windows\\System32\\srumsvc.dll+dbbc|C:\\windows\\SYSTEM32\\ntdll.dll+19240|C:\\windows\\SYSTEM32\\ntdll.dll+1aae1|C:\\windows\\System32\\KERNEL32.DLL+2cd87|C:\\windows\\SYSTEM32\\ntdll.dll+acaec",
      "SourceUser": "NT AUTHORITY\\LOCAL SERVICE",
      "TargetUser": "NT AUTHORITY\\SYSTEM"
     },
     "captured_channel": "Microsoft-Windows-Sysmon/Operational"
    },
    {
     "timestamp": "2026-10-07T07:08:00.0356893+05:30",
     "channel": "Microsoft-Windows-Sysmon/Operational",
     "provider": "Microsoft-Windows-Sysmon",
     "event_id": "10",
     "level": "Information",
     "severity": "Low",
     "username": "{'BinaryLength': 12, 'AccountDomainSid': None, 'Value': 'S-1-5-0-0-0'}",
     "host": "localhost",
     "source_ip": "local",
     "message": "Process accessed:\r\nRuleName: -\r\nUtcTime: 2026-10-07 01:38:00.035\r\nSourceProcessGUID: {00000000-0000-0000-0000-000000000000}\r\nSourceProcessId: 6052\r\nSourceThreadId: 6156\r\nSourceImage: C:\\windows\\System32\\svchost.exe\r\nTargetProcessGUID: {00000000-0000-0000-0000-000000000000}\r\nTargetProcessId: 1700\r\nTa",
     "record_id": 456345,
