     "source": "windows-event-log",
     "is_alert": false,
     "rule_name": "",
     "external_id": "Microsoft-Windows-Sysmon/Operational:456437",
     "raw_log": "{\"Channel\": \"Microsoft-Windows-Sysmon/Operational\", \"EventData\": {\"CommandLine\": \"\\\"C:\\\\Program Files (x86)\\\\Microsoft\\\\Edge\\\\Application\\\\154.0.4258.53\\\\identity_helper.exe\\\" --type=utility --utility-sub-type=winrt_app_id.mojom.WinrtAppIdService --lang=en-US --service-sandbox-type=windows_package_identity --skip-read-main-dll --metrics-shmem-handle=5380,i,1407374047008404529,11925977352909714490,524288 --field-trial-handle=2148,i,14635565451361161195,14368009677930593970,262144 --variations-seed-version --pseudonymization-salt-handle=2208,i,2264156912520860119,10053990856920933104,4 --trace-process-track-uuid=3190708991934122588 --mojo-platform-channel-handle=5340 /prefetch:14\", \"Company\": \"Microsoft Corporation\", \"CurrentDirectory\": \"C:\\\\Program Files (x86)\\\\Microsoft\\\\Edge\\\\Application\\\\154.0.4258.53\\\\\", \"Description\": \"PWA Identity Proxy Host\", \"FileVersion\": \"154.0.4258.53\", \"Hashes\": \"SHA256=EA4B1DF74772891ABBE196644B7EA6165F1A7F371D7F01111EE8FB45AB3709D2\", \"Image\": \"C:\\\\Program Files (x86)\\\\Microsoft\\\\Edge\\\\Application\\\\154.0.4258.53\\\\identity_helper.exe\", \"IntegrityLevel\": \"Medium\", \"LogonGuid\": \"{00000000-0000-0000-0000-000000000000}\", \"LogonId\": \"0x0\", \"OriginalFileName\": \"identity_helper.exe\", \"ParentCommandLine\": \"\\\"C:\\\\Program Files (x86)\\\\Microsoft\\\\Edge\\\\Application\\\\msedge.exe\\\" --no-startup-window /prefetch:5\", \"ParentImage\": \"C:\\\\Program Files (x86)\\\\Microsoft\\\\Edge\\\\Application\\\\msedge.exe\", \"ParentProcessGuid\": \"{00000000-0000-0000-0000-000000000000}\", \"ParentProcessId\": \"128124\", \"ParentUser\": \"WORKSTATION\\\\analyst's\", \"ProcessGuid\": \"{00000000-0000-0000-0000-000000000000}\", \"ProcessId\": \"30152\", \"Product\": \"Microsoft Edge\", \"RuleName\": \"-\", \"TerminalSessionId\": \"1\", \"User\": \"WORKSTATION\\\\analyst's\", \"UtcTime\": \"2026-10-07 01:38:52.339\"}, \"Id\": 1, \"Level\": \"Information\", \"Message\": \"Process Create:\\r\\nRuleName: -\\r\\nUtcTime: 2026-10-07 01:38:52.339\\r\\nProcessGuid: {00000000-0000-0000-0000-000000000000}\\r\\nProcessId: 30152\\r\\nImage: C:\\\\Program Files (x86)\\\\Microsoft\\\\Edge\\\\Application\\\\154.0.4258.53\\\\identity_helper.exe\\r\\nFileVersion: 154.0.4258.53\\r\\nDescription: PWA Identity Proxy Host\\r\\nProduct: Microsoft Edge\\r\\nCompany: Microsoft Corporation\\r\\nOriginalFileName: identity_helper.exe\\r\\nCommandLine: \\\"C:\\\\Program Files (x86)\\\\Microsoft\\\\Edge\\\\Application\\\\154.0.4258.53\\\\identity_helper.exe\\\" --type=utility --utility-sub-type=winrt_app_id.mojom.WinrtAppIdService --lang=en-US --service-sandbox-type=windows_package_identity --skip-read-main-dll --metrics-shmem-handle=5380,i,1407374047008404529,11925977352909714490,524288 --field-trial-handle=2148,i,14635565451361161195,14368009677930593970,262144 --variations-seed-version --pseudonymization-salt-handle=2208,i,2264156912520860119,10053990856920933104,4 --trace-process-track-uuid=3190708991934122588 --mojo-platform-channel-handle=5340 /prefetch:14\\r\\nCurrentDirectory: C:\\\\Program Files (x86)\\\\Microsoft\\\\Edge\\\\Application\\\\154.0.4258.53\\\\\\r\\nUser: WORKSTATION\\\\analyst's\\r\\nLogonGuid: {00000000-0000-0000-0000-000000000000}\\r\\nLogonId: 0x0\\r\\nTerminalSessionId\", \"Provider\": \"Microsoft-Windows-Sysmon\", \"RecordId\": 456437, \"TimeCreated\": \"2026-10-07T07:08:52.3442587+05:30\", \"User\": {\"AccountDomainSid\": null, \"BinaryLength\": 12, \"Value\": \"S-1-5-0-0-0\"}}",
     "fields": {
      "RuleName": "-",
      "UtcTime": "2026-10-07 01:38:52.339",
      "Image": "C:\\Program Files (x86)\\Microsoft\\Edge\\Application\\154.0.4258.53\\identity_helper.exe",
      "FileVersion": "154.0.4258.53",
      "Description": "PWA Identity Proxy Host",
      "Product": "Microsoft Edge",
      "Company": "Microsoft Corporation",
      "OriginalFileName": "identity_helper.exe",
      "CommandLine": "\"C:\\Program Files (x86)\\Microsoft\\Edge\\Application\\154.0.4258.53\\identity_helper.exe\" --type=utility --utility-sub-type=winrt_app_id.mojom.WinrtAppIdService --lang=en-US --service-sandbox-type=windows_package_identity --skip-read-main-dll --metrics-shmem-handle=5380,i,1407374047008404529,11925977352909714490,524288 --field-trial-handle=2148,i,14635565451361161195,14368009677930593970,262144 --variations-seed-version --pseudonymization-salt-handle=2208,i,2264156912520860119,10053990856920933104,4 --trace-process-track-uuid=3190708991934122588 --mojo-platform-channel-handle=5340 /prefetch:14",
      "CurrentDirectory": "C:\\Program Files (x86)\\Microsoft\\Edge\\Application\\154.0.4258.53\\",
      "User": "WORKSTATION\\analyst's",
      "LogonId": "0x0",
      "TerminalSessionId": "1",
      "IntegrityLevel": "Medium",
      "ParentImage": "C:\\Program Files (x86)\\Microsoft\\Edge\\Application\\msedge.exe",
      "ParentCommandLine": "\"C:\\Program Files (x86)\\Microsoft\\Edge\\Application\\msedge.exe\" --no-startup-window /prefetch:5",
      "ParentUser": "WORKSTATION\\analyst's"
     },
     "captured_channel": "Microsoft-Windows-Sysmon/Operational"
    },
    {
     "timestamp": "2026-10-07T07:08:52.3653889+05:30",
     "channel": "Microsoft-Windows-Sysmon/Operational",
     "provider": "Microsoft-Windows-Sysmon",
     "event_id": "1",
     "level": "Information",
     "severity": "Low",
     "username": "WORKSTATION\\analyst's",
     "host": "localhost",
     "source_ip": "local",
     "message": "Process Create:\r\nRuleName: -\r\nUtcTime: 2026-10-07 01:38:52.360\r\nProcessGuid: {00000000-0000-0000-0000-000000000000}\r\nProcessId: 114368\r\nImage: C:\\Program Files (x86)\\Microsoft\\Edge\\Application\\154.0.4258.53\\identity_helper.exe\r\nFileVersion: 154.0.4258.53\r\nDescription: PWA Identity Proxy Host\r\nProduc",
     "record_id": 456438,
     "source": "windows-event-log",
     "is_alert": false,
     "rule_name": "",
     "external_id": "Microsoft-Windows-Sysmon/Operational:456438",
     "raw_log": "{\"Channel\": \"Microsoft-Windows-Sysmon/Operational\", \"EventData\": {\"CommandLine\": \"\\\"C:\\\\Program Files (x86)\\\\Microsoft\\\\Edge\\\\Application\\\\154.0.4258.53\\\\identity_helper.exe\\\" --type=utility --utility-sub-type=winrt_app_id.mojom.WinrtAppIdService --lang=en-US --service-sandbox-type=windows_package_identity --skip-read-main-dll --metrics-shmem-handle=5380,i,1407374047008404529,11925977352909714490,524288 --field-trial-handle=2148,i,14635565451361161195,14368009677930593970,262144 --variations-seed-version --pseudonymization-salt-handle=2208,i,2264156912520860119,10053990856920933104,4 --trace-process-track-uuid=3190708991934122588 --mojo-platform-channel-handle=5340 /prefetch:14\", \"Company\": \"Microsoft Corporation\", \"CurrentDirectory\": \"C:\\\\Program Files (x86)\\\\Microsoft\\\\Edge\\\\Application\\\\154.0.4258.53\\\\\", \"Description\": \"PWA Identity Proxy Host\", \"FileVersion\": \"154.0.4258.53\", \"Hashes\": \"SHA256=EA4B1DF74772891ABBE196644B7EA6165F1A7F371D7F01111EE8FB45AB3709D2\", \"Image\": \"C:\\\\Program Files (x86)\\\\Microsoft\\\\Edge\\\\Application\\\\154.0.4258.53\\\\identity_helper.exe\", \"IntegrityLevel\": \"Medium\", \"LogonGuid\": \"{00000000-0000-0000-0000-000000000000}\", \"LogonId\": \"0x0\", \"OriginalFileName\": \"identity_helper.exe\", \"ParentCommandLine\": \"\\\"C:\\\\Program Files (x86)\\\\Microsoft\\\\Edge\\\\Application\\\\msedge.exe\\\" --no-startup-window /prefetch:5\", \"ParentImage\": \"C:\\\\Program Files (x86)\\\\Microsoft\\\\Edge\\\\Application\\\\msedge.exe\", \"ParentProcessGuid\": \"{00000000-0000-0000-0000-000000000000}\", \"ParentProcessId\": \"128124\", \"ParentUser\": \"WORKSTATION\\\\analyst's\", \"ProcessGuid\": \"{00000000-0000-0000-0000-000000000000}\", \"ProcessId\": \"114368\", \"Product\": \"Microsoft Edge\", \"RuleName\": \"-\", \"TerminalSessionId\": \"1\", \"User\": \"WORKSTATION\\\\analyst's\", \"UtcTime\": \"2026-10-07 01:38:52.360\"}, \"Id\": 1, \"Level\": \"Information\", \"Message\": \"Process Create:\\r\\nRuleName: -\\r\\nUtcTime: 2026-10-07 01:38:52.360\\r\\nProcessGuid: {00000000-0000-0000-0000-000000000000}\\r\\nProcessId: 114368\\r\\nImage: C:\\\\Program Files (x86)\\\\Microsoft\\\\Edge\\\\Application\\\\154.0.4258.53\\\\identity_helper.exe\\r\\nFileVersion: 154.0.4258.53\\r\\nDescription: PWA Identity Proxy Host\\r\\nProduct: Microsoft Edge\\r\\nCompany: Microsoft Corporation\\r\\nOriginalFileName: identity_helper.exe\\r\\nCommandLine: \\\"C:\\\\Program Files (x86)\\\\Microsoft\\\\Edge\\\\Application\\\\154.0.4258.53\\\\identity_helper.exe\\\" --type=utility --utility-sub-type=winrt_app_id.mojom.WinrtAppIdService --lang=en-US --service-sandbox-type=windows_package_identity --skip-read-main-dll --metrics-shmem-handle=5380,i,1407374047008404529,11925977352909714490,524288 --field-trial-handle=2148,i,14635565451361161195,14368009677930593970,262144 --variations-seed-version --pseudonymization-salt-handle=2208,i,2264156912520860119,10053990856920933104,4 --trace-process-track-uuid=3190708991934122588 --mojo-platform-channel-handle=5340 /prefetch:14\\r\\nCurrentDirectory: C:\\\\Program Files (x86)\\\\Microsoft\\\\Edge\\\\Application\\\\154.0.4258.53\\\\\\r\\nUser: WORKSTATION\\\\analyst's\\r\\nLogonGuid: {00000000-0000-0000-0000-000000000000}\\r\\nLogonId: 0x0\\r\\nTerminalSessionI\", \"Provider\": \"Microsoft-Windows-Sysmon\", \"RecordId\": 456438, \"TimeCreated\": \"2026-10-07T07:08:52.3653889+05:30\", \"User\": {\"AccountDomainSid\": null, \"BinaryLength\": 12, \"Value\": \"S-1-5-0-0-0\"}}",
     "fields": {
      "RuleName": "-",
      "UtcTime": "2026-10-07 01:38:52.360",
      "Image": "C:\\Program Files (x86)\\Microsoft\\Edge\\Application\\154.0.4258.53\\identity_helper.exe",
      "FileVersion": "154.0.4258.53",
      "Description": "PWA Identity Proxy Host",
      "Product": "Microsoft Edge",
      "Company": "Microsoft Corporation",
      "OriginalFileName": "identity_helper.exe",
      "CommandLine": "\"C:\\Program Files (x86)\\Microsoft\\Edge\\Application\\154.0.4258.53\\identity_helper.exe\" --type=utility --utility-sub-type=winrt_app_id.mojom.WinrtAppIdService --lang=en-US --service-sandbox-type=windows_package_identity --skip-read-main-dll --metrics-shmem-handle=5380,i,1407374047008404529,11925977352909714490,524288 --field-trial-handle=2148,i,14635565451361161195,14368009677930593970,262144 --variations-seed-version --pseudonymization-salt-handle=2208,i,2264156912520860119,10053990856920933104,4 --trace-process-track-uuid=3190708991934122588 --mojo-platform-channel-handle=5340 /prefetch:14",
      "CurrentDirectory": "C:\\Program Files (x86)\\Microsoft\\Edge\\Application\\154.0.4258.53\\",
      "User": "WORKSTATION\\analyst's",
      "LogonId": "0x0",
      "TerminalSessionId": "1",
      "IntegrityLevel": "Medium",
      "ParentImage": "C:\\Program Files (x86)\\Microsoft\\Edge\\Application\\msedge.exe",
      "ParentCommandLine": "\"C:\\Program Files (x86)\\Microsoft\\Edge\\Application\\msedge.exe\" --no-startup-window /prefetch:5",
      "ParentUser": "WORKSTATION\\analyst's"
     },
     "captured_channel": "Microsoft-Windows-Sysmon/Operational"
    },
    {
     "timestamp": "2026-10-07T07:08:52.4137770+05:30",
     "channel": "Microsoft-Windows-Sysmon/Operational",
     "provider": "Microsoft-Windows-Sysmon",
     "event_id": "1",
     "level": "Information",
     "severity": "Low",
     "username": "WORKSTATION\\analyst's",
     "host": "localhost",
     "source_ip": "local",
     "message": "Process Create:\r\nRuleName: -\r\nUtcTime: 2026-10-07 01:38:52.408\r\nProcessGuid: {00000000-0000-0000-0000-000000000000}\r\nProcessId: 45908\r\nImage: C:\\Program Files (x86)\\Microsoft\\Edge\\Application\\msedge.exe\r\nFileVersion: 154.0.4258.53\r\nDescription: Microsoft Edge\r\nProduct: Microsoft Edge\r\nCompany: Micro",
     "record_id": 456439,
     "source": "windows-event-log",
     "is_alert": false,
     "rule_name": "",
     "external_id": "Microsoft-Windows-Sysmon/Operational:456439",
     "raw_log": "{\"Channel\": \"Microsoft-Windows-Sysmon/Operational\", \"EventData\": {\"CommandLine\": \"\\\"C:\\\\Program Files (x86)\\\\Microsoft\\\\Edge\\\\Application\\\\msedge.exe\\\" --type=utility --utility-sub-type=chrome.mojom.ProfileImport --lang=en-US --service-sandbox-type=none --skip-read-main-dll --metrics-shmem-handle=5484,i,14115074489241670290,8769681856826784510,524288 --field-trial-handle=2148,i,14635565451361161195,14368009677930593970,262144 --variations-seed-version --pseudonymization-salt-handle=2208,i,2264156912520860119,10053990856920933104,4 --trace-process-track-uuid=3190708992871164437 --mojo-platform-channel-handle=5424 /prefetch:14\", \"Company\": \"Microsoft Corporation\", \"CurrentDirectory\": \"C:\\\\Program Files (x86)\\\\Microsoft\\\\Edge\\\\Application\\\\154.0.4258.53\\\\\", \"Description\": \"Microsoft Edge\", \"FileVersion\": \"154.0.4258.53\", \"Hashes\": \"SHA256=39966F2799D3503E74871C945BA1C4877F38426D1C28756AB1545AD7C3DE8907\", \"Image\": \"C:\\\\Program Files (x86)\\\\Microsoft\\\\Edge\\\\Application\\\\msedge.exe\", \"IntegrityLevel\": \"Medium\", \"LogonGuid\": \"{00000000-0000-0000-0000-000000000000}\", \"LogonId\": \"0x0\", \"OriginalFileName\": \"msedge.exe\", \"ParentCommandLine\": \"\\\"C:\\\\Program Files (x86)\\\\Microsoft\\\\Edge\\\\Application\\\\msedge.exe\\\" --no-startup-window /prefetch:5\", \"ParentImage\": \"C:\\\\Program Files (x86)\\\\Microsoft\\\\Edge\\\\Application\\\\msedge.exe\", \"ParentProcessGuid\": \"{00000000-0000-0000-0000-000000000000}\", \"ParentProcessId\": \"128124\", \"ParentUser\": \"WORKSTATION\\\\analyst's\", \"ProcessGuid\": \"{00000000-0000-0000-0000-000000000000}\", \"ProcessId\": \"45908\", \"Product\": \"Microsoft Edge\", \"RuleName\": \"-\", \"TerminalSessionId\": \"1\", \"User\": \"WORKSTATION\\\\analyst's\", \"UtcTime\": \"2026-10-07 01:38:52.408\"}, \"Id\": 1, \"Level\": \"Information\", \"Message\": \"Process Create:\\r\\nRuleName: -\\r\\nUtcTime: 2026-10-07 01:38:52.408\\r\\nProcessGuid: {00000000-0000-0000-0000-000000000000}\\r\\nProcessId: 45908\\r\\nImage: C:\\\\Program Files (x86)\\\\Microsoft\\\\Edge\\\\Application\\\\msedge.exe\\r\\nFileVersion: 154.0.4258.53\\r\\nDescription: Microsoft Edge\\r\\nProduct: Microsoft Edge\\r\\nCompany: Microsoft Corporation\\r\\nOriginalFileName: msedge.exe\\r\\nCommandLine: \\\"C:\\\\Program Files (x86)\\\\Microsoft\\\\Edge\\\\Application\\\\msedge.exe\\\" --type=utility --utility-sub-type=chrome.mojom.ProfileImport --lang=en-US --service-sandbox-type=none --skip-read-main-dll --metrics-shmem-handle=5484,i,14115074489241670290,8769681856826784510,524288 --field-trial-handle=2148,i,14635565451361161195,14368009677930593970,262144 --variations-seed-version --pseudonymization-salt-handle=2208,i,2264156912520860119,10053990856920933104,4 --trace-process-track-uuid=3190708992871164437 --mojo-platform-channel-handle=5424 /prefetch:14\\r\\nCurrentDirectory: C:\\\\Program Files (x86)\\\\Microsoft\\\\Edge\\\\Application\\\\154.0.4258.53\\\\\\r\\nUser: WORKSTATION\\\\analyst's\\r\\nLogonGuid: {00000000-0000-0000-0000-000000000000}\\r\\nLogonId: 0x0\\r\\nTerminalSessionId: 1\\r\\nIntegrityLevel: Medium\\r\\nHashes: SHA256=39966F2799D3503E74871C945BA1C4877F38426D1C28756AB1\", \"Provider\": \"Microsoft-Windows-Sysmon\", \"RecordId\": 456439, \"TimeCreated\": \"2026-10-07T07:08:52.4137770+05:30\", \"User\": {\"AccountDomainSid\": null, \"BinaryLength\": 12, \"Value\": \"S-1-5-0-0-0\"}}",
     "fields": {
      "RuleName": "-",
      "UtcTime": "2026-10-07 01:38:52.408",
      "Image": "C:\\Program Files (x86)\\Microsoft\\Edge\\Application\\msedge.exe",
      "FileVersion": "154.0.4258.53",
      "Description": "Microsoft Edge",
      "Product": "Microsoft Edge",
      "Company": "Microsoft Corporation",
      "OriginalFileName": "msedge.exe",
      "CommandLine": "\"C:\\Program Files (x86)\\Microsoft\\Edge\\Application\\msedge.exe\" --type=utility --utility-sub-type=chrome.mojom.ProfileImport --lang=en-US --service-sandbox-type=none --skip-read-main-dll --metrics-shmem-handle=5484,i,14115074489241670290,8769681856826784510,524288 --field-trial-handle=2148,i,14635565451361161195,14368009677930593970,262144 --variations-seed-version --pseudonymization-salt-handle=2208,i,2264156912520860119,10053990856920933104,4 --trace-process-track-uuid=3190708992871164437 --mojo-platform-channel-handle=5424 /prefetch:14",
      "CurrentDirectory": "C:\\Program Files (x86)\\Microsoft\\Edge\\Application\\154.0.4258.53\\",
      "User": "WORKSTATION\\analyst's",
      "LogonId": "0x0",
      "TerminalSessionId": "1",
      "IntegrityLevel": "Medium",
      "ParentImage": "C:\\Program Files (x86)\\Microsoft\\Edge\\Application\\msedge.exe",
      "ParentCommandLine": "\"C:\\Program Files (x86)\\Microsoft\\Edge\\Application\\msedge.exe\" --no-startup-window /prefetch:5",
      "ParentUser": "WORKSTATION\\analyst's"
     },
     "captured_channel": "Microsoft-Windows-Sysmon/Operational"
    },
    {
     "timestamp": "2026-10-07T07:08:52.4499589+05:30",
     "channel": "Microsoft-Windows-Sysmon/Operational",
     "provider": "Microsoft-Windows-Sysmon",
     "event_id": "1",
     "level": "Information",
     "severity": "Low",
     "username": "WORKSTATION\\analyst's",
     "host": "localhost",
     "source_ip": "local",
     "message": "Process Create:\r\nRuleName: -\r\nUtcTime: 2026-10-07 01:38:52.444\r\nProcessGuid: {00000000-0000-0000-0000-000000000000}\r\nProcessId: 49784\r\nImage: C:\\Program Files (x86)\\Microsoft\\Edge\\Application\\msedge.exe\r\nFileVersion: 154.0.4258.53\r\nDescription: Microsoft Edge\r\nProduct: Microsoft Edge\r\nCompany: Micro",
     "record_id": 456440,
     "source": "windows-event-log",
     "is_alert": false,
     "rule_name": "",
     "external_id": "Microsoft-Windows-Sysmon/Operational:456440",
     "raw_log": "{\"Channel\": \"Microsoft-Windows-Sysmon/Operational\", \"EventData\": {\"CommandLine\": \"\\\"C:\\\\Program Files (x86)\\\\Microsoft\\\\Edge\\\\Application\\\\msedge.exe\\\" --type=renderer --extension-process --renderer-sub-type=extension --pdf-upsell-enabled --video-capture-use-gpu-memory-buffer --lang=en-US --js-flags=--ms-user-locale=en_IN --device-scale-factor=1 --num-raster-threads=4 --enable-main-frame-before-activation --renderer-client-id=8 --skip-read-main-dll --launch-time-ticks=480186971389 --metrics-shmem-handle=5156,i,16294573752750025104,16522089119147516107,1048576 --field-trial-handle=2148,i,14635565451361161195,14368009677930593970,262144 --variations-seed-version --pseudonymization-salt-handle=2208,i,2264156912520860119,10053990856920933104,4 --trace-process-track-uuid=3190708993808206286 --mojo-platform-channel-handle=5764 /prefetch:9\", \"Company\": \"Microsoft Corporation\", \"CurrentDirectory\": \"C:\\\\Program Files (x86)\\\\Microsoft\\\\Edge\\\\Application\\\\154.0.4258.53\\\\\", \"Description\": \"Microsoft Edge\", \"FileVersion\": \"154.0.4258.53\", \"Hashes\": \"SHA256=39966F2799D3503E74871C945BA1C4877F38426D1C28756AB1545AD7C3DE8907\", \"Image\": \"C:\\\\Program Files (x86)\\\\Microsoft\\\\Edge\\\\Application\\\\msedge.exe\", \"IntegrityLevel\": \"AppContainer\", \"LogonGuid\": \"{00000000-0000-0000-0000-000000000000}\", \"LogonId\": \"0x0\", \"OriginalFileName\": \"msedge.exe\", \"ParentCommandLine\": \"\\\"C:\\\\Program Files (x86)\\\\Microsoft\\\\Edge\\\\Application\\\\msedge.exe\\\" --no-startup-window /prefetch:5\", \"ParentImage\": \"C:\\\\Program Files (x86)\\\\Microsoft\\\\Edge\\\\Application\\\\msedge.exe\", \"ParentProcessGuid\": \"{00000000-0000-0000-0000-000000000000}\", \"ParentProcessId\": \"128124\", \"ParentUser\": \"WORKSTATION\\\\analyst's\", \"ProcessGuid\": \"{00000000-0000-0000-0000-000000000000}\", \"ProcessId\": \"49784\", \"Product\": \"Microsoft Edge\", \"RuleName\": \"-\", \"TerminalSessionId\": \"1\", \"User\": \"WORKSTATION\\\\analyst's\", \"UtcTime\": \"2026-10-07 01:38:52.444\"}, \"Id\": 1, \"Level\": \"Information\", \"Message\": \"Process Create:\\r\\nRuleName: -\\r\\nUtcTime: 2026-10-07 01:38:52.444\\r\\nProcessGuid: {00000000-0000-0000-0000-000000000000}\\r\\nProcessId: 49784\\r\\nImage: C:\\\\Program Files (x86)\\\\Microsoft\\\\Edge\\\\Application\\\\msedge.exe\\r\\nFileVersion: 154.0.4258.53\\r\\nDescription: Microsoft Edge\\r\\nProduct: Microsoft Edge\\r\\nCompany: Microsoft Corporation\\r\\nOriginalFileName: msedge.exe\\r\\nCommandLine: \\\"C:\\\\Program Files (x86)\\\\Microsoft\\\\Edge\\\\Application\\\\msedge.exe\\\" --type=renderer --extension-process --renderer-sub-type=extension --pdf-upsell-enabled --video-capture-use-gpu-memory-buffer --lang=en-US --js-flags=--ms-user-locale=en_IN --device-scale-factor=1 --num-raster-threads=4 --enable-main-frame-before-activation --renderer-client-id=8 --skip-read-main-dll --launch-time-ticks=480186971389 --metrics-shmem-handle=5156,i,16294573752750025104,16522089119147516107,1048576 --field-trial-handle=2148,i,14635565451361161195,14368009677930593970,262144 --variations-seed-version --pseudonymization-salt-handle=2208,i,2264156912520860119,10053990856920933104,4 --trace-process-track-uuid=3190708993808206286 --mojo-platform-channel-handle=5764 /prefetch:9\\r\\nCurrentDirectory: C:\\\\Program Files (x86)\\\\Microsoft\\\\Edge\\\\Application\\\\154.0.4258.53\\\\\", \"Provider\": \"Microsoft-Windows-Sysmon\", \"RecordId\": 456440, \"TimeCreated\": \"2026-10-07T07:08:52.4499589+05:30\", \"User\": {\"AccountDomainSid\": null, \"BinaryLength\": 12, \"Value\": \"S-1-5-0-0-0\"}}",
     "fields": {
      "RuleName": "-",
      "UtcTime": "2026-10-07 01:38:52.444",
      "Image": "C:\\Program Files (x86)\\Microsoft\\Edge\\Application\\msedge.exe",
      "FileVersion": "154.0.4258.53",
      "Description": "Microsoft Edge",
      "Product": "Microsoft Edge",
      "Company": "Microsoft Corporation",
      "OriginalFileName": "msedge.exe",
      "CommandLine": "\"C:\\Program Files (x86)\\Microsoft\\Edge\\Application\\msedge.exe\" --type=renderer --extension-process --renderer-sub-type=extension --pdf-upsell-enabled --video-capture-use-gpu-memory-buffer --lang=en-US --js-flags=--ms-user-locale=en_IN --device-scale-factor=1 --num-raster-threads=4 --enable-main-frame-before-activation --renderer-client-id=8 --skip-read-main-dll --launch-time-ticks=480186971389 --metrics-shmem-handle=5156,i,16294573752750025104,16522089119147516107,1048576 --field-trial-handle=2148,i,14635565451361161195,14368009677930593970,262144 --variations-seed-version --pseudonymization-salt-handle=2208,i,2264156912520860119,10053990856920933104,4 --trace-process-track-uuid=3190708993808206286 --mojo-platform-channel-handle=5764 /prefetch:9",
      "CurrentDirectory": "C:\\Program Files (x86)\\Microsoft\\Edge\\Application\\154.0.4258.53\\",
      "User": "WORKSTATION\\analyst's",
      "LogonId": "0x0",
      "TerminalSessionId": "1",
      "IntegrityLevel": "AppContainer",
      "ParentImage": "C:\\Program Files (x86)\\Microsoft\\Edge\\Application\\msedge.exe",
      "ParentCommandLine": "\"C:\\Program Files (x86)\\Microsoft\\Edge\\Application\\msedge.exe\" --no-startup-window /prefetch:5",
      "ParentUser": "WORKSTATION\\analyst's"
     },
     "captured_channel": "Microsoft-Windows-Sysmon/Operational"
    },
    {
     "timestamp": "2026-10-07T07:08:52.4646278+05:30",
     "channel": "Microsoft-Windows-Sysmon/Operational",
     "provider": "Microsoft-Windows-Sysmon",
     "event_id": "1",
     "level": "Information",
     "severity": "Low",
     "username": "NT AUTHORITY\\SYSTEM",
     "host": "localhost",
     "source_ip": "local",
     "message": "Process Create:\r\nRuleName: -\r\nUtcTime: 2026-10-07 01:38:52.458\r\nProcessGuid: {00000000-0000-0000-0000-000000000000}\r\nProcessId: 60916\r\nImage: C:\\Program Files (x86)\\Microsoft\\Edge\\Application\\154.0.4258.62\\elevation_service.exe\r\nFileVersion: 154.0.4258.62\r\nDescription: Microsoft Edge\r\nProduct: Micro",
     "record_id": 456441,
     "source": "windows-event-log",
     "is_alert": false,
     "rule_name": "",
     "external_id": "Microsoft-Windows-Sysmon/Operational:456441",
     "raw_log": "{\"Channel\": \"Microsoft-Windows-Sysmon/Operational\", \"EventData\": {\"CommandLine\": \"\\\"C:\\\\Program Files (x86)\\\\Microsoft\\\\Edge\\\\Application\\\\154.0.4258.62\\\\elevation_service.exe\\\"\", \"Company\": \"Microsoft Corporation\", \"CurrentDirectory\": \"C:\\\\windows\\\\system32\\\\\", \"Description\": \"Microsoft Edge\", \"FileVersion\": \"154.0.4258.62\", \"Hashes\": \"SHA256=CF429BDD24F11E01E073251D4CF38868987081A3817D89EB1C9343343E1338AD\", \"Image\": \"C:\\\\Program Files (x86)\\\\Microsoft\\\\Edge\\\\Application\\\\154.0.4258.62\\\\elevation_service.exe\", \"IntegrityLevel\": \"System\", \"LogonGuid\": \"{00000000-0000-0000-0000-000000000000}\", \"LogonId\": \"0x3e7\", \"OriginalFileName\": \"elevation_service.exe\", \"ParentCommandLine\": \"C:\\\\windows\\\\system32\\\\services.exe\", \"ParentImage\": \"C:\\\\Windows\\\\System32\\\\services.exe\", \"ParentProcessGuid\": \"{00000000-0000-0000-0000-000000000000}\", \"ParentProcessId\": \"1672\", \"ParentUser\": \"NT AUTHORITY\\\\SYSTEM\", \"ProcessGuid\": \"{00000000-0000-0000-0000-000000000000}\", \"ProcessId\": \"60916\", \"Product\": \"Microsoft Edge\", \"RuleName\": \"-\", \"TerminalSessionId\": \"0\", \"User\": \"NT AUTHORITY\\\\SYSTEM\", \"UtcTime\": \"2026-10-07 01:38:52.458\"}, \"Id\": 1, \"Level\": \"Information\", \"Message\": \"Process Create:\\r\\nRuleName: -\\r\\nUtcTime: 2026-10-07 01:38:52.458\\r\\nProcessGuid: {00000000-0000-0000-0000-000000000000}\\r\\nProcessId: 60916\\r\\nImage: C:\\\\Program Files (x86)\\\\Microsoft\\\\Edge\\\\Application\\\\154.0.4258.62\\\\elevation_service.exe\\r\\nFileVersion: 154.0.4258.62\\r\\nDescription: Microsoft Edge\\r\\nProduct: Microsoft Edge\\r\\nCompany: Microsoft Corporation\\r\\nOriginalFileName: elevation_service.exe\\r\\nCommandLine: \\\"C:\\\\Program Files (x86)\\\\Microsoft\\\\Edge\\\\Application\\\\154.0.4258.62\\\\elevation_service.exe\\\"\\r\\nCurrentDirectory: C:\\\\windows\\\\system32\\\\\\r\\nUser: NT AUTHORITY\\\\SYSTEM\\r\\nLogonGuid: {00000000-0000-0000-0000-000000000000}\\r\\nLogonId: 0x3E7\\r\\nTerminalSessionId: 0\\r\\nIntegrityLevel: System\\r\\nHashes: SHA256=CF429BDD24F11E01E073251D4CF38868987081A3817D89EB1C9343343E1338AD\\r\\nParentProcessGuid: {00000000-0000-0000-0000-000000000000}\\r\\nParentProcessId: 1672\\r\\nParentImage: C:\\\\Windows\\\\System32\\\\services.exe\\r\\nParentCommandLine: C:\\\\windows\\\\system32\\\\services.exe\\r\\nParentUser: NT AUTHORITY\\\\SYSTEM\", \"Provider\": \"Microsoft-Windows-Sysmon\", \"RecordId\": 456441, \"TimeCreated\": \"2026-10-07T07:08:52.4646278+05:30\", \"User\": {\"AccountDomainSid\": null, \"BinaryLength\": 12, \"Value\": \"S-1-5-0-0-0\"}}",
     "fields": {
      "RuleName": "-",
      "UtcTime": "2026-10-07 01:38:52.458",
      "Image": "C:\\Program Files (x86)\\Microsoft\\Edge\\Application\\154.0.4258.62\\elevation_service.exe",
      "FileVersion": "154.0.4258.62",
      "Description": "Microsoft Edge",
      "Product": "Microsoft Edge",
      "Company": "Microsoft Corporation",
      "OriginalFileName": "elevation_service.exe",
      "CommandLine": "\"C:\\Program Files (x86)\\Microsoft\\Edge\\Application\\154.0.4258.62\\elevation_service.exe\"",
      "CurrentDirectory": "C:\\windows\\system32\\",
      "User": "NT AUTHORITY\\SYSTEM",
      "LogonId": "0x3e7",
      "TerminalSessionId": "0",
      "IntegrityLevel": "System",
      "ParentImage": "C:\\Windows\\System32\\services.exe",
      "ParentCommandLine": "C:\\windows\\system32\\services.exe",
      "ParentUser": "NT AUTHORITY\\SYSTEM"
     },
     "captured_channel": "Microsoft-Windows-Sysmon/Operational"
    },
    {
     "timestamp": "2026-10-07T07:08:49.7199562+05:30",
     "channel": "Microsoft-Windows-PowerShell/Operational",
     "provider": "Microsoft-Windows-PowerShell",
     "event_id": "40961",
     "level": "Information",
     "severity": "Low",
     "username": "{'BinaryLength': 28, 'AccountDomainSid': {'BinaryLength': 24, 'AccountDomainSid': {'BinaryLength': 24, 'AccountDomainSid': 'S-1-5-0-0-0-1001', 'Value': 'S-1-5-0-0-0-1001'}, 'Value': 'S-1-5-0-0-0-1001'}, 'Value': 'S-1-5-0-0-0-1001'}",
     "host": "localhost",
     "source_ip": "local",
     "message": "PowerShell console is starting up",
     "record_id": 425228,
     "source": "windows-event-log",
     "is_alert": false,
     "rule_name": "",
     "external_id": "Microsoft-Windows-PowerShell/Operational:425228",
     "raw_log": "{\"Channel\": \"Microsoft-Windows-PowerShell/Operational\", \"EventData\": {}, \"Id\": 40961, \"Level\": \"Information\", \"Message\": \"PowerShell console is starting up\", \"Provider\": \"Microsoft-Windows-PowerShell\", \"RecordId\": 425228, \"TimeCreated\": \"2026-10-07T07:08:49.7199562+05:30\", \"User\": {\"AccountDomainSid\": {\"AccountDomainSid\": {\"AccountDomainSid\": \"S-1-5-0-0-0-1001\", \"BinaryLength\": 24, \"Value\": \"S-1-5-0-0-0-1001\"}, \"BinaryLength\": 24, \"Value\": \"S-1-5-0-0-0-1001\"}, \"BinaryLength\": 28, \"Value\": \"S-1-5-0-0-0-1001\"}}",
     "fields": {},
     "captured_channel": "Microsoft-Windows-PowerShell/Operational"
    },
    {
     "timestamp": "2026-10-07T07:08:49.7998723+05:30",
     "channel": "Microsoft-Windows-PowerShell/Operational",
     "provider": "Microsoft-Windows-PowerShell",
     "event_id": "53504",
     "level": "Information",
     "severity": "Low",
     "username": "{'BinaryLength': 28, 'AccountDomainSid': {'BinaryLength': 24, 'AccountDomainSid': {'BinaryLength': 24, 'AccountDomainSid': 'S-1-5-0-0-0-1001', 'Value': 'S-1-5-0-0-0-1001'}, 'Value': 'S-1-5-0-0-0-1001'}, 'Value': 'S-1-5-0-0-0-1001'}",
     "host": "localhost",
     "source_ip": "local",
     "message": "Windows PowerShell has started an IPC listening thread on process: 50932 in AppDomain: DefaultAppDomain.",
     "record_id": 425229,
     "source": "windows-event-log",
     "is_alert": false,
     "rule_name": "",
     "external_id": "Microsoft-Windows-PowerShell/Operational:425229",
     "raw_log": "{\"Channel\": \"Microsoft-Windows-PowerShell/Operational\", \"EventData\": {\"param1\": \"50932\", \"param2\": \"DefaultAppDomain\"}, \"Id\": 53504, \"Level\": \"Information\", \"Message\": \"Windows PowerShell has started an IPC listening thread on process: 50932 in AppDomain: DefaultAppDomain.\", \"Provider\": \"Microsoft-Windows-PowerShell\", \"RecordId\": 425229, \"TimeCreated\": \"2026-10-07T07:08:49.7998723+05:30\", \"User\": {\"AccountDomainSid\": {\"AccountDomainSid\": {\"AccountDomainSid\": \"S-1-5-0-0-0-1001\", \"BinaryLength\": 24, \"Value\": \"S-1-5-0-0-0-1001\"}, \"BinaryLength\": 24, \"Value\": \"S-1-5-0-0-0-1001\"}, \"BinaryLength\": 28, \"Value\": \"S-1-5-0-0-0-1001\"}}",
     "fields": {
      "param1": "50932",
      "param2": "DefaultAppDomain"
     },
     "captured_channel": "Microsoft-Windows-PowerShell/Operational"
    },
    {
     "timestamp": "2026-10-07T07:08:49.8259759+05:30",
     "channel": "Microsoft-Windows-PowerShell/Operational",
     "provider": "Microsoft-Windows-PowerShell",
     "event_id": "40962",
     "level": "Information",
     "severity": "Low",
     "username": "{'BinaryLength': 28, 'AccountDomainSid': {'BinaryLength': 24, 'AccountDomainSid': {'BinaryLength': 24, 'AccountDomainSid': 'S-1-5-0-0-0-1001', 'Value': 'S-1-5-0-0-0-1001'}, 'Value': 'S-1-5-0-0-0-1001'}, 'Value': 'S-1-5-0-0-0-1001'}",
     "host": "localhost",
     "source_ip": "local",
     "message": "PowerShell console is ready for user input",
     "record_id": 425230,
     "source": "windows-event-log",
     "is_alert": false,
     "rule_name": "",
     "external_id": "Microsoft-Windows-PowerShell/Operational:425230",
     "raw_log": "{\"Channel\": \"Microsoft-Windows-PowerShell/Operational\", \"EventData\": {}, \"Id\": 40962, \"Level\": \"Information\", \"Message\": \"PowerShell console is ready for user input\", \"Provider\": \"Microsoft-Windows-PowerShell\", \"RecordId\": 425230, \"TimeCreated\": \"2026-10-07T07:08:49.8259759+05:30\", \"User\": {\"AccountDomainSid\": {\"AccountDomainSid\": {\"AccountDomainSid\": \"S-1-5-0-0-0-1001\", \"BinaryLength\": 24, \"Value\": \"S-1-5-0-0-0-1001\"}, \"BinaryLength\": 24, \"Value\": \"S-1-5-0-0-0-1001\"}, \"BinaryLength\": 28, \"Value\": \"S-1-5-0-0-0-1001\"}}",
     "fields": {},
     "captured_channel": "Microsoft-Windows-PowerShell/Operational"
    },
    {
     "timestamp": "2026-10-07T07:08:49.8691575+05:30",
     "channel": "Microsoft-Windows-PowerShell/Operational",
     "provider": "Microsoft-Windows-PowerShell",
     "event_id": "4104",
     "level": "Verbose",
     "severity": "Low",
     "username": "{'BinaryLength': 28, 'AccountDomainSid': {'BinaryLength': 24, 'AccountDomainSid': {'BinaryLength': 24, 'AccountDomainSid': 'S-1-5-0-0-0-1001', 'Value': 'S-1-5-0-0-0-1001'}, 'Value': 'S-1-5-0-0-0-1001'}, 'Value': 'S-1-5-0-0-0-1001'}",
     "host": "localhost",
     "source_ip": "local",
     "message": "Creating Scriptblock text (1 of 1):\r\nGet-Date\r\n\r\nScriptBlock ID: 00000000-0000-0000-0000-000000000000\r\nPath:",
     "record_id": 425231,
     "source": "windows-event-log",
     "is_alert": false,
     "rule_name": "",
     "external_id": "Microsoft-Windows-PowerShell/Operational:425231",
     "raw_log": "{\"Channel\": \"Microsoft-Windows-PowerShell/Operational\", \"EventData\": {\"MessageNumber\": \"1\", \"MessageTotal\": \"1\", \"Path\": \"\", \"ScriptBlockId\": \"00000000-0000-0000-0000-000000000000\", \"ScriptBlockText\": \"Get-Date\"}, \"Id\": 4104, \"Level\": \"Verbose\", \"Message\": \"Creating Scriptblock text (1 of 1):\\r\\nGet-Date\\r\\n\\r\\nScriptBlock ID: 00000000-0000-0000-0000-000000000000\\r\\nPath: \", \"Provider\": \"Microsoft-Windows-PowerShell\", \"RecordId\": 425231, \"TimeCreated\": \"2026-10-07T07:08:49.8691575+05:30\", \"User\": {\"AccountDomainSid\": {\"AccountDomainSid\": {\"AccountDomainSid\": \"S-1-5-0-0-0-1001\", \"BinaryLength\": 24, \"Value\": \"S-1-5-0-0-0-1001\"}, \"BinaryLength\": 24, \"Value\": \"S-1-5-0-0-0-1001\"}, \"BinaryLength\": 28, \"Value\": \"S-1-5-0-0-0-1001\"}}",
     "fields": {
      "MessageNumber": "1",
      "MessageTotal": "1",
      "ScriptBlockText": "Get-Date",
      "ScriptBlockId": "00000000-0000-0000-0000-000000000000",
      "Path": ""
     },
     "captured_channel": "Microsoft-Windows-PowerShell/Operational"
    },
    {
     "timestamp": "2026-10-07T07:08:49.9369739+05:30",
     "channel": "Microsoft-Windows-PowerShell/Operational",
     "provider": "Microsoft-Windows-PowerShell",
     "event_id": "4104",
     "level": "Verbose",
     "severity": "Low",
     "username": "{'BinaryLength': 28, 'AccountDomainSid': {'BinaryLength': 24, 'AccountDomainSid': {'BinaryLength': 24, 'AccountDomainSid': 'S-1-5-0-0-0-1001', 'Value': 'S-1-5-0-0-0-1001'}, 'Value': 'S-1-5-0-0-0-1001'}, 'Value': 'S-1-5-0-0-0-1001'}",
     "host": "localhost",
     "source_ip": "local",
     "message": "Creating Scriptblock text (1 of 1):\r\n{ Set-StrictMode -Version 1; $this.DisplayHint }\r\n\r\nScriptBlock ID: 00000000-0000-0000-0000-000000000000\r\nPath:",
     "record_id": 425232,
     "source": "windows-event-log",
     "is_alert": false,
     "rule_name": "",
     "external_id": "Microsoft-Windows-PowerShell/Operational:425232",
     "raw_log": "{\"Channel\": \"Microsoft-Windows-PowerShell/Operational\", \"EventData\": {\"MessageNumber\": \"1\", \"MessageTotal\": \"1\", \"Path\": \"\", \"ScriptBlockId\": \"00000000-0000-0000-0000-000000000000\", \"ScriptBlockText\": \"{ Set-StrictMode -Version 1; $this.DisplayHint }\"}, \"Id\": 4104, \"Level\": \"Verbose\", \"Message\": \"Creating Scriptblock text (1 of 1):\\r\\n{ Set-StrictMode -Version 1; $this.DisplayHint }\\r\\n\\r\\nScriptBlock ID: 00000000-0000-0000-0000-000000000000\\r\\nPath: \", \"Provider\": \"Microsoft-Windows-PowerShell\", \"RecordId\": 425232, \"TimeCreated\": \"2026-10-07T07:08:49.9369739+05:30\", \"User\": {\"AccountDomainSid\": {\"AccountDomainSid\": {\"AccountDomainSid\": \"S-1-5-0-0-0-1001\", \"BinaryLength\": 24, \"Value\": \"S-1-5-0-0-0-1001\"}, \"BinaryLength\": 24, \"Value\": \"S-1-5-0-0-0-1001\"}, \"BinaryLength\": 28, \"Value\": \"S-1-5-0-0-0-1001\"}}",
     "fields": {
      "MessageNumber": "1",
      "MessageTotal": "1",
      "ScriptBlockText": "{ Set-StrictMode -Version 1; $this.DisplayHint }",
      "ScriptBlockId": "00000000-0000-0000-0000-000000000000",
      "Path": ""
     },
     "captured_channel": "Microsoft-Windows-PowerShell/Operational"
    },
    {
     "timestamp": "2026-10-07T07:08:49.9448401+05:30",
     "channel": "Microsoft-Windows-PowerShell/Operational",
     "provider": "Microsoft-Windows-PowerShell",
     "event_id": "4104",
     "level": "Verbose",
     "severity": "Low",
     "username": "{'BinaryLength': 28, 'AccountDomainSid': {'BinaryLength': 24, 'AccountDomainSid': {'BinaryLength': 24, 'AccountDomainSid': 'S-1-5-0-0-0-1001', 'Value': 'S-1-5-0-0-0-1001'}, 'Value': 'S-1-5-0-0-0-1001'}, 'Value': 'S-1-5-0-0-0-1001'}",
     "host": "localhost",
     "source_ip": "local",
     "message": "Creating Scriptblock text (1 of 1):\r\n{ Set-StrictMode -Version 1; $this.DisplayHint }\r\n\r\nScriptBlock ID: 00000000-0000-0000-0000-000000000000\r\nPath:",
     "record_id": 425233,
     "source": "windows-event-log",
     "is_alert": false,
     "rule_name": "",
     "external_id": "Microsoft-Windows-PowerShell/Operational:425233",
     "raw_log": "{\"Channel\": \"Microsoft-Windows-PowerShell/Operational\", \"EventData\": {\"MessageNumber\": \"1\", \"MessageTotal\": \"1\", \"Path\": \"\", \"ScriptBlockId\": \"00000000-0000-0000-0000-000000000000\", \"ScriptBlockText\": \"{ Set-StrictMode -Version 1; $this.DisplayHint }\"}, \"Id\": 4104, \"Level\": \"Verbose\", \"Message\": \"Creating Scriptblock text (1 of 1):\\r\\n{ Set-StrictMode -Version 1; $this.DisplayHint }\\r\\n\\r\\nScriptBlock ID: 00000000-0000-0000-0000-000000000000\\r\\nPath: \", \"Provider\": \"Microsoft-Windows-PowerShell\", \"RecordId\": 425233, \"TimeCreated\": \"2026-10-07T07:08:49.9448401+05:30\", \"User\": {\"AccountDomainSid\": {\"AccountDomainSid\": {\"AccountDomainSid\": \"S-1-5-0-0-0-1001\", \"BinaryLength\": 24, \"Value\": \"S-1-5-0-0-0-1001\"}, \"BinaryLength\": 24, \"Value\": \"S-1-5-0-0-0-1001\"}, \"BinaryLength\": 28, \"Value\": \"S-1-5-0-0-0-1001\"}}",
     "fields": {
      "MessageNumber": "1",
      "MessageTotal": "1",
      "ScriptBlockText": "{ Set-StrictMode -Version 1; $this.DisplayHint }",
      "ScriptBlockId": "00000000-0000-0000-0000-000000000000",
      "Path": ""
     },
     "captured_channel": "Microsoft-Windows-PowerShell/Operational"
    },
    {
     "timestamp": "2026-10-07T07:08:49.9497397+05:30",
     "channel": "Microsoft-Windows-PowerShell/Operational",
     "provider": "Microsoft-Windows-PowerShell",
     "event_id": "4104",
     "level": "Verbose",
     "severity": "Low",
     "username": "{'BinaryLength': 28, 'AccountDomainSid': {'BinaryLength': 24, 'AccountDomainSid': {'BinaryLength': 24, 'AccountDomainSid': 'S-1-5-0-0-0-1001', 'Value': 'S-1-5-0-0-0-1001'}, 'Value': 'S-1-5-0-0-0-1001'}, 'Value': 'S-1-5-0-0-0-1001'}",
     "host": "localhost",
     "source_ip": "local",
     "message": "Creating Scriptblock text (1 of 1):\r\n$global:?\r\n\r\nScriptBlock ID: 00000000-0000-0000-0000-000000000000\r\nPath:",
     "record_id": 425234,
     "source": "windows-event-log",
     "is_alert": false,
     "rule_name": "",
     "external_id": "Microsoft-Windows-PowerShell/Operational:425234",
     "raw_log": "{\"Channel\": \"Microsoft-Windows-PowerShell/Operational\", \"EventData\": {\"MessageNumber\": \"1\", \"MessageTotal\": \"1\", \"Path\": \"\", \"ScriptBlockId\": \"00000000-0000-0000-0000-000000000000\", \"ScriptBlockText\": \"$global:?\"}, \"Id\": 4104, \"Level\": \"Verbose\", \"Message\": \"Creating Scriptblock text (1 of 1):\\r\\n$global:?\\r\\n\\r\\nScriptBlock ID: 00000000-0000-0000-0000-000000000000\\r\\nPath: \", \"Provider\": \"Microsoft-Windows-PowerShell\", \"RecordId\": 425234, \"TimeCreated\": \"2026-10-07T07:08:49.9497397+05:30\", \"User\": {\"AccountDomainSid\": {\"AccountDomainSid\": {\"AccountDomainSid\": \"S-1-5-0-0-0-1001\", \"BinaryLength\": 24, \"Value\": \"S-1-5-0-0-0-1001\"}, \"BinaryLength\": 24, \"Value\": \"S-1-5-0-0-0-1001\"}, \"BinaryLength\": 28, \"Value\": \"S-1-5-0-0-0-1001\"}}",
     "fields": {
      "MessageNumber": "1",
      "MessageTotal": "1",
      "ScriptBlockText": "$global:?",
      "ScriptBlockId": "00000000-0000-0000-0000-000000000000",
      "Path": ""
     },
     "captured_channel": "Microsoft-Windows-PowerShell/Operational"
    }
   ]
  }
 ],
 "channels": [
  "Security",
  "System",
  "Application",
  "Microsoft-Windows-Sysmon/Operational",
  "Microsoft-Windows-Windows Defender/Operational",
  "Microsoft-Windows-PowerShell/Operational"
 ],
 "unreadable": [],
 "blocked_techniques": [],
 "note": "A capture from the attack lab, scrubbed for publication: the machine's name, the account name and its email, the SID and the real network destinations are replaced, addresses consistently so a flow still reads as a flow. Committed so the measurement can be re-derived rather than taken on trust."
}