     "source": "windows-event-log",
     "is_alert": false,
     "rule_name": "",
     "external_id": "Microsoft-Windows-PowerShell/Operational:425221",
     "raw_log": "{\"Channel\": \"Microsoft-Windows-PowerShell/Operational\", \"EventData\": {\"MessageNumber\": \"1\", \"MessageTotal\": \"1\", \"Path\": \"\", \"ScriptBlockId\": \"00000000-0000-0000-0000-000000000000\", \"ScriptBlockText\": \"$global:?\"}, \"Id\": 4104, \"Level\": \"Verbose\", \"Message\": \"Creating Scriptblock text (1 of 1):\\r\\n$global:?\\r\\n\\r\\nScriptBlock ID: 00000000-0000-0000-0000-000000000000\\r\\nPath: \", \"Provider\": \"Microsoft-Windows-PowerShell\", \"RecordId\": 425221, \"TimeCreated\": \"2026-10-07T07:08:26.0657541+05:30\", \"User\": {\"AccountDomainSid\": {\"AccountDomainSid\": {\"AccountDomainSid\": \"S-1-5-0-0-0-1001\", \"BinaryLength\": 24, \"Value\": \"S-1-5-0-0-0-1001\"}, \"BinaryLength\": 24, \"Value\": \"S-1-5-0-0-0-1001\"}, \"BinaryLength\": 28, \"Value\": \"S-1-5-0-0-0-1001\"}}",
     "fields": {
      "MessageNumber": "1",
      "MessageTotal": "1",
      "ScriptBlockText": "$global:?",
      "ScriptBlockId": "00000000-0000-0000-0000-000000000000",
      "Path": ""
     },
     "captured_channel": "Microsoft-Windows-PowerShell/Operational"
    }
   ]
  },
  {
   "label": "benign",
   "technique": "benign",
   "started": 1791337109.250136,
   "ended": 1791337121.191833,
   "events": [
    {
     "timestamp": "2026-10-07T07:08:32.1142388+05:30",
     "channel": "Security",
     "provider": "Microsoft-Windows-Security-Auditing",
     "event_id": "4798",
     "level": "Information",
     "severity": "Low",
     "username": "Administrator",
     "host": "localhost",
     "source_ip": "local",
     "message": "A user's local group membership was enumerated.\r\n\r\nSubject:\r\n\tSecurity ID:\t\tS-1-5-0-0-0\r\n\tAccount Name:\t\tWORKSTATION$\r\n\tAccount Domain:\t\tWORKGROUP\r\n\tLogon ID:\t\t0x3E7\r\n\r\nUser:\r\n\tSecurity ID:\t\tS-1-5-0-0-0-1001\r\n\tAccount Name:\t\tAdministrator\r\n\tAccount Domain:\t\tWORKSTATION\r\n\r\nProcess Information:\r\n\tProc",
     "record_id": 12529667,
     "source": "windows-event-log",
     "is_alert": false,
     "rule_name": "",
     "external_id": "Security:12529667",
     "raw_log": "{\"Channel\": \"Security\", \"EventData\": {\"CallerProcessId\": \"0x698\", \"CallerProcessName\": \"C:\\\\Windows\\\\System32\\\\svchost.exe\", \"SubjectDomainName\": \"WORKGROUP\", \"SubjectLogonId\": \"0x3e7\", \"SubjectUserName\": \"WORKSTATION$\", \"SubjectUserSid\": \"S-1-5-0-0-0\", \"TargetDomainName\": \"WORKSTATION\", \"TargetSid\": \"S-1-5-0-0-0-1001\", \"TargetUserName\": \"Administrator\"}, \"Id\": 4798, \"Level\": \"Information\", \"Message\": \"A user's local group membership was enumerated.\\r\\n\\r\\nSubject:\\r\\n\\tSecurity ID:\\t\\tS-1-5-0-0-0\\r\\n\\tAccount Name:\\t\\tWORKSTATION$\\r\\n\\tAccount Domain:\\t\\tWORKGROUP\\r\\n\\tLogon ID:\\t\\t0x3E7\\r\\n\\r\\nUser:\\r\\n\\tSecurity ID:\\t\\tS-1-5-0-0-0-1001\\r\\n\\tAccount Name:\\t\\tAdministrator\\r\\n\\tAccount Domain:\\t\\tWORKSTATION\\r\\n\\r\\nProcess Information:\\r\\n\\tProcess ID:\\t\\t0x698\\r\\n\\tProcess Name:\\t\\tC:\\\\Windows\\\\System32\\\\svchost.exe\", \"Provider\": \"Microsoft-Windows-Security-Auditing\", \"RecordId\": 12529667, \"TimeCreated\": \"2026-10-07T07:08:32.1142388+05:30\", \"User\": null}",
     "fields": {
      "TargetUserName": "Administrator",
      "TargetDomainName": "WORKSTATION",
      "TargetSid": "S-1-5-0-0-0-1001",
      "SubjectUserSid": "S-1-5-0-0-0",
      "SubjectUserName": "WORKSTATION$",
      "SubjectDomainName": "WORKGROUP",
      "SubjectLogonId": "0x3e7",
      "CallerProcessId": "0x698",
      "CallerProcessName": "C:\\Windows\\System32\\svchost.exe"
     },
     "captured_channel": "Security"
    },
    {
     "timestamp": "2026-10-07T07:08:32.1153631+05:30",
     "channel": "Security",
     "provider": "Microsoft-Windows-Security-Auditing",
     "event_id": "4798",
     "level": "Information",
     "severity": "Low",
     "username": "DefaultAccount",
     "host": "localhost",
     "source_ip": "local",
     "message": "A user's local group membership was enumerated.\r\n\r\nSubject:\r\n\tSecurity ID:\t\tS-1-5-0-0-0\r\n\tAccount Name:\t\tWORKSTATION$\r\n\tAccount Domain:\t\tWORKGROUP\r\n\tLogon ID:\t\t0x3E7\r\n\r\nUser:\r\n\tSecurity ID:\t\tS-1-5-0-0-0-1001\r\n\tAccount Name:\t\tDefaultAccount\r\n\tAccount Domain:\t\tWORKSTATION\r\n\r\nProcess Information:\r\n\tPro",
     "record_id": 12529668,
     "source": "windows-event-log",
     "is_alert": false,
     "rule_name": "",
     "external_id": "Security:12529668",
     "raw_log": "{\"Channel\": \"Security\", \"EventData\": {\"CallerProcessId\": \"0x698\", \"CallerProcessName\": \"C:\\\\Windows\\\\System32\\\\svchost.exe\", \"SubjectDomainName\": \"WORKGROUP\", \"SubjectLogonId\": \"0x3e7\", \"SubjectUserName\": \"WORKSTATION$\", \"SubjectUserSid\": \"S-1-5-0-0-0\", \"TargetDomainName\": \"WORKSTATION\", \"TargetSid\": \"S-1-5-0-0-0-1001\", \"TargetUserName\": \"DefaultAccount\"}, \"Id\": 4798, \"Level\": \"Information\", \"Message\": \"A user's local group membership was enumerated.\\r\\n\\r\\nSubject:\\r\\n\\tSecurity ID:\\t\\tS-1-5-0-0-0\\r\\n\\tAccount Name:\\t\\tWORKSTATION$\\r\\n\\tAccount Domain:\\t\\tWORKGROUP\\r\\n\\tLogon ID:\\t\\t0x3E7\\r\\n\\r\\nUser:\\r\\n\\tSecurity ID:\\t\\tS-1-5-0-0-0-1001\\r\\n\\tAccount Name:\\t\\tDefaultAccount\\r\\n\\tAccount Domain:\\t\\tWORKSTATION\\r\\n\\r\\nProcess Information:\\r\\n\\tProcess ID:\\t\\t0x698\\r\\n\\tProcess Name:\\t\\tC:\\\\Windows\\\\System32\\\\svchost.exe\", \"Provider\": \"Microsoft-Windows-Security-Auditing\", \"RecordId\": 12529668, \"TimeCreated\": \"2026-10-07T07:08:32.1153631+05:30\", \"User\": null}",
     "fields": {
      "TargetUserName": "DefaultAccount",
      "TargetDomainName": "WORKSTATION",
      "TargetSid": "S-1-5-0-0-0-1001",
      "SubjectUserSid": "S-1-5-0-0-0",
      "SubjectUserName": "WORKSTATION$",
      "SubjectDomainName": "WORKGROUP",
      "SubjectLogonId": "0x3e7",
      "CallerProcessId": "0x698",
      "CallerProcessName": "C:\\Windows\\System32\\svchost.exe"
     },
     "captured_channel": "Security"
    },
    {
     "timestamp": "2026-10-07T07:08:32.1159996+05:30",
     "channel": "Security",
     "provider": "Microsoft-Windows-Security-Auditing",
     "event_id": "4798",
     "level": "Information",
     "severity": "Low",
     "username": "Guest",
     "host": "localhost",
     "source_ip": "local",
     "message": "A user's local group membership was enumerated.\r\n\r\nSubject:\r\n\tSecurity ID:\t\tS-1-5-0-0-0\r\n\tAccount Name:\t\tWORKSTATION$\r\n\tAccount Domain:\t\tWORKGROUP\r\n\tLogon ID:\t\t0x3E7\r\n\r\nUser:\r\n\tSecurity ID:\t\tS-1-5-0-0-0-1001\r\n\tAccount Name:\t\tGuest\r\n\tAccount Domain:\t\tWORKSTATION\r\n\r\nProcess Information:\r\n\tProcess ID:\t",
     "record_id": 12529669,
     "source": "windows-event-log",
     "is_alert": false,
     "rule_name": "",
     "external_id": "Security:12529669",
     "raw_log": "{\"Channel\": \"Security\", \"EventData\": {\"CallerProcessId\": \"0x698\", \"CallerProcessName\": \"C:\\\\Windows\\\\System32\\\\svchost.exe\", \"SubjectDomainName\": \"WORKGROUP\", \"SubjectLogonId\": \"0x3e7\", \"SubjectUserName\": \"WORKSTATION$\", \"SubjectUserSid\": \"S-1-5-0-0-0\", \"TargetDomainName\": \"WORKSTATION\", \"TargetSid\": \"S-1-5-0-0-0-1001\", \"TargetUserName\": \"Guest\"}, \"Id\": 4798, \"Level\": \"Information\", \"Message\": \"A user's local group membership was enumerated.\\r\\n\\r\\nSubject:\\r\\n\\tSecurity ID:\\t\\tS-1-5-0-0-0\\r\\n\\tAccount Name:\\t\\tWORKSTATION$\\r\\n\\tAccount Domain:\\t\\tWORKGROUP\\r\\n\\tLogon ID:\\t\\t0x3E7\\r\\n\\r\\nUser:\\r\\n\\tSecurity ID:\\t\\tS-1-5-0-0-0-1001\\r\\n\\tAccount Name:\\t\\tGuest\\r\\n\\tAccount Domain:\\t\\tWORKSTATION\\r\\n\\r\\nProcess Information:\\r\\n\\tProcess ID:\\t\\t0x698\\r\\n\\tProcess Name:\\t\\tC:\\\\Windows\\\\System32\\\\svchost.exe\", \"Provider\": \"Microsoft-Windows-Security-Auditing\", \"RecordId\": 12529669, \"TimeCreated\": \"2026-10-07T07:08:32.1159996+05:30\", \"User\": null}",
     "fields": {
      "TargetUserName": "Guest",
      "TargetDomainName": "WORKSTATION",
      "TargetSid": "S-1-5-0-0-0-1001",
      "SubjectUserSid": "S-1-5-0-0-0",
      "SubjectUserName": "WORKSTATION$",
      "SubjectDomainName": "WORKGROUP",
      "SubjectLogonId": "0x3e7",
      "CallerProcessId": "0x698",
      "CallerProcessName": "C:\\Windows\\System32\\svchost.exe"
     },
     "captured_channel": "Security"
    },
    {
     "timestamp": "2026-10-07T07:08:32.1167470+05:30",
     "channel": "Security",
     "provider": "Microsoft-Windows-Security-Auditing",
     "event_id": "4798",
     "level": "Information",
     "severity": "Low",
     "username": "analyst's",
     "host": "localhost",
     "source_ip": "local",
     "message": "A user's local group membership was enumerated.\r\n\r\nSubject:\r\n\tSecurity ID:\t\tS-1-5-0-0-0\r\n\tAccount Name:\t\tWORKSTATION$\r\n\tAccount Domain:\t\tWORKGROUP\r\n\tLogon ID:\t\t0x3E7\r\n\r\nUser:\r\n\tSecurity ID:\t\tS-1-5-0-0-0-1001\r\n\tAccount Name:\t\tanalyst's\r\n\tAccount Domain:\t\tWORKSTATION\r\n\r\nProcess Information:\r\n\tProcess ",
     "record_id": 12529670,
     "source": "windows-event-log",
     "is_alert": false,
     "rule_name": "",
     "external_id": "Security:12529670",
     "raw_log": "{\"Channel\": \"Security\", \"EventData\": {\"CallerProcessId\": \"0x698\", \"CallerProcessName\": \"C:\\\\Windows\\\\System32\\\\svchost.exe\", \"SubjectDomainName\": \"WORKGROUP\", \"SubjectLogonId\": \"0x3e7\", \"SubjectUserName\": \"WORKSTATION$\", \"SubjectUserSid\": \"S-1-5-0-0-0\", \"TargetDomainName\": \"WORKSTATION\", \"TargetSid\": \"S-1-5-0-0-0-1001\", \"TargetUserName\": \"analyst's\"}, \"Id\": 4798, \"Level\": \"Information\", \"Message\": \"A user's local group membership was enumerated.\\r\\n\\r\\nSubject:\\r\\n\\tSecurity ID:\\t\\tS-1-5-0-0-0\\r\\n\\tAccount Name:\\t\\tWORKSTATION$\\r\\n\\tAccount Domain:\\t\\tWORKGROUP\\r\\n\\tLogon ID:\\t\\t0x3E7\\r\\n\\r\\nUser:\\r\\n\\tSecurity ID:\\t\\tS-1-5-0-0-0-1001\\r\\n\\tAccount Name:\\t\\tanalyst's\\r\\n\\tAccount Domain:\\t\\tWORKSTATION\\r\\n\\r\\nProcess Information:\\r\\n\\tProcess ID:\\t\\t0x698\\r\\n\\tProcess Name:\\t\\tC:\\\\Windows\\\\System32\\\\svchost.exe\", \"Provider\": \"Microsoft-Windows-Security-Auditing\", \"RecordId\": 12529670, \"TimeCreated\": \"2026-10-07T07:08:32.1167470+05:30\", \"User\": null}",
     "fields": {
      "TargetUserName": "analyst's",
      "TargetDomainName": "WORKSTATION",
      "TargetSid": "S-1-5-0-0-0-1001",
      "SubjectUserSid": "S-1-5-0-0-0",
      "SubjectUserName": "WORKSTATION$",
      "SubjectDomainName": "WORKGROUP",
      "SubjectLogonId": "0x3e7",
      "CallerProcessId": "0x698",
      "CallerProcessName": "C:\\Windows\\System32\\svchost.exe"
     },
     "captured_channel": "Security"
    },
    {
     "timestamp": "2026-10-07T07:08:32.1197394+05:30",
     "channel": "Security",
     "provider": "Microsoft-Windows-Security-Auditing",
     "event_id": "4798",
     "level": "Information",
     "severity": "Low",
     "username": "Administrator",
     "host": "localhost",
     "source_ip": "local",
     "message": "A user's local group membership was enumerated.\r\n\r\nSubject:\r\n\tSecurity ID:\t\tS-1-5-0-0-0\r\n\tAccount Name:\t\tWORKSTATION$\r\n\tAccount Domain:\t\tWORKGROUP\r\n\tLogon ID:\t\t0x3E7\r\n\r\nUser:\r\n\tSecurity ID:\t\tS-1-5-0-0-0-1001\r\n\tAccount Name:\t\tAdministrator\r\n\tAccount Domain:\t\tWORKSTATION\r\n\r\nProcess Information:\r\n\tProc",
     "record_id": 12529671,
     "source": "windows-event-log",
     "is_alert": false,
     "rule_name": "",
     "external_id": "Security:12529671",
     "raw_log": "{\"Channel\": \"Security\", \"EventData\": {\"CallerProcessId\": \"0x698\", \"CallerProcessName\": \"C:\\\\Windows\\\\System32\\\\svchost.exe\", \"SubjectDomainName\": \"WORKGROUP\", \"SubjectLogonId\": \"0x3e7\", \"SubjectUserName\": \"WORKSTATION$\", \"SubjectUserSid\": \"S-1-5-0-0-0\", \"TargetDomainName\": \"WORKSTATION\", \"TargetSid\": \"S-1-5-0-0-0-1001\", \"TargetUserName\": \"Administrator\"}, \"Id\": 4798, \"Level\": \"Information\", \"Message\": \"A user's local group membership was enumerated.\\r\\n\\r\\nSubject:\\r\\n\\tSecurity ID:\\t\\tS-1-5-0-0-0\\r\\n\\tAccount Name:\\t\\tWORKSTATION$\\r\\n\\tAccount Domain:\\t\\tWORKGROUP\\r\\n\\tLogon ID:\\t\\t0x3E7\\r\\n\\r\\nUser:\\r\\n\\tSecurity ID:\\t\\tS-1-5-0-0-0-1001\\r\\n\\tAccount Name:\\t\\tAdministrator\\r\\n\\tAccount Domain:\\t\\tWORKSTATION\\r\\n\\r\\nProcess Information:\\r\\n\\tProcess ID:\\t\\t0x698\\r\\n\\tProcess Name:\\t\\tC:\\\\Windows\\\\System32\\\\svchost.exe\", \"Provider\": \"Microsoft-Windows-Security-Auditing\", \"RecordId\": 12529671, \"TimeCreated\": \"2026-10-07T07:08:32.1197394+05:30\", \"User\": null}",
     "fields": {
      "TargetUserName": "Administrator",
      "TargetDomainName": "WORKSTATION",
      "TargetSid": "S-1-5-0-0-0-1001",
      "SubjectUserSid": "S-1-5-0-0-0",
      "SubjectUserName": "WORKSTATION$",
      "SubjectDomainName": "WORKGROUP",
      "SubjectLogonId": "0x3e7",
      "CallerProcessId": "0x698",
      "CallerProcessName": "C:\\Windows\\System32\\svchost.exe"
     },
     "captured_channel": "Security"
    },
    {
     "timestamp": "2026-10-07T07:08:32.1203536+05:30",
     "channel": "Security",
     "provider": "Microsoft-Windows-Security-Auditing",
     "event_id": "4798",
     "level": "Information",
     "severity": "Low",
     "username": "DefaultAccount",
     "host": "localhost",
     "source_ip": "local",
     "message": "A user's local group membership was enumerated.\r\n\r\nSubject:\r\n\tSecurity ID:\t\tS-1-5-0-0-0\r\n\tAccount Name:\t\tWORKSTATION$\r\n\tAccount Domain:\t\tWORKGROUP\r\n\tLogon ID:\t\t0x3E7\r\n\r\nUser:\r\n\tSecurity ID:\t\tS-1-5-0-0-0-1001\r\n\tAccount Name:\t\tDefaultAccount\r\n\tAccount Domain:\t\tWORKSTATION\r\n\r\nProcess Information:\r\n\tPro",
     "record_id": 12529672,
     "source": "windows-event-log",
     "is_alert": false,
     "rule_name": "",
     "external_id": "Security:12529672",
     "raw_log": "{\"Channel\": \"Security\", \"EventData\": {\"CallerProcessId\": \"0x698\", \"CallerProcessName\": \"C:\\\\Windows\\\\System32\\\\svchost.exe\", \"SubjectDomainName\": \"WORKGROUP\", \"SubjectLogonId\": \"0x3e7\", \"SubjectUserName\": \"WORKSTATION$\", \"SubjectUserSid\": \"S-1-5-0-0-0\", \"TargetDomainName\": \"WORKSTATION\", \"TargetSid\": \"S-1-5-0-0-0-1001\", \"TargetUserName\": \"DefaultAccount\"}, \"Id\": 4798, \"Level\": \"Information\", \"Message\": \"A user's local group membership was enumerated.\\r\\n\\r\\nSubject:\\r\\n\\tSecurity ID:\\t\\tS-1-5-0-0-0\\r\\n\\tAccount Name:\\t\\tWORKSTATION$\\r\\n\\tAccount Domain:\\t\\tWORKGROUP\\r\\n\\tLogon ID:\\t\\t0x3E7\\r\\n\\r\\nUser:\\r\\n\\tSecurity ID:\\t\\tS-1-5-0-0-0-1001\\r\\n\\tAccount Name:\\t\\tDefaultAccount\\r\\n\\tAccount Domain:\\t\\tWORKSTATION\\r\\n\\r\\nProcess Information:\\r\\n\\tProcess ID:\\t\\t0x698\\r\\n\\tProcess Name:\\t\\tC:\\\\Windows\\\\System32\\\\svchost.exe\", \"Provider\": \"Microsoft-Windows-Security-Auditing\", \"RecordId\": 12529672, \"TimeCreated\": \"2026-10-07T07:08:32.1203536+05:30\", \"User\": null}",
     "fields": {
      "TargetUserName": "DefaultAccount",
      "TargetDomainName": "WORKSTATION",
      "TargetSid": "S-1-5-0-0-0-1001",
      "SubjectUserSid": "S-1-5-0-0-0",
      "SubjectUserName": "WORKSTATION$",
      "SubjectDomainName": "WORKGROUP",
      "SubjectLogonId": "0x3e7",
      "CallerProcessId": "0x698",
      "CallerProcessName": "C:\\Windows\\System32\\svchost.exe"
     },
     "captured_channel": "Security"
    },
    {
     "timestamp": "2026-10-07T07:08:32.1209107+05:30",
     "channel": "Security",
     "provider": "Microsoft-Windows-Security-Auditing",
     "event_id": "4798",
     "level": "Information",
     "severity": "Low",
     "username": "Guest",
     "host": "localhost",
     "source_ip": "local",
     "message": "A user's local group membership was enumerated.\r\n\r\nSubject:\r\n\tSecurity ID:\t\tS-1-5-0-0-0\r\n\tAccount Name:\t\tWORKSTATION$\r\n\tAccount Domain:\t\tWORKGROUP\r\n\tLogon ID:\t\t0x3E7\r\n\r\nUser:\r\n\tSecurity ID:\t\tS-1-5-0-0-0-1001\r\n\tAccount Name:\t\tGuest\r\n\tAccount Domain:\t\tWORKSTATION\r\n\r\nProcess Information:\r\n\tProcess ID:\t",
     "record_id": 12529673,
     "source": "windows-event-log",
     "is_alert": false,
     "rule_name": "",
     "external_id": "Security:12529673",
     "raw_log": "{\"Channel\": \"Security\", \"EventData\": {\"CallerProcessId\": \"0x698\", \"CallerProcessName\": \"C:\\\\Windows\\\\System32\\\\svchost.exe\", \"SubjectDomainName\": \"WORKGROUP\", \"SubjectLogonId\": \"0x3e7\", \"SubjectUserName\": \"WORKSTATION$\", \"SubjectUserSid\": \"S-1-5-0-0-0\", \"TargetDomainName\": \"WORKSTATION\", \"TargetSid\": \"S-1-5-0-0-0-1001\", \"TargetUserName\": \"Guest\"}, \"Id\": 4798, \"Level\": \"Information\", \"Message\": \"A user's local group membership was enumerated.\\r\\n\\r\\nSubject:\\r\\n\\tSecurity ID:\\t\\tS-1-5-0-0-0\\r\\n\\tAccount Name:\\t\\tWORKSTATION$\\r\\n\\tAccount Domain:\\t\\tWORKGROUP\\r\\n\\tLogon ID:\\t\\t0x3E7\\r\\n\\r\\nUser:\\r\\n\\tSecurity ID:\\t\\tS-1-5-0-0-0-1001\\r\\n\\tAccount Name:\\t\\tGuest\\r\\n\\tAccount Domain:\\t\\tWORKSTATION\\r\\n\\r\\nProcess Information:\\r\\n\\tProcess ID:\\t\\t0x698\\r\\n\\tProcess Name:\\t\\tC:\\\\Windows\\\\System32\\\\svchost.exe\", \"Provider\": \"Microsoft-Windows-Security-Auditing\", \"RecordId\": 12529673, \"TimeCreated\": \"2026-10-07T07:08:32.1209107+05:30\", \"User\": null}",
     "fields": {
      "TargetUserName": "Guest",
      "TargetDomainName": "WORKSTATION",
      "TargetSid": "S-1-5-0-0-0-1001",
      "SubjectUserSid": "S-1-5-0-0-0",
      "SubjectUserName": "WORKSTATION$",
      "SubjectDomainName": "WORKGROUP",
      "SubjectLogonId": "0x3e7",
      "CallerProcessId": "0x698",
      "CallerProcessName": "C:\\Windows\\System32\\svchost.exe"
     },
     "captured_channel": "Security"
    },
    {
     "timestamp": "2026-10-07T07:08:32.1216764+05:30",
     "channel": "Security",
     "provider": "Microsoft-Windows-Security-Auditing",
     "event_id": "4798",
     "level": "Information",
     "severity": "Low",
     "username": "analyst's",
     "host": "localhost",
     "source_ip": "local",
     "message": "A user's local group membership was enumerated.\r\n\r\nSubject:\r\n\tSecurity ID:\t\tS-1-5-0-0-0\r\n\tAccount Name:\t\tWORKSTATION$\r\n\tAccount Domain:\t\tWORKGROUP\r\n\tLogon ID:\t\t0x3E7\r\n\r\nUser:\r\n\tSecurity ID:\t\tS-1-5-0-0-0-1001\r\n\tAccount Name:\t\tanalyst's\r\n\tAccount Domain:\t\tWORKSTATION\r\n\r\nProcess Information:\r\n\tProcess ",
     "record_id": 12529674,
     "source": "windows-event-log",
     "is_alert": false,
     "rule_name": "",
     "external_id": "Security:12529674",
     "raw_log": "{\"Channel\": \"Security\", \"EventData\": {\"CallerProcessId\": \"0x698\", \"CallerProcessName\": \"C:\\\\Windows\\\\System32\\\\svchost.exe\", \"SubjectDomainName\": \"WORKGROUP\", \"SubjectLogonId\": \"0x3e7\", \"SubjectUserName\": \"WORKSTATION$\", \"SubjectUserSid\": \"S-1-5-0-0-0\", \"TargetDomainName\": \"WORKSTATION\", \"TargetSid\": \"S-1-5-0-0-0-1001\", \"TargetUserName\": \"analyst's\"}, \"Id\": 4798, \"Level\": \"Information\", \"Message\": \"A user's local group membership was enumerated.\\r\\n\\r\\nSubject:\\r\\n\\tSecurity ID:\\t\\tS-1-5-0-0-0\\r\\n\\tAccount Name:\\t\\tWORKSTATION$\\r\\n\\tAccount Domain:\\t\\tWORKGROUP\\r\\n\\tLogon ID:\\t\\t0x3E7\\r\\n\\r\\nUser:\\r\\n\\tSecurity ID:\\t\\tS-1-5-0-0-0-1001\\r\\n\\tAccount Name:\\t\\tanalyst's\\r\\n\\tAccount Domain:\\t\\tWORKSTATION\\r\\n\\r\\nProcess Information:\\r\\n\\tProcess ID:\\t\\t0x698\\r\\n\\tProcess Name:\\t\\tC:\\\\Windows\\\\System32\\\\svchost.exe\", \"Provider\": \"Microsoft-Windows-Security-Auditing\", \"RecordId\": 12529674, \"TimeCreated\": \"2026-10-07T07:08:32.1216764+05:30\", \"User\": null}",
     "fields": {
      "TargetUserName": "analyst's",
      "TargetDomainName": "WORKSTATION",
      "TargetSid": "S-1-5-0-0-0-1001",
      "SubjectUserSid": "S-1-5-0-0-0",
      "SubjectUserName": "WORKSTATION$",
      "SubjectDomainName": "WORKGROUP",
      "SubjectLogonId": "0x3e7",
      "CallerProcessId": "0x698",
      "CallerProcessName": "C:\\Windows\\System32\\svchost.exe"
     },
     "captured_channel": "Security"
    },
    {
     "timestamp": "2026-10-07T07:08:32.1282458+05:30",
     "channel": "Security",
     "provider": "Microsoft-Windows-Security-Auditing",
     "event_id": "4798",
     "level": "Information",
     "severity": "Low",
     "username": "Administrator",
     "host": "localhost",
     "source_ip": "local",
     "message": "A user's local group membership was enumerated.\r\n\r\nSubject:\r\n\tSecurity ID:\t\tS-1-5-0-0-0\r\n\tAccount Name:\t\tWORKSTATION$\r\n\tAccount Domain:\t\tWORKGROUP\r\n\tLogon ID:\t\t0x3E7\r\n\r\nUser:\r\n\tSecurity ID:\t\tS-1-5-0-0-0-1001\r\n\tAccount Name:\t\tAdministrator\r\n\tAccount Domain:\t\tWORKSTATION\r\n\r\nProcess Information:\r\n\tProc",
     "record_id": 12529675,
     "source": "windows-event-log",
     "is_alert": false,
     "rule_name": "",
     "external_id": "Security:12529675",
     "raw_log": "{\"Channel\": \"Security\", \"EventData\": {\"CallerProcessId\": \"0x698\", \"CallerProcessName\": \"C:\\\\Windows\\\\System32\\\\svchost.exe\", \"SubjectDomainName\": \"WORKGROUP\", \"SubjectLogonId\": \"0x3e7\", \"SubjectUserName\": \"WORKSTATION$\", \"SubjectUserSid\": \"S-1-5-0-0-0\", \"TargetDomainName\": \"WORKSTATION\", \"TargetSid\": \"S-1-5-0-0-0-1001\", \"TargetUserName\": \"Administrator\"}, \"Id\": 4798, \"Level\": \"Information\", \"Message\": \"A user's local group membership was enumerated.\\r\\n\\r\\nSubject:\\r\\n\\tSecurity ID:\\t\\tS-1-5-0-0-0\\r\\n\\tAccount Name:\\t\\tWORKSTATION$\\r\\n\\tAccount Domain:\\t\\tWORKGROUP\\r\\n\\tLogon ID:\\t\\t0x3E7\\r\\n\\r\\nUser:\\r\\n\\tSecurity ID:\\t\\tS-1-5-0-0-0-1001\\r\\n\\tAccount Name:\\t\\tAdministrator\\r\\n\\tAccount Domain:\\t\\tWORKSTATION\\r\\n\\r\\nProcess Information:\\r\\n\\tProcess ID:\\t\\t0x698\\r\\n\\tProcess Name:\\t\\tC:\\\\Windows\\\\System32\\\\svchost.exe\", \"Provider\": \"Microsoft-Windows-Security-Auditing\", \"RecordId\": 12529675, \"TimeCreated\": \"2026-10-07T07:08:32.1282458+05:30\", \"User\": null}",
     "fields": {
      "TargetUserName": "Administrator",
      "TargetDomainName": "WORKSTATION",
      "TargetSid": "S-1-5-0-0-0-1001",
      "SubjectUserSid": "S-1-5-0-0-0",
      "SubjectUserName": "WORKSTATION$",
      "SubjectDomainName": "WORKGROUP",
      "SubjectLogonId": "0x3e7",
      "CallerProcessId": "0x698",
      "CallerProcessName": "C:\\Windows\\System32\\svchost.exe"
     },
     "captured_channel": "Security"
    },
    {
     "timestamp": "2026-10-07T07:08:32.1297111+05:30",
     "channel": "Security",
     "provider": "Microsoft-Windows-Security-Auditing",
     "event_id": "4798",
     "level": "Information",
     "severity": "Low",
     "username": "DefaultAccount",
     "host": "localhost",
     "source_ip": "local",
     "message": "A user's local group membership was enumerated.\r\n\r\nSubject:\r\n\tSecurity ID:\t\tS-1-5-0-0-0\r\n\tAccount Name:\t\tWORKSTATION$\r\n\tAccount Domain:\t\tWORKGROUP\r\n\tLogon ID:\t\t0x3E7\r\n\r\nUser:\r\n\tSecurity ID:\t\tS-1-5-0-0-0-1001\r\n\tAccount Name:\t\tDefaultAccount\r\n\tAccount Domain:\t\tWORKSTATION\r\n\r\nProcess Information:\r\n\tPro",
     "record_id": 12529676,
     "source": "windows-event-log",
     "is_alert": false,
     "rule_name": "",
     "external_id": "Security:12529676",
     "raw_log": "{\"Channel\": \"Security\", \"EventData\": {\"CallerProcessId\": \"0x698\", \"CallerProcessName\": \"C:\\\\Windows\\\\System32\\\\svchost.exe\", \"SubjectDomainName\": \"WORKGROUP\", \"SubjectLogonId\": \"0x3e7\", \"SubjectUserName\": \"WORKSTATION$\", \"SubjectUserSid\": \"S-1-5-0-0-0\", \"TargetDomainName\": \"WORKSTATION\", \"TargetSid\": \"S-1-5-0-0-0-1001\", \"TargetUserName\": \"DefaultAccount\"}, \"Id\": 4798, \"Level\": \"Information\", \"Message\": \"A user's local group membership was enumerated.\\r\\n\\r\\nSubject:\\r\\n\\tSecurity ID:\\t\\tS-1-5-0-0-0\\r\\n\\tAccount Name:\\t\\tWORKSTATION$\\r\\n\\tAccount Domain:\\t\\tWORKGROUP\\r\\n\\tLogon ID:\\t\\t0x3E7\\r\\n\\r\\nUser:\\r\\n\\tSecurity ID:\\t\\tS-1-5-0-0-0-1001\\r\\n\\tAccount Name:\\t\\tDefaultAccount\\r\\n\\tAccount Domain:\\t\\tWORKSTATION\\r\\n\\r\\nProcess Information:\\r\\n\\tProcess ID:\\t\\t0x698\\r\\n\\tProcess Name:\\t\\tC:\\\\Windows\\\\System32\\\\svchost.exe\", \"Provider\": \"Microsoft-Windows-Security-Auditing\", \"RecordId\": 12529676, \"TimeCreated\": \"2026-10-07T07:08:32.1297111+05:30\", \"User\": null}",
     "fields": {
      "TargetUserName": "DefaultAccount",
      "TargetDomainName": "WORKSTATION",
      "TargetSid": "S-1-5-0-0-0-1001",
      "SubjectUserSid": "S-1-5-0-0-0",
      "SubjectUserName": "WORKSTATION$",
      "SubjectDomainName": "WORKGROUP",
      "SubjectLogonId": "0x3e7",
      "CallerProcessId": "0x698",
      "CallerProcessName": "C:\\Windows\\System32\\svchost.exe"
     },
     "captured_channel": "Security"
    },
    {
     "timestamp": "2026-10-07T07:08:32.1303052+05:30",
     "channel": "Security",
     "provider": "Microsoft-Windows-Security-Auditing",
     "event_id": "4798",
     "level": "Information",
     "severity": "Low",
     "username": "Guest",
     "host": "localhost",
     "source_ip": "local",
     "message": "A user's local group membership was enumerated.\r\n\r\nSubject:\r\n\tSecurity ID:\t\tS-1-5-0-0-0\r\n\tAccount Name:\t\tWORKSTATION$\r\n\tAccount Domain:\t\tWORKGROUP\r\n\tLogon ID:\t\t0x3E7\r\n\r\nUser:\r\n\tSecurity ID:\t\tS-1-5-0-0-0-1001\r\n\tAccount Name:\t\tGuest\r\n\tAccount Domain:\t\tWORKSTATION\r\n\r\nProcess Information:\r\n\tProcess ID:\t",
     "record_id": 12529677,
     "source": "windows-event-log",
     "is_alert": false,
     "rule_name": "",
     "external_id": "Security:12529677",
     "raw_log": "{\"Channel\": \"Security\", \"EventData\": {\"CallerProcessId\": \"0x698\", \"CallerProcessName\": \"C:\\\\Windows\\\\System32\\\\svchost.exe\", \"SubjectDomainName\": \"WORKGROUP\", \"SubjectLogonId\": \"0x3e7\", \"SubjectUserName\": \"WORKSTATION$\", \"SubjectUserSid\": \"S-1-5-0-0-0\", \"TargetDomainName\": \"WORKSTATION\", \"TargetSid\": \"S-1-5-0-0-0-1001\", \"TargetUserName\": \"Guest\"}, \"Id\": 4798, \"Level\": \"Information\", \"Message\": \"A user's local group membership was enumerated.\\r\\n\\r\\nSubject:\\r\\n\\tSecurity ID:\\t\\tS-1-5-0-0-0\\r\\n\\tAccount Name:\\t\\tWORKSTATION$\\r\\n\\tAccount Domain:\\t\\tWORKGROUP\\r\\n\\tLogon ID:\\t\\t0x3E7\\r\\n\\r\\nUser:\\r\\n\\tSecurity ID:\\t\\tS-1-5-0-0-0-1001\\r\\n\\tAccount Name:\\t\\tGuest\\r\\n\\tAccount Domain:\\t\\tWORKSTATION\\r\\n\\r\\nProcess Information:\\r\\n\\tProcess ID:\\t\\t0x698\\r\\n\\tProcess Name:\\t\\tC:\\\\Windows\\\\System32\\\\svchost.exe\", \"Provider\": \"Microsoft-Windows-Security-Auditing\", \"RecordId\": 12529677, \"TimeCreated\": \"2026-10-07T07:08:32.1303052+05:30\", \"User\": null}",
     "fields": {
      "TargetUserName": "Guest",
      "TargetDomainName": "WORKSTATION",
      "TargetSid": "S-1-5-0-0-0-1001",
      "SubjectUserSid": "S-1-5-0-0-0",
      "SubjectUserName": "WORKSTATION$",
      "SubjectDomainName": "WORKGROUP",
      "SubjectLogonId": "0x3e7",
      "CallerProcessId": "0x698",
      "CallerProcessName": "C:\\Windows\\System32\\svchost.exe"
     },
     "captured_channel": "Security"
    },
    {
     "timestamp": "2026-10-07T07:08:32.1307548+05:30",
     "channel": "Security",
     "provider": "Microsoft-Windows-Security-Auditing",
     "event_id": "4798",
     "level": "Information",
     "severity": "Low",
     "username": "analyst's",
     "host": "localhost",
     "source_ip": "local",
     "message": "A user's local group membership was enumerated.\r\n\r\nSubject:\r\n\tSecurity ID:\t\tS-1-5-0-0-0\r\n\tAccount Name:\t\tWORKSTATION$\r\n\tAccount Domain:\t\tWORKGROUP\r\n\tLogon ID:\t\t0x3E7\r\n\r\nUser:\r\n\tSecurity ID:\t\tS-1-5-0-0-0-1001\r\n\tAccount Name:\t\tanalyst's\r\n\tAccount Domain:\t\tWORKSTATION\r\n\r\nProcess Information:\r\n\tProcess ",
     "record_id": 12529678,
     "source": "windows-event-log",
     "is_alert": false,
     "rule_name": "",
     "external_id": "Security:12529678",
     "raw_log": "{\"Channel\": \"Security\", \"EventData\": {\"CallerProcessId\": \"0x698\", \"CallerProcessName\": \"C:\\\\Windows\\\\System32\\\\svchost.exe\", \"SubjectDomainName\": \"WORKGROUP\", \"SubjectLogonId\": \"0x3e7\", \"SubjectUserName\": \"WORKSTATION$\", \"SubjectUserSid\": \"S-1-5-0-0-0\", \"TargetDomainName\": \"WORKSTATION\", \"TargetSid\": \"S-1-5-0-0-0-1001\", \"TargetUserName\": \"analyst's\"}, \"Id\": 4798, \"Level\": \"Information\", \"Message\": \"A user's local group membership was enumerated.\\r\\n\\r\\nSubject:\\r\\n\\tSecurity ID:\\t\\tS-1-5-0-0-0\\r\\n\\tAccount Name:\\t\\tWORKSTATION$\\r\\n\\tAccount Domain:\\t\\tWORKGROUP\\r\\n\\tLogon ID:\\t\\t0x3E7\\r\\n\\r\\nUser:\\r\\n\\tSecurity ID:\\t\\tS-1-5-0-0-0-1001\\r\\n\\tAccount Name:\\t\\tanalyst's\\r\\n\\tAccount Domain:\\t\\tWORKSTATION\\r\\n\\r\\nProcess Information:\\r\\n\\tProcess ID:\\t\\t0x698\\r\\n\\tProcess Name:\\t\\tC:\\\\Windows\\\\System32\\\\svchost.exe\", \"Provider\": \"Microsoft-Windows-Security-Auditing\", \"RecordId\": 12529678, \"TimeCreated\": \"2026-10-07T07:08:32.1307548+05:30\", \"User\": null}",
     "fields": {
      "TargetUserName": "analyst's",
      "TargetDomainName": "WORKSTATION",
      "TargetSid": "S-1-5-0-0-0-1001",
      "SubjectUserSid": "S-1-5-0-0-0",
      "SubjectUserName": "WORKSTATION$",
      "SubjectDomainName": "WORKGROUP",
      "SubjectLogonId": "0x3e7",
      "CallerProcessId": "0x698",
      "CallerProcessName": "C:\\Windows\\System32\\svchost.exe"
     },
     "captured_channel": "Security"
    },
    {
     "timestamp": "2026-10-07T07:08:32.1338263+05:30",
     "channel": "Security",
     "provider": "Microsoft-Windows-Security-Auditing",
     "event_id": "4798",
     "level": "Information",
     "severity": "Low",
     "username": "Administrator",
     "host": "localhost",
     "source_ip": "local",
     "message": "A user's local group membership was enumerated.\r\n\r\nSubject:\r\n\tSecurity ID:\t\tS-1-5-0-0-0\r\n\tAccount Name:\t\tWORKSTATION$\r\n\tAccount Domain:\t\tWORKGROUP\r\n\tLogon ID:\t\t0x3E7\r\n\r\nUser:\r\n\tSecurity ID:\t\tS-1-5-0-0-0-1001\r\n\tAccount Name:\t\tAdministrator\r\n\tAccount Domain:\t\tWORKSTATION\r\n\r\nProcess Information:\r\n\tProc",
     "record_id": 12529679,
     "source": "windows-event-log",
     "is_alert": false,
     "rule_name": "",
     "external_id": "Security:12529679",
     "raw_log": "{\"Channel\": \"Security\", \"EventData\": {\"CallerProcessId\": \"0x698\", \"CallerProcessName\": \"C:\\\\Windows\\\\System32\\\\svchost.exe\", \"SubjectDomainName\": \"WORKGROUP\", \"SubjectLogonId\": \"0x3e7\", \"SubjectUserName\": \"WORKSTATION$\", \"SubjectUserSid\": \"S-1-5-0-0-0\", \"TargetDomainName\": \"WORKSTATION\", \"TargetSid\": \"S-1-5-0-0-0-1001\", \"TargetUserName\": \"Administrator\"}, \"Id\": 4798, \"Level\": \"Information\", \"Message\": \"A user's local group membership was enumerated.\\r\\n\\r\\nSubject:\\r\\n\\tSecurity ID:\\t\\tS-1-5-0-0-0\\r\\n\\tAccount Name:\\t\\tWORKSTATION$\\r\\n\\tAccount Domain:\\t\\tWORKGROUP\\r\\n\\tLogon ID:\\t\\t0x3E7\\r\\n\\r\\nUser:\\r\\n\\tSecurity ID:\\t\\tS-1-5-0-0-0-1001\\r\\n\\tAccount Name:\\t\\tAdministrator\\r\\n\\tAccount Domain:\\t\\tWORKSTATION\\r\\n\\r\\nProcess Information:\\r\\n\\tProcess ID:\\t\\t0x698\\r\\n\\tProcess Name:\\t\\tC:\\\\Windows\\\\System32\\\\svchost.exe\", \"Provider\": \"Microsoft-Windows-Security-Auditing\", \"RecordId\": 12529679, \"TimeCreated\": \"2026-10-07T07:08:32.1338263+05:30\", \"User\": null}",
     "fields": {
      "TargetUserName": "Administrator",
      "TargetDomainName": "WORKSTATION",
      "TargetSid": "S-1-5-0-0-0-1001",
      "SubjectUserSid": "S-1-5-0-0-0",
      "SubjectUserName": "WORKSTATION$",
      "SubjectDomainName": "WORKGROUP",
      "SubjectLogonId": "0x3e7",
      "CallerProcessId": "0x698",
      "CallerProcessName": "C:\\Windows\\System32\\svchost.exe"
     },
     "captured_channel": "Security"
    },
    {
     "timestamp": "2026-10-07T07:08:32.1344428+05:30",
     "channel": "Security",
     "provider": "Microsoft-Windows-Security-Auditing",
     "event_id": "4798",
     "level": "Information",
     "severity": "Low",
     "username": "DefaultAccount",
     "host": "localhost",
     "source_ip": "local",
     "message": "A user's local group membership was enumerated.\r\n\r\nSubject:\r\n\tSecurity ID:\t\tS-1-5-0-0-0\r\n\tAccount Name:\t\tWORKSTATION$\r\n\tAccount Domain:\t\tWORKGROUP\r\n\tLogon ID:\t\t0x3E7\r\n\r\nUser:\r\n\tSecurity ID:\t\tS-1-5-0-0-0-1001\r\n\tAccount Name:\t\tDefaultAccount\r\n\tAccount Domain:\t\tWORKSTATION\r\n\r\nProcess Information:\r\n\tPro",
     "record_id": 12529680,
     "source": "windows-event-log",
     "is_alert": false,
     "rule_name": "",
     "external_id": "Security:12529680",
     "raw_log": "{\"Channel\": \"Security\", \"EventData\": {\"CallerProcessId\": \"0x698\", \"CallerProcessName\": \"C:\\\\Windows\\\\System32\\\\svchost.exe\", \"SubjectDomainName\": \"WORKGROUP\", \"SubjectLogonId\": \"0x3e7\", \"SubjectUserName\": \"WORKSTATION$\", \"SubjectUserSid\": \"S-1-5-0-0-0\", \"TargetDomainName\": \"WORKSTATION\", \"TargetSid\": \"S-1-5-0-0-0-1001\", \"TargetUserName\": \"DefaultAccount\"}, \"Id\": 4798, \"Level\": \"Information\", \"Message\": \"A user's local group membership was enumerated.\\r\\n\\r\\nSubject:\\r\\n\\tSecurity ID:\\t\\tS-1-5-0-0-0\\r\\n\\tAccount Name:\\t\\tWORKSTATION$\\r\\n\\tAccount Domain:\\t\\tWORKGROUP\\r\\n\\tLogon ID:\\t\\t0x3E7\\r\\n\\r\\nUser:\\r\\n\\tSecurity ID:\\t\\tS-1-5-0-0-0-1001\\r\\n\\tAccount Name:\\t\\tDefaultAccount\\r\\n\\tAccount Domain:\\t\\tWORKSTATION\\r\\n\\r\\nProcess Information:\\r\\n\\tProcess ID:\\t\\t0x698\\r\\n\\tProcess Name:\\t\\tC:\\\\Windows\\\\System32\\\\svchost.exe\", \"Provider\": \"Microsoft-Windows-Security-Auditing\", \"RecordId\": 12529680, \"TimeCreated\": \"2026-10-07T07:08:32.1344428+05:30\", \"User\": null}",
     "fields": {
      "TargetUserName": "DefaultAccount",
      "TargetDomainName": "WORKSTATION",
      "TargetSid": "S-1-5-0-0-0-1001",
      "SubjectUserSid": "S-1-5-0-0-0",
      "SubjectUserName": "WORKSTATION$",
      "SubjectDomainName": "WORKGROUP",
      "SubjectLogonId": "0x3e7",
      "CallerProcessId": "0x698",
      "CallerProcessName": "C:\\Windows\\System32\\svchost.exe"
     },
     "captured_channel": "Security"
    },
    {
     "timestamp": "2026-10-07T07:08:32.1350221+05:30",
     "channel": "Security",
     "provider": "Microsoft-Windows-Security-Auditing",
     "event_id": "4798",
     "level": "Information",
     "severity": "Low",
     "username": "Guest",
     "host": "localhost",
     "source_ip": "local",
     "message": "A user's local group membership was enumerated.\r\n\r\nSubject:\r\n\tSecurity ID:\t\tS-1-5-0-0-0\r\n\tAccount Name:\t\tWORKSTATION$\r\n\tAccount Domain:\t\tWORKGROUP\r\n\tLogon ID:\t\t0x3E7\r\n\r\nUser:\r\n\tSecurity ID:\t\tS-1-5-0-0-0-1001\r\n\tAccount Name:\t\tGuest\r\n\tAccount Domain:\t\tWORKSTATION\r\n\r\nProcess Information:\r\n\tProcess ID:\t",
     "record_id": 12529681,
     "source": "windows-event-log",
     "is_alert": false,
     "rule_name": "",
     "external_id": "Security:12529681",
     "raw_log": "{\"Channel\": \"Security\", \"EventData\": {\"CallerProcessId\": \"0x698\", \"CallerProcessName\": \"C:\\\\Windows\\\\System32\\\\svchost.exe\", \"SubjectDomainName\": \"WORKGROUP\", \"SubjectLogonId\": \"0x3e7\", \"SubjectUserName\": \"WORKSTATION$\", \"SubjectUserSid\": \"S-1-5-0-0-0\", \"TargetDomainName\": \"WORKSTATION\", \"TargetSid\": \"S-1-5-0-0-0-1001\", \"TargetUserName\": \"Guest\"}, \"Id\": 4798, \"Level\": \"Information\", \"Message\": \"A user's local group membership was enumerated.\\r\\n\\r\\nSubject:\\r\\n\\tSecurity ID:\\t\\tS-1-5-0-0-0\\r\\n\\tAccount Name:\\t\\tWORKSTATION$\\r\\n\\tAccount Domain:\\t\\tWORKGROUP\\r\\n\\tLogon ID:\\t\\t0x3E7\\r\\n\\r\\nUser:\\r\\n\\tSecurity ID:\\t\\tS-1-5-0-0-0-1001\\r\\n\\tAccount Name:\\t\\tGuest\\r\\n\\tAccount Domain:\\t\\tWORKSTATION\\r\\n\\r\\nProcess Information:\\r\\n\\tProcess ID:\\t\\t0x698\\r\\n\\tProcess Name:\\t\\tC:\\\\Windows\\\\System32\\\\svchost.exe\", \"Provider\": \"Microsoft-Windows-Security-Auditing\", \"RecordId\": 12529681, \"TimeCreated\": \"2026-10-07T07:08:32.1350221+05:30\", \"User\": null}",
     "fields": {
      "TargetUserName": "Guest",
      "TargetDomainName": "WORKSTATION",
      "TargetSid": "S-1-5-0-0-0-1001",
      "SubjectUserSid": "S-1-5-0-0-0",
      "SubjectUserName": "WORKSTATION$",
      "SubjectDomainName": "WORKGROUP",
      "SubjectLogonId": "0x3e7",
      "CallerProcessId": "0x698",
      "CallerProcessName": "C:\\Windows\\System32\\svchost.exe"
     },
     "captured_channel": "Security"
    },
    {
     "timestamp": "2026-10-07T07:08:32.1356207+05:30",
     "channel": "Security",
     "provider": "Microsoft-Windows-Security-Auditing",
     "event_id": "4798",
     "level": "Information",
     "severity": "Low",
     "username": "analyst's",
     "host": "localhost",
     "source_ip": "local",
     "message": "A user's local group membership was enumerated.\r\n\r\nSubject:\r\n\tSecurity ID:\t\tS-1-5-0-0-0\r\n\tAccount Name:\t\tWORKSTATION$\r\n\tAccount Domain:\t\tWORKGROUP\r\n\tLogon ID:\t\t0x3E7\r\n\r\nUser:\r\n\tSecurity ID:\t\tS-1-5-0-0-0-1001\r\n\tAccount Name:\t\tanalyst's\r\n\tAccount Domain:\t\tWORKSTATION\r\n\r\nProcess Information:\r\n\tProcess ",
     "record_id": 12529682,
     "source": "windows-event-log",
     "is_alert": false,
     "rule_name": "",
     "external_id": "Security:12529682",
     "raw_log": "{\"Channel\": \"Security\", \"EventData\": {\"CallerProcessId\": \"0x698\", \"CallerProcessName\": \"C:\\\\Windows\\\\System32\\\\svchost.exe\", \"SubjectDomainName\": \"WORKGROUP\", \"SubjectLogonId\": \"0x3e7\", \"SubjectUserName\": \"WORKSTATION$\", \"SubjectUserSid\": \"S-1-5-0-0-0\", \"TargetDomainName\": \"WORKSTATION\", \"TargetSid\": \"S-1-5-0-0-0-1001\", \"TargetUserName\": \"analyst's\"}, \"Id\": 4798, \"Level\": \"Information\", \"Message\": \"A user's local group membership was enumerated.\\r\\n\\r\\nSubject:\\r\\n\\tSecurity ID:\\t\\tS-1-5-0-0-0\\r\\n\\tAccount Name:\\t\\tWORKSTATION$\\r\\n\\tAccount Domain:\\t\\tWORKGROUP\\r\\n\\tLogon ID:\\t\\t0x3E7\\r\\n\\r\\nUser:\\r\\n\\tSecurity ID:\\t\\tS-1-5-0-0-0-1001\\r\\n\\tAccount Name:\\t\\tanalyst's\\r\\n\\tAccount Domain:\\t\\tWORKSTATION\\r\\n\\r\\nProcess Information:\\r\\n\\tProcess ID:\\t\\t0x698\\r\\n\\tProcess Name:\\t\\tC:\\\\Windows\\\\System32\\\\svchost.exe\", \"Provider\": \"Microsoft-Windows-Security-Auditing\", \"RecordId\": 12529682, \"TimeCreated\": \"2026-10-07T07:08:32.1356207+05:30\", \"User\": null}",
     "fields": {
      "TargetUserName": "analyst's",
      "TargetDomainName": "WORKSTATION",
      "TargetSid": "S-1-5-0-0-0-1001",
      "SubjectUserSid": "S-1-5-0-0-0",
      "SubjectUserName": "WORKSTATION$",
      "SubjectDomainName": "WORKGROUP",
      "SubjectLogonId": "0x3e7",
      "CallerProcessId": "0x698",
      "CallerProcessName": "C:\\Windows\\System32\\svchost.exe"
     },
     "captured_channel": "Security"
    },
    {
     "timestamp": "2026-10-07T07:08:29.2531842+05:30",
     "channel": "Microsoft-Windows-Sysmon/Operational",
     "provider": "Microsoft-Windows-Sysmon",
     "event_id": "1",
     "level": "Information",
     "severity": "Low",
     "username": "WORKSTATION\\analyst's",
     "host": "localhost",
     "source_ip": "local",
     "message": "Process Create:\r\nRuleName: -\r\nUtcTime: 2026-10-07 01:38:29.251\r\nProcessGuid: {00000000-0000-0000-0000-000000000000}\r\nProcessId: 78348\r\nImage: C:\\Windows\\System32\\cmd.exe\r\nFileVersion: 10.0.26100.9278 (WinBuild.160101.0800)\r\nDescription: Windows Command Processor\r\nProduct: Microsoftr Windowsr Operati",
     "record_id": 456388,
     "source": "windows-event-log",
     "is_alert": false,
     "rule_name": "",
     "external_id": "Microsoft-Windows-Sysmon/Operational:456388",
     "raw_log": "{\"Channel\": \"Microsoft-Windows-Sysmon/Operational\", \"EventData\": {\"CommandLine\": \"C:\\\\windows\\\\System32\\\\cmd.exe /C \\\"dir /b C:\\\\Windows\\\"\", \"Company\": \"Microsoft Corporation\", \"CurrentDirectory\": \"C:\\\\windows\\\\\", \"Description\": \"Windows Command Processor\", \"FileVersion\": \"10.0.26100.9278 (WinBuild.160101.0800)\", \"Hashes\": \"SHA256=97AC98B1A92C286054CCE55239CFCCDFC23A5517BD07FE693072C9CA96C7DABB\", \"Image\": \"C:\\\\Windows\\\\System32\\\\cmd.exe\", \"IntegrityLevel\": \"Medium\", \"LogonGuid\": \"{00000000-0000-0000-0000-000000000000}\", \"LogonId\": \"0x0\", \"OriginalFileName\": \"Cmd.Exe\", \"ParentCommandLine\": \"C:\\\\Users\\\\analyst's\\\\Documents\\\\repo\\\\.venv\\\\Scripts\\\\python.exe C:\\\\ProgramData\\\\lab\\\\run_driver.py\", \"ParentImage\": \"C:\\\\Users\\\\analyst's\\\\AppData\\\\Local\\\\local\\\\tools\\\\python-3.14.7+20260901-win32-x64\\\\python.exe\", \"ParentProcessGuid\": \"{00000000-0000-0000-0000-000000000000}\", \"ParentProcessId\": \"59888\", \"ParentUser\": \"WORKSTATION\\\\analyst's\", \"ProcessGuid\": \"{00000000-0000-0000-0000-000000000000}\", \"ProcessId\": \"78348\", \"Product\": \"Microsoftr Windowsr Operating System\", \"RuleName\": \"-\", \"TerminalSessionId\": \"1\", \"User\": \"WORKSTATION\\\\analyst's\", \"UtcTime\": \"2026-10-07 01:38:29.251\"}, \"Id\": 1, \"Level\": \"Information\", \"Message\": \"Process Create:\\r\\nRuleName: -\\r\\nUtcTime: 2026-10-07 01:38:29.251\\r\\nProcessGuid: {00000000-0000-0000-0000-000000000000}\\r\\nProcessId: 78348\\r\\nImage: C:\\\\Windows\\\\System32\\\\cmd.exe\\r\\nFileVersion: 10.0.26100.9278 (WinBuild.160101.0800)\\r\\nDescription: Windows Command Processor\\r\\nProduct: Microsoftr Windowsr Operating System\\r\\nCompany: Microsoft Corporation\\r\\nOriginalFileName: Cmd.Exe\\r\\nCommandLine: C:\\\\windows\\\\System32\\\\cmd.exe /C \\\"dir /b C:\\\\Windows\\\"\\r\\nCurrentDirectory: C:\\\\windows\\\\\\r\\nUser: WORKSTATION\\\\analyst's\\r\\nLogonGuid: {00000000-0000-0000-0000-000000000000}\\r\\nLogonId: 0x0\\r\\nTerminalSessionId: 1\\r\\nIntegrityLevel: Medium\\r\\nHashes: SHA256=97AC98B1A92C286054CCE55239CFCCDFC23A5517BD07FE693072C9CA96C7DABB\\r\\nParentProcessGuid: {00000000-0000-0000-0000-000000000000}\\r\\nParentProcessId: 59888\\r\\nParentImage: C:\\\\Users\\\\analyst's\\\\AppData\\\\Local\\\\local\\\\tools\\\\python-3.14.7+20260901-win32-x64\\\\python.exe\\r\\nParentCommandLine: C:\\\\Users\\\\analyst's\\\\Documents\\\\repo\\\\.venv\\\\Scripts\\\\python.exe C:\\\\ProgramData\\\\lab\\\\run_driver.py\\r\\nParentUser: WORKSTATION\\\\analyst's\", \"Provider\": \"Microsoft-Windows-Sysmon\", \"RecordId\": 456388, \"TimeCreated\": \"2026-10-07T07:08:29.2531842+05:30\", \"User\": {\"AccountDomainSid\": null, \"BinaryLength\": 12, \"Value\": \"S-1-5-0-0-0\"}}",
     "fields": {
      "RuleName": "-",
      "UtcTime": "2026-10-07 01:38:29.251",
      "Image": "C:\\Windows\\System32\\cmd.exe",
      "FileVersion": "10.0.26100.9278 (WinBuild.160101.0800)",
      "Description": "Windows Command Processor",
      "Product": "Microsoftr Windowsr Operating System",
      "Company": "Microsoft Corporation",
      "OriginalFileName": "Cmd.Exe",
      "CommandLine": "C:\\windows\\System32\\cmd.exe /C \"dir /b C:\\Windows\"",
      "CurrentDirectory": "C:\\windows\\",
      "User": "WORKSTATION\\analyst's",
      "LogonId": "0x0",
      "TerminalSessionId": "1",
      "IntegrityLevel": "Medium",
      "ParentImage": "C:\\Users\\analyst's\\AppData\\Local\\local\\tools\\python-3.14.7+20260901-win32-x64\\python.exe",
      "ParentCommandLine": "C:\\Users\\analyst's\\Documents\\repo\\.venv\\Scripts\\python.exe C:\\ProgramData\\lab\\run_driver.py",
      "ParentUser": "WORKSTATION\\analyst's"
     },
     "captured_channel": "Microsoft-Windows-Sysmon/Operational"
    },
    {
     "timestamp": "2026-10-07T07:08:30.9363689+05:30",
     "channel": "Microsoft-Windows-Sysmon/Operational",
     "provider": "Microsoft-Windows-Sysmon",
     "event_id": "1",
     "level": "Information",
     "severity": "Low",
     "username": "WORKSTATION\\analyst's",
     "host": "localhost",
     "source_ip": "local",
     "message": "Process Create:\r\nRuleName: -\r\nUtcTime: 2026-10-07 01:38:30.934\r\nProcessGuid: {00000000-0000-0000-0000-000000000000}\r\nProcessId: 23064\r\nImage: C:\\Windows\\System32\\cmd.exe\r\nFileVersion: 10.0.26100.9278 (WinBuild.160101.0800)\r\nDescription: Windows Command Processor\r\nProduct: Microsoftr Windowsr Operati",
     "record_id": 456389,
     "source": "windows-event-log",
     "is_alert": false,
     "rule_name": "",
     "external_id": "Microsoft-Windows-Sysmon/Operational:456389",
     "raw_log": "{\"Channel\": \"Microsoft-Windows-Sysmon/Operational\", \"EventData\": {\"CommandLine\": \"C:\\\\windows\\\\System32\\\\cmd.exe /C \\\"echo ordinary activity\\\"\", \"Company\": \"Microsoft Corporation\", \"CurrentDirectory\": \"C:\\\\windows\\\\\", \"Description\": \"Windows Command Processor\", \"FileVersion\": \"10.0.26100.9278 (WinBuild.160101.0800)\", \"Hashes\": \"SHA256=97AC98B1A92C286054CCE55239CFCCDFC23A5517BD07FE693072C9CA96C7DABB\", \"Image\": \"C:\\\\Windows\\\\System32\\\\cmd.exe\", \"IntegrityLevel\": \"Medium\", \"LogonGuid\": \"{00000000-0000-0000-0000-000000000000}\", \"LogonId\": \"0x0\", \"OriginalFileName\": \"Cmd.Exe\", \"ParentCommandLine\": \"C:\\\\Users\\\\analyst's\\\\Documents\\\\repo\\\\.venv\\\\Scripts\\\\python.exe C:\\\\ProgramData\\\\lab\\\\run_driver.py\", \"ParentImage\": \"C:\\\\Users\\\\analyst's\\\\AppData\\\\Local\\\\local\\\\tools\\\\python-3.14.7+20260901-win32-x64\\\\python.exe\", \"ParentProcessGuid\": \"{00000000-0000-0000-0000-000000000000}\", \"ParentProcessId\": \"59888\", \"ParentUser\": \"WORKSTATION\\\\analyst's\", \"ProcessGuid\": \"{00000000-0000-0000-0000-000000000000}\", \"ProcessId\": \"23064\", \"Product\": \"Microsoftr Windowsr Operating System\", \"RuleName\": \"-\", \"TerminalSessionId\": \"1\", \"User\": \"WORKSTATION\\\\analyst's\", \"UtcTime\": \"2026-10-07 01:38:30.934\"}, \"Id\": 1, \"Level\": \"Information\", \"Message\": \"Process Create:\\r\\nRuleName: -\\r\\nUtcTime: 2026-10-07 01:38:30.934\\r\\nProcessGuid: {00000000-0000-0000-0000-000000000000}\\r\\nProcessId: 23064\\r\\nImage: C:\\\\Windows\\\\System32\\\\cmd.exe\\r\\nFileVersion: 10.0.26100.9278 (WinBuild.160101.0800)\\r\\nDescription: Windows Command Processor\\r\\nProduct: Microsoftr Windowsr Operating System\\r\\nCompany: Microsoft Corporation\\r\\nOriginalFileName: Cmd.Exe\\r\\nCommandLine: C:\\\\windows\\\\System32\\\\cmd.exe /C \\\"echo ordinary activity\\\"\\r\\nCurrentDirectory: C:\\\\windows\\\\\\r\\nUser: WORKSTATION\\\\analyst's\\r\\nLogonGuid: {00000000-0000-0000-0000-000000000000}\\r\\nLogonId: 0x0\\r\\nTerminalSessionId: 1\\r\\nIntegrityLevel: Medium\\r\\nHashes: SHA256=97AC98B1A92C286054CCE55239CFCCDFC23A5517BD07FE693072C9CA96C7DABB\\r\\nParentProcessGuid: {00000000-0000-0000-0000-000000000000}\\r\\nParentProcessId: 59888\\r\\nParentImage: C:\\\\Users\\\\analyst's\\\\AppData\\\\Local\\\\local\\\\tools\\\\python-3.14.7+20260901-win32-x64\\\\python.exe\\r\\nParentCommandLine: C:\\\\Users\\\\analyst's\\\\Documents\\\\repo\\\\.venv\\\\Scripts\\\\python.exe C:\\\\ProgramData\\\\lab\\\\run_driver.py\\r\\nParentUser: WORKSTATION\\\\analyst's\", \"Provider\": \"Microsoft-Windows-Sysmon\", \"RecordId\": 456389, \"TimeCreated\": \"2026-10-07T07:08:30.9363689+05:30\", \"User\": {\"AccountDomainSid\": null, \"BinaryLength\": 12, \"Value\": \"S-1-5-0-0-0\"}}",
     "fields": {
      "RuleName": "-",
      "UtcTime": "2026-10-07 01:38:30.934",
      "Image": "C:\\Windows\\System32\\cmd.exe",
      "FileVersion": "10.0.26100.9278 (WinBuild.160101.0800)",
      "Description": "Windows Command Processor",
      "Product": "Microsoftr Windowsr Operating System",
      "Company": "Microsoft Corporation",
      "OriginalFileName": "Cmd.Exe",
      "CommandLine": "C:\\windows\\System32\\cmd.exe /C \"echo ordinary activity\"",
      "CurrentDirectory": "C:\\windows\\",
      "User": "WORKSTATION\\analyst's",
      "LogonId": "0x0",
      "TerminalSessionId": "1",
      "IntegrityLevel": "Medium",
      "ParentImage": "C:\\Users\\analyst's\\AppData\\Local\\local\\tools\\python-3.14.7+20260901-win32-x64\\python.exe",
      "ParentCommandLine": "C:\\Users\\analyst's\\Documents\\repo\\.venv\\Scripts\\python.exe C:\\ProgramData\\lab\\run_driver.py",
      "ParentUser": "WORKSTATION\\analyst's"
     },
     "captured_channel": "Microsoft-Windows-Sysmon/Operational"
    },
    {
     "timestamp": "2026-10-07T07:08:30.9448751+05:30",
     "channel": "Microsoft-Windows-Sysmon/Operational",
     "provider": "Microsoft-Windows-Sysmon",
     "event_id": "3",
     "level": "Information",
     "severity": "Low",
     "username": "WORKSTATION\\analyst's",
     "host": "localhost",
     "source_ip": "198.51.100.228",
     "message": "Network connection detected:\r\nRuleName: -\r\nUtcTime: 2026-10-07 01:38:26.098\r\nProcessGuid: {00000000-0000-0000-0000-000000000000}\r\nProcessId: 51672\r\nImage: C:\\Users\\analyst's\\AppData\\Local\\Discord\\app-1.0.9260\\Discord.exe\r\nUser: WORKSTATION\\analyst's\r\nProtocol: udp\r\nInitiated: true\r\nSourceIsIpv6: fal",
     "record_id": 456390,
