     "source": "windows-event-log",
     "is_alert": false,
     "rule_name": "Process opened an outbound connection",
     "external_id": "Microsoft-Windows-Sysmon/Operational:456401",
     "raw_log": "{\"Channel\": \"Microsoft-Windows-Sysmon/Operational\", \"EventData\": {\"DestinationHostname\": \"-\", \"DestinationIp\": \"198.51.100.1\", \"DestinationIsIpv6\": \"false\", \"DestinationPort\": \"19327\", \"DestinationPortName\": \"-\", \"Image\": \"C:\\\\Users\\\\analyst's\\\\AppData\\\\Local\\\\Discord\\\\app-1.0.9260\\\\Discord.exe\", \"Initiated\": \"false\", \"ProcessGuid\": \"{00000000-0000-0000-0000-000000000000}\", \"ProcessId\": \"73300\", \"Protocol\": \"udp\", \"RuleName\": \"-\", \"SourceHostname\": \"WORKSTATION.Dlink\", \"SourceIp\": \"198.51.100.228\", \"SourceIsIpv6\": \"false\", \"SourcePort\": \"63907\", \"SourcePortName\": \"-\", \"User\": \"WORKSTATION\\\\analyst's\", \"UtcTime\": \"2026-10-07 01:38:29.984\"}, \"Id\": 3, \"Level\": \"Information\", \"Message\": \"Network connection detected:\\r\\nRuleName: -\\r\\nUtcTime: 2026-10-07 01:38:29.984\\r\\nProcessGuid: {00000000-0000-0000-0000-000000000000}\\r\\nProcessId: 73300\\r\\nImage: C:\\\\Users\\\\analyst's\\\\AppData\\\\Local\\\\Discord\\\\app-1.0.9260\\\\Discord.exe\\r\\nUser: WORKSTATION\\\\analyst's\\r\\nProtocol: udp\\r\\nInitiated: false\\r\\nSourceIsIpv6: false\\r\\nSourceIp: 198.51.100.228\\r\\nSourceHostname: WORKSTATION.Dlink\\r\\nSourcePort: 63907\\r\\nSourcePortName: -\\r\\nDestinationIsIpv6: false\\r\\nDestinationIp: 198.51.100.1\\r\\nDestinationHostname: -\\r\\nDestinationPort: 19327\\r\\nDestinationPortName: -\", \"Provider\": \"Microsoft-Windows-Sysmon\", \"RecordId\": 456401, \"TimeCreated\": \"2026-10-07T07:08:34.8582316+05:30\", \"User\": {\"AccountDomainSid\": null, \"BinaryLength\": 12, \"Value\": \"S-1-5-0-0-0\"}}",
     "fields": {
      "RuleName": "-",
      "UtcTime": "2026-10-07 01:38:29.984",
      "Image": "C:\\Users\\analyst's\\AppData\\Local\\Discord\\app-1.0.9260\\Discord.exe",
      "User": "WORKSTATION\\analyst's",
      "Protocol": "udp",
      "Initiated": "false",
      "SourceIsIpv6": "false",
      "SourceIp": "198.51.100.228",
      "SourceHostname": "WORKSTATION.Dlink",
      "SourcePort": "63907",
      "SourcePortName": "-",
      "DestinationIsIpv6": "false",
      "DestinationIp": "198.51.100.1",
      "DestinationHostname": "-",
      "DestinationPort": "19327",
      "DestinationPortName": "-"
     },
     "captured_channel": "Microsoft-Windows-Sysmon/Operational"
    },
    {
     "timestamp": "2026-10-07T07:08:35.6293172+05:30",
     "channel": "Microsoft-Windows-Sysmon/Operational",
     "provider": "Microsoft-Windows-Sysmon",
     "event_id": "22",
     "level": "Information",
     "severity": "Low",
     "username": "NT AUTHORITY\\SYSTEM",
     "host": "localhost",
     "source_ip": "local",
     "message": "Dns query:\r\nRuleName: -\r\nUtcTime: 2026-10-07 01:38:29.987\r\nProcessGuid: {00000000-0000-0000-0000-000000000000}\r\nProcessId: 6036\r\nQueryName: v20.events.data.microsoft.com\r\nQueryStatus: 0\r\nQueryResults: type: 5 onedscolprdwus71.westus.cloudapp.azure.com;::ffff:198.51.100.203;::ffff:198.51.100.119;\r\nIm",
     "record_id": 456402,
     "source": "windows-event-log",
     "is_alert": false,
     "rule_name": "",
     "external_id": "Microsoft-Windows-Sysmon/Operational:456402",
     "raw_log": "{\"Channel\": \"Microsoft-Windows-Sysmon/Operational\", \"EventData\": {\"Image\": \"C:\\\\Windows\\\\System32\\\\svchost.exe\", \"ProcessGuid\": \"{00000000-0000-0000-0000-000000000000}\", \"ProcessId\": \"6036\", \"QueryName\": \"v20.events.data.microsoft.com\", \"QueryResults\": \"type: 5 onedscolprdwus71.westus.cloudapp.azure.com;::ffff:198.51.100.203;::ffff:198.51.100.119;\", \"QueryStatus\": \"0\", \"RuleName\": \"-\", \"User\": \"NT AUTHORITY\\\\SYSTEM\", \"UtcTime\": \"2026-10-07 01:38:29.987\"}, \"Id\": 22, \"Level\": \"Information\", \"Message\": \"Dns query:\\r\\nRuleName: -\\r\\nUtcTime: 2026-10-07 01:38:29.987\\r\\nProcessGuid: {00000000-0000-0000-0000-000000000000}\\r\\nProcessId: 6036\\r\\nQueryName: v20.events.data.microsoft.com\\r\\nQueryStatus: 0\\r\\nQueryResults: type: 5 onedscolprdwus71.westus.cloudapp.azure.com;::ffff:198.51.100.203;::ffff:198.51.100.119;\\r\\nImage: C:\\\\Windows\\\\System32\\\\svchost.exe\\r\\nUser: NT AUTHORITY\\\\SYSTEM\", \"Provider\": \"Microsoft-Windows-Sysmon\", \"RecordId\": 456402, \"TimeCreated\": \"2026-10-07T07:08:35.6293172+05:30\", \"User\": {\"AccountDomainSid\": null, \"BinaryLength\": 12, \"Value\": \"S-1-5-0-0-0\"}}",
     "fields": {
      "RuleName": "-",
      "UtcTime": "2026-10-07 01:38:29.987",
      "QueryName": "v20.events.data.microsoft.com",
      "QueryStatus": "0",
      "QueryResults": "type: 5 onedscolprdwus71.westus.cloudapp.azure.com;::ffff:198.51.100.203;::ffff:198.51.100.119;",
      "Image": "C:\\Windows\\System32\\svchost.exe",
      "User": "NT AUTHORITY\\SYSTEM"
     },
     "captured_channel": "Microsoft-Windows-Sysmon/Operational"
    },
    {
     "timestamp": "2026-10-07T07:08:35.9069247+05:30",
     "channel": "Microsoft-Windows-Sysmon/Operational",
     "provider": "Microsoft-Windows-Sysmon",
     "event_id": "3",
     "level": "Information",
     "severity": "Low",
     "username": "NT AUTHORITY\\SYSTEM",
     "host": "localhost",
     "source_ip": "198.51.100.228",
     "message": "Network connection detected:\r\nRuleName: -\r\nUtcTime: 2026-10-07 01:38:30.218\r\nProcessGuid: {00000000-0000-0000-0000-000000000000}\r\nProcessId: 6036\r\nImage: C:\\Windows\\System32\\svchost.exe\r\nUser: NT AUTHORITY\\SYSTEM\r\nProtocol: tcp\r\nInitiated: true\r\nSourceIsIpv6: false\r\nSourceIp: 198.51.100.228\r\nSourceH",
     "record_id": 456403,
     "source": "windows-event-log",
     "is_alert": false,
     "rule_name": "Process opened an outbound connection",
     "external_id": "Microsoft-Windows-Sysmon/Operational:456403",
     "raw_log": "{\"Channel\": \"Microsoft-Windows-Sysmon/Operational\", \"EventData\": {\"DestinationHostname\": \"-\", \"DestinationIp\": \"198.51.100.203\", \"DestinationIsIpv6\": \"false\", \"DestinationPort\": \"443\", \"DestinationPortName\": \"https\", \"Image\": \"C:\\\\Windows\\\\System32\\\\svchost.exe\", \"Initiated\": \"true\", \"ProcessGuid\": \"{00000000-0000-0000-0000-000000000000}\", \"ProcessId\": \"6036\", \"Protocol\": \"tcp\", \"RuleName\": \"-\", \"SourceHostname\": \"WORKSTATION.Dlink\", \"SourceIp\": \"198.51.100.228\", \"SourceIsIpv6\": \"false\", \"SourcePort\": \"60147\", \"SourcePortName\": \"-\", \"User\": \"NT AUTHORITY\\\\SYSTEM\", \"UtcTime\": \"2026-10-07 01:38:30.218\"}, \"Id\": 3, \"Level\": \"Information\", \"Message\": \"Network connection detected:\\r\\nRuleName: -\\r\\nUtcTime: 2026-10-07 01:38:30.218\\r\\nProcessGuid: {00000000-0000-0000-0000-000000000000}\\r\\nProcessId: 6036\\r\\nImage: C:\\\\Windows\\\\System32\\\\svchost.exe\\r\\nUser: NT AUTHORITY\\\\SYSTEM\\r\\nProtocol: tcp\\r\\nInitiated: true\\r\\nSourceIsIpv6: false\\r\\nSourceIp: 198.51.100.228\\r\\nSourceHostname: WORKSTATION.Dlink\\r\\nSourcePort: 60147\\r\\nSourcePortName: -\\r\\nDestinationIsIpv6: false\\r\\nDestinationIp: 198.51.100.203\\r\\nDestinationHostname: -\\r\\nDestinationPort: 443\\r\\nDestinationPortName: https\", \"Provider\": \"Microsoft-Windows-Sysmon\", \"RecordId\": 456403, \"TimeCreated\": \"2026-10-07T07:08:35.9069247+05:30\", \"User\": {\"AccountDomainSid\": null, \"BinaryLength\": 12, \"Value\": \"S-1-5-0-0-0\"}}",
     "fields": {
      "RuleName": "-",
      "UtcTime": "2026-10-07 01:38:30.218",
      "Image": "C:\\Windows\\System32\\svchost.exe",
      "User": "NT AUTHORITY\\SYSTEM",
      "Protocol": "tcp",
      "Initiated": "true",
      "SourceIsIpv6": "false",
      "SourceIp": "198.51.100.228",
      "SourceHostname": "WORKSTATION.Dlink",
      "SourcePort": "60147",
      "SourcePortName": "-",
      "DestinationIsIpv6": "false",
      "DestinationIp": "198.51.100.203",
      "DestinationHostname": "-",
      "DestinationPort": "443",
      "DestinationPortName": "https"
     },
     "captured_channel": "Microsoft-Windows-Sysmon/Operational"
    },
    {
     "timestamp": "2026-10-07T07:08:36.0024226+05:30",
     "channel": "Microsoft-Windows-Sysmon/Operational",
     "provider": "Microsoft-Windows-Sysmon",
     "event_id": "1",
     "level": "Information",
     "severity": "Low",
     "username": "WORKSTATION\\analyst's",
     "host": "localhost",
     "source_ip": "local",
     "message": "Process Create:\r\nRuleName: -\r\nUtcTime: 2026-10-07 01:38:35.999\r\nProcessGuid: {00000000-0000-0000-0000-000000000000}\r\nProcessId: 101016\r\nImage: C:\\Windows\\System32\\WindowsPowerShell\\v1.0\\powershell.exe\r\nFileVersion: 10.0.26100.9278 (WinBuild.160101.0800)\r\nDescription: Windows PowerShell\r\nProduct: Mic",
     "record_id": 456404,
     "source": "windows-event-log",
     "is_alert": false,
     "rule_name": "",
     "external_id": "Microsoft-Windows-Sysmon/Operational:456404",
     "raw_log": "{\"Channel\": \"Microsoft-Windows-Sysmon/Operational\", \"EventData\": {\"CommandLine\": \"C:\\\\windows\\\\System32\\\\WindowsPowerShell\\\\v1.0\\\\powershell.exe -NoProfile -NonInteractive -ExecutionPolicy Bypass -Command \\\"Get-Service | Select-Object -First 5\\\"\", \"Company\": \"Microsoft Corporation\", \"CurrentDirectory\": \"C:\\\\windows\\\\\", \"Description\": \"Windows PowerShell\", \"FileVersion\": \"10.0.26100.9278 (WinBuild.160101.0800)\", \"Hashes\": \"SHA256=8BB6FA8C283B4D92120B1EF249A9B311B0F804D4CABBE9981159976C8BE76A5E\", \"Image\": \"C:\\\\Windows\\\\System32\\\\WindowsPowerShell\\\\v1.0\\\\powershell.exe\", \"IntegrityLevel\": \"Medium\", \"LogonGuid\": \"{00000000-0000-0000-0000-000000000000}\", \"LogonId\": \"0x0\", \"OriginalFileName\": \"PowerShell.EXE\", \"ParentCommandLine\": \"C:\\\\Users\\\\analyst's\\\\Documents\\\\repo\\\\.venv\\\\Scripts\\\\python.exe C:\\\\ProgramData\\\\lab\\\\run_driver.py\", \"ParentImage\": \"C:\\\\Users\\\\analyst's\\\\AppData\\\\Local\\\\local\\\\tools\\\\python-3.14.7+20260901-win32-x64\\\\python.exe\", \"ParentProcessGuid\": \"{00000000-0000-0000-0000-000000000000}\", \"ParentProcessId\": \"59888\", \"ParentUser\": \"WORKSTATION\\\\analyst's\", \"ProcessGuid\": \"{00000000-0000-0000-0000-000000000000}\", \"ProcessId\": \"101016\", \"Product\": \"Microsoftr Windowsr Operating System\", \"RuleName\": \"-\", \"TerminalSessionId\": \"1\", \"User\": \"WORKSTATION\\\\analyst's\", \"UtcTime\": \"2026-10-07 01:38:35.999\"}, \"Id\": 1, \"Level\": \"Information\", \"Message\": \"Process Create:\\r\\nRuleName: -\\r\\nUtcTime: 2026-10-07 01:38:35.999\\r\\nProcessGuid: {00000000-0000-0000-0000-000000000000}\\r\\nProcessId: 101016\\r\\nImage: C:\\\\Windows\\\\System32\\\\WindowsPowerShell\\\\v1.0\\\\powershell.exe\\r\\nFileVersion: 10.0.26100.9278 (WinBuild.160101.0800)\\r\\nDescription: Windows PowerShell\\r\\nProduct: Microsoftr Windowsr Operating System\\r\\nCompany: Microsoft Corporation\\r\\nOriginalFileName: PowerShell.EXE\\r\\nCommandLine: C:\\\\windows\\\\System32\\\\WindowsPowerShell\\\\v1.0\\\\powershell.exe -NoProfile -NonInteractive -ExecutionPolicy Bypass -Command \\\"Get-Service | Select-Object -First 5\\\"\\r\\nCurrentDirectory: C:\\\\windows\\\\\\r\\nUser: WORKSTATION\\\\analyst's\\r\\nLogonGuid: {00000000-0000-0000-0000-000000000000}\\r\\nLogonId: 0x0\\r\\nTerminalSessionId: 1\\r\\nIntegrityLevel: Medium\\r\\nHashes: SHA256=8BB6FA8C283B4D92120B1EF249A9B311B0F804D4CABBE9981159976C8BE76A5E\\r\\nParentProcessGuid: {00000000-0000-0000-0000-000000000000}\\r\\nParentProcessId: 59888\\r\\nParentImage: C:\\\\Users\\\\analyst's\\\\AppData\\\\Local\\\\local\\\\tools\\\\python-3.14.7+20260901-win32-x64\\\\python.exe\\r\\nParentCommandLine: C:\\\\Users\\\\analyst's\\\\Documents\\\\repo\\\\.venv\\\\Scripts\\\\python.exe C:\\\\ProgramData\\\\lab\\\\run_driver.py\\r\\nParentUser: WORKSTATION\\\\analyst's\", \"Provider\": \"Microsoft-Windows-Sysmon\", \"RecordId\": 456404, \"TimeCreated\": \"2026-10-07T07:08:36.0024226+05:30\", \"User\": {\"AccountDomainSid\": null, \"BinaryLength\": 12, \"Value\": \"S-1-5-0-0-0\"}}",
     "fields": {
      "RuleName": "-",
      "UtcTime": "2026-10-07 01:38:35.999",
      "Image": "C:\\Windows\\System32\\WindowsPowerShell\\v1.0\\powershell.exe",
      "FileVersion": "10.0.26100.9278 (WinBuild.160101.0800)",
      "Description": "Windows PowerShell",
      "Product": "Microsoftr Windowsr Operating System",
      "Company": "Microsoft Corporation",
      "OriginalFileName": "PowerShell.EXE",
      "CommandLine": "C:\\windows\\System32\\WindowsPowerShell\\v1.0\\powershell.exe -NoProfile -NonInteractive -ExecutionPolicy Bypass -Command \"Get-Service | Select-Object -First 5\"",
      "CurrentDirectory": "C:\\windows\\",
      "User": "WORKSTATION\\analyst's",
      "LogonId": "0x0",
      "TerminalSessionId": "1",
      "IntegrityLevel": "Medium",
      "ParentImage": "C:\\Users\\analyst's\\AppData\\Local\\local\\tools\\python-3.14.7+20260901-win32-x64\\python.exe",
      "ParentCommandLine": "C:\\Users\\analyst's\\Documents\\repo\\.venv\\Scripts\\python.exe C:\\ProgramData\\lab\\run_driver.py",
      "ParentUser": "WORKSTATION\\analyst's"
     },
     "captured_channel": "Microsoft-Windows-Sysmon/Operational"
    },
    {
     "timestamp": "2026-10-07T07:08:37.7572597+05:30",
     "channel": "Microsoft-Windows-Sysmon/Operational",
     "provider": "Microsoft-Windows-Sysmon",
     "event_id": "8",
     "level": "Information",
     "severity": "Low",
     "username": "{'BinaryLength': 12, 'AccountDomainSid': None, 'Value': 'S-1-5-0-0-0'}",
     "host": "localhost",
     "source_ip": "local",
     "message": "CreateRemoteThread detected:\r\nRuleName: -\r\nUtcTime: 2026-10-07 01:38:37.756\r\nSourceProcessGuid: {00000000-0000-0000-0000-000000000000}\r\nSourceProcessId: 118164\r\nSourceImage: C:\\Users\\analyst's\\AppData\\Local\\local\\tools\\chromium-1208\\chrome-win64\\chrome.exe\r\nTargetProcessGuid: {00000000-0000-0000-000",
     "record_id": 456405,
     "source": "windows-event-log",
     "is_alert": false,
     "rule_name": "",
     "external_id": "Microsoft-Windows-Sysmon/Operational:456405",
     "raw_log": "{\"Channel\": \"Microsoft-Windows-Sysmon/Operational\", \"EventData\": {\"NewThreadId\": \"120904\", \"RuleName\": \"-\", \"SourceImage\": \"C:\\\\Users\\\\analyst's\\\\AppData\\\\Local\\\\local\\\\tools\\\\chromium-1208\\\\chrome-win64\\\\chrome.exe\", \"SourceProcessGuid\": \"{00000000-0000-0000-0000-000000000000}\", \"SourceProcessId\": \"118164\", \"SourceUser\": \"WORKSTATION\\\\analyst's\", \"StartAddress\": \"0x0\", \"StartFunction\": \"-\", \"StartModule\": \"C:\\\\Users\\\\analyst's\\\\AppData\\\\Local\\\\local\\\\tools\\\\chromium-1208\\\\chrome-win64\\\\chrome.dll\", \"TargetImage\": \"C:\\\\Users\\\\analyst's\\\\AppData\\\\Local\\\\local\\\\tools\\\\chromium-1208\\\\chrome-win64\\\\chrome.exe\", \"TargetProcessGuid\": \"{00000000-0000-0000-0000-000000000000}\", \"TargetProcessId\": \"128252\", \"TargetUser\": \"WORKSTATION\\\\analyst's\", \"UtcTime\": \"2026-10-07 01:38:37.756\"}, \"Id\": 8, \"Level\": \"Information\", \"Message\": \"CreateRemoteThread detected:\\r\\nRuleName: -\\r\\nUtcTime: 2026-10-07 01:38:37.756\\r\\nSourceProcessGuid: {00000000-0000-0000-0000-000000000000}\\r\\nSourceProcessId: 118164\\r\\nSourceImage: C:\\\\Users\\\\analyst's\\\\AppData\\\\Local\\\\local\\\\tools\\\\chromium-1208\\\\chrome-win64\\\\chrome.exe\\r\\nTargetProcessGuid: {00000000-0000-0000-0000-000000000000}\\r\\nTargetProcessId: 128252\\r\\nTargetImage: C:\\\\Users\\\\analyst's\\\\AppData\\\\Local\\\\local\\\\tools\\\\chromium-1208\\\\chrome-win64\\\\chrome.exe\\r\\nNewThreadId: 120904\\r\\nStartAddress: 0x0\\r\\nStartModule: C:\\\\Users\\\\analyst's\\\\AppData\\\\Local\\\\local\\\\tools\\\\chromium-1208\\\\chrome-win64\\\\chrome.dll\\r\\nStartFunction: -\\r\\nSourceUser: WORKSTATION\\\\analyst's\\r\\nTargetUser: WORKSTATION\\\\analyst's\", \"Provider\": \"Microsoft-Windows-Sysmon\", \"RecordId\": 456405, \"TimeCreated\": \"2026-10-07T07:08:37.7572597+05:30\", \"User\": {\"AccountDomainSid\": null, \"BinaryLength\": 12, \"Value\": \"S-1-5-0-0-0\"}}",
     "fields": {
      "RuleName": "-",
      "UtcTime": "2026-10-07 01:38:37.756",
      "SourceProcessGuid": "{00000000-0000-0000-0000-000000000000}",
      "SourceProcessId": "118164",
      "SourceImage": "C:\\Users\\analyst's\\AppData\\Local\\local\\tools\\chromium-1208\\chrome-win64\\chrome.exe",
      "TargetProcessGuid": "{00000000-0000-0000-0000-000000000000}",
      "TargetProcessId": "128252",
      "TargetImage": "C:\\Users\\analyst's\\AppData\\Local\\local\\tools\\chromium-1208\\chrome-win64\\chrome.exe",
      "NewThreadId": "120904",
      "StartAddress": "0x0",
      "StartModule": "C:\\Users\\analyst's\\AppData\\Local\\local\\tools\\chromium-1208\\chrome-win64\\chrome.dll",
      "StartFunction": "-",
      "SourceUser": "WORKSTATION\\analyst's",
      "TargetUser": "WORKSTATION\\analyst's"
     },
     "captured_channel": "Microsoft-Windows-Sysmon/Operational"
    },
    {
     "timestamp": "2026-10-07T07:08:37.9824141+05:30",
     "channel": "Microsoft-Windows-Sysmon/Operational",
     "provider": "Microsoft-Windows-Sysmon",
     "event_id": "1",
     "level": "Information",
     "severity": "Medium",
     "username": "WORKSTATION\\analyst's",
     "host": "localhost",
     "source_ip": "local",
     "message": "Process Create:\r\nRuleName: -\r\nUtcTime: 2026-10-07 01:38:37.980\r\nProcessGuid: {00000000-0000-0000-0000-000000000000}\r\nProcessId: 10984\r\nImage: C:\\Windows\\System32\\cmd.exe\r\nFileVersion: 10.0.26100.9278 (WinBuild.160101.0800)\r\nDescription: Windows Command Processor\r\nProduct: Microsoftr Windowsr Operati",
     "record_id": 456406,
     "source": "windows-event-log",
     "is_alert": true,
     "rule_name": "System network configuration discovery",
     "external_id": "Microsoft-Windows-Sysmon/Operational:456406",
     "raw_log": "{\"Channel\": \"Microsoft-Windows-Sysmon/Operational\", \"EventData\": {\"CommandLine\": \"C:\\\\windows\\\\System32\\\\cmd.exe /C ipconfig\", \"Company\": \"Microsoft Corporation\", \"CurrentDirectory\": \"C:\\\\windows\\\\\", \"Description\": \"Windows Command Processor\", \"FileVersion\": \"10.0.26100.9278 (WinBuild.160101.0800)\", \"Hashes\": \"SHA256=97AC98B1A92C286054CCE55239CFCCDFC23A5517BD07FE693072C9CA96C7DABB\", \"Image\": \"C:\\\\Windows\\\\System32\\\\cmd.exe\", \"IntegrityLevel\": \"Medium\", \"LogonGuid\": \"{00000000-0000-0000-0000-000000000000}\", \"LogonId\": \"0x0\", \"OriginalFileName\": \"Cmd.Exe\", \"ParentCommandLine\": \"C:\\\\Users\\\\analyst's\\\\Documents\\\\repo\\\\.venv\\\\Scripts\\\\python.exe C:\\\\ProgramData\\\\lab\\\\run_driver.py\", \"ParentImage\": \"C:\\\\Users\\\\analyst's\\\\AppData\\\\Local\\\\local\\\\tools\\\\python-3.14.7+20260901-win32-x64\\\\python.exe\", \"ParentProcessGuid\": \"{00000000-0000-0000-0000-000000000000}\", \"ParentProcessId\": \"59888\", \"ParentUser\": \"WORKSTATION\\\\analyst's\", \"ProcessGuid\": \"{00000000-0000-0000-0000-000000000000}\", \"ProcessId\": \"10984\", \"Product\": \"Microsoftr Windowsr Operating System\", \"RuleName\": \"-\", \"TerminalSessionId\": \"1\", \"User\": \"WORKSTATION\\\\analyst's\", \"UtcTime\": \"2026-10-07 01:38:37.980\"}, \"Id\": 1, \"Level\": \"Information\", \"Message\": \"Process Create:\\r\\nRuleName: -\\r\\nUtcTime: 2026-10-07 01:38:37.980\\r\\nProcessGuid: {00000000-0000-0000-0000-000000000000}\\r\\nProcessId: 10984\\r\\nImage: C:\\\\Windows\\\\System32\\\\cmd.exe\\r\\nFileVersion: 10.0.26100.9278 (WinBuild.160101.0800)\\r\\nDescription: Windows Command Processor\\r\\nProduct: Microsoftr Windowsr Operating System\\r\\nCompany: Microsoft Corporation\\r\\nOriginalFileName: Cmd.Exe\\r\\nCommandLine: C:\\\\windows\\\\System32\\\\cmd.exe /C ipconfig\\r\\nCurrentDirectory: C:\\\\windows\\\\\\r\\nUser: WORKSTATION\\\\analyst's\\r\\nLogonGuid: {00000000-0000-0000-0000-000000000000}\\r\\nLogonId: 0x0\\r\\nTerminalSessionId: 1\\r\\nIntegrityLevel: Medium\\r\\nHashes: SHA256=97AC98B1A92C286054CCE55239CFCCDFC23A5517BD07FE693072C9CA96C7DABB\\r\\nParentProcessGuid: {00000000-0000-0000-0000-000000000000}\\r\\nParentProcessId: 59888\\r\\nParentImage: C:\\\\Users\\\\analyst's\\\\AppData\\\\Local\\\\local\\\\tools\\\\python-3.14.7+20260901-win32-x64\\\\python.exe\\r\\nParentCommandLine: C:\\\\Users\\\\analyst's\\\\Documents\\\\repo\\\\.venv\\\\Scripts\\\\python.exe C:\\\\ProgramData\\\\lab\\\\run_driver.py\\r\\nParentUser: WORKSTATION\\\\analyst's\", \"Provider\": \"Microsoft-Windows-Sysmon\", \"RecordId\": 456406, \"TimeCreated\": \"2026-10-07T07:08:37.9824141+05:30\", \"User\": {\"AccountDomainSid\": null, \"BinaryLength\": 12, \"Value\": \"S-1-5-0-0-0\"}}",
     "fields": {
      "RuleName": "-",
      "UtcTime": "2026-10-07 01:38:37.980",
      "Image": "C:\\Windows\\System32\\cmd.exe",
      "FileVersion": "10.0.26100.9278 (WinBuild.160101.0800)",
      "Description": "Windows Command Processor",
      "Product": "Microsoftr Windowsr Operating System",
      "Company": "Microsoft Corporation",
      "OriginalFileName": "Cmd.Exe",
      "CommandLine": "C:\\windows\\System32\\cmd.exe /C ipconfig",
      "CurrentDirectory": "C:\\windows\\",
      "User": "WORKSTATION\\analyst's",
      "LogonId": "0x0",
      "TerminalSessionId": "1",
      "IntegrityLevel": "Medium",
      "ParentImage": "C:\\Users\\analyst's\\AppData\\Local\\local\\tools\\python-3.14.7+20260901-win32-x64\\python.exe",
      "ParentCommandLine": "C:\\Users\\analyst's\\Documents\\repo\\.venv\\Scripts\\python.exe C:\\ProgramData\\lab\\run_driver.py",
      "ParentUser": "WORKSTATION\\analyst's"
     },
     "captured_channel": "Microsoft-Windows-Sysmon/Operational"
    },
    {
     "timestamp": "2026-10-07T07:08:38.0004548+05:30",
     "channel": "Microsoft-Windows-Sysmon/Operational",
     "provider": "Microsoft-Windows-Sysmon",
     "event_id": "1",
     "level": "Information",
     "severity": "Medium",
     "username": "WORKSTATION\\analyst's",
     "host": "localhost",
     "source_ip": "local",
     "message": "Process Create:\r\nRuleName: -\r\nUtcTime: 2026-10-07 01:38:37.993\r\nProcessGuid: {00000000-0000-0000-0000-000000000000}\r\nProcessId: 19596\r\nImage: C:\\Windows\\System32\\ipconfig.exe\r\nFileVersion: 10.0.26100.9278 (WinBuild.160101.0800)\r\nDescription: IP Configuration Utility\r\nProduct: Microsoftr Windowsr Ope",
     "record_id": 456407,
     "source": "windows-event-log",
     "is_alert": true,
     "rule_name": "System network configuration discovery",
     "external_id": "Microsoft-Windows-Sysmon/Operational:456407",
     "raw_log": "{\"Channel\": \"Microsoft-Windows-Sysmon/Operational\", \"EventData\": {\"CommandLine\": \"ipconfig\", \"Company\": \"Microsoft Corporation\", \"CurrentDirectory\": \"C:\\\\Windows\\\\\", \"Description\": \"IP Configuration Utility\", \"FileVersion\": \"10.0.26100.9278 (WinBuild.160101.0800)\", \"Hashes\": \"SHA256=8A013C65FF778CF8341CD0B3404F6E323C5FF91B5059AC47F3BFE2CD6208F6A1\", \"Image\": \"C:\\\\Windows\\\\System32\\\\ipconfig.exe\", \"IntegrityLevel\": \"Medium\", \"LogonGuid\": \"{00000000-0000-0000-0000-000000000000}\", \"LogonId\": \"0x0\", \"OriginalFileName\": \"ipconfig.exe\", \"ParentCommandLine\": \"C:\\\\windows\\\\System32\\\\cmd.exe /C ipconfig\", \"ParentImage\": \"C:\\\\Windows\\\\System32\\\\cmd.exe\", \"ParentProcessGuid\": \"{00000000-0000-0000-0000-000000000000}\", \"ParentProcessId\": \"10984\", \"ParentUser\": \"WORKSTATION\\\\analyst's\", \"ProcessGuid\": \"{00000000-0000-0000-0000-000000000000}\", \"ProcessId\": \"19596\", \"Product\": \"Microsoftr Windowsr Operating System\", \"RuleName\": \"-\", \"TerminalSessionId\": \"1\", \"User\": \"WORKSTATION\\\\analyst's\", \"UtcTime\": \"2026-10-07 01:38:37.993\"}, \"Id\": 1, \"Level\": \"Information\", \"Message\": \"Process Create:\\r\\nRuleName: -\\r\\nUtcTime: 2026-10-07 01:38:37.993\\r\\nProcessGuid: {00000000-0000-0000-0000-000000000000}\\r\\nProcessId: 19596\\r\\nImage: C:\\\\Windows\\\\System32\\\\ipconfig.exe\\r\\nFileVersion: 10.0.26100.9278 (WinBuild.160101.0800)\\r\\nDescription: IP Configuration Utility\\r\\nProduct: Microsoftr Windowsr Operating System\\r\\nCompany: Microsoft Corporation\\r\\nOriginalFileName: ipconfig.exe\\r\\nCommandLine: ipconfig\\r\\nCurrentDirectory: C:\\\\Windows\\\\\\r\\nUser: WORKSTATION\\\\analyst's\\r\\nLogonGuid: {00000000-0000-0000-0000-000000000000}\\r\\nLogonId: 0x0\\r\\nTerminalSessionId: 1\\r\\nIntegrityLevel: Medium\\r\\nHashes: SHA256=8A013C65FF778CF8341CD0B3404F6E323C5FF91B5059AC47F3BFE2CD6208F6A1\\r\\nParentProcessGuid: {00000000-0000-0000-0000-000000000000}\\r\\nParentProcessId: 10984\\r\\nParentImage: C:\\\\Windows\\\\System32\\\\cmd.exe\\r\\nParentCommandLine: C:\\\\windows\\\\System32\\\\cmd.exe /C ipconfig\\r\\nParentUser: WORKSTATION\\\\analyst's\", \"Provider\": \"Microsoft-Windows-Sysmon\", \"RecordId\": 456407, \"TimeCreated\": \"2026-10-07T07:08:38.0004548+05:30\", \"User\": {\"AccountDomainSid\": null, \"BinaryLength\": 12, \"Value\": \"S-1-5-0-0-0\"}}",
     "fields": {
      "RuleName": "-",
      "UtcTime": "2026-10-07 01:38:37.993",
      "Image": "C:\\Windows\\System32\\ipconfig.exe",
      "FileVersion": "10.0.26100.9278 (WinBuild.160101.0800)",
      "Description": "IP Configuration Utility",
      "Product": "Microsoftr Windowsr Operating System",
      "Company": "Microsoft Corporation",
      "OriginalFileName": "ipconfig.exe",
      "CommandLine": "ipconfig",
      "CurrentDirectory": "C:\\Windows\\",
      "User": "WORKSTATION\\analyst's",
      "LogonId": "0x0",
      "TerminalSessionId": "1",
      "IntegrityLevel": "Medium",
      "ParentImage": "C:\\Windows\\System32\\cmd.exe",
      "ParentCommandLine": "C:\\windows\\System32\\cmd.exe /C ipconfig",
      "ParentUser": "WORKSTATION\\analyst's"
     },
     "captured_channel": "Microsoft-Windows-Sysmon/Operational"
    },
    {
     "timestamp": "2026-10-07T07:08:36.0389877+05:30",
     "channel": "Microsoft-Windows-PowerShell/Operational",
     "provider": "Microsoft-Windows-PowerShell",
     "event_id": "40961",
     "level": "Information",
     "severity": "Low",
     "username": "{'BinaryLength': 28, 'AccountDomainSid': {'BinaryLength': 24, 'AccountDomainSid': {'BinaryLength': 24, 'AccountDomainSid': 'S-1-5-0-0-0-1001', 'Value': 'S-1-5-0-0-0-1001'}, 'Value': 'S-1-5-0-0-0-1001'}, 'Value': 'S-1-5-0-0-0-1001'}",
     "host": "localhost",
     "source_ip": "local",
     "message": "PowerShell console is starting up",
     "record_id": 425222,
     "source": "windows-event-log",
     "is_alert": false,
     "rule_name": "",
     "external_id": "Microsoft-Windows-PowerShell/Operational:425222",
     "raw_log": "{\"Channel\": \"Microsoft-Windows-PowerShell/Operational\", \"EventData\": {}, \"Id\": 40961, \"Level\": \"Information\", \"Message\": \"PowerShell console is starting up\", \"Provider\": \"Microsoft-Windows-PowerShell\", \"RecordId\": 425222, \"TimeCreated\": \"2026-10-07T07:08:36.0389877+05:30\", \"User\": {\"AccountDomainSid\": {\"AccountDomainSid\": {\"AccountDomainSid\": \"S-1-5-0-0-0-1001\", \"BinaryLength\": 24, \"Value\": \"S-1-5-0-0-0-1001\"}, \"BinaryLength\": 24, \"Value\": \"S-1-5-0-0-0-1001\"}, \"BinaryLength\": 28, \"Value\": \"S-1-5-0-0-0-1001\"}}",
     "fields": {},
     "captured_channel": "Microsoft-Windows-PowerShell/Operational"
    },
    {
     "timestamp": "2026-10-07T07:08:36.1179715+05:30",
     "channel": "Microsoft-Windows-PowerShell/Operational",
     "provider": "Microsoft-Windows-PowerShell",
     "event_id": "53504",
     "level": "Information",
     "severity": "Low",
     "username": "{'BinaryLength': 28, 'AccountDomainSid': {'BinaryLength': 24, 'AccountDomainSid': {'BinaryLength': 24, 'AccountDomainSid': 'S-1-5-0-0-0-1001', 'Value': 'S-1-5-0-0-0-1001'}, 'Value': 'S-1-5-0-0-0-1001'}, 'Value': 'S-1-5-0-0-0-1001'}",
     "host": "localhost",
     "source_ip": "local",
     "message": "Windows PowerShell has started an IPC listening thread on process: 101016 in AppDomain: DefaultAppDomain.",
     "record_id": 425223,
     "source": "windows-event-log",
     "is_alert": false,
     "rule_name": "",
     "external_id": "Microsoft-Windows-PowerShell/Operational:425223",
     "raw_log": "{\"Channel\": \"Microsoft-Windows-PowerShell/Operational\", \"EventData\": {\"param1\": \"101016\", \"param2\": \"DefaultAppDomain\"}, \"Id\": 53504, \"Level\": \"Information\", \"Message\": \"Windows PowerShell has started an IPC listening thread on process: 101016 in AppDomain: DefaultAppDomain.\", \"Provider\": \"Microsoft-Windows-PowerShell\", \"RecordId\": 425223, \"TimeCreated\": \"2026-10-07T07:08:36.1179715+05:30\", \"User\": {\"AccountDomainSid\": {\"AccountDomainSid\": {\"AccountDomainSid\": \"S-1-5-0-0-0-1001\", \"BinaryLength\": 24, \"Value\": \"S-1-5-0-0-0-1001\"}, \"BinaryLength\": 24, \"Value\": \"S-1-5-0-0-0-1001\"}, \"BinaryLength\": 28, \"Value\": \"S-1-5-0-0-0-1001\"}}",
     "fields": {
      "param1": "101016",
      "param2": "DefaultAppDomain"
     },
     "captured_channel": "Microsoft-Windows-PowerShell/Operational"
    },
    {
     "timestamp": "2026-10-07T07:08:36.1460581+05:30",
     "channel": "Microsoft-Windows-PowerShell/Operational",
     "provider": "Microsoft-Windows-PowerShell",
     "event_id": "40962",
     "level": "Information",
     "severity": "Low",
     "username": "{'BinaryLength': 28, 'AccountDomainSid': {'BinaryLength': 24, 'AccountDomainSid': {'BinaryLength': 24, 'AccountDomainSid': 'S-1-5-0-0-0-1001', 'Value': 'S-1-5-0-0-0-1001'}, 'Value': 'S-1-5-0-0-0-1001'}, 'Value': 'S-1-5-0-0-0-1001'}",
     "host": "localhost",
     "source_ip": "local",
     "message": "PowerShell console is ready for user input",
     "record_id": 425224,
     "source": "windows-event-log",
     "is_alert": false,
     "rule_name": "",
     "external_id": "Microsoft-Windows-PowerShell/Operational:425224",
     "raw_log": "{\"Channel\": \"Microsoft-Windows-PowerShell/Operational\", \"EventData\": {}, \"Id\": 40962, \"Level\": \"Information\", \"Message\": \"PowerShell console is ready for user input\", \"Provider\": \"Microsoft-Windows-PowerShell\", \"RecordId\": 425224, \"TimeCreated\": \"2026-10-07T07:08:36.1460581+05:30\", \"User\": {\"AccountDomainSid\": {\"AccountDomainSid\": {\"AccountDomainSid\": \"S-1-5-0-0-0-1001\", \"BinaryLength\": 24, \"Value\": \"S-1-5-0-0-0-1001\"}, \"BinaryLength\": 24, \"Value\": \"S-1-5-0-0-0-1001\"}, \"BinaryLength\": 28, \"Value\": \"S-1-5-0-0-0-1001\"}}",
     "fields": {},
     "captured_channel": "Microsoft-Windows-PowerShell/Operational"
    },
    {
     "timestamp": "2026-10-07T07:08:36.1900755+05:30",
     "channel": "Microsoft-Windows-PowerShell/Operational",
     "provider": "Microsoft-Windows-PowerShell",
     "event_id": "4104",
     "level": "Verbose",
     "severity": "Low",
     "username": "{'BinaryLength': 28, 'AccountDomainSid': {'BinaryLength': 24, 'AccountDomainSid': {'BinaryLength': 24, 'AccountDomainSid': 'S-1-5-0-0-0-1001', 'Value': 'S-1-5-0-0-0-1001'}, 'Value': 'S-1-5-0-0-0-1001'}, 'Value': 'S-1-5-0-0-0-1001'}",
     "host": "localhost",
     "source_ip": "local",
     "message": "Creating Scriptblock text (1 of 1):\r\nGet-Service | Select-Object -First 5\r\n\r\nScriptBlock ID: 00000000-0000-0000-0000-000000000000\r\nPath:",
     "record_id": 425225,
     "source": "windows-event-log",
     "is_alert": false,
     "rule_name": "",
     "external_id": "Microsoft-Windows-PowerShell/Operational:425225",
     "raw_log": "{\"Channel\": \"Microsoft-Windows-PowerShell/Operational\", \"EventData\": {\"MessageNumber\": \"1\", \"MessageTotal\": \"1\", \"Path\": \"\", \"ScriptBlockId\": \"00000000-0000-0000-0000-000000000000\", \"ScriptBlockText\": \"Get-Service | Select-Object -First 5\"}, \"Id\": 4104, \"Level\": \"Verbose\", \"Message\": \"Creating Scriptblock text (1 of 1):\\r\\nGet-Service | Select-Object -First 5\\r\\n\\r\\nScriptBlock ID: 00000000-0000-0000-0000-000000000000\\r\\nPath: \", \"Provider\": \"Microsoft-Windows-PowerShell\", \"RecordId\": 425225, \"TimeCreated\": \"2026-10-07T07:08:36.1900755+05:30\", \"User\": {\"AccountDomainSid\": {\"AccountDomainSid\": {\"AccountDomainSid\": \"S-1-5-0-0-0-1001\", \"BinaryLength\": 24, \"Value\": \"S-1-5-0-0-0-1001\"}, \"BinaryLength\": 24, \"Value\": \"S-1-5-0-0-0-1001\"}, \"BinaryLength\": 28, \"Value\": \"S-1-5-0-0-0-1001\"}}",
     "fields": {
      "MessageNumber": "1",
      "MessageTotal": "1",
      "ScriptBlockText": "Get-Service | Select-Object -First 5",
      "ScriptBlockId": "00000000-0000-0000-0000-000000000000",
      "Path": ""
     },
     "captured_channel": "Microsoft-Windows-PowerShell/Operational"
    },
    {
     "timestamp": "2026-10-07T07:08:36.2878518+05:30",
     "channel": "Microsoft-Windows-PowerShell/Operational",
     "provider": "Microsoft-Windows-PowerShell",
     "event_id": "4100",
     "level": "Warning",
     "severity": "Medium",
     "username": "{'BinaryLength': 28, 'AccountDomainSid': {'BinaryLength': 24, 'AccountDomainSid': {'BinaryLength': 24, 'AccountDomainSid': 'S-1-5-0-0-0-1001', 'Value': 'S-1-5-0-0-0-1001'}, 'Value': 'S-1-5-0-0-0-1001'}, 'Value': 'S-1-5-0-0-0-1001'}",
     "host": "localhost",
     "source_ip": "local",
     "message": "Error Message = System error.\r\n\r\n\r\nContext:\r\n        Severity = Warning\r\n        Host Name = ConsoleHost\r\n        Host Version = 5.1.26100.9444\r\n        Host ID = 00000000-0000-0000-0000-000000000000\r\n        Host Application = C:\\windows\\System32\\WindowsPowerShell\\v1.0\\powershell.exe -NoProfile -No",
     "record_id": 425226,
     "source": "windows-event-log",
     "is_alert": false,
     "rule_name": "",
     "external_id": "Microsoft-Windows-PowerShell/Operational:425226",
     "raw_log": "{\"Channel\": \"Microsoft-Windows-PowerShell/Operational\", \"EventData\": {\"ContextInfo\": \"        Severity = Warning\\n        Host Name = ConsoleHost\\n        Host Version = 5.1.26100.9444\\n        Host ID = 00000000-0000-0000-0000-000000000000\\n        Host Application = C:\\\\windows\\\\System32\\\\WindowsPowerShell\\\\v1.0\\\\powershell.exe -NoProfile -NonInteractive -ExecutionPolicy Bypass -Command Get-Service | Select-Object -First 5\\n        Engine Version = 5.1.26100.9444\\n        Runspace ID = 00000000-0000-0000-0000-000000000000\\n        Pipeline ID = 1\\n        Command Name = \\n        Command Type = \\n        Script Name = \\n        Command Path = \\n        Sequence Number = 25\\n        User = WORKSTATION\\\\analyst's\\n        Connected User = \\n        Shell ID = Microsoft.PowerShell\\n\", \"Payload\": \"Error Message = System error.\\n\", \"UserData\": \"\"}, \"Id\": 4100, \"Level\": \"Warning\", \"Message\": \"Error Message = System error.\\r\\n\\r\\n\\r\\nContext:\\r\\n        Severity = Warning\\r\\n        Host Name = ConsoleHost\\r\\n        Host Version = 5.1.26100.9444\\r\\n        Host ID = 00000000-0000-0000-0000-000000000000\\r\\n        Host Application = C:\\\\windows\\\\System32\\\\WindowsPowerShell\\\\v1.0\\\\powershell.exe -NoProfile -NonInteractive -ExecutionPolicy Bypass -Command Get-Service | Select-Object -First 5\\r\\n        Engine Version = 5.1.26100.9444\\r\\n        Runspace ID = 00000000-0000-0000-0000-000000000000\\r\\n        Pipeline ID = 1\\r\\n        Command Name = \\r\\n        Command Type = \\r\\n        Script Name = \\r\\n        Command Path = \\r\\n        Sequence Number = 25\\r\\n        User = WORKSTATION\\\\analyst's\\r\\n        Connected User = \\r\\n        Shell ID = Microsoft.PowerShell\\r\\n\\r\\n\\r\\nUser Data:\\r\\n\\r\\n\", \"Provider\": \"Microsoft-Windows-PowerShell\", \"RecordId\": 425226, \"TimeCreated\": \"2026-10-07T07:08:36.2878518+05:30\", \"User\": {\"AccountDomainSid\": {\"AccountDomainSid\": {\"AccountDomainSid\": \"S-1-5-0-0-0-1001\", \"BinaryLength\": 24, \"Value\": \"S-1-5-0-0-0-1001\"}, \"BinaryLength\": 24, \"Value\": \"S-1-5-0-0-0-1001\"}, \"BinaryLength\": 28, \"Value\": \"S-1-5-0-0-0-1001\"}}",
     "fields": {
      "ContextInfo": "        Severity = Warning\n        Host Name = ConsoleHost\n        Host Version = 5.1.26100.9444\n        Host ID = 00000000-0000-0000-0000-000000000000\n        Host Application = C:\\windows\\System32\\WindowsPowerShell\\v1.0\\powershell.exe -NoProfile -NonInteractive -ExecutionPolicy Bypass -Command Get-Service | Select-Object -First 5\n        Engine Version = 5.1.26100.9444\n        Runspace ID = 00000000-0000-0000-0000-000000000000\n        Pipeline ID = 1\n        Command Name = \n        Command Type = \n        Script Name = \n        Command Path = \n        Sequence Number = 25\n        User = WORKSTATION\\analyst's\n        Connected User = \n        Shell ID = Microsoft.PowerShell\n",
      "UserData": "",
      "Payload": "Error Message = System error.\n"
     },
     "captured_channel": "Microsoft-Windows-PowerShell/Operational"
    },
    {
     "timestamp": "2026-10-07T07:08:36.2910058+05:30",
     "channel": "Microsoft-Windows-PowerShell/Operational",
     "provider": "Microsoft-Windows-PowerShell",
     "event_id": "4104",
     "level": "Verbose",
     "severity": "Low",
     "username": "{'BinaryLength': 28, 'AccountDomainSid': {'BinaryLength': 24, 'AccountDomainSid': {'BinaryLength': 24, 'AccountDomainSid': 'S-1-5-0-0-0-1001', 'Value': 'S-1-5-0-0-0-1001'}, 'Value': 'S-1-5-0-0-0-1001'}, 'Value': 'S-1-5-0-0-0-1001'}",
     "host": "localhost",
     "source_ip": "local",
     "message": "Creating Scriptblock text (1 of 1):\r\n$global:?\r\n\r\nScriptBlock ID: 00000000-0000-0000-0000-000000000000\r\nPath:",
     "record_id": 425227,
     "source": "windows-event-log",
     "is_alert": false,
     "rule_name": "",
     "external_id": "Microsoft-Windows-PowerShell/Operational:425227",
     "raw_log": "{\"Channel\": \"Microsoft-Windows-PowerShell/Operational\", \"EventData\": {\"MessageNumber\": \"1\", \"MessageTotal\": \"1\", \"Path\": \"\", \"ScriptBlockId\": \"00000000-0000-0000-0000-000000000000\", \"ScriptBlockText\": \"$global:?\"}, \"Id\": 4104, \"Level\": \"Verbose\", \"Message\": \"Creating Scriptblock text (1 of 1):\\r\\n$global:?\\r\\n\\r\\nScriptBlock ID: 00000000-0000-0000-0000-000000000000\\r\\nPath: \", \"Provider\": \"Microsoft-Windows-PowerShell\", \"RecordId\": 425227, \"TimeCreated\": \"2026-10-07T07:08:36.2910058+05:30\", \"User\": {\"AccountDomainSid\": {\"AccountDomainSid\": {\"AccountDomainSid\": \"S-1-5-0-0-0-1001\", \"BinaryLength\": 24, \"Value\": \"S-1-5-0-0-0-1001\"}, \"BinaryLength\": 24, \"Value\": \"S-1-5-0-0-0-1001\"}, \"BinaryLength\": 28, \"Value\": \"S-1-5-0-0-0-1001\"}}",
     "fields": {
      "MessageNumber": "1",
      "MessageTotal": "1",
      "ScriptBlockText": "$global:?",
      "ScriptBlockId": "00000000-0000-0000-0000-000000000000",
      "Path": ""
     },
     "captured_channel": "Microsoft-Windows-PowerShell/Operational"
    }
   ]
  },
  {
   "label": "benign",
   "technique": "benign",
   "started": 1791337121.1918912,
   "ended": 1791337133.1377869,
   "events": [
    {
     "timestamp": "2026-10-07T07:08:52.1958854+05:30",
     "channel": "Security",
     "provider": "Microsoft-Windows-Security-Auditing",
     "event_id": "5058",
     "level": "Information",
     "severity": "Low",
     "username": "WORKSTATION$",
     "host": "localhost",
     "source_ip": "local",
     "message": "Key file operation.\r\n\r\nSubject:\r\n\tSecurity ID:\t\tS-1-5-0-0-0\r\n\tAccount Name:\t\tWORKSTATION$\r\n\tAccount Domain:\t\tWORKGROUP\r\n\tLogon ID:\t\t0x3E7\r\n\r\nProcess Information:\r\n\tProcess ID:\t\t112376\r\n\tProcess Creation Time:\t?2026?-?10?-?07T01:38:52.068637400Z\r\n\r\nCryptographic Parameters:\r\n\tProvider Name:\tMicrosoft",
     "record_id": 12529683,
     "source": "windows-event-log",
     "is_alert": false,
     "rule_name": "",
     "external_id": "Security:12529683",
     "raw_log": "{\"Channel\": \"Security\", \"EventData\": {\"AlgorithmName\": \"UNKNOWN\", \"ClientCreationTime\": \"2026-10-07T01:38:52.0686374Z\", \"ClientProcessId\": \"112376\", \"KeyFilePath\": \"C:\\\\ProgramData\\\\Microsoft\\\\Crypto\\\\SystemKeys\\\\2a61780cbc53cdf276b46ac8e1698f67_00000000-0000-0000-0000-000000000000\", \"KeyName\": \"Microsoft Edgekey1\", \"KeyType\": \"%%2500\", \"Operation\": \"%%2458\", \"ProviderName\": \"Microsoft Software Key Storage Provider\", \"ReturnCode\": \"0x0\", \"SubjectDomainName\": \"WORKGROUP\", \"SubjectLogonId\": \"0x3e7\", \"SubjectUserName\": \"WORKSTATION$\", \"SubjectUserSid\": \"S-1-5-0-0-0\"}, \"Id\": 5058, \"Level\": \"Information\", \"Message\": \"Key file operation.\\r\\n\\r\\nSubject:\\r\\n\\tSecurity ID:\\t\\tS-1-5-0-0-0\\r\\n\\tAccount Name:\\t\\tWORKSTATION$\\r\\n\\tAccount Domain:\\t\\tWORKGROUP\\r\\n\\tLogon ID:\\t\\t0x3E7\\r\\n\\r\\nProcess Information:\\r\\n\\tProcess ID:\\t\\t112376\\r\\n\\tProcess Creation Time:\\t?2026?-?10?-?07T01:38:52.068637400Z\\r\\n\\r\\nCryptographic Parameters:\\r\\n\\tProvider Name:\\tMicrosoft Software Key Storage Provider\\r\\n\\tAlgorithm Name:\\tUNKNOWN\\r\\n\\tKey Name:\\tMicrosoft Edgekey1\\r\\n\\tKey Type:\\tUser key.\\r\\n\\r\\nKey File Operation Information:\\r\\n\\tFile Path:\\tC:\\\\ProgramData\\\\Microsoft\\\\Crypto\\\\SystemKeys\\\\2a61780cbc53cdf276b46ac8e1698f67_00000000-0000-0000-0000-000000000000\\r\\n\\tOperation:\\tRead persisted key from file.\\r\\n\\tReturn Code:\\t0x0\", \"Provider\": \"Microsoft-Windows-Security-Auditing\", \"RecordId\": 12529683, \"TimeCreated\": \"2026-10-07T07:08:52.1958854+05:30\", \"User\": null}",
     "fields": {
      "SubjectUserSid": "S-1-5-0-0-0",
      "SubjectUserName": "WORKSTATION$",
      "SubjectDomainName": "WORKGROUP",
      "SubjectLogonId": "0x3e7",
      "ClientProcessId": "112376",
      "ClientCreationTime": "2026-10-07T01:38:52.0686374Z",
      "ProviderName": "Microsoft Software Key Storage Provider",
      "AlgorithmName": "UNKNOWN",
      "KeyName": "Microsoft Edgekey1",
      "KeyType": "%%2500",
      "KeyFilePath": "C:\\ProgramData\\Microsoft\\Crypto\\SystemKeys\\2a61780cbc53cdf276b46ac8e1698f67_00000000-0000-0000-0000-000000000000",
      "Operation": "%%2458",
      "ReturnCode": "0x0"
     },
     "captured_channel": "Security"
    },
    {
     "timestamp": "2026-10-07T07:08:52.1963671+05:30",
     "channel": "Security",
     "provider": "Microsoft-Windows-Security-Auditing",
     "event_id": "5061",
     "level": "Information",
     "severity": "Low",
     "username": "WORKSTATION$",
     "host": "localhost",
     "source_ip": "local",
     "message": "Cryptographic operation.\r\n\r\nSubject:\r\n\tSecurity ID:\t\tS-1-5-0-0-0\r\n\tAccount Name:\t\tWORKSTATION$\r\n\tAccount Domain:\t\tWORKGROUP\r\n\tLogon ID:\t\t0x3E7\r\n\r\nCryptographic Parameters:\r\n\tProvider Name:\tMicrosoft Software Key Storage Provider\r\n\tAlgorithm Name:\tAES\r\n\tKey Name:\tMicrosoft Edgekey1\r\n\tKey Type:\tUser k",
     "record_id": 12529684,
     "source": "windows-event-log",
     "is_alert": false,
     "rule_name": "",
     "external_id": "Security:12529684",
     "raw_log": "{\"Channel\": \"Security\", \"EventData\": {\"AlgorithmName\": \"AES\", \"KeyName\": \"Microsoft Edgekey1\", \"KeyType\": \"%%2500\", \"Operation\": \"%%2480\", \"ProviderName\": \"Microsoft Software Key Storage Provider\", \"ReturnCode\": \"0x0\", \"SubjectDomainName\": \"WORKGROUP\", \"SubjectLogonId\": \"0x3e7\", \"SubjectUserName\": \"WORKSTATION$\", \"SubjectUserSid\": \"S-1-5-0-0-0\"}, \"Id\": 5061, \"Level\": \"Information\", \"Message\": \"Cryptographic operation.\\r\\n\\r\\nSubject:\\r\\n\\tSecurity ID:\\t\\tS-1-5-0-0-0\\r\\n\\tAccount Name:\\t\\tWORKSTATION$\\r\\n\\tAccount Domain:\\t\\tWORKGROUP\\r\\n\\tLogon ID:\\t\\t0x3E7\\r\\n\\r\\nCryptographic Parameters:\\r\\n\\tProvider Name:\\tMicrosoft Software Key Storage Provider\\r\\n\\tAlgorithm Name:\\tAES\\r\\n\\tKey Name:\\tMicrosoft Edgekey1\\r\\n\\tKey Type:\\tUser key.\\r\\n\\r\\nCryptographic Operation:\\r\\n\\tOperation:\\tOpen Key.\\r\\n\\tReturn Code:\\t0x0\", \"Provider\": \"Microsoft-Windows-Security-Auditing\", \"RecordId\": 12529684, \"TimeCreated\": \"2026-10-07T07:08:52.1963671+05:30\", \"User\": null}",
     "fields": {
      "SubjectUserSid": "S-1-5-0-0-0",
      "SubjectUserName": "WORKSTATION$",
      "SubjectDomainName": "WORKGROUP",
      "SubjectLogonId": "0x3e7",
      "ProviderName": "Microsoft Software Key Storage Provider",
      "AlgorithmName": "AES",
      "KeyName": "Microsoft Edgekey1",
      "KeyType": "%%2500",
      "Operation": "%%2480",
      "ReturnCode": "0x0"
     },
     "captured_channel": "Security"
    },
    {
     "timestamp": "2026-10-07T07:08:52.2901048+05:30",
     "channel": "Security",
     "provider": "Microsoft-Windows-Security-Auditing",
     "event_id": "5379",
     "level": "Information",
     "severity": "Low",
     "username": "analyst's",
     "host": "localhost",
     "source_ip": "local",
     "message": "Credential Manager credentials were read.\r\n\r\nSubject:\r\n\tSecurity ID:\t\tS-1-5-0-0-0-1001\r\n\tAccount Name:\t\tanalyst's\r\n\tAccount Domain:\t\tWORKSTATION\r\n\tLogon ID:\t\t0x0\r\n\tRead Operation:\t\tEnumerate Credentials\r\n\r\nThis event occurs when a user performs a read operation on stored credentials in Credential Ma",
     "record_id": 12529685,
     "source": "windows-event-log",
     "is_alert": false,
     "rule_name": "",
     "external_id": "Security:12529685",
     "raw_log": "{\"Channel\": \"Security\", \"EventData\": {\"ClientProcessId\": \"23732\", \"CountOfCredentialsReturned\": \"1\", \"ProcessCreationTime\": \"2026-10-07T01:35:09.9397710Z\", \"ReadOperation\": \"%%8100\", \"ReturnCode\": \"0\", \"SubjectDomainName\": \"WORKSTATION\", \"SubjectLogonId\": \"0x0\", \"SubjectUserName\": \"analyst's\", \"SubjectUserSid\": \"S-1-5-0-0-0-1001\", \"TargetName\": \"MicrosoftAccount:user=user@example.invalid\", \"Type\": \"0\"}, \"Id\": 5379, \"Level\": \"Information\", \"Message\": \"Credential Manager credentials were read.\\r\\n\\r\\nSubject:\\r\\n\\tSecurity ID:\\t\\tS-1-5-0-0-0-1001\\r\\n\\tAccount Name:\\t\\tanalyst's\\r\\n\\tAccount Domain:\\t\\tWORKSTATION\\r\\n\\tLogon ID:\\t\\t0x0\\r\\n\\tRead Operation:\\t\\tEnumerate Credentials\\r\\n\\r\\nThis event occurs when a user performs a read operation on stored credentials in Credential Manager.\", \"Provider\": \"Microsoft-Windows-Security-Auditing\", \"RecordId\": 12529685, \"TimeCreated\": \"2026-10-07T07:08:52.2901048+05:30\", \"User\": null}",
     "fields": {
      "SubjectUserSid": "S-1-5-0-0-0-1001",
      "SubjectUserName": "analyst's",
      "SubjectDomainName": "WORKSTATION",
      "SubjectLogonId": "0x0",
      "TargetName": "MicrosoftAccount:user=user@example.invalid",
      "Type": "0",
      "CountOfCredentialsReturned": "1",
      "ReadOperation": "%%8100",
      "ReturnCode": "0",
      "ProcessCreationTime": "2026-10-07T01:35:09.9397710Z",
      "ClientProcessId": "23732"
     },
     "captured_channel": "Security"
    },
    {
     "timestamp": "2026-10-07T07:08:52.2913608+05:30",
     "channel": "Security",
     "provider": "Microsoft-Windows-Security-Auditing",
     "event_id": "5379",
     "level": "Information",
     "severity": "Low",
     "username": "analyst's",
     "host": "localhost",
     "source_ip": "local",
     "message": "Credential Manager credentials were read.\r\n\r\nSubject:\r\n\tSecurity ID:\t\tS-1-5-0-0-0-1001\r\n\tAccount Name:\t\tanalyst's\r\n\tAccount Domain:\t\tWORKSTATION\r\n\tLogon ID:\t\t0x0\r\n\tRead Operation:\t\tEnumerate Credentials\r\n\r\nThis event occurs when a user performs a read operation on stored credentials in Credential Ma",
     "record_id": 12529686,
     "source": "windows-event-log",
     "is_alert": false,
     "rule_name": "",
     "external_id": "Security:12529686",
     "raw_log": "{\"Channel\": \"Security\", \"EventData\": {\"ClientProcessId\": \"23732\", \"CountOfCredentialsReturned\": \"0\", \"ProcessCreationTime\": \"2026-10-07T01:35:09.9397710Z\", \"ReadOperation\": \"%%8100\", \"ReturnCode\": \"3221226021\", \"SubjectDomainName\": \"WORKSTATION\", \"SubjectLogonId\": \"0x0\", \"SubjectUserName\": \"analyst's\", \"SubjectUserSid\": \"S-1-5-0-0-0-1001\", \"TargetName\": \"WindowsLive:(token):name=user@example.invalid;serviceuri=*\", \"Type\": \"0\"}, \"Id\": 5379, \"Level\": \"Information\", \"Message\": \"Credential Manager credentials were read.\\r\\n\\r\\nSubject:\\r\\n\\tSecurity ID:\\t\\tS-1-5-0-0-0-1001\\r\\n\\tAccount Name:\\t\\tanalyst's\\r\\n\\tAccount Domain:\\t\\tWORKSTATION\\r\\n\\tLogon ID:\\t\\t0x0\\r\\n\\tRead Operation:\\t\\tEnumerate Credentials\\r\\n\\r\\nThis event occurs when a user performs a read operation on stored credentials in Credential Manager.\", \"Provider\": \"Microsoft-Windows-Security-Auditing\", \"RecordId\": 12529686, \"TimeCreated\": \"2026-10-07T07:08:52.2913608+05:30\", \"User\": null}",
     "fields": {
      "SubjectUserSid": "S-1-5-0-0-0-1001",
      "SubjectUserName": "analyst's",
      "SubjectDomainName": "WORKSTATION",
      "SubjectLogonId": "0x0",
      "TargetName": "WindowsLive:(token):name=user@example.invalid;serviceuri=*",
      "Type": "0",
      "CountOfCredentialsReturned": "0",
      "ReadOperation": "%%8100",
      "ReturnCode": "3221226021",
      "ProcessCreationTime": "2026-10-07T01:35:09.9397710Z",
      "ClientProcessId": "23732"
     },
     "captured_channel": "Security"
    },
