    {
     "timestamp": "2026-10-07T04:55:54.2295291+05:30",
     "channel": "Microsoft-Windows-Sysmon/Operational",
     "provider": "Microsoft-Windows-Sysmon",
     "event_id": "1",
     "level": "Information",
     "severity": "Low",
     "username": "WORKSTATION\\analyst's",
     "host": "localhost",
     "source_ip": "local",
     "message": "Process Create:\r\nRuleName: -\r\nUtcTime: 2026-10-06 23:25:54.216\r\nProcessGuid: {00000000-0000-0000-0000-000000000000}\r\nProcessId: 120588\r\nImage: C:\\Windows\\System32\\WindowsPowerShell\\v1.0\\powershell.exe\r\nFileVersion: 10.0.26100.9278 (WinBuild.160101.0800)\r\nDescription: Windows PowerShell\r\nProduct: Mic",
     "record_id": 445331,
     "source": "windows-event-log",
     "is_alert": false,
     "rule_name": "",
     "external_id": "Microsoft-Windows-Sysmon/Operational:445331",
     "raw_log": "{\"Channel\": \"Microsoft-Windows-Sysmon/Operational\", \"EventData\": {\"CommandLine\": \"C:\\\\windows\\\\System32\\\\WindowsPowerShell\\\\v1.0\\\\powershell.exe -NoProfile -NonInteractive -ExecutionPolicy Bypass -Command \\\"Get-ChildItem C:\\\\Windows -Name | Select-Object -First 5\\\"\", \"Company\": \"Microsoft Corporation\", \"CurrentDirectory\": \"C:\\\\windows\\\\\", \"Description\": \"Windows PowerShell\", \"FileVersion\": \"10.0.26100.9278 (WinBuild.160101.0800)\", \"Hashes\": \"SHA256=8BB6FA8C283B4D92120B1EF249A9B311B0F804D4CABBE9981159976C8BE76A5E\", \"Image\": \"C:\\\\Windows\\\\System32\\\\WindowsPowerShell\\\\v1.0\\\\powershell.exe\", \"IntegrityLevel\": \"High\", \"LogonGuid\": \"{00000000-0000-0000-0000-000000000000}\", \"LogonId\": \"0x0\", \"OriginalFileName\": \"PowerShell.EXE\", \"ParentCommandLine\": \"\\\"C:\\\\Users\\\\analyst's\\\\Documents\\\\repo\\\\.venv\\\\Scripts\\\\python.exe\\\" -B C:\\\\ProgramData\\\\lab\\\\run_capture.py \", \"ParentImage\": \"C:\\\\Users\\\\analyst's\\\\AppData\\\\Local\\\\local\\\\tools\\\\python-3.14.7+20260901-win32-x64\\\\python.exe\", \"ParentProcessGuid\": \"{00000000-0000-0000-0000-000000000000}\", \"ParentProcessId\": \"39240\", \"ParentUser\": \"WORKSTATION\\\\analyst's\", \"ProcessGuid\": \"{00000000-0000-0000-0000-000000000000}\", \"ProcessId\": \"120588\", \"Product\": \"Microsoftr Windowsr Operating System\", \"RuleName\": \"-\", \"TerminalSessionId\": \"1\", \"User\": \"WORKSTATION\\\\analyst's\", \"UtcTime\": \"2026-10-06 23:25:54.216\"}, \"Id\": 1, \"Level\": \"Information\", \"Message\": \"Process Create:\\r\\nRuleName: -\\r\\nUtcTime: 2026-10-06 23:25:54.216\\r\\nProcessGuid: {00000000-0000-0000-0000-000000000000}\\r\\nProcessId: 120588\\r\\nImage: C:\\\\Windows\\\\System32\\\\WindowsPowerShell\\\\v1.0\\\\powershell.exe\\r\\nFileVersion: 10.0.26100.9278 (WinBuild.160101.0800)\\r\\nDescription: Windows PowerShell\\r\\nProduct: Microsoftr Windowsr Operating System\\r\\nCompany: Microsoft Corporation\\r\\nOriginalFileName: PowerShell.EXE\\r\\nCommandLine: C:\\\\windows\\\\System32\\\\WindowsPowerShell\\\\v1.0\\\\powershell.exe -NoProfile -NonInteractive -ExecutionPolicy Bypass -Command \\\"Get-ChildItem C:\\\\Windows -Name | Select-Object -First 5\\\"\\r\\nCurrentDirectory: C:\\\\windows\\\\\\r\\nUser: WORKSTATION\\\\analyst's\\r\\nLogonGuid: {00000000-0000-0000-0000-000000000000}\\r\\nLogonId: 0x0\\r\\nTerminalSessionId: 1\\r\\nIntegrityLevel: High\\r\\nHashes: SHA256=8BB6FA8C283B4D92120B1EF249A9B311B0F804D4CABBE9981159976C8BE76A5E\\r\\nParentProcessGuid: {00000000-0000-0000-0000-000000000000}\\r\\nParentProcessId: 39240\\r\\nParentImage: C:\\\\Users\\\\analyst's\\\\AppData\\\\Local\\\\local\\\\tools\\\\python-3.14.7+20260901-win32-x64\\\\python.exe\\r\\nParentCommandLine: \\\"C:\\\\Users\\\\analyst's\\\\Documents\\\\repo\\\\.venv\\\\Scripts\\\\python.exe\\\" -B C:\\\\ProgramData\\\\lab\\\\run_capture.py \\r\\nParentUser: WORKSTATION\\\\analyst's\", \"Provider\": \"Microsoft-Windows-Sysmon\", \"RecordId\": 445331, \"TimeCreated\": \"2026-10-07T04:55:54.2295291+05:30\", \"User\": {\"AccountDomainSid\": null, \"BinaryLength\": 12, \"Value\": \"S-1-5-0-0-0\"}}",
     "fields": {
      "RuleName": "-",
      "UtcTime": "2026-10-06 23:25:54.216",
      "Image": "C:\\Windows\\System32\\WindowsPowerShell\\v1.0\\powershell.exe",
      "FileVersion": "10.0.26100.9278 (WinBuild.160101.0800)",
      "Description": "Windows PowerShell",
      "Product": "Microsoftr Windowsr Operating System",
      "Company": "Microsoft Corporation",
      "OriginalFileName": "PowerShell.EXE",
      "CommandLine": "C:\\windows\\System32\\WindowsPowerShell\\v1.0\\powershell.exe -NoProfile -NonInteractive -ExecutionPolicy Bypass -Command \"Get-ChildItem C:\\Windows -Name | Select-Object -First 5\"",
      "CurrentDirectory": "C:\\windows\\",
      "User": "WORKSTATION\\analyst's",
      "LogonId": "0x0",
      "TerminalSessionId": "1",
      "IntegrityLevel": "High",
      "ParentImage": "C:\\Users\\analyst's\\AppData\\Local\\local\\tools\\python-3.14.7+20260901-win32-x64\\python.exe",
      "ParentCommandLine": "\"C:\\Users\\analyst's\\Documents\\repo\\.venv\\Scripts\\python.exe\" -B C:\\ProgramData\\lab\\run_capture.py ",
      "ParentUser": "WORKSTATION\\analyst's"
     },
     "captured_channel": "Microsoft-Windows-Sysmon/Operational"
    },
    {
     "timestamp": "2026-10-07T04:55:54.7179549+05:30",
     "channel": "Microsoft-Windows-Sysmon/Operational",
     "provider": "Microsoft-Windows-Sysmon",
     "event_id": "10",
     "level": "Information",
     "severity": "Low",
     "username": "{'BinaryLength': 12, 'AccountDomainSid': None, 'Value': 'S-1-5-0-0-0'}",
     "host": "localhost",
     "source_ip": "local",
     "message": "Process accessed:\r\nRuleName: -\r\nUtcTime: 2026-10-06 23:25:54.717\r\nSourceProcessGUID: {00000000-0000-0000-0000-000000000000}\r\nSourceProcessId: 6396\r\nSourceThreadId: 51892\r\nSourceImage: C:\\Program Files\\McAfee\\WebAdvisor\\ServiceHost.exe\r\nTargetProcessGUID: {00000000-0000-0000-0000-000000000000}\r\nTarge",
     "record_id": 445332,
     "source": "windows-event-log",
     "is_alert": false,
     "rule_name": "",
     "external_id": "Microsoft-Windows-Sysmon/Operational:445332",
     "raw_log": "{\"Channel\": \"Microsoft-Windows-Sysmon/Operational\", \"EventData\": {\"CallTrace\": \"C:\\\\windows\\\\SYSTEM32\\\\ntdll.dll+161284|C:\\\\windows\\\\SYSTEM32\\\\WINSTA.dll+3552|C:\\\\windows\\\\SYSTEM32\\\\WINSTA.dll+3380|C:\\\\windows\\\\SYSTEM32\\\\WINSTA.dll+2e09|C:\\\\windows\\\\SYSTEM32\\\\WTSAPI32.dll+1f03|C:\\\\Program Files\\\\McAfee\\\\WebAdvisor\\\\TaskManager.dll+dbcdb|C:\\\\Program Files\\\\McAfee\\\\WebAdvisor\\\\TaskManager.dll+54074|C:\\\\Program Files\\\\McAfee\\\\WebAdvisor\\\\TaskManager.dll+66b7b|C:\\\\Program Files\\\\McAfee\\\\WebAdvisor\\\\TaskManager.dll+af275|C:\\\\Program Files\\\\McAfee\\\\WebAdvisor\\\\TaskManager.dll+4f478a|C:\\\\windows\\\\System32\\\\KERNEL32.DLL+2cd87|C:\\\\windows\\\\SYSTEM32\\\\ntdll.dll+acaec\", \"GrantedAccess\": \"0x1000\", \"RuleName\": \"-\", \"SourceImage\": \"C:\\\\Program Files\\\\McAfee\\\\WebAdvisor\\\\ServiceHost.exe\", \"SourceProcessGUID\": \"{00000000-0000-0000-0000-000000000000}\", \"SourceProcessId\": \"6396\", \"SourceThreadId\": \"51892\", \"SourceUser\": \"NT AUTHORITY\\\\SYSTEM\", \"TargetImage\": \"C:\\\\windows\\\\system32\\\\lsass.exe\", \"TargetProcessGUID\": \"{00000000-0000-0000-0000-000000000000}\", \"TargetProcessId\": \"1700\", \"TargetUser\": \"NT AUTHORITY\\\\SYSTEM\", \"UtcTime\": \"2026-10-06 23:25:54.717\"}, \"Id\": 10, \"Level\": \"Information\", \"Message\": \"Process accessed:\\r\\nRuleName: -\\r\\nUtcTime: 2026-10-06 23:25:54.717\\r\\nSourceProcessGUID: {00000000-0000-0000-0000-000000000000}\\r\\nSourceProcessId: 6396\\r\\nSourceThreadId: 51892\\r\\nSourceImage: C:\\\\Program Files\\\\McAfee\\\\WebAdvisor\\\\ServiceHost.exe\\r\\nTargetProcessGUID: {00000000-0000-0000-0000-000000000000}\\r\\nTargetProcessId: 1700\\r\\nTargetImage: C:\\\\windows\\\\system32\\\\lsass.exe\\r\\nGrantedAccess: 0x1000\\r\\nCallTrace: C:\\\\windows\\\\SYSTEM32\\\\ntdll.dll+161284|C:\\\\windows\\\\SYSTEM32\\\\WINSTA.dll+3552|C:\\\\windows\\\\SYSTEM32\\\\WINSTA.dll+3380|C:\\\\windows\\\\SYSTEM32\\\\WINSTA.dll+2e09|C:\\\\windows\\\\SYSTEM32\\\\WTSAPI32.dll+1f03|C:\\\\Program Files\\\\McAfee\\\\WebAdvisor\\\\TaskManager.dll+dbcdb|C:\\\\Program Files\\\\McAfee\\\\WebAdvisor\\\\TaskManager.dll+54074|C:\\\\Program Files\\\\McAfee\\\\WebAdvisor\\\\TaskManager.dll+66b7b|C:\\\\Program Files\\\\McAfee\\\\WebAdvisor\\\\TaskManager.dll+af275|C:\\\\Program Files\\\\McAfee\\\\WebAdvisor\\\\TaskManager.dll+4f478a|C:\\\\windows\\\\System32\\\\KERNEL32.DLL+2cd87|C:\\\\windows\\\\SYSTEM32\\\\ntdll.dll+acaec\\r\\nSourceUser: NT AUTHORITY\\\\SYSTEM\\r\\nTargetUser: NT AUTHORITY\\\\SYSTEM\", \"Provider\": \"Microsoft-Windows-Sysmon\", \"RecordId\": 445332, \"TimeCreated\": \"2026-10-07T04:55:54.7179549+05:30\", \"User\": {\"AccountDomainSid\": null, \"BinaryLength\": 12, \"Value\": \"S-1-5-0-0-0\"}}",
     "fields": {
      "RuleName": "-",
      "UtcTime": "2026-10-06 23:25:54.717",
      "SourceProcessGUID": "{00000000-0000-0000-0000-000000000000}",
      "SourceProcessId": "6396",
      "SourceThreadId": "51892",
      "SourceImage": "C:\\Program Files\\McAfee\\WebAdvisor\\ServiceHost.exe",
      "TargetProcessGUID": "{00000000-0000-0000-0000-000000000000}",
      "TargetProcessId": "1700",
      "TargetImage": "C:\\windows\\system32\\lsass.exe",
      "GrantedAccess": "0x1000",
      "CallTrace": "C:\\windows\\SYSTEM32\\ntdll.dll+161284|C:\\windows\\SYSTEM32\\WINSTA.dll+3552|C:\\windows\\SYSTEM32\\WINSTA.dll+3380|C:\\windows\\SYSTEM32\\WINSTA.dll+2e09|C:\\windows\\SYSTEM32\\WTSAPI32.dll+1f03|C:\\Program Files\\McAfee\\WebAdvisor\\TaskManager.dll+dbcdb|C:\\Program Files\\McAfee\\WebAdvisor\\TaskManager.dll+54074|C:\\Program Files\\McAfee\\WebAdvisor\\TaskManager.dll+66b7b|C:\\Program Files\\McAfee\\WebAdvisor\\TaskManager.dll+af275|C:\\Program Files\\McAfee\\WebAdvisor\\TaskManager.dll+4f478a|C:\\windows\\System32\\KERNEL32.DLL+2cd87|C:\\windows\\SYSTEM32\\ntdll.dll+acaec",
      "SourceUser": "NT AUTHORITY\\SYSTEM",
      "TargetUser": "NT AUTHORITY\\SYSTEM"
     },
     "captured_channel": "Microsoft-Windows-Sysmon/Operational"
    },
    {
     "timestamp": "2026-10-07T04:55:55.8815497+05:30",
     "channel": "Microsoft-Windows-Sysmon/Operational",
     "provider": "Microsoft-Windows-Sysmon",
     "event_id": "8",
     "level": "Information",
     "severity": "Low",
     "username": "{'BinaryLength': 12, 'AccountDomainSid': None, 'Value': 'S-1-5-0-0-0'}",
     "host": "localhost",
     "source_ip": "local",
     "message": "CreateRemoteThread detected:\r\nRuleName: -\r\nUtcTime: 2026-10-06 23:25:55.880\r\nSourceProcessGuid: {00000000-0000-0000-0000-000000000000}\r\nSourceProcessId: 49492\r\nSourceImage: C:\\Users\\analyst's\\AppData\\Local\\local\\tools\\chromium-1208\\chrome-win64\\chrome.exe\r\nTargetProcessGuid: {00000000-0000-0000-0000",
     "record_id": 445333,
     "source": "windows-event-log",
     "is_alert": false,
     "rule_name": "",
     "external_id": "Microsoft-Windows-Sysmon/Operational:445333",
     "raw_log": "{\"Channel\": \"Microsoft-Windows-Sysmon/Operational\", \"EventData\": {\"NewThreadId\": \"30480\", \"RuleName\": \"-\", \"SourceImage\": \"C:\\\\Users\\\\analyst's\\\\AppData\\\\Local\\\\local\\\\tools\\\\chromium-1208\\\\chrome-win64\\\\chrome.exe\", \"SourceProcessGuid\": \"{00000000-0000-0000-0000-000000000000}\", \"SourceProcessId\": \"49492\", \"SourceUser\": \"WORKSTATION\\\\analyst's\", \"StartAddress\": \"0x0\", \"StartFunction\": \"-\", \"StartModule\": \"C:\\\\Users\\\\analyst's\\\\AppData\\\\Local\\\\local\\\\tools\\\\chromium-1208\\\\chrome-win64\\\\chrome.dll\", \"TargetImage\": \"C:\\\\Users\\\\analyst's\\\\AppData\\\\Local\\\\local\\\\tools\\\\chromium-1208\\\\chrome-win64\\\\chrome.exe\", \"TargetProcessGuid\": \"{00000000-0000-0000-0000-000000000000}\", \"TargetProcessId\": \"54884\", \"TargetUser\": \"WORKSTATION\\\\analyst's\", \"UtcTime\": \"2026-10-06 23:25:55.880\"}, \"Id\": 8, \"Level\": \"Information\", \"Message\": \"CreateRemoteThread detected:\\r\\nRuleName: -\\r\\nUtcTime: 2026-10-06 23:25:55.880\\r\\nSourceProcessGuid: {00000000-0000-0000-0000-000000000000}\\r\\nSourceProcessId: 49492\\r\\nSourceImage: C:\\\\Users\\\\analyst's\\\\AppData\\\\Local\\\\local\\\\tools\\\\chromium-1208\\\\chrome-win64\\\\chrome.exe\\r\\nTargetProcessGuid: {00000000-0000-0000-0000-000000000000}\\r\\nTargetProcessId: 54884\\r\\nTargetImage: C:\\\\Users\\\\analyst's\\\\AppData\\\\Local\\\\local\\\\tools\\\\chromium-1208\\\\chrome-win64\\\\chrome.exe\\r\\nNewThreadId: 30480\\r\\nStartAddress: 0x0\\r\\nStartModule: C:\\\\Users\\\\analyst's\\\\AppData\\\\Local\\\\local\\\\tools\\\\chromium-1208\\\\chrome-win64\\\\chrome.dll\\r\\nStartFunction: -\\r\\nSourceUser: WORKSTATION\\\\analyst's\\r\\nTargetUser: WORKSTATION\\\\analyst's\", \"Provider\": \"Microsoft-Windows-Sysmon\", \"RecordId\": 445333, \"TimeCreated\": \"2026-10-07T04:55:55.8815497+05:30\", \"User\": {\"AccountDomainSid\": null, \"BinaryLength\": 12, \"Value\": \"S-1-5-0-0-0\"}}",
     "fields": {
      "RuleName": "-",
      "UtcTime": "2026-10-06 23:25:55.880",
      "SourceProcessGuid": "{00000000-0000-0000-0000-000000000000}",
      "SourceProcessId": "49492",
      "SourceImage": "C:\\Users\\analyst's\\AppData\\Local\\local\\tools\\chromium-1208\\chrome-win64\\chrome.exe",
      "TargetProcessGuid": "{00000000-0000-0000-0000-000000000000}",
      "TargetProcessId": "54884",
      "TargetImage": "C:\\Users\\analyst's\\AppData\\Local\\local\\tools\\chromium-1208\\chrome-win64\\chrome.exe",
      "NewThreadId": "30480",
      "StartAddress": "0x0",
      "StartModule": "C:\\Users\\analyst's\\AppData\\Local\\local\\tools\\chromium-1208\\chrome-win64\\chrome.dll",
      "StartFunction": "-",
      "SourceUser": "WORKSTATION\\analyst's",
      "TargetUser": "WORKSTATION\\analyst's"
     },
     "captured_channel": "Microsoft-Windows-Sysmon/Operational"
    },
    {
     "timestamp": "2026-10-07T04:55:56.2206271+05:30",
     "channel": "Microsoft-Windows-Sysmon/Operational",
     "provider": "Microsoft-Windows-Sysmon",
     "event_id": "1",
     "level": "Information",
     "severity": "Low",
     "username": "WORKSTATION\\analyst's",
     "host": "localhost",
     "source_ip": "local",
     "message": "Process Create:\r\nRuleName: -\r\nUtcTime: 2026-10-06 23:25:56.211\r\nProcessGuid: {00000000-0000-0000-0000-000000000000}\r\nProcessId: 14736\r\nImage: C:\\Windows\\System32\\WindowsPowerShell\\v1.0\\powershell.exe\r\nFileVersion: 10.0.26100.9278 (WinBuild.160101.0800)\r\nDescription: Windows PowerShell\r\nProduct: Micr",
     "record_id": 445334,
     "source": "windows-event-log",
     "is_alert": false,
     "rule_name": "",
     "external_id": "Microsoft-Windows-Sysmon/Operational:445334",
     "raw_log": "{\"Channel\": \"Microsoft-Windows-Sysmon/Operational\", \"EventData\": {\"CommandLine\": \"C:\\\\windows\\\\System32\\\\WindowsPowerShell\\\\v1.0\\\\powershell.exe -NoProfile -NonInteractive -ExecutionPolicy Bypass -Command \\\"Get-Service | Select-Object -First 5\\\"\", \"Company\": \"Microsoft Corporation\", \"CurrentDirectory\": \"C:\\\\windows\\\\\", \"Description\": \"Windows PowerShell\", \"FileVersion\": \"10.0.26100.9278 (WinBuild.160101.0800)\", \"Hashes\": \"SHA256=8BB6FA8C283B4D92120B1EF249A9B311B0F804D4CABBE9981159976C8BE76A5E\", \"Image\": \"C:\\\\Windows\\\\System32\\\\WindowsPowerShell\\\\v1.0\\\\powershell.exe\", \"IntegrityLevel\": \"High\", \"LogonGuid\": \"{00000000-0000-0000-0000-000000000000}\", \"LogonId\": \"0x0\", \"OriginalFileName\": \"PowerShell.EXE\", \"ParentCommandLine\": \"\\\"C:\\\\Users\\\\analyst's\\\\Documents\\\\repo\\\\.venv\\\\Scripts\\\\python.exe\\\" -B C:\\\\ProgramData\\\\lab\\\\run_capture.py \", \"ParentImage\": \"C:\\\\Users\\\\analyst's\\\\AppData\\\\Local\\\\local\\\\tools\\\\python-3.14.7+20260901-win32-x64\\\\python.exe\", \"ParentProcessGuid\": \"{00000000-0000-0000-0000-000000000000}\", \"ParentProcessId\": \"39240\", \"ParentUser\": \"WORKSTATION\\\\analyst's\", \"ProcessGuid\": \"{00000000-0000-0000-0000-000000000000}\", \"ProcessId\": \"14736\", \"Product\": \"Microsoftr Windowsr Operating System\", \"RuleName\": \"-\", \"TerminalSessionId\": \"1\", \"User\": \"WORKSTATION\\\\analyst's\", \"UtcTime\": \"2026-10-06 23:25:56.211\"}, \"Id\": 1, \"Level\": \"Information\", \"Message\": \"Process Create:\\r\\nRuleName: -\\r\\nUtcTime: 2026-10-06 23:25:56.211\\r\\nProcessGuid: {00000000-0000-0000-0000-000000000000}\\r\\nProcessId: 14736\\r\\nImage: C:\\\\Windows\\\\System32\\\\WindowsPowerShell\\\\v1.0\\\\powershell.exe\\r\\nFileVersion: 10.0.26100.9278 (WinBuild.160101.0800)\\r\\nDescription: Windows PowerShell\\r\\nProduct: Microsoftr Windowsr Operating System\\r\\nCompany: Microsoft Corporation\\r\\nOriginalFileName: PowerShell.EXE\\r\\nCommandLine: C:\\\\windows\\\\System32\\\\WindowsPowerShell\\\\v1.0\\\\powershell.exe -NoProfile -NonInteractive -ExecutionPolicy Bypass -Command \\\"Get-Service | Select-Object -First 5\\\"\\r\\nCurrentDirectory: C:\\\\windows\\\\\\r\\nUser: WORKSTATION\\\\analyst's\\r\\nLogonGuid: {00000000-0000-0000-0000-000000000000}\\r\\nLogonId: 0x0\\r\\nTerminalSessionId: 1\\r\\nIntegrityLevel: High\\r\\nHashes: SHA256=8BB6FA8C283B4D92120B1EF249A9B311B0F804D4CABBE9981159976C8BE76A5E\\r\\nParentProcessGuid: {00000000-0000-0000-0000-000000000000}\\r\\nParentProcessId: 39240\\r\\nParentImage: C:\\\\Users\\\\analyst's\\\\AppData\\\\Local\\\\local\\\\tools\\\\python-3.14.7+20260901-win32-x64\\\\python.exe\\r\\nParentCommandLine: \\\"C:\\\\Users\\\\analyst's\\\\Documents\\\\repo\\\\.venv\\\\Scripts\\\\python.exe\\\" -B C:\\\\ProgramData\\\\lab\\\\run_capture.py \\r\\nParentUser: WORKSTATION\\\\analyst's\", \"Provider\": \"Microsoft-Windows-Sysmon\", \"RecordId\": 445334, \"TimeCreated\": \"2026-10-07T04:55:56.2206271+05:30\", \"User\": {\"AccountDomainSid\": null, \"BinaryLength\": 12, \"Value\": \"S-1-5-0-0-0\"}}",
     "fields": {
      "RuleName": "-",
      "UtcTime": "2026-10-06 23:25:56.211",
      "Image": "C:\\Windows\\System32\\WindowsPowerShell\\v1.0\\powershell.exe",
      "FileVersion": "10.0.26100.9278 (WinBuild.160101.0800)",
      "Description": "Windows PowerShell",
      "Product": "Microsoftr Windowsr Operating System",
      "Company": "Microsoft Corporation",
      "OriginalFileName": "PowerShell.EXE",
      "CommandLine": "C:\\windows\\System32\\WindowsPowerShell\\v1.0\\powershell.exe -NoProfile -NonInteractive -ExecutionPolicy Bypass -Command \"Get-Service | Select-Object -First 5\"",
      "CurrentDirectory": "C:\\windows\\",
      "User": "WORKSTATION\\analyst's",
      "LogonId": "0x0",
      "TerminalSessionId": "1",
      "IntegrityLevel": "High",
      "ParentImage": "C:\\Users\\analyst's\\AppData\\Local\\local\\tools\\python-3.14.7+20260901-win32-x64\\python.exe",
      "ParentCommandLine": "\"C:\\Users\\analyst's\\Documents\\repo\\.venv\\Scripts\\python.exe\" -B C:\\ProgramData\\lab\\run_capture.py ",
      "ParentUser": "WORKSTATION\\analyst's"
     },
     "captured_channel": "Microsoft-Windows-Sysmon/Operational"
    },
    {
     "timestamp": "2026-10-07T04:55:57.1190717+05:30",
     "channel": "Microsoft-Windows-Sysmon/Operational",
     "provider": "Microsoft-Windows-Sysmon",
     "event_id": "3",
     "level": "Information",
     "severity": "Low",
     "username": "WORKSTATION\\analyst's",
     "host": "localhost",
     "source_ip": "198.51.100.228",
     "message": "Network connection detected:\r\nRuleName: -\r\nUtcTime: 2026-10-06 23:25:52.351\r\nProcessGuid: {00000000-0000-0000-0000-000000000000}\r\nProcessId: 43988\r\nImage: C:\\Program Files\\Google\\Chrome\\Application\\chrome.exe\r\nUser: WORKSTATION\\analyst's\r\nProtocol: udp\r\nInitiated: true\r\nSourceIsIpv6: false\r\nSourceIp",
     "record_id": 445335,
     "source": "windows-event-log",
     "is_alert": false,
     "rule_name": "Process opened an outbound connection",
     "external_id": "Microsoft-Windows-Sysmon/Operational:445335",
     "raw_log": "{\"Channel\": \"Microsoft-Windows-Sysmon/Operational\", \"EventData\": {\"DestinationHostname\": \"dns.google\", \"DestinationIp\": \"198.51.100.133\", \"DestinationIsIpv6\": \"false\", \"DestinationPort\": \"443\", \"DestinationPortName\": \"https\", \"Image\": \"C:\\\\Program Files\\\\Google\\\\Chrome\\\\Application\\\\chrome.exe\", \"Initiated\": \"true\", \"ProcessGuid\": \"{00000000-0000-0000-0000-000000000000}\", \"ProcessId\": \"43988\", \"Protocol\": \"udp\", \"RuleName\": \"-\", \"SourceHostname\": \"WORKSTATION.Dlink\", \"SourceIp\": \"198.51.100.228\", \"SourceIsIpv6\": \"false\", \"SourcePort\": \"62411\", \"SourcePortName\": \"-\", \"User\": \"WORKSTATION\\\\analyst's\", \"UtcTime\": \"2026-10-06 23:25:52.351\"}, \"Id\": 3, \"Level\": \"Information\", \"Message\": \"Network connection detected:\\r\\nRuleName: -\\r\\nUtcTime: 2026-10-06 23:25:52.351\\r\\nProcessGuid: {00000000-0000-0000-0000-000000000000}\\r\\nProcessId: 43988\\r\\nImage: C:\\\\Program Files\\\\Google\\\\Chrome\\\\Application\\\\chrome.exe\\r\\nUser: WORKSTATION\\\\analyst's\\r\\nProtocol: udp\\r\\nInitiated: true\\r\\nSourceIsIpv6: false\\r\\nSourceIp: 198.51.100.228\\r\\nSourceHostname: WORKSTATION.Dlink\\r\\nSourcePort: 62411\\r\\nSourcePortName: -\\r\\nDestinationIsIpv6: false\\r\\nDestinationIp: 198.51.100.133\\r\\nDestinationHostname: dns.google\\r\\nDestinationPort: 443\\r\\nDestinationPortName: https\", \"Provider\": \"Microsoft-Windows-Sysmon\", \"RecordId\": 445335, \"TimeCreated\": \"2026-10-07T04:55:57.1190717+05:30\", \"User\": {\"AccountDomainSid\": null, \"BinaryLength\": 12, \"Value\": \"S-1-5-0-0-0\"}}",
     "fields": {
      "RuleName": "-",
      "UtcTime": "2026-10-06 23:25:52.351",
      "Image": "C:\\Program Files\\Google\\Chrome\\Application\\chrome.exe",
      "User": "WORKSTATION\\analyst's",
      "Protocol": "udp",
      "Initiated": "true",
      "SourceIsIpv6": "false",
      "SourceIp": "198.51.100.228",
      "SourceHostname": "WORKSTATION.Dlink",
      "SourcePort": "62411",
      "SourcePortName": "-",
      "DestinationIsIpv6": "false",
      "DestinationIp": "198.51.100.133",
      "DestinationHostname": "dns.google",
      "DestinationPort": "443",
      "DestinationPortName": "https"
     },
     "captured_channel": "Microsoft-Windows-Sysmon/Operational"
    },
    {
     "timestamp": "2026-10-07T04:55:57.1190845+05:30",
     "channel": "Microsoft-Windows-Sysmon/Operational",
     "provider": "Microsoft-Windows-Sysmon",
     "event_id": "3",
     "level": "Information",
     "severity": "Low",
     "username": "WORKSTATION\\analyst's",
     "host": "localhost",
     "source_ip": "198.51.100.228",
     "message": "Network connection detected:\r\nRuleName: -\r\nUtcTime: 2026-10-06 23:25:52.351\r\nProcessGuid: {00000000-0000-0000-0000-000000000000}\r\nProcessId: 43988\r\nImage: C:\\Program Files\\Google\\Chrome\\Application\\chrome.exe\r\nUser: WORKSTATION\\analyst's\r\nProtocol: udp\r\nInitiated: true\r\nSourceIsIpv6: false\r\nSourceIp",
     "record_id": 445336,
     "source": "windows-event-log",
     "is_alert": false,
     "rule_name": "Process opened an outbound connection",
     "external_id": "Microsoft-Windows-Sysmon/Operational:445336",
     "raw_log": "{\"Channel\": \"Microsoft-Windows-Sysmon/Operational\", \"EventData\": {\"DestinationHostname\": \"dns.google\", \"DestinationIp\": \"198.51.100.133\", \"DestinationIsIpv6\": \"false\", \"DestinationPort\": \"443\", \"DestinationPortName\": \"https\", \"Image\": \"C:\\\\Program Files\\\\Google\\\\Chrome\\\\Application\\\\chrome.exe\", \"Initiated\": \"true\", \"ProcessGuid\": \"{00000000-0000-0000-0000-000000000000}\", \"ProcessId\": \"43988\", \"Protocol\": \"udp\", \"RuleName\": \"-\", \"SourceHostname\": \"WORKSTATION.Dlink\", \"SourceIp\": \"198.51.100.228\", \"SourceIsIpv6\": \"false\", \"SourcePort\": \"62411\", \"SourcePortName\": \"-\", \"User\": \"WORKSTATION\\\\analyst's\", \"UtcTime\": \"2026-10-06 23:25:52.351\"}, \"Id\": 3, \"Level\": \"Information\", \"Message\": \"Network connection detected:\\r\\nRuleName: -\\r\\nUtcTime: 2026-10-06 23:25:52.351\\r\\nProcessGuid: {00000000-0000-0000-0000-000000000000}\\r\\nProcessId: 43988\\r\\nImage: C:\\\\Program Files\\\\Google\\\\Chrome\\\\Application\\\\chrome.exe\\r\\nUser: WORKSTATION\\\\analyst's\\r\\nProtocol: udp\\r\\nInitiated: true\\r\\nSourceIsIpv6: false\\r\\nSourceIp: 198.51.100.228\\r\\nSourceHostname: WORKSTATION.Dlink\\r\\nSourcePort: 62411\\r\\nSourcePortName: -\\r\\nDestinationIsIpv6: false\\r\\nDestinationIp: 198.51.100.133\\r\\nDestinationHostname: dns.google\\r\\nDestinationPort: 443\\r\\nDestinationPortName: https\", \"Provider\": \"Microsoft-Windows-Sysmon\", \"RecordId\": 445336, \"TimeCreated\": \"2026-10-07T04:55:57.1190845+05:30\", \"User\": {\"AccountDomainSid\": null, \"BinaryLength\": 12, \"Value\": \"S-1-5-0-0-0\"}}",
     "fields": {
      "RuleName": "-",
      "UtcTime": "2026-10-06 23:25:52.351",
      "Image": "C:\\Program Files\\Google\\Chrome\\Application\\chrome.exe",
      "User": "WORKSTATION\\analyst's",
      "Protocol": "udp",
      "Initiated": "true",
      "SourceIsIpv6": "false",
      "SourceIp": "198.51.100.228",
      "SourceHostname": "WORKSTATION.Dlink",
      "SourcePort": "62411",
      "SourcePortName": "-",
      "DestinationIsIpv6": "false",
      "DestinationIp": "198.51.100.133",
      "DestinationHostname": "dns.google",
      "DestinationPort": "443",
      "DestinationPortName": "https"
     },
     "captured_channel": "Microsoft-Windows-Sysmon/Operational"
    },
    {
     "timestamp": "2026-10-07T04:55:57.1191162+05:30",
     "channel": "Microsoft-Windows-Sysmon/Operational",
     "provider": "Microsoft-Windows-Sysmon",
     "event_id": "3",
     "level": "Information",
     "severity": "Low",
     "username": "WORKSTATION\\analyst's",
     "host": "localhost",
     "source_ip": "198.51.100.228",
     "message": "Network connection detected:\r\nRuleName: -\r\nUtcTime: 2026-10-06 23:25:52.406\r\nProcessGuid: {00000000-0000-0000-0000-000000000000}\r\nProcessId: 43988\r\nImage: C:\\Program Files\\Google\\Chrome\\Application\\chrome.exe\r\nUser: WORKSTATION\\analyst's\r\nProtocol: udp\r\nInitiated: false\r\nSourceIsIpv6: false\r\nSourceI",
     "record_id": 445337,
     "source": "windows-event-log",
     "is_alert": false,
     "rule_name": "Process opened an outbound connection",
     "external_id": "Microsoft-Windows-Sysmon/Operational:445337",
     "raw_log": "{\"Channel\": \"Microsoft-Windows-Sysmon/Operational\", \"EventData\": {\"DestinationHostname\": \"dns.google\", \"DestinationIp\": \"198.51.100.133\", \"DestinationIsIpv6\": \"false\", \"DestinationPort\": \"443\", \"DestinationPortName\": \"https\", \"Image\": \"C:\\\\Program Files\\\\Google\\\\Chrome\\\\Application\\\\chrome.exe\", \"Initiated\": \"false\", \"ProcessGuid\": \"{00000000-0000-0000-0000-000000000000}\", \"ProcessId\": \"43988\", \"Protocol\": \"udp\", \"RuleName\": \"-\", \"SourceHostname\": \"WORKSTATION.Dlink\", \"SourceIp\": \"198.51.100.228\", \"SourceIsIpv6\": \"false\", \"SourcePort\": \"62411\", \"SourcePortName\": \"-\", \"User\": \"WORKSTATION\\\\analyst's\", \"UtcTime\": \"2026-10-06 23:25:52.406\"}, \"Id\": 3, \"Level\": \"Information\", \"Message\": \"Network connection detected:\\r\\nRuleName: -\\r\\nUtcTime: 2026-10-06 23:25:52.406\\r\\nProcessGuid: {00000000-0000-0000-0000-000000000000}\\r\\nProcessId: 43988\\r\\nImage: C:\\\\Program Files\\\\Google\\\\Chrome\\\\Application\\\\chrome.exe\\r\\nUser: WORKSTATION\\\\analyst's\\r\\nProtocol: udp\\r\\nInitiated: false\\r\\nSourceIsIpv6: false\\r\\nSourceIp: 198.51.100.228\\r\\nSourceHostname: WORKSTATION.Dlink\\r\\nSourcePort: 62411\\r\\nSourcePortName: -\\r\\nDestinationIsIpv6: false\\r\\nDestinationIp: 198.51.100.133\\r\\nDestinationHostname: dns.google\\r\\nDestinationPort: 443\\r\\nDestinationPortName: https\", \"Provider\": \"Microsoft-Windows-Sysmon\", \"RecordId\": 445337, \"TimeCreated\": \"2026-10-07T04:55:57.1191162+05:30\", \"User\": {\"AccountDomainSid\": null, \"BinaryLength\": 12, \"Value\": \"S-1-5-0-0-0\"}}",
     "fields": {
      "RuleName": "-",
      "UtcTime": "2026-10-06 23:25:52.406",
      "Image": "C:\\Program Files\\Google\\Chrome\\Application\\chrome.exe",
      "User": "WORKSTATION\\analyst's",
      "Protocol": "udp",
      "Initiated": "false",
      "SourceIsIpv6": "false",
      "SourceIp": "198.51.100.228",
      "SourceHostname": "WORKSTATION.Dlink",
      "SourcePort": "62411",
      "SourcePortName": "-",
      "DestinationIsIpv6": "false",
      "DestinationIp": "198.51.100.133",
      "DestinationHostname": "dns.google",
      "DestinationPort": "443",
      "DestinationPortName": "https"
     },
     "captured_channel": "Microsoft-Windows-Sysmon/Operational"
    },
    {
     "timestamp": "2026-10-07T04:55:57.8962370+05:30",
     "channel": "Microsoft-Windows-Sysmon/Operational",
     "provider": "Microsoft-Windows-Sysmon",
     "event_id": "3",
     "level": "Information",
     "severity": "Low",
     "username": "WORKSTATION\\analyst's",
     "host": "localhost",
     "source_ip": "198.51.100.228",
     "message": "Network connection detected:\r\nRuleName: -\r\nUtcTime: 2026-10-06 23:25:52.714\r\nProcessGuid: {00000000-0000-0000-0000-000000000000}\r\nProcessId: 43988\r\nImage: C:\\Program Files\\Google\\Chrome\\Application\\chrome.exe\r\nUser: WORKSTATION\\analyst's\r\nProtocol: tcp\r\nInitiated: true\r\nSourceIsIpv6: false\r\nSourceIp",
     "record_id": 445338,
     "source": "windows-event-log",
     "is_alert": false,
     "rule_name": "Process opened an outbound connection",
     "external_id": "Microsoft-Windows-Sysmon/Operational:445338",
     "raw_log": "{\"Channel\": \"Microsoft-Windows-Sysmon/Operational\", \"EventData\": {\"DestinationHostname\": \"lb-140-82-112-26-iad.github.com\", \"DestinationIp\": \"198.51.100.179\", \"DestinationIsIpv6\": \"false\", \"DestinationPort\": \"443\", \"DestinationPortName\": \"https\", \"Image\": \"C:\\\\Program Files\\\\Google\\\\Chrome\\\\Application\\\\chrome.exe\", \"Initiated\": \"true\", \"ProcessGuid\": \"{00000000-0000-0000-0000-000000000000}\", \"ProcessId\": \"43988\", \"Protocol\": \"tcp\", \"RuleName\": \"-\", \"SourceHostname\": \"WORKSTATION.Dlink\", \"SourceIp\": \"198.51.100.228\", \"SourceIsIpv6\": \"false\", \"SourcePort\": \"63441\", \"SourcePortName\": \"-\", \"User\": \"WORKSTATION\\\\analyst's\", \"UtcTime\": \"2026-10-06 23:25:52.714\"}, \"Id\": 3, \"Level\": \"Information\", \"Message\": \"Network connection detected:\\r\\nRuleName: -\\r\\nUtcTime: 2026-10-06 23:25:52.714\\r\\nProcessGuid: {00000000-0000-0000-0000-000000000000}\\r\\nProcessId: 43988\\r\\nImage: C:\\\\Program Files\\\\Google\\\\Chrome\\\\Application\\\\chrome.exe\\r\\nUser: WORKSTATION\\\\analyst's\\r\\nProtocol: tcp\\r\\nInitiated: true\\r\\nSourceIsIpv6: false\\r\\nSourceIp: 198.51.100.228\\r\\nSourceHostname: WORKSTATION.Dlink\\r\\nSourcePort: 63441\\r\\nSourcePortName: -\\r\\nDestinationIsIpv6: false\\r\\nDestinationIp: 198.51.100.179\\r\\nDestinationHostname: lb-140-82-112-26-iad.github.com\\r\\nDestinationPort: 443\\r\\nDestinationPortName: https\", \"Provider\": \"Microsoft-Windows-Sysmon\", \"RecordId\": 445338, \"TimeCreated\": \"2026-10-07T04:55:57.8962370+05:30\", \"User\": {\"AccountDomainSid\": null, \"BinaryLength\": 12, \"Value\": \"S-1-5-0-0-0\"}}",
     "fields": {
      "RuleName": "-",
      "UtcTime": "2026-10-06 23:25:52.714",
      "Image": "C:\\Program Files\\Google\\Chrome\\Application\\chrome.exe",
      "User": "WORKSTATION\\analyst's",
      "Protocol": "tcp",
      "Initiated": "true",
      "SourceIsIpv6": "false",
      "SourceIp": "198.51.100.228",
      "SourceHostname": "WORKSTATION.Dlink",
      "SourcePort": "63441",
      "SourcePortName": "-",
      "DestinationIsIpv6": "false",
      "DestinationIp": "198.51.100.179",
      "DestinationHostname": "lb-140-82-112-26-iad.github.com",
      "DestinationPort": "443",
      "DestinationPortName": "https"
     },
     "captured_channel": "Microsoft-Windows-Sysmon/Operational"
    },
    {
     "timestamp": "2026-10-07T04:56:00.0031915+05:30",
     "channel": "Microsoft-Windows-Sysmon/Operational",
     "provider": "Microsoft-Windows-Sysmon",
     "event_id": "10",
     "level": "Information",
     "severity": "Low",
     "username": "{'BinaryLength': 12, 'AccountDomainSid': None, 'Value': 'S-1-5-0-0-0'}",
     "host": "localhost",
     "source_ip": "local",
     "message": "Process accessed:\r\nRuleName: -\r\nUtcTime: 2026-10-06 23:26:00.001\r\nSourceProcessGUID: {00000000-0000-0000-0000-000000000000}\r\nSourceProcessId: 6052\r\nSourceThreadId: 12480\r\nSourceImage: C:\\windows\\System32\\svchost.exe\r\nTargetProcessGUID: {00000000-0000-0000-0000-000000000000}\r\nTargetProcessId: 1700\r\nT",
     "record_id": 445340,
     "source": "windows-event-log",
     "is_alert": false,
     "rule_name": "",
     "external_id": "Microsoft-Windows-Sysmon/Operational:445340",
     "raw_log": "{\"Channel\": \"Microsoft-Windows-Sysmon/Operational\", \"EventData\": {\"CallTrace\": \"C:\\\\windows\\\\SYSTEM32\\\\ntdll.dll+161994|C:\\\\windows\\\\System32\\\\eeprov.dll+2ae09|C:\\\\windows\\\\System32\\\\eeprov.dll+2f1fa|C:\\\\windows\\\\System32\\\\eeprov.dll+2f32b|C:\\\\windows\\\\System32\\\\srumsvc.dll+1971e|C:\\\\windows\\\\System32\\\\srumsvc.dll+1a9ac|C:\\\\windows\\\\System32\\\\srumsvc.dll+dbbc|C:\\\\windows\\\\SYSTEM32\\\\ntdll.dll+19240|C:\\\\windows\\\\SYSTEM32\\\\ntdll.dll+1aae1|C:\\\\windows\\\\System32\\\\KERNEL32.DLL+2cd87|C:\\\\windows\\\\SYSTEM32\\\\ntdll.dll+acaec\", \"GrantedAccess\": \"0x1400\", \"RuleName\": \"-\", \"SourceImage\": \"C:\\\\windows\\\\System32\\\\svchost.exe\", \"SourceProcessGUID\": \"{00000000-0000-0000-0000-000000000000}\", \"SourceProcessId\": \"6052\", \"SourceThreadId\": \"12480\", \"SourceUser\": \"NT AUTHORITY\\\\LOCAL SERVICE\", \"TargetImage\": \"C:\\\\windows\\\\system32\\\\lsass.exe\", \"TargetProcessGUID\": \"{00000000-0000-0000-0000-000000000000}\", \"TargetProcessId\": \"1700\", \"TargetUser\": \"NT AUTHORITY\\\\SYSTEM\", \"UtcTime\": \"2026-10-06 23:26:00.001\"}, \"Id\": 10, \"Level\": \"Information\", \"Message\": \"Process accessed:\\r\\nRuleName: -\\r\\nUtcTime: 2026-10-06 23:26:00.001\\r\\nSourceProcessGUID: {00000000-0000-0000-0000-000000000000}\\r\\nSourceProcessId: 6052\\r\\nSourceThreadId: 12480\\r\\nSourceImage: C:\\\\windows\\\\System32\\\\svchost.exe\\r\\nTargetProcessGUID: {00000000-0000-0000-0000-000000000000}\\r\\nTargetProcessId: 1700\\r\\nTargetImage: C:\\\\windows\\\\system32\\\\lsass.exe\\r\\nGrantedAccess: 0x1400\\r\\nCallTrace: C:\\\\windows\\\\SYSTEM32\\\\ntdll.dll+161994|C:\\\\windows\\\\System32\\\\eeprov.dll+2ae09|C:\\\\windows\\\\System32\\\\eeprov.dll+2f1fa|C:\\\\windows\\\\System32\\\\eeprov.dll+2f32b|C:\\\\windows\\\\System32\\\\srumsvc.dll+1971e|C:\\\\windows\\\\System32\\\\srumsvc.dll+1a9ac|C:\\\\windows\\\\System32\\\\srumsvc.dll+dbbc|C:\\\\windows\\\\SYSTEM32\\\\ntdll.dll+19240|C:\\\\windows\\\\SYSTEM32\\\\ntdll.dll+1aae1|C:\\\\windows\\\\System32\\\\KERNEL32.DLL+2cd87|C:\\\\windows\\\\SYSTEM32\\\\ntdll.dll+acaec\\r\\nSourceUser: NT AUTHORITY\\\\LOCAL SERVICE\\r\\nTargetUser: NT AUTHORITY\\\\SYSTEM\", \"Provider\": \"Microsoft-Windows-Sysmon\", \"RecordId\": 445340, \"TimeCreated\": \"2026-10-07T04:56:00.0031915+05:30\", \"User\": {\"AccountDomainSid\": null, \"BinaryLength\": 12, \"Value\": \"S-1-5-0-0-0\"}}",
     "fields": {
      "RuleName": "-",
      "UtcTime": "2026-10-06 23:26:00.001",
      "SourceProcessGUID": "{00000000-0000-0000-0000-000000000000}",
      "SourceProcessId": "6052",
      "SourceThreadId": "12480",
      "SourceImage": "C:\\windows\\System32\\svchost.exe",
      "TargetProcessGUID": "{00000000-0000-0000-0000-000000000000}",
      "TargetProcessId": "1700",
      "TargetImage": "C:\\windows\\system32\\lsass.exe",
      "GrantedAccess": "0x1400",
      "CallTrace": "C:\\windows\\SYSTEM32\\ntdll.dll+161994|C:\\windows\\System32\\eeprov.dll+2ae09|C:\\windows\\System32\\eeprov.dll+2f1fa|C:\\windows\\System32\\eeprov.dll+2f32b|C:\\windows\\System32\\srumsvc.dll+1971e|C:\\windows\\System32\\srumsvc.dll+1a9ac|C:\\windows\\System32\\srumsvc.dll+dbbc|C:\\windows\\SYSTEM32\\ntdll.dll+19240|C:\\windows\\SYSTEM32\\ntdll.dll+1aae1|C:\\windows\\System32\\KERNEL32.DLL+2cd87|C:\\windows\\SYSTEM32\\ntdll.dll+acaec",
      "SourceUser": "NT AUTHORITY\\LOCAL SERVICE",
      "TargetUser": "NT AUTHORITY\\SYSTEM"
     },
     "captured_channel": "Microsoft-Windows-Sysmon/Operational"
    },
    {
     "timestamp": "2026-10-07T04:56:00.0310319+05:30",
     "channel": "Microsoft-Windows-Sysmon/Operational",
     "provider": "Microsoft-Windows-Sysmon",
     "event_id": "10",
     "level": "Information",
     "severity": "Low",
     "username": "{'BinaryLength': 12, 'AccountDomainSid': None, 'Value': 'S-1-5-0-0-0'}",
     "host": "localhost",
     "source_ip": "local",
     "message": "Process accessed:\r\nRuleName: -\r\nUtcTime: 2026-10-06 23:26:00.030\r\nSourceProcessGUID: {00000000-0000-0000-0000-000000000000}\r\nSourceProcessId: 6052\r\nSourceThreadId: 100108\r\nSourceImage: C:\\windows\\System32\\svchost.exe\r\nTargetProcessGUID: {00000000-0000-0000-0000-000000000000}\r\nTargetProcessId: 1700\r\n",
     "record_id": 445341,
     "source": "windows-event-log",
     "is_alert": false,
     "rule_name": "",
     "external_id": "Microsoft-Windows-Sysmon/Operational:445341",
     "raw_log": "{\"Channel\": \"Microsoft-Windows-Sysmon/Operational\", \"EventData\": {\"CallTrace\": \"C:\\\\windows\\\\SYSTEM32\\\\ntdll.dll+161994|C:\\\\windows\\\\System32\\\\eeprov.dll+d10a|C:\\\\windows\\\\System32\\\\eeprov.dll+f322|C:\\\\windows\\\\System32\\\\eeprov.dll+10343|C:\\\\windows\\\\System32\\\\srumsvc.dll+1971e|C:\\\\windows\\\\System32\\\\srumsvc.dll+1a9ac|C:\\\\windows\\\\System32\\\\srumsvc.dll+dbbc|C:\\\\windows\\\\SYSTEM32\\\\ntdll.dll+19240|C:\\\\windows\\\\SYSTEM32\\\\ntdll.dll+1aae1|C:\\\\windows\\\\System32\\\\KERNEL32.DLL+2cd87|C:\\\\windows\\\\SYSTEM32\\\\ntdll.dll+acaec\", \"GrantedAccess\": \"0x1400\", \"RuleName\": \"-\", \"SourceImage\": \"C:\\\\windows\\\\System32\\\\svchost.exe\", \"SourceProcessGUID\": \"{00000000-0000-0000-0000-000000000000}\", \"SourceProcessId\": \"6052\", \"SourceThreadId\": \"100108\", \"SourceUser\": \"NT AUTHORITY\\\\LOCAL SERVICE\", \"TargetImage\": \"C:\\\\windows\\\\system32\\\\lsass.exe\", \"TargetProcessGUID\": \"{00000000-0000-0000-0000-000000000000}\", \"TargetProcessId\": \"1700\", \"TargetUser\": \"NT AUTHORITY\\\\SYSTEM\", \"UtcTime\": \"2026-10-06 23:26:00.030\"}, \"Id\": 10, \"Level\": \"Information\", \"Message\": \"Process accessed:\\r\\nRuleName: -\\r\\nUtcTime: 2026-10-06 23:26:00.030\\r\\nSourceProcessGUID: {00000000-0000-0000-0000-000000000000}\\r\\nSourceProcessId: 6052\\r\\nSourceThreadId: 100108\\r\\nSourceImage: C:\\\\windows\\\\System32\\\\svchost.exe\\r\\nTargetProcessGUID: {00000000-0000-0000-0000-000000000000}\\r\\nTargetProcessId: 1700\\r\\nTargetImage: C:\\\\windows\\\\system32\\\\lsass.exe\\r\\nGrantedAccess: 0x1400\\r\\nCallTrace: C:\\\\windows\\\\SYSTEM32\\\\ntdll.dll+161994|C:\\\\windows\\\\System32\\\\eeprov.dll+d10a|C:\\\\windows\\\\System32\\\\eeprov.dll+f322|C:\\\\windows\\\\System32\\\\eeprov.dll+10343|C:\\\\windows\\\\System32\\\\srumsvc.dll+1971e|C:\\\\windows\\\\System32\\\\srumsvc.dll+1a9ac|C:\\\\windows\\\\System32\\\\srumsvc.dll+dbbc|C:\\\\windows\\\\SYSTEM32\\\\ntdll.dll+19240|C:\\\\windows\\\\SYSTEM32\\\\ntdll.dll+1aae1|C:\\\\windows\\\\System32\\\\KERNEL32.DLL+2cd87|C:\\\\windows\\\\SYSTEM32\\\\ntdll.dll+acaec\\r\\nSourceUser: NT AUTHORITY\\\\LOCAL SERVICE\\r\\nTargetUser: NT AUTHORITY\\\\SYSTEM\", \"Provider\": \"Microsoft-Windows-Sysmon\", \"RecordId\": 445341, \"TimeCreated\": \"2026-10-07T04:56:00.0310319+05:30\", \"User\": {\"AccountDomainSid\": null, \"BinaryLength\": 12, \"Value\": \"S-1-5-0-0-0\"}}",
     "fields": {
      "RuleName": "-",
      "UtcTime": "2026-10-06 23:26:00.030",
      "SourceProcessGUID": "{00000000-0000-0000-0000-000000000000}",
      "SourceProcessId": "6052",
      "SourceThreadId": "100108",
      "SourceImage": "C:\\windows\\System32\\svchost.exe",
      "TargetProcessGUID": "{00000000-0000-0000-0000-000000000000}",
      "TargetProcessId": "1700",
      "TargetImage": "C:\\windows\\system32\\lsass.exe",
      "GrantedAccess": "0x1400",
      "CallTrace": "C:\\windows\\SYSTEM32\\ntdll.dll+161994|C:\\windows\\System32\\eeprov.dll+d10a|C:\\windows\\System32\\eeprov.dll+f322|C:\\windows\\System32\\eeprov.dll+10343|C:\\windows\\System32\\srumsvc.dll+1971e|C:\\windows\\System32\\srumsvc.dll+1a9ac|C:\\windows\\System32\\srumsvc.dll+dbbc|C:\\windows\\SYSTEM32\\ntdll.dll+19240|C:\\windows\\SYSTEM32\\ntdll.dll+1aae1|C:\\windows\\System32\\KERNEL32.DLL+2cd87|C:\\windows\\SYSTEM32\\ntdll.dll+acaec",
      "SourceUser": "NT AUTHORITY\\LOCAL SERVICE",
      "TargetUser": "NT AUTHORITY\\SYSTEM"
     },
     "captured_channel": "Microsoft-Windows-Sysmon/Operational"
    },
    {
     "timestamp": "2026-10-07T04:56:00.0515971+05:30",
     "channel": "Microsoft-Windows-Sysmon/Operational",
     "provider": "Microsoft-Windows-Sysmon",
     "event_id": "10",
     "level": "Information",
     "severity": "Low",
     "username": "{'BinaryLength': 12, 'AccountDomainSid': None, 'Value': 'S-1-5-0-0-0'}",
     "host": "localhost",
     "source_ip": "local",
     "message": "Process accessed:\r\nRuleName: -\r\nUtcTime: 2026-10-06 23:26:00.050\r\nSourceProcessGUID: {00000000-0000-0000-0000-000000000000}\r\nSourceProcessId: 6052\r\nSourceThreadId: 12480\r\nSourceImage: C:\\windows\\System32\\svchost.exe\r\nTargetProcessGUID: {00000000-0000-0000-0000-000000000000}\r\nTargetProcessId: 1700\r\nT",
     "record_id": 445342,
     "source": "windows-event-log",
     "is_alert": false,
     "rule_name": "",
     "external_id": "Microsoft-Windows-Sysmon/Operational:445342",
     "raw_log": "{\"Channel\": \"Microsoft-Windows-Sysmon/Operational\", \"EventData\": {\"CallTrace\": \"C:\\\\windows\\\\SYSTEM32\\\\ntdll.dll+161994|C:\\\\windows\\\\System32\\\\eeprov.dll+2ae09|C:\\\\windows\\\\System32\\\\eeprov.dll+2f1fa|C:\\\\windows\\\\System32\\\\eeprov.dll+2f32b|C:\\\\windows\\\\System32\\\\srumsvc.dll+1971e|C:\\\\windows\\\\System32\\\\srumsvc.dll+1a9ac|C:\\\\windows\\\\System32\\\\srumsvc.dll+dbbc|C:\\\\windows\\\\SYSTEM32\\\\ntdll.dll+19240|C:\\\\windows\\\\SYSTEM32\\\\ntdll.dll+1aae1|C:\\\\windows\\\\System32\\\\KERNEL32.DLL+2cd87|C:\\\\windows\\\\SYSTEM32\\\\ntdll.dll+acaec\", \"GrantedAccess\": \"0x1400\", \"RuleName\": \"-\", \"SourceImage\": \"C:\\\\windows\\\\System32\\\\svchost.exe\", \"SourceProcessGUID\": \"{00000000-0000-0000-0000-000000000000}\", \"SourceProcessId\": \"6052\", \"SourceThreadId\": \"12480\", \"SourceUser\": \"NT AUTHORITY\\\\LOCAL SERVICE\", \"TargetImage\": \"C:\\\\windows\\\\system32\\\\lsass.exe\", \"TargetProcessGUID\": \"{00000000-0000-0000-0000-000000000000}\", \"TargetProcessId\": \"1700\", \"TargetUser\": \"NT AUTHORITY\\\\SYSTEM\", \"UtcTime\": \"2026-10-06 23:26:00.050\"}, \"Id\": 10, \"Level\": \"Information\", \"Message\": \"Process accessed:\\r\\nRuleName: -\\r\\nUtcTime: 2026-10-06 23:26:00.050\\r\\nSourceProcessGUID: {00000000-0000-0000-0000-000000000000}\\r\\nSourceProcessId: 6052\\r\\nSourceThreadId: 12480\\r\\nSourceImage: C:\\\\windows\\\\System32\\\\svchost.exe\\r\\nTargetProcessGUID: {00000000-0000-0000-0000-000000000000}\\r\\nTargetProcessId: 1700\\r\\nTargetImage: C:\\\\windows\\\\system32\\\\lsass.exe\\r\\nGrantedAccess: 0x1400\\r\\nCallTrace: C:\\\\windows\\\\SYSTEM32\\\\ntdll.dll+161994|C:\\\\windows\\\\System32\\\\eeprov.dll+2ae09|C:\\\\windows\\\\System32\\\\eeprov.dll+2f1fa|C:\\\\windows\\\\System32\\\\eeprov.dll+2f32b|C:\\\\windows\\\\System32\\\\srumsvc.dll+1971e|C:\\\\windows\\\\System32\\\\srumsvc.dll+1a9ac|C:\\\\windows\\\\System32\\\\srumsvc.dll+dbbc|C:\\\\windows\\\\SYSTEM32\\\\ntdll.dll+19240|C:\\\\windows\\\\SYSTEM32\\\\ntdll.dll+1aae1|C:\\\\windows\\\\System32\\\\KERNEL32.DLL+2cd87|C:\\\\windows\\\\SYSTEM32\\\\ntdll.dll+acaec\\r\\nSourceUser: NT AUTHORITY\\\\LOCAL SERVICE\\r\\nTargetUser: NT AUTHORITY\\\\SYSTEM\", \"Provider\": \"Microsoft-Windows-Sysmon\", \"RecordId\": 445342, \"TimeCreated\": \"2026-10-07T04:56:00.0515971+05:30\", \"User\": {\"AccountDomainSid\": null, \"BinaryLength\": 12, \"Value\": \"S-1-5-0-0-0\"}}",
     "fields": {
      "RuleName": "-",
      "UtcTime": "2026-10-06 23:26:00.050",
      "SourceProcessGUID": "{00000000-0000-0000-0000-000000000000}",
      "SourceProcessId": "6052",
      "SourceThreadId": "12480",
      "SourceImage": "C:\\windows\\System32\\svchost.exe",
      "TargetProcessGUID": "{00000000-0000-0000-0000-000000000000}",
      "TargetProcessId": "1700",
      "TargetImage": "C:\\windows\\system32\\lsass.exe",
      "GrantedAccess": "0x1400",
      "CallTrace": "C:\\windows\\SYSTEM32\\ntdll.dll+161994|C:\\windows\\System32\\eeprov.dll+2ae09|C:\\windows\\System32\\eeprov.dll+2f1fa|C:\\windows\\System32\\eeprov.dll+2f32b|C:\\windows\\System32\\srumsvc.dll+1971e|C:\\windows\\System32\\srumsvc.dll+1a9ac|C:\\windows\\System32\\srumsvc.dll+dbbc|C:\\windows\\SYSTEM32\\ntdll.dll+19240|C:\\windows\\SYSTEM32\\ntdll.dll+1aae1|C:\\windows\\System32\\KERNEL32.DLL+2cd87|C:\\windows\\SYSTEM32\\ntdll.dll+acaec",
      "SourceUser": "NT AUTHORITY\\LOCAL SERVICE",
      "TargetUser": "NT AUTHORITY\\SYSTEM"
     },
     "captured_channel": "Microsoft-Windows-Sysmon/Operational"
    },
    {
     "timestamp": "2026-10-07T04:56:00.7731242+05:30",
     "channel": "Microsoft-Windows-Sysmon/Operational",
     "provider": "Microsoft-Windows-Sysmon",
     "event_id": "3",
     "level": "Information",
     "severity": "Low",
     "username": "WORKSTATION\\analyst's",
     "host": "localhost",
     "source_ip": "198.51.100.228",
     "message": "Network connection detected:\r\nRuleName: -\r\nUtcTime: 2026-10-06 23:25:55.446\r\nProcessGuid: {00000000-0000-0000-0000-000000000000}\r\nProcessId: 43988\r\nImage: C:\\Program Files\\Google\\Chrome\\Application\\chrome.exe\r\nUser: WORKSTATION\\analyst's\r\nProtocol: tcp\r\nInitiated: true\r\nSourceIsIpv6: false\r\nSourceIp",
     "record_id": 445343,
     "source": "windows-event-log",
     "is_alert": false,
     "rule_name": "Process opened an outbound connection",
     "external_id": "Microsoft-Windows-Sysmon/Operational:445343",
     "raw_log": "{\"Channel\": \"Microsoft-Windows-Sysmon/Operational\", \"EventData\": {\"DestinationHostname\": \"-\", \"DestinationIp\": \"198.51.100.82\", \"DestinationIsIpv6\": \"false\", \"DestinationPort\": \"443\", \"DestinationPortName\": \"https\", \"Image\": \"C:\\\\Program Files\\\\Google\\\\Chrome\\\\Application\\\\chrome.exe\", \"Initiated\": \"true\", \"ProcessGuid\": \"{00000000-0000-0000-0000-000000000000}\", \"ProcessId\": \"43988\", \"Protocol\": \"tcp\", \"RuleName\": \"-\", \"SourceHostname\": \"WORKSTATION.Dlink\", \"SourceIp\": \"198.51.100.228\", \"SourceIsIpv6\": \"false\", \"SourcePort\": \"62880\", \"SourcePortName\": \"-\", \"User\": \"WORKSTATION\\\\analyst's\", \"UtcTime\": \"2026-10-06 23:25:55.446\"}, \"Id\": 3, \"Level\": \"Information\", \"Message\": \"Network connection detected:\\r\\nRuleName: -\\r\\nUtcTime: 2026-10-06 23:25:55.446\\r\\nProcessGuid: {00000000-0000-0000-0000-000000000000}\\r\\nProcessId: 43988\\r\\nImage: C:\\\\Program Files\\\\Google\\\\Chrome\\\\Application\\\\chrome.exe\\r\\nUser: WORKSTATION\\\\analyst's\\r\\nProtocol: tcp\\r\\nInitiated: true\\r\\nSourceIsIpv6: false\\r\\nSourceIp: 198.51.100.228\\r\\nSourceHostname: WORKSTATION.Dlink\\r\\nSourcePort: 62880\\r\\nSourcePortName: -\\r\\nDestinationIsIpv6: false\\r\\nDestinationIp: 198.51.100.82\\r\\nDestinationHostname: -\\r\\nDestinationPort: 443\\r\\nDestinationPortName: https\", \"Provider\": \"Microsoft-Windows-Sysmon\", \"RecordId\": 445343, \"TimeCreated\": \"2026-10-07T04:56:00.7731242+05:30\", \"User\": {\"AccountDomainSid\": null, \"BinaryLength\": 12, \"Value\": \"S-1-5-0-0-0\"}}",
     "fields": {
      "RuleName": "-",
      "UtcTime": "2026-10-06 23:25:55.446",
      "Image": "C:\\Program Files\\Google\\Chrome\\Application\\chrome.exe",
      "User": "WORKSTATION\\analyst's",
      "Protocol": "tcp",
      "Initiated": "true",
      "SourceIsIpv6": "false",
      "SourceIp": "198.51.100.228",
      "SourceHostname": "WORKSTATION.Dlink",
      "SourcePort": "62880",
      "SourcePortName": "-",
      "DestinationIsIpv6": "false",
      "DestinationIp": "198.51.100.82",
      "DestinationHostname": "-",
      "DestinationPort": "443",
      "DestinationPortName": "https"
     },
     "captured_channel": "Microsoft-Windows-Sysmon/Operational"
    },
