    {
     "timestamp": "2026-10-07T04:54:05.3720287+05:30",
     "channel": "Microsoft-Windows-Sysmon/Operational",
     "provider": "Microsoft-Windows-Sysmon",
     "event_id": "3",
     "level": "Information",
     "severity": "Low",
     "username": "WORKSTATION\\analyst's",
     "host": "localhost",
     "source_ip": "198.51.100.228",
     "message": "Network connection detected:\r\nRuleName: -\r\nUtcTime: 2026-10-06 23:24:00.469\r\nProcessGuid: {00000000-0000-0000-0000-000000000000}\r\nProcessId: 43988\r\nImage: C:\\Program Files\\Google\\Chrome\\Application\\chrome.exe\r\nUser: WORKSTATION\\analyst's\r\nProtocol: udp\r\nInitiated: true\r\nSourceIsIpv6: false\r\nSourceIp",
     "record_id": 445096,
     "source": "windows-event-log",
     "is_alert": false,
     "rule_name": "Process opened an outbound connection",
     "external_id": "Microsoft-Windows-Sysmon/Operational:445096",
     "raw_log": "{\"Channel\": \"Microsoft-Windows-Sysmon/Operational\", \"EventData\": {\"DestinationHostname\": \"-\", \"DestinationIp\": \"198.51.100.232\", \"DestinationIsIpv6\": \"false\", \"DestinationPort\": \"443\", \"DestinationPortName\": \"https\", \"Image\": \"C:\\\\Program Files\\\\Google\\\\Chrome\\\\Application\\\\chrome.exe\", \"Initiated\": \"true\", \"ProcessGuid\": \"{00000000-0000-0000-0000-000000000000}\", \"ProcessId\": \"43988\", \"Protocol\": \"udp\", \"RuleName\": \"-\", \"SourceHostname\": \"WORKSTATION.Dlink\", \"SourceIp\": \"198.51.100.228\", \"SourceIsIpv6\": \"false\", \"SourcePort\": \"57847\", \"SourcePortName\": \"-\", \"User\": \"WORKSTATION\\\\analyst's\", \"UtcTime\": \"2026-10-06 23:24:00.469\"}, \"Id\": 3, \"Level\": \"Information\", \"Message\": \"Network connection detected:\\r\\nRuleName: -\\r\\nUtcTime: 2026-10-06 23:24:00.469\\r\\nProcessGuid: {00000000-0000-0000-0000-000000000000}\\r\\nProcessId: 43988\\r\\nImage: C:\\\\Program Files\\\\Google\\\\Chrome\\\\Application\\\\chrome.exe\\r\\nUser: WORKSTATION\\\\analyst's\\r\\nProtocol: udp\\r\\nInitiated: true\\r\\nSourceIsIpv6: false\\r\\nSourceIp: 198.51.100.228\\r\\nSourceHostname: WORKSTATION.Dlink\\r\\nSourcePort: 57847\\r\\nSourcePortName: -\\r\\nDestinationIsIpv6: false\\r\\nDestinationIp: 198.51.100.232\\r\\nDestinationHostname: -\\r\\nDestinationPort: 443\\r\\nDestinationPortName: https\", \"Provider\": \"Microsoft-Windows-Sysmon\", \"RecordId\": 445096, \"TimeCreated\": \"2026-10-07T04:54:05.3720287+05:30\", \"User\": {\"AccountDomainSid\": null, \"BinaryLength\": 12, \"Value\": \"S-1-5-0-0-0\"}}",
     "fields": {
      "RuleName": "-",
      "UtcTime": "2026-10-06 23:24:00.469",
      "Image": "C:\\Program Files\\Google\\Chrome\\Application\\chrome.exe",
      "User": "WORKSTATION\\analyst's",
      "Protocol": "udp",
      "Initiated": "true",
      "SourceIsIpv6": "false",
      "SourceIp": "198.51.100.228",
      "SourceHostname": "WORKSTATION.Dlink",
      "SourcePort": "57847",
      "SourcePortName": "-",
      "DestinationIsIpv6": "false",
      "DestinationIp": "198.51.100.232",
      "DestinationHostname": "-",
      "DestinationPort": "443",
      "DestinationPortName": "https"
     },
     "captured_channel": "Microsoft-Windows-Sysmon/Operational"
    },
    {
     "timestamp": "2026-10-07T04:54:05.3720524+05:30",
     "channel": "Microsoft-Windows-Sysmon/Operational",
     "provider": "Microsoft-Windows-Sysmon",
     "event_id": "3",
     "level": "Information",
     "severity": "Low",
     "username": "WORKSTATION\\analyst's",
     "host": "localhost",
     "source_ip": "198.51.100.228",
     "message": "Network connection detected:\r\nRuleName: -\r\nUtcTime: 2026-10-06 23:24:00.667\r\nProcessGuid: {00000000-0000-0000-0000-000000000000}\r\nProcessId: 43988\r\nImage: C:\\Program Files\\Google\\Chrome\\Application\\chrome.exe\r\nUser: WORKSTATION\\analyst's\r\nProtocol: udp\r\nInitiated: true\r\nSourceIsIpv6: false\r\nSourceIp",
     "record_id": 445097,
     "source": "windows-event-log",
     "is_alert": false,
     "rule_name": "Process opened an outbound connection",
     "external_id": "Microsoft-Windows-Sysmon/Operational:445097",
     "raw_log": "{\"Channel\": \"Microsoft-Windows-Sysmon/Operational\", \"EventData\": {\"DestinationHostname\": \"cn-in-f94.1e100.net\", \"DestinationIp\": \"198.51.100.86\", \"DestinationIsIpv6\": \"false\", \"DestinationPort\": \"443\", \"DestinationPortName\": \"https\", \"Image\": \"C:\\\\Program Files\\\\Google\\\\Chrome\\\\Application\\\\chrome.exe\", \"Initiated\": \"true\", \"ProcessGuid\": \"{00000000-0000-0000-0000-000000000000}\", \"ProcessId\": \"43988\", \"Protocol\": \"udp\", \"RuleName\": \"-\", \"SourceHostname\": \"WORKSTATION.Dlink\", \"SourceIp\": \"198.51.100.228\", \"SourceIsIpv6\": \"false\", \"SourcePort\": \"51927\", \"SourcePortName\": \"-\", \"User\": \"WORKSTATION\\\\analyst's\", \"UtcTime\": \"2026-10-06 23:24:00.667\"}, \"Id\": 3, \"Level\": \"Information\", \"Message\": \"Network connection detected:\\r\\nRuleName: -\\r\\nUtcTime: 2026-10-06 23:24:00.667\\r\\nProcessGuid: {00000000-0000-0000-0000-000000000000}\\r\\nProcessId: 43988\\r\\nImage: C:\\\\Program Files\\\\Google\\\\Chrome\\\\Application\\\\chrome.exe\\r\\nUser: WORKSTATION\\\\analyst's\\r\\nProtocol: udp\\r\\nInitiated: true\\r\\nSourceIsIpv6: false\\r\\nSourceIp: 198.51.100.228\\r\\nSourceHostname: WORKSTATION.Dlink\\r\\nSourcePort: 51927\\r\\nSourcePortName: -\\r\\nDestinationIsIpv6: false\\r\\nDestinationIp: 198.51.100.86\\r\\nDestinationHostname: cn-in-f94.1e100.net\\r\\nDestinationPort: 443\\r\\nDestinationPortName: https\", \"Provider\": \"Microsoft-Windows-Sysmon\", \"RecordId\": 445097, \"TimeCreated\": \"2026-10-07T04:54:05.3720524+05:30\", \"User\": {\"AccountDomainSid\": null, \"BinaryLength\": 12, \"Value\": \"S-1-5-0-0-0\"}}",
     "fields": {
      "RuleName": "-",
      "UtcTime": "2026-10-06 23:24:00.667",
      "Image": "C:\\Program Files\\Google\\Chrome\\Application\\chrome.exe",
      "User": "WORKSTATION\\analyst's",
      "Protocol": "udp",
      "Initiated": "true",
      "SourceIsIpv6": "false",
      "SourceIp": "198.51.100.228",
      "SourceHostname": "WORKSTATION.Dlink",
      "SourcePort": "51927",
      "SourcePortName": "-",
      "DestinationIsIpv6": "false",
      "DestinationIp": "198.51.100.86",
      "DestinationHostname": "cn-in-f94.1e100.net",
      "DestinationPort": "443",
      "DestinationPortName": "https"
     },
     "captured_channel": "Microsoft-Windows-Sysmon/Operational"
    },
    {
     "timestamp": "2026-10-07T04:54:05.3720592+05:30",
     "channel": "Microsoft-Windows-Sysmon/Operational",
     "provider": "Microsoft-Windows-Sysmon",
     "event_id": "3",
     "level": "Information",
     "severity": "Low",
     "username": "WORKSTATION\\analyst's",
     "host": "localhost",
     "source_ip": "198.51.100.228",
     "message": "Network connection detected:\r\nRuleName: -\r\nUtcTime: 2026-10-06 23:24:00.668\r\nProcessGuid: {00000000-0000-0000-0000-000000000000}\r\nProcessId: 43988\r\nImage: C:\\Program Files\\Google\\Chrome\\Application\\chrome.exe\r\nUser: WORKSTATION\\analyst's\r\nProtocol: udp\r\nInitiated: true\r\nSourceIsIpv6: false\r\nSourceIp",
     "record_id": 445098,
     "source": "windows-event-log",
     "is_alert": false,
     "rule_name": "Process opened an outbound connection",
     "external_id": "Microsoft-Windows-Sysmon/Operational:445098",
     "raw_log": "{\"Channel\": \"Microsoft-Windows-Sysmon/Operational\", \"EventData\": {\"DestinationHostname\": \"cn-in-f94.1e100.net\", \"DestinationIp\": \"198.51.100.86\", \"DestinationIsIpv6\": \"false\", \"DestinationPort\": \"443\", \"DestinationPortName\": \"https\", \"Image\": \"C:\\\\Program Files\\\\Google\\\\Chrome\\\\Application\\\\chrome.exe\", \"Initiated\": \"true\", \"ProcessGuid\": \"{00000000-0000-0000-0000-000000000000}\", \"ProcessId\": \"43988\", \"Protocol\": \"udp\", \"RuleName\": \"-\", \"SourceHostname\": \"WORKSTATION.Dlink\", \"SourceIp\": \"198.51.100.228\", \"SourceIsIpv6\": \"false\", \"SourcePort\": \"51927\", \"SourcePortName\": \"-\", \"User\": \"WORKSTATION\\\\analyst's\", \"UtcTime\": \"2026-10-06 23:24:00.668\"}, \"Id\": 3, \"Level\": \"Information\", \"Message\": \"Network connection detected:\\r\\nRuleName: -\\r\\nUtcTime: 2026-10-06 23:24:00.668\\r\\nProcessGuid: {00000000-0000-0000-0000-000000000000}\\r\\nProcessId: 43988\\r\\nImage: C:\\\\Program Files\\\\Google\\\\Chrome\\\\Application\\\\chrome.exe\\r\\nUser: WORKSTATION\\\\analyst's\\r\\nProtocol: udp\\r\\nInitiated: true\\r\\nSourceIsIpv6: false\\r\\nSourceIp: 198.51.100.228\\r\\nSourceHostname: WORKSTATION.Dlink\\r\\nSourcePort: 51927\\r\\nSourcePortName: -\\r\\nDestinationIsIpv6: false\\r\\nDestinationIp: 198.51.100.86\\r\\nDestinationHostname: cn-in-f94.1e100.net\\r\\nDestinationPort: 443\\r\\nDestinationPortName: https\", \"Provider\": \"Microsoft-Windows-Sysmon\", \"RecordId\": 445098, \"TimeCreated\": \"2026-10-07T04:54:05.3720592+05:30\", \"User\": {\"AccountDomainSid\": null, \"BinaryLength\": 12, \"Value\": \"S-1-5-0-0-0\"}}",
     "fields": {
      "RuleName": "-",
      "UtcTime": "2026-10-06 23:24:00.668",
      "Image": "C:\\Program Files\\Google\\Chrome\\Application\\chrome.exe",
      "User": "WORKSTATION\\analyst's",
      "Protocol": "udp",
      "Initiated": "true",
      "SourceIsIpv6": "false",
      "SourceIp": "198.51.100.228",
      "SourceHostname": "WORKSTATION.Dlink",
      "SourcePort": "51927",
      "SourcePortName": "-",
      "DestinationIsIpv6": "false",
      "DestinationIp": "198.51.100.86",
      "DestinationHostname": "cn-in-f94.1e100.net",
      "DestinationPort": "443",
      "DestinationPortName": "https"
     },
     "captured_channel": "Microsoft-Windows-Sysmon/Operational"
    },
    {
     "timestamp": "2026-10-07T04:54:05.8858179+05:30",
     "channel": "Microsoft-Windows-Sysmon/Operational",
     "provider": "Microsoft-Windows-Sysmon",
     "event_id": "3",
     "level": "Information",
     "severity": "Low",
     "username": "WORKSTATION\\analyst's",
     "host": "localhost",
     "source_ip": "198.51.100.228",
     "message": "Network connection detected:\r\nRuleName: -\r\nUtcTime: 2026-10-06 23:24:00.753\r\nProcessGuid: {00000000-0000-0000-0000-000000000000}\r\nProcessId: 43988\r\nImage: C:\\Program Files\\Google\\Chrome\\Application\\chrome.exe\r\nUser: WORKSTATION\\analyst's\r\nProtocol: udp\r\nInitiated: false\r\nSourceIsIpv6: false\r\nSourceI",
     "record_id": 445099,
     "source": "windows-event-log",
     "is_alert": false,
     "rule_name": "Process opened an outbound connection",
     "external_id": "Microsoft-Windows-Sysmon/Operational:445099",
     "raw_log": "{\"Channel\": \"Microsoft-Windows-Sysmon/Operational\", \"EventData\": {\"DestinationHostname\": \"-\", \"DestinationIp\": \"198.51.100.232\", \"DestinationIsIpv6\": \"false\", \"DestinationPort\": \"443\", \"DestinationPortName\": \"https\", \"Image\": \"C:\\\\Program Files\\\\Google\\\\Chrome\\\\Application\\\\chrome.exe\", \"Initiated\": \"false\", \"ProcessGuid\": \"{00000000-0000-0000-0000-000000000000}\", \"ProcessId\": \"43988\", \"Protocol\": \"udp\", \"RuleName\": \"-\", \"SourceHostname\": \"WORKSTATION.Dlink\", \"SourceIp\": \"198.51.100.228\", \"SourceIsIpv6\": \"false\", \"SourcePort\": \"57847\", \"SourcePortName\": \"-\", \"User\": \"WORKSTATION\\\\analyst's\", \"UtcTime\": \"2026-10-06 23:24:00.753\"}, \"Id\": 3, \"Level\": \"Information\", \"Message\": \"Network connection detected:\\r\\nRuleName: -\\r\\nUtcTime: 2026-10-06 23:24:00.753\\r\\nProcessGuid: {00000000-0000-0000-0000-000000000000}\\r\\nProcessId: 43988\\r\\nImage: C:\\\\Program Files\\\\Google\\\\Chrome\\\\Application\\\\chrome.exe\\r\\nUser: WORKSTATION\\\\analyst's\\r\\nProtocol: udp\\r\\nInitiated: false\\r\\nSourceIsIpv6: false\\r\\nSourceIp: 198.51.100.228\\r\\nSourceHostname: WORKSTATION.Dlink\\r\\nSourcePort: 57847\\r\\nSourcePortName: -\\r\\nDestinationIsIpv6: false\\r\\nDestinationIp: 198.51.100.232\\r\\nDestinationHostname: -\\r\\nDestinationPort: 443\\r\\nDestinationPortName: https\", \"Provider\": \"Microsoft-Windows-Sysmon\", \"RecordId\": 445099, \"TimeCreated\": \"2026-10-07T04:54:05.8858179+05:30\", \"User\": {\"AccountDomainSid\": null, \"BinaryLength\": 12, \"Value\": \"S-1-5-0-0-0\"}}",
     "fields": {
      "RuleName": "-",
      "UtcTime": "2026-10-06 23:24:00.753",
      "Image": "C:\\Program Files\\Google\\Chrome\\Application\\chrome.exe",
      "User": "WORKSTATION\\analyst's",
      "Protocol": "udp",
      "Initiated": "false",
      "SourceIsIpv6": "false",
      "SourceIp": "198.51.100.228",
      "SourceHostname": "WORKSTATION.Dlink",
      "SourcePort": "57847",
      "SourcePortName": "-",
      "DestinationIsIpv6": "false",
      "DestinationIp": "198.51.100.232",
      "DestinationHostname": "-",
      "DestinationPort": "443",
      "DestinationPortName": "https"
     },
     "captured_channel": "Microsoft-Windows-Sysmon/Operational"
    },
    {
     "timestamp": "2026-10-07T04:54:05.8858377+05:30",
     "channel": "Microsoft-Windows-Sysmon/Operational",
     "provider": "Microsoft-Windows-Sysmon",
     "event_id": "3",
     "level": "Information",
     "severity": "Low",
     "username": "WORKSTATION\\analyst's",
     "host": "localhost",
     "source_ip": "198.51.100.228",
     "message": "Network connection detected:\r\nRuleName: -\r\nUtcTime: 2026-10-06 23:24:00.753\r\nProcessGuid: {00000000-0000-0000-0000-000000000000}\r\nProcessId: 43988\r\nImage: C:\\Program Files\\Google\\Chrome\\Application\\chrome.exe\r\nUser: WORKSTATION\\analyst's\r\nProtocol: udp\r\nInitiated: false\r\nSourceIsIpv6: false\r\nSourceI",
     "record_id": 445100,
     "source": "windows-event-log",
     "is_alert": false,
     "rule_name": "Process opened an outbound connection",
     "external_id": "Microsoft-Windows-Sysmon/Operational:445100",
     "raw_log": "{\"Channel\": \"Microsoft-Windows-Sysmon/Operational\", \"EventData\": {\"DestinationHostname\": \"-\", \"DestinationIp\": \"198.51.100.232\", \"DestinationIsIpv6\": \"false\", \"DestinationPort\": \"443\", \"DestinationPortName\": \"https\", \"Image\": \"C:\\\\Program Files\\\\Google\\\\Chrome\\\\Application\\\\chrome.exe\", \"Initiated\": \"false\", \"ProcessGuid\": \"{00000000-0000-0000-0000-000000000000}\", \"ProcessId\": \"43988\", \"Protocol\": \"udp\", \"RuleName\": \"-\", \"SourceHostname\": \"WORKSTATION.Dlink\", \"SourceIp\": \"198.51.100.228\", \"SourceIsIpv6\": \"false\", \"SourcePort\": \"57847\", \"SourcePortName\": \"-\", \"User\": \"WORKSTATION\\\\analyst's\", \"UtcTime\": \"2026-10-06 23:24:00.753\"}, \"Id\": 3, \"Level\": \"Information\", \"Message\": \"Network connection detected:\\r\\nRuleName: -\\r\\nUtcTime: 2026-10-06 23:24:00.753\\r\\nProcessGuid: {00000000-0000-0000-0000-000000000000}\\r\\nProcessId: 43988\\r\\nImage: C:\\\\Program Files\\\\Google\\\\Chrome\\\\Application\\\\chrome.exe\\r\\nUser: WORKSTATION\\\\analyst's\\r\\nProtocol: udp\\r\\nInitiated: false\\r\\nSourceIsIpv6: false\\r\\nSourceIp: 198.51.100.228\\r\\nSourceHostname: WORKSTATION.Dlink\\r\\nSourcePort: 57847\\r\\nSourcePortName: -\\r\\nDestinationIsIpv6: false\\r\\nDestinationIp: 198.51.100.232\\r\\nDestinationHostname: -\\r\\nDestinationPort: 443\\r\\nDestinationPortName: https\", \"Provider\": \"Microsoft-Windows-Sysmon\", \"RecordId\": 445100, \"TimeCreated\": \"2026-10-07T04:54:05.8858377+05:30\", \"User\": {\"AccountDomainSid\": null, \"BinaryLength\": 12, \"Value\": \"S-1-5-0-0-0\"}}",
     "fields": {
      "RuleName": "-",
      "UtcTime": "2026-10-06 23:24:00.753",
      "Image": "C:\\Program Files\\Google\\Chrome\\Application\\chrome.exe",
      "User": "WORKSTATION\\analyst's",
      "Protocol": "udp",
      "Initiated": "false",
      "SourceIsIpv6": "false",
      "SourceIp": "198.51.100.228",
      "SourceHostname": "WORKSTATION.Dlink",
      "SourcePort": "57847",
      "SourcePortName": "-",
      "DestinationIsIpv6": "false",
      "DestinationIp": "198.51.100.232",
      "DestinationHostname": "-",
      "DestinationPort": "443",
      "DestinationPortName": "https"
     },
     "captured_channel": "Microsoft-Windows-Sysmon/Operational"
    },
    {
     "timestamp": "2026-10-07T04:54:05.8858471+05:30",
     "channel": "Microsoft-Windows-Sysmon/Operational",
     "provider": "Microsoft-Windows-Sysmon",
     "event_id": "3",
     "level": "Information",
     "severity": "Low",
     "username": "WORKSTATION\\analyst's",
     "host": "localhost",
     "source_ip": "198.51.100.228",
     "message": "Network connection detected:\r\nRuleName: -\r\nUtcTime: 2026-10-06 23:24:00.770\r\nProcessGuid: {00000000-0000-0000-0000-000000000000}\r\nProcessId: 43988\r\nImage: C:\\Program Files\\Google\\Chrome\\Application\\chrome.exe\r\nUser: WORKSTATION\\analyst's\r\nProtocol: udp\r\nInitiated: false\r\nSourceIsIpv6: false\r\nSourceI",
     "record_id": 445101,
     "source": "windows-event-log",
     "is_alert": false,
     "rule_name": "Process opened an outbound connection",
     "external_id": "Microsoft-Windows-Sysmon/Operational:445101",
     "raw_log": "{\"Channel\": \"Microsoft-Windows-Sysmon/Operational\", \"EventData\": {\"DestinationHostname\": \"cn-in-f94.1e100.net\", \"DestinationIp\": \"198.51.100.86\", \"DestinationIsIpv6\": \"false\", \"DestinationPort\": \"443\", \"DestinationPortName\": \"https\", \"Image\": \"C:\\\\Program Files\\\\Google\\\\Chrome\\\\Application\\\\chrome.exe\", \"Initiated\": \"false\", \"ProcessGuid\": \"{00000000-0000-0000-0000-000000000000}\", \"ProcessId\": \"43988\", \"Protocol\": \"udp\", \"RuleName\": \"-\", \"SourceHostname\": \"WORKSTATION.Dlink\", \"SourceIp\": \"198.51.100.228\", \"SourceIsIpv6\": \"false\", \"SourcePort\": \"51927\", \"SourcePortName\": \"-\", \"User\": \"WORKSTATION\\\\analyst's\", \"UtcTime\": \"2026-10-06 23:24:00.770\"}, \"Id\": 3, \"Level\": \"Information\", \"Message\": \"Network connection detected:\\r\\nRuleName: -\\r\\nUtcTime: 2026-10-06 23:24:00.770\\r\\nProcessGuid: {00000000-0000-0000-0000-000000000000}\\r\\nProcessId: 43988\\r\\nImage: C:\\\\Program Files\\\\Google\\\\Chrome\\\\Application\\\\chrome.exe\\r\\nUser: WORKSTATION\\\\analyst's\\r\\nProtocol: udp\\r\\nInitiated: false\\r\\nSourceIsIpv6: false\\r\\nSourceIp: 198.51.100.228\\r\\nSourceHostname: WORKSTATION.Dlink\\r\\nSourcePort: 51927\\r\\nSourcePortName: -\\r\\nDestinationIsIpv6: false\\r\\nDestinationIp: 198.51.100.86\\r\\nDestinationHostname: cn-in-f94.1e100.net\\r\\nDestinationPort: 443\\r\\nDestinationPortName: https\", \"Provider\": \"Microsoft-Windows-Sysmon\", \"RecordId\": 445101, \"TimeCreated\": \"2026-10-07T04:54:05.8858471+05:30\", \"User\": {\"AccountDomainSid\": null, \"BinaryLength\": 12, \"Value\": \"S-1-5-0-0-0\"}}",
     "fields": {
      "RuleName": "-",
      "UtcTime": "2026-10-06 23:24:00.770",
      "Image": "C:\\Program Files\\Google\\Chrome\\Application\\chrome.exe",
      "User": "WORKSTATION\\analyst's",
      "Protocol": "udp",
      "Initiated": "false",
      "SourceIsIpv6": "false",
      "SourceIp": "198.51.100.228",
      "SourceHostname": "WORKSTATION.Dlink",
      "SourcePort": "51927",
      "SourcePortName": "-",
      "DestinationIsIpv6": "false",
      "DestinationIp": "198.51.100.86",
      "DestinationHostname": "cn-in-f94.1e100.net",
      "DestinationPort": "443",
      "DestinationPortName": "https"
     },
     "captured_channel": "Microsoft-Windows-Sysmon/Operational"
    },
    {
     "timestamp": "2026-10-07T04:54:05.8858580+05:30",
     "channel": "Microsoft-Windows-Sysmon/Operational",
     "provider": "Microsoft-Windows-Sysmon",
     "event_id": "3",
     "level": "Information",
     "severity": "Low",
     "username": "WORKSTATION\\analyst's",
     "host": "localhost",
     "source_ip": "198.51.100.228",
     "message": "Network connection detected:\r\nRuleName: -\r\nUtcTime: 2026-10-06 23:24:01.126\r\nProcessGuid: {00000000-0000-0000-0000-000000000000}\r\nProcessId: 43988\r\nImage: C:\\Program Files\\Google\\Chrome\\Application\\chrome.exe\r\nUser: WORKSTATION\\analyst's\r\nProtocol: udp\r\nInitiated: true\r\nSourceIsIpv6: false\r\nSourceIp",
     "record_id": 445102,
     "source": "windows-event-log",
     "is_alert": false,
     "rule_name": "Process opened an outbound connection",
     "external_id": "Microsoft-Windows-Sysmon/Operational:445102",
     "raw_log": "{\"Channel\": \"Microsoft-Windows-Sysmon/Operational\", \"EventData\": {\"DestinationHostname\": \"198.51.100.31.bc.googleusercontent.com\", \"DestinationIp\": \"198.51.100.4\", \"DestinationIsIpv6\": \"false\", \"DestinationPort\": \"443\", \"DestinationPortName\": \"https\", \"Image\": \"C:\\\\Program Files\\\\Google\\\\Chrome\\\\Application\\\\chrome.exe\", \"Initiated\": \"true\", \"ProcessGuid\": \"{00000000-0000-0000-0000-000000000000}\", \"ProcessId\": \"43988\", \"Protocol\": \"udp\", \"RuleName\": \"-\", \"SourceHostname\": \"WORKSTATION.Dlink\", \"SourceIp\": \"198.51.100.228\", \"SourceIsIpv6\": \"false\", \"SourcePort\": \"49160\", \"SourcePortName\": \"-\", \"User\": \"WORKSTATION\\\\analyst's\", \"UtcTime\": \"2026-10-06 23:24:01.126\"}, \"Id\": 3, \"Level\": \"Information\", \"Message\": \"Network connection detected:\\r\\nRuleName: -\\r\\nUtcTime: 2026-10-06 23:24:01.126\\r\\nProcessGuid: {00000000-0000-0000-0000-000000000000}\\r\\nProcessId: 43988\\r\\nImage: C:\\\\Program Files\\\\Google\\\\Chrome\\\\Application\\\\chrome.exe\\r\\nUser: WORKSTATION\\\\analyst's\\r\\nProtocol: udp\\r\\nInitiated: true\\r\\nSourceIsIpv6: false\\r\\nSourceIp: 198.51.100.228\\r\\nSourceHostname: WORKSTATION.Dlink\\r\\nSourcePort: 49160\\r\\nSourcePortName: -\\r\\nDestinationIsIpv6: false\\r\\nDestinationIp: 198.51.100.4\\r\\nDestinationHostname: 198.51.100.31.bc.googleusercontent.com\\r\\nDestinationPort: 443\\r\\nDestinationPortName: https\", \"Provider\": \"Microsoft-Windows-Sysmon\", \"RecordId\": 445102, \"TimeCreated\": \"2026-10-07T04:54:05.8858580+05:30\", \"User\": {\"AccountDomainSid\": null, \"BinaryLength\": 12, \"Value\": \"S-1-5-0-0-0\"}}",
     "fields": {
      "RuleName": "-",
      "UtcTime": "2026-10-06 23:24:01.126",
      "Image": "C:\\Program Files\\Google\\Chrome\\Application\\chrome.exe",
      "User": "WORKSTATION\\analyst's",
      "Protocol": "udp",
      "Initiated": "true",
      "SourceIsIpv6": "false",
      "SourceIp": "198.51.100.228",
      "SourceHostname": "WORKSTATION.Dlink",
      "SourcePort": "49160",
      "SourcePortName": "-",
      "DestinationIsIpv6": "false",
      "DestinationIp": "198.51.100.4",
      "DestinationHostname": "198.51.100.31.bc.googleusercontent.com",
      "DestinationPort": "443",
      "DestinationPortName": "https"
     },
     "captured_channel": "Microsoft-Windows-Sysmon/Operational"
    },
    {
     "timestamp": "2026-10-07T04:54:05.8858930+05:30",
     "channel": "Microsoft-Windows-Sysmon/Operational",
     "provider": "Microsoft-Windows-Sysmon",
     "event_id": "3",
     "level": "Information",
     "severity": "Low",
     "username": "NT AUTHORITY\\NETWORK SERVICE",
     "host": "localhost",
     "source_ip": "198.51.100.228",
     "message": "Network connection detected:\r\nRuleName: -\r\nUtcTime: 2026-10-06 23:24:01.235\r\nProcessGuid: {00000000-0000-0000-0000-000000000000}\r\nProcessId: 2256\r\nImage: C:\\Windows\\System32\\svchost.exe\r\nUser: NT AUTHORITY\\NETWORK SERVICE\r\nProtocol: udp\r\nInitiated: true\r\nSourceIsIpv6: false\r\nSourceIp: 198.51.100.228",
     "record_id": 445103,
     "source": "windows-event-log",
     "is_alert": false,
     "rule_name": "Process opened an outbound connection",
     "external_id": "Microsoft-Windows-Sysmon/Operational:445103",
     "raw_log": "{\"Channel\": \"Microsoft-Windows-Sysmon/Operational\", \"EventData\": {\"DestinationHostname\": \"one.one.one.one\", \"DestinationIp\": \"198.51.100.242\", \"DestinationIsIpv6\": \"false\", \"DestinationPort\": \"53\", \"DestinationPortName\": \"domain\", \"Image\": \"C:\\\\Windows\\\\System32\\\\svchost.exe\", \"Initiated\": \"true\", \"ProcessGuid\": \"{00000000-0000-0000-0000-000000000000}\", \"ProcessId\": \"2256\", \"Protocol\": \"udp\", \"RuleName\": \"-\", \"SourceHostname\": \"WORKSTATION.Dlink\", \"SourceIp\": \"198.51.100.228\", \"SourceIsIpv6\": \"false\", \"SourcePort\": \"55367\", \"SourcePortName\": \"-\", \"User\": \"NT AUTHORITY\\\\NETWORK SERVICE\", \"UtcTime\": \"2026-10-06 23:24:01.235\"}, \"Id\": 3, \"Level\": \"Information\", \"Message\": \"Network connection detected:\\r\\nRuleName: -\\r\\nUtcTime: 2026-10-06 23:24:01.235\\r\\nProcessGuid: {00000000-0000-0000-0000-000000000000}\\r\\nProcessId: 2256\\r\\nImage: C:\\\\Windows\\\\System32\\\\svchost.exe\\r\\nUser: NT AUTHORITY\\\\NETWORK SERVICE\\r\\nProtocol: udp\\r\\nInitiated: true\\r\\nSourceIsIpv6: false\\r\\nSourceIp: 198.51.100.228\\r\\nSourceHostname: WORKSTATION.Dlink\\r\\nSourcePort: 55367\\r\\nSourcePortName: -\\r\\nDestinationIsIpv6: false\\r\\nDestinationIp: 198.51.100.242\\r\\nDestinationHostname: one.one.one.one\\r\\nDestinationPort: 53\\r\\nDestinationPortName: domain\", \"Provider\": \"Microsoft-Windows-Sysmon\", \"RecordId\": 445103, \"TimeCreated\": \"2026-10-07T04:54:05.8858930+05:30\", \"User\": {\"AccountDomainSid\": null, \"BinaryLength\": 12, \"Value\": \"S-1-5-0-0-0\"}}",
     "fields": {
      "RuleName": "-",
      "UtcTime": "2026-10-06 23:24:01.235",
      "Image": "C:\\Windows\\System32\\svchost.exe",
      "User": "NT AUTHORITY\\NETWORK SERVICE",
      "Protocol": "udp",
      "Initiated": "true",
      "SourceIsIpv6": "false",
      "SourceIp": "198.51.100.228",
      "SourceHostname": "WORKSTATION.Dlink",
      "SourcePort": "55367",
      "SourcePortName": "-",
      "DestinationIsIpv6": "false",
      "DestinationIp": "198.51.100.242",
      "DestinationHostname": "one.one.one.one",
      "DestinationPort": "53",
      "DestinationPortName": "domain"
     },
     "captured_channel": "Microsoft-Windows-Sysmon/Operational"
    },
    {
     "timestamp": "2026-10-07T04:54:05.8859000+05:30",
     "channel": "Microsoft-Windows-Sysmon/Operational",
     "provider": "Microsoft-Windows-Sysmon",
     "event_id": "3",
     "level": "Information",
     "severity": "Low",
     "username": "NT AUTHORITY\\NETWORK SERVICE",
     "host": "localhost",
     "source_ip": "198.51.100.228",
     "message": "Network connection detected:\r\nRuleName: -\r\nUtcTime: 2026-10-06 23:24:01.235\r\nProcessGuid: {00000000-0000-0000-0000-000000000000}\r\nProcessId: 2256\r\nImage: C:\\Windows\\System32\\svchost.exe\r\nUser: NT AUTHORITY\\NETWORK SERVICE\r\nProtocol: udp\r\nInitiated: true\r\nSourceIsIpv6: false\r\nSourceIp: 198.51.100.228",
     "record_id": 445104,
     "source": "windows-event-log",
     "is_alert": false,
     "rule_name": "Process opened an outbound connection",
     "external_id": "Microsoft-Windows-Sysmon/Operational:445104",
     "raw_log": "{\"Channel\": \"Microsoft-Windows-Sysmon/Operational\", \"EventData\": {\"DestinationHostname\": \"one.one.one.one\", \"DestinationIp\": \"198.51.100.242\", \"DestinationIsIpv6\": \"false\", \"DestinationPort\": \"53\", \"DestinationPortName\": \"domain\", \"Image\": \"C:\\\\Windows\\\\System32\\\\svchost.exe\", \"Initiated\": \"true\", \"ProcessGuid\": \"{00000000-0000-0000-0000-000000000000}\", \"ProcessId\": \"2256\", \"Protocol\": \"udp\", \"RuleName\": \"-\", \"SourceHostname\": \"WORKSTATION.Dlink\", \"SourceIp\": \"198.51.100.228\", \"SourceIsIpv6\": \"false\", \"SourcePort\": \"54211\", \"SourcePortName\": \"-\", \"User\": \"NT AUTHORITY\\\\NETWORK SERVICE\", \"UtcTime\": \"2026-10-06 23:24:01.235\"}, \"Id\": 3, \"Level\": \"Information\", \"Message\": \"Network connection detected:\\r\\nRuleName: -\\r\\nUtcTime: 2026-10-06 23:24:01.235\\r\\nProcessGuid: {00000000-0000-0000-0000-000000000000}\\r\\nProcessId: 2256\\r\\nImage: C:\\\\Windows\\\\System32\\\\svchost.exe\\r\\nUser: NT AUTHORITY\\\\NETWORK SERVICE\\r\\nProtocol: udp\\r\\nInitiated: true\\r\\nSourceIsIpv6: false\\r\\nSourceIp: 198.51.100.228\\r\\nSourceHostname: WORKSTATION.Dlink\\r\\nSourcePort: 54211\\r\\nSourcePortName: -\\r\\nDestinationIsIpv6: false\\r\\nDestinationIp: 198.51.100.242\\r\\nDestinationHostname: one.one.one.one\\r\\nDestinationPort: 53\\r\\nDestinationPortName: domain\", \"Provider\": \"Microsoft-Windows-Sysmon\", \"RecordId\": 445104, \"TimeCreated\": \"2026-10-07T04:54:05.8859000+05:30\", \"User\": {\"AccountDomainSid\": null, \"BinaryLength\": 12, \"Value\": \"S-1-5-0-0-0\"}}",
     "fields": {
      "RuleName": "-",
      "UtcTime": "2026-10-06 23:24:01.235",
      "Image": "C:\\Windows\\System32\\svchost.exe",
      "User": "NT AUTHORITY\\NETWORK SERVICE",
      "Protocol": "udp",
      "Initiated": "true",
      "SourceIsIpv6": "false",
      "SourceIp": "198.51.100.228",
      "SourceHostname": "WORKSTATION.Dlink",
      "SourcePort": "54211",
      "SourcePortName": "-",
      "DestinationIsIpv6": "false",
      "DestinationIp": "198.51.100.242",
      "DestinationHostname": "one.one.one.one",
      "DestinationPort": "53",
      "DestinationPortName": "domain"
     },
     "captured_channel": "Microsoft-Windows-Sysmon/Operational"
    },
    {
     "timestamp": "2026-10-07T04:54:06.8591010+05:30",
     "channel": "Microsoft-Windows-Sysmon/Operational",
     "provider": "Microsoft-Windows-Sysmon",
     "event_id": "22",
     "level": "Information",
     "severity": "Low",
     "username": "NT AUTHORITY\\SYSTEM",
     "host": "localhost",
     "source_ip": "local",
     "message": "Dns query:\r\nRuleName: -\r\nUtcTime: 2026-10-06 23:24:01.219\r\nProcessGuid: {00000000-0000-0000-0000-000000000000}\r\nProcessId: 90252\r\nQueryName: 198.51.100.209.in-addr.arpa.\r\nQueryStatus: 0\r\nQueryResults: type: 12 ec2-52-213-34-91.eu-west-1.compute.amazonaws.com;\r\nImage: C:\\Windows\\Sysmon64.exe\r\nUser: N",
     "record_id": 445105,
     "source": "windows-event-log",
     "is_alert": false,
     "rule_name": "",
     "external_id": "Microsoft-Windows-Sysmon/Operational:445105",
     "raw_log": "{\"Channel\": \"Microsoft-Windows-Sysmon/Operational\", \"EventData\": {\"Image\": \"C:\\\\Windows\\\\Sysmon64.exe\", \"ProcessGuid\": \"{00000000-0000-0000-0000-000000000000}\", \"ProcessId\": \"90252\", \"QueryName\": \"198.51.100.209.in-addr.arpa.\", \"QueryResults\": \"type: 12 ec2-52-213-34-91.eu-west-1.compute.amazonaws.com;\", \"QueryStatus\": \"0\", \"RuleName\": \"-\", \"User\": \"NT AUTHORITY\\\\SYSTEM\", \"UtcTime\": \"2026-10-06 23:24:01.219\"}, \"Id\": 22, \"Level\": \"Information\", \"Message\": \"Dns query:\\r\\nRuleName: -\\r\\nUtcTime: 2026-10-06 23:24:01.219\\r\\nProcessGuid: {00000000-0000-0000-0000-000000000000}\\r\\nProcessId: 90252\\r\\nQueryName: 198.51.100.209.in-addr.arpa.\\r\\nQueryStatus: 0\\r\\nQueryResults: type: 12 ec2-52-213-34-91.eu-west-1.compute.amazonaws.com;\\r\\nImage: C:\\\\Windows\\\\Sysmon64.exe\\r\\nUser: NT AUTHORITY\\\\SYSTEM\", \"Provider\": \"Microsoft-Windows-Sysmon\", \"RecordId\": 445105, \"TimeCreated\": \"2026-10-07T04:54:06.8591010+05:30\", \"User\": {\"AccountDomainSid\": null, \"BinaryLength\": 12, \"Value\": \"S-1-5-0-0-0\"}}",
     "fields": {
      "RuleName": "-",
      "UtcTime": "2026-10-06 23:24:01.219",
      "QueryName": "198.51.100.209.in-addr.arpa.",
      "QueryStatus": "0",
      "QueryResults": "type: 12 ec2-52-213-34-91.eu-west-1.compute.amazonaws.com;",
      "Image": "C:\\Windows\\Sysmon64.exe",
      "User": "NT AUTHORITY\\SYSTEM"
     },
     "captured_channel": "Microsoft-Windows-Sysmon/Operational"
    },
    {
     "timestamp": "2026-10-07T04:54:07.9850860+05:30",
     "channel": "Microsoft-Windows-Sysmon/Operational",
     "provider": "Microsoft-Windows-Sysmon",
     "event_id": "3",
     "level": "Information",
     "severity": "Low",
     "username": "WORKSTATION\\analyst's",
     "host": "localhost",
     "source_ip": "198.51.100.228",
     "message": "Network connection detected:\r\nRuleName: -\r\nUtcTime: 2026-10-06 23:24:01.599\r\nProcessGuid: {00000000-0000-0000-0000-000000000000}\r\nProcessId: 43988\r\nImage: C:\\Program Files\\Google\\Chrome\\Application\\chrome.exe\r\nUser: WORKSTATION\\analyst's\r\nProtocol: udp\r\nInitiated: false\r\nSourceIsIpv6: false\r\nSourceI",
     "record_id": 445106,
     "source": "windows-event-log",
     "is_alert": false,
     "rule_name": "Process opened an outbound connection",
     "external_id": "Microsoft-Windows-Sysmon/Operational:445106",
     "raw_log": "{\"Channel\": \"Microsoft-Windows-Sysmon/Operational\", \"EventData\": {\"DestinationHostname\": \"-\", \"DestinationIp\": \"198.51.100.105\", \"DestinationIsIpv6\": \"false\", \"DestinationPort\": \"443\", \"DestinationPortName\": \"https\", \"Image\": \"C:\\\\Program Files\\\\Google\\\\Chrome\\\\Application\\\\chrome.exe\", \"Initiated\": \"false\", \"ProcessGuid\": \"{00000000-0000-0000-0000-000000000000}\", \"ProcessId\": \"43988\", \"Protocol\": \"udp\", \"RuleName\": \"-\", \"SourceHostname\": \"WORKSTATION.Dlink\", \"SourceIp\": \"198.51.100.228\", \"SourceIsIpv6\": \"false\", \"SourcePort\": \"53028\", \"SourcePortName\": \"-\", \"User\": \"WORKSTATION\\\\analyst's\", \"UtcTime\": \"2026-10-06 23:24:01.599\"}, \"Id\": 3, \"Level\": \"Information\", \"Message\": \"Network connection detected:\\r\\nRuleName: -\\r\\nUtcTime: 2026-10-06 23:24:01.599\\r\\nProcessGuid: {00000000-0000-0000-0000-000000000000}\\r\\nProcessId: 43988\\r\\nImage: C:\\\\Program Files\\\\Google\\\\Chrome\\\\Application\\\\chrome.exe\\r\\nUser: WORKSTATION\\\\analyst's\\r\\nProtocol: udp\\r\\nInitiated: false\\r\\nSourceIsIpv6: false\\r\\nSourceIp: 198.51.100.228\\r\\nSourceHostname: WORKSTATION.Dlink\\r\\nSourcePort: 53028\\r\\nSourcePortName: -\\r\\nDestinationIsIpv6: false\\r\\nDestinationIp: 198.51.100.105\\r\\nDestinationHostname: -\\r\\nDestinationPort: 443\\r\\nDestinationPortName: https\", \"Provider\": \"Microsoft-Windows-Sysmon\", \"RecordId\": 445106, \"TimeCreated\": \"2026-10-07T04:54:07.9850860+05:30\", \"User\": {\"AccountDomainSid\": null, \"BinaryLength\": 12, \"Value\": \"S-1-5-0-0-0\"}}",
     "fields": {
      "RuleName": "-",
      "UtcTime": "2026-10-06 23:24:01.599",
      "Image": "C:\\Program Files\\Google\\Chrome\\Application\\chrome.exe",
      "User": "WORKSTATION\\analyst's",
      "Protocol": "udp",
      "Initiated": "false",
      "SourceIsIpv6": "false",
      "SourceIp": "198.51.100.228",
      "SourceHostname": "WORKSTATION.Dlink",
      "SourcePort": "53028",
      "SourcePortName": "-",
      "DestinationIsIpv6": "false",
      "DestinationIp": "198.51.100.105",
      "DestinationHostname": "-",
      "DestinationPort": "443",
      "DestinationPortName": "https"
     },
     "captured_channel": "Microsoft-Windows-Sysmon/Operational"
    },
    {
     "timestamp": "2026-10-07T04:54:07.9851139+05:30",
     "channel": "Microsoft-Windows-Sysmon/Operational",
     "provider": "Microsoft-Windows-Sysmon",
     "event_id": "3",
     "level": "Information",
     "severity": "Low",
     "username": "WORKSTATION\\analyst's",
     "host": "localhost",
     "source_ip": "198.51.100.228",
     "message": "Network connection detected:\r\nRuleName: -\r\nUtcTime: 2026-10-06 23:24:01.726\r\nProcessGuid: {00000000-0000-0000-0000-000000000000}\r\nProcessId: 111212\r\nImage: C:\\Users\\analyst's\\AppData\\Local\\local\\tools\\python-3.14.7+20260901-win32-x64\\python.exe\r\nUser: WORKSTATION\\analyst's\r\nProtocol: tcp\r\nInitiated:",
     "record_id": 445107,
     "source": "windows-event-log",
     "is_alert": false,
     "rule_name": "Process opened an outbound connection",
     "external_id": "Microsoft-Windows-Sysmon/Operational:445107",
     "raw_log": "{\"Channel\": \"Microsoft-Windows-Sysmon/Operational\", \"EventData\": {\"DestinationHostname\": \"-\", \"DestinationIp\": \"198.51.100.104\", \"DestinationIsIpv6\": \"false\", \"DestinationPort\": \"443\", \"DestinationPortName\": \"https\", \"Image\": \"C:\\\\Users\\\\analyst's\\\\AppData\\\\Local\\\\local\\\\tools\\\\python-3.14.7+20260901-win32-x64\\\\python.exe\", \"Initiated\": \"true\", \"ProcessGuid\": \"{00000000-0000-0000-0000-000000000000}\", \"ProcessId\": \"111212\", \"Protocol\": \"tcp\", \"RuleName\": \"-\", \"SourceHostname\": \"WORKSTATION.Dlink\", \"SourceIp\": \"198.51.100.228\", \"SourceIsIpv6\": \"false\", \"SourcePort\": \"63691\", \"SourcePortName\": \"-\", \"User\": \"WORKSTATION\\\\analyst's\", \"UtcTime\": \"2026-10-06 23:24:01.726\"}, \"Id\": 3, \"Level\": \"Information\", \"Message\": \"Network connection detected:\\r\\nRuleName: -\\r\\nUtcTime: 2026-10-06 23:24:01.726\\r\\nProcessGuid: {00000000-0000-0000-0000-000000000000}\\r\\nProcessId: 111212\\r\\nImage: C:\\\\Users\\\\analyst's\\\\AppData\\\\Local\\\\local\\\\tools\\\\python-3.14.7+20260901-win32-x64\\\\python.exe\\r\\nUser: WORKSTATION\\\\analyst's\\r\\nProtocol: tcp\\r\\nInitiated: true\\r\\nSourceIsIpv6: false\\r\\nSourceIp: 198.51.100.228\\r\\nSourceHostname: WORKSTATION.Dlink\\r\\nSourcePort: 63691\\r\\nSourcePortName: -\\r\\nDestinationIsIpv6: false\\r\\nDestinationIp: 198.51.100.104\\r\\nDestinationHostname: -\\r\\nDestinationPort: 443\\r\\nDestinationPortName: https\", \"Provider\": \"Microsoft-Windows-Sysmon\", \"RecordId\": 445107, \"TimeCreated\": \"2026-10-07T04:54:07.9851139+05:30\", \"User\": {\"AccountDomainSid\": null, \"BinaryLength\": 12, \"Value\": \"S-1-5-0-0-0\"}}",
     "fields": {
      "RuleName": "-",
      "UtcTime": "2026-10-06 23:24:01.726",
      "Image": "C:\\Users\\analyst's\\AppData\\Local\\local\\tools\\python-3.14.7+20260901-win32-x64\\python.exe",
      "User": "WORKSTATION\\analyst's",
      "Protocol": "tcp",
      "Initiated": "true",
      "SourceIsIpv6": "false",
      "SourceIp": "198.51.100.228",
      "SourceHostname": "WORKSTATION.Dlink",
      "SourcePort": "63691",
      "SourcePortName": "-",
      "DestinationIsIpv6": "false",
      "DestinationIp": "198.51.100.104",
      "DestinationHostname": "-",
      "DestinationPort": "443",
      "DestinationPortName": "https"
     },
     "captured_channel": "Microsoft-Windows-Sysmon/Operational"
    },
    {
     "timestamp": "2026-10-07T04:54:10.0840113+05:30",
     "channel": "Microsoft-Windows-Sysmon/Operational",
     "provider": "Microsoft-Windows-Sysmon",
     "event_id": "3",
     "level": "Information",
     "severity": "Low",
     "username": "WORKSTATION\\analyst's",
     "host": "localhost",
     "source_ip": "198.51.100.152",
     "message": "Network connection detected:\r\nRuleName: -\r\nUtcTime: 2026-10-06 23:24:04.692\r\nProcessGuid: {00000000-0000-0000-0000-000000000000}\r\nProcessId: 2808\r\nImage: C:\\Program Files\\NVIDIA Corporation\\NVIDIA App\\CEF\\NVIDIA Overlay.exe\r\nUser: WORKSTATION\\analyst's\r\nProtocol: udp\r\nInitiated: true\r\nSourceIsIpv6: ",
     "record_id": 445108,
     "source": "windows-event-log",
     "is_alert": false,
     "rule_name": "Process opened an outbound connection",
     "external_id": "Microsoft-Windows-Sysmon/Operational:445108",
     "raw_log": "{\"Channel\": \"Microsoft-Windows-Sysmon/Operational\", \"EventData\": {\"DestinationHostname\": \"-\", \"DestinationIp\": \"198.51.100.221\", \"DestinationIsIpv6\": \"false\", \"DestinationPort\": \"1900\", \"DestinationPortName\": \"ssdp\", \"Image\": \"C:\\\\Program Files\\\\NVIDIA Corporation\\\\NVIDIA App\\\\CEF\\\\NVIDIA Overlay.exe\", \"Initiated\": \"true\", \"ProcessGuid\": \"{00000000-0000-0000-0000-000000000000}\", \"ProcessId\": \"2808\", \"Protocol\": \"udp\", \"RuleName\": \"-\", \"SourceHostname\": \"-\", \"SourceIp\": \"198.51.100.152\", \"SourceIsIpv6\": \"false\", \"SourcePort\": \"52630\", \"SourcePortName\": \"-\", \"User\": \"WORKSTATION\\\\analyst's\", \"UtcTime\": \"2026-10-06 23:24:04.692\"}, \"Id\": 3, \"Level\": \"Information\", \"Message\": \"Network connection detected:\\r\\nRuleName: -\\r\\nUtcTime: 2026-10-06 23:24:04.692\\r\\nProcessGuid: {00000000-0000-0000-0000-000000000000}\\r\\nProcessId: 2808\\r\\nImage: C:\\\\Program Files\\\\NVIDIA Corporation\\\\NVIDIA App\\\\CEF\\\\NVIDIA Overlay.exe\\r\\nUser: WORKSTATION\\\\analyst's\\r\\nProtocol: udp\\r\\nInitiated: true\\r\\nSourceIsIpv6: false\\r\\nSourceIp: 198.51.100.152\\r\\nSourceHostname: -\\r\\nSourcePort: 52630\\r\\nSourcePortName: -\\r\\nDestinationIsIpv6: false\\r\\nDestinationIp: 198.51.100.221\\r\\nDestinationHostname: -\\r\\nDestinationPort: 1900\\r\\nDestinationPortName: ssdp\", \"Provider\": \"Microsoft-Windows-Sysmon\", \"RecordId\": 445108, \"TimeCreated\": \"2026-10-07T04:54:10.0840113+05:30\", \"User\": {\"AccountDomainSid\": null, \"BinaryLength\": 12, \"Value\": \"S-1-5-0-0-0\"}}",
     "fields": {
      "RuleName": "-",
      "UtcTime": "2026-10-06 23:24:04.692",
      "Image": "C:\\Program Files\\NVIDIA Corporation\\NVIDIA App\\CEF\\NVIDIA Overlay.exe",
      "User": "WORKSTATION\\analyst's",
      "Protocol": "udp",
      "Initiated": "true",
      "SourceIsIpv6": "false",
      "SourceIp": "198.51.100.152",
      "SourceHostname": "-",
      "SourcePort": "52630",
      "SourcePortName": "-",
      "DestinationIsIpv6": "false",
      "DestinationIp": "198.51.100.221",
      "DestinationHostname": "-",
      "DestinationPort": "1900",
      "DestinationPortName": "ssdp"
     },
     "captured_channel": "Microsoft-Windows-Sysmon/Operational"
    },
    {
     "timestamp": "2026-10-07T04:54:10.0840329+05:30",
     "channel": "Microsoft-Windows-Sysmon/Operational",
     "provider": "Microsoft-Windows-Sysmon",
     "event_id": "3",
     "level": "Information",
     "severity": "Low",
     "username": "WORKSTATION\\analyst's",
     "host": "localhost",
     "source_ip": "198.51.100.228",
     "message": "Network connection detected:\r\nRuleName: -\r\nUtcTime: 2026-10-06 23:24:04.692\r\nProcessGuid: {00000000-0000-0000-0000-000000000000}\r\nProcessId: 2808\r\nImage: C:\\Program Files\\NVIDIA Corporation\\NVIDIA App\\CEF\\NVIDIA Overlay.exe\r\nUser: WORKSTATION\\analyst's\r\nProtocol: udp\r\nInitiated: true\r\nSourceIsIpv6: ",
     "record_id": 445109,
     "source": "windows-event-log",
     "is_alert": false,
     "rule_name": "Process opened an outbound connection",
     "external_id": "Microsoft-Windows-Sysmon/Operational:445109",
     "raw_log": "{\"Channel\": \"Microsoft-Windows-Sysmon/Operational\", \"EventData\": {\"DestinationHostname\": \"-\", \"DestinationIp\": \"198.51.100.221\", \"DestinationIsIpv6\": \"false\", \"DestinationPort\": \"1900\", \"DestinationPortName\": \"ssdp\", \"Image\": \"C:\\\\Program Files\\\\NVIDIA Corporation\\\\NVIDIA App\\\\CEF\\\\NVIDIA Overlay.exe\", \"Initiated\": \"true\", \"ProcessGuid\": \"{00000000-0000-0000-0000-000000000000}\", \"ProcessId\": \"2808\", \"Protocol\": \"udp\", \"RuleName\": \"-\", \"SourceHostname\": \"WORKSTATION.Dlink\", \"SourceIp\": \"198.51.100.228\", \"SourceIsIpv6\": \"false\", \"SourcePort\": \"52631\", \"SourcePortName\": \"-\", \"User\": \"WORKSTATION\\\\analyst's\", \"UtcTime\": \"2026-10-06 23:24:04.692\"}, \"Id\": 3, \"Level\": \"Information\", \"Message\": \"Network connection detected:\\r\\nRuleName: -\\r\\nUtcTime: 2026-10-06 23:24:04.692\\r\\nProcessGuid: {00000000-0000-0000-0000-000000000000}\\r\\nProcessId: 2808\\r\\nImage: C:\\\\Program Files\\\\NVIDIA Corporation\\\\NVIDIA App\\\\CEF\\\\NVIDIA Overlay.exe\\r\\nUser: WORKSTATION\\\\analyst's\\r\\nProtocol: udp\\r\\nInitiated: true\\r\\nSourceIsIpv6: false\\r\\nSourceIp: 198.51.100.228\\r\\nSourceHostname: WORKSTATION.Dlink\\r\\nSourcePort: 52631\\r\\nSourcePortName: -\\r\\nDestinationIsIpv6: false\\r\\nDestinationIp: 198.51.100.221\\r\\nDestinationHostname: -\\r\\nDestinationPort: 1900\\r\\nDestinationPortName: ssdp\", \"Provider\": \"Microsoft-Windows-Sysmon\", \"RecordId\": 445109, \"TimeCreated\": \"2026-10-07T04:54:10.0840329+05:30\", \"User\": {\"AccountDomainSid\": null, \"BinaryLength\": 12, \"Value\": \"S-1-5-0-0-0\"}}",
     "fields": {
      "RuleName": "-",
      "UtcTime": "2026-10-06 23:24:04.692",
      "Image": "C:\\Program Files\\NVIDIA Corporation\\NVIDIA App\\CEF\\NVIDIA Overlay.exe",
      "User": "WORKSTATION\\analyst's",
      "Protocol": "udp",
      "Initiated": "true",
      "SourceIsIpv6": "false",
      "SourceIp": "198.51.100.228",
      "SourceHostname": "WORKSTATION.Dlink",
      "SourcePort": "52631",
      "SourcePortName": "-",
      "DestinationIsIpv6": "false",
      "DestinationIp": "198.51.100.221",
      "DestinationHostname": "-",
      "DestinationPort": "1900",
      "DestinationPortName": "ssdp"
     },
     "captured_channel": "Microsoft-Windows-Sysmon/Operational"
    }
   ]
  },
  {
   "label": "T1016",
   "technique": "Network configuration discovery (System Network Configuration Discovery on Windows)",
   "started": 1791329056.3638844,
   "ended": 1791329061.6608903,
   "events": [
    {
     "timestamp": "2026-10-07T04:54:18.0626972+05:30",
     "channel": "Microsoft-Windows-PowerShell/Operational",
     "provider": "Microsoft-Windows-PowerShell",
     "event_id": "40962",
     "level": "Information",
     "severity": "Low",
     "username": "{'BinaryLength': 28, 'AccountDomainSid': {'BinaryLength': 24, 'AccountDomainSid': {'BinaryLength': 24, 'AccountDomainSid': 'S-1-5-0-0-0-1001', 'Value': 'S-1-5-0-0-0-1001'}, 'Value': 'S-1-5-0-0-0-1001'}, 'Value': 'S-1-5-0-0-0-1001'}",
     "host": "localhost",
     "source_ip": "local",
     "message": "PowerShell console is ready for user input",
     "record_id": 422587,
     "source": "windows-event-log",
     "is_alert": false,
     "rule_name": "",
     "external_id": "Microsoft-Windows-PowerShell/Operational:422587",
     "raw_log": "{\"Channel\": \"Microsoft-Windows-PowerShell/Operational\", \"EventData\": {}, \"Id\": 40962, \"Level\": \"Information\", \"Message\": \"PowerShell console is ready for user input\", \"Provider\": \"Microsoft-Windows-PowerShell\", \"RecordId\": 422587, \"TimeCreated\": \"2026-10-07T04:54:18.0626972+05:30\", \"User\": {\"AccountDomainSid\": {\"AccountDomainSid\": {\"AccountDomainSid\": \"S-1-5-0-0-0-1001\", \"BinaryLength\": 24, \"Value\": \"S-1-5-0-0-0-1001\"}, \"BinaryLength\": 24, \"Value\": \"S-1-5-0-0-0-1001\"}, \"BinaryLength\": 28, \"Value\": \"S-1-5-0-0-0-1001\"}}",
     "fields": {},
     "captured_channel": "Microsoft-Windows-PowerShell/Operational"
    },
    {
     "timestamp": "2026-10-07T04:54:18.1228207+05:30",
     "channel": "Microsoft-Windows-PowerShell/Operational",
     "provider": "Microsoft-Windows-PowerShell",
     "event_id": "4104",
     "level": "Verbose",
     "severity": "Low",
     "username": "{'BinaryLength': 28, 'AccountDomainSid': {'BinaryLength': 24, 'AccountDomainSid': {'BinaryLength': 24, 'AccountDomainSid': 'S-1-5-0-0-0-1001', 'Value': 'S-1-5-0-0-0-1001'}, 'Value': 'S-1-5-0-0-0-1001'}, 'Value': 'S-1-5-0-0-0-1001'}",
     "host": "localhost",
     "source_ip": "local",
     "message": "Creating Scriptblock text (1 of 1):\r\n$e = Get-WinEvent -LogName 'Microsoft-Windows-Windows Defender/Operational' -MaxEvents 1 -ErrorAction SilentlyContinue;if ($e) { $e.RecordId } else { 0 }\r\n\r\nScriptBlock ID: 00000000-0000-0000-0000-000000000000\r\nPath:",
     "record_id": 422588,
     "source": "windows-event-log",
     "is_alert": false,
     "rule_name": "",
     "external_id": "Microsoft-Windows-PowerShell/Operational:422588",
     "raw_log": "{\"Channel\": \"Microsoft-Windows-PowerShell/Operational\", \"EventData\": {\"MessageNumber\": \"1\", \"MessageTotal\": \"1\", \"Path\": \"\", \"ScriptBlockId\": \"00000000-0000-0000-0000-000000000000\", \"ScriptBlockText\": \"$e = Get-WinEvent -LogName 'Microsoft-Windows-Windows Defender/Operational' -MaxEvents 1 -ErrorAction SilentlyContinue;if ($e) { $e.RecordId } else { 0 }\"}, \"Id\": 4104, \"Level\": \"Verbose\", \"Message\": \"Creating Scriptblock text (1 of 1):\\r\\n$e = Get-WinEvent -LogName 'Microsoft-Windows-Windows Defender/Operational' -MaxEvents 1 -ErrorAction SilentlyContinue;if ($e) { $e.RecordId } else { 0 }\\r\\n\\r\\nScriptBlock ID: 00000000-0000-0000-0000-000000000000\\r\\nPath: \", \"Provider\": \"Microsoft-Windows-PowerShell\", \"RecordId\": 422588, \"TimeCreated\": \"2026-10-07T04:54:18.1228207+05:30\", \"User\": {\"AccountDomainSid\": {\"AccountDomainSid\": {\"AccountDomainSid\": \"S-1-5-0-0-0-1001\", \"BinaryLength\": 24, \"Value\": \"S-1-5-0-0-0-1001\"}, \"BinaryLength\": 24, \"Value\": \"S-1-5-0-0-0-1001\"}, \"BinaryLength\": 28, \"Value\": \"S-1-5-0-0-0-1001\"}}",
     "fields": {
      "MessageNumber": "1",
      "MessageTotal": "1",
      "ScriptBlockText": "$e = Get-WinEvent -LogName 'Microsoft-Windows-Windows Defender/Operational' -MaxEvents 1 -ErrorAction SilentlyContinue;if ($e) { $e.RecordId } else { 0 }",
      "ScriptBlockId": "00000000-0000-0000-0000-000000000000",
      "Path": ""
     },
     "captured_channel": "Microsoft-Windows-PowerShell/Operational"
    },
