     "source": "windows-event-log",
     "is_alert": false,
     "rule_name": "",
     "external_id": "Microsoft-Windows-Sysmon/Operational:456259",
     "raw_log": "{\"Channel\": \"Microsoft-Windows-Sysmon/Operational\", \"EventData\": {\"CallTrace\": \"C:\\\\windows\\\\SYSTEM32\\\\ntdll.dll+161284|C:\\\\windows\\\\System32\\\\KERNELBASE.dll+c0b1b|c:\\\\windows\\\\system32\\\\lsm.dll+25ef9|C:\\\\windows\\\\System32\\\\RPCRT4.dll+d3573|C:\\\\windows\\\\System32\\\\RPCRT4.dll+d570e|C:\\\\windows\\\\System32\\\\RPCRT4.dll+8a1ec|C:\\\\windows\\\\System32\\\\RPCRT4.dll+87b27|C:\\\\windows\\\\System32\\\\RPCRT4.dll+50f44|C:\\\\windows\\\\System32\\\\RPCRT4.dll+51f58|C:\\\\windows\\\\System32\\\\RPCRT4.dll+3f0e4|C:\\\\windows\\\\System32\\\\RPCRT4.dll+4f4ac|C:\\\\windows\\\\System32\\\\RPCRT4.dll+554ac|C:\\\\windows\\\\System32\\\\RPCRT4.dll+54633|C:\\\\windows\\\\System32\\\\RPCRT4.dll+535d8|C:\\\\windows\\\\SYSTEM32\\\\ntdll.dll+19eee|C:\\\\windows\\\\SYSTEM32\\\\ntdll.dll+1a843|C:\\\\windows\\\\System32\\\\KERNEL32.DLL+2cd87|C:\\\\windows\\\\SYSTEM32\\\\ntdll.dll+acaec\", \"GrantedAccess\": \"0x1000\", \"RuleName\": \"-\", \"SourceImage\": \"C:\\\\windows\\\\system32\\\\svchost.exe\", \"SourceProcessGUID\": \"{00000000-0000-0000-0000-000000000000}\", \"SourceProcessId\": \"1972\", \"SourceThreadId\": \"20900\", \"SourceUser\": \"NT AUTHORITY\\\\SYSTEM\", \"TargetImage\": \"C:\\\\windows\\\\system32\\\\lsass.exe\", \"TargetProcessGUID\": \"{00000000-0000-0000-0000-000000000000}\", \"TargetProcessId\": \"1700\", \"TargetUser\": \"NT AUTHORITY\\\\SYSTEM\", \"UtcTime\": \"2026-10-07 01:37:08.424\"}, \"Id\": 10, \"Level\": \"Information\", \"Message\": \"Process accessed:\\r\\nRuleName: -\\r\\nUtcTime: 2026-10-07 01:37:08.424\\r\\nSourceProcessGUID: {00000000-0000-0000-0000-000000000000}\\r\\nSourceProcessId: 1972\\r\\nSourceThreadId: 20900\\r\\nSourceImage: C:\\\\windows\\\\system32\\\\svchost.exe\\r\\nTargetProcessGUID: {00000000-0000-0000-0000-000000000000}\\r\\nTargetProcessId: 1700\\r\\nTargetImage: C:\\\\windows\\\\system32\\\\lsass.exe\\r\\nGrantedAccess: 0x1000\\r\\nCallTrace: C:\\\\windows\\\\SYSTEM32\\\\ntdll.dll+161284|C:\\\\windows\\\\System32\\\\KERNELBASE.dll+c0b1b|c:\\\\windows\\\\system32\\\\lsm.dll+25ef9|C:\\\\windows\\\\System32\\\\RPCRT4.dll+d3573|C:\\\\windows\\\\System32\\\\RPCRT4.dll+d570e|C:\\\\windows\\\\System32\\\\RPCRT4.dll+8a1ec|C:\\\\windows\\\\System32\\\\RPCRT4.dll+87b27|C:\\\\windows\\\\System32\\\\RPCRT4.dll+50f44|C:\\\\windows\\\\System32\\\\RPCRT4.dll+51f58|C:\\\\windows\\\\System32\\\\RPCRT4.dll+3f0e4|C:\\\\windows\\\\System32\\\\RPCRT4.dll+4f4ac|C:\\\\windows\\\\System32\\\\RPCRT4.dll+554ac|C:\\\\windows\\\\System32\\\\RPCRT4.dll+54633|C:\\\\windows\\\\System32\\\\RPCRT4.dll+535d8|C:\\\\windows\\\\SYSTEM32\\\\ntdll.dll+19eee|C:\\\\windows\\\\SYSTEM32\\\\ntdll.dll+1a843|C:\\\\windows\\\\System32\\\\KERNEL32.DLL+2cd87|C:\\\\windows\\\\SYSTEM32\\\\ntdll.dll+acaec\\r\\nSourceUser: NT AUTHORITY\\\\SYSTEM\\r\\nTargetUser: NT AUTHORITY\\\\SYSTEM\", \"Provider\": \"Microsoft-Windows-Sysmon\", \"RecordId\": 456259, \"TimeCreated\": \"2026-10-07T07:07:08.4258674+05:30\", \"User\": {\"AccountDomainSid\": null, \"BinaryLength\": 12, \"Value\": \"S-1-5-0-0-0\"}}",
     "fields": {
      "RuleName": "-",
      "UtcTime": "2026-10-07 01:37:08.424",
      "SourceProcessGUID": "{00000000-0000-0000-0000-000000000000}",
      "SourceProcessId": "1972",
      "SourceThreadId": "20900",
      "SourceImage": "C:\\windows\\system32\\svchost.exe",
      "TargetProcessGUID": "{00000000-0000-0000-0000-000000000000}",
      "TargetProcessId": "1700",
      "TargetImage": "C:\\windows\\system32\\lsass.exe",
      "GrantedAccess": "0x1000",
      "CallTrace": "C:\\windows\\SYSTEM32\\ntdll.dll+161284|C:\\windows\\System32\\KERNELBASE.dll+c0b1b|c:\\windows\\system32\\lsm.dll+25ef9|C:\\windows\\System32\\RPCRT4.dll+d3573|C:\\windows\\System32\\RPCRT4.dll+d570e|C:\\windows\\System32\\RPCRT4.dll+8a1ec|C:\\windows\\System32\\RPCRT4.dll+87b27|C:\\windows\\System32\\RPCRT4.dll+50f44|C:\\windows\\System32\\RPCRT4.dll+51f58|C:\\windows\\System32\\RPCRT4.dll+3f0e4|C:\\windows\\System32\\RPCRT4.dll+4f4ac|C:\\windows\\System32\\RPCRT4.dll+554ac|C:\\windows\\System32\\RPCRT4.dll+54633|C:\\windows\\System32\\RPCRT4.dll+535d8|C:\\windows\\SYSTEM32\\ntdll.dll+19eee|C:\\windows\\SYSTEM32\\ntdll.dll+1a843|C:\\windows\\System32\\KERNEL32.DLL+2cd87|C:\\windows\\SYSTEM32\\ntdll.dll+acaec",
      "SourceUser": "NT AUTHORITY\\SYSTEM",
      "TargetUser": "NT AUTHORITY\\SYSTEM"
     },
     "captured_channel": "Microsoft-Windows-Sysmon/Operational"
    },
    {
     "timestamp": "2026-10-07T07:07:08.4259011+05:30",
     "channel": "Microsoft-Windows-Sysmon/Operational",
     "provider": "Microsoft-Windows-Sysmon",
     "event_id": "10",
     "level": "Information",
     "severity": "Low",
     "username": "{'BinaryLength': 12, 'AccountDomainSid': None, 'Value': 'S-1-5-0-0-0'}",
     "host": "localhost",
     "source_ip": "local",
     "message": "Process accessed:\r\nRuleName: -\r\nUtcTime: 2026-10-07 01:37:08.424\r\nSourceProcessGUID: {00000000-0000-0000-0000-000000000000}\r\nSourceProcessId: 1972\r\nSourceThreadId: 20900\r\nSourceImage: C:\\windows\\system32\\svchost.exe\r\nTargetProcessGUID: {00000000-0000-0000-0000-000000000000}\r\nTargetProcessId: 1700\r\nT",
     "record_id": 456260,
     "source": "windows-event-log",
     "is_alert": false,
     "rule_name": "",
     "external_id": "Microsoft-Windows-Sysmon/Operational:456260",
     "raw_log": "{\"Channel\": \"Microsoft-Windows-Sysmon/Operational\", \"EventData\": {\"CallTrace\": \"C:\\\\windows\\\\SYSTEM32\\\\ntdll.dll+161284|C:\\\\windows\\\\System32\\\\KERNELBASE.dll+c0b1b|c:\\\\windows\\\\system32\\\\lsm.dll+8c18|c:\\\\windows\\\\system32\\\\lsm.dll+26542|c:\\\\windows\\\\system32\\\\lsm.dll+2601d|C:\\\\windows\\\\System32\\\\RPCRT4.dll+d3573|C:\\\\windows\\\\System32\\\\RPCRT4.dll+d570e|C:\\\\windows\\\\System32\\\\RPCRT4.dll+8a1ec|C:\\\\windows\\\\System32\\\\RPCRT4.dll+87b27|C:\\\\windows\\\\System32\\\\RPCRT4.dll+50f44|C:\\\\windows\\\\System32\\\\RPCRT4.dll+51f58|C:\\\\windows\\\\System32\\\\RPCRT4.dll+3f0e4|C:\\\\windows\\\\System32\\\\RPCRT4.dll+4f4ac|C:\\\\windows\\\\System32\\\\RPCRT4.dll+554ac|C:\\\\windows\\\\System32\\\\RPCRT4.dll+54633|C:\\\\windows\\\\System32\\\\RPCRT4.dll+535d8|C:\\\\windows\\\\SYSTEM32\\\\ntdll.dll+19eee|C:\\\\windows\\\\SYSTEM32\\\\ntdll.dll+1a843|C:\\\\windows\\\\System32\\\\KERNEL32.DLL+2cd87|C:\\\\windows\\\\SYSTEM32\\\\ntdll.dll+acaec\", \"GrantedAccess\": \"0x1000\", \"RuleName\": \"-\", \"SourceImage\": \"C:\\\\windows\\\\system32\\\\svchost.exe\", \"SourceProcessGUID\": \"{00000000-0000-0000-0000-000000000000}\", \"SourceProcessId\": \"1972\", \"SourceThreadId\": \"20900\", \"SourceUser\": \"NT AUTHORITY\\\\SYSTEM\", \"TargetImage\": \"C:\\\\windows\\\\system32\\\\lsass.exe\", \"TargetProcessGUID\": \"{00000000-0000-0000-0000-000000000000}\", \"TargetProcessId\": \"1700\", \"TargetUser\": \"NT AUTHORITY\\\\SYSTEM\", \"UtcTime\": \"2026-10-07 01:37:08.424\"}, \"Id\": 10, \"Level\": \"Information\", \"Message\": \"Process accessed:\\r\\nRuleName: -\\r\\nUtcTime: 2026-10-07 01:37:08.424\\r\\nSourceProcessGUID: {00000000-0000-0000-0000-000000000000}\\r\\nSourceProcessId: 1972\\r\\nSourceThreadId: 20900\\r\\nSourceImage: C:\\\\windows\\\\system32\\\\svchost.exe\\r\\nTargetProcessGUID: {00000000-0000-0000-0000-000000000000}\\r\\nTargetProcessId: 1700\\r\\nTargetImage: C:\\\\windows\\\\system32\\\\lsass.exe\\r\\nGrantedAccess: 0x1000\\r\\nCallTrace: C:\\\\windows\\\\SYSTEM32\\\\ntdll.dll+161284|C:\\\\windows\\\\System32\\\\KERNELBASE.dll+c0b1b|c:\\\\windows\\\\system32\\\\lsm.dll+8c18|c:\\\\windows\\\\system32\\\\lsm.dll+26542|c:\\\\windows\\\\system32\\\\lsm.dll+2601d|C:\\\\windows\\\\System32\\\\RPCRT4.dll+d3573|C:\\\\windows\\\\System32\\\\RPCRT4.dll+d570e|C:\\\\windows\\\\System32\\\\RPCRT4.dll+8a1ec|C:\\\\windows\\\\System32\\\\RPCRT4.dll+87b27|C:\\\\windows\\\\System32\\\\RPCRT4.dll+50f44|C:\\\\windows\\\\System32\\\\RPCRT4.dll+51f58|C:\\\\windows\\\\System32\\\\RPCRT4.dll+3f0e4|C:\\\\windows\\\\System32\\\\RPCRT4.dll+4f4ac|C:\\\\windows\\\\System32\\\\RPCRT4.dll+554ac|C:\\\\windows\\\\System32\\\\RPCRT4.dll+54633|C:\\\\windows\\\\System32\\\\RPCRT4.dll+535d8|C:\\\\windows\\\\SYSTEM32\\\\ntdll.dll+19eee|C:\\\\windows\\\\SYSTEM32\\\\ntdll.dll+1a843|C:\\\\windows\\\\System32\\\\KERNEL32.DLL+2cd87|C:\\\\windows\\\\SYSTEM32\\\\ntdll.dll+acaec\\r\\nSourceUser: NT AUTHORITY\\\\SYSTEM\\r\\nTargetUser: NT AUTHORITY\\\\SYSTEM\", \"Provider\": \"Microsoft-Windows-Sysmon\", \"RecordId\": 456260, \"TimeCreated\": \"2026-10-07T07:07:08.4259011+05:30\", \"User\": {\"AccountDomainSid\": null, \"BinaryLength\": 12, \"Value\": \"S-1-5-0-0-0\"}}",
     "fields": {
      "RuleName": "-",
      "UtcTime": "2026-10-07 01:37:08.424",
      "SourceProcessGUID": "{00000000-0000-0000-0000-000000000000}",
      "SourceProcessId": "1972",
      "SourceThreadId": "20900",
      "SourceImage": "C:\\windows\\system32\\svchost.exe",
      "TargetProcessGUID": "{00000000-0000-0000-0000-000000000000}",
      "TargetProcessId": "1700",
      "TargetImage": "C:\\windows\\system32\\lsass.exe",
      "GrantedAccess": "0x1000",
      "CallTrace": "C:\\windows\\SYSTEM32\\ntdll.dll+161284|C:\\windows\\System32\\KERNELBASE.dll+c0b1b|c:\\windows\\system32\\lsm.dll+8c18|c:\\windows\\system32\\lsm.dll+26542|c:\\windows\\system32\\lsm.dll+2601d|C:\\windows\\System32\\RPCRT4.dll+d3573|C:\\windows\\System32\\RPCRT4.dll+d570e|C:\\windows\\System32\\RPCRT4.dll+8a1ec|C:\\windows\\System32\\RPCRT4.dll+87b27|C:\\windows\\System32\\RPCRT4.dll+50f44|C:\\windows\\System32\\RPCRT4.dll+51f58|C:\\windows\\System32\\RPCRT4.dll+3f0e4|C:\\windows\\System32\\RPCRT4.dll+4f4ac|C:\\windows\\System32\\RPCRT4.dll+554ac|C:\\windows\\System32\\RPCRT4.dll+54633|C:\\windows\\System32\\RPCRT4.dll+535d8|C:\\windows\\SYSTEM32\\ntdll.dll+19eee|C:\\windows\\SYSTEM32\\ntdll.dll+1a843|C:\\windows\\System32\\KERNEL32.DLL+2cd87|C:\\windows\\SYSTEM32\\ntdll.dll+acaec",
      "SourceUser": "NT AUTHORITY\\SYSTEM",
      "TargetUser": "NT AUTHORITY\\SYSTEM"
     },
     "captured_channel": "Microsoft-Windows-Sysmon/Operational"
    }
   ]
  },
  {
   "label": "T1082",
   "technique": "Environment variables discovery",
   "started": 1791337029.9652553,
   "ended": 1791337031.5384035,
   "events": [
    {
     "timestamp": "2026-10-07T07:07:09.9015116+05:30",
     "channel": "Microsoft-Windows-Sysmon/Operational",
     "provider": "Microsoft-Windows-Sysmon",
     "event_id": "1",
     "level": "Information",
     "severity": "Low",
     "username": "NT AUTHORITY\\SYSTEM",
     "host": "localhost",
     "source_ip": "local",
     "message": "Process Create:\r\nRuleName: -\r\nUtcTime: 2026-10-07 01:37:09.898\r\nProcessGuid: {00000000-0000-0000-0000-000000000000}\r\nProcessId: 87580\r\nImage: C:\\ProgramData\\Microsoft\\Windows Defender\\Platform\\4.18.26080.4-0\\MpCmdRun.exe\r\nFileVersion: 4.18.26080.4 (ccacee407da609d5c2c557d13db39624e32a0227)\r\nDescript",
     "record_id": 456261,
     "source": "windows-event-log",
     "is_alert": false,
     "rule_name": "",
     "external_id": "Microsoft-Windows-Sysmon/Operational:456261",
     "raw_log": "{\"Channel\": \"Microsoft-Windows-Sysmon/Operational\", \"EventData\": {\"CommandLine\": \"\\\"C:\\\\ProgramData\\\\Microsoft\\\\Windows Defender\\\\Platform\\\\4.18.26080.4-0\\\\MpCmdRun.exe\\\" -IdleTask -TaskName WdCacheMaintenance\", \"Company\": \"Microsoft Corporation\", \"CurrentDirectory\": \"C:\\\\windows\\\\system32\\\\\", \"Description\": \"Microsoft Malware Protection Command Line Utility\", \"FileVersion\": \"4.18.26080.4 (ccacee407da609d5c2c557d13db39624e32a0227)\", \"Hashes\": \"SHA256=540BB6E0B6596CDC636CFB83ACA6C462282A5770D6B3044CC49EF06414F1D5FB\", \"Image\": \"C:\\\\ProgramData\\\\Microsoft\\\\Windows Defender\\\\Platform\\\\4.18.26080.4-0\\\\MpCmdRun.exe\", \"IntegrityLevel\": \"System\", \"LogonGuid\": \"{00000000-0000-0000-0000-000000000000}\", \"LogonId\": \"0x3e7\", \"OriginalFileName\": \"MpCmdRun.exe\", \"ParentCommandLine\": \"C:\\\\windows\\\\system32\\\\svchost.exe -k netsvcs -p -s Schedule\", \"ParentImage\": \"C:\\\\Windows\\\\System32\\\\svchost.exe\", \"ParentProcessGuid\": \"{00000000-0000-0000-0000-000000000000}\", \"ParentProcessId\": \"3036\", \"ParentUser\": \"NT AUTHORITY\\\\SYSTEM\", \"ProcessGuid\": \"{00000000-0000-0000-0000-000000000000}\", \"ProcessId\": \"87580\", \"Product\": \"Microsoftr Windowsr Operating System\", \"RuleName\": \"-\", \"TerminalSessionId\": \"0\", \"User\": \"NT AUTHORITY\\\\SYSTEM\", \"UtcTime\": \"2026-10-07 01:37:09.898\"}, \"Id\": 1, \"Level\": \"Information\", \"Message\": \"Process Create:\\r\\nRuleName: -\\r\\nUtcTime: 2026-10-07 01:37:09.898\\r\\nProcessGuid: {00000000-0000-0000-0000-000000000000}\\r\\nProcessId: 87580\\r\\nImage: C:\\\\ProgramData\\\\Microsoft\\\\Windows Defender\\\\Platform\\\\4.18.26080.4-0\\\\MpCmdRun.exe\\r\\nFileVersion: 4.18.26080.4 (ccacee407da609d5c2c557d13db39624e32a0227)\\r\\nDescription: Microsoft Malware Protection Command Line Utility\\r\\nProduct: Microsoftr Windowsr Operating System\\r\\nCompany: Microsoft Corporation\\r\\nOriginalFileName: MpCmdRun.exe\\r\\nCommandLine: \\\"C:\\\\ProgramData\\\\Microsoft\\\\Windows Defender\\\\Platform\\\\4.18.26080.4-0\\\\MpCmdRun.exe\\\" -IdleTask -TaskName WdCacheMaintenance\\r\\nCurrentDirectory: C:\\\\windows\\\\system32\\\\\\r\\nUser: NT AUTHORITY\\\\SYSTEM\\r\\nLogonGuid: {00000000-0000-0000-0000-000000000000}\\r\\nLogonId: 0x3E7\\r\\nTerminalSessionId: 0\\r\\nIntegrityLevel: System\\r\\nHashes: SHA256=540BB6E0B6596CDC636CFB83ACA6C462282A5770D6B3044CC49EF06414F1D5FB\\r\\nParentProcessGuid: {00000000-0000-0000-0000-000000000000}\\r\\nParentProcessId: 3036\\r\\nParentImage: C:\\\\Windows\\\\System32\\\\svchost.exe\\r\\nParentCommandLine: C:\\\\windows\\\\system32\\\\svchost.exe -k netsvcs -p -s Schedule\\r\\nParentUser: NT AUTHORITY\\\\SYSTEM\", \"Provider\": \"Microsoft-Windows-Sysmon\", \"RecordId\": 456261, \"TimeCreated\": \"2026-10-07T07:07:09.9015116+05:30\", \"User\": {\"AccountDomainSid\": null, \"BinaryLength\": 12, \"Value\": \"S-1-5-0-0-0\"}}",
     "fields": {
      "RuleName": "-",
      "UtcTime": "2026-10-07 01:37:09.898",
      "Image": "C:\\ProgramData\\Microsoft\\Windows Defender\\Platform\\4.18.26080.4-0\\MpCmdRun.exe",
      "FileVersion": "4.18.26080.4 (ccacee407da609d5c2c557d13db39624e32a0227)",
      "Description": "Microsoft Malware Protection Command Line Utility",
      "Product": "Microsoftr Windowsr Operating System",
      "Company": "Microsoft Corporation",
      "OriginalFileName": "MpCmdRun.exe",
      "CommandLine": "\"C:\\ProgramData\\Microsoft\\Windows Defender\\Platform\\4.18.26080.4-0\\MpCmdRun.exe\" -IdleTask -TaskName WdCacheMaintenance",
      "CurrentDirectory": "C:\\windows\\system32\\",
      "User": "NT AUTHORITY\\SYSTEM",
      "LogonId": "0x3e7",
      "TerminalSessionId": "0",
      "IntegrityLevel": "System",
      "ParentImage": "C:\\Windows\\System32\\svchost.exe",
      "ParentCommandLine": "C:\\windows\\system32\\svchost.exe -k netsvcs -p -s Schedule",
      "ParentUser": "NT AUTHORITY\\SYSTEM"
     },
     "captured_channel": "Microsoft-Windows-Sysmon/Operational"
    },
    {
     "timestamp": "2026-10-07T07:07:09.9280911+05:30",
     "channel": "Microsoft-Windows-Sysmon/Operational",
     "provider": "Microsoft-Windows-Sysmon",
     "event_id": "1",
     "level": "Information",
     "severity": "Low",
     "username": "NT AUTHORITY\\SYSTEM",
     "host": "localhost",
     "source_ip": "local",
     "message": "Process Create:\r\nRuleName: -\r\nUtcTime: 2026-10-07 01:37:09.923\r\nProcessGuid: {00000000-0000-0000-0000-000000000000}\r\nProcessId: 60884\r\nImage: C:\\Windows\\System32\\conhost.exe\r\nFileVersion: 10.0.26100.9444 (WinBuild.160101.0800)\r\nDescription: Console Window Host\r\nProduct: Microsoftr Windowsr Operating",
     "record_id": 456262,
     "source": "windows-event-log",
     "is_alert": false,
     "rule_name": "",
     "external_id": "Microsoft-Windows-Sysmon/Operational:456262",
     "raw_log": "{\"Channel\": \"Microsoft-Windows-Sysmon/Operational\", \"EventData\": {\"CommandLine\": \"\\\\??\\\\C:\\\\windows\\\\system32\\\\conhost.exe 0x0 -ForceV1\", \"Company\": \"Microsoft Corporation\", \"CurrentDirectory\": \"C:\\\\windows\", \"Description\": \"Console Window Host\", \"FileVersion\": \"10.0.26100.9444 (WinBuild.160101.0800)\", \"Hashes\": \"SHA256=E449BCE01F275CD08F3D4E64BB73B3B43AE845A0DBDB3E6131426E66537705E5\", \"Image\": \"C:\\\\Windows\\\\System32\\\\conhost.exe\", \"IntegrityLevel\": \"System\", \"LogonGuid\": \"{00000000-0000-0000-0000-000000000000}\", \"LogonId\": \"0x3e7\", \"OriginalFileName\": \"CONHOST.EXE\", \"ParentCommandLine\": \"\\\"C:\\\\ProgramData\\\\Microsoft\\\\Windows Defender\\\\Platform\\\\4.18.26080.4-0\\\\MpCmdRun.exe\\\" -IdleTask -TaskName WdCacheMaintenance\", \"ParentImage\": \"C:\\\\ProgramData\\\\Microsoft\\\\Windows Defender\\\\Platform\\\\4.18.26080.4-0\\\\MpCmdRun.exe\", \"ParentProcessGuid\": \"{00000000-0000-0000-0000-000000000000}\", \"ParentProcessId\": \"87580\", \"ParentUser\": \"NT AUTHORITY\\\\SYSTEM\", \"ProcessGuid\": \"{00000000-0000-0000-0000-000000000000}\", \"ProcessId\": \"60884\", \"Product\": \"Microsoftr Windowsr Operating System\", \"RuleName\": \"-\", \"TerminalSessionId\": \"0\", \"User\": \"NT AUTHORITY\\\\SYSTEM\", \"UtcTime\": \"2026-10-07 01:37:09.923\"}, \"Id\": 1, \"Level\": \"Information\", \"Message\": \"Process Create:\\r\\nRuleName: -\\r\\nUtcTime: 2026-10-07 01:37:09.923\\r\\nProcessGuid: {00000000-0000-0000-0000-000000000000}\\r\\nProcessId: 60884\\r\\nImage: C:\\\\Windows\\\\System32\\\\conhost.exe\\r\\nFileVersion: 10.0.26100.9444 (WinBuild.160101.0800)\\r\\nDescription: Console Window Host\\r\\nProduct: Microsoftr Windowsr Operating System\\r\\nCompany: Microsoft Corporation\\r\\nOriginalFileName: CONHOST.EXE\\r\\nCommandLine: \\\\??\\\\C:\\\\windows\\\\system32\\\\conhost.exe 0x0 -ForceV1\\r\\nCurrentDirectory: C:\\\\windows\\r\\nUser: NT AUTHORITY\\\\SYSTEM\\r\\nLogonGuid: {00000000-0000-0000-0000-000000000000}\\r\\nLogonId: 0x3E7\\r\\nTerminalSessionId: 0\\r\\nIntegrityLevel: System\\r\\nHashes: SHA256=E449BCE01F275CD08F3D4E64BB73B3B43AE845A0DBDB3E6131426E66537705E5\\r\\nParentProcessGuid: {00000000-0000-0000-0000-000000000000}\\r\\nParentProcessId: 87580\\r\\nParentImage: C:\\\\ProgramData\\\\Microsoft\\\\Windows Defender\\\\Platform\\\\4.18.26080.4-0\\\\MpCmdRun.exe\\r\\nParentCommandLine: \\\"C:\\\\ProgramData\\\\Microsoft\\\\Windows Defender\\\\Platform\\\\4.18.26080.4-0\\\\MpCmdRun.exe\\\" -IdleTask -TaskName WdCacheMaintenance\\r\\nParentUser: NT AUTHORITY\\\\SYSTEM\", \"Provider\": \"Microsoft-Windows-Sysmon\", \"RecordId\": 456262, \"TimeCreated\": \"2026-10-07T07:07:09.9280911+05:30\", \"User\": {\"AccountDomainSid\": null, \"BinaryLength\": 12, \"Value\": \"S-1-5-0-0-0\"}}",
     "fields": {
      "RuleName": "-",
      "UtcTime": "2026-10-07 01:37:09.923",
      "Image": "C:\\Windows\\System32\\conhost.exe",
      "FileVersion": "10.0.26100.9444 (WinBuild.160101.0800)",
      "Description": "Console Window Host",
      "Product": "Microsoftr Windowsr Operating System",
      "Company": "Microsoft Corporation",
      "OriginalFileName": "CONHOST.EXE",
      "CommandLine": "\\??\\C:\\windows\\system32\\conhost.exe 0x0 -ForceV1",
      "CurrentDirectory": "C:\\windows",
      "User": "NT AUTHORITY\\SYSTEM",
      "LogonId": "0x3e7",
      "TerminalSessionId": "0",
      "IntegrityLevel": "System",
      "ParentImage": "C:\\ProgramData\\Microsoft\\Windows Defender\\Platform\\4.18.26080.4-0\\MpCmdRun.exe",
      "ParentCommandLine": "\"C:\\ProgramData\\Microsoft\\Windows Defender\\Platform\\4.18.26080.4-0\\MpCmdRun.exe\" -IdleTask -TaskName WdCacheMaintenance",
      "ParentUser": "NT AUTHORITY\\SYSTEM"
     },
     "captured_channel": "Microsoft-Windows-Sysmon/Operational"
    },
    {
     "timestamp": "2026-10-07T07:07:10.0260533+05:30",
     "channel": "Microsoft-Windows-Sysmon/Operational",
     "provider": "Microsoft-Windows-Sysmon",
     "event_id": "1",
     "level": "Information",
     "severity": "Medium",
     "username": "WORKSTATION\\analyst's",
     "host": "localhost",
     "source_ip": "local",
     "message": "Process Create:\r\nRuleName: -\r\nUtcTime: 2026-10-07 01:37:10.017\r\nProcessGuid: {00000000-0000-0000-0000-000000000000}\r\nProcessId: 121512\r\nImage: C:\\Windows\\System32\\cmd.exe\r\nFileVersion: 10.0.26100.9278 (WinBuild.160101.0800)\r\nDescription: Windows Command Processor\r\nProduct: Microsoftr Windowsr Operat",
     "record_id": 456263,
     "source": "windows-event-log",
     "is_alert": true,
     "rule_name": "System information discovery",
     "external_id": "Microsoft-Windows-Sysmon/Operational:456263",
     "raw_log": "{\"Channel\": \"Microsoft-Windows-Sysmon/Operational\", \"EventData\": {\"CommandLine\": \"C:\\\\windows\\\\System32\\\\cmd.exe /C set\", \"Company\": \"Microsoft Corporation\", \"CurrentDirectory\": \"C:\\\\windows\\\\\", \"Description\": \"Windows Command Processor\", \"FileVersion\": \"10.0.26100.9278 (WinBuild.160101.0800)\", \"Hashes\": \"SHA256=97AC98B1A92C286054CCE55239CFCCDFC23A5517BD07FE693072C9CA96C7DABB\", \"Image\": \"C:\\\\Windows\\\\System32\\\\cmd.exe\", \"IntegrityLevel\": \"Medium\", \"LogonGuid\": \"{00000000-0000-0000-0000-000000000000}\", \"LogonId\": \"0x0\", \"OriginalFileName\": \"Cmd.Exe\", \"ParentCommandLine\": \"C:\\\\Users\\\\analyst's\\\\Documents\\\\repo\\\\.venv\\\\Scripts\\\\python.exe C:\\\\ProgramData\\\\lab\\\\run_driver.py\", \"ParentImage\": \"C:\\\\Users\\\\analyst's\\\\AppData\\\\Local\\\\local\\\\tools\\\\python-3.14.7+20260901-win32-x64\\\\python.exe\", \"ParentProcessGuid\": \"{00000000-0000-0000-0000-000000000000}\", \"ParentProcessId\": \"59888\", \"ParentUser\": \"WORKSTATION\\\\analyst's\", \"ProcessGuid\": \"{00000000-0000-0000-0000-000000000000}\", \"ProcessId\": \"121512\", \"Product\": \"Microsoftr Windowsr Operating System\", \"RuleName\": \"-\", \"TerminalSessionId\": \"1\", \"User\": \"WORKSTATION\\\\analyst's\", \"UtcTime\": \"2026-10-07 01:37:10.017\"}, \"Id\": 1, \"Level\": \"Information\", \"Message\": \"Process Create:\\r\\nRuleName: -\\r\\nUtcTime: 2026-10-07 01:37:10.017\\r\\nProcessGuid: {00000000-0000-0000-0000-000000000000}\\r\\nProcessId: 121512\\r\\nImage: C:\\\\Windows\\\\System32\\\\cmd.exe\\r\\nFileVersion: 10.0.26100.9278 (WinBuild.160101.0800)\\r\\nDescription: Windows Command Processor\\r\\nProduct: Microsoftr Windowsr Operating System\\r\\nCompany: Microsoft Corporation\\r\\nOriginalFileName: Cmd.Exe\\r\\nCommandLine: C:\\\\windows\\\\System32\\\\cmd.exe /C set\\r\\nCurrentDirectory: C:\\\\windows\\\\\\r\\nUser: WORKSTATION\\\\analyst's\\r\\nLogonGuid: {00000000-0000-0000-0000-000000000000}\\r\\nLogonId: 0x0\\r\\nTerminalSessionId: 1\\r\\nIntegrityLevel: Medium\\r\\nHashes: SHA256=97AC98B1A92C286054CCE55239CFCCDFC23A5517BD07FE693072C9CA96C7DABB\\r\\nParentProcessGuid: {00000000-0000-0000-0000-000000000000}\\r\\nParentProcessId: 59888\\r\\nParentImage: C:\\\\Users\\\\analyst's\\\\AppData\\\\Local\\\\local\\\\tools\\\\python-3.14.7+20260901-win32-x64\\\\python.exe\\r\\nParentCommandLine: C:\\\\Users\\\\analyst's\\\\Documents\\\\repo\\\\.venv\\\\Scripts\\\\python.exe C:\\\\ProgramData\\\\lab\\\\run_driver.py\\r\\nParentUser: WORKSTATION\\\\analyst's\", \"Provider\": \"Microsoft-Windows-Sysmon\", \"RecordId\": 456263, \"TimeCreated\": \"2026-10-07T07:07:10.0260533+05:30\", \"User\": {\"AccountDomainSid\": null, \"BinaryLength\": 12, \"Value\": \"S-1-5-0-0-0\"}}",
     "fields": {
      "RuleName": "-",
      "UtcTime": "2026-10-07 01:37:10.017",
      "Image": "C:\\Windows\\System32\\cmd.exe",
      "FileVersion": "10.0.26100.9278 (WinBuild.160101.0800)",
      "Description": "Windows Command Processor",
      "Product": "Microsoftr Windowsr Operating System",
      "Company": "Microsoft Corporation",
      "OriginalFileName": "Cmd.Exe",
      "CommandLine": "C:\\windows\\System32\\cmd.exe /C set",
      "CurrentDirectory": "C:\\windows\\",
      "User": "WORKSTATION\\analyst's",
      "LogonId": "0x0",
      "TerminalSessionId": "1",
      "IntegrityLevel": "Medium",
      "ParentImage": "C:\\Users\\analyst's\\AppData\\Local\\local\\tools\\python-3.14.7+20260901-win32-x64\\python.exe",
      "ParentCommandLine": "C:\\Users\\analyst's\\Documents\\repo\\.venv\\Scripts\\python.exe C:\\ProgramData\\lab\\run_driver.py",
      "ParentUser": "WORKSTATION\\analyst's"
     },
     "captured_channel": "Microsoft-Windows-Sysmon/Operational"
    }
   ]
  },
  {
   "label": "T1082",
   "technique": "Machine GUID discovery",
   "started": 1791337031.5384846,
   "ended": 1791337033.129,
   "events": [
    {
     "timestamp": "2026-10-07T07:07:11.5912632+05:30",
     "channel": "Microsoft-Windows-Sysmon/Operational",
     "provider": "Microsoft-Windows-Sysmon",
     "event_id": "1",
     "level": "Information",
     "severity": "Medium",
     "username": "WORKSTATION\\analyst's",
     "host": "localhost",
     "source_ip": "local",
     "message": "Process Create:\r\nRuleName: -\r\nUtcTime: 2026-10-07 01:37:11.582\r\nProcessGuid: {00000000-0000-0000-0000-000000000000}\r\nProcessId: 62968\r\nImage: C:\\Windows\\System32\\cmd.exe\r\nFileVersion: 10.0.26100.9278 (WinBuild.160101.0800)\r\nDescription: Windows Command Processor\r\nProduct: Microsoftr Windowsr Operati",
     "record_id": 456264,
     "source": "windows-event-log",
     "is_alert": true,
     "rule_name": "System information discovery",
     "external_id": "Microsoft-Windows-Sysmon/Operational:456264",
     "raw_log": "{\"Channel\": \"Microsoft-Windows-Sysmon/Operational\", \"EventData\": {\"CommandLine\": \"C:\\\\windows\\\\System32\\\\cmd.exe /C \\\"REG QUERY HKEY_LOCAL_MACHINE\\\\SOFTWARE\\\\Microsoft\\\\Cryptography /v MachineGuid\\\"\", \"Company\": \"Microsoft Corporation\", \"CurrentDirectory\": \"C:\\\\windows\\\\\", \"Description\": \"Windows Command Processor\", \"FileVersion\": \"10.0.26100.9278 (WinBuild.160101.0800)\", \"Hashes\": \"SHA256=97AC98B1A92C286054CCE55239CFCCDFC23A5517BD07FE693072C9CA96C7DABB\", \"Image\": \"C:\\\\Windows\\\\System32\\\\cmd.exe\", \"IntegrityLevel\": \"Medium\", \"LogonGuid\": \"{00000000-0000-0000-0000-000000000000}\", \"LogonId\": \"0x0\", \"OriginalFileName\": \"Cmd.Exe\", \"ParentCommandLine\": \"C:\\\\Users\\\\analyst's\\\\Documents\\\\repo\\\\.venv\\\\Scripts\\\\python.exe C:\\\\ProgramData\\\\lab\\\\run_driver.py\", \"ParentImage\": \"C:\\\\Users\\\\analyst's\\\\AppData\\\\Local\\\\local\\\\tools\\\\python-3.14.7+20260901-win32-x64\\\\python.exe\", \"ParentProcessGuid\": \"{00000000-0000-0000-0000-000000000000}\", \"ParentProcessId\": \"59888\", \"ParentUser\": \"WORKSTATION\\\\analyst's\", \"ProcessGuid\": \"{00000000-0000-0000-0000-000000000000}\", \"ProcessId\": \"62968\", \"Product\": \"Microsoftr Windowsr Operating System\", \"RuleName\": \"-\", \"TerminalSessionId\": \"1\", \"User\": \"WORKSTATION\\\\analyst's\", \"UtcTime\": \"2026-10-07 01:37:11.582\"}, \"Id\": 1, \"Level\": \"Information\", \"Message\": \"Process Create:\\r\\nRuleName: -\\r\\nUtcTime: 2026-10-07 01:37:11.582\\r\\nProcessGuid: {00000000-0000-0000-0000-000000000000}\\r\\nProcessId: 62968\\r\\nImage: C:\\\\Windows\\\\System32\\\\cmd.exe\\r\\nFileVersion: 10.0.26100.9278 (WinBuild.160101.0800)\\r\\nDescription: Windows Command Processor\\r\\nProduct: Microsoftr Windowsr Operating System\\r\\nCompany: Microsoft Corporation\\r\\nOriginalFileName: Cmd.Exe\\r\\nCommandLine: C:\\\\windows\\\\System32\\\\cmd.exe /C \\\"REG QUERY HKEY_LOCAL_MACHINE\\\\SOFTWARE\\\\Microsoft\\\\Cryptography /v MachineGuid\\\"\\r\\nCurrentDirectory: C:\\\\windows\\\\\\r\\nUser: WORKSTATION\\\\analyst's\\r\\nLogonGuid: {00000000-0000-0000-0000-000000000000}\\r\\nLogonId: 0x0\\r\\nTerminalSessionId: 1\\r\\nIntegrityLevel: Medium\\r\\nHashes: SHA256=97AC98B1A92C286054CCE55239CFCCDFC23A5517BD07FE693072C9CA96C7DABB\\r\\nParentProcessGuid: {00000000-0000-0000-0000-000000000000}\\r\\nParentProcessId: 59888\\r\\nParentImage: C:\\\\Users\\\\analyst's\\\\AppData\\\\Local\\\\local\\\\tools\\\\python-3.14.7+20260901-win32-x64\\\\python.exe\\r\\nParentCommandLine: C:\\\\Users\\\\analyst's\\\\Documents\\\\repo\\\\.venv\\\\Scripts\\\\python.exe C:\\\\ProgramData\\\\lab\\\\run_driver.py\\r\\nParentUser: WORKSTATION\\\\analyst's\", \"Provider\": \"Microsoft-Windows-Sysmon\", \"RecordId\": 456264, \"TimeCreated\": \"2026-10-07T07:07:11.5912632+05:30\", \"User\": {\"AccountDomainSid\": null, \"BinaryLength\": 12, \"Value\": \"S-1-5-0-0-0\"}}",
     "fields": {
      "RuleName": "-",
      "UtcTime": "2026-10-07 01:37:11.582",
      "Image": "C:\\Windows\\System32\\cmd.exe",
      "FileVersion": "10.0.26100.9278 (WinBuild.160101.0800)",
      "Description": "Windows Command Processor",
      "Product": "Microsoftr Windowsr Operating System",
      "Company": "Microsoft Corporation",
      "OriginalFileName": "Cmd.Exe",
      "CommandLine": "C:\\windows\\System32\\cmd.exe /C \"REG QUERY HKEY_LOCAL_MACHINE\\SOFTWARE\\Microsoft\\Cryptography /v MachineGuid\"",
      "CurrentDirectory": "C:\\windows\\",
      "User": "WORKSTATION\\analyst's",
      "LogonId": "0x0",
      "TerminalSessionId": "1",
      "IntegrityLevel": "Medium",
      "ParentImage": "C:\\Users\\analyst's\\AppData\\Local\\local\\tools\\python-3.14.7+20260901-win32-x64\\python.exe",
      "ParentCommandLine": "C:\\Users\\analyst's\\Documents\\repo\\.venv\\Scripts\\python.exe C:\\ProgramData\\lab\\run_driver.py",
      "ParentUser": "WORKSTATION\\analyst's"
     },
     "captured_channel": "Microsoft-Windows-Sysmon/Operational"
    },
    {
     "timestamp": "2026-10-07T07:07:11.6112282+05:30",
     "channel": "Microsoft-Windows-Sysmon/Operational",
     "provider": "Microsoft-Windows-Sysmon",
     "event_id": "1",
     "level": "Information",
     "severity": "Medium",
     "username": "WORKSTATION\\analyst's",
     "host": "localhost",
     "source_ip": "local",
     "message": "Process Create:\r\nRuleName: -\r\nUtcTime: 2026-10-07 01:37:11.603\r\nProcessGuid: {00000000-0000-0000-0000-000000000000}\r\nProcessId: 25620\r\nImage: C:\\Windows\\System32\\reg.exe\r\nFileVersion: 10.0.26100.5074 (WinBuild.160101.0800)\r\nDescription: Registry Console Tool\r\nProduct: Microsoftr Windowsr Operating S",
     "record_id": 456265,
     "source": "windows-event-log",
     "is_alert": true,
     "rule_name": "System information discovery",
     "external_id": "Microsoft-Windows-Sysmon/Operational:456265",
     "raw_log": "{\"Channel\": \"Microsoft-Windows-Sysmon/Operational\", \"EventData\": {\"CommandLine\": \"REG  QUERY HKEY_LOCAL_MACHINE\\\\SOFTWARE\\\\Microsoft\\\\Cryptography /v MachineGuid\", \"Company\": \"Microsoft Corporation\", \"CurrentDirectory\": \"C:\\\\Windows\\\\\", \"Description\": \"Registry Console Tool\", \"FileVersion\": \"10.0.26100.5074 (WinBuild.160101.0800)\", \"Hashes\": \"SHA256=EF37663B44AC66920C6F33694DEEA01ACB78AE3F3012884819373FA04C3EB5F0\", \"Image\": \"C:\\\\Windows\\\\System32\\\\reg.exe\", \"IntegrityLevel\": \"Medium\", \"LogonGuid\": \"{00000000-0000-0000-0000-000000000000}\", \"LogonId\": \"0x0\", \"OriginalFileName\": \"reg.exe\", \"ParentCommandLine\": \"C:\\\\windows\\\\System32\\\\cmd.exe /C \\\"REG QUERY HKEY_LOCAL_MACHINE\\\\SOFTWARE\\\\Microsoft\\\\Cryptography /v MachineGuid\\\"\", \"ParentImage\": \"C:\\\\Windows\\\\System32\\\\cmd.exe\", \"ParentProcessGuid\": \"{00000000-0000-0000-0000-000000000000}\", \"ParentProcessId\": \"62968\", \"ParentUser\": \"WORKSTATION\\\\analyst's\", \"ProcessGuid\": \"{00000000-0000-0000-0000-000000000000}\", \"ProcessId\": \"25620\", \"Product\": \"Microsoftr Windowsr Operating System\", \"RuleName\": \"-\", \"TerminalSessionId\": \"1\", \"User\": \"WORKSTATION\\\\analyst's\", \"UtcTime\": \"2026-10-07 01:37:11.603\"}, \"Id\": 1, \"Level\": \"Information\", \"Message\": \"Process Create:\\r\\nRuleName: -\\r\\nUtcTime: 2026-10-07 01:37:11.603\\r\\nProcessGuid: {00000000-0000-0000-0000-000000000000}\\r\\nProcessId: 25620\\r\\nImage: C:\\\\Windows\\\\System32\\\\reg.exe\\r\\nFileVersion: 10.0.26100.5074 (WinBuild.160101.0800)\\r\\nDescription: Registry Console Tool\\r\\nProduct: Microsoftr Windowsr Operating System\\r\\nCompany: Microsoft Corporation\\r\\nOriginalFileName: reg.exe\\r\\nCommandLine: REG  QUERY HKEY_LOCAL_MACHINE\\\\SOFTWARE\\\\Microsoft\\\\Cryptography /v MachineGuid\\r\\nCurrentDirectory: C:\\\\Windows\\\\\\r\\nUser: WORKSTATION\\\\analyst's\\r\\nLogonGuid: {00000000-0000-0000-0000-000000000000}\\r\\nLogonId: 0x0\\r\\nTerminalSessionId: 1\\r\\nIntegrityLevel: Medium\\r\\nHashes: SHA256=EF37663B44AC66920C6F33694DEEA01ACB78AE3F3012884819373FA04C3EB5F0\\r\\nParentProcessGuid: {00000000-0000-0000-0000-000000000000}\\r\\nParentProcessId: 62968\\r\\nParentImage: C:\\\\Windows\\\\System32\\\\cmd.exe\\r\\nParentCommandLine: C:\\\\windows\\\\System32\\\\cmd.exe /C \\\"REG QUERY HKEY_LOCAL_MACHINE\\\\SOFTWARE\\\\Microsoft\\\\Cryptography /v MachineGuid\\\"\\r\\nParentUser: WORKSTATION\\\\analyst's\", \"Provider\": \"Microsoft-Windows-Sysmon\", \"RecordId\": 456265, \"TimeCreated\": \"2026-10-07T07:07:11.6112282+05:30\", \"User\": {\"AccountDomainSid\": null, \"BinaryLength\": 12, \"Value\": \"S-1-5-0-0-0\"}}",
     "fields": {
      "RuleName": "-",
      "UtcTime": "2026-10-07 01:37:11.603",
      "Image": "C:\\Windows\\System32\\reg.exe",
      "FileVersion": "10.0.26100.5074 (WinBuild.160101.0800)",
      "Description": "Registry Console Tool",
      "Product": "Microsoftr Windowsr Operating System",
      "Company": "Microsoft Corporation",
      "OriginalFileName": "reg.exe",
      "CommandLine": "REG  QUERY HKEY_LOCAL_MACHINE\\SOFTWARE\\Microsoft\\Cryptography /v MachineGuid",
      "CurrentDirectory": "C:\\Windows\\",
      "User": "WORKSTATION\\analyst's",
      "LogonId": "0x0",
      "TerminalSessionId": "1",
      "IntegrityLevel": "Medium",
      "ParentImage": "C:\\Windows\\System32\\cmd.exe",
      "ParentCommandLine": "C:\\windows\\System32\\cmd.exe /C \"REG QUERY HKEY_LOCAL_MACHINE\\SOFTWARE\\Microsoft\\Cryptography /v MachineGuid\"",
      "ParentUser": "WORKSTATION\\analyst's"
     },
     "captured_channel": "Microsoft-Windows-Sysmon/Operational"
    },
    {
     "timestamp": "2026-10-07T07:07:12.5022280+05:30",
     "channel": "Microsoft-Windows-Sysmon/Operational",
     "provider": "Microsoft-Windows-Sysmon",
     "event_id": "3",
     "level": "Information",
     "severity": "Low",
     "username": "WORKSTATION\\analyst's",
     "host": "localhost",
     "source_ip": "198.51.100.228",
     "message": "Network connection detected:\r\nRuleName: -\r\nUtcTime: 2026-10-07 01:37:07.757\r\nProcessGuid: {00000000-0000-0000-0000-000000000000}\r\nProcessId: 51672\r\nImage: C:\\Users\\analyst's\\AppData\\Local\\Discord\\app-1.0.9260\\Discord.exe\r\nUser: WORKSTATION\\analyst's\r\nProtocol: udp\r\nInitiated: true\r\nSourceIsIpv6: fal",
     "record_id": 456266,
     "source": "windows-event-log",
     "is_alert": false,
     "rule_name": "Process opened an outbound connection",
     "external_id": "Microsoft-Windows-Sysmon/Operational:456266",
     "raw_log": "{\"Channel\": \"Microsoft-Windows-Sysmon/Operational\", \"EventData\": {\"DestinationHostname\": \"one.one.one.one\", \"DestinationIp\": \"198.51.100.242\", \"DestinationIsIpv6\": \"false\", \"DestinationPort\": \"53\", \"DestinationPortName\": \"domain\", \"Image\": \"C:\\\\Users\\\\analyst's\\\\AppData\\\\Local\\\\Discord\\\\app-1.0.9260\\\\Discord.exe\", \"Initiated\": \"true\", \"ProcessGuid\": \"{00000000-0000-0000-0000-000000000000}\", \"ProcessId\": \"51672\", \"Protocol\": \"udp\", \"RuleName\": \"-\", \"SourceHostname\": \"WORKSTATION.Dlink\", \"SourceIp\": \"198.51.100.228\", \"SourceIsIpv6\": \"false\", \"SourcePort\": \"61253\", \"SourcePortName\": \"-\", \"User\": \"WORKSTATION\\\\analyst's\", \"UtcTime\": \"2026-10-07 01:37:07.757\"}, \"Id\": 3, \"Level\": \"Information\", \"Message\": \"Network connection detected:\\r\\nRuleName: -\\r\\nUtcTime: 2026-10-07 01:37:07.757\\r\\nProcessGuid: {00000000-0000-0000-0000-000000000000}\\r\\nProcessId: 51672\\r\\nImage: C:\\\\Users\\\\analyst's\\\\AppData\\\\Local\\\\Discord\\\\app-1.0.9260\\\\Discord.exe\\r\\nUser: WORKSTATION\\\\analyst's\\r\\nProtocol: udp\\r\\nInitiated: true\\r\\nSourceIsIpv6: false\\r\\nSourceIp: 198.51.100.228\\r\\nSourceHostname: WORKSTATION.Dlink\\r\\nSourcePort: 61253\\r\\nSourcePortName: -\\r\\nDestinationIsIpv6: false\\r\\nDestinationIp: 198.51.100.242\\r\\nDestinationHostname: one.one.one.one\\r\\nDestinationPort: 53\\r\\nDestinationPortName: domain\", \"Provider\": \"Microsoft-Windows-Sysmon\", \"RecordId\": 456266, \"TimeCreated\": \"2026-10-07T07:07:12.5022280+05:30\", \"User\": {\"AccountDomainSid\": null, \"BinaryLength\": 12, \"Value\": \"S-1-5-0-0-0\"}}",
     "fields": {
      "RuleName": "-",
      "UtcTime": "2026-10-07 01:37:07.757",
      "Image": "C:\\Users\\analyst's\\AppData\\Local\\Discord\\app-1.0.9260\\Discord.exe",
      "User": "WORKSTATION\\analyst's",
      "Protocol": "udp",
      "Initiated": "true",
      "SourceIsIpv6": "false",
      "SourceIp": "198.51.100.228",
      "SourceHostname": "WORKSTATION.Dlink",
      "SourcePort": "61253",
      "SourcePortName": "-",
      "DestinationIsIpv6": "false",
      "DestinationIp": "198.51.100.242",
      "DestinationHostname": "one.one.one.one",
      "DestinationPort": "53",
      "DestinationPortName": "domain"
     },
     "captured_channel": "Microsoft-Windows-Sysmon/Operational"
    },
    {
     "timestamp": "2026-10-07T07:07:12.5022470+05:30",
     "channel": "Microsoft-Windows-Sysmon/Operational",
     "provider": "Microsoft-Windows-Sysmon",
     "event_id": "3",
     "level": "Information",
     "severity": "Low",
     "username": "WORKSTATION\\analyst's",
     "host": "localhost",
     "source_ip": "198.51.100.228",
     "message": "Network connection detected:\r\nRuleName: -\r\nUtcTime: 2026-10-07 01:37:07.758\r\nProcessGuid: {00000000-0000-0000-0000-000000000000}\r\nProcessId: 51672\r\nImage: C:\\Users\\analyst's\\AppData\\Local\\Discord\\app-1.0.9260\\Discord.exe\r\nUser: WORKSTATION\\analyst's\r\nProtocol: udp\r\nInitiated: true\r\nSourceIsIpv6: fal",
     "record_id": 456267,
     "source": "windows-event-log",
     "is_alert": false,
     "rule_name": "Process opened an outbound connection",
     "external_id": "Microsoft-Windows-Sysmon/Operational:456267",
     "raw_log": "{\"Channel\": \"Microsoft-Windows-Sysmon/Operational\", \"EventData\": {\"DestinationHostname\": \"one.one.one.one\", \"DestinationIp\": \"198.51.100.242\", \"DestinationIsIpv6\": \"false\", \"DestinationPort\": \"53\", \"DestinationPortName\": \"domain\", \"Image\": \"C:\\\\Users\\\\analyst's\\\\AppData\\\\Local\\\\Discord\\\\app-1.0.9260\\\\Discord.exe\", \"Initiated\": \"true\", \"ProcessGuid\": \"{00000000-0000-0000-0000-000000000000}\", \"ProcessId\": \"51672\", \"Protocol\": \"udp\", \"RuleName\": \"-\", \"SourceHostname\": \"WORKSTATION.Dlink\", \"SourceIp\": \"198.51.100.228\", \"SourceIsIpv6\": \"false\", \"SourcePort\": \"50865\", \"SourcePortName\": \"-\", \"User\": \"WORKSTATION\\\\analyst's\", \"UtcTime\": \"2026-10-07 01:37:07.758\"}, \"Id\": 3, \"Level\": \"Information\", \"Message\": \"Network connection detected:\\r\\nRuleName: -\\r\\nUtcTime: 2026-10-07 01:37:07.758\\r\\nProcessGuid: {00000000-0000-0000-0000-000000000000}\\r\\nProcessId: 51672\\r\\nImage: C:\\\\Users\\\\analyst's\\\\AppData\\\\Local\\\\Discord\\\\app-1.0.9260\\\\Discord.exe\\r\\nUser: WORKSTATION\\\\analyst's\\r\\nProtocol: udp\\r\\nInitiated: true\\r\\nSourceIsIpv6: false\\r\\nSourceIp: 198.51.100.228\\r\\nSourceHostname: WORKSTATION.Dlink\\r\\nSourcePort: 50865\\r\\nSourcePortName: -\\r\\nDestinationIsIpv6: false\\r\\nDestinationIp: 198.51.100.242\\r\\nDestinationHostname: one.one.one.one\\r\\nDestinationPort: 53\\r\\nDestinationPortName: domain\", \"Provider\": \"Microsoft-Windows-Sysmon\", \"RecordId\": 456267, \"TimeCreated\": \"2026-10-07T07:07:12.5022470+05:30\", \"User\": {\"AccountDomainSid\": null, \"BinaryLength\": 12, \"Value\": \"S-1-5-0-0-0\"}}",
     "fields": {
      "RuleName": "-",
      "UtcTime": "2026-10-07 01:37:07.758",
      "Image": "C:\\Users\\analyst's\\AppData\\Local\\Discord\\app-1.0.9260\\Discord.exe",
      "User": "WORKSTATION\\analyst's",
      "Protocol": "udp",
      "Initiated": "true",
      "SourceIsIpv6": "false",
      "SourceIp": "198.51.100.228",
      "SourceHostname": "WORKSTATION.Dlink",
      "SourcePort": "50865",
      "SourcePortName": "-",
      "DestinationIsIpv6": "false",
      "DestinationIp": "198.51.100.242",
      "DestinationHostname": "one.one.one.one",
      "DestinationPort": "53",
      "DestinationPortName": "domain"
     },
     "captured_channel": "Microsoft-Windows-Sysmon/Operational"
    },
    {
     "timestamp": "2026-10-07T07:07:12.5022546+05:30",
     "channel": "Microsoft-Windows-Sysmon/Operational",
     "provider": "Microsoft-Windows-Sysmon",
     "event_id": "3",
     "level": "Information",
     "severity": "Low",
     "username": "WORKSTATION\\analyst's",
     "host": "localhost",
     "source_ip": "198.51.100.228",
     "message": "Network connection detected:\r\nRuleName: -\r\nUtcTime: 2026-10-07 01:37:07.775\r\nProcessGuid: {00000000-0000-0000-0000-000000000000}\r\nProcessId: 51672\r\nImage: C:\\Users\\analyst's\\AppData\\Local\\Discord\\app-1.0.9260\\Discord.exe\r\nUser: WORKSTATION\\analyst's\r\nProtocol: udp\r\nInitiated: false\r\nSourceIsIpv6: fa",
     "record_id": 456268,
     "source": "windows-event-log",
     "is_alert": false,
     "rule_name": "Process opened an outbound connection",
     "external_id": "Microsoft-Windows-Sysmon/Operational:456268",
     "raw_log": "{\"Channel\": \"Microsoft-Windows-Sysmon/Operational\", \"EventData\": {\"DestinationHostname\": \"one.one.one.one\", \"DestinationIp\": \"198.51.100.242\", \"DestinationIsIpv6\": \"false\", \"DestinationPort\": \"53\", \"DestinationPortName\": \"domain\", \"Image\": \"C:\\\\Users\\\\analyst's\\\\AppData\\\\Local\\\\Discord\\\\app-1.0.9260\\\\Discord.exe\", \"Initiated\": \"false\", \"ProcessGuid\": \"{00000000-0000-0000-0000-000000000000}\", \"ProcessId\": \"51672\", \"Protocol\": \"udp\", \"RuleName\": \"-\", \"SourceHostname\": \"WORKSTATION.Dlink\", \"SourceIp\": \"198.51.100.228\", \"SourceIsIpv6\": \"false\", \"SourcePort\": \"50865\", \"SourcePortName\": \"-\", \"User\": \"WORKSTATION\\\\analyst's\", \"UtcTime\": \"2026-10-07 01:37:07.775\"}, \"Id\": 3, \"Level\": \"Information\", \"Message\": \"Network connection detected:\\r\\nRuleName: -\\r\\nUtcTime: 2026-10-07 01:37:07.775\\r\\nProcessGuid: {00000000-0000-0000-0000-000000000000}\\r\\nProcessId: 51672\\r\\nImage: C:\\\\Users\\\\analyst's\\\\AppData\\\\Local\\\\Discord\\\\app-1.0.9260\\\\Discord.exe\\r\\nUser: WORKSTATION\\\\analyst's\\r\\nProtocol: udp\\r\\nInitiated: false\\r\\nSourceIsIpv6: false\\r\\nSourceIp: 198.51.100.228\\r\\nSourceHostname: WORKSTATION.Dlink\\r\\nSourcePort: 50865\\r\\nSourcePortName: -\\r\\nDestinationIsIpv6: false\\r\\nDestinationIp: 198.51.100.242\\r\\nDestinationHostname: one.one.one.one\\r\\nDestinationPort: 53\\r\\nDestinationPortName: domain\", \"Provider\": \"Microsoft-Windows-Sysmon\", \"RecordId\": 456268, \"TimeCreated\": \"2026-10-07T07:07:12.5022546+05:30\", \"User\": {\"AccountDomainSid\": null, \"BinaryLength\": 12, \"Value\": \"S-1-5-0-0-0\"}}",
     "fields": {
      "RuleName": "-",
      "UtcTime": "2026-10-07 01:37:07.775",
      "Image": "C:\\Users\\analyst's\\AppData\\Local\\Discord\\app-1.0.9260\\Discord.exe",
      "User": "WORKSTATION\\analyst's",
      "Protocol": "udp",
      "Initiated": "false",
      "SourceIsIpv6": "false",
      "SourceIp": "198.51.100.228",
      "SourceHostname": "WORKSTATION.Dlink",
      "SourcePort": "50865",
      "SourcePortName": "-",
      "DestinationIsIpv6": "false",
      "DestinationIp": "198.51.100.242",
      "DestinationHostname": "one.one.one.one",
      "DestinationPort": "53",
      "DestinationPortName": "domain"
     },
     "captured_channel": "Microsoft-Windows-Sysmon/Operational"
    },
    {
     "timestamp": "2026-10-07T07:07:12.5022629+05:30",
     "channel": "Microsoft-Windows-Sysmon/Operational",
     "provider": "Microsoft-Windows-Sysmon",
     "event_id": "3",
     "level": "Information",
     "severity": "Low",
     "username": "WORKSTATION\\analyst's",
     "host": "localhost",
     "source_ip": "198.51.100.228",
     "message": "Network connection detected:\r\nRuleName: -\r\nUtcTime: 2026-10-07 01:37:07.776\r\nProcessGuid: {00000000-0000-0000-0000-000000000000}\r\nProcessId: 51672\r\nImage: C:\\Users\\analyst's\\AppData\\Local\\Discord\\app-1.0.9260\\Discord.exe\r\nUser: WORKSTATION\\analyst's\r\nProtocol: udp\r\nInitiated: true\r\nSourceIsIpv6: fal",
     "record_id": 456269,
     "source": "windows-event-log",
     "is_alert": false,
     "rule_name": "Process opened an outbound connection",
     "external_id": "Microsoft-Windows-Sysmon/Operational:456269",
     "raw_log": "{\"Channel\": \"Microsoft-Windows-Sysmon/Operational\", \"EventData\": {\"DestinationHostname\": \"-\", \"DestinationIp\": \"198.51.100.177\", \"DestinationIsIpv6\": \"false\", \"DestinationPort\": \"443\", \"DestinationPortName\": \"https\", \"Image\": \"C:\\\\Users\\\\analyst's\\\\AppData\\\\Local\\\\Discord\\\\app-1.0.9260\\\\Discord.exe\", \"Initiated\": \"true\", \"ProcessGuid\": \"{00000000-0000-0000-0000-000000000000}\", \"ProcessId\": \"51672\", \"Protocol\": \"udp\", \"RuleName\": \"-\", \"SourceHostname\": \"WORKSTATION.Dlink\", \"SourceIp\": \"198.51.100.228\", \"SourceIsIpv6\": \"false\", \"SourcePort\": \"64095\", \"SourcePortName\": \"-\", \"User\": \"WORKSTATION\\\\analyst's\", \"UtcTime\": \"2026-10-07 01:37:07.776\"}, \"Id\": 3, \"Level\": \"Information\", \"Message\": \"Network connection detected:\\r\\nRuleName: -\\r\\nUtcTime: 2026-10-07 01:37:07.776\\r\\nProcessGuid: {00000000-0000-0000-0000-000000000000}\\r\\nProcessId: 51672\\r\\nImage: C:\\\\Users\\\\analyst's\\\\AppData\\\\Local\\\\Discord\\\\app-1.0.9260\\\\Discord.exe\\r\\nUser: WORKSTATION\\\\analyst's\\r\\nProtocol: udp\\r\\nInitiated: true\\r\\nSourceIsIpv6: false\\r\\nSourceIp: 198.51.100.228\\r\\nSourceHostname: WORKSTATION.Dlink\\r\\nSourcePort: 64095\\r\\nSourcePortName: -\\r\\nDestinationIsIpv6: false\\r\\nDestinationIp: 198.51.100.177\\r\\nDestinationHostname: -\\r\\nDestinationPort: 443\\r\\nDestinationPortName: https\", \"Provider\": \"Microsoft-Windows-Sysmon\", \"RecordId\": 456269, \"TimeCreated\": \"2026-10-07T07:07:12.5022629+05:30\", \"User\": {\"AccountDomainSid\": null, \"BinaryLength\": 12, \"Value\": \"S-1-5-0-0-0\"}}",
     "fields": {
      "RuleName": "-",
      "UtcTime": "2026-10-07 01:37:07.776",
      "Image": "C:\\Users\\analyst's\\AppData\\Local\\Discord\\app-1.0.9260\\Discord.exe",
      "User": "WORKSTATION\\analyst's",
      "Protocol": "udp",
      "Initiated": "true",
      "SourceIsIpv6": "false",
      "SourceIp": "198.51.100.228",
      "SourceHostname": "WORKSTATION.Dlink",
      "SourcePort": "64095",
      "SourcePortName": "-",
      "DestinationIsIpv6": "false",
      "DestinationIp": "198.51.100.177",
      "DestinationHostname": "-",
      "DestinationPort": "443",
      "DestinationPortName": "https"
     },
     "captured_channel": "Microsoft-Windows-Sysmon/Operational"
    },
    {
     "timestamp": "2026-10-07T07:07:12.5022691+05:30",
     "channel": "Microsoft-Windows-Sysmon/Operational",
     "provider": "Microsoft-Windows-Sysmon",
     "event_id": "3",
     "level": "Information",
     "severity": "Low",
     "username": "WORKSTATION\\analyst's",
     "host": "localhost",
     "source_ip": "198.51.100.228",
     "message": "Network connection detected:\r\nRuleName: -\r\nUtcTime: 2026-10-07 01:37:07.776\r\nProcessGuid: {00000000-0000-0000-0000-000000000000}\r\nProcessId: 51672\r\nImage: C:\\Users\\analyst's\\AppData\\Local\\Discord\\app-1.0.9260\\Discord.exe\r\nUser: WORKSTATION\\analyst's\r\nProtocol: udp\r\nInitiated: true\r\nSourceIsIpv6: fal",
     "record_id": 456270,
