    {
     "timestamp": "2026-10-07T04:57:22.2359422+05:30",
     "channel": "Microsoft-Windows-Sysmon/Operational",
     "provider": "Microsoft-Windows-Sysmon",
     "event_id": "1",
     "level": "Information",
     "severity": "Low",
     "username": "WORKSTATION\\analyst's",
     "host": "localhost",
     "source_ip": "local",
     "message": "Process Create:\r\nRuleName: -\r\nUtcTime: 2026-10-06 23:27:22.231\r\nProcessGuid: {00000000-0000-0000-0000-000000000000}\r\nProcessId: 122552\r\nImage: C:\\Users\\analyst's\\AppData\\Local\\local\\local-agent\\venv\\Scripts\\python.exe\r\nFileVersion: 3.11.9\r\nDescription: Python\r\nProduct: Python\r\nCompany: Python Softwa",
     "record_id": 445557,
     "source": "windows-event-log",
     "is_alert": false,
     "rule_name": "",
     "external_id": "Microsoft-Windows-Sysmon/Operational:445557",
     "raw_log": "{\"Channel\": \"Microsoft-Windows-Sysmon/Operational\", \"EventData\": {\"CommandLine\": \"C:\\\\Users\\\\analyst's\\\\AppData\\\\Local\\\\local\\\\local-agent\\\\venv\\\\Scripts\\\\python.exe C:\\\\Users\\\\analyst's\\\\AppData\\\\Local\\\\Temp\\\\local-no-console-git.py status --porcelain -b -u --null --untracked-files=normal\", \"Company\": \"Python Software Foundation\", \"CurrentDirectory\": \"C:\\\\Users\\\\analyst's\\\\\", \"Description\": \"Python\", \"FileVersion\": \"3.11.9\", \"Hashes\": \"SHA256=21BB438C0D4A6F1F164B9A646F6EE000340185E5871180AEC06DB8D3F07C0082\", \"Image\": \"C:\\\\Users\\\\analyst's\\\\AppData\\\\Local\\\\local\\\\local-agent\\\\venv\\\\Scripts\\\\python.exe\", \"IntegrityLevel\": \"Medium\", \"LogonGuid\": \"{00000000-0000-0000-0000-000000000000}\", \"LogonId\": \"0x0\", \"OriginalFileName\": \"py.exe\", \"ParentCommandLine\": \"\\\"C:\\\\Users\\\\analyst's\\\\AppData\\\\Local\\\\local\\\\local-agent\\\\apps\\\\desktop\\\\release\\\\win-unpacked\\\\DesktopApp.exe\\\"\", \"ParentImage\": \"C:\\\\Users\\\\analyst's\\\\AppData\\\\Local\\\\local\\\\local-agent\\\\apps\\\\desktop\\\\release\\\\win-unpacked\\\\DesktopApp.exe\", \"ParentProcessGuid\": \"{00000000-0000-0000-0000-000000000000}\", \"ParentProcessId\": \"37080\", \"ParentUser\": \"WORKSTATION\\\\analyst's\", \"ProcessGuid\": \"{00000000-0000-0000-0000-000000000000}\", \"ProcessId\": \"122552\", \"Product\": \"Python\", \"RuleName\": \"-\", \"TerminalSessionId\": \"1\", \"User\": \"WORKSTATION\\\\analyst's\", \"UtcTime\": \"2026-10-06 23:27:22.231\"}, \"Id\": 1, \"Level\": \"Information\", \"Message\": \"Process Create:\\r\\nRuleName: -\\r\\nUtcTime: 2026-10-06 23:27:22.231\\r\\nProcessGuid: {00000000-0000-0000-0000-000000000000}\\r\\nProcessId: 122552\\r\\nImage: C:\\\\Users\\\\analyst's\\\\AppData\\\\Local\\\\local\\\\local-agent\\\\venv\\\\Scripts\\\\python.exe\\r\\nFileVersion: 3.11.9\\r\\nDescription: Python\\r\\nProduct: Python\\r\\nCompany: Python Software Foundation\\r\\nOriginalFileName: py.exe\\r\\nCommandLine: C:\\\\Users\\\\analyst's\\\\AppData\\\\Local\\\\local\\\\local-agent\\\\venv\\\\Scripts\\\\python.exe C:\\\\Users\\\\analyst's\\\\AppData\\\\Local\\\\Temp\\\\local-no-console-git.py status --porcelain -b -u --null --untracked-files=normal\\r\\nCurrentDirectory: C:\\\\Users\\\\analyst's\\\\\\r\\nUser: WORKSTATION\\\\analyst's\\r\\nLogonGuid: {00000000-0000-0000-0000-000000000000}\\r\\nLogonId: 0x0\\r\\nTerminalSessionId: 1\\r\\nIntegrityLevel: Medium\\r\\nHashes: SHA256=21BB438C0D4A6F1F164B9A646F6EE000340185E5871180AEC06DB8D3F07C0082\\r\\nParentProcessGuid: {00000000-0000-0000-0000-000000000000}\\r\\nParentProcessId: 37080\\r\\nParentImage: C:\\\\Users\\\\analyst's\\\\AppData\\\\Local\\\\local\\\\local-agent\\\\apps\\\\desktop\\\\release\\\\win-unpacked\\\\DesktopApp.exe\\r\\nParentCommandLine: \\\"C:\\\\Users\\\\analyst's\\\\AppData\\\\Local\\\\local\\\\local-agent\\\\apps\\\\desktop\\\\release\\\\win-unpacked\\\\DesktopApp.exe\\\"\\r\\nParentUser: WORKSTATION\\\\analyst's\", \"Provider\": \"Microsoft-Windows-Sysmon\", \"RecordId\": 445557, \"TimeCreated\": \"2026-10-07T04:57:22.2359422+05:30\", \"User\": {\"AccountDomainSid\": null, \"BinaryLength\": 12, \"Value\": \"S-1-5-0-0-0\"}}",
     "fields": {
      "RuleName": "-",
      "UtcTime": "2026-10-06 23:27:22.231",
      "Image": "C:\\Users\\analyst's\\AppData\\Local\\local\\local-agent\\venv\\Scripts\\python.exe",
      "FileVersion": "3.11.9",
      "Description": "Python",
      "Product": "Python",
      "Company": "Python Software Foundation",
      "OriginalFileName": "py.exe",
      "CommandLine": "C:\\Users\\analyst's\\AppData\\Local\\local\\local-agent\\venv\\Scripts\\python.exe C:\\Users\\analyst's\\AppData\\Local\\Temp\\local-no-console-git.py status --porcelain -b -u --null --untracked-files=normal",
      "CurrentDirectory": "C:\\Users\\analyst's\\",
      "User": "WORKSTATION\\analyst's",
      "LogonId": "0x0",
      "TerminalSessionId": "1",
      "IntegrityLevel": "Medium",
      "ParentImage": "C:\\Users\\analyst's\\AppData\\Local\\local\\local-agent\\apps\\desktop\\release\\win-unpacked\\DesktopApp.exe",
      "ParentCommandLine": "\"C:\\Users\\analyst's\\AppData\\Local\\local\\local-agent\\apps\\desktop\\release\\win-unpacked\\DesktopApp.exe\"",
      "ParentUser": "WORKSTATION\\analyst's"
     },
     "captured_channel": "Microsoft-Windows-Sysmon/Operational"
    },
    {
     "timestamp": "2026-10-07T04:57:22.2645955+05:30",
     "channel": "Microsoft-Windows-Sysmon/Operational",
     "provider": "Microsoft-Windows-Sysmon",
     "event_id": "1",
     "level": "Information",
     "severity": "Low",
     "username": "WORKSTATION\\analyst's",
     "host": "localhost",
     "source_ip": "local",
     "message": "Process Create:\r\nRuleName: -\r\nUtcTime: 2026-10-06 23:27:22.258\r\nProcessGuid: {00000000-0000-0000-0000-000000000000}\r\nProcessId: 32876\r\nImage: C:\\Windows\\System32\\conhost.exe\r\nFileVersion: 10.0.26100.9444 (WinBuild.160101.0800)\r\nDescription: Console Window Host\r\nProduct: Microsoftr Windowsr Operating",
     "record_id": 445558,
     "source": "windows-event-log",
     "is_alert": false,
     "rule_name": "",
     "external_id": "Microsoft-Windows-Sysmon/Operational:445558",
     "raw_log": "{\"Channel\": \"Microsoft-Windows-Sysmon/Operational\", \"EventData\": {\"CommandLine\": \"\\\\??\\\\C:\\\\windows\\\\system32\\\\conhost.exe 0x0 -ForceV1\", \"Company\": \"Microsoft Corporation\", \"CurrentDirectory\": \"C:\\\\windows\", \"Description\": \"Console Window Host\", \"FileVersion\": \"10.0.26100.9444 (WinBuild.160101.0800)\", \"Hashes\": \"SHA256=E449BCE01F275CD08F3D4E64BB73B3B43AE845A0DBDB3E6131426E66537705E5\", \"Image\": \"C:\\\\Windows\\\\System32\\\\conhost.exe\", \"IntegrityLevel\": \"Medium\", \"LogonGuid\": \"{00000000-0000-0000-0000-000000000000}\", \"LogonId\": \"0x0\", \"OriginalFileName\": \"CONHOST.EXE\", \"ParentCommandLine\": \"C:\\\\Users\\\\analyst's\\\\AppData\\\\Local\\\\local\\\\local-agent\\\\venv\\\\Scripts\\\\python.exe C:\\\\Users\\\\analyst's\\\\AppData\\\\Local\\\\Temp\\\\local-no-console-git.py status --porcelain -b -u --null --untracked-files=normal\", \"ParentImage\": \"C:\\\\Users\\\\analyst's\\\\AppData\\\\Local\\\\local\\\\local-agent\\\\venv\\\\Scripts\\\\python.exe\", \"ParentProcessGuid\": \"{00000000-0000-0000-0000-000000000000}\", \"ParentProcessId\": \"122552\", \"ParentUser\": \"WORKSTATION\\\\analyst's\", \"ProcessGuid\": \"{00000000-0000-0000-0000-000000000000}\", \"ProcessId\": \"32876\", \"Product\": \"Microsoftr Windowsr Operating System\", \"RuleName\": \"-\", \"TerminalSessionId\": \"1\", \"User\": \"WORKSTATION\\\\analyst's\", \"UtcTime\": \"2026-10-06 23:27:22.258\"}, \"Id\": 1, \"Level\": \"Information\", \"Message\": \"Process Create:\\r\\nRuleName: -\\r\\nUtcTime: 2026-10-06 23:27:22.258\\r\\nProcessGuid: {00000000-0000-0000-0000-000000000000}\\r\\nProcessId: 32876\\r\\nImage: C:\\\\Windows\\\\System32\\\\conhost.exe\\r\\nFileVersion: 10.0.26100.9444 (WinBuild.160101.0800)\\r\\nDescription: Console Window Host\\r\\nProduct: Microsoftr Windowsr Operating System\\r\\nCompany: Microsoft Corporation\\r\\nOriginalFileName: CONHOST.EXE\\r\\nCommandLine: \\\\??\\\\C:\\\\windows\\\\system32\\\\conhost.exe 0x0 -ForceV1\\r\\nCurrentDirectory: C:\\\\windows\\r\\nUser: WORKSTATION\\\\analyst's\\r\\nLogonGuid: {00000000-0000-0000-0000-000000000000}\\r\\nLogonId: 0x0\\r\\nTerminalSessionId: 1\\r\\nIntegrityLevel: Medium\\r\\nHashes: SHA256=E449BCE01F275CD08F3D4E64BB73B3B43AE845A0DBDB3E6131426E66537705E5\\r\\nParentProcessGuid: {00000000-0000-0000-0000-000000000000}\\r\\nParentProcessId: 122552\\r\\nParentImage: C:\\\\Users\\\\analyst's\\\\AppData\\\\Local\\\\local\\\\local-agent\\\\venv\\\\Scripts\\\\python.exe\\r\\nParentCommandLine: C:\\\\Users\\\\analyst's\\\\AppData\\\\Local\\\\local\\\\local-agent\\\\venv\\\\Scripts\\\\python.exe C:\\\\Users\\\\analyst's\\\\AppData\\\\Local\\\\Temp\\\\local-no-console-git.py status --porcelain -b -u --null --untracked-files=normal\\r\\nParentUser: WORKSTATION\\\\analyst's\", \"Provider\": \"Microsoft-Windows-Sysmon\", \"RecordId\": 445558, \"TimeCreated\": \"2026-10-07T04:57:22.2645955+05:30\", \"User\": {\"AccountDomainSid\": null, \"BinaryLength\": 12, \"Value\": \"S-1-5-0-0-0\"}}",
     "fields": {
      "RuleName": "-",
      "UtcTime": "2026-10-06 23:27:22.258",
      "Image": "C:\\Windows\\System32\\conhost.exe",
      "FileVersion": "10.0.26100.9444 (WinBuild.160101.0800)",
      "Description": "Console Window Host",
      "Product": "Microsoftr Windowsr Operating System",
      "Company": "Microsoft Corporation",
      "OriginalFileName": "CONHOST.EXE",
      "CommandLine": "\\??\\C:\\windows\\system32\\conhost.exe 0x0 -ForceV1",
      "CurrentDirectory": "C:\\windows",
      "User": "WORKSTATION\\analyst's",
      "LogonId": "0x0",
      "TerminalSessionId": "1",
      "IntegrityLevel": "Medium",
      "ParentImage": "C:\\Users\\analyst's\\AppData\\Local\\local\\local-agent\\venv\\Scripts\\python.exe",
      "ParentCommandLine": "C:\\Users\\analyst's\\AppData\\Local\\local\\local-agent\\venv\\Scripts\\python.exe C:\\Users\\analyst's\\AppData\\Local\\Temp\\local-no-console-git.py status --porcelain -b -u --null --untracked-files=normal",
      "ParentUser": "WORKSTATION\\analyst's"
     },
     "captured_channel": "Microsoft-Windows-Sysmon/Operational"
    },
    {
     "timestamp": "2026-10-07T04:57:22.2938021+05:30",
     "channel": "Microsoft-Windows-Sysmon/Operational",
     "provider": "Microsoft-Windows-Sysmon",
     "event_id": "1",
     "level": "Information",
     "severity": "Low",
     "username": "WORKSTATION\\analyst's",
     "host": "localhost",
     "source_ip": "local",
     "message": "Process Create:\r\nRuleName: -\r\nUtcTime: 2026-10-06 23:27:22.290\r\nProcessGuid: {00000000-0000-0000-0000-000000000000}\r\nProcessId: 36396\r\nImage: C:\\Users\\analyst's\\AppData\\Local\\local\\tools\\git-2.53.0+3-win32-x64\\cmd\\git.exe\r\nFileVersion: 2.53.0.windows.3\r\nDescription: Git for Windows\r\nProduct: Git\r\nCo",
     "record_id": 445559,
     "source": "windows-event-log",
     "is_alert": false,
     "rule_name": "",
     "external_id": "Microsoft-Windows-Sysmon/Operational:445559",
     "raw_log": "{\"Channel\": \"Microsoft-Windows-Sysmon/Operational\", \"EventData\": {\"CommandLine\": \"git -C C:\\\\Users\\\\analyst's rev-parse --show-toplevel\", \"Company\": \"The Git Development Community\", \"CurrentDirectory\": \"C:\\\\Users\\\\analyst's\\\\\", \"Description\": \"Git for Windows\", \"FileVersion\": \"2.53.0.windows.3\", \"Hashes\": \"SHA256=C53279919FDEA03474BB23B465B3A82287157491F1BD69A5EB82DD9831582333\", \"Image\": \"C:\\\\Users\\\\analyst's\\\\AppData\\\\Local\\\\local\\\\tools\\\\git-2.53.0+3-win32-x64\\\\cmd\\\\git.exe\", \"IntegrityLevel\": \"Medium\", \"LogonGuid\": \"{00000000-0000-0000-0000-000000000000}\", \"LogonId\": \"0x0\", \"OriginalFileName\": \"git.exe\", \"ParentCommandLine\": \"\\\"C:\\\\Users\\\\analyst's\\\\AppData\\\\Local\\\\local\\\\tools\\\\python-3.14.7+20260901-win32-x64\\\\python.exe\\\"  -I -c \\\"import base64; exec(base64.b64decode('aW1wb3J0IG9zLCByZSwgc3lzCmltcG9ydCBjb250ZXh0bGliLCBoYXNobGliLCBpbywgcGF0aGxpYiwgc2h1dGlsLCBzdWJwcm9jZXNzCm9zLmVudmlyb24ucG9wKCdQWVRIT05IT01FJywgTm9uZSkKb3MuZW52aXJvbi5wb3AoJ1BZVEhPTlBBVEgnLCBOb25lKQpzeXMucGF0aC5pbnNlcnQoMCwgIkM6XFxVc2Vyc1xcS2hhbidzXFxBcHBEYXRhXFxMb2NhbFxcaGVybWVzXFxoZXJtZXMtYWdlbnQiKQpkZWYgX2hlcm1lc19jbG9zdXJlX3JlcGFpcigpOgogICAgaW1wb3J0IGNvbnRleHRsaWIsIGhhc2hsaWIsIGlvLCBzaHV0aWwsIHN1YnByb2Nlc3MKICAgIGZyb20gcGF0aGxpYiBpbXBvcnQgUGF0aAogICAgcm9vdCA9IFBhdGgoIkM6XFxVc2Vyc1xcS2hhbidzXFxBcHBEYXRhXFxMb2NhbFxcaGVybWVzXFxoZXJtZXMtYWdlbnQiKQogICAgZ2l0ID0gcm9vdCAvICcuZ2l0JwogICAgdHJ5OgogICAgICAgIGlmIGdpdC5pc19maWxlKCk6CiAgICAgICAgICAgIHRleHQgPSBnaXQucmVhZF90ZXh0KGVuY29kaW5nPSd1dGYtOC1zaWcnKS5zdHJpcCgpCiAgICAgICAgICAgIGdpdCA9IHJvb3QgLyB0ZXh0Wzc6XS5zdHJpcCgpIGlmIHRleHQuc3RhcnRzd2l0aCgnZ2l0ZGlyOicpIGVsc2UgZ2l0CiAgICAgICAgZmllbGRzID0gZGljdChsaW5lLnBhcnRpdGlvbignPScpWzo6Ml0gZm9yIGxpbmUgaW4gKGdpdCAvICdoZXJtZXMtdXBkYXRlLXB1bGwnKS5yZWFkX3RleHQoZW5jb2Rpbmc9J3V0Zi04LXNpZycpLnNwbGl0bGluZXMoKSkKICAgIGV4Y2VwdCBPU0Vycm9yOgogICAgICAgIHJldHVybgogICAgcHJlID0gZmllbGRzLmdldCgncHJlJywgJycpLnN0cmlwKCkKICAgIGlmIG5vdCByZS5mdWxsbWF0Y2goJ1swLTlhLWZdezQwfXxbMC05YS1mXXs2NH0nLCBwcmUpOgogICAgICAgIHJldHVybgogICAgY2xvc3VyZSA9IGdpdCAvICdoZXJtZXMtdXBkYXRlLXJlY292ZXJ5JyAvIHByZQogICAgZmlsZXMgPSAoKignaGVybWVzX2NsaS9fZWFybHlfcmVjb3ZlcnkucHknLCAnaGVybWVzX2NsaS91cGRhdGVfbG9jay5weScsICdoZXJtZXNfY2xpL3VwZGF0ZV9jdXN0b2R5LnB5JyksICdoZXJtZXNfY2xpL19faW5pdF9fLnB5JykKCiAgICBkZWYgYmxvYl9pZChkYXRhKToKICAgICAgICByZXR1cm4gaGFzaGxpYi5uZXcoJ3NoYTEnIGlmIGxlbihwcmUpID09IDQwIGVsc2UgJ3NoYTI1NicsIGInYmxvYiAlZFwwJyAlIGxlbihkYXRhKSArIGRhdGEpLmhleGRpZ2VzdCgpCgogICAgZGVmIHZlcmlmaWVkKCk6CiAgICAgICAgdHJ5OgogICAgICAgICAgICBsaXN0ZWQgPSBkaWN0KGxpbmUuc3BsaXQoJyAnLCAxKVs6Oi0xXSBmb3IgbGluZSBpbiAoY2xvc3VyZSAvICdNQU5JRkVTVCcpLnJlYWRfdGV4dChlbmNvZGluZz0ndXRmLTgtc2lnJykuc3BsaXRsaW5lcygpKQogICAgICAgICAgICByZXR1cm4gKHNldChsaXN0ZWQpID09IHNldChmaWxlcykgYW5kIGxpc3RlZFsnaGVybWVzX2NsaS9fX2luaXRfXy5weSddID09IGJsb2JfaWQoYicnKQogICAgICAgICAgICAgICAgICAgIGFuZCBhbGwoYmxvYl9pZCgoY2xvc3VyZSAvIHJlbCkucmVhZF9ieXRlcygpKSA9PSBvaWQgZm9yIHJlbCwgb2lkIGluIGxpc3RlZC5pdGVtcygpKSkKICAgICAgICBleGNlcHQgKE9TRXJyb3IsIFZhbHVlRXJyb3IpOgogICAgICAgICAgICByZXR1cm4gRmFsc2UKCiAgICBpZiBub3QgdmVyaWZpZWQoKToKICAgICAgICBleGUgPSBmaWVsZHMuZ2V0KCdnaXQnLCAnJykuc3RyaXAoKQogICAgICAgIGlmIG5vdCAob3MucGF0aC5pc2FicyhleGUpIGFuZCBvcy5wYXRoLmlzZmlsZShleGUpKToKICAgICAgICAgICAgbmFtZXMgPSAoJ2dpdC5leGUnLCkgaWYgb3MubmFtZSA9PSAnbnQnIGVsc2UgKCdnaXQnLCkKICAgICAgICAgICAgZXhlID0gbmV4dCgob3MucGF0aC5qb2luKGQsIG4pIGZvciBkIGluIG9zLmVudmlyb24uZ2V0KCdQQVRIJywgJycpLnNwbGl0KG9zLnBhdGhzZXApIGlmIG9zLnBhdGguaXNhYnMoZCkKICAgICAgICAgICAgICAgICAgICAgICAgZm9yIG4gaW4gbmFtZXMgaWYgb3MucGF0aC5pc2ZpbGUob3MucGF0aC5qb2luKGQsIG4pKSksICcnKQogICAgICAgIGlmIG5vdCBleGU6CiAgICAgICAgICAgIHJldHVybgoKICAgICAgICBkZWYgZ2l0X291dCgqYXJncyk6CiAgICAgICAgICAgIGRvbmUgPSBzdWJwcm9jZXNzLnJ1bihbZXhlLCAnLS1uby1yZXBsYWNlLW9iamVjdHMnLCAnLUMnLCBzdHIocm9vdCksICphcmdzXSwgY2FwdHVyZV9vdXRwdXQ9VHJ1ZSwgdGltZW91dD02MCwKICAgICAgICAgICAgICAgICAgICAgICAgICAgICAgICAgIHN0ZGluPXN1YnByb2Nlc3MuREVWTlVMTCwgY3JlYXRpb25mbGFncz1nZXRhdHRyKHN1YnByb2Nlc3MsICdDUkVBVEVfTk9fV0lORE9XJywgMCkpCiAgICAgICAgICAgIGlmIGRvbmUucmV0dXJuY29kZSAhPSAwOgogICAgICAgICAgICAgICAgcmFpc2UgT1NFcnJvcihkb25lLnN0ZGVycikKICAgICAgICAgICAgcmV0dXJuIGRvbmUuc3Rkb3V0CgogICAgICAgIHN0YWdpbmcgPSBjbG9zdXJlLndpdGhfbmFtZSgnLiVzLiVkLmxhdW5jaCcgJSAocHJlLCBvcy5nZXRwaWQoKSkpCiAgICAgICAgdHJ5OgogICAgICAgICAgICBpZHMgPSB7fQogICAgICAgICAgICBmb3IgZW50cnkgaW4gZ2l0X291dCgnbHMtdHJlZScsICcteicsICctLWZ1bGwtdHJlZScsIHByZSwgJy0tJywgKignaGVybWVzX2NsaS9fZWFybHlfcmVjb3ZlcnkucHknLCAnaGVybWVzX2NsaS91cGRhdGVfbG9jay5weScsICdoZXJtZXNfY2xpL3VwZGF0ZV9jdXN0b2R5LnB5JykpLnNwbGl0KGInXDAnKToKICAgICAgICAgICAgICAgIG1ldGEsIF8sIHJlbCA9IGVudHJ5LmRlY29kZSgndXRmLTgnLCAncmVwbGFjZScpLnBhcnRpdGlvbignXHQnKQogICAgICAgICAgICAgICAgaWYgbWV0YS5zcGxpdCgpWzE6Ml0gPT0gWydibG9iJ106CiAgICAgICAgICAgICAgICAgICAgaWRzW3JlbF0gPSBtZXRhLnNwbGl0KClbMl0KICAgICAgICAgICAgYmxvYnMgPSB7J2hlcm1lc19jbGkvX19pbml0X18ucHknOiBiJyd9CiAgICAgICAgICAgIGZvciByZWwgaW4gKCdoZXJtZXNfY2xpL19lYXJseV9yZWNvdmVyeS5weScsICdoZXJtZXNfY2xpL3VwZGF0ZV9sb2NrLnB5JywgJ2hlcm1lc19jbGkvdXBkYXRlX2N1c3RvZHkucHknKToKICAgICAgICAgICAgICAgIGJsb2JzW3JlbF0gPSBnaXRfb3V0KCdjYXQtZmlsZScsICdibG9iJywgaWRzW3JlbF0pCiAgICAgICAgICAgICAgICBpZiBibG9iX2lkKGJsb2JzW3JlbF0pICE9IGlkc1tyZWxdOiAgIyBhbiBvYmplY3QgdGhhdCBpbmZsYXRlcyB0byBieXRlcyBwcmUgbmV2ZXIgaGFkCiAgICAgICAgICAgICAgICAgICAgcmFpc2UgT1NFcnJvcignJXMgZG9lcyBub3QgaGFzaCB0byAlcycgJSAocmVsLCBpZHNbcmVsXSkpCiAgICAgICAgICAgIGJsb2JzWydNQU5JRkVTVCddID0gJycuam9pbignJXMgJXNcbicgJSAoYmxvYl9pZChkYXRhKSwgcmVsKSBmb3IgcmVsLCBkYXRhIGluIGJsb2JzLml0ZW1zKCkpLmVuY29kZSgndXRmLTgnKQogICAgICAgICAgICBmb3IgcmVsLCBkYXRhIGluIGJsb2JzLml0ZW1zKCk6CiAgICAgICAgICAgICAgICAoc3RhZ2luZyAvIHJlbCkucGFyZW50Lm1rZGlyKHBhcmVudHM9VHJ1ZSwgZXhpc3Rfb2s9VHJ1ZSkKICAgICAgICAgICAgICAgIChzdGFnaW5nIC8gcmVsKS53cml0ZV9ieXRlcyhkYXRhKQogICAgICAgICAgICBzaHV0aWwucm10cmVlKGNsb3N1cmUsIGlnbm9yZV9lcnJvcnM9VHJ1ZSkKICAgICAgICAgICAgb3MucmVwbGFjZShzdGFnaW5nLCBjbG9zdXJlKQogICAgICAgIGV4Y2VwdCAoT1NFcnJvciwgS2V5RXJyb3IsIHN1YnByb2Nlc3MuU3VicHJvY2Vzc0Vycm9yKToKICAgICAgICAgICAgcGFzcwogICAgICAgIGZpbmFsbHk6CiAgICAgICAgICAgIHNodXRpbC5ybXRyZWUoc3RhZ2luZywgaWdub3JlX2Vycm9ycz1UcnVlKQogICAgICAgIGlmIG5vdCB2ZXJpZmllZCgpOgogICAgICAgICAgICByZXR1cm4KICAgIGZvciBuYW1lIGluIFtuIGZvciBuIGluIHN5cy5tb2R1bGVzIGlmIG4uc3BsaXQoJy4nKVswXSBpbiAoJ2hlcm1lc19jbGknLCAnaGVybWVzX2Jvb3RzdHJhcCcsICdoZXJtZXNfY29uc3RhbnRzJywgJ3BtJyldOgogICAgICAgIGRlbCBzeXMubW9kdWxlc1tuYW1lXQogICAgdHJlZSA9IG9zLnBhdGgubm9ybWNhc2Uob3MucGF0aC5yZWFscGF0aChyb290KSkKICAgIHN5cy5wYXRoWzpdID0gW3N0cihjbG9zdXJlKV0gKyBbcCBmb3IgcCBpbiBzeXMucGF0aCBpZiBwIGFuZCBvcy5wYXRoLm5vcm1jYXNlKG9zLnBhdGgucmVhbHBhdGgocCkpICE9IHRyZWUKICAgICAgICAgICAgICAgICAgICAgICAgICAgICAgICAgICAgYW5kIG5vdCBvcy5wYXRoLm5vcm1jYXNlKG9zLnBhdGgucmVhbHBhdGgocCkpLnN0YXJ0c3dpdGgodHJlZSArIG9zLnNlcCldCiAgICBzeXMuZG9udF93cml0ZV9ieXRlY29kZSA9IFRydWUKICAgIHNhaWQgPSBpby5TdHJpbmdJTygpCiAgICByZXN0b3JlZCA9IEZhbHNlCiAgICB0cnk6CiAgICAgICAgd2l0aCBjb250ZXh0bGliLnJlZGlyZWN0X3N0ZGVycihzYWlkKToKICAgICAgICAgICAgZnJvbSBoZXJtZXNfY2xpIGltcG9ydCBfZWFybHlfcmVjb3ZlcnkKICAgICAgICAgICAgcmVzdG9yZWQgPSBfZWFybHlfcmVjb3ZlcnkucmVzdG9yZV9pbnRlcnJ1cHRlZF9wdWxsKHJvb3QpCiAgICBleGNlcHQgRXhjZXB0aW9uIGFzIGV4YzoKICAgICAgICBzYWlkLndyaXRlKCdoZXJtZXM6IHRoZSBjaGVja291dCBjYW5ub3Qgc3RhcnQgYWZ0ZXIgYW4gaW50ZXJydXB0ZWQgYGhlcm1lcyB1cGRhdGVgLCBhbmQgaXQgd2FzIG5vdCAnCiAgICAgICAgICAgICAgICAgICAncmVwYWlyZWQ6ICVzXG4nICUgKGV4YywpKQogICAgaWYgcmVzdG9yZWQ6CiAgICAgICAgc3lzLnN0ZGVyci53cml0ZSgnaGVybWVzOiB0aGUgY2hlY2tvdXQgY291bGQgbm90IHN0YXJ0IGFmdGVyIGFuIGludGVycnVwdGVkIGBoZXJtZXMgdXBkYXRlYDsgJwogICAgICAgICAgICAgICAgICAgICAgICAgJ3JlcGFpcmVkIGl0IHdpdGggdGhlIHJlY292ZXJ5IGNvZGUgc2F2ZWQgYmVmb3JlIHRoZSB1cGRhdGUuXG4nICsgc2FpZC5nZXR2YWx1ZSgpKQogICAgICAgIF9lYXJseV9yZWNvdmVyeS5yZWxhdW5jaF9hZnRlcl9yZXN0b3JlKCkKICAgIHN5cy5zdGRlcnIud3JpdGUoc2FpZC5nZXR2YWx1ZSgpIG9yICdoZXJtZXM6IHRoZSBjaGVja291dCBjYW5ub3Qgc3RhcnQgYWZ0ZXIgYW4gaW50ZXJydXB0ZWQgYGhlcm1lcyB1cGRhdGVgOyAnCiAgICAgICAgICAgICAgICAgICAgICdsYXVuY2ggYWdhaW4gb25jZSB0aGUgdXBkYXRlIHRoYXQgb3ducyBpdCBmaW5pc2hlcy5cbicpCiAgICByYWlzZSBTeXN0ZW1FeGl0KDEpCmlmIHN5cy5hcmd2WzE6Ml0gPT0gWyctLXByaW50LXJ1bnRpbWUtY29tbWFuZCddOgogICAgc3lzLmRvbnRfd3JpdGVfYnl0ZWNvZGUgPSBUcnVlCiAgICBmcm9tIHBhdGhsaWIgaW1wb3J0IFBhdGgKICAgIHRyeToKICAgICAgICBmcm9tIGhlcm1lc19jbGkgaW1wb3J0IF9lYXJseV9yZWNvdmVyeQogICAgZXhjZXB0IEV4Y2VwdGlvbiBhcyBleGM6CiAgICAgICAgaWYgX2hlcm1lc19jbG9zdXJlX3JlcGFpcigpIG9yIG5vdCBpc2luc3RhbmNlKGV4YywgSW1wb3J0RXJyb3IpOgogICAgICAgICAgICByYWlzZQogICAgICAgIF9lYXJseV9yZWNvdmVyeSA9IE5vbmUgICMgYSB0cmVlIHdpdGhvdXQgdGhlIHJlcGFpcjogdGhlIGltcG9ydHMgYmVsb3cgcmVwb3J0IHJlYWwgZGFtYWdlCiAgICBpZiBfZWFybHlfcmVjb3ZlcnkgaXMgbm90IE5vbmUgYW5kIF9lYXJseV9yZWNvdmVyeS5yZXN0b3JlX2ludGVycnVwdGVkX3B1bGwoUGF0aCgiQzpcXFVzZXJzXFxLaGFuJ3NcXEFwcERhdGFcXExvY2FsXFxoZXJtZXNcXGhlcm1lcy1hZ2VudCIpKToKICAgICAgICBfZWFybHlfcmVjb3ZlcnkucmVsYXVuY2hfYWZ0ZXJfcmVzdG9yZSgpCiAgICBmcm9tIGhlcm1lc19jb25zdGFudHMgaW1wb3J0IGdldF9kZWZhdWx0X2hlcm1lc19yb290CiAgICBvcy5lbnZpcm9uWydIRVJNRVNfSE9NRSddID0gb3MuZW52aXJvbi5nZXQoJ0hFUk1FU19IT01FJykgb3Igc3RyKGdldF9kZWZhdWx0X2hlcm1lc19yb290KCkpCiAgICBmcm9tIGhlcm1lc19jbGkuX2xhdW5jaGVycyBpbXBvcnQgcHJpbnRfcnVudGltZV9jb21tYW5kCiAgICBwcmludF9ydW50aW1lX2NvbW1hbmQoUGF0aCgiQzpcXFVzZXJzXFxLaGFuJ3NcXEFwcERhdGFcXExvY2FsXFxoZXJtZXNcXGhlcm1lcy1hZ2VudCIpLCBzeXMuYXJndlsyOl0pCiAgICBzeXMuZXhpdCgwKQpzeXMuX2hlcm1lc19waW5fZGVmYXVsdF9ob21lID0gVHJ1ZQp0cnk6CiAgICBpbXBvcnQgaGVybWVzX2Jvb3RzdHJhcApleGNlcHQgRXhjZXB0aW9uOgogICAgX2hlcm1lc19jbG9zdXJlX3JlcGFpcigpCiAgICByYWlzZQppZiBub3Qgb3MuZW52aXJvbi5nZXQoJ0hFUk1FU19IT01FJyk6CiAgICBmcm9tIGhlcm1lc19jb25zdGFudHMgaW1wb3J0IGdldF9kZWZhdWx0X2hlcm1lc19yb290CiAgICBvcy5lbnZpcm9uWydIRVJNRVNfSE9NRSddID0gc3RyKGdldF9kZWZhdWx0X2hlcm1lc19yb290KCkpCmlmIHN5cy5hcmd2WzE6Ml0gPT0gWyctLXJ1bi1tb2R1bGUnXToKICAgIGltcG9ydCBydW5weQogICAgaWYgbGVuKHN5cy5hcmd2KSA8IDM6IHN5cy5leGl0KCdoZXJtZXM6IC0tcnVuLW1vZHVsZSBuZWVkcyBhIG1vZHVsZScpCiAgICBtb2R1bGUgPSBzeXMuYXJndi5wb3AoMikKICAgIGRlbCBzeXMuYXJndlsxXQogICAgcnVucHkucnVuX21vZHVsZShtb2R1bGUsIHJ1bl9uYW1lPSdfX21haW5fXycsIGFsdGVyX3N5cz1UcnVlKQogICAgc3lzLmV4aXQoMCkKZnJvbSBoZXJtZXNfY2xpLm1haW4gaW1wb3J0IG1haW4Kc3lzLmFyZ3ZbMF0gPSByZS5zdWIocicoLXNjcmlwdFwucHl3fFwuZXhlKT8kJywgJycsIHN5cy5hcmd2WzBdKQpzeXMuZXhpdChtYWluKCkpCg=='))\\\" serve --host 198.51.100.19 --port 0\", \"ParentImage\": \"C:\\\\Users\\\\analyst's\\\\AppData\\\\Local\\\\local\\\\tools\\\\python-3.14.7+20260901-win32-x64\\\\python.exe\", \"ParentProcessGuid\": \"{00000000-0000-0000-0000-000000000000}\", \"ParentProcessId\": \"112700\", \"ParentUser\": \"WORKSTATION\\\\analyst's\", \"ProcessGuid\": \"{00000000-0000-0000-0000-000000000000}\", \"ProcessId\": \"36396\", \"Product\": \"Git\", \"RuleName\": \"-\", \"TerminalSessionId\": \"1\", \"User\": \"WORKSTATION\\\\analyst's\", \"UtcTime\": \"2026-10-06 23:27:22.290\"}, \"Id\": 1, \"Level\": \"Information\", \"Message\": \"Process Create:\\r\\nRuleName: -\\r\\nUtcTime: 2026-10-06 23:27:22.290\\r\\nProcessGuid: {00000000-0000-0000-0000-000000000000}\\r\\nProcessId: 36396\\r\\nImage: C:\\\\Users\\\\analyst's\\\\AppData\\\\Local\\\\local\\\\tools\\\\git-2.53.0+3-win32-x64\\\\cmd\\\\git.exe\\r\\nFileVersion: 2.53.0.windows.3\\r\\nDescription: Git for Windows\\r\\nProduct: Git\\r\\nCompany: The Git Development Community\\r\\nOriginalFileName: git.exe\\r\\nCommandLine: git -C C:\\\\Users\\\\analyst's rev-parse --show-toplevel\\r\\nCurrentDirectory: C:\\\\Users\\\\analyst's\\\\\\r\\nUser: WORKSTATION\\\\analyst's\\r\\nLogonGuid: {00000000-0000-0000-0000-000000000000}\\r\\nLogonId: 0x0\\r\\nTerminalSessionId: 1\\r\\nIntegrityLevel: Medium\\r\\nHashes: SHA256=C53279919FDEA03474BB23B465B3A82287157491F1BD69A5EB82DD9831582333\\r\\nParentProcessGuid: {00000000-0000-0000-0000-000000000000}\\r\\nParentProcessId: 112700\\r\\nParentImage: C:\\\\Users\\\\analyst's\\\\AppData\\\\Local\\\\local\\\\tools\\\\python-3.14.7+20260901-win32-x64\\\\python.exe\\r\\nParentCommandLine: \\\"C:\\\\Users\\\\analyst's\\\\AppData\\\\Local\\\\local\\\\tools\\\\python-3.14.7+20260901-win32-x64\\\\python.exe\\\"  -I -c \\\"import base64; exec(base64.b64decode('aW1wb3J0IG9zLCByZSwgc3lzCmltcG9ydCBjb250ZXh0bGliLCBoYXNobGliLCBpbywgcGF0aGxpYiwgc2h1dGlsLCBzdWJwcm9jZXNzCm9zLmVudmlyb24ucG9wKCdQWVRIT05IT01FJywgTm9uZSkKb3MuZW52aXJvbi5wb3AoJ1BZVEhPTlBBVEgnLCBOb25lKQpzeXMucGF0aC5pbnNlcnQoMCwgIkM6XFxVc2Vyc1xcS2hhbidzXFxBcHBEYXRhXFxMb2NhbFxcaGVybWVzXFxoZXJtZXMtYWdlbnQiKQpkZWYgX2hlcm1lc19jbG9zdXJlX3JlcGFpcigpOgogICAgaW1wb3J0IGNvbnRleHRsaWIsIGhhc2hsaWIsIGlvLCBzaHV0aWwsIHN1YnByb2Nlc3MKICAgIGZyb20gcGF0aGxpYiBpbXBvcnQgUGF0aAogICAgcm9vdCA9IFBhd\", \"Provider\": \"Microsoft-Windows-Sysmon\", \"RecordId\": 445559, \"TimeCreated\": \"2026-10-07T04:57:22.2938021+05:30\", \"User\": {\"AccountDomainSid\": null, \"BinaryLength\": 12, \"Value\": \"S-1-5-0-0-0\"}}",
     "fields": {
      "RuleName": "-",
      "UtcTime": "2026-10-06 23:27:22.290",
      "Image": "C:\\Users\\analyst's\\AppData\\Local\\local\\tools\\git-2.53.0+3-win32-x64\\cmd\\git.exe",
      "FileVersion": "2.53.0.windows.3",
      "Description": "Git for Windows",
      "Product": "Git",
      "Company": "The Git Development Community",
      "OriginalFileName": "git.exe",
      "CommandLine": "git -C C:\\Users\\analyst's rev-parse --show-toplevel",
      "CurrentDirectory": "C:\\Users\\analyst's\\",
      "User": "WORKSTATION\\analyst's",
      "LogonId": "0x0",
      "TerminalSessionId": "1",
      "IntegrityLevel": "Medium",
      "ParentImage": "C:\\Users\\analyst's\\AppData\\Local\\local\\tools\\python-3.14.7+20260901-win32-x64\\python.exe",
      "ParentCommandLine": "\"C:\\Users\\analyst's\\AppData\\Local\\local\\tools\\python-3.14.7+20260901-win32-x64\\python.exe\"  -I -c \"import base64; exec(base64.b64decode('aW1wb3J0IG9zLCByZSwgc3lzCmltcG9ydCBjb250ZXh0bGliLCBoYXNobGliLCBpbywgcGF0aGxpYiwgc2h1dGlsLCBzdWJwcm9jZXNzCm9zLmVudmlyb24ucG9wKCdQWVRIT05IT01FJywgTm9uZSkKb3MuZW52aXJvbi5wb3AoJ1BZVEhPTlBBVEgnLCBOb25lKQpzeXMucGF0aC5pbnNlcnQoMCwgIkM6XFxVc2Vyc1xcS2hhbidzXFxBcHBEYXRhXFxMb2NhbFxcaGVybWVzXFxoZXJtZXMtYWdlbnQiKQpkZWYgX2hlcm1lc19jbG9zdXJlX3JlcGFpcigpOgogICAgaW1wb3J0IGNvbnRleHRsaWIsIGhhc2hsaWIsIGlvLCBzaHV0aWwsIHN1YnByb2Nlc3MKICAgIGZyb20gcGF0aGxpYiBpbXBvcnQgUGF0aAogICAgcm9vdCA9IFBhdGgoIkM6XFxVc2Vyc1xcS2hhbidzXFxBcHBEYXRhXFxMb2NhbFxcaGVybWVzXFxoZXJtZXMtYWdlbnQiKQogICAgZ2l0ID0gcm9vdCAvICcuZ2l0JwogICAgdHJ5OgogICAgICAgIGlmIGdpdC5pc19maWxlKCk6CiAgICAgICAgICAgIHRleHQgPSBnaXQucmVhZF90ZXh0KGVuY29kaW5nPSd1dGYtOC1zaWcnKS5zdHJpcCgpCiAgICAgICAgICAgIGdpdCA9IHJvb3QgLyB0ZXh0Wzc6XS5zdHJpcCgpIGlmIHRleHQuc3RhcnRzd2l0aCgnZ2l0ZGlyOicpIGVsc2UgZ2l0CiAgICAgICAgZmllbGRzID0gZGljdChsaW5lLnBhcnRpdGlvbignPScpWzo6Ml0gZm9yIGxpbmUgaW4gKGdpdCAvICdoZXJtZXMtdXBkYXRlLXB1bGwnKS5yZWFkX3RleHQoZW5jb2Rpbmc9J3V0Zi04LXNpZycpLnNwbGl0bGluZXMoKSkKICAgIGV4Y2VwdCBPU0Vycm9yOgogICAgICAgIHJldHVybgogICAgcHJlID0gZmllbGRzLmdldCgncHJlJywgJycpLnN0cmlwKCkKICAgIGlmIG5vdCByZS5mdWxsbWF0Y2goJ1swLTlhLWZdezQwfXxbMC05YS1mXXs2NH0nLCBwcmUpOgogICAgICAgIHJldHVybgogICAgY2xvc3VyZSA9IGdpdCAvICdoZXJtZXMtdXBkYXRlLXJlY292ZXJ5JyAvIHByZQogICAgZmlsZXMgPSAoKignaGVybWVzX2NsaS9fZWFybHlfcmVjb3ZlcnkucHknLCAnaGVybWVzX2NsaS91cGRhdGVfbG9jay5weScsICdoZXJtZXNfY2xpL3VwZGF0ZV9jdXN0b2R5LnB5JyksICdoZXJtZXNfY2xpL19faW5pdF9fLnB5JykKCiAgICBkZWYgYmxvYl9pZChkYXRhKToKICAgICAgICByZXR1cm4gaGFzaGxpYi5uZXcoJ3NoYTEnIGlmIGxlbihwcmUpID09IDQwIGVsc2UgJ3NoYTI1NicsIGInYmxvYiAlZFwwJyAlIGxlbihkYXRhKSArIGRhdGEpLmhleGRpZ2VzdCgpCgogICAgZGVmIHZlcmlmaWVkKCk6CiAgICAgICAgdHJ5OgogICAgICAgICAgICBsaXN0ZWQgPSBkaWN0KGxpbmUuc3BsaXQoJyAnLCAxKVs6Oi0xXSBmb3IgbGluZSBpbiAoY2xvc3VyZSAvICdNQU5JRkVTVCcpLnJlYWRfdGV4dChlbmNvZGluZz0ndXRmLTgtc2lnJykuc3BsaXRsaW5lcygpKQogICAgICAgICAgICByZXR1cm4gKHNldChsaXN0ZWQpID09IHNldChmaWxlcykgYW5kIGxpc3RlZFsnaGVybWVzX2NsaS9fX2luaXRfXy5weSddID09IGJsb2JfaWQoYicnKQogICAgICAgICAgICAgICAgICAgIGFuZCBhbGwoYmxvYl9pZCgoY2xvc3VyZSAvIHJlbCkucmVhZF9ieXRlcygpKSA9PSBvaWQgZm9yIHJlbCwgb2lkIGluIGxpc3RlZC5pdGVtcygpKSkKICAgICAgICBleGNlcHQgKE9TRXJyb3IsIFZhbHVlRXJyb3IpOgogICAgICAgICAgICByZXR1cm4gRmFsc2UKCiAgICBpZiBub3QgdmVyaWZpZWQoKToKICAgICAgICBleGUgPSBmaWVsZHMuZ2V0KCdnaXQnLCAnJykuc3RyaXAoKQogICAgICAgIGlmIG5vdCAob3MucGF0aC5pc2FicyhleGUpIGFuZCBvcy5wYXRoLmlzZmlsZShleGUpKToKICAgICAgICAgICAgbmFtZXMgPSAoJ2dpdC5leGUnLCkgaWYgb3MubmFtZSA9PSAnbnQnIGVsc2UgKCdnaXQnLCkKICAgICAgICAgICAgZXhlID0gbmV4dCgob3MucGF0aC5qb2luKGQsIG4pIGZvciBkIGluIG9zLmVudmlyb24uZ2V0KCdQQVRIJywgJycpLnNwbGl0KG9zLnBhdGhzZXApIGlmIG9zLnBhdGguaXNhYnMoZCkKICAgICAgICAgICAgICAgICAgICAgICAgZm9yIG4gaW4gbmFtZXMgaWYgb3MucGF0aC5pc2ZpbGUob3MucGF0aC5qb2luKGQsIG4pKSksICcnKQogICAgICAgIGlmIG5vdCBleGU6CiAgICAgICAgICAgIHJldHVybgoKICAgICAgICBkZWYgZ2l0X291dCgqYXJncyk6CiAgICAgICAgICAgIGRvbmUgPSBzdWJwcm9jZXNzLnJ1bihbZXhlLCAnLS1uby1yZXBsYWNlLW9iamVjdHMnLCAnLUMnLCBzdHIocm9vdCksICphcmdzXSwgY2FwdHVyZV9vdXRwdXQ9VHJ1ZSwgdGltZW91dD02MCwKICAgICAgICAgICAgICAgICAgICAgICAgICAgICAgICAgIHN0ZGluPXN1YnByb2Nlc3MuREVWTlVMTCwgY3JlYXRpb25mbGFncz1nZXRhdHRyKHN1YnByb2Nlc3MsICdDUkVBVEVfTk9fV0lORE9XJywgMCkpCiAgICAgICAgICAgIGlmIGRvbmUucmV0dXJuY29kZSAhPSAwOgogICAgICAgICAgICAgICAgcmFpc2UgT1NFcnJvcihkb25lLnN0ZGVycikKICAgICAgICAgICAgcmV0dXJuIGRvbmUuc3Rkb3V0CgogICAgICAgIHN0YWdpbmcgPSBjbG9zdXJlLndpdGhfbmFtZSgnLiVzLiVkLmxhdW5jaCcgJSAocHJlLCBvcy5nZXRwaWQoKSkpCiAgICAgICAgdHJ5OgogICAgICAgICAgICBpZHMgPSB7fQogICAgICAgICAgICBmb3IgZW50cnkgaW4gZ2l0X291dCgnbHMtdHJlZScsICcteicsICctLWZ1bGwtdHJlZScsIHByZSwgJy0tJywgKignaGVybWVzX2NsaS9fZWFybHlfcmVjb3ZlcnkucHknLCAnaGVybWVzX2NsaS91cGRhdGVfbG9jay5weScsICdoZXJtZXNfY2xpL3VwZGF0ZV9jdXN0b2R5LnB5JykpLnNwbGl0KGInXDAnKToKICAgICAgICAgICAgICAgIG1ldGEsIF8sIHJlbCA9IGVudHJ5LmRlY29kZSgndXRmLTgnLCAncmVwbGFjZScpLnBhcnRpdGlvbignXHQnKQogICAgICAgICAgICAgICAgaWYgbWV0YS5zcGxpdCgpWzE6Ml0gPT0gWydibG9iJ106CiAgICAgICAgICAgICAgICAgICAgaWRzW3JlbF0gPSBtZXRhLnNwbGl0KClbMl0KICAgICAgICAgICAgYmxvYnMgPSB7J2hlcm1lc19jbGkvX19pbml0X18ucHknOiBiJyd9CiAgICAgICAgICAgIGZvciByZWwgaW4gKCdoZXJtZXNfY2xpL19lYXJseV9yZWNvdmVyeS5weScsICdoZXJtZXNfY2xpL3VwZGF0ZV9sb2NrLnB5JywgJ2hlcm1lc19jbGkvdXBkYXRlX2N1c3RvZHkucHknKToKICAgICAgICAgICAgICAgIGJsb2JzW3JlbF0gPSBnaXRfb3V0KCdjYXQtZmlsZScsICdibG9iJywgaWRzW3JlbF0pCiAgICAgICAgICAgICAgICBpZiBibG9iX2lkKGJsb2JzW3JlbF0pICE9IGlkc1tyZWxdOiAgIyBhbiBvYmplY3QgdGhhdCBpbmZsYXRlcyB0byBieXRlcyBwcmUgbmV2ZXIgaGFkCiAgICAgICAgICAgICAgICAgICAgcmFpc2UgT1NFcnJvcignJXMgZG9lcyBub3QgaGFzaCB0byAlcycgJSAocmVsLCBpZHNbcmVsXSkpCiAgICAgICAgICAgIGJsb2JzWydNQU5JRkVTVCddID0gJycuam9pbignJXMgJXNcbicgJSAoYmxvYl9pZChkYXRhKSwgcmVsKSBmb3IgcmVsLCBkYXRhIGluIGJsb2JzLml0ZW1zKCkpLmVuY29kZSgndXRmLTgnKQogICAgICAgICAgICBmb3IgcmVsLCBkYXRhIGluIGJsb2JzLml0ZW1zKCk6CiAgICAgICAgICAgICAgICAoc3RhZ2luZyAvIHJlbCkucGFyZW50Lm1rZGlyKHBhcmVudHM9VHJ1ZSwgZXhpc3Rfb2s9VHJ1ZSkKICAgICAgICAgICAgICAgIChzdGFnaW5nIC8gcmVsKS53cml0ZV9ieXRlcyhkYXRhKQogICAgICAgICAgICBzaHV0aWwucm10cmVlKGNsb3N1cmUsIGlnbm9yZV9lcnJvcnM9VHJ1ZSkKICAgICAgICAgICAgb3MucmVwbGFjZShzdGFnaW5nLCBjbG9zdXJlKQogICAgICAgIGV4Y2VwdCAoT1NFcnJvciwgS2V5RXJyb3IsIHN1YnByb2Nlc3MuU3VicHJvY2Vzc0Vycm9yKToKICAgICAgICAgICAgcGFzcwogICAgICAgIGZpbmFsbHk6CiAgICAgICAgICAgIHNodXRpbC5ybXRyZWUoc3RhZ2luZywgaWdub3JlX2Vycm9ycz1UcnVlKQogICAgICAgIGlmIG5vdCB2ZXJpZmllZCgpOgogICAgICAgICAgICByZXR1cm4KICAgIGZvciBuYW1lIGluIFtuIGZvciBuIGluIHN5cy5tb2R1bGVzIGlmIG4uc3BsaXQoJy4nKVswXSBpbiAoJ2hlcm1lc19jbGknLCAnaGVybWVzX2Jvb3RzdHJhcCcsICdoZXJtZXNfY29uc3RhbnRzJywgJ3BtJyldOgogICAgICAgIGRlbCBzeXMubW9kdWxlc1tuYW1lXQogICAgdHJlZSA9IG9zLnBhdGgubm9ybWNhc2Uob3MucGF0aC5yZWFscGF0aChyb290KSkKICAgIHN5cy5wYXRoWzpdID0gW3N0cihjbG9zdXJlKV0gKyBbcCBmb3IgcCBpbiBzeXMucGF0aCBpZiBwIGFuZCBvcy5wYXRoLm5vcm1jYXNlKG9zLnBhdGgucmVhbHBhdGgocCkpICE9IHRyZWUKICAgICAgICAgICAgICAgICAgICAgICAgICAgICAgICAgICAgYW5kIG5vdCBvcy5wYXRoLm5vcm1jYXNlKG9zLnBhdGgucmVhbHBhdGgocCkpLnN0YXJ0c3dpdGgodHJlZSArIG9zLnNlcCldCiAgICBzeXMuZG9udF93cml0ZV9ieXRlY29kZSA9IFRydWUKICAgIHNhaWQgPSBpby5TdHJpbmdJTygpCiAgICByZXN0b3JlZCA9IEZhbHNlCiAgICB0cnk6CiAgICAgICAgd2l0aCBjb250ZXh0bGliLnJlZGlyZWN0X3N0ZGVycihzYWlkKToKICAgICAgICAgICAgZnJvbSBoZXJtZXNfY2xpIGltcG9ydCBfZWFybHlfcmVjb3ZlcnkKICAgICAgICAgICAgcmVzdG9yZWQgPSBfZWFybHlfcmVjb3ZlcnkucmVzdG9yZV9pbnRlcnJ1cHRlZF9wdWxsKHJvb3QpCiAgICBleGNlcHQgRXhjZXB0aW9uIGFzIGV4YzoKICAgICAgICBzYWlkLndyaXRlKCdoZXJtZXM6IHRoZSBjaGVja291dCBjYW5ub3Qgc3RhcnQgYWZ0ZXIgYW4gaW50ZXJydXB0ZWQgYGhlcm1lcyB1cGRhdGVgLCBhbmQgaXQgd2FzIG5vdCAnCiAgICAgICAgICAgICAgICAgICAncmVwYWlyZWQ6ICVzXG4nICUgKGV4YywpKQogICAgaWYgcmVzdG9yZWQ6CiAgICAgICAgc3lzLnN0ZGVyci53cml0ZSgnaGVybWVzOiB0aGUgY2hlY2tvdXQgY291bGQgbm90IHN0YXJ0IGFmdGVyIGFuIGludGVycnVwdGVkIGBoZXJtZXMgdXBkYXRlYDsgJwogICAgICAgICAgICAgICAgICAgICAgICAgJ3JlcGFpcmVkIGl0IHdpdGggdGhlIHJlY292ZXJ5IGNvZGUgc2F2ZWQgYmVmb3JlIHRoZSB1cGRhdGUuXG4nICsgc2FpZC5nZXR2YWx1ZSgpKQogICAgICAgIF9lYXJseV9yZWNvdmVyeS5yZWxhdW5jaF9hZnRlcl9yZXN0b3JlKCkKICAgIHN5cy5zdGRlcnIud3JpdGUoc2FpZC5nZXR2YWx1ZSgpIG9yICdoZXJtZXM6IHRoZSBjaGVja291dCBjYW5ub3Qgc3RhcnQgYWZ0ZXIgYW4gaW50ZXJydXB0ZWQgYGhlcm1lcyB1cGRhdGVgOyAnCiAgICAgICAgICAgICAgICAgICAgICdsYXVuY2ggYWdhaW4gb25jZSB0aGUgdXBkYXRlIHRoYXQgb3ducyBpdCBmaW5pc2hlcy5cbicpCiAgICByYWlzZSBTeXN0ZW1FeGl0KDEpCmlmIHN5cy5hcmd2WzE6Ml0gPT0gWyctLXByaW50LXJ1bnRpbWUtY29tbWFuZCddOgogICAgc3lzLmRvbnRfd3JpdGVfYnl0ZWNvZGUgPSBUcnVlCiAgICBmcm9tIHBhdGhsaWIgaW1wb3J0IFBhdGgKICAgIHRyeToKICAgICAgICBmcm9tIGhlcm1lc19jbGkgaW1wb3J0IF9lYXJseV9yZWNvdmVyeQogICAgZXhjZXB0IEV4Y2VwdGlvbiBhcyBleGM6CiAgICAgICAgaWYgX2hlcm1lc19jbG9zdXJlX3JlcGFpcigpIG9yIG5vdCBpc2luc3RhbmNlKGV4YywgSW1wb3J0RXJyb3IpOgogICAgICAgICAgICByYWlzZQogICAgICAgIF9lYXJseV9yZWNvdmVyeSA9IE5vbmUgICMgYSB0cmVlIHdpdGhvdXQgdGhlIHJlcGFpcjogdGhlIGltcG9ydHMgYmVsb3cgcmVwb3J0IHJlYWwgZGFtYWdlCiAgICBpZiBfZWFybHlfcmVjb3ZlcnkgaXMgbm90IE5vbmUgYW5kIF9lYXJseV9yZWNvdmVyeS5yZXN0b3JlX2ludGVycnVwdGVkX3B1bGwoUGF0aCgiQzpcXFVzZXJzXFxLaGFuJ3NcXEFwcERhdGFcXExvY2FsXFxoZXJtZXNcXGhlcm1lcy1hZ2VudCIpKToKICAgICAgICBfZWFybHlfcmVjb3ZlcnkucmVsYXVuY2hfYWZ0ZXJfcmVzdG9yZSgpCiAgICBmcm9tIGhlcm1lc19jb25zdGFudHMgaW1wb3J0IGdldF9kZWZhdWx0X2hlcm1lc19yb290CiAgICBvcy5lbnZpcm9uWydIRVJNRVNfSE9NRSddID0gb3MuZW52aXJvbi5nZXQoJ0hFUk1FU19IT01FJykgb3Igc3RyKGdldF9kZWZhdWx0X2hlcm1lc19yb290KCkpCiAgICBmcm9tIGhlcm1lc19jbGkuX2xhdW5jaGVycyBpbXBvcnQgcHJpbnRfcnVudGltZV9jb21tYW5kCiAgICBwcmludF9ydW50aW1lX2NvbW1hbmQoUGF0aCgiQzpcXFVzZXJzXFxLaGFuJ3NcXEFwcERhdGFcXExvY2FsXFxoZXJtZXNcXGhlcm1lcy1hZ2VudCIpLCBzeXMuYXJndlsyOl0pCiAgICBzeXMuZXhpdCgwKQpzeXMuX2hlcm1lc19waW5fZGVmYXVsdF9ob21lID0gVHJ1ZQp0cnk6CiAgICBpbXBvcnQgaGVybWVzX2Jvb3RzdHJhcApleGNlcHQgRXhjZXB0aW9uOgogICAgX2hlcm1lc19jbG9zdXJlX3JlcGFpcigpCiAgICByYWlzZQppZiBub3Qgb3MuZW52aXJvbi5nZXQoJ0hFUk1FU19IT01FJyk6CiAgICBmcm9tIGhlcm1lc19jb25zdGFudHMgaW1wb3J0IGdldF9kZWZhdWx0X2hlcm1lc19yb290CiAgICBvcy5lbnZpcm9uWydIRVJNRVNfSE9NRSddID0gc3RyKGdldF9kZWZhdWx0X2hlcm1lc19yb290KCkpCmlmIHN5cy5hcmd2WzE6Ml0gPT0gWyctLXJ1bi1tb2R1bGUnXToKICAgIGltcG9ydCBydW5weQogICAgaWYgbGVuKHN5cy5hcmd2KSA8IDM6IHN5cy5leGl0KCdoZXJtZXM6IC0tcnVuLW1vZHVsZSBuZWVkcyBhIG1vZHVsZScpCiAgICBtb2R1bGUgPSBzeXMuYXJndi5wb3AoMikKICAgIGRlbCBzeXMuYXJndlsxXQogICAgcnVucHkucnVuX21vZHVsZShtb2R1bGUsIHJ1bl9uYW1lPSdfX21haW5fXycsIGFsdGVyX3N5cz1UcnVlKQogICAgc3lzLmV4aXQoMCkKZnJvbSBoZXJtZXNfY2xpLm1haW4gaW1wb3J0IG1haW4Kc3lzLmFyZ3ZbMF0gPSByZS5zdWIocicoLXNjcmlwdFwucHl3fFwuZXhlKT8kJywgJycsIHN5cy5hcmd2WzBdKQpzeXMuZXhpdChtYWluKCkpCg=='))\" serve --host 198.51.100.19 --port 0",
      "ParentUser": "WORKSTATION\\analyst's"
     },
     "captured_channel": "Microsoft-Windows-Sysmon/Operational"
    },
    {
     "timestamp": "2026-10-07T04:57:22.3065133+05:30",
     "channel": "Microsoft-Windows-Sysmon/Operational",
     "provider": "Microsoft-Windows-Sysmon",
     "event_id": "1",
     "level": "Information",
     "severity": "Low",
     "username": "WORKSTATION\\analyst's",
     "host": "localhost",
     "source_ip": "local",
     "message": "Process Create:\r\nRuleName: -\r\nUtcTime: 2026-10-06 23:27:22.301\r\nProcessGuid: {00000000-0000-0000-0000-000000000000}\r\nProcessId: 113680\r\nImage: C:\\Windows\\System32\\conhost.exe\r\nFileVersion: 10.0.26100.9444 (WinBuild.160101.0800)\r\nDescription: Console Window Host\r\nProduct: Microsoftr Windowsr Operatin",
     "record_id": 445560,
     "source": "windows-event-log",
     "is_alert": false,
     "rule_name": "",
     "external_id": "Microsoft-Windows-Sysmon/Operational:445560",
     "raw_log": "{\"Channel\": \"Microsoft-Windows-Sysmon/Operational\", \"EventData\": {\"CommandLine\": \"\\\\??\\\\C:\\\\windows\\\\system32\\\\conhost.exe 0x0 -ForceV1\", \"Company\": \"Microsoft Corporation\", \"CurrentDirectory\": \"C:\\\\windows\", \"Description\": \"Console Window Host\", \"FileVersion\": \"10.0.26100.9444 (WinBuild.160101.0800)\", \"Hashes\": \"SHA256=E449BCE01F275CD08F3D4E64BB73B3B43AE845A0DBDB3E6131426E66537705E5\", \"Image\": \"C:\\\\Windows\\\\System32\\\\conhost.exe\", \"IntegrityLevel\": \"Medium\", \"LogonGuid\": \"{00000000-0000-0000-0000-000000000000}\", \"LogonId\": \"0x0\", \"OriginalFileName\": \"CONHOST.EXE\", \"ParentCommandLine\": \"git -C C:\\\\Users\\\\analyst's rev-parse --show-toplevel\", \"ParentImage\": \"C:\\\\Users\\\\analyst's\\\\AppData\\\\Local\\\\local\\\\tools\\\\git-2.53.0+3-win32-x64\\\\cmd\\\\git.exe\", \"ParentProcessGuid\": \"{00000000-0000-0000-0000-000000000000}\", \"ParentProcessId\": \"36396\", \"ParentUser\": \"WORKSTATION\\\\analyst's\", \"ProcessGuid\": \"{00000000-0000-0000-0000-000000000000}\", \"ProcessId\": \"113680\", \"Product\": \"Microsoftr Windowsr Operating System\", \"RuleName\": \"-\", \"TerminalSessionId\": \"1\", \"User\": \"WORKSTATION\\\\analyst's\", \"UtcTime\": \"2026-10-06 23:27:22.301\"}, \"Id\": 1, \"Level\": \"Information\", \"Message\": \"Process Create:\\r\\nRuleName: -\\r\\nUtcTime: 2026-10-06 23:27:22.301\\r\\nProcessGuid: {00000000-0000-0000-0000-000000000000}\\r\\nProcessId: 113680\\r\\nImage: C:\\\\Windows\\\\System32\\\\conhost.exe\\r\\nFileVersion: 10.0.26100.9444 (WinBuild.160101.0800)\\r\\nDescription: Console Window Host\\r\\nProduct: Microsoftr Windowsr Operating System\\r\\nCompany: Microsoft Corporation\\r\\nOriginalFileName: CONHOST.EXE\\r\\nCommandLine: \\\\??\\\\C:\\\\windows\\\\system32\\\\conhost.exe 0x0 -ForceV1\\r\\nCurrentDirectory: C:\\\\windows\\r\\nUser: WORKSTATION\\\\analyst's\\r\\nLogonGuid: {00000000-0000-0000-0000-000000000000}\\r\\nLogonId: 0x0\\r\\nTerminalSessionId: 1\\r\\nIntegrityLevel: Medium\\r\\nHashes: SHA256=E449BCE01F275CD08F3D4E64BB73B3B43AE845A0DBDB3E6131426E66537705E5\\r\\nParentProcessGuid: {00000000-0000-0000-0000-000000000000}\\r\\nParentProcessId: 36396\\r\\nParentImage: C:\\\\Users\\\\analyst's\\\\AppData\\\\Local\\\\local\\\\tools\\\\git-2.53.0+3-win32-x64\\\\cmd\\\\git.exe\\r\\nParentCommandLine: git -C C:\\\\Users\\\\analyst's rev-parse --show-toplevel\\r\\nParentUser: WORKSTATION\\\\analyst's\", \"Provider\": \"Microsoft-Windows-Sysmon\", \"RecordId\": 445560, \"TimeCreated\": \"2026-10-07T04:57:22.3065133+05:30\", \"User\": {\"AccountDomainSid\": null, \"BinaryLength\": 12, \"Value\": \"S-1-5-0-0-0\"}}",
     "fields": {
      "RuleName": "-",
      "UtcTime": "2026-10-06 23:27:22.301",
      "Image": "C:\\Windows\\System32\\conhost.exe",
      "FileVersion": "10.0.26100.9444 (WinBuild.160101.0800)",
      "Description": "Console Window Host",
      "Product": "Microsoftr Windowsr Operating System",
      "Company": "Microsoft Corporation",
      "OriginalFileName": "CONHOST.EXE",
      "CommandLine": "\\??\\C:\\windows\\system32\\conhost.exe 0x0 -ForceV1",
      "CurrentDirectory": "C:\\windows",
      "User": "WORKSTATION\\analyst's",
      "LogonId": "0x0",
      "TerminalSessionId": "1",
      "IntegrityLevel": "Medium",
      "ParentImage": "C:\\Users\\analyst's\\AppData\\Local\\local\\tools\\git-2.53.0+3-win32-x64\\cmd\\git.exe",
      "ParentCommandLine": "git -C C:\\Users\\analyst's rev-parse --show-toplevel",
      "ParentUser": "WORKSTATION\\analyst's"
     },
     "captured_channel": "Microsoft-Windows-Sysmon/Operational"
    },
    {
     "timestamp": "2026-10-07T04:57:22.3535477+05:30",
     "channel": "Microsoft-Windows-Sysmon/Operational",
     "provider": "Microsoft-Windows-Sysmon",
     "event_id": "1",
     "level": "Information",
     "severity": "Low",
     "username": "WORKSTATION\\analyst's",
     "host": "localhost",
     "source_ip": "local",
     "message": "Process Create:\r\nRuleName: -\r\nUtcTime: 2026-10-06 23:27:22.348\r\nProcessGuid: {00000000-0000-0000-0000-000000000000}\r\nProcessId: 113644\r\nImage: C:\\Users\\analyst's\\AppData\\Local\\local\\tools\\git-2.53.0+3-win32-x64\\mingw64\\bin\\git.exe\r\nFileVersion: 2.53.0.windows.3\r\nDescription: Git for Windows\r\nProduct",
     "record_id": 445561,
     "source": "windows-event-log",
     "is_alert": false,
     "rule_name": "",
     "external_id": "Microsoft-Windows-Sysmon/Operational:445561",
     "raw_log": "{\"Channel\": \"Microsoft-Windows-Sysmon/Operational\", \"EventData\": {\"CommandLine\": \"git.exe -C C:\\\\Users\\\\analyst's rev-parse --show-toplevel\", \"Company\": \"The Git Development Community\", \"CurrentDirectory\": \"C:\\\\Users\\\\analyst's\\\\\", \"Description\": \"Git for Windows\", \"FileVersion\": \"2.53.0.windows.3\", \"Hashes\": \"SHA256=C115A66A1BEDE6694B513AF420CC90F8775BE03666A54D1ECB82D6196B929FE9\", \"Image\": \"C:\\\\Users\\\\analyst's\\\\AppData\\\\Local\\\\local\\\\tools\\\\git-2.53.0+3-win32-x64\\\\mingw64\\\\bin\\\\git.exe\", \"IntegrityLevel\": \"Medium\", \"LogonGuid\": \"{00000000-0000-0000-0000-000000000000}\", \"LogonId\": \"0x0\", \"OriginalFileName\": \"git.exe\", \"ParentCommandLine\": \"git -C C:\\\\Users\\\\analyst's rev-parse --show-toplevel\", \"ParentImage\": \"C:\\\\Users\\\\analyst's\\\\AppData\\\\Local\\\\local\\\\tools\\\\git-2.53.0+3-win32-x64\\\\cmd\\\\git.exe\", \"ParentProcessGuid\": \"{00000000-0000-0000-0000-000000000000}\", \"ParentProcessId\": \"36396\", \"ParentUser\": \"WORKSTATION\\\\analyst's\", \"ProcessGuid\": \"{00000000-0000-0000-0000-000000000000}\", \"ProcessId\": \"113644\", \"Product\": \"Git\", \"RuleName\": \"-\", \"TerminalSessionId\": \"1\", \"User\": \"WORKSTATION\\\\analyst's\", \"UtcTime\": \"2026-10-06 23:27:22.348\"}, \"Id\": 1, \"Level\": \"Information\", \"Message\": \"Process Create:\\r\\nRuleName: -\\r\\nUtcTime: 2026-10-06 23:27:22.348\\r\\nProcessGuid: {00000000-0000-0000-0000-000000000000}\\r\\nProcessId: 113644\\r\\nImage: C:\\\\Users\\\\analyst's\\\\AppData\\\\Local\\\\local\\\\tools\\\\git-2.53.0+3-win32-x64\\\\mingw64\\\\bin\\\\git.exe\\r\\nFileVersion: 2.53.0.windows.3\\r\\nDescription: Git for Windows\\r\\nProduct: Git\\r\\nCompany: The Git Development Community\\r\\nOriginalFileName: git.exe\\r\\nCommandLine: git.exe -C C:\\\\Users\\\\analyst's rev-parse --show-toplevel\\r\\nCurrentDirectory: C:\\\\Users\\\\analyst's\\\\\\r\\nUser: WORKSTATION\\\\analyst's\\r\\nLogonGuid: {00000000-0000-0000-0000-000000000000}\\r\\nLogonId: 0x0\\r\\nTerminalSessionId: 1\\r\\nIntegrityLevel: Medium\\r\\nHashes: SHA256=C115A66A1BEDE6694B513AF420CC90F8775BE03666A54D1ECB82D6196B929FE9\\r\\nParentProcessGuid: {00000000-0000-0000-0000-000000000000}\\r\\nParentProcessId: 36396\\r\\nParentImage: C:\\\\Users\\\\analyst's\\\\AppData\\\\Local\\\\local\\\\tools\\\\git-2.53.0+3-win32-x64\\\\cmd\\\\git.exe\\r\\nParentCommandLine: git -C C:\\\\Users\\\\analyst's rev-parse --show-toplevel\\r\\nParentUser: WORKSTATION\\\\analyst's\", \"Provider\": \"Microsoft-Windows-Sysmon\", \"RecordId\": 445561, \"TimeCreated\": \"2026-10-07T04:57:22.3535477+05:30\", \"User\": {\"AccountDomainSid\": null, \"BinaryLength\": 12, \"Value\": \"S-1-5-0-0-0\"}}",
     "fields": {
      "RuleName": "-",
      "UtcTime": "2026-10-06 23:27:22.348",
      "Image": "C:\\Users\\analyst's\\AppData\\Local\\local\\tools\\git-2.53.0+3-win32-x64\\mingw64\\bin\\git.exe",
      "FileVersion": "2.53.0.windows.3",
      "Description": "Git for Windows",
      "Product": "Git",
      "Company": "The Git Development Community",
      "OriginalFileName": "git.exe",
      "CommandLine": "git.exe -C C:\\Users\\analyst's rev-parse --show-toplevel",
      "CurrentDirectory": "C:\\Users\\analyst's\\",
      "User": "WORKSTATION\\analyst's",
      "LogonId": "0x0",
      "TerminalSessionId": "1",
      "IntegrityLevel": "Medium",
      "ParentImage": "C:\\Users\\analyst's\\AppData\\Local\\local\\tools\\git-2.53.0+3-win32-x64\\cmd\\git.exe",
      "ParentCommandLine": "git -C C:\\Users\\analyst's rev-parse --show-toplevel",
      "ParentUser": "WORKSTATION\\analyst's"
     },
     "captured_channel": "Microsoft-Windows-Sysmon/Operational"
    },
    {
     "timestamp": "2026-10-07T04:57:22.3789880+05:30",
     "channel": "Microsoft-Windows-Sysmon/Operational",
     "provider": "Microsoft-Windows-Sysmon",
     "event_id": "1",
     "level": "Information",
     "severity": "Low",
     "username": "WORKSTATION\\analyst's",
     "host": "localhost",
     "source_ip": "local",
     "message": "Process Create:\r\nRuleName: -\r\nUtcTime: 2026-10-06 23:27:22.374\r\nProcessGuid: {00000000-0000-0000-0000-000000000000}\r\nProcessId: 14828\r\nImage: C:\\Program Files\\WindowsApps\\PythonSoftwareFoundation.Python.3.11_3.11.2544.0_x64__qbz5n2kfra8p0\\python3.11.exe\r\nFileVersion: 3.11.9\r\nDescription: Python\r\nPro",
     "record_id": 445562,
     "source": "windows-event-log",
     "is_alert": false,
     "rule_name": "",
     "external_id": "Microsoft-Windows-Sysmon/Operational:445562",
     "raw_log": "{\"Channel\": \"Microsoft-Windows-Sysmon/Operational\", \"EventData\": {\"CommandLine\": \"\\\"C:\\\\Users\\\\analyst's\\\\AppData\\\\Local\\\\Microsoft\\\\WindowsApps\\\\PythonSoftwareFoundation.Python.3.11_qbz5n2kfra8p0\\\\python.exe\\\" C:\\\\Users\\\\analyst's\\\\AppData\\\\Local\\\\Temp\\\\local-no-console-git.py status --porcelain -b -u --null --untracked-files=normal\", \"Company\": \"Python Software Foundation\", \"CurrentDirectory\": \"C:\\\\Users\\\\analyst's\\\\\", \"Description\": \"Python\", \"FileVersion\": \"3.11.9\", \"Hashes\": \"SHA256=EA21D2833698F5BF74E44B7125855336A7BC1291BE6983532109B016F9859257\", \"Image\": \"C:\\\\Program Files\\\\WindowsApps\\\\PythonSoftwareFoundation.Python.3.11_3.11.2544.0_x64__qbz5n2kfra8p0\\\\python3.11.exe\", \"IntegrityLevel\": \"Medium\", \"LogonGuid\": \"{00000000-0000-0000-0000-000000000000}\", \"LogonId\": \"0x0\", \"OriginalFileName\": \"python.exe\", \"ParentCommandLine\": \"C:\\\\Users\\\\analyst's\\\\AppData\\\\Local\\\\local\\\\local-agent\\\\venv\\\\Scripts\\\\python.exe C:\\\\Users\\\\analyst's\\\\AppData\\\\Local\\\\Temp\\\\local-no-console-git.py status --porcelain -b -u --null --untracked-files=normal\", \"ParentImage\": \"C:\\\\Users\\\\analyst's\\\\AppData\\\\Local\\\\local\\\\local-agent\\\\venv\\\\Scripts\\\\python.exe\", \"ParentProcessGuid\": \"{00000000-0000-0000-0000-000000000000}\", \"ParentProcessId\": \"122552\", \"ParentUser\": \"WORKSTATION\\\\analyst's\", \"ProcessGuid\": \"{00000000-0000-0000-0000-000000000000}\", \"ProcessId\": \"14828\", \"Product\": \"Python\", \"RuleName\": \"-\", \"TerminalSessionId\": \"1\", \"User\": \"WORKSTATION\\\\analyst's\", \"UtcTime\": \"2026-10-06 23:27:22.374\"}, \"Id\": 1, \"Level\": \"Information\", \"Message\": \"Process Create:\\r\\nRuleName: -\\r\\nUtcTime: 2026-10-06 23:27:22.374\\r\\nProcessGuid: {00000000-0000-0000-0000-000000000000}\\r\\nProcessId: 14828\\r\\nImage: C:\\\\Program Files\\\\WindowsApps\\\\PythonSoftwareFoundation.Python.3.11_3.11.2544.0_x64__qbz5n2kfra8p0\\\\python3.11.exe\\r\\nFileVersion: 3.11.9\\r\\nDescription: Python\\r\\nProduct: Python\\r\\nCompany: Python Software Foundation\\r\\nOriginalFileName: python.exe\\r\\nCommandLine: \\\"C:\\\\Users\\\\analyst's\\\\AppData\\\\Local\\\\Microsoft\\\\WindowsApps\\\\PythonSoftwareFoundation.Python.3.11_qbz5n2kfra8p0\\\\python.exe\\\" C:\\\\Users\\\\analyst's\\\\AppData\\\\Local\\\\Temp\\\\local-no-console-git.py status --porcelain -b -u --null --untracked-files=normal\\r\\nCurrentDirectory: C:\\\\Users\\\\analyst's\\\\\\r\\nUser: WORKSTATION\\\\analyst's\\r\\nLogonGuid: {00000000-0000-0000-0000-000000000000}\\r\\nLogonId: 0x0\\r\\nTerminalSessionId: 1\\r\\nIntegrityLevel: Medium\\r\\nHashes: SHA256=EA21D2833698F5BF74E44B7125855336A7BC1291BE6983532109B016F9859257\\r\\nParentProcessGuid: {00000000-0000-0000-0000-000000000000}\\r\\nParentProcessId: 122552\\r\\nParentImage: C:\\\\Users\\\\analyst's\\\\AppData\\\\Local\\\\local\\\\local-agent\\\\venv\\\\Scripts\\\\python.exe\\r\\nParentCommandLine: C:\\\\Users\\\\analyst's\\\\AppData\\\\Local\\\\local\\\\local-agent\\\\venv\\\\Scripts\\\\python.exe C:\\\\Users\\\\analyst's\\\\AppData\\\\Local\\\\Temp\\\\local-no-console-git.py status --porcelain -b -u --null --untracked-files=normal\\r\\nParentUser: WORKSTATION\\\\analyst's\", \"Provider\": \"Microsoft-Windows-Sysmon\", \"RecordId\": 445562, \"TimeCreated\": \"2026-10-07T04:57:22.3789880+05:30\", \"User\": {\"AccountDomainSid\": null, \"BinaryLength\": 12, \"Value\": \"S-1-5-0-0-0\"}}",
     "fields": {
      "RuleName": "-",
      "UtcTime": "2026-10-06 23:27:22.374",
      "Image": "C:\\Program Files\\WindowsApps\\PythonSoftwareFoundation.Python.3.11_3.11.2544.0_x64__qbz5n2kfra8p0\\python3.11.exe",
      "FileVersion": "3.11.9",
      "Description": "Python",
      "Product": "Python",
      "Company": "Python Software Foundation",
      "OriginalFileName": "python.exe",
      "CommandLine": "\"C:\\Users\\analyst's\\AppData\\Local\\Microsoft\\WindowsApps\\PythonSoftwareFoundation.Python.3.11_qbz5n2kfra8p0\\python.exe\" C:\\Users\\analyst's\\AppData\\Local\\Temp\\local-no-console-git.py status --porcelain -b -u --null --untracked-files=normal",
      "CurrentDirectory": "C:\\Users\\analyst's\\",
      "User": "WORKSTATION\\analyst's",
      "LogonId": "0x0",
      "TerminalSessionId": "1",
      "IntegrityLevel": "Medium",
      "ParentImage": "C:\\Users\\analyst's\\AppData\\Local\\local\\local-agent\\venv\\Scripts\\python.exe",
      "ParentCommandLine": "C:\\Users\\analyst's\\AppData\\Local\\local\\local-agent\\venv\\Scripts\\python.exe C:\\Users\\analyst's\\AppData\\Local\\Temp\\local-no-console-git.py status --porcelain -b -u --null --untracked-files=normal",
      "ParentUser": "WORKSTATION\\analyst's"
     },
     "captured_channel": "Microsoft-Windows-Sysmon/Operational"
    },
