    {
     "timestamp": "2026-10-07T07:08:52.2914911+05:30",
     "channel": "Security",
     "provider": "Microsoft-Windows-Security-Auditing",
     "event_id": "5379",
     "level": "Information",
     "severity": "Low",
     "username": "analyst's",
     "host": "localhost",
     "source_ip": "local",
     "message": "Credential Manager credentials were read.\r\n\r\nSubject:\r\n\tSecurity ID:\t\tS-1-5-0-0-0-1001\r\n\tAccount Name:\t\tanalyst's\r\n\tAccount Domain:\t\tWORKSTATION\r\n\tLogon ID:\t\t0x0\r\n\tRead Operation:\t\tEnumerate Credentials\r\n\r\nThis event occurs when a user performs a read operation on stored credentials in Credential Ma",
     "record_id": 12529687,
     "source": "windows-event-log",
     "is_alert": false,
     "rule_name": "",
     "external_id": "Security:12529687",
     "raw_log": "{\"Channel\": \"Security\", \"EventData\": {\"ClientProcessId\": \"23732\", \"CountOfCredentialsReturned\": \"0\", \"ProcessCreationTime\": \"2026-10-07T01:35:09.9397710Z\", \"ReadOperation\": \"%%8100\", \"ReturnCode\": \"3221226021\", \"SubjectDomainName\": \"WORKSTATION\", \"SubjectLogonId\": \"0x0\", \"SubjectUserName\": \"analyst's\", \"SubjectUserSid\": \"S-1-5-0-0-0-1001\", \"TargetName\": \"WindowsLive:(cert):name=user@example.invalid;serviceuri=*\", \"Type\": \"0\"}, \"Id\": 5379, \"Level\": \"Information\", \"Message\": \"Credential Manager credentials were read.\\r\\n\\r\\nSubject:\\r\\n\\tSecurity ID:\\t\\tS-1-5-0-0-0-1001\\r\\n\\tAccount Name:\\t\\tanalyst's\\r\\n\\tAccount Domain:\\t\\tWORKSTATION\\r\\n\\tLogon ID:\\t\\t0x0\\r\\n\\tRead Operation:\\t\\tEnumerate Credentials\\r\\n\\r\\nThis event occurs when a user performs a read operation on stored credentials in Credential Manager.\", \"Provider\": \"Microsoft-Windows-Security-Auditing\", \"RecordId\": 12529687, \"TimeCreated\": \"2026-10-07T07:08:52.2914911+05:30\", \"User\": null}",
     "fields": {
      "SubjectUserSid": "S-1-5-0-0-0-1001",
      "SubjectUserName": "analyst's",
      "SubjectDomainName": "WORKSTATION",
      "SubjectLogonId": "0x0",
      "TargetName": "WindowsLive:(cert):name=user@example.invalid;serviceuri=*",
      "Type": "0",
      "CountOfCredentialsReturned": "0",
      "ReadOperation": "%%8100",
      "ReturnCode": "3221226021",
      "ProcessCreationTime": "2026-10-07T01:35:09.9397710Z",
      "ClientProcessId": "23732"
     },
     "captured_channel": "Security"
    },
    {
     "timestamp": "2026-10-07T07:08:52.2926900+05:30",
     "channel": "Security",
     "provider": "Microsoft-Windows-Security-Auditing",
     "event_id": "5379",
     "level": "Information",
     "severity": "Low",
     "username": "analyst's",
     "host": "localhost",
     "source_ip": "local",
     "message": "Credential Manager credentials were read.\r\n\r\nSubject:\r\n\tSecurity ID:\t\tS-1-5-0-0-0-1001\r\n\tAccount Name:\t\tanalyst's\r\n\tAccount Domain:\t\tWORKSTATION\r\n\tLogon ID:\t\t0x0\r\n\tRead Operation:\t\tEnumerate Credentials\r\n\r\nThis event occurs when a user performs a read operation on stored credentials in Credential Ma",
     "record_id": 12529688,
     "source": "windows-event-log",
     "is_alert": false,
     "rule_name": "",
     "external_id": "Security:12529688",
     "raw_log": "{\"Channel\": \"Security\", \"EventData\": {\"ClientProcessId\": \"23732\", \"CountOfCredentialsReturned\": \"1\", \"ProcessCreationTime\": \"2026-10-07T01:35:09.9397710Z\", \"ReadOperation\": \"%%8100\", \"ReturnCode\": \"0\", \"SubjectDomainName\": \"WORKSTATION\", \"SubjectLogonId\": \"0x0\", \"SubjectUserName\": \"analyst's\", \"SubjectUserSid\": \"S-1-5-0-0-0-1001\", \"TargetName\": \"MicrosoftAccount:user=user@example.invalid\", \"Type\": \"0\"}, \"Id\": 5379, \"Level\": \"Information\", \"Message\": \"Credential Manager credentials were read.\\r\\n\\r\\nSubject:\\r\\n\\tSecurity ID:\\t\\tS-1-5-0-0-0-1001\\r\\n\\tAccount Name:\\t\\tanalyst's\\r\\n\\tAccount Domain:\\t\\tWORKSTATION\\r\\n\\tLogon ID:\\t\\t0x0\\r\\n\\tRead Operation:\\t\\tEnumerate Credentials\\r\\n\\r\\nThis event occurs when a user performs a read operation on stored credentials in Credential Manager.\", \"Provider\": \"Microsoft-Windows-Security-Auditing\", \"RecordId\": 12529688, \"TimeCreated\": \"2026-10-07T07:08:52.2926900+05:30\", \"User\": null}",
     "fields": {
      "SubjectUserSid": "S-1-5-0-0-0-1001",
      "SubjectUserName": "analyst's",
      "SubjectDomainName": "WORKSTATION",
      "SubjectLogonId": "0x0",
      "TargetName": "MicrosoftAccount:user=user@example.invalid",
      "Type": "0",
      "CountOfCredentialsReturned": "1",
      "ReadOperation": "%%8100",
      "ReturnCode": "0",
      "ProcessCreationTime": "2026-10-07T01:35:09.9397710Z",
      "ClientProcessId": "23732"
     },
     "captured_channel": "Security"
    },
    {
     "timestamp": "2026-10-07T07:08:52.2952233+05:30",
     "channel": "Security",
     "provider": "Microsoft-Windows-Security-Auditing",
     "event_id": "5379",
     "level": "Information",
     "severity": "Low",
     "username": "analyst's",
     "host": "localhost",
     "source_ip": "local",
     "message": "Credential Manager credentials were read.\r\n\r\nSubject:\r\n\tSecurity ID:\t\tS-1-5-0-0-0-1001\r\n\tAccount Name:\t\tanalyst's\r\n\tAccount Domain:\t\tWORKSTATION\r\n\tLogon ID:\t\t0x0\r\n\tRead Operation:\t\tEnumerate Credentials\r\n\r\nThis event occurs when a user performs a read operation on stored credentials in Credential Ma",
     "record_id": 12529689,
     "source": "windows-event-log",
     "is_alert": false,
     "rule_name": "",
     "external_id": "Security:12529689",
     "raw_log": "{\"Channel\": \"Security\", \"EventData\": {\"ClientProcessId\": \"23732\", \"CountOfCredentialsReturned\": \"1\", \"ProcessCreationTime\": \"2026-10-07T01:35:09.9397710Z\", \"ReadOperation\": \"%%8100\", \"ReturnCode\": \"0\", \"SubjectDomainName\": \"WORKSTATION\", \"SubjectLogonId\": \"0x0\", \"SubjectUserName\": \"analyst's\", \"SubjectUserSid\": \"S-1-5-0-0-0-1001\", \"TargetName\": \"MicrosoftAccount:user=user@example.invalid\", \"Type\": \"0\"}, \"Id\": 5379, \"Level\": \"Information\", \"Message\": \"Credential Manager credentials were read.\\r\\n\\r\\nSubject:\\r\\n\\tSecurity ID:\\t\\tS-1-5-0-0-0-1001\\r\\n\\tAccount Name:\\t\\tanalyst's\\r\\n\\tAccount Domain:\\t\\tWORKSTATION\\r\\n\\tLogon ID:\\t\\t0x0\\r\\n\\tRead Operation:\\t\\tEnumerate Credentials\\r\\n\\r\\nThis event occurs when a user performs a read operation on stored credentials in Credential Manager.\", \"Provider\": \"Microsoft-Windows-Security-Auditing\", \"RecordId\": 12529689, \"TimeCreated\": \"2026-10-07T07:08:52.2952233+05:30\", \"User\": null}",
     "fields": {
      "SubjectUserSid": "S-1-5-0-0-0-1001",
      "SubjectUserName": "analyst's",
      "SubjectDomainName": "WORKSTATION",
      "SubjectLogonId": "0x0",
      "TargetName": "MicrosoftAccount:user=user@example.invalid",
      "Type": "0",
      "CountOfCredentialsReturned": "1",
      "ReadOperation": "%%8100",
      "ReturnCode": "0",
      "ProcessCreationTime": "2026-10-07T01:35:09.9397710Z",
      "ClientProcessId": "23732"
     },
     "captured_channel": "Security"
    },
    {
     "timestamp": "2026-10-07T07:08:52.5141179+05:30",
     "channel": "Security",
     "provider": "Microsoft-Windows-Security-Auditing",
     "event_id": "5058",
     "level": "Information",
     "severity": "Low",
     "username": "WORKSTATION$",
     "host": "localhost",
     "source_ip": "local",
     "message": "Key file operation.\r\n\r\nSubject:\r\n\tSecurity ID:\t\tS-1-5-0-0-0\r\n\tAccount Name:\t\tWORKSTATION$\r\n\tAccount Domain:\t\tWORKGROUP\r\n\tLogon ID:\t\t0x3E7\r\n\r\nProcess Information:\r\n\tProcess ID:\t\t60916\r\n\tProcess Creation Time:\t?2026?-?10?-?07T01:38:52.458446800Z\r\n\r\nCryptographic Parameters:\r\n\tProvider Name:\tMicrosoft ",
     "record_id": 12529690,
     "source": "windows-event-log",
     "is_alert": false,
     "rule_name": "",
     "external_id": "Security:12529690",
     "raw_log": "{\"Channel\": \"Security\", \"EventData\": {\"AlgorithmName\": \"UNKNOWN\", \"ClientCreationTime\": \"2026-10-07T01:38:52.4584468Z\", \"ClientProcessId\": \"60916\", \"KeyFilePath\": \"C:\\\\ProgramData\\\\Microsoft\\\\Crypto\\\\SystemKeys\\\\7096db7aeb75c0d3497ecd56d355a695_00000000-0000-0000-0000-000000000000\", \"KeyName\": \"Google Chromekey1\", \"KeyType\": \"%%2500\", \"Operation\": \"%%2458\", \"ProviderName\": \"Microsoft Software Key Storage Provider\", \"ReturnCode\": \"0x0\", \"SubjectDomainName\": \"WORKGROUP\", \"SubjectLogonId\": \"0x3e7\", \"SubjectUserName\": \"WORKSTATION$\", \"SubjectUserSid\": \"S-1-5-0-0-0\"}, \"Id\": 5058, \"Level\": \"Information\", \"Message\": \"Key file operation.\\r\\n\\r\\nSubject:\\r\\n\\tSecurity ID:\\t\\tS-1-5-0-0-0\\r\\n\\tAccount Name:\\t\\tWORKSTATION$\\r\\n\\tAccount Domain:\\t\\tWORKGROUP\\r\\n\\tLogon ID:\\t\\t0x3E7\\r\\n\\r\\nProcess Information:\\r\\n\\tProcess ID:\\t\\t60916\\r\\n\\tProcess Creation Time:\\t?2026?-?10?-?07T01:38:52.458446800Z\\r\\n\\r\\nCryptographic Parameters:\\r\\n\\tProvider Name:\\tMicrosoft Software Key Storage Provider\\r\\n\\tAlgorithm Name:\\tUNKNOWN\\r\\n\\tKey Name:\\tGoogle Chromekey1\\r\\n\\tKey Type:\\tUser key.\\r\\n\\r\\nKey File Operation Information:\\r\\n\\tFile Path:\\tC:\\\\ProgramData\\\\Microsoft\\\\Crypto\\\\SystemKeys\\\\7096db7aeb75c0d3497ecd56d355a695_00000000-0000-0000-0000-000000000000\\r\\n\\tOperation:\\tRead persisted key from file.\\r\\n\\tReturn Code:\\t0x0\", \"Provider\": \"Microsoft-Windows-Security-Auditing\", \"RecordId\": 12529690, \"TimeCreated\": \"2026-10-07T07:08:52.5141179+05:30\", \"User\": null}",
     "fields": {
      "SubjectUserSid": "S-1-5-0-0-0",
      "SubjectUserName": "WORKSTATION$",
      "SubjectDomainName": "WORKGROUP",
      "SubjectLogonId": "0x3e7",
      "ClientProcessId": "60916",
      "ClientCreationTime": "2026-10-07T01:38:52.4584468Z",
      "ProviderName": "Microsoft Software Key Storage Provider",
      "AlgorithmName": "UNKNOWN",
      "KeyName": "Google Chromekey1",
      "KeyType": "%%2500",
      "KeyFilePath": "C:\\ProgramData\\Microsoft\\Crypto\\SystemKeys\\7096db7aeb75c0d3497ecd56d355a695_00000000-0000-0000-0000-000000000000",
      "Operation": "%%2458",
      "ReturnCode": "0x0"
     },
     "captured_channel": "Security"
    },
    {
     "timestamp": "2026-10-07T07:08:52.5146067+05:30",
     "channel": "Security",
     "provider": "Microsoft-Windows-Security-Auditing",
     "event_id": "5061",
     "level": "Information",
     "severity": "Low",
     "username": "WORKSTATION$",
     "host": "localhost",
     "source_ip": "local",
     "message": "Cryptographic operation.\r\n\r\nSubject:\r\n\tSecurity ID:\t\tS-1-5-0-0-0\r\n\tAccount Name:\t\tWORKSTATION$\r\n\tAccount Domain:\t\tWORKGROUP\r\n\tLogon ID:\t\t0x3E7\r\n\r\nCryptographic Parameters:\r\n\tProvider Name:\tMicrosoft Software Key Storage Provider\r\n\tAlgorithm Name:\tAES\r\n\tKey Name:\tGoogle Chromekey1\r\n\tKey Type:\tUser ke",
     "record_id": 12529691,
     "source": "windows-event-log",
     "is_alert": false,
     "rule_name": "",
     "external_id": "Security:12529691",
     "raw_log": "{\"Channel\": \"Security\", \"EventData\": {\"AlgorithmName\": \"AES\", \"KeyName\": \"Google Chromekey1\", \"KeyType\": \"%%2500\", \"Operation\": \"%%2480\", \"ProviderName\": \"Microsoft Software Key Storage Provider\", \"ReturnCode\": \"0x0\", \"SubjectDomainName\": \"WORKGROUP\", \"SubjectLogonId\": \"0x3e7\", \"SubjectUserName\": \"WORKSTATION$\", \"SubjectUserSid\": \"S-1-5-0-0-0\"}, \"Id\": 5061, \"Level\": \"Information\", \"Message\": \"Cryptographic operation.\\r\\n\\r\\nSubject:\\r\\n\\tSecurity ID:\\t\\tS-1-5-0-0-0\\r\\n\\tAccount Name:\\t\\tWORKSTATION$\\r\\n\\tAccount Domain:\\t\\tWORKGROUP\\r\\n\\tLogon ID:\\t\\t0x3E7\\r\\n\\r\\nCryptographic Parameters:\\r\\n\\tProvider Name:\\tMicrosoft Software Key Storage Provider\\r\\n\\tAlgorithm Name:\\tAES\\r\\n\\tKey Name:\\tGoogle Chromekey1\\r\\n\\tKey Type:\\tUser key.\\r\\n\\r\\nCryptographic Operation:\\r\\n\\tOperation:\\tOpen Key.\\r\\n\\tReturn Code:\\t0x0\", \"Provider\": \"Microsoft-Windows-Security-Auditing\", \"RecordId\": 12529691, \"TimeCreated\": \"2026-10-07T07:08:52.5146067+05:30\", \"User\": null}",
     "fields": {
      "SubjectUserSid": "S-1-5-0-0-0",
      "SubjectUserName": "WORKSTATION$",
      "SubjectDomainName": "WORKGROUP",
      "SubjectLogonId": "0x3e7",
      "ProviderName": "Microsoft Software Key Storage Provider",
      "AlgorithmName": "AES",
      "KeyName": "Google Chromekey1",
      "KeyType": "%%2500",
      "Operation": "%%2480",
      "ReturnCode": "0x0"
     },
     "captured_channel": "Security"
    },
    {
     "timestamp": "2026-10-07T07:08:52.8465037+05:30",
     "channel": "Security",
     "provider": "Microsoft-Windows-Security-Auditing",
     "event_id": "5379",
     "level": "Information",
     "severity": "Low",
     "username": "analyst's",
     "host": "localhost",
     "source_ip": "local",
     "message": "Credential Manager credentials were read.\r\n\r\nSubject:\r\n\tSecurity ID:\t\tS-1-5-0-0-0-1001\r\n\tAccount Name:\t\tanalyst's\r\n\tAccount Domain:\t\tWORKSTATION\r\n\tLogon ID:\t\t0x0\r\n\tRead Operation:\t\tEnumerate Credentials\r\n\r\nThis event occurs when a user performs a read operation on stored credentials in Credential Ma",
     "record_id": 12529692,
     "source": "windows-event-log",
     "is_alert": false,
     "rule_name": "",
     "external_id": "Security:12529692",
     "raw_log": "{\"Channel\": \"Security\", \"EventData\": {\"ClientProcessId\": \"23732\", \"CountOfCredentialsReturned\": \"1\", \"ProcessCreationTime\": \"2026-10-07T01:35:09.9397710Z\", \"ReadOperation\": \"%%8100\", \"ReturnCode\": \"0\", \"SubjectDomainName\": \"WORKSTATION\", \"SubjectLogonId\": \"0x0\", \"SubjectUserName\": \"analyst's\", \"SubjectUserSid\": \"S-1-5-0-0-0-1001\", \"TargetName\": \"MicrosoftAccount:user=user@example.invalid\", \"Type\": \"0\"}, \"Id\": 5379, \"Level\": \"Information\", \"Message\": \"Credential Manager credentials were read.\\r\\n\\r\\nSubject:\\r\\n\\tSecurity ID:\\t\\tS-1-5-0-0-0-1001\\r\\n\\tAccount Name:\\t\\tanalyst's\\r\\n\\tAccount Domain:\\t\\tWORKSTATION\\r\\n\\tLogon ID:\\t\\t0x0\\r\\n\\tRead Operation:\\t\\tEnumerate Credentials\\r\\n\\r\\nThis event occurs when a user performs a read operation on stored credentials in Credential Manager.\", \"Provider\": \"Microsoft-Windows-Security-Auditing\", \"RecordId\": 12529692, \"TimeCreated\": \"2026-10-07T07:08:52.8465037+05:30\", \"User\": null}",
     "fields": {
      "SubjectUserSid": "S-1-5-0-0-0-1001",
      "SubjectUserName": "analyst's",
      "SubjectDomainName": "WORKSTATION",
      "SubjectLogonId": "0x0",
      "TargetName": "MicrosoftAccount:user=user@example.invalid",
      "Type": "0",
      "CountOfCredentialsReturned": "1",
      "ReadOperation": "%%8100",
      "ReturnCode": "0",
      "ProcessCreationTime": "2026-10-07T01:35:09.9397710Z",
      "ClientProcessId": "23732"
     },
     "captured_channel": "Security"
    },
    {
     "timestamp": "2026-10-07T07:08:52.8469926+05:30",
     "channel": "Security",
     "provider": "Microsoft-Windows-Security-Auditing",
     "event_id": "5379",
     "level": "Information",
     "severity": "Low",
     "username": "analyst's",
     "host": "localhost",
     "source_ip": "local",
     "message": "Credential Manager credentials were read.\r\n\r\nSubject:\r\n\tSecurity ID:\t\tS-1-5-0-0-0-1001\r\n\tAccount Name:\t\tanalyst's\r\n\tAccount Domain:\t\tWORKSTATION\r\n\tLogon ID:\t\t0x0\r\n\tRead Operation:\t\tEnumerate Credentials\r\n\r\nThis event occurs when a user performs a read operation on stored credentials in Credential Ma",
     "record_id": 12529693,
     "source": "windows-event-log",
     "is_alert": false,
     "rule_name": "",
     "external_id": "Security:12529693",
     "raw_log": "{\"Channel\": \"Security\", \"EventData\": {\"ClientProcessId\": \"23732\", \"CountOfCredentialsReturned\": \"1\", \"ProcessCreationTime\": \"2026-10-07T01:35:09.9397710Z\", \"ReadOperation\": \"%%8100\", \"ReturnCode\": \"0\", \"SubjectDomainName\": \"WORKSTATION\", \"SubjectLogonId\": \"0x0\", \"SubjectUserName\": \"analyst's\", \"SubjectUserSid\": \"S-1-5-0-0-0-1001\", \"TargetName\": \"MicrosoftAccount:user=user@example.invalid\", \"Type\": \"0\"}, \"Id\": 5379, \"Level\": \"Information\", \"Message\": \"Credential Manager credentials were read.\\r\\n\\r\\nSubject:\\r\\n\\tSecurity ID:\\t\\tS-1-5-0-0-0-1001\\r\\n\\tAccount Name:\\t\\tanalyst's\\r\\n\\tAccount Domain:\\t\\tWORKSTATION\\r\\n\\tLogon ID:\\t\\t0x0\\r\\n\\tRead Operation:\\t\\tEnumerate Credentials\\r\\n\\r\\nThis event occurs when a user performs a read operation on stored credentials in Credential Manager.\", \"Provider\": \"Microsoft-Windows-Security-Auditing\", \"RecordId\": 12529693, \"TimeCreated\": \"2026-10-07T07:08:52.8469926+05:30\", \"User\": null}",
     "fields": {
      "SubjectUserSid": "S-1-5-0-0-0-1001",
      "SubjectUserName": "analyst's",
      "SubjectDomainName": "WORKSTATION",
      "SubjectLogonId": "0x0",
      "TargetName": "MicrosoftAccount:user=user@example.invalid",
      "Type": "0",
      "CountOfCredentialsReturned": "1",
      "ReadOperation": "%%8100",
      "ReturnCode": "0",
      "ProcessCreationTime": "2026-10-07T01:35:09.9397710Z",
      "ClientProcessId": "23732"
     },
     "captured_channel": "Security"
    },
    {
     "timestamp": "2026-10-07T07:08:52.8476631+05:30",
     "channel": "Security",
     "provider": "Microsoft-Windows-Security-Auditing",
     "event_id": "5379",
     "level": "Information",
     "severity": "Low",
     "username": "analyst's",
     "host": "localhost",
     "source_ip": "local",
     "message": "Credential Manager credentials were read.\r\n\r\nSubject:\r\n\tSecurity ID:\t\tS-1-5-0-0-0-1001\r\n\tAccount Name:\t\tanalyst's\r\n\tAccount Domain:\t\tWORKSTATION\r\n\tLogon ID:\t\t0x0\r\n\tRead Operation:\t\tEnumerate Credentials\r\n\r\nThis event occurs when a user performs a read operation on stored credentials in Credential Ma",
     "record_id": 12529694,
     "source": "windows-event-log",
     "is_alert": false,
     "rule_name": "",
     "external_id": "Security:12529694",
     "raw_log": "{\"Channel\": \"Security\", \"EventData\": {\"ClientProcessId\": \"23732\", \"CountOfCredentialsReturned\": \"1\", \"ProcessCreationTime\": \"2026-10-07T01:35:09.9397710Z\", \"ReadOperation\": \"%%8100\", \"ReturnCode\": \"0\", \"SubjectDomainName\": \"WORKSTATION\", \"SubjectLogonId\": \"0x0\", \"SubjectUserName\": \"analyst's\", \"SubjectUserSid\": \"S-1-5-0-0-0-1001\", \"TargetName\": \"MicrosoftAccount:user=user@example.invalid\", \"Type\": \"0\"}, \"Id\": 5379, \"Level\": \"Information\", \"Message\": \"Credential Manager credentials were read.\\r\\n\\r\\nSubject:\\r\\n\\tSecurity ID:\\t\\tS-1-5-0-0-0-1001\\r\\n\\tAccount Name:\\t\\tanalyst's\\r\\n\\tAccount Domain:\\t\\tWORKSTATION\\r\\n\\tLogon ID:\\t\\t0x0\\r\\n\\tRead Operation:\\t\\tEnumerate Credentials\\r\\n\\r\\nThis event occurs when a user performs a read operation on stored credentials in Credential Manager.\", \"Provider\": \"Microsoft-Windows-Security-Auditing\", \"RecordId\": 12529694, \"TimeCreated\": \"2026-10-07T07:08:52.8476631+05:30\", \"User\": null}",
     "fields": {
      "SubjectUserSid": "S-1-5-0-0-0-1001",
      "SubjectUserName": "analyst's",
      "SubjectDomainName": "WORKSTATION",
      "SubjectLogonId": "0x0",
      "TargetName": "MicrosoftAccount:user=user@example.invalid",
      "Type": "0",
      "CountOfCredentialsReturned": "1",
      "ReadOperation": "%%8100",
      "ReturnCode": "0",
      "ProcessCreationTime": "2026-10-07T01:35:09.9397710Z",
      "ClientProcessId": "23732"
     },
     "captured_channel": "Security"
    },
    {
     "timestamp": "2026-10-07T07:08:52.8480715+05:30",
     "channel": "Security",
     "provider": "Microsoft-Windows-Security-Auditing",
     "event_id": "5379",
     "level": "Information",
     "severity": "Low",
     "username": "analyst's",
     "host": "localhost",
     "source_ip": "local",
     "message": "Credential Manager credentials were read.\r\n\r\nSubject:\r\n\tSecurity ID:\t\tS-1-5-0-0-0-1001\r\n\tAccount Name:\t\tanalyst's\r\n\tAccount Domain:\t\tWORKSTATION\r\n\tLogon ID:\t\t0x0\r\n\tRead Operation:\t\tEnumerate Credentials\r\n\r\nThis event occurs when a user performs a read operation on stored credentials in Credential Ma",
     "record_id": 12529695,
     "source": "windows-event-log",
     "is_alert": false,
     "rule_name": "",
     "external_id": "Security:12529695",
     "raw_log": "{\"Channel\": \"Security\", \"EventData\": {\"ClientProcessId\": \"23732\", \"CountOfCredentialsReturned\": \"1\", \"ProcessCreationTime\": \"2026-10-07T01:35:09.9397710Z\", \"ReadOperation\": \"%%8100\", \"ReturnCode\": \"0\", \"SubjectDomainName\": \"WORKSTATION\", \"SubjectLogonId\": \"0x0\", \"SubjectUserName\": \"analyst's\", \"SubjectUserSid\": \"S-1-5-0-0-0-1001\", \"TargetName\": \"MicrosoftAccount:user=user@example.invalid\", \"Type\": \"0\"}, \"Id\": 5379, \"Level\": \"Information\", \"Message\": \"Credential Manager credentials were read.\\r\\n\\r\\nSubject:\\r\\n\\tSecurity ID:\\t\\tS-1-5-0-0-0-1001\\r\\n\\tAccount Name:\\t\\tanalyst's\\r\\n\\tAccount Domain:\\t\\tWORKSTATION\\r\\n\\tLogon ID:\\t\\t0x0\\r\\n\\tRead Operation:\\t\\tEnumerate Credentials\\r\\n\\r\\nThis event occurs when a user performs a read operation on stored credentials in Credential Manager.\", \"Provider\": \"Microsoft-Windows-Security-Auditing\", \"RecordId\": 12529695, \"TimeCreated\": \"2026-10-07T07:08:52.8480715+05:30\", \"User\": null}",
     "fields": {
      "SubjectUserSid": "S-1-5-0-0-0-1001",
      "SubjectUserName": "analyst's",
      "SubjectDomainName": "WORKSTATION",
      "SubjectLogonId": "0x0",
      "TargetName": "MicrosoftAccount:user=user@example.invalid",
      "Type": "0",
      "CountOfCredentialsReturned": "1",
      "ReadOperation": "%%8100",
      "ReturnCode": "0",
      "ProcessCreationTime": "2026-10-07T01:35:09.9397710Z",
      "ClientProcessId": "23732"
     },
     "captured_channel": "Security"
    },
    {
     "timestamp": "2026-10-07T07:08:52.8485382+05:30",
     "channel": "Security",
     "provider": "Microsoft-Windows-Security-Auditing",
     "event_id": "5379",
     "level": "Information",
     "severity": "Low",
     "username": "analyst's",
     "host": "localhost",
     "source_ip": "local",
     "message": "Credential Manager credentials were read.\r\n\r\nSubject:\r\n\tSecurity ID:\t\tS-1-5-0-0-0-1001\r\n\tAccount Name:\t\tanalyst's\r\n\tAccount Domain:\t\tWORKSTATION\r\n\tLogon ID:\t\t0x0\r\n\tRead Operation:\t\tEnumerate Credentials\r\n\r\nThis event occurs when a user performs a read operation on stored credentials in Credential Ma",
     "record_id": 12529696,
     "source": "windows-event-log",
     "is_alert": false,
     "rule_name": "",
     "external_id": "Security:12529696",
     "raw_log": "{\"Channel\": \"Security\", \"EventData\": {\"ClientProcessId\": \"23732\", \"CountOfCredentialsReturned\": \"1\", \"ProcessCreationTime\": \"2026-10-07T01:35:09.9397710Z\", \"ReadOperation\": \"%%8100\", \"ReturnCode\": \"0\", \"SubjectDomainName\": \"WORKSTATION\", \"SubjectLogonId\": \"0x0\", \"SubjectUserName\": \"analyst's\", \"SubjectUserSid\": \"S-1-5-0-0-0-1001\", \"TargetName\": \"MicrosoftAccount:user=user@example.invalid\", \"Type\": \"0\"}, \"Id\": 5379, \"Level\": \"Information\", \"Message\": \"Credential Manager credentials were read.\\r\\n\\r\\nSubject:\\r\\n\\tSecurity ID:\\t\\tS-1-5-0-0-0-1001\\r\\n\\tAccount Name:\\t\\tanalyst's\\r\\n\\tAccount Domain:\\t\\tWORKSTATION\\r\\n\\tLogon ID:\\t\\t0x0\\r\\n\\tRead Operation:\\t\\tEnumerate Credentials\\r\\n\\r\\nThis event occurs when a user performs a read operation on stored credentials in Credential Manager.\", \"Provider\": \"Microsoft-Windows-Security-Auditing\", \"RecordId\": 12529696, \"TimeCreated\": \"2026-10-07T07:08:52.8485382+05:30\", \"User\": null}",
     "fields": {
      "SubjectUserSid": "S-1-5-0-0-0-1001",
      "SubjectUserName": "analyst's",
      "SubjectDomainName": "WORKSTATION",
      "SubjectLogonId": "0x0",
      "TargetName": "MicrosoftAccount:user=user@example.invalid",
      "Type": "0",
      "CountOfCredentialsReturned": "1",
      "ReadOperation": "%%8100",
      "ReturnCode": "0",
      "ProcessCreationTime": "2026-10-07T01:35:09.9397710Z",
      "ClientProcessId": "23732"
     },
     "captured_channel": "Security"
    },
    {
     "timestamp": "2026-10-07T07:08:52.8488744+05:30",
     "channel": "Security",
     "provider": "Microsoft-Windows-Security-Auditing",
     "event_id": "5379",
     "level": "Information",
     "severity": "Low",
     "username": "analyst's",
     "host": "localhost",
     "source_ip": "local",
     "message": "Credential Manager credentials were read.\r\n\r\nSubject:\r\n\tSecurity ID:\t\tS-1-5-0-0-0-1001\r\n\tAccount Name:\t\tanalyst's\r\n\tAccount Domain:\t\tWORKSTATION\r\n\tLogon ID:\t\t0x0\r\n\tRead Operation:\t\tEnumerate Credentials\r\n\r\nThis event occurs when a user performs a read operation on stored credentials in Credential Ma",
     "record_id": 12529697,
     "source": "windows-event-log",
     "is_alert": false,
     "rule_name": "",
     "external_id": "Security:12529697",
     "raw_log": "{\"Channel\": \"Security\", \"EventData\": {\"ClientProcessId\": \"23732\", \"CountOfCredentialsReturned\": \"1\", \"ProcessCreationTime\": \"2026-10-07T01:35:09.9397710Z\", \"ReadOperation\": \"%%8100\", \"ReturnCode\": \"0\", \"SubjectDomainName\": \"WORKSTATION\", \"SubjectLogonId\": \"0x0\", \"SubjectUserName\": \"analyst's\", \"SubjectUserSid\": \"S-1-5-0-0-0-1001\", \"TargetName\": \"MicrosoftAccount:user=user@example.invalid\", \"Type\": \"0\"}, \"Id\": 5379, \"Level\": \"Information\", \"Message\": \"Credential Manager credentials were read.\\r\\n\\r\\nSubject:\\r\\n\\tSecurity ID:\\t\\tS-1-5-0-0-0-1001\\r\\n\\tAccount Name:\\t\\tanalyst's\\r\\n\\tAccount Domain:\\t\\tWORKSTATION\\r\\n\\tLogon ID:\\t\\t0x0\\r\\n\\tRead Operation:\\t\\tEnumerate Credentials\\r\\n\\r\\nThis event occurs when a user performs a read operation on stored credentials in Credential Manager.\", \"Provider\": \"Microsoft-Windows-Security-Auditing\", \"RecordId\": 12529697, \"TimeCreated\": \"2026-10-07T07:08:52.8488744+05:30\", \"User\": null}",
     "fields": {
      "SubjectUserSid": "S-1-5-0-0-0-1001",
      "SubjectUserName": "analyst's",
      "SubjectDomainName": "WORKSTATION",
      "SubjectLogonId": "0x0",
      "TargetName": "MicrosoftAccount:user=user@example.invalid",
      "Type": "0",
      "CountOfCredentialsReturned": "1",
      "ReadOperation": "%%8100",
      "ReturnCode": "0",
      "ProcessCreationTime": "2026-10-07T01:35:09.9397710Z",
      "ClientProcessId": "23732"
     },
     "captured_channel": "Security"
    },
    {
     "timestamp": "2026-10-07T07:08:52.8494292+05:30",
     "channel": "Security",
     "provider": "Microsoft-Windows-Security-Auditing",
     "event_id": "5379",
     "level": "Information",
     "severity": "Low",
     "username": "analyst's",
     "host": "localhost",
     "source_ip": "local",
     "message": "Credential Manager credentials were read.\r\n\r\nSubject:\r\n\tSecurity ID:\t\tS-1-5-0-0-0-1001\r\n\tAccount Name:\t\tanalyst's\r\n\tAccount Domain:\t\tWORKSTATION\r\n\tLogon ID:\t\t0x0\r\n\tRead Operation:\t\tEnumerate Credentials\r\n\r\nThis event occurs when a user performs a read operation on stored credentials in Credential Ma",
     "record_id": 12529698,
     "source": "windows-event-log",
     "is_alert": false,
     "rule_name": "",
     "external_id": "Security:12529698",
     "raw_log": "{\"Channel\": \"Security\", \"EventData\": {\"ClientProcessId\": \"23732\", \"CountOfCredentialsReturned\": \"1\", \"ProcessCreationTime\": \"2026-10-07T01:35:09.9397710Z\", \"ReadOperation\": \"%%8100\", \"ReturnCode\": \"0\", \"SubjectDomainName\": \"WORKSTATION\", \"SubjectLogonId\": \"0x0\", \"SubjectUserName\": \"analyst's\", \"SubjectUserSid\": \"S-1-5-0-0-0-1001\", \"TargetName\": \"MicrosoftAccount:user=user@example.invalid\", \"Type\": \"0\"}, \"Id\": 5379, \"Level\": \"Information\", \"Message\": \"Credential Manager credentials were read.\\r\\n\\r\\nSubject:\\r\\n\\tSecurity ID:\\t\\tS-1-5-0-0-0-1001\\r\\n\\tAccount Name:\\t\\tanalyst's\\r\\n\\tAccount Domain:\\t\\tWORKSTATION\\r\\n\\tLogon ID:\\t\\t0x0\\r\\n\\tRead Operation:\\t\\tEnumerate Credentials\\r\\n\\r\\nThis event occurs when a user performs a read operation on stored credentials in Credential Manager.\", \"Provider\": \"Microsoft-Windows-Security-Auditing\", \"RecordId\": 12529698, \"TimeCreated\": \"2026-10-07T07:08:52.8494292+05:30\", \"User\": null}",
     "fields": {
      "SubjectUserSid": "S-1-5-0-0-0-1001",
      "SubjectUserName": "analyst's",
      "SubjectDomainName": "WORKSTATION",
      "SubjectLogonId": "0x0",
      "TargetName": "MicrosoftAccount:user=user@example.invalid",
      "Type": "0",
      "CountOfCredentialsReturned": "1",
      "ReadOperation": "%%8100",
      "ReturnCode": "0",
      "ProcessCreationTime": "2026-10-07T01:35:09.9397710Z",
      "ClientProcessId": "23732"
     },
     "captured_channel": "Security"
    },
    {
     "timestamp": "2026-10-07T07:08:52.8497409+05:30",
     "channel": "Security",
     "provider": "Microsoft-Windows-Security-Auditing",
     "event_id": "5379",
     "level": "Information",
     "severity": "Low",
     "username": "analyst's",
     "host": "localhost",
     "source_ip": "local",
     "message": "Credential Manager credentials were read.\r\n\r\nSubject:\r\n\tSecurity ID:\t\tS-1-5-0-0-0-1001\r\n\tAccount Name:\t\tanalyst's\r\n\tAccount Domain:\t\tWORKSTATION\r\n\tLogon ID:\t\t0x0\r\n\tRead Operation:\t\tEnumerate Credentials\r\n\r\nThis event occurs when a user performs a read operation on stored credentials in Credential Ma",
     "record_id": 12529699,
     "source": "windows-event-log",
     "is_alert": false,
     "rule_name": "",
     "external_id": "Security:12529699",
     "raw_log": "{\"Channel\": \"Security\", \"EventData\": {\"ClientProcessId\": \"23732\", \"CountOfCredentialsReturned\": \"1\", \"ProcessCreationTime\": \"2026-10-07T01:35:09.9397710Z\", \"ReadOperation\": \"%%8100\", \"ReturnCode\": \"0\", \"SubjectDomainName\": \"WORKSTATION\", \"SubjectLogonId\": \"0x0\", \"SubjectUserName\": \"analyst's\", \"SubjectUserSid\": \"S-1-5-0-0-0-1001\", \"TargetName\": \"MicrosoftAccount:user=user@example.invalid\", \"Type\": \"0\"}, \"Id\": 5379, \"Level\": \"Information\", \"Message\": \"Credential Manager credentials were read.\\r\\n\\r\\nSubject:\\r\\n\\tSecurity ID:\\t\\tS-1-5-0-0-0-1001\\r\\n\\tAccount Name:\\t\\tanalyst's\\r\\n\\tAccount Domain:\\t\\tWORKSTATION\\r\\n\\tLogon ID:\\t\\t0x0\\r\\n\\tRead Operation:\\t\\tEnumerate Credentials\\r\\n\\r\\nThis event occurs when a user performs a read operation on stored credentials in Credential Manager.\", \"Provider\": \"Microsoft-Windows-Security-Auditing\", \"RecordId\": 12529699, \"TimeCreated\": \"2026-10-07T07:08:52.8497409+05:30\", \"User\": null}",
     "fields": {
      "SubjectUserSid": "S-1-5-0-0-0-1001",
      "SubjectUserName": "analyst's",
      "SubjectDomainName": "WORKSTATION",
      "SubjectLogonId": "0x0",
      "TargetName": "MicrosoftAccount:user=user@example.invalid",
      "Type": "0",
      "CountOfCredentialsReturned": "1",
      "ReadOperation": "%%8100",
      "ReturnCode": "0",
      "ProcessCreationTime": "2026-10-07T01:35:09.9397710Z",
      "ClientProcessId": "23732"
     },
     "captured_channel": "Security"
    },
    {
     "timestamp": "2026-10-07T07:08:52.8501445+05:30",
     "channel": "Security",
     "provider": "Microsoft-Windows-Security-Auditing",
     "event_id": "5379",
     "level": "Information",
     "severity": "Low",
     "username": "analyst's",
     "host": "localhost",
     "source_ip": "local",
     "message": "Credential Manager credentials were read.\r\n\r\nSubject:\r\n\tSecurity ID:\t\tS-1-5-0-0-0-1001\r\n\tAccount Name:\t\tanalyst's\r\n\tAccount Domain:\t\tWORKSTATION\r\n\tLogon ID:\t\t0x0\r\n\tRead Operation:\t\tEnumerate Credentials\r\n\r\nThis event occurs when a user performs a read operation on stored credentials in Credential Ma",
     "record_id": 12529700,
     "source": "windows-event-log",
     "is_alert": false,
     "rule_name": "",
     "external_id": "Security:12529700",
     "raw_log": "{\"Channel\": \"Security\", \"EventData\": {\"ClientProcessId\": \"23732\", \"CountOfCredentialsReturned\": \"1\", \"ProcessCreationTime\": \"2026-10-07T01:35:09.9397710Z\", \"ReadOperation\": \"%%8100\", \"ReturnCode\": \"0\", \"SubjectDomainName\": \"WORKSTATION\", \"SubjectLogonId\": \"0x0\", \"SubjectUserName\": \"analyst's\", \"SubjectUserSid\": \"S-1-5-0-0-0-1001\", \"TargetName\": \"MicrosoftAccount:user=user@example.invalid\", \"Type\": \"0\"}, \"Id\": 5379, \"Level\": \"Information\", \"Message\": \"Credential Manager credentials were read.\\r\\n\\r\\nSubject:\\r\\n\\tSecurity ID:\\t\\tS-1-5-0-0-0-1001\\r\\n\\tAccount Name:\\t\\tanalyst's\\r\\n\\tAccount Domain:\\t\\tWORKSTATION\\r\\n\\tLogon ID:\\t\\t0x0\\r\\n\\tRead Operation:\\t\\tEnumerate Credentials\\r\\n\\r\\nThis event occurs when a user performs a read operation on stored credentials in Credential Manager.\", \"Provider\": \"Microsoft-Windows-Security-Auditing\", \"RecordId\": 12529700, \"TimeCreated\": \"2026-10-07T07:08:52.8501445+05:30\", \"User\": null}",
     "fields": {
      "SubjectUserSid": "S-1-5-0-0-0-1001",
      "SubjectUserName": "analyst's",
      "SubjectDomainName": "WORKSTATION",
      "SubjectLogonId": "0x0",
      "TargetName": "MicrosoftAccount:user=user@example.invalid",
      "Type": "0",
      "CountOfCredentialsReturned": "1",
      "ReadOperation": "%%8100",
      "ReturnCode": "0",
      "ProcessCreationTime": "2026-10-07T01:35:09.9397710Z",
      "ClientProcessId": "23732"
     },
     "captured_channel": "Security"
    },
    {
     "timestamp": "2026-10-07T07:08:52.8504141+05:30",
     "channel": "Security",
     "provider": "Microsoft-Windows-Security-Auditing",
     "event_id": "5379",
     "level": "Information",
     "severity": "Low",
     "username": "analyst's",
     "host": "localhost",
     "source_ip": "local",
     "message": "Credential Manager credentials were read.\r\n\r\nSubject:\r\n\tSecurity ID:\t\tS-1-5-0-0-0-1001\r\n\tAccount Name:\t\tanalyst's\r\n\tAccount Domain:\t\tWORKSTATION\r\n\tLogon ID:\t\t0x0\r\n\tRead Operation:\t\tEnumerate Credentials\r\n\r\nThis event occurs when a user performs a read operation on stored credentials in Credential Ma",
     "record_id": 12529701,
     "source": "windows-event-log",
     "is_alert": false,
     "rule_name": "",
     "external_id": "Security:12529701",
     "raw_log": "{\"Channel\": \"Security\", \"EventData\": {\"ClientProcessId\": \"23732\", \"CountOfCredentialsReturned\": \"1\", \"ProcessCreationTime\": \"2026-10-07T01:35:09.9397710Z\", \"ReadOperation\": \"%%8100\", \"ReturnCode\": \"0\", \"SubjectDomainName\": \"WORKSTATION\", \"SubjectLogonId\": \"0x0\", \"SubjectUserName\": \"analyst's\", \"SubjectUserSid\": \"S-1-5-0-0-0-1001\", \"TargetName\": \"MicrosoftAccount:user=user@example.invalid\", \"Type\": \"0\"}, \"Id\": 5379, \"Level\": \"Information\", \"Message\": \"Credential Manager credentials were read.\\r\\n\\r\\nSubject:\\r\\n\\tSecurity ID:\\t\\tS-1-5-0-0-0-1001\\r\\n\\tAccount Name:\\t\\tanalyst's\\r\\n\\tAccount Domain:\\t\\tWORKSTATION\\r\\n\\tLogon ID:\\t\\t0x0\\r\\n\\tRead Operation:\\t\\tEnumerate Credentials\\r\\n\\r\\nThis event occurs when a user performs a read operation on stored credentials in Credential Manager.\", \"Provider\": \"Microsoft-Windows-Security-Auditing\", \"RecordId\": 12529701, \"TimeCreated\": \"2026-10-07T07:08:52.8504141+05:30\", \"User\": null}",
     "fields": {
      "SubjectUserSid": "S-1-5-0-0-0-1001",
      "SubjectUserName": "analyst's",
      "SubjectDomainName": "WORKSTATION",
      "SubjectLogonId": "0x0",
      "TargetName": "MicrosoftAccount:user=user@example.invalid",
      "Type": "0",
      "CountOfCredentialsReturned": "1",
      "ReadOperation": "%%8100",
      "ReturnCode": "0",
      "ProcessCreationTime": "2026-10-07T01:35:09.9397710Z",
      "ClientProcessId": "23732"
     },
     "captured_channel": "Security"
    },
    {
     "timestamp": "2026-10-07T07:08:52.8507479+05:30",
     "channel": "Security",
     "provider": "Microsoft-Windows-Security-Auditing",
     "event_id": "5379",
     "level": "Information",
     "severity": "Low",
     "username": "analyst's",
     "host": "localhost",
     "source_ip": "local",
     "message": "Credential Manager credentials were read.\r\n\r\nSubject:\r\n\tSecurity ID:\t\tS-1-5-0-0-0-1001\r\n\tAccount Name:\t\tanalyst's\r\n\tAccount Domain:\t\tWORKSTATION\r\n\tLogon ID:\t\t0x0\r\n\tRead Operation:\t\tEnumerate Credentials\r\n\r\nThis event occurs when a user performs a read operation on stored credentials in Credential Ma",
     "record_id": 12529702,
     "source": "windows-event-log",
     "is_alert": false,
     "rule_name": "",
     "external_id": "Security:12529702",
     "raw_log": "{\"Channel\": \"Security\", \"EventData\": {\"ClientProcessId\": \"23732\", \"CountOfCredentialsReturned\": \"1\", \"ProcessCreationTime\": \"2026-10-07T01:35:09.9397710Z\", \"ReadOperation\": \"%%8100\", \"ReturnCode\": \"0\", \"SubjectDomainName\": \"WORKSTATION\", \"SubjectLogonId\": \"0x0\", \"SubjectUserName\": \"analyst's\", \"SubjectUserSid\": \"S-1-5-0-0-0-1001\", \"TargetName\": \"MicrosoftAccount:user=user@example.invalid\", \"Type\": \"0\"}, \"Id\": 5379, \"Level\": \"Information\", \"Message\": \"Credential Manager credentials were read.\\r\\n\\r\\nSubject:\\r\\n\\tSecurity ID:\\t\\tS-1-5-0-0-0-1001\\r\\n\\tAccount Name:\\t\\tanalyst's\\r\\n\\tAccount Domain:\\t\\tWORKSTATION\\r\\n\\tLogon ID:\\t\\t0x0\\r\\n\\tRead Operation:\\t\\tEnumerate Credentials\\r\\n\\r\\nThis event occurs when a user performs a read operation on stored credentials in Credential Manager.\", \"Provider\": \"Microsoft-Windows-Security-Auditing\", \"RecordId\": 12529702, \"TimeCreated\": \"2026-10-07T07:08:52.8507479+05:30\", \"User\": null}",
     "fields": {
      "SubjectUserSid": "S-1-5-0-0-0-1001",
      "SubjectUserName": "analyst's",
      "SubjectDomainName": "WORKSTATION",
      "SubjectLogonId": "0x0",
      "TargetName": "MicrosoftAccount:user=user@example.invalid",
      "Type": "0",
      "CountOfCredentialsReturned": "1",
      "ReadOperation": "%%8100",
      "ReturnCode": "0",
      "ProcessCreationTime": "2026-10-07T01:35:09.9397710Z",
      "ClientProcessId": "23732"
     },
     "captured_channel": "Security"
    },
    {
     "timestamp": "2026-10-07T07:08:52.8510290+05:30",
     "channel": "Security",
     "provider": "Microsoft-Windows-Security-Auditing",
     "event_id": "5379",
     "level": "Information",
     "severity": "Low",
     "username": "analyst's",
     "host": "localhost",
     "source_ip": "local",
     "message": "Credential Manager credentials were read.\r\n\r\nSubject:\r\n\tSecurity ID:\t\tS-1-5-0-0-0-1001\r\n\tAccount Name:\t\tanalyst's\r\n\tAccount Domain:\t\tWORKSTATION\r\n\tLogon ID:\t\t0x0\r\n\tRead Operation:\t\tEnumerate Credentials\r\n\r\nThis event occurs when a user performs a read operation on stored credentials in Credential Ma",
     "record_id": 12529703,
     "source": "windows-event-log",
     "is_alert": false,
     "rule_name": "",
     "external_id": "Security:12529703",
     "raw_log": "{\"Channel\": \"Security\", \"EventData\": {\"ClientProcessId\": \"23732\", \"CountOfCredentialsReturned\": \"1\", \"ProcessCreationTime\": \"2026-10-07T01:35:09.9397710Z\", \"ReadOperation\": \"%%8100\", \"ReturnCode\": \"0\", \"SubjectDomainName\": \"WORKSTATION\", \"SubjectLogonId\": \"0x0\", \"SubjectUserName\": \"analyst's\", \"SubjectUserSid\": \"S-1-5-0-0-0-1001\", \"TargetName\": \"MicrosoftAccount:user=user@example.invalid\", \"Type\": \"0\"}, \"Id\": 5379, \"Level\": \"Information\", \"Message\": \"Credential Manager credentials were read.\\r\\n\\r\\nSubject:\\r\\n\\tSecurity ID:\\t\\tS-1-5-0-0-0-1001\\r\\n\\tAccount Name:\\t\\tanalyst's\\r\\n\\tAccount Domain:\\t\\tWORKSTATION\\r\\n\\tLogon ID:\\t\\t0x0\\r\\n\\tRead Operation:\\t\\tEnumerate Credentials\\r\\n\\r\\nThis event occurs when a user performs a read operation on stored credentials in Credential Manager.\", \"Provider\": \"Microsoft-Windows-Security-Auditing\", \"RecordId\": 12529703, \"TimeCreated\": \"2026-10-07T07:08:52.8510290+05:30\", \"User\": null}",
     "fields": {
      "SubjectUserSid": "S-1-5-0-0-0-1001",
      "SubjectUserName": "analyst's",
      "SubjectDomainName": "WORKSTATION",
      "SubjectLogonId": "0x0",
      "TargetName": "MicrosoftAccount:user=user@example.invalid",
      "Type": "0",
      "CountOfCredentialsReturned": "1",
      "ReadOperation": "%%8100",
      "ReturnCode": "0",
      "ProcessCreationTime": "2026-10-07T01:35:09.9397710Z",
      "ClientProcessId": "23732"
     },
     "captured_channel": "Security"
    },
    {
     "timestamp": "2026-10-07T07:08:52.8513904+05:30",
     "channel": "Security",
     "provider": "Microsoft-Windows-Security-Auditing",
     "event_id": "5379",
     "level": "Information",
     "severity": "Low",
     "username": "analyst's",
     "host": "localhost",
     "source_ip": "local",
     "message": "Credential Manager credentials were read.\r\n\r\nSubject:\r\n\tSecurity ID:\t\tS-1-5-0-0-0-1001\r\n\tAccount Name:\t\tanalyst's\r\n\tAccount Domain:\t\tWORKSTATION\r\n\tLogon ID:\t\t0x0\r\n\tRead Operation:\t\tEnumerate Credentials\r\n\r\nThis event occurs when a user performs a read operation on stored credentials in Credential Ma",
     "record_id": 12529704,
     "source": "windows-event-log",
     "is_alert": false,
     "rule_name": "",
     "external_id": "Security:12529704",
     "raw_log": "{\"Channel\": \"Security\", \"EventData\": {\"ClientProcessId\": \"23732\", \"CountOfCredentialsReturned\": \"1\", \"ProcessCreationTime\": \"2026-10-07T01:35:09.9397710Z\", \"ReadOperation\": \"%%8100\", \"ReturnCode\": \"0\", \"SubjectDomainName\": \"WORKSTATION\", \"SubjectLogonId\": \"0x0\", \"SubjectUserName\": \"analyst's\", \"SubjectUserSid\": \"S-1-5-0-0-0-1001\", \"TargetName\": \"MicrosoftAccount:user=user@example.invalid\", \"Type\": \"0\"}, \"Id\": 5379, \"Level\": \"Information\", \"Message\": \"Credential Manager credentials were read.\\r\\n\\r\\nSubject:\\r\\n\\tSecurity ID:\\t\\tS-1-5-0-0-0-1001\\r\\n\\tAccount Name:\\t\\tanalyst's\\r\\n\\tAccount Domain:\\t\\tWORKSTATION\\r\\n\\tLogon ID:\\t\\t0x0\\r\\n\\tRead Operation:\\t\\tEnumerate Credentials\\r\\n\\r\\nThis event occurs when a user performs a read operation on stored credentials in Credential Manager.\", \"Provider\": \"Microsoft-Windows-Security-Auditing\", \"RecordId\": 12529704, \"TimeCreated\": \"2026-10-07T07:08:52.8513904+05:30\", \"User\": null}",
     "fields": {
      "SubjectUserSid": "S-1-5-0-0-0-1001",
      "SubjectUserName": "analyst's",
      "SubjectDomainName": "WORKSTATION",
      "SubjectLogonId": "0x0",
      "TargetName": "MicrosoftAccount:user=user@example.invalid",
      "Type": "0",
      "CountOfCredentialsReturned": "1",
      "ReadOperation": "%%8100",
      "ReturnCode": "0",
      "ProcessCreationTime": "2026-10-07T01:35:09.9397710Z",
      "ClientProcessId": "23732"
     },
     "captured_channel": "Security"
    },
    {
     "timestamp": "2026-10-07T07:08:52.8516884+05:30",
     "channel": "Security",
     "provider": "Microsoft-Windows-Security-Auditing",
     "event_id": "5379",
     "level": "Information",
     "severity": "Low",
     "username": "analyst's",
     "host": "localhost",
     "source_ip": "local",
     "message": "Credential Manager credentials were read.\r\n\r\nSubject:\r\n\tSecurity ID:\t\tS-1-5-0-0-0-1001\r\n\tAccount Name:\t\tanalyst's\r\n\tAccount Domain:\t\tWORKSTATION\r\n\tLogon ID:\t\t0x0\r\n\tRead Operation:\t\tEnumerate Credentials\r\n\r\nThis event occurs when a user performs a read operation on stored credentials in Credential Ma",
     "record_id": 12529705,
     "source": "windows-event-log",
     "is_alert": false,
     "rule_name": "",
     "external_id": "Security:12529705",
     "raw_log": "{\"Channel\": \"Security\", \"EventData\": {\"ClientProcessId\": \"23732\", \"CountOfCredentialsReturned\": \"1\", \"ProcessCreationTime\": \"2026-10-07T01:35:09.9397710Z\", \"ReadOperation\": \"%%8100\", \"ReturnCode\": \"0\", \"SubjectDomainName\": \"WORKSTATION\", \"SubjectLogonId\": \"0x0\", \"SubjectUserName\": \"analyst's\", \"SubjectUserSid\": \"S-1-5-0-0-0-1001\", \"TargetName\": \"MicrosoftAccount:user=user@example.invalid\", \"Type\": \"0\"}, \"Id\": 5379, \"Level\": \"Information\", \"Message\": \"Credential Manager credentials were read.\\r\\n\\r\\nSubject:\\r\\n\\tSecurity ID:\\t\\tS-1-5-0-0-0-1001\\r\\n\\tAccount Name:\\t\\tanalyst's\\r\\n\\tAccount Domain:\\t\\tWORKSTATION\\r\\n\\tLogon ID:\\t\\t0x0\\r\\n\\tRead Operation:\\t\\tEnumerate Credentials\\r\\n\\r\\nThis event occurs when a user performs a read operation on stored credentials in Credential Manager.\", \"Provider\": \"Microsoft-Windows-Security-Auditing\", \"RecordId\": 12529705, \"TimeCreated\": \"2026-10-07T07:08:52.8516884+05:30\", \"User\": null}",
     "fields": {
      "SubjectUserSid": "S-1-5-0-0-0-1001",
      "SubjectUserName": "analyst's",
      "SubjectDomainName": "WORKSTATION",
      "SubjectLogonId": "0x0",
      "TargetName": "MicrosoftAccount:user=user@example.invalid",
      "Type": "0",
      "CountOfCredentialsReturned": "1",
      "ReadOperation": "%%8100",
      "ReturnCode": "0",
      "ProcessCreationTime": "2026-10-07T01:35:09.9397710Z",
      "ClientProcessId": "23732"
     },
     "captured_channel": "Security"
    },
    {
     "timestamp": "2026-10-07T07:08:52.8520318+05:30",
     "channel": "Security",
     "provider": "Microsoft-Windows-Security-Auditing",
     "event_id": "5379",
     "level": "Information",
     "severity": "Low",
     "username": "analyst's",
     "host": "localhost",
     "source_ip": "local",
     "message": "Credential Manager credentials were read.\r\n\r\nSubject:\r\n\tSecurity ID:\t\tS-1-5-0-0-0-1001\r\n\tAccount Name:\t\tanalyst's\r\n\tAccount Domain:\t\tWORKSTATION\r\n\tLogon ID:\t\t0x0\r\n\tRead Operation:\t\tEnumerate Credentials\r\n\r\nThis event occurs when a user performs a read operation on stored credentials in Credential Ma",
     "record_id": 12529706,
     "source": "windows-event-log",
     "is_alert": false,
     "rule_name": "",
     "external_id": "Security:12529706",
     "raw_log": "{\"Channel\": \"Security\", \"EventData\": {\"ClientProcessId\": \"23732\", \"CountOfCredentialsReturned\": \"1\", \"ProcessCreationTime\": \"2026-10-07T01:35:09.9397710Z\", \"ReadOperation\": \"%%8100\", \"ReturnCode\": \"0\", \"SubjectDomainName\": \"WORKSTATION\", \"SubjectLogonId\": \"0x0\", \"SubjectUserName\": \"analyst's\", \"SubjectUserSid\": \"S-1-5-0-0-0-1001\", \"TargetName\": \"MicrosoftAccount:user=user@example.invalid\", \"Type\": \"0\"}, \"Id\": 5379, \"Level\": \"Information\", \"Message\": \"Credential Manager credentials were read.\\r\\n\\r\\nSubject:\\r\\n\\tSecurity ID:\\t\\tS-1-5-0-0-0-1001\\r\\n\\tAccount Name:\\t\\tanalyst's\\r\\n\\tAccount Domain:\\t\\tWORKSTATION\\r\\n\\tLogon ID:\\t\\t0x0\\r\\n\\tRead Operation:\\t\\tEnumerate Credentials\\r\\n\\r\\nThis event occurs when a user performs a read operation on stored credentials in Credential Manager.\", \"Provider\": \"Microsoft-Windows-Security-Auditing\", \"RecordId\": 12529706, \"TimeCreated\": \"2026-10-07T07:08:52.8520318+05:30\", \"User\": null}",
     "fields": {
      "SubjectUserSid": "S-1-5-0-0-0-1001",
      "SubjectUserName": "analyst's",
      "SubjectDomainName": "WORKSTATION",
      "SubjectLogonId": "0x0",
      "TargetName": "MicrosoftAccount:user=user@example.invalid",
      "Type": "0",
      "CountOfCredentialsReturned": "1",
      "ReadOperation": "%%8100",
      "ReturnCode": "0",
      "ProcessCreationTime": "2026-10-07T01:35:09.9397710Z",
      "ClientProcessId": "23732"
     },
     "captured_channel": "Security"
    },
    {
     "timestamp": "2026-10-07T07:08:52.8527128+05:30",
     "channel": "Security",
     "provider": "Microsoft-Windows-Security-Auditing",
     "event_id": "5379",
     "level": "Information",
     "severity": "Low",
     "username": "analyst's",
     "host": "localhost",
     "source_ip": "local",
     "message": "Credential Manager credentials were read.\r\n\r\nSubject:\r\n\tSecurity ID:\t\tS-1-5-0-0-0-1001\r\n\tAccount Name:\t\tanalyst's\r\n\tAccount Domain:\t\tWORKSTATION\r\n\tLogon ID:\t\t0x0\r\n\tRead Operation:\t\tRead Credential\r\n\r\nThis event occurs when a user performs a read operation on stored credentials in Credential Manager.",
     "record_id": 12529707,
