{
 "windows": [
  {
   "label": "T1082",
   "technique": "System Information Discovery",
   "started": 1791337025.188875,
   "ended": 1791337029.9651685,
   "events": [
    {
     "timestamp": "2026-10-07T07:07:05.0008858+05:30",
     "channel": "Microsoft-Windows-Sysmon/Operational",
     "provider": "Microsoft-Windows-Sysmon",
     "event_id": "1",
     "level": "Information",
     "severity": "Low",
     "username": "WORKSTATION\\analyst's",
     "host": "localhost",
     "source_ip": "local",
     "message": "Process Create:\r\nRuleName: -\r\nUtcTime: 2026-10-07 01:37:04.994\r\nProcessGuid: {00000000-0000-0000-0000-000000000000}\r\nProcessId: 94364\r\nImage: C:\\Users\\analyst's\\Documents\\repo\\.venv\\Scripts\\python.exe\r\nFileVersion: 3.14.7\r\nDescription: Python\r\nProduct: Python\r\nCompany: Python Software Foundation\r\nOr",
     "record_id": 456249,
     "source": "windows-event-log",
     "is_alert": false,
     "rule_name": "",
     "external_id": "Microsoft-Windows-Sysmon/Operational:456249",
     "raw_log": "{\"Channel\": \"Microsoft-Windows-Sysmon/Operational\", \"EventData\": {\"CommandLine\": \"C:\\\\Users\\\\analyst's\\\\Documents\\\\repo\\\\.venv\\\\Scripts\\\\python.exe C:\\\\ProgramData\\\\lab\\\\run_driver.py\", \"Company\": \"Python Software Foundation\", \"CurrentDirectory\": \"C:\\\\Users\\\\analyst's\\\\\", \"Description\": \"Python\", \"FileVersion\": \"3.14.7\", \"Hashes\": \"SHA256=C194F08CA6582233F06D0559505E3C7EA412EE6CB671AEFD8D84E2CB6448C727\", \"Image\": \"C:\\\\Users\\\\analyst's\\\\Documents\\\\repo\\\\.venv\\\\Scripts\\\\python.exe\", \"IntegrityLevel\": \"Medium\", \"LogonGuid\": \"{00000000-0000-0000-0000-000000000000}\", \"LogonId\": \"0x0\", \"OriginalFileName\": \"py.exe\", \"ParentCommandLine\": \"C:\\\\Users\\\\analyst's\\\\AppData\\\\Local\\\\local\\\\tools\\\\python-3.14.7+20260901-win32-x64\\\\python.exe C:\\\\Users\\\\analyst's\\\\AppData\\\\Local\\\\Temp\\\\local_kernel_98ad77oj\\\\local_kernel_runner.py\", \"ParentImage\": \"C:\\\\Users\\\\analyst's\\\\AppData\\\\Local\\\\local\\\\tools\\\\python-3.14.7+20260901-win32-x64\\\\python.exe\", \"ParentProcessGuid\": \"{00000000-0000-0000-0000-000000000000}\", \"ParentProcessId\": \"129648\", \"ParentUser\": \"WORKSTATION\\\\analyst's\", \"ProcessGuid\": \"{00000000-0000-0000-0000-000000000000}\", \"ProcessId\": \"94364\", \"Product\": \"Python\", \"RuleName\": \"-\", \"TerminalSessionId\": \"1\", \"User\": \"WORKSTATION\\\\analyst's\", \"UtcTime\": \"2026-10-07 01:37:04.994\"}, \"Id\": 1, \"Level\": \"Information\", \"Message\": \"Process Create:\\r\\nRuleName: -\\r\\nUtcTime: 2026-10-07 01:37:04.994\\r\\nProcessGuid: {00000000-0000-0000-0000-000000000000}\\r\\nProcessId: 94364\\r\\nImage: C:\\\\Users\\\\analyst's\\\\Documents\\\\repo\\\\.venv\\\\Scripts\\\\python.exe\\r\\nFileVersion: 3.14.7\\r\\nDescription: Python\\r\\nProduct: Python\\r\\nCompany: Python Software Foundation\\r\\nOriginalFileName: py.exe\\r\\nCommandLine: C:\\\\Users\\\\analyst's\\\\Documents\\\\repo\\\\.venv\\\\Scripts\\\\python.exe C:\\\\ProgramData\\\\lab\\\\run_driver.py\\r\\nCurrentDirectory: C:\\\\Users\\\\analyst's\\\\\\r\\nUser: WORKSTATION\\\\analyst's\\r\\nLogonGuid: {00000000-0000-0000-0000-000000000000}\\r\\nLogonId: 0x0\\r\\nTerminalSessionId: 1\\r\\nIntegrityLevel: Medium\\r\\nHashes: SHA256=C194F08CA6582233F06D0559505E3C7EA412EE6CB671AEFD8D84E2CB6448C727\\r\\nParentProcessGuid: {00000000-0000-0000-0000-000000000000}\\r\\nParentProcessId: 129648\\r\\nParentImage: C:\\\\Users\\\\analyst's\\\\AppData\\\\Local\\\\local\\\\tools\\\\python-3.14.7+20260901-win32-x64\\\\python.exe\\r\\nParentCommandLine: C:\\\\Users\\\\analyst's\\\\AppData\\\\Local\\\\local\\\\tools\\\\python-3.14.7+20260901-win32-x64\\\\python.exe C:\\\\Users\\\\analyst's\\\\AppData\\\\Local\\\\Temp\\\\local_kernel_98ad77oj\\\\local_kernel_runner.py\\r\\nParentUser: WORKSTATION\\\\analyst's\", \"Provider\": \"Microsoft-Windows-Sysmon\", \"RecordId\": 456249, \"TimeCreated\": \"2026-10-07T07:07:05.0008858+05:30\", \"User\": {\"AccountDomainSid\": null, \"BinaryLength\": 12, \"Value\": \"S-1-5-0-0-0\"}}",
     "fields": {
      "RuleName": "-",
      "UtcTime": "2026-10-07 01:37:04.994",
      "Image": "C:\\Users\\analyst's\\Documents\\repo\\.venv\\Scripts\\python.exe",
      "FileVersion": "3.14.7",
      "Description": "Python",
      "Product": "Python",
      "Company": "Python Software Foundation",
      "OriginalFileName": "py.exe",
      "CommandLine": "C:\\Users\\analyst's\\Documents\\repo\\.venv\\Scripts\\python.exe C:\\ProgramData\\lab\\run_driver.py",
      "CurrentDirectory": "C:\\Users\\analyst's\\",
      "User": "WORKSTATION\\analyst's",
      "LogonId": "0x0",
      "TerminalSessionId": "1",
      "IntegrityLevel": "Medium",
      "ParentImage": "C:\\Users\\analyst's\\AppData\\Local\\local\\tools\\python-3.14.7+20260901-win32-x64\\python.exe",
      "ParentCommandLine": "C:\\Users\\analyst's\\AppData\\Local\\local\\tools\\python-3.14.7+20260901-win32-x64\\python.exe C:\\Users\\analyst's\\AppData\\Local\\Temp\\local_kernel_98ad77oj\\local_kernel_runner.py",
      "ParentUser": "WORKSTATION\\analyst's"
     },
     "captured_channel": "Microsoft-Windows-Sysmon/Operational"
    },
    {
     "timestamp": "2026-10-07T07:07:05.0163818+05:30",
     "channel": "Microsoft-Windows-Sysmon/Operational",
     "provider": "Microsoft-Windows-Sysmon",
     "event_id": "1",
     "level": "Information",
     "severity": "Low",
     "username": "WORKSTATION\\analyst's",
     "host": "localhost",
     "source_ip": "local",
     "message": "Process Create:\r\nRuleName: -\r\nUtcTime: 2026-10-07 01:37:05.008\r\nProcessGuid: {00000000-0000-0000-0000-000000000000}\r\nProcessId: 59888\r\nImage: C:\\Users\\analyst's\\AppData\\Local\\local\\tools\\python-3.14.7+20260901-win32-x64\\python.exe\r\nFileVersion: 3.14.7\r\nDescription: Python\r\nProduct: Python\r\nCompany: ",
     "record_id": 456250,
     "source": "windows-event-log",
     "is_alert": false,
     "rule_name": "",
     "external_id": "Microsoft-Windows-Sysmon/Operational:456250",
     "raw_log": "{\"Channel\": \"Microsoft-Windows-Sysmon/Operational\", \"EventData\": {\"CommandLine\": \"C:\\\\Users\\\\analyst's\\\\Documents\\\\repo\\\\.venv\\\\Scripts\\\\python.exe C:\\\\ProgramData\\\\lab\\\\run_driver.py\", \"Company\": \"Python Software Foundation\", \"CurrentDirectory\": \"C:\\\\Users\\\\analyst's\\\\\", \"Description\": \"Python\", \"FileVersion\": \"3.14.7\", \"Hashes\": \"SHA256=703536CD5D48B90407300079F490247E81244057652895D5A60DF1E7D2991962\", \"Image\": \"C:\\\\Users\\\\analyst's\\\\AppData\\\\Local\\\\local\\\\tools\\\\python-3.14.7+20260901-win32-x64\\\\python.exe\", \"IntegrityLevel\": \"Medium\", \"LogonGuid\": \"{00000000-0000-0000-0000-000000000000}\", \"LogonId\": \"0x0\", \"OriginalFileName\": \"python.exe\", \"ParentCommandLine\": \"C:\\\\Users\\\\analyst's\\\\Documents\\\\repo\\\\.venv\\\\Scripts\\\\python.exe C:\\\\ProgramData\\\\lab\\\\run_driver.py\", \"ParentImage\": \"C:\\\\Users\\\\analyst's\\\\Documents\\\\repo\\\\.venv\\\\Scripts\\\\python.exe\", \"ParentProcessGuid\": \"{00000000-0000-0000-0000-000000000000}\", \"ParentProcessId\": \"94364\", \"ParentUser\": \"WORKSTATION\\\\analyst's\", \"ProcessGuid\": \"{00000000-0000-0000-0000-000000000000}\", \"ProcessId\": \"59888\", \"Product\": \"Python\", \"RuleName\": \"-\", \"TerminalSessionId\": \"1\", \"User\": \"WORKSTATION\\\\analyst's\", \"UtcTime\": \"2026-10-07 01:37:05.008\"}, \"Id\": 1, \"Level\": \"Information\", \"Message\": \"Process Create:\\r\\nRuleName: -\\r\\nUtcTime: 2026-10-07 01:37:05.008\\r\\nProcessGuid: {00000000-0000-0000-0000-000000000000}\\r\\nProcessId: 59888\\r\\nImage: C:\\\\Users\\\\analyst's\\\\AppData\\\\Local\\\\local\\\\tools\\\\python-3.14.7+20260901-win32-x64\\\\python.exe\\r\\nFileVersion: 3.14.7\\r\\nDescription: Python\\r\\nProduct: Python\\r\\nCompany: Python Software Foundation\\r\\nOriginalFileName: python.exe\\r\\nCommandLine: C:\\\\Users\\\\analyst's\\\\Documents\\\\repo\\\\.venv\\\\Scripts\\\\python.exe C:\\\\ProgramData\\\\lab\\\\run_driver.py\\r\\nCurrentDirectory: C:\\\\Users\\\\analyst's\\\\\\r\\nUser: WORKSTATION\\\\analyst's\\r\\nLogonGuid: {00000000-0000-0000-0000-000000000000}\\r\\nLogonId: 0x0\\r\\nTerminalSessionId: 1\\r\\nIntegrityLevel: Medium\\r\\nHashes: SHA256=703536CD5D48B90407300079F490247E81244057652895D5A60DF1E7D2991962\\r\\nParentProcessGuid: {00000000-0000-0000-0000-000000000000}\\r\\nParentProcessId: 94364\\r\\nParentImage: C:\\\\Users\\\\analyst's\\\\Documents\\\\repo\\\\.venv\\\\Scripts\\\\python.exe\\r\\nParentCommandLine: C:\\\\Users\\\\analyst's\\\\Documents\\\\repo\\\\.venv\\\\Scripts\\\\python.exe C:\\\\ProgramData\\\\lab\\\\run_driver.py\\r\\nParentUser: WORKSTATION\\\\analyst's\", \"Provider\": \"Microsoft-Windows-Sysmon\", \"RecordId\": 456250, \"TimeCreated\": \"2026-10-07T07:07:05.0163818+05:30\", \"User\": {\"AccountDomainSid\": null, \"BinaryLength\": 12, \"Value\": \"S-1-5-0-0-0\"}}",
     "fields": {
      "RuleName": "-",
      "UtcTime": "2026-10-07 01:37:05.008",
      "Image": "C:\\Users\\analyst's\\AppData\\Local\\local\\tools\\python-3.14.7+20260901-win32-x64\\python.exe",
      "FileVersion": "3.14.7",
      "Description": "Python",
      "Product": "Python",
      "Company": "Python Software Foundation",
      "OriginalFileName": "python.exe",
      "CommandLine": "C:\\Users\\analyst's\\Documents\\repo\\.venv\\Scripts\\python.exe C:\\ProgramData\\lab\\run_driver.py",
      "CurrentDirectory": "C:\\Users\\analyst's\\",
      "User": "WORKSTATION\\analyst's",
      "LogonId": "0x0",
      "TerminalSessionId": "1",
      "IntegrityLevel": "Medium",
      "ParentImage": "C:\\Users\\analyst's\\Documents\\repo\\.venv\\Scripts\\python.exe",
      "ParentCommandLine": "C:\\Users\\analyst's\\Documents\\repo\\.venv\\Scripts\\python.exe C:\\ProgramData\\lab\\run_driver.py",
      "ParentUser": "WORKSTATION\\analyst's"
     },
     "captured_channel": "Microsoft-Windows-Sysmon/Operational"
    },
    {
     "timestamp": "2026-10-07T07:07:05.2424365+05:30",
     "channel": "Microsoft-Windows-Sysmon/Operational",
     "provider": "Microsoft-Windows-Sysmon",
     "event_id": "1",
     "level": "Information",
     "severity": "Medium",
     "username": "WORKSTATION\\analyst's",
     "host": "localhost",
     "source_ip": "local",
     "message": "Process Create:\r\nRuleName: -\r\nUtcTime: 2026-10-07 01:37:05.232\r\nProcessGuid: {00000000-0000-0000-0000-000000000000}\r\nProcessId: 23472\r\nImage: C:\\Windows\\System32\\cmd.exe\r\nFileVersion: 10.0.26100.9278 (WinBuild.160101.0800)\r\nDescription: Windows Command Processor\r\nProduct: Microsoftr Windowsr Operati",
     "record_id": 456251,
     "source": "windows-event-log",
     "is_alert": true,
     "rule_name": "System information discovery",
     "external_id": "Microsoft-Windows-Sysmon/Operational:456251",
     "raw_log": "{\"Channel\": \"Microsoft-Windows-Sysmon/Operational\", \"EventData\": {\"CommandLine\": \"C:\\\\windows\\\\System32\\\\cmd.exe /C \\\"systeminfo\\nreg query HKLM\\\\SYSTEM\\\\CurrentControlSet\\\\Services\\\\Disk\\\\Enum\\\"\", \"Company\": \"Microsoft Corporation\", \"CurrentDirectory\": \"C:\\\\windows\\\\\", \"Description\": \"Windows Command Processor\", \"FileVersion\": \"10.0.26100.9278 (WinBuild.160101.0800)\", \"Hashes\": \"SHA256=97AC98B1A92C286054CCE55239CFCCDFC23A5517BD07FE693072C9CA96C7DABB\", \"Image\": \"C:\\\\Windows\\\\System32\\\\cmd.exe\", \"IntegrityLevel\": \"Medium\", \"LogonGuid\": \"{00000000-0000-0000-0000-000000000000}\", \"LogonId\": \"0x0\", \"OriginalFileName\": \"Cmd.Exe\", \"ParentCommandLine\": \"C:\\\\Users\\\\analyst's\\\\Documents\\\\repo\\\\.venv\\\\Scripts\\\\python.exe C:\\\\ProgramData\\\\lab\\\\run_driver.py\", \"ParentImage\": \"C:\\\\Users\\\\analyst's\\\\AppData\\\\Local\\\\local\\\\tools\\\\python-3.14.7+20260901-win32-x64\\\\python.exe\", \"ParentProcessGuid\": \"{00000000-0000-0000-0000-000000000000}\", \"ParentProcessId\": \"59888\", \"ParentUser\": \"WORKSTATION\\\\analyst's\", \"ProcessGuid\": \"{00000000-0000-0000-0000-000000000000}\", \"ProcessId\": \"23472\", \"Product\": \"Microsoftr Windowsr Operating System\", \"RuleName\": \"-\", \"TerminalSessionId\": \"1\", \"User\": \"WORKSTATION\\\\analyst's\", \"UtcTime\": \"2026-10-07 01:37:05.232\"}, \"Id\": 1, \"Level\": \"Information\", \"Message\": \"Process Create:\\r\\nRuleName: -\\r\\nUtcTime: 2026-10-07 01:37:05.232\\r\\nProcessGuid: {00000000-0000-0000-0000-000000000000}\\r\\nProcessId: 23472\\r\\nImage: C:\\\\Windows\\\\System32\\\\cmd.exe\\r\\nFileVersion: 10.0.26100.9278 (WinBuild.160101.0800)\\r\\nDescription: Windows Command Processor\\r\\nProduct: Microsoftr Windowsr Operating System\\r\\nCompany: Microsoft Corporation\\r\\nOriginalFileName: Cmd.Exe\\r\\nCommandLine: C:\\\\windows\\\\System32\\\\cmd.exe /C \\\"systeminfo\\nreg query HKLM\\\\SYSTEM\\\\CurrentControlSet\\\\Services\\\\Disk\\\\Enum\\\"\\r\\nCurrentDirectory: C:\\\\windows\\\\\\r\\nUser: WORKSTATION\\\\analyst's\\r\\nLogonGuid: {00000000-0000-0000-0000-000000000000}\\r\\nLogonId: 0x0\\r\\nTerminalSessionId: 1\\r\\nIntegrityLevel: Medium\\r\\nHashes: SHA256=97AC98B1A92C286054CCE55239CFCCDFC23A5517BD07FE693072C9CA96C7DABB\\r\\nParentProcessGuid: {00000000-0000-0000-0000-000000000000}\\r\\nParentProcessId: 59888\\r\\nParentImage: C:\\\\Users\\\\analyst's\\\\AppData\\\\Local\\\\local\\\\tools\\\\python-3.14.7+20260901-win32-x64\\\\python.exe\\r\\nParentCommandLine: C:\\\\Users\\\\analyst's\\\\Documents\\\\repo\\\\.venv\\\\Scripts\\\\python.exe C:\\\\ProgramData\\\\lab\\\\run_driver.py\\r\\nParentUser: WORKSTATION\\\\analyst's\", \"Provider\": \"Microsoft-Windows-Sysmon\", \"RecordId\": 456251, \"TimeCreated\": \"2026-10-07T07:07:05.2424365+05:30\", \"User\": {\"AccountDomainSid\": null, \"BinaryLength\": 12, \"Value\": \"S-1-5-0-0-0\"}}",
     "fields": {
      "RuleName": "-",
      "UtcTime": "2026-10-07 01:37:05.232",
      "Image": "C:\\Windows\\System32\\cmd.exe",
      "FileVersion": "10.0.26100.9278 (WinBuild.160101.0800)",
      "Description": "Windows Command Processor",
      "Product": "Microsoftr Windowsr Operating System",
      "Company": "Microsoft Corporation",
      "OriginalFileName": "Cmd.Exe",
      "CommandLine": "C:\\windows\\System32\\cmd.exe /C \"systeminfo\nreg query HKLM\\SYSTEM\\CurrentControlSet\\Services\\Disk\\Enum\"",
      "CurrentDirectory": "C:\\windows\\",
      "User": "WORKSTATION\\analyst's",
      "LogonId": "0x0",
      "TerminalSessionId": "1",
      "IntegrityLevel": "Medium",
      "ParentImage": "C:\\Users\\analyst's\\AppData\\Local\\local\\tools\\python-3.14.7+20260901-win32-x64\\python.exe",
      "ParentCommandLine": "C:\\Users\\analyst's\\Documents\\repo\\.venv\\Scripts\\python.exe C:\\ProgramData\\lab\\run_driver.py",
      "ParentUser": "WORKSTATION\\analyst's"
     },
     "captured_channel": "Microsoft-Windows-Sysmon/Operational"
    },
    {
     "timestamp": "2026-10-07T07:07:05.2677456+05:30",
     "channel": "Microsoft-Windows-Sysmon/Operational",
     "provider": "Microsoft-Windows-Sysmon",
     "event_id": "1",
     "level": "Information",
     "severity": "Medium",
     "username": "WORKSTATION\\analyst's",
     "host": "localhost",
     "source_ip": "local",
     "message": "Process Create:\r\nRuleName: -\r\nUtcTime: 2026-10-07 01:37:05.262\r\nProcessGuid: {00000000-0000-0000-0000-000000000000}\r\nProcessId: 86376\r\nImage: C:\\Windows\\System32\\systeminfo.exe\r\nFileVersion: 10.0.26100.4202 (WinBuild.160101.0800)\r\nDescription: Displays system information\r\nProduct: Microsoftr Windows",
     "record_id": 456252,
     "source": "windows-event-log",
     "is_alert": true,
     "rule_name": "System information discovery",
     "external_id": "Microsoft-Windows-Sysmon/Operational:456252",
     "raw_log": "{\"Channel\": \"Microsoft-Windows-Sysmon/Operational\", \"EventData\": {\"CommandLine\": \"systeminfo\", \"Company\": \"Microsoft Corporation\", \"CurrentDirectory\": \"C:\\\\Windows\\\\\", \"Description\": \"Displays system information\", \"FileVersion\": \"10.0.26100.4202 (WinBuild.160101.0800)\", \"Hashes\": \"SHA256=A220A85750588F5B231FF8CB106BA5409EAABB85E3DD7278A98FCA907E171ED2\", \"Image\": \"C:\\\\Windows\\\\System32\\\\systeminfo.exe\", \"IntegrityLevel\": \"Medium\", \"LogonGuid\": \"{00000000-0000-0000-0000-000000000000}\", \"LogonId\": \"0x0\", \"OriginalFileName\": \"sysinfo.exe\", \"ParentCommandLine\": \"C:\\\\windows\\\\System32\\\\cmd.exe /C \\\"systeminfo\\nreg query HKLM\\\\SYSTEM\\\\CurrentControlSet\\\\Services\\\\Disk\\\\Enum\\\"\", \"ParentImage\": \"C:\\\\Windows\\\\System32\\\\cmd.exe\", \"ParentProcessGuid\": \"{00000000-0000-0000-0000-000000000000}\", \"ParentProcessId\": \"23472\", \"ParentUser\": \"WORKSTATION\\\\analyst's\", \"ProcessGuid\": \"{00000000-0000-0000-0000-000000000000}\", \"ProcessId\": \"86376\", \"Product\": \"Microsoftr Windowsr Operating System\", \"RuleName\": \"-\", \"TerminalSessionId\": \"1\", \"User\": \"WORKSTATION\\\\analyst's\", \"UtcTime\": \"2026-10-07 01:37:05.262\"}, \"Id\": 1, \"Level\": \"Information\", \"Message\": \"Process Create:\\r\\nRuleName: -\\r\\nUtcTime: 2026-10-07 01:37:05.262\\r\\nProcessGuid: {00000000-0000-0000-0000-000000000000}\\r\\nProcessId: 86376\\r\\nImage: C:\\\\Windows\\\\System32\\\\systeminfo.exe\\r\\nFileVersion: 10.0.26100.4202 (WinBuild.160101.0800)\\r\\nDescription: Displays system information\\r\\nProduct: Microsoftr Windowsr Operating System\\r\\nCompany: Microsoft Corporation\\r\\nOriginalFileName: sysinfo.exe\\r\\nCommandLine: systeminfo\\r\\nCurrentDirectory: C:\\\\Windows\\\\\\r\\nUser: WORKSTATION\\\\analyst's\\r\\nLogonGuid: {00000000-0000-0000-0000-000000000000}\\r\\nLogonId: 0x0\\r\\nTerminalSessionId: 1\\r\\nIntegrityLevel: Medium\\r\\nHashes: SHA256=A220A85750588F5B231FF8CB106BA5409EAABB85E3DD7278A98FCA907E171ED2\\r\\nParentProcessGuid: {00000000-0000-0000-0000-000000000000}\\r\\nParentProcessId: 23472\\r\\nParentImage: C:\\\\Windows\\\\System32\\\\cmd.exe\\r\\nParentCommandLine: C:\\\\windows\\\\System32\\\\cmd.exe /C \\\"systeminfo\\nreg query HKLM\\\\SYSTEM\\\\CurrentControlSet\\\\Services\\\\Disk\\\\Enum\\\"\\r\\nParentUser: WORKSTATION\\\\analyst's\", \"Provider\": \"Microsoft-Windows-Sysmon\", \"RecordId\": 456252, \"TimeCreated\": \"2026-10-07T07:07:05.2677456+05:30\", \"User\": {\"AccountDomainSid\": null, \"BinaryLength\": 12, \"Value\": \"S-1-5-0-0-0\"}}",
     "fields": {
      "RuleName": "-",
      "UtcTime": "2026-10-07 01:37:05.262",
      "Image": "C:\\Windows\\System32\\systeminfo.exe",
      "FileVersion": "10.0.26100.4202 (WinBuild.160101.0800)",
      "Description": "Displays system information",
      "Product": "Microsoftr Windowsr Operating System",
      "Company": "Microsoft Corporation",
      "OriginalFileName": "sysinfo.exe",
      "CommandLine": "systeminfo",
      "CurrentDirectory": "C:\\Windows\\",
      "User": "WORKSTATION\\analyst's",
      "LogonId": "0x0",
      "TerminalSessionId": "1",
      "IntegrityLevel": "Medium",
      "ParentImage": "C:\\Windows\\System32\\cmd.exe",
      "ParentCommandLine": "C:\\windows\\System32\\cmd.exe /C \"systeminfo\nreg query HKLM\\SYSTEM\\CurrentControlSet\\Services\\Disk\\Enum\"",
      "ParentUser": "WORKSTATION\\analyst's"
     },
     "captured_channel": "Microsoft-Windows-Sysmon/Operational"
    },
    {
     "timestamp": "2026-10-07T07:07:07.2182744+05:30",
     "channel": "Microsoft-Windows-Sysmon/Operational",
     "provider": "Microsoft-Windows-Sysmon",
     "event_id": "10",
     "level": "Information",
     "severity": "Low",
     "username": "{'BinaryLength': 12, 'AccountDomainSid': None, 'Value': 'S-1-5-0-0-0'}",
     "host": "localhost",
     "source_ip": "local",
     "message": "Process accessed:\r\nRuleName: -\r\nUtcTime: 2026-10-07 01:37:07.218\r\nSourceProcessGUID: {00000000-0000-0000-0000-000000000000}\r\nSourceProcessId: 1972\r\nSourceThreadId: 20900\r\nSourceImage: C:\\windows\\system32\\svchost.exe\r\nTargetProcessGUID: {00000000-0000-0000-0000-000000000000}\r\nTargetProcessId: 1700\r\nT",
     "record_id": 456253,
     "source": "windows-event-log",
     "is_alert": false,
     "rule_name": "",
     "external_id": "Microsoft-Windows-Sysmon/Operational:456253",
     "raw_log": "{\"Channel\": \"Microsoft-Windows-Sysmon/Operational\", \"EventData\": {\"CallTrace\": \"C:\\\\windows\\\\SYSTEM32\\\\ntdll.dll+161284|C:\\\\windows\\\\System32\\\\KERNELBASE.dll+c0b1b|c:\\\\windows\\\\system32\\\\lsm.dll+25ef9|C:\\\\windows\\\\System32\\\\RPCRT4.dll+d3573|C:\\\\windows\\\\System32\\\\RPCRT4.dll+d570e|C:\\\\windows\\\\System32\\\\RPCRT4.dll+8a1ec|C:\\\\windows\\\\System32\\\\RPCRT4.dll+87b27|C:\\\\windows\\\\System32\\\\RPCRT4.dll+50f44|C:\\\\windows\\\\System32\\\\RPCRT4.dll+51f58|C:\\\\windows\\\\System32\\\\RPCRT4.dll+3f0e4|C:\\\\windows\\\\System32\\\\RPCRT4.dll+4f4ac|C:\\\\windows\\\\System32\\\\RPCRT4.dll+554ac|C:\\\\windows\\\\System32\\\\RPCRT4.dll+54633|C:\\\\windows\\\\System32\\\\RPCRT4.dll+535d8|C:\\\\windows\\\\SYSTEM32\\\\ntdll.dll+19eee|C:\\\\windows\\\\SYSTEM32\\\\ntdll.dll+1a843|C:\\\\windows\\\\System32\\\\KERNEL32.DLL+2cd87|C:\\\\windows\\\\SYSTEM32\\\\ntdll.dll+acaec\", \"GrantedAccess\": \"0x1000\", \"RuleName\": \"-\", \"SourceImage\": \"C:\\\\windows\\\\system32\\\\svchost.exe\", \"SourceProcessGUID\": \"{00000000-0000-0000-0000-000000000000}\", \"SourceProcessId\": \"1972\", \"SourceThreadId\": \"20900\", \"SourceUser\": \"NT AUTHORITY\\\\SYSTEM\", \"TargetImage\": \"C:\\\\windows\\\\system32\\\\lsass.exe\", \"TargetProcessGUID\": \"{00000000-0000-0000-0000-000000000000}\", \"TargetProcessId\": \"1700\", \"TargetUser\": \"NT AUTHORITY\\\\SYSTEM\", \"UtcTime\": \"2026-10-07 01:37:07.218\"}, \"Id\": 10, \"Level\": \"Information\", \"Message\": \"Process accessed:\\r\\nRuleName: -\\r\\nUtcTime: 2026-10-07 01:37:07.218\\r\\nSourceProcessGUID: {00000000-0000-0000-0000-000000000000}\\r\\nSourceProcessId: 1972\\r\\nSourceThreadId: 20900\\r\\nSourceImage: C:\\\\windows\\\\system32\\\\svchost.exe\\r\\nTargetProcessGUID: {00000000-0000-0000-0000-000000000000}\\r\\nTargetProcessId: 1700\\r\\nTargetImage: C:\\\\windows\\\\system32\\\\lsass.exe\\r\\nGrantedAccess: 0x1000\\r\\nCallTrace: C:\\\\windows\\\\SYSTEM32\\\\ntdll.dll+161284|C:\\\\windows\\\\System32\\\\KERNELBASE.dll+c0b1b|c:\\\\windows\\\\system32\\\\lsm.dll+25ef9|C:\\\\windows\\\\System32\\\\RPCRT4.dll+d3573|C:\\\\windows\\\\System32\\\\RPCRT4.dll+d570e|C:\\\\windows\\\\System32\\\\RPCRT4.dll+8a1ec|C:\\\\windows\\\\System32\\\\RPCRT4.dll+87b27|C:\\\\windows\\\\System32\\\\RPCRT4.dll+50f44|C:\\\\windows\\\\System32\\\\RPCRT4.dll+51f58|C:\\\\windows\\\\System32\\\\RPCRT4.dll+3f0e4|C:\\\\windows\\\\System32\\\\RPCRT4.dll+4f4ac|C:\\\\windows\\\\System32\\\\RPCRT4.dll+554ac|C:\\\\windows\\\\System32\\\\RPCRT4.dll+54633|C:\\\\windows\\\\System32\\\\RPCRT4.dll+535d8|C:\\\\windows\\\\SYSTEM32\\\\ntdll.dll+19eee|C:\\\\windows\\\\SYSTEM32\\\\ntdll.dll+1a843|C:\\\\windows\\\\System32\\\\KERNEL32.DLL+2cd87|C:\\\\windows\\\\SYSTEM32\\\\ntdll.dll+acaec\\r\\nSourceUser: NT AUTHORITY\\\\SYSTEM\\r\\nTargetUser: NT AUTHORITY\\\\SYSTEM\", \"Provider\": \"Microsoft-Windows-Sysmon\", \"RecordId\": 456253, \"TimeCreated\": \"2026-10-07T07:07:07.2182744+05:30\", \"User\": {\"AccountDomainSid\": null, \"BinaryLength\": 12, \"Value\": \"S-1-5-0-0-0\"}}",
     "fields": {
      "RuleName": "-",
      "UtcTime": "2026-10-07 01:37:07.218",
      "SourceProcessGUID": "{00000000-0000-0000-0000-000000000000}",
      "SourceProcessId": "1972",
      "SourceThreadId": "20900",
      "SourceImage": "C:\\windows\\system32\\svchost.exe",
      "TargetProcessGUID": "{00000000-0000-0000-0000-000000000000}",
      "TargetProcessId": "1700",
      "TargetImage": "C:\\windows\\system32\\lsass.exe",
      "GrantedAccess": "0x1000",
      "CallTrace": "C:\\windows\\SYSTEM32\\ntdll.dll+161284|C:\\windows\\System32\\KERNELBASE.dll+c0b1b|c:\\windows\\system32\\lsm.dll+25ef9|C:\\windows\\System32\\RPCRT4.dll+d3573|C:\\windows\\System32\\RPCRT4.dll+d570e|C:\\windows\\System32\\RPCRT4.dll+8a1ec|C:\\windows\\System32\\RPCRT4.dll+87b27|C:\\windows\\System32\\RPCRT4.dll+50f44|C:\\windows\\System32\\RPCRT4.dll+51f58|C:\\windows\\System32\\RPCRT4.dll+3f0e4|C:\\windows\\System32\\RPCRT4.dll+4f4ac|C:\\windows\\System32\\RPCRT4.dll+554ac|C:\\windows\\System32\\RPCRT4.dll+54633|C:\\windows\\System32\\RPCRT4.dll+535d8|C:\\windows\\SYSTEM32\\ntdll.dll+19eee|C:\\windows\\SYSTEM32\\ntdll.dll+1a843|C:\\windows\\System32\\KERNEL32.DLL+2cd87|C:\\windows\\SYSTEM32\\ntdll.dll+acaec",
      "SourceUser": "NT AUTHORITY\\SYSTEM",
      "TargetUser": "NT AUTHORITY\\SYSTEM"
     },
     "captured_channel": "Microsoft-Windows-Sysmon/Operational"
    },
    {
     "timestamp": "2026-10-07T07:07:07.2183111+05:30",
     "channel": "Microsoft-Windows-Sysmon/Operational",
     "provider": "Microsoft-Windows-Sysmon",
     "event_id": "10",
     "level": "Information",
     "severity": "Low",
     "username": "{'BinaryLength': 12, 'AccountDomainSid': None, 'Value': 'S-1-5-0-0-0'}",
     "host": "localhost",
     "source_ip": "local",
     "message": "Process accessed:\r\nRuleName: -\r\nUtcTime: 2026-10-07 01:37:07.218\r\nSourceProcessGUID: {00000000-0000-0000-0000-000000000000}\r\nSourceProcessId: 1972\r\nSourceThreadId: 20900\r\nSourceImage: C:\\windows\\system32\\svchost.exe\r\nTargetProcessGUID: {00000000-0000-0000-0000-000000000000}\r\nTargetProcessId: 1700\r\nT",
     "record_id": 456254,
     "source": "windows-event-log",
     "is_alert": false,
     "rule_name": "",
     "external_id": "Microsoft-Windows-Sysmon/Operational:456254",
     "raw_log": "{\"Channel\": \"Microsoft-Windows-Sysmon/Operational\", \"EventData\": {\"CallTrace\": \"C:\\\\windows\\\\SYSTEM32\\\\ntdll.dll+161284|C:\\\\windows\\\\System32\\\\KERNELBASE.dll+c0b1b|c:\\\\windows\\\\system32\\\\lsm.dll+8c18|c:\\\\windows\\\\system32\\\\lsm.dll+26542|c:\\\\windows\\\\system32\\\\lsm.dll+2601d|C:\\\\windows\\\\System32\\\\RPCRT4.dll+d3573|C:\\\\windows\\\\System32\\\\RPCRT4.dll+d570e|C:\\\\windows\\\\System32\\\\RPCRT4.dll+8a1ec|C:\\\\windows\\\\System32\\\\RPCRT4.dll+87b27|C:\\\\windows\\\\System32\\\\RPCRT4.dll+50f44|C:\\\\windows\\\\System32\\\\RPCRT4.dll+51f58|C:\\\\windows\\\\System32\\\\RPCRT4.dll+3f0e4|C:\\\\windows\\\\System32\\\\RPCRT4.dll+4f4ac|C:\\\\windows\\\\System32\\\\RPCRT4.dll+554ac|C:\\\\windows\\\\System32\\\\RPCRT4.dll+54633|C:\\\\windows\\\\System32\\\\RPCRT4.dll+535d8|C:\\\\windows\\\\SYSTEM32\\\\ntdll.dll+19eee|C:\\\\windows\\\\SYSTEM32\\\\ntdll.dll+1a843|C:\\\\windows\\\\System32\\\\KERNEL32.DLL+2cd87|C:\\\\windows\\\\SYSTEM32\\\\ntdll.dll+acaec\", \"GrantedAccess\": \"0x1000\", \"RuleName\": \"-\", \"SourceImage\": \"C:\\\\windows\\\\system32\\\\svchost.exe\", \"SourceProcessGUID\": \"{00000000-0000-0000-0000-000000000000}\", \"SourceProcessId\": \"1972\", \"SourceThreadId\": \"20900\", \"SourceUser\": \"NT AUTHORITY\\\\SYSTEM\", \"TargetImage\": \"C:\\\\windows\\\\system32\\\\lsass.exe\", \"TargetProcessGUID\": \"{00000000-0000-0000-0000-000000000000}\", \"TargetProcessId\": \"1700\", \"TargetUser\": \"NT AUTHORITY\\\\SYSTEM\", \"UtcTime\": \"2026-10-07 01:37:07.218\"}, \"Id\": 10, \"Level\": \"Information\", \"Message\": \"Process accessed:\\r\\nRuleName: -\\r\\nUtcTime: 2026-10-07 01:37:07.218\\r\\nSourceProcessGUID: {00000000-0000-0000-0000-000000000000}\\r\\nSourceProcessId: 1972\\r\\nSourceThreadId: 20900\\r\\nSourceImage: C:\\\\windows\\\\system32\\\\svchost.exe\\r\\nTargetProcessGUID: {00000000-0000-0000-0000-000000000000}\\r\\nTargetProcessId: 1700\\r\\nTargetImage: C:\\\\windows\\\\system32\\\\lsass.exe\\r\\nGrantedAccess: 0x1000\\r\\nCallTrace: C:\\\\windows\\\\SYSTEM32\\\\ntdll.dll+161284|C:\\\\windows\\\\System32\\\\KERNELBASE.dll+c0b1b|c:\\\\windows\\\\system32\\\\lsm.dll+8c18|c:\\\\windows\\\\system32\\\\lsm.dll+26542|c:\\\\windows\\\\system32\\\\lsm.dll+2601d|C:\\\\windows\\\\System32\\\\RPCRT4.dll+d3573|C:\\\\windows\\\\System32\\\\RPCRT4.dll+d570e|C:\\\\windows\\\\System32\\\\RPCRT4.dll+8a1ec|C:\\\\windows\\\\System32\\\\RPCRT4.dll+87b27|C:\\\\windows\\\\System32\\\\RPCRT4.dll+50f44|C:\\\\windows\\\\System32\\\\RPCRT4.dll+51f58|C:\\\\windows\\\\System32\\\\RPCRT4.dll+3f0e4|C:\\\\windows\\\\System32\\\\RPCRT4.dll+4f4ac|C:\\\\windows\\\\System32\\\\RPCRT4.dll+554ac|C:\\\\windows\\\\System32\\\\RPCRT4.dll+54633|C:\\\\windows\\\\System32\\\\RPCRT4.dll+535d8|C:\\\\windows\\\\SYSTEM32\\\\ntdll.dll+19eee|C:\\\\windows\\\\SYSTEM32\\\\ntdll.dll+1a843|C:\\\\windows\\\\System32\\\\KERNEL32.DLL+2cd87|C:\\\\windows\\\\SYSTEM32\\\\ntdll.dll+acaec\\r\\nSourceUser: NT AUTHORITY\\\\SYSTEM\\r\\nTargetUser: NT AUTHORITY\\\\SYSTEM\", \"Provider\": \"Microsoft-Windows-Sysmon\", \"RecordId\": 456254, \"TimeCreated\": \"2026-10-07T07:07:07.2183111+05:30\", \"User\": {\"AccountDomainSid\": null, \"BinaryLength\": 12, \"Value\": \"S-1-5-0-0-0\"}}",
     "fields": {
      "RuleName": "-",
      "UtcTime": "2026-10-07 01:37:07.218",
      "SourceProcessGUID": "{00000000-0000-0000-0000-000000000000}",
      "SourceProcessId": "1972",
      "SourceThreadId": "20900",
      "SourceImage": "C:\\windows\\system32\\svchost.exe",
      "TargetProcessGUID": "{00000000-0000-0000-0000-000000000000}",
      "TargetProcessId": "1700",
      "TargetImage": "C:\\windows\\system32\\lsass.exe",
      "GrantedAccess": "0x1000",
      "CallTrace": "C:\\windows\\SYSTEM32\\ntdll.dll+161284|C:\\windows\\System32\\KERNELBASE.dll+c0b1b|c:\\windows\\system32\\lsm.dll+8c18|c:\\windows\\system32\\lsm.dll+26542|c:\\windows\\system32\\lsm.dll+2601d|C:\\windows\\System32\\RPCRT4.dll+d3573|C:\\windows\\System32\\RPCRT4.dll+d570e|C:\\windows\\System32\\RPCRT4.dll+8a1ec|C:\\windows\\System32\\RPCRT4.dll+87b27|C:\\windows\\System32\\RPCRT4.dll+50f44|C:\\windows\\System32\\RPCRT4.dll+51f58|C:\\windows\\System32\\RPCRT4.dll+3f0e4|C:\\windows\\System32\\RPCRT4.dll+4f4ac|C:\\windows\\System32\\RPCRT4.dll+554ac|C:\\windows\\System32\\RPCRT4.dll+54633|C:\\windows\\System32\\RPCRT4.dll+535d8|C:\\windows\\SYSTEM32\\ntdll.dll+19eee|C:\\windows\\SYSTEM32\\ntdll.dll+1a843|C:\\windows\\System32\\KERNEL32.DLL+2cd87|C:\\windows\\SYSTEM32\\ntdll.dll+acaec",
      "SourceUser": "NT AUTHORITY\\SYSTEM",
      "TargetUser": "NT AUTHORITY\\SYSTEM"
     },
     "captured_channel": "Microsoft-Windows-Sysmon/Operational"
    },
    {
     "timestamp": "2026-10-07T07:07:07.2236972+05:30",
     "channel": "Microsoft-Windows-Sysmon/Operational",
     "provider": "Microsoft-Windows-Sysmon",
     "event_id": "1",
     "level": "Information",
     "severity": "Low",
     "username": "NT AUTHORITY\\LOCAL SERVICE",
     "host": "localhost",
     "source_ip": "local",
     "message": "Process Create:\r\nRuleName: -\r\nUtcTime: 2026-10-07 01:37:07.221\r\nProcessGuid: {00000000-0000-0000-0000-000000000000}\r\nProcessId: 26884\r\nImage: C:\\Windows\\System32\\wbem\\WmiPrvSE.exe\r\nFileVersion: 10.0.26100.9444 (WinBuild.160101.0800)\r\nDescription: WMI Provider Host\r\nProduct: Microsoftr Windowsr Opera",
     "record_id": 456255,
     "source": "windows-event-log",
     "is_alert": false,
     "rule_name": "",
     "external_id": "Microsoft-Windows-Sysmon/Operational:456255",
     "raw_log": "{\"Channel\": \"Microsoft-Windows-Sysmon/Operational\", \"EventData\": {\"CommandLine\": \"C:\\\\windows\\\\system32\\\\wbem\\\\wmiprvse.exe -secured -Embedding\", \"Company\": \"Microsoft Corporation\", \"CurrentDirectory\": \"C:\\\\windows\\\\system32\\\\\", \"Description\": \"WMI Provider Host\", \"FileVersion\": \"10.0.26100.9444 (WinBuild.160101.0800)\", \"Hashes\": \"SHA256=6CC491197AD4319467E5EB965BA3958455E00CBCF9B8EC2F09E5857E3D55740F\", \"Image\": \"C:\\\\Windows\\\\System32\\\\wbem\\\\WmiPrvSE.exe\", \"IntegrityLevel\": \"System\", \"LogonGuid\": \"{00000000-0000-0000-0000-000000000000}\", \"LogonId\": \"0x3e5\", \"OriginalFileName\": \"Wmiprvse.exe\", \"ParentCommandLine\": \"C:\\\\windows\\\\system32\\\\svchost.exe -k DcomLaunch -p\", \"ParentImage\": \"C:\\\\Windows\\\\System32\\\\svchost.exe\", \"ParentProcessGuid\": \"{00000000-0000-0000-0000-000000000000}\", \"ParentProcessId\": \"1820\", \"ParentUser\": \"NT AUTHORITY\\\\SYSTEM\", \"ProcessGuid\": \"{00000000-0000-0000-0000-000000000000}\", \"ProcessId\": \"26884\", \"Product\": \"Microsoftr Windowsr Operating System\", \"RuleName\": \"-\", \"TerminalSessionId\": \"0\", \"User\": \"NT AUTHORITY\\\\LOCAL SERVICE\", \"UtcTime\": \"2026-10-07 01:37:07.221\"}, \"Id\": 1, \"Level\": \"Information\", \"Message\": \"Process Create:\\r\\nRuleName: -\\r\\nUtcTime: 2026-10-07 01:37:07.221\\r\\nProcessGuid: {00000000-0000-0000-0000-000000000000}\\r\\nProcessId: 26884\\r\\nImage: C:\\\\Windows\\\\System32\\\\wbem\\\\WmiPrvSE.exe\\r\\nFileVersion: 10.0.26100.9444 (WinBuild.160101.0800)\\r\\nDescription: WMI Provider Host\\r\\nProduct: Microsoftr Windowsr Operating System\\r\\nCompany: Microsoft Corporation\\r\\nOriginalFileName: Wmiprvse.exe\\r\\nCommandLine: C:\\\\windows\\\\system32\\\\wbem\\\\wmiprvse.exe -secured -Embedding\\r\\nCurrentDirectory: C:\\\\windows\\\\system32\\\\\\r\\nUser: NT AUTHORITY\\\\LOCAL SERVICE\\r\\nLogonGuid: {00000000-0000-0000-0000-000000000000}\\r\\nLogonId: 0x3E5\\r\\nTerminalSessionId: 0\\r\\nIntegrityLevel: System\\r\\nHashes: SHA256=6CC491197AD4319467E5EB965BA3958455E00CBCF9B8EC2F09E5857E3D55740F\\r\\nParentProcessGuid: {00000000-0000-0000-0000-000000000000}\\r\\nParentProcessId: 1820\\r\\nParentImage: C:\\\\Windows\\\\System32\\\\svchost.exe\\r\\nParentCommandLine: C:\\\\windows\\\\system32\\\\svchost.exe -k DcomLaunch -p\\r\\nParentUser: NT AUTHORITY\\\\SYSTEM\", \"Provider\": \"Microsoft-Windows-Sysmon\", \"RecordId\": 456255, \"TimeCreated\": \"2026-10-07T07:07:07.2236972+05:30\", \"User\": {\"AccountDomainSid\": null, \"BinaryLength\": 12, \"Value\": \"S-1-5-0-0-0\"}}",
     "fields": {
      "RuleName": "-",
      "UtcTime": "2026-10-07 01:37:07.221",
      "Image": "C:\\Windows\\System32\\wbem\\WmiPrvSE.exe",
      "FileVersion": "10.0.26100.9444 (WinBuild.160101.0800)",
      "Description": "WMI Provider Host",
      "Product": "Microsoftr Windowsr Operating System",
      "Company": "Microsoft Corporation",
      "OriginalFileName": "Wmiprvse.exe",
      "CommandLine": "C:\\windows\\system32\\wbem\\wmiprvse.exe -secured -Embedding",
      "CurrentDirectory": "C:\\windows\\system32\\",
      "User": "NT AUTHORITY\\LOCAL SERVICE",
      "LogonId": "0x3e5",
      "TerminalSessionId": "0",
      "IntegrityLevel": "System",
      "ParentImage": "C:\\Windows\\System32\\svchost.exe",
      "ParentCommandLine": "C:\\windows\\system32\\svchost.exe -k DcomLaunch -p",
      "ParentUser": "NT AUTHORITY\\SYSTEM"
     },
     "captured_channel": "Microsoft-Windows-Sysmon/Operational"
    },
    {
     "timestamp": "2026-10-07T07:07:07.2706370+05:30",
     "channel": "Microsoft-Windows-Sysmon/Operational",
     "provider": "Microsoft-Windows-Sysmon",
     "event_id": "3",
     "level": "Information",
     "severity": "Low",
     "username": "WORKSTATION\\analyst's",
     "host": "localhost",
     "source_ip": "198.51.100.228",
     "message": "Network connection detected:\r\nRuleName: -\r\nUtcTime: 2026-10-07 01:37:01.108\r\nProcessGuid: {00000000-0000-0000-0000-000000000000}\r\nProcessId: 111212\r\nImage: C:\\Users\\analyst's\\AppData\\Local\\local\\tools\\python-3.14.7+20260901-win32-x64\\python.exe\r\nUser: WORKSTATION\\analyst's\r\nProtocol: tcp\r\nInitiated:",
     "record_id": 456256,
     "source": "windows-event-log",
     "is_alert": false,
     "rule_name": "Process opened an outbound connection",
     "external_id": "Microsoft-Windows-Sysmon/Operational:456256",
     "raw_log": "{\"Channel\": \"Microsoft-Windows-Sysmon/Operational\", \"EventData\": {\"DestinationHostname\": \"-\", \"DestinationIp\": \"198.51.100.104\", \"DestinationIsIpv6\": \"false\", \"DestinationPort\": \"443\", \"DestinationPortName\": \"https\", \"Image\": \"C:\\\\Users\\\\analyst's\\\\AppData\\\\Local\\\\local\\\\tools\\\\python-3.14.7+20260901-win32-x64\\\\python.exe\", \"Initiated\": \"true\", \"ProcessGuid\": \"{00000000-0000-0000-0000-000000000000}\", \"ProcessId\": \"111212\", \"Protocol\": \"tcp\", \"RuleName\": \"-\", \"SourceHostname\": \"WORKSTATION.Dlink\", \"SourceIp\": \"198.51.100.228\", \"SourceIsIpv6\": \"false\", \"SourcePort\": \"61131\", \"SourcePortName\": \"-\", \"User\": \"WORKSTATION\\\\analyst's\", \"UtcTime\": \"2026-10-07 01:37:01.108\"}, \"Id\": 3, \"Level\": \"Information\", \"Message\": \"Network connection detected:\\r\\nRuleName: -\\r\\nUtcTime: 2026-10-07 01:37:01.108\\r\\nProcessGuid: {00000000-0000-0000-0000-000000000000}\\r\\nProcessId: 111212\\r\\nImage: C:\\\\Users\\\\analyst's\\\\AppData\\\\Local\\\\local\\\\tools\\\\python-3.14.7+20260901-win32-x64\\\\python.exe\\r\\nUser: WORKSTATION\\\\analyst's\\r\\nProtocol: tcp\\r\\nInitiated: true\\r\\nSourceIsIpv6: false\\r\\nSourceIp: 198.51.100.228\\r\\nSourceHostname: WORKSTATION.Dlink\\r\\nSourcePort: 61131\\r\\nSourcePortName: -\\r\\nDestinationIsIpv6: false\\r\\nDestinationIp: 198.51.100.104\\r\\nDestinationHostname: -\\r\\nDestinationPort: 443\\r\\nDestinationPortName: https\", \"Provider\": \"Microsoft-Windows-Sysmon\", \"RecordId\": 456256, \"TimeCreated\": \"2026-10-07T07:07:07.2706370+05:30\", \"User\": {\"AccountDomainSid\": null, \"BinaryLength\": 12, \"Value\": \"S-1-5-0-0-0\"}}",
     "fields": {
      "RuleName": "-",
      "UtcTime": "2026-10-07 01:37:01.108",
      "Image": "C:\\Users\\analyst's\\AppData\\Local\\local\\tools\\python-3.14.7+20260901-win32-x64\\python.exe",
      "User": "WORKSTATION\\analyst's",
      "Protocol": "tcp",
      "Initiated": "true",
      "SourceIsIpv6": "false",
      "SourceIp": "198.51.100.228",
      "SourceHostname": "WORKSTATION.Dlink",
      "SourcePort": "61131",
      "SourcePortName": "-",
      "DestinationIsIpv6": "false",
      "DestinationIp": "198.51.100.104",
      "DestinationHostname": "-",
      "DestinationPort": "443",
      "DestinationPortName": "https"
     },
     "captured_channel": "Microsoft-Windows-Sysmon/Operational"
    },
    {
     "timestamp": "2026-10-07T07:07:07.3156357+05:30",
     "channel": "Microsoft-Windows-Sysmon/Operational",
     "provider": "Microsoft-Windows-Sysmon",
     "event_id": "10",
     "level": "Information",
     "severity": "Low",
     "username": "{'BinaryLength': 12, 'AccountDomainSid': None, 'Value': 'S-1-5-0-0-0'}",
     "host": "localhost",
     "source_ip": "local",
     "message": "Process accessed:\r\nRuleName: -\r\nUtcTime: 2026-10-07 01:37:07.315\r\nSourceProcessGUID: {00000000-0000-0000-0000-000000000000}\r\nSourceProcessId: 1972\r\nSourceThreadId: 20900\r\nSourceImage: C:\\windows\\system32\\svchost.exe\r\nTargetProcessGUID: {00000000-0000-0000-0000-000000000000}\r\nTargetProcessId: 1700\r\nT",
     "record_id": 456257,
     "source": "windows-event-log",
     "is_alert": false,
     "rule_name": "",
     "external_id": "Microsoft-Windows-Sysmon/Operational:456257",
     "raw_log": "{\"Channel\": \"Microsoft-Windows-Sysmon/Operational\", \"EventData\": {\"CallTrace\": \"C:\\\\windows\\\\SYSTEM32\\\\ntdll.dll+161284|C:\\\\windows\\\\System32\\\\KERNELBASE.dll+c0b1b|c:\\\\windows\\\\system32\\\\lsm.dll+25ef9|C:\\\\windows\\\\System32\\\\RPCRT4.dll+d3573|C:\\\\windows\\\\System32\\\\RPCRT4.dll+d570e|C:\\\\windows\\\\System32\\\\RPCRT4.dll+8a1ec|C:\\\\windows\\\\System32\\\\RPCRT4.dll+87b27|C:\\\\windows\\\\System32\\\\RPCRT4.dll+50f44|C:\\\\windows\\\\System32\\\\RPCRT4.dll+51f58|C:\\\\windows\\\\System32\\\\RPCRT4.dll+3f0e4|C:\\\\windows\\\\System32\\\\RPCRT4.dll+4f4ac|C:\\\\windows\\\\System32\\\\RPCRT4.dll+554ac|C:\\\\windows\\\\System32\\\\RPCRT4.dll+54633|C:\\\\windows\\\\System32\\\\RPCRT4.dll+535d8|C:\\\\windows\\\\SYSTEM32\\\\ntdll.dll+19eee|C:\\\\windows\\\\SYSTEM32\\\\ntdll.dll+1a843|C:\\\\windows\\\\System32\\\\KERNEL32.DLL+2cd87|C:\\\\windows\\\\SYSTEM32\\\\ntdll.dll+acaec\", \"GrantedAccess\": \"0x1000\", \"RuleName\": \"-\", \"SourceImage\": \"C:\\\\windows\\\\system32\\\\svchost.exe\", \"SourceProcessGUID\": \"{00000000-0000-0000-0000-000000000000}\", \"SourceProcessId\": \"1972\", \"SourceThreadId\": \"20900\", \"SourceUser\": \"NT AUTHORITY\\\\SYSTEM\", \"TargetImage\": \"C:\\\\windows\\\\system32\\\\lsass.exe\", \"TargetProcessGUID\": \"{00000000-0000-0000-0000-000000000000}\", \"TargetProcessId\": \"1700\", \"TargetUser\": \"NT AUTHORITY\\\\SYSTEM\", \"UtcTime\": \"2026-10-07 01:37:07.315\"}, \"Id\": 10, \"Level\": \"Information\", \"Message\": \"Process accessed:\\r\\nRuleName: -\\r\\nUtcTime: 2026-10-07 01:37:07.315\\r\\nSourceProcessGUID: {00000000-0000-0000-0000-000000000000}\\r\\nSourceProcessId: 1972\\r\\nSourceThreadId: 20900\\r\\nSourceImage: C:\\\\windows\\\\system32\\\\svchost.exe\\r\\nTargetProcessGUID: {00000000-0000-0000-0000-000000000000}\\r\\nTargetProcessId: 1700\\r\\nTargetImage: C:\\\\windows\\\\system32\\\\lsass.exe\\r\\nGrantedAccess: 0x1000\\r\\nCallTrace: C:\\\\windows\\\\SYSTEM32\\\\ntdll.dll+161284|C:\\\\windows\\\\System32\\\\KERNELBASE.dll+c0b1b|c:\\\\windows\\\\system32\\\\lsm.dll+25ef9|C:\\\\windows\\\\System32\\\\RPCRT4.dll+d3573|C:\\\\windows\\\\System32\\\\RPCRT4.dll+d570e|C:\\\\windows\\\\System32\\\\RPCRT4.dll+8a1ec|C:\\\\windows\\\\System32\\\\RPCRT4.dll+87b27|C:\\\\windows\\\\System32\\\\RPCRT4.dll+50f44|C:\\\\windows\\\\System32\\\\RPCRT4.dll+51f58|C:\\\\windows\\\\System32\\\\RPCRT4.dll+3f0e4|C:\\\\windows\\\\System32\\\\RPCRT4.dll+4f4ac|C:\\\\windows\\\\System32\\\\RPCRT4.dll+554ac|C:\\\\windows\\\\System32\\\\RPCRT4.dll+54633|C:\\\\windows\\\\System32\\\\RPCRT4.dll+535d8|C:\\\\windows\\\\SYSTEM32\\\\ntdll.dll+19eee|C:\\\\windows\\\\SYSTEM32\\\\ntdll.dll+1a843|C:\\\\windows\\\\System32\\\\KERNEL32.DLL+2cd87|C:\\\\windows\\\\SYSTEM32\\\\ntdll.dll+acaec\\r\\nSourceUser: NT AUTHORITY\\\\SYSTEM\\r\\nTargetUser: NT AUTHORITY\\\\SYSTEM\", \"Provider\": \"Microsoft-Windows-Sysmon\", \"RecordId\": 456257, \"TimeCreated\": \"2026-10-07T07:07:07.3156357+05:30\", \"User\": {\"AccountDomainSid\": null, \"BinaryLength\": 12, \"Value\": \"S-1-5-0-0-0\"}}",
     "fields": {
      "RuleName": "-",
      "UtcTime": "2026-10-07 01:37:07.315",
      "SourceProcessGUID": "{00000000-0000-0000-0000-000000000000}",
      "SourceProcessId": "1972",
      "SourceThreadId": "20900",
      "SourceImage": "C:\\windows\\system32\\svchost.exe",
      "TargetProcessGUID": "{00000000-0000-0000-0000-000000000000}",
      "TargetProcessId": "1700",
      "TargetImage": "C:\\windows\\system32\\lsass.exe",
      "GrantedAccess": "0x1000",
      "CallTrace": "C:\\windows\\SYSTEM32\\ntdll.dll+161284|C:\\windows\\System32\\KERNELBASE.dll+c0b1b|c:\\windows\\system32\\lsm.dll+25ef9|C:\\windows\\System32\\RPCRT4.dll+d3573|C:\\windows\\System32\\RPCRT4.dll+d570e|C:\\windows\\System32\\RPCRT4.dll+8a1ec|C:\\windows\\System32\\RPCRT4.dll+87b27|C:\\windows\\System32\\RPCRT4.dll+50f44|C:\\windows\\System32\\RPCRT4.dll+51f58|C:\\windows\\System32\\RPCRT4.dll+3f0e4|C:\\windows\\System32\\RPCRT4.dll+4f4ac|C:\\windows\\System32\\RPCRT4.dll+554ac|C:\\windows\\System32\\RPCRT4.dll+54633|C:\\windows\\System32\\RPCRT4.dll+535d8|C:\\windows\\SYSTEM32\\ntdll.dll+19eee|C:\\windows\\SYSTEM32\\ntdll.dll+1a843|C:\\windows\\System32\\KERNEL32.DLL+2cd87|C:\\windows\\SYSTEM32\\ntdll.dll+acaec",
      "SourceUser": "NT AUTHORITY\\SYSTEM",
      "TargetUser": "NT AUTHORITY\\SYSTEM"
     },
     "captured_channel": "Microsoft-Windows-Sysmon/Operational"
    },
    {
     "timestamp": "2026-10-07T07:07:07.3156780+05:30",
     "channel": "Microsoft-Windows-Sysmon/Operational",
     "provider": "Microsoft-Windows-Sysmon",
     "event_id": "10",
     "level": "Information",
     "severity": "Low",
     "username": "{'BinaryLength': 12, 'AccountDomainSid': None, 'Value': 'S-1-5-0-0-0'}",
     "host": "localhost",
     "source_ip": "local",
     "message": "Process accessed:\r\nRuleName: -\r\nUtcTime: 2026-10-07 01:37:07.315\r\nSourceProcessGUID: {00000000-0000-0000-0000-000000000000}\r\nSourceProcessId: 1972\r\nSourceThreadId: 20900\r\nSourceImage: C:\\windows\\system32\\svchost.exe\r\nTargetProcessGUID: {00000000-0000-0000-0000-000000000000}\r\nTargetProcessId: 1700\r\nT",
     "record_id": 456258,
     "source": "windows-event-log",
     "is_alert": false,
     "rule_name": "",
     "external_id": "Microsoft-Windows-Sysmon/Operational:456258",
     "raw_log": "{\"Channel\": \"Microsoft-Windows-Sysmon/Operational\", \"EventData\": {\"CallTrace\": \"C:\\\\windows\\\\SYSTEM32\\\\ntdll.dll+161284|C:\\\\windows\\\\System32\\\\KERNELBASE.dll+c0b1b|c:\\\\windows\\\\system32\\\\lsm.dll+8c18|c:\\\\windows\\\\system32\\\\lsm.dll+26542|c:\\\\windows\\\\system32\\\\lsm.dll+2601d|C:\\\\windows\\\\System32\\\\RPCRT4.dll+d3573|C:\\\\windows\\\\System32\\\\RPCRT4.dll+d570e|C:\\\\windows\\\\System32\\\\RPCRT4.dll+8a1ec|C:\\\\windows\\\\System32\\\\RPCRT4.dll+87b27|C:\\\\windows\\\\System32\\\\RPCRT4.dll+50f44|C:\\\\windows\\\\System32\\\\RPCRT4.dll+51f58|C:\\\\windows\\\\System32\\\\RPCRT4.dll+3f0e4|C:\\\\windows\\\\System32\\\\RPCRT4.dll+4f4ac|C:\\\\windows\\\\System32\\\\RPCRT4.dll+554ac|C:\\\\windows\\\\System32\\\\RPCRT4.dll+54633|C:\\\\windows\\\\System32\\\\RPCRT4.dll+535d8|C:\\\\windows\\\\SYSTEM32\\\\ntdll.dll+19eee|C:\\\\windows\\\\SYSTEM32\\\\ntdll.dll+1a843|C:\\\\windows\\\\System32\\\\KERNEL32.DLL+2cd87|C:\\\\windows\\\\SYSTEM32\\\\ntdll.dll+acaec\", \"GrantedAccess\": \"0x1000\", \"RuleName\": \"-\", \"SourceImage\": \"C:\\\\windows\\\\system32\\\\svchost.exe\", \"SourceProcessGUID\": \"{00000000-0000-0000-0000-000000000000}\", \"SourceProcessId\": \"1972\", \"SourceThreadId\": \"20900\", \"SourceUser\": \"NT AUTHORITY\\\\SYSTEM\", \"TargetImage\": \"C:\\\\windows\\\\system32\\\\lsass.exe\", \"TargetProcessGUID\": \"{00000000-0000-0000-0000-000000000000}\", \"TargetProcessId\": \"1700\", \"TargetUser\": \"NT AUTHORITY\\\\SYSTEM\", \"UtcTime\": \"2026-10-07 01:37:07.315\"}, \"Id\": 10, \"Level\": \"Information\", \"Message\": \"Process accessed:\\r\\nRuleName: -\\r\\nUtcTime: 2026-10-07 01:37:07.315\\r\\nSourceProcessGUID: {00000000-0000-0000-0000-000000000000}\\r\\nSourceProcessId: 1972\\r\\nSourceThreadId: 20900\\r\\nSourceImage: C:\\\\windows\\\\system32\\\\svchost.exe\\r\\nTargetProcessGUID: {00000000-0000-0000-0000-000000000000}\\r\\nTargetProcessId: 1700\\r\\nTargetImage: C:\\\\windows\\\\system32\\\\lsass.exe\\r\\nGrantedAccess: 0x1000\\r\\nCallTrace: C:\\\\windows\\\\SYSTEM32\\\\ntdll.dll+161284|C:\\\\windows\\\\System32\\\\KERNELBASE.dll+c0b1b|c:\\\\windows\\\\system32\\\\lsm.dll+8c18|c:\\\\windows\\\\system32\\\\lsm.dll+26542|c:\\\\windows\\\\system32\\\\lsm.dll+2601d|C:\\\\windows\\\\System32\\\\RPCRT4.dll+d3573|C:\\\\windows\\\\System32\\\\RPCRT4.dll+d570e|C:\\\\windows\\\\System32\\\\RPCRT4.dll+8a1ec|C:\\\\windows\\\\System32\\\\RPCRT4.dll+87b27|C:\\\\windows\\\\System32\\\\RPCRT4.dll+50f44|C:\\\\windows\\\\System32\\\\RPCRT4.dll+51f58|C:\\\\windows\\\\System32\\\\RPCRT4.dll+3f0e4|C:\\\\windows\\\\System32\\\\RPCRT4.dll+4f4ac|C:\\\\windows\\\\System32\\\\RPCRT4.dll+554ac|C:\\\\windows\\\\System32\\\\RPCRT4.dll+54633|C:\\\\windows\\\\System32\\\\RPCRT4.dll+535d8|C:\\\\windows\\\\SYSTEM32\\\\ntdll.dll+19eee|C:\\\\windows\\\\SYSTEM32\\\\ntdll.dll+1a843|C:\\\\windows\\\\System32\\\\KERNEL32.DLL+2cd87|C:\\\\windows\\\\SYSTEM32\\\\ntdll.dll+acaec\\r\\nSourceUser: NT AUTHORITY\\\\SYSTEM\\r\\nTargetUser: NT AUTHORITY\\\\SYSTEM\", \"Provider\": \"Microsoft-Windows-Sysmon\", \"RecordId\": 456258, \"TimeCreated\": \"2026-10-07T07:07:07.3156780+05:30\", \"User\": {\"AccountDomainSid\": null, \"BinaryLength\": 12, \"Value\": \"S-1-5-0-0-0\"}}",
     "fields": {
      "RuleName": "-",
      "UtcTime": "2026-10-07 01:37:07.315",
      "SourceProcessGUID": "{00000000-0000-0000-0000-000000000000}",
      "SourceProcessId": "1972",
      "SourceThreadId": "20900",
      "SourceImage": "C:\\windows\\system32\\svchost.exe",
      "TargetProcessGUID": "{00000000-0000-0000-0000-000000000000}",
      "TargetProcessId": "1700",
      "TargetImage": "C:\\windows\\system32\\lsass.exe",
      "GrantedAccess": "0x1000",
      "CallTrace": "C:\\windows\\SYSTEM32\\ntdll.dll+161284|C:\\windows\\System32\\KERNELBASE.dll+c0b1b|c:\\windows\\system32\\lsm.dll+8c18|c:\\windows\\system32\\lsm.dll+26542|c:\\windows\\system32\\lsm.dll+2601d|C:\\windows\\System32\\RPCRT4.dll+d3573|C:\\windows\\System32\\RPCRT4.dll+d570e|C:\\windows\\System32\\RPCRT4.dll+8a1ec|C:\\windows\\System32\\RPCRT4.dll+87b27|C:\\windows\\System32\\RPCRT4.dll+50f44|C:\\windows\\System32\\RPCRT4.dll+51f58|C:\\windows\\System32\\RPCRT4.dll+3f0e4|C:\\windows\\System32\\RPCRT4.dll+4f4ac|C:\\windows\\System32\\RPCRT4.dll+554ac|C:\\windows\\System32\\RPCRT4.dll+54633|C:\\windows\\System32\\RPCRT4.dll+535d8|C:\\windows\\SYSTEM32\\ntdll.dll+19eee|C:\\windows\\SYSTEM32\\ntdll.dll+1a843|C:\\windows\\System32\\KERNEL32.DLL+2cd87|C:\\windows\\SYSTEM32\\ntdll.dll+acaec",
      "SourceUser": "NT AUTHORITY\\SYSTEM",
      "TargetUser": "NT AUTHORITY\\SYSTEM"
     },
     "captured_channel": "Microsoft-Windows-Sysmon/Operational"
    },
    {
     "timestamp": "2026-10-07T07:07:08.4258674+05:30",
     "channel": "Microsoft-Windows-Sysmon/Operational",
     "provider": "Microsoft-Windows-Sysmon",
     "event_id": "10",
     "level": "Information",
     "severity": "Low",
     "username": "{'BinaryLength': 12, 'AccountDomainSid': None, 'Value': 'S-1-5-0-0-0'}",
     "host": "localhost",
     "source_ip": "local",
     "message": "Process accessed:\r\nRuleName: -\r\nUtcTime: 2026-10-07 01:37:08.424\r\nSourceProcessGUID: {00000000-0000-0000-0000-000000000000}\r\nSourceProcessId: 1972\r\nSourceThreadId: 20900\r\nSourceImage: C:\\windows\\system32\\svchost.exe\r\nTargetProcessGUID: {00000000-0000-0000-0000-000000000000}\r\nTargetProcessId: 1700\r\nT",
     "record_id": 456259,
