    {
     "timestamp": "2026-10-07T07:08:10.7623481+05:30",
     "channel": "Microsoft-Windows-Sysmon/Operational",
     "provider": "Microsoft-Windows-Sysmon",
     "event_id": "3",
     "level": "Information",
     "severity": "Low",
     "username": "WORKSTATION\\analyst's",
     "host": "localhost",
     "source_ip": "198.51.100.152",
     "message": "Network connection detected:\r\nRuleName: -\r\nUtcTime: 2026-10-07 01:38:05.216\r\nProcessGuid: {00000000-0000-0000-0000-000000000000}\r\nProcessId: 2808\r\nImage: C:\\Program Files\\NVIDIA Corporation\\NVIDIA App\\CEF\\NVIDIA Overlay.exe\r\nUser: WORKSTATION\\analyst's\r\nProtocol: udp\r\nInitiated: true\r\nSourceIsIpv6: ",
     "record_id": 456364,
     "source": "windows-event-log",
     "is_alert": false,
     "rule_name": "Process opened an outbound connection",
     "external_id": "Microsoft-Windows-Sysmon/Operational:456364",
     "raw_log": "{\"Channel\": \"Microsoft-Windows-Sysmon/Operational\", \"EventData\": {\"DestinationHostname\": \"-\", \"DestinationIp\": \"198.51.100.221\", \"DestinationIsIpv6\": \"false\", \"DestinationPort\": \"1900\", \"DestinationPortName\": \"ssdp\", \"Image\": \"C:\\\\Program Files\\\\NVIDIA Corporation\\\\NVIDIA App\\\\CEF\\\\NVIDIA Overlay.exe\", \"Initiated\": \"true\", \"ProcessGuid\": \"{00000000-0000-0000-0000-000000000000}\", \"ProcessId\": \"2808\", \"Protocol\": \"udp\", \"RuleName\": \"-\", \"SourceHostname\": \"-\", \"SourceIp\": \"198.51.100.152\", \"SourceIsIpv6\": \"false\", \"SourcePort\": \"63244\", \"SourcePortName\": \"-\", \"User\": \"WORKSTATION\\\\analyst's\", \"UtcTime\": \"2026-10-07 01:38:05.216\"}, \"Id\": 3, \"Level\": \"Information\", \"Message\": \"Network connection detected:\\r\\nRuleName: -\\r\\nUtcTime: 2026-10-07 01:38:05.216\\r\\nProcessGuid: {00000000-0000-0000-0000-000000000000}\\r\\nProcessId: 2808\\r\\nImage: C:\\\\Program Files\\\\NVIDIA Corporation\\\\NVIDIA App\\\\CEF\\\\NVIDIA Overlay.exe\\r\\nUser: WORKSTATION\\\\analyst's\\r\\nProtocol: udp\\r\\nInitiated: true\\r\\nSourceIsIpv6: false\\r\\nSourceIp: 198.51.100.152\\r\\nSourceHostname: -\\r\\nSourcePort: 63244\\r\\nSourcePortName: -\\r\\nDestinationIsIpv6: false\\r\\nDestinationIp: 198.51.100.221\\r\\nDestinationHostname: -\\r\\nDestinationPort: 1900\\r\\nDestinationPortName: ssdp\", \"Provider\": \"Microsoft-Windows-Sysmon\", \"RecordId\": 456364, \"TimeCreated\": \"2026-10-07T07:08:10.7623481+05:30\", \"User\": {\"AccountDomainSid\": null, \"BinaryLength\": 12, \"Value\": \"S-1-5-0-0-0\"}}",
     "fields": {
      "RuleName": "-",
      "UtcTime": "2026-10-07 01:38:05.216",
      "Image": "C:\\Program Files\\NVIDIA Corporation\\NVIDIA App\\CEF\\NVIDIA Overlay.exe",
      "User": "WORKSTATION\\analyst's",
      "Protocol": "udp",
      "Initiated": "true",
      "SourceIsIpv6": "false",
      "SourceIp": "198.51.100.152",
      "SourceHostname": "-",
      "SourcePort": "63244",
      "SourcePortName": "-",
      "DestinationIsIpv6": "false",
      "DestinationIp": "198.51.100.221",
      "DestinationHostname": "-",
      "DestinationPort": "1900",
      "DestinationPortName": "ssdp"
     },
     "captured_channel": "Microsoft-Windows-Sysmon/Operational"
    },
    {
     "timestamp": "2026-10-07T07:08:10.7623638+05:30",
     "channel": "Microsoft-Windows-Sysmon/Operational",
     "provider": "Microsoft-Windows-Sysmon",
     "event_id": "3",
     "level": "Information",
     "severity": "Low",
     "username": "WORKSTATION\\analyst's",
     "host": "localhost",
     "source_ip": "198.51.100.228",
     "message": "Network connection detected:\r\nRuleName: -\r\nUtcTime: 2026-10-07 01:38:05.216\r\nProcessGuid: {00000000-0000-0000-0000-000000000000}\r\nProcessId: 2808\r\nImage: C:\\Program Files\\NVIDIA Corporation\\NVIDIA App\\CEF\\NVIDIA Overlay.exe\r\nUser: WORKSTATION\\analyst's\r\nProtocol: udp\r\nInitiated: true\r\nSourceIsIpv6: ",
     "record_id": 456365,
     "source": "windows-event-log",
     "is_alert": false,
     "rule_name": "Process opened an outbound connection",
     "external_id": "Microsoft-Windows-Sysmon/Operational:456365",
     "raw_log": "{\"Channel\": \"Microsoft-Windows-Sysmon/Operational\", \"EventData\": {\"DestinationHostname\": \"-\", \"DestinationIp\": \"198.51.100.221\", \"DestinationIsIpv6\": \"false\", \"DestinationPort\": \"1900\", \"DestinationPortName\": \"ssdp\", \"Image\": \"C:\\\\Program Files\\\\NVIDIA Corporation\\\\NVIDIA App\\\\CEF\\\\NVIDIA Overlay.exe\", \"Initiated\": \"true\", \"ProcessGuid\": \"{00000000-0000-0000-0000-000000000000}\", \"ProcessId\": \"2808\", \"Protocol\": \"udp\", \"RuleName\": \"-\", \"SourceHostname\": \"WORKSTATION.Dlink\", \"SourceIp\": \"198.51.100.228\", \"SourceIsIpv6\": \"false\", \"SourcePort\": \"63245\", \"SourcePortName\": \"-\", \"User\": \"WORKSTATION\\\\analyst's\", \"UtcTime\": \"2026-10-07 01:38:05.216\"}, \"Id\": 3, \"Level\": \"Information\", \"Message\": \"Network connection detected:\\r\\nRuleName: -\\r\\nUtcTime: 2026-10-07 01:38:05.216\\r\\nProcessGuid: {00000000-0000-0000-0000-000000000000}\\r\\nProcessId: 2808\\r\\nImage: C:\\\\Program Files\\\\NVIDIA Corporation\\\\NVIDIA App\\\\CEF\\\\NVIDIA Overlay.exe\\r\\nUser: WORKSTATION\\\\analyst's\\r\\nProtocol: udp\\r\\nInitiated: true\\r\\nSourceIsIpv6: false\\r\\nSourceIp: 198.51.100.228\\r\\nSourceHostname: WORKSTATION.Dlink\\r\\nSourcePort: 63245\\r\\nSourcePortName: -\\r\\nDestinationIsIpv6: false\\r\\nDestinationIp: 198.51.100.221\\r\\nDestinationHostname: -\\r\\nDestinationPort: 1900\\r\\nDestinationPortName: ssdp\", \"Provider\": \"Microsoft-Windows-Sysmon\", \"RecordId\": 456365, \"TimeCreated\": \"2026-10-07T07:08:10.7623638+05:30\", \"User\": {\"AccountDomainSid\": null, \"BinaryLength\": 12, \"Value\": \"S-1-5-0-0-0\"}}",
     "fields": {
      "RuleName": "-",
      "UtcTime": "2026-10-07 01:38:05.216",
      "Image": "C:\\Program Files\\NVIDIA Corporation\\NVIDIA App\\CEF\\NVIDIA Overlay.exe",
      "User": "WORKSTATION\\analyst's",
      "Protocol": "udp",
      "Initiated": "true",
      "SourceIsIpv6": "false",
      "SourceIp": "198.51.100.228",
      "SourceHostname": "WORKSTATION.Dlink",
      "SourcePort": "63245",
      "SourcePortName": "-",
      "DestinationIsIpv6": "false",
      "DestinationIp": "198.51.100.221",
      "DestinationHostname": "-",
      "DestinationPort": "1900",
      "DestinationPortName": "ssdp"
     },
     "captured_channel": "Microsoft-Windows-Sysmon/Operational"
    },
    {
     "timestamp": "2026-10-07T07:08:11.8173698+05:30",
     "channel": "Microsoft-Windows-Sysmon/Operational",
     "provider": "Microsoft-Windows-Sysmon",
     "event_id": "3",
     "level": "Information",
     "severity": "Low",
     "username": "WORKSTATION\\analyst's",
     "host": "localhost",
     "source_ip": "198.51.100.228",
     "message": "Network connection detected:\r\nRuleName: -\r\nUtcTime: 2026-10-07 01:38:06.221\r\nProcessGuid: {00000000-0000-0000-0000-000000000000}\r\nProcessId: 2808\r\nImage: C:\\Program Files\\NVIDIA Corporation\\NVIDIA App\\CEF\\NVIDIA Overlay.exe\r\nUser: WORKSTATION\\analyst's\r\nProtocol: udp\r\nInitiated: true\r\nSourceIsIpv6: ",
     "record_id": 456366,
     "source": "windows-event-log",
     "is_alert": false,
     "rule_name": "Process opened an outbound connection",
     "external_id": "Microsoft-Windows-Sysmon/Operational:456366",
     "raw_log": "{\"Channel\": \"Microsoft-Windows-Sysmon/Operational\", \"EventData\": {\"DestinationHostname\": \"-\", \"DestinationIp\": \"198.51.100.221\", \"DestinationIsIpv6\": \"false\", \"DestinationPort\": \"1900\", \"DestinationPortName\": \"ssdp\", \"Image\": \"C:\\\\Program Files\\\\NVIDIA Corporation\\\\NVIDIA App\\\\CEF\\\\NVIDIA Overlay.exe\", \"Initiated\": \"true\", \"ProcessGuid\": \"{00000000-0000-0000-0000-000000000000}\", \"ProcessId\": \"2808\", \"Protocol\": \"udp\", \"RuleName\": \"-\", \"SourceHostname\": \"WORKSTATION.Dlink\", \"SourceIp\": \"198.51.100.228\", \"SourceIsIpv6\": \"false\", \"SourcePort\": \"63245\", \"SourcePortName\": \"-\", \"User\": \"WORKSTATION\\\\analyst's\", \"UtcTime\": \"2026-10-07 01:38:06.221\"}, \"Id\": 3, \"Level\": \"Information\", \"Message\": \"Network connection detected:\\r\\nRuleName: -\\r\\nUtcTime: 2026-10-07 01:38:06.221\\r\\nProcessGuid: {00000000-0000-0000-0000-000000000000}\\r\\nProcessId: 2808\\r\\nImage: C:\\\\Program Files\\\\NVIDIA Corporation\\\\NVIDIA App\\\\CEF\\\\NVIDIA Overlay.exe\\r\\nUser: WORKSTATION\\\\analyst's\\r\\nProtocol: udp\\r\\nInitiated: true\\r\\nSourceIsIpv6: false\\r\\nSourceIp: 198.51.100.228\\r\\nSourceHostname: WORKSTATION.Dlink\\r\\nSourcePort: 63245\\r\\nSourcePortName: -\\r\\nDestinationIsIpv6: false\\r\\nDestinationIp: 198.51.100.221\\r\\nDestinationHostname: -\\r\\nDestinationPort: 1900\\r\\nDestinationPortName: ssdp\", \"Provider\": \"Microsoft-Windows-Sysmon\", \"RecordId\": 456366, \"TimeCreated\": \"2026-10-07T07:08:11.8173698+05:30\", \"User\": {\"AccountDomainSid\": null, \"BinaryLength\": 12, \"Value\": \"S-1-5-0-0-0\"}}",
     "fields": {
      "RuleName": "-",
      "UtcTime": "2026-10-07 01:38:06.221",
      "Image": "C:\\Program Files\\NVIDIA Corporation\\NVIDIA App\\CEF\\NVIDIA Overlay.exe",
      "User": "WORKSTATION\\analyst's",
      "Protocol": "udp",
      "Initiated": "true",
      "SourceIsIpv6": "false",
      "SourceIp": "198.51.100.228",
      "SourceHostname": "WORKSTATION.Dlink",
      "SourcePort": "63245",
      "SourcePortName": "-",
      "DestinationIsIpv6": "false",
      "DestinationIp": "198.51.100.221",
      "DestinationHostname": "-",
      "DestinationPort": "1900",
      "DestinationPortName": "ssdp"
     },
     "captured_channel": "Microsoft-Windows-Sysmon/Operational"
    },
    {
     "timestamp": "2026-10-07T07:08:12.1755346+05:30",
     "channel": "Microsoft-Windows-Sysmon/Operational",
     "provider": "Microsoft-Windows-Sysmon",
     "event_id": "1",
     "level": "Information",
     "severity": "Medium",
     "username": "WORKSTATION\\analyst's",
     "host": "localhost",
     "source_ip": "local",
     "message": "Process Create:\r\nRuleName: -\r\nUtcTime: 2026-10-07 01:38:12.166\r\nProcessGuid: {00000000-0000-0000-0000-000000000000}\r\nProcessId: 81760\r\nImage: C:\\Windows\\System32\\cmd.exe\r\nFileVersion: 10.0.26100.9278 (WinBuild.160101.0800)\r\nDescription: Windows Command Processor\r\nProduct: Microsoftr Windowsr Operati",
     "record_id": 456367,
     "source": "windows-event-log",
     "is_alert": true,
     "rule_name": "System network configuration discovery",
     "external_id": "Microsoft-Windows-Sysmon/Operational:456367",
     "raw_log": "{\"Channel\": \"Microsoft-Windows-Sysmon/Operational\", \"EventData\": {\"CommandLine\": \"C:\\\\windows\\\\System32\\\\cmd.exe /C ipconfig\", \"Company\": \"Microsoft Corporation\", \"CurrentDirectory\": \"C:\\\\windows\\\\\", \"Description\": \"Windows Command Processor\", \"FileVersion\": \"10.0.26100.9278 (WinBuild.160101.0800)\", \"Hashes\": \"SHA256=97AC98B1A92C286054CCE55239CFCCDFC23A5517BD07FE693072C9CA96C7DABB\", \"Image\": \"C:\\\\Windows\\\\System32\\\\cmd.exe\", \"IntegrityLevel\": \"Medium\", \"LogonGuid\": \"{00000000-0000-0000-0000-000000000000}\", \"LogonId\": \"0x0\", \"OriginalFileName\": \"Cmd.Exe\", \"ParentCommandLine\": \"C:\\\\Users\\\\analyst's\\\\Documents\\\\repo\\\\.venv\\\\Scripts\\\\python.exe C:\\\\ProgramData\\\\lab\\\\run_driver.py\", \"ParentImage\": \"C:\\\\Users\\\\analyst's\\\\AppData\\\\Local\\\\local\\\\tools\\\\python-3.14.7+20260901-win32-x64\\\\python.exe\", \"ParentProcessGuid\": \"{00000000-0000-0000-0000-000000000000}\", \"ParentProcessId\": \"59888\", \"ParentUser\": \"WORKSTATION\\\\analyst's\", \"ProcessGuid\": \"{00000000-0000-0000-0000-000000000000}\", \"ProcessId\": \"81760\", \"Product\": \"Microsoftr Windowsr Operating System\", \"RuleName\": \"-\", \"TerminalSessionId\": \"1\", \"User\": \"WORKSTATION\\\\analyst's\", \"UtcTime\": \"2026-10-07 01:38:12.166\"}, \"Id\": 1, \"Level\": \"Information\", \"Message\": \"Process Create:\\r\\nRuleName: -\\r\\nUtcTime: 2026-10-07 01:38:12.166\\r\\nProcessGuid: {00000000-0000-0000-0000-000000000000}\\r\\nProcessId: 81760\\r\\nImage: C:\\\\Windows\\\\System32\\\\cmd.exe\\r\\nFileVersion: 10.0.26100.9278 (WinBuild.160101.0800)\\r\\nDescription: Windows Command Processor\\r\\nProduct: Microsoftr Windowsr Operating System\\r\\nCompany: Microsoft Corporation\\r\\nOriginalFileName: Cmd.Exe\\r\\nCommandLine: C:\\\\windows\\\\System32\\\\cmd.exe /C ipconfig\\r\\nCurrentDirectory: C:\\\\windows\\\\\\r\\nUser: WORKSTATION\\\\analyst's\\r\\nLogonGuid: {00000000-0000-0000-0000-000000000000}\\r\\nLogonId: 0x0\\r\\nTerminalSessionId: 1\\r\\nIntegrityLevel: Medium\\r\\nHashes: SHA256=97AC98B1A92C286054CCE55239CFCCDFC23A5517BD07FE693072C9CA96C7DABB\\r\\nParentProcessGuid: {00000000-0000-0000-0000-000000000000}\\r\\nParentProcessId: 59888\\r\\nParentImage: C:\\\\Users\\\\analyst's\\\\AppData\\\\Local\\\\local\\\\tools\\\\python-3.14.7+20260901-win32-x64\\\\python.exe\\r\\nParentCommandLine: C:\\\\Users\\\\analyst's\\\\Documents\\\\repo\\\\.venv\\\\Scripts\\\\python.exe C:\\\\ProgramData\\\\lab\\\\run_driver.py\\r\\nParentUser: WORKSTATION\\\\analyst's\", \"Provider\": \"Microsoft-Windows-Sysmon\", \"RecordId\": 456367, \"TimeCreated\": \"2026-10-07T07:08:12.1755346+05:30\", \"User\": {\"AccountDomainSid\": null, \"BinaryLength\": 12, \"Value\": \"S-1-5-0-0-0\"}}",
     "fields": {
      "RuleName": "-",
      "UtcTime": "2026-10-07 01:38:12.166",
      "Image": "C:\\Windows\\System32\\cmd.exe",
      "FileVersion": "10.0.26100.9278 (WinBuild.160101.0800)",
      "Description": "Windows Command Processor",
      "Product": "Microsoftr Windowsr Operating System",
      "Company": "Microsoft Corporation",
      "OriginalFileName": "Cmd.Exe",
      "CommandLine": "C:\\windows\\System32\\cmd.exe /C ipconfig",
      "CurrentDirectory": "C:\\windows\\",
      "User": "WORKSTATION\\analyst's",
      "LogonId": "0x0",
      "TerminalSessionId": "1",
      "IntegrityLevel": "Medium",
      "ParentImage": "C:\\Users\\analyst's\\AppData\\Local\\local\\tools\\python-3.14.7+20260901-win32-x64\\python.exe",
      "ParentCommandLine": "C:\\Users\\analyst's\\Documents\\repo\\.venv\\Scripts\\python.exe C:\\ProgramData\\lab\\run_driver.py",
      "ParentUser": "WORKSTATION\\analyst's"
     },
     "captured_channel": "Microsoft-Windows-Sysmon/Operational"
    },
    {
     "timestamp": "2026-10-07T07:08:12.1924818+05:30",
     "channel": "Microsoft-Windows-Sysmon/Operational",
     "provider": "Microsoft-Windows-Sysmon",
     "event_id": "1",
     "level": "Information",
     "severity": "Medium",
     "username": "WORKSTATION\\analyst's",
     "host": "localhost",
     "source_ip": "local",
     "message": "Process Create:\r\nRuleName: -\r\nUtcTime: 2026-10-07 01:38:12.186\r\nProcessGuid: {00000000-0000-0000-0000-000000000000}\r\nProcessId: 75940\r\nImage: C:\\Windows\\System32\\ipconfig.exe\r\nFileVersion: 10.0.26100.9278 (WinBuild.160101.0800)\r\nDescription: IP Configuration Utility\r\nProduct: Microsoftr Windowsr Ope",
     "record_id": 456368,
     "source": "windows-event-log",
     "is_alert": true,
     "rule_name": "System network configuration discovery",
     "external_id": "Microsoft-Windows-Sysmon/Operational:456368",
     "raw_log": "{\"Channel\": \"Microsoft-Windows-Sysmon/Operational\", \"EventData\": {\"CommandLine\": \"ipconfig\", \"Company\": \"Microsoft Corporation\", \"CurrentDirectory\": \"C:\\\\Windows\\\\\", \"Description\": \"IP Configuration Utility\", \"FileVersion\": \"10.0.26100.9278 (WinBuild.160101.0800)\", \"Hashes\": \"SHA256=8A013C65FF778CF8341CD0B3404F6E323C5FF91B5059AC47F3BFE2CD6208F6A1\", \"Image\": \"C:\\\\Windows\\\\System32\\\\ipconfig.exe\", \"IntegrityLevel\": \"Medium\", \"LogonGuid\": \"{00000000-0000-0000-0000-000000000000}\", \"LogonId\": \"0x0\", \"OriginalFileName\": \"ipconfig.exe\", \"ParentCommandLine\": \"C:\\\\windows\\\\System32\\\\cmd.exe /C ipconfig\", \"ParentImage\": \"C:\\\\Windows\\\\System32\\\\cmd.exe\", \"ParentProcessGuid\": \"{00000000-0000-0000-0000-000000000000}\", \"ParentProcessId\": \"81760\", \"ParentUser\": \"WORKSTATION\\\\analyst's\", \"ProcessGuid\": \"{00000000-0000-0000-0000-000000000000}\", \"ProcessId\": \"75940\", \"Product\": \"Microsoftr Windowsr Operating System\", \"RuleName\": \"-\", \"TerminalSessionId\": \"1\", \"User\": \"WORKSTATION\\\\analyst's\", \"UtcTime\": \"2026-10-07 01:38:12.186\"}, \"Id\": 1, \"Level\": \"Information\", \"Message\": \"Process Create:\\r\\nRuleName: -\\r\\nUtcTime: 2026-10-07 01:38:12.186\\r\\nProcessGuid: {00000000-0000-0000-0000-000000000000}\\r\\nProcessId: 75940\\r\\nImage: C:\\\\Windows\\\\System32\\\\ipconfig.exe\\r\\nFileVersion: 10.0.26100.9278 (WinBuild.160101.0800)\\r\\nDescription: IP Configuration Utility\\r\\nProduct: Microsoftr Windowsr Operating System\\r\\nCompany: Microsoft Corporation\\r\\nOriginalFileName: ipconfig.exe\\r\\nCommandLine: ipconfig\\r\\nCurrentDirectory: C:\\\\Windows\\\\\\r\\nUser: WORKSTATION\\\\analyst's\\r\\nLogonGuid: {00000000-0000-0000-0000-000000000000}\\r\\nLogonId: 0x0\\r\\nTerminalSessionId: 1\\r\\nIntegrityLevel: Medium\\r\\nHashes: SHA256=8A013C65FF778CF8341CD0B3404F6E323C5FF91B5059AC47F3BFE2CD6208F6A1\\r\\nParentProcessGuid: {00000000-0000-0000-0000-000000000000}\\r\\nParentProcessId: 81760\\r\\nParentImage: C:\\\\Windows\\\\System32\\\\cmd.exe\\r\\nParentCommandLine: C:\\\\windows\\\\System32\\\\cmd.exe /C ipconfig\\r\\nParentUser: WORKSTATION\\\\analyst's\", \"Provider\": \"Microsoft-Windows-Sysmon\", \"RecordId\": 456368, \"TimeCreated\": \"2026-10-07T07:08:12.1924818+05:30\", \"User\": {\"AccountDomainSid\": null, \"BinaryLength\": 12, \"Value\": \"S-1-5-0-0-0\"}}",
     "fields": {
      "RuleName": "-",
      "UtcTime": "2026-10-07 01:38:12.186",
      "Image": "C:\\Windows\\System32\\ipconfig.exe",
      "FileVersion": "10.0.26100.9278 (WinBuild.160101.0800)",
      "Description": "IP Configuration Utility",
      "Product": "Microsoftr Windowsr Operating System",
      "Company": "Microsoft Corporation",
      "OriginalFileName": "ipconfig.exe",
      "CommandLine": "ipconfig",
      "CurrentDirectory": "C:\\Windows\\",
      "User": "WORKSTATION\\analyst's",
      "LogonId": "0x0",
      "TerminalSessionId": "1",
      "IntegrityLevel": "Medium",
      "ParentImage": "C:\\Windows\\System32\\cmd.exe",
      "ParentCommandLine": "C:\\windows\\System32\\cmd.exe /C ipconfig",
      "ParentUser": "WORKSTATION\\analyst's"
     },
     "captured_channel": "Microsoft-Windows-Sysmon/Operational"
    },
    {
     "timestamp": "2026-10-07T07:08:13.8812435+05:30",
     "channel": "Microsoft-Windows-Sysmon/Operational",
     "provider": "Microsoft-Windows-Sysmon",
     "event_id": "1",
     "level": "Information",
     "severity": "Low",
     "username": "WORKSTATION\\analyst's",
     "host": "localhost",
     "source_ip": "local",
     "message": "Process Create:\r\nRuleName: -\r\nUtcTime: 2026-10-07 01:38:13.878\r\nProcessGuid: {00000000-0000-0000-0000-000000000000}\r\nProcessId: 20048\r\nImage: C:\\Windows\\System32\\cmd.exe\r\nFileVersion: 10.0.26100.9278 (WinBuild.160101.0800)\r\nDescription: Windows Command Processor\r\nProduct: Microsoftr Windowsr Operati",
     "record_id": 456369,
     "source": "windows-event-log",
     "is_alert": false,
     "rule_name": "",
     "external_id": "Microsoft-Windows-Sysmon/Operational:456369",
     "raw_log": "{\"Channel\": \"Microsoft-Windows-Sysmon/Operational\", \"EventData\": {\"CommandLine\": \"C:\\\\windows\\\\System32\\\\cmd.exe /C \\\"ping -n 1 198.51.100.19\\\"\", \"Company\": \"Microsoft Corporation\", \"CurrentDirectory\": \"C:\\\\windows\\\\\", \"Description\": \"Windows Command Processor\", \"FileVersion\": \"10.0.26100.9278 (WinBuild.160101.0800)\", \"Hashes\": \"SHA256=97AC98B1A92C286054CCE55239CFCCDFC23A5517BD07FE693072C9CA96C7DABB\", \"Image\": \"C:\\\\Windows\\\\System32\\\\cmd.exe\", \"IntegrityLevel\": \"Medium\", \"LogonGuid\": \"{00000000-0000-0000-0000-000000000000}\", \"LogonId\": \"0x0\", \"OriginalFileName\": \"Cmd.Exe\", \"ParentCommandLine\": \"C:\\\\Users\\\\analyst's\\\\Documents\\\\repo\\\\.venv\\\\Scripts\\\\python.exe C:\\\\ProgramData\\\\lab\\\\run_driver.py\", \"ParentImage\": \"C:\\\\Users\\\\analyst's\\\\AppData\\\\Local\\\\local\\\\tools\\\\python-3.14.7+20260901-win32-x64\\\\python.exe\", \"ParentProcessGuid\": \"{00000000-0000-0000-0000-000000000000}\", \"ParentProcessId\": \"59888\", \"ParentUser\": \"WORKSTATION\\\\analyst's\", \"ProcessGuid\": \"{00000000-0000-0000-0000-000000000000}\", \"ProcessId\": \"20048\", \"Product\": \"Microsoftr Windowsr Operating System\", \"RuleName\": \"-\", \"TerminalSessionId\": \"1\", \"User\": \"WORKSTATION\\\\analyst's\", \"UtcTime\": \"2026-10-07 01:38:13.878\"}, \"Id\": 1, \"Level\": \"Information\", \"Message\": \"Process Create:\\r\\nRuleName: -\\r\\nUtcTime: 2026-10-07 01:38:13.878\\r\\nProcessGuid: {00000000-0000-0000-0000-000000000000}\\r\\nProcessId: 20048\\r\\nImage: C:\\\\Windows\\\\System32\\\\cmd.exe\\r\\nFileVersion: 10.0.26100.9278 (WinBuild.160101.0800)\\r\\nDescription: Windows Command Processor\\r\\nProduct: Microsoftr Windowsr Operating System\\r\\nCompany: Microsoft Corporation\\r\\nOriginalFileName: Cmd.Exe\\r\\nCommandLine: C:\\\\windows\\\\System32\\\\cmd.exe /C \\\"ping -n 1 198.51.100.19\\\"\\r\\nCurrentDirectory: C:\\\\windows\\\\\\r\\nUser: WORKSTATION\\\\analyst's\\r\\nLogonGuid: {00000000-0000-0000-0000-000000000000}\\r\\nLogonId: 0x0\\r\\nTerminalSessionId: 1\\r\\nIntegrityLevel: Medium\\r\\nHashes: SHA256=97AC98B1A92C286054CCE55239CFCCDFC23A5517BD07FE693072C9CA96C7DABB\\r\\nParentProcessGuid: {00000000-0000-0000-0000-000000000000}\\r\\nParentProcessId: 59888\\r\\nParentImage: C:\\\\Users\\\\analyst's\\\\AppData\\\\Local\\\\local\\\\tools\\\\python-3.14.7+20260901-win32-x64\\\\python.exe\\r\\nParentCommandLine: C:\\\\Users\\\\analyst's\\\\Documents\\\\repo\\\\.venv\\\\Scripts\\\\python.exe C:\\\\ProgramData\\\\lab\\\\run_driver.py\\r\\nParentUser: WORKSTATION\\\\analyst's\", \"Provider\": \"Microsoft-Windows-Sysmon\", \"RecordId\": 456369, \"TimeCreated\": \"2026-10-07T07:08:13.8812435+05:30\", \"User\": {\"AccountDomainSid\": null, \"BinaryLength\": 12, \"Value\": \"S-1-5-0-0-0\"}}",
     "fields": {
      "RuleName": "-",
      "UtcTime": "2026-10-07 01:38:13.878",
      "Image": "C:\\Windows\\System32\\cmd.exe",
      "FileVersion": "10.0.26100.9278 (WinBuild.160101.0800)",
      "Description": "Windows Command Processor",
      "Product": "Microsoftr Windowsr Operating System",
      "Company": "Microsoft Corporation",
      "OriginalFileName": "Cmd.Exe",
      "CommandLine": "C:\\windows\\System32\\cmd.exe /C \"ping -n 1 198.51.100.19\"",
      "CurrentDirectory": "C:\\windows\\",
      "User": "WORKSTATION\\analyst's",
      "LogonId": "0x0",
      "TerminalSessionId": "1",
      "IntegrityLevel": "Medium",
      "ParentImage": "C:\\Users\\analyst's\\AppData\\Local\\local\\tools\\python-3.14.7+20260901-win32-x64\\python.exe",
      "ParentCommandLine": "C:\\Users\\analyst's\\Documents\\repo\\.venv\\Scripts\\python.exe C:\\ProgramData\\lab\\run_driver.py",
      "ParentUser": "WORKSTATION\\analyst's"
     },
     "captured_channel": "Microsoft-Windows-Sysmon/Operational"
    },
    {
     "timestamp": "2026-10-07T07:08:13.9014843+05:30",
     "channel": "Microsoft-Windows-Sysmon/Operational",
     "provider": "Microsoft-Windows-Sysmon",
     "event_id": "1",
     "level": "Information",
     "severity": "Low",
     "username": "WORKSTATION\\analyst's",
     "host": "localhost",
     "source_ip": "local",
     "message": "Process Create:\r\nRuleName: -\r\nUtcTime: 2026-10-07 01:38:13.894\r\nProcessGuid: {00000000-0000-0000-0000-000000000000}\r\nProcessId: 123264\r\nImage: C:\\Windows\\System32\\PING.EXE\r\nFileVersion: 10.0.26100.8115 (WinBuild.160101.0800)\r\nDescription: TCP/IP Ping Command\r\nProduct: Microsoftr Windowsr Operating S",
     "record_id": 456370,
     "source": "windows-event-log",
     "is_alert": false,
     "rule_name": "",
     "external_id": "Microsoft-Windows-Sysmon/Operational:456370",
     "raw_log": "{\"Channel\": \"Microsoft-Windows-Sysmon/Operational\", \"EventData\": {\"CommandLine\": \"ping  -n 1 198.51.100.19\", \"Company\": \"Microsoft Corporation\", \"CurrentDirectory\": \"C:\\\\Windows\\\\\", \"Description\": \"TCP/IP Ping Command\", \"FileVersion\": \"10.0.26100.8115 (WinBuild.160101.0800)\", \"Hashes\": \"SHA256=E4224D18C3C96826E6F4240893FAC02C8A1FF335CE92614FC8744369594DD468\", \"Image\": \"C:\\\\Windows\\\\System32\\\\PING.EXE\", \"IntegrityLevel\": \"Medium\", \"LogonGuid\": \"{00000000-0000-0000-0000-000000000000}\", \"LogonId\": \"0x0\", \"OriginalFileName\": \"ping.exe\", \"ParentCommandLine\": \"C:\\\\windows\\\\System32\\\\cmd.exe /C \\\"ping -n 1 198.51.100.19\\\"\", \"ParentImage\": \"C:\\\\Windows\\\\System32\\\\cmd.exe\", \"ParentProcessGuid\": \"{00000000-0000-0000-0000-000000000000}\", \"ParentProcessId\": \"20048\", \"ParentUser\": \"WORKSTATION\\\\analyst's\", \"ProcessGuid\": \"{00000000-0000-0000-0000-000000000000}\", \"ProcessId\": \"123264\", \"Product\": \"Microsoftr Windowsr Operating System\", \"RuleName\": \"-\", \"TerminalSessionId\": \"1\", \"User\": \"WORKSTATION\\\\analyst's\", \"UtcTime\": \"2026-10-07 01:38:13.894\"}, \"Id\": 1, \"Level\": \"Information\", \"Message\": \"Process Create:\\r\\nRuleName: -\\r\\nUtcTime: 2026-10-07 01:38:13.894\\r\\nProcessGuid: {00000000-0000-0000-0000-000000000000}\\r\\nProcessId: 123264\\r\\nImage: C:\\\\Windows\\\\System32\\\\PING.EXE\\r\\nFileVersion: 10.0.26100.8115 (WinBuild.160101.0800)\\r\\nDescription: TCP/IP Ping Command\\r\\nProduct: Microsoftr Windowsr Operating System\\r\\nCompany: Microsoft Corporation\\r\\nOriginalFileName: ping.exe\\r\\nCommandLine: ping  -n 1 198.51.100.19\\r\\nCurrentDirectory: C:\\\\Windows\\\\\\r\\nUser: WORKSTATION\\\\analyst's\\r\\nLogonGuid: {00000000-0000-0000-0000-000000000000}\\r\\nLogonId: 0x0\\r\\nTerminalSessionId: 1\\r\\nIntegrityLevel: Medium\\r\\nHashes: SHA256=E4224D18C3C96826E6F4240893FAC02C8A1FF335CE92614FC8744369594DD468\\r\\nParentProcessGuid: {00000000-0000-0000-0000-000000000000}\\r\\nParentProcessId: 20048\\r\\nParentImage: C:\\\\Windows\\\\System32\\\\cmd.exe\\r\\nParentCommandLine: C:\\\\windows\\\\System32\\\\cmd.exe /C \\\"ping -n 1 198.51.100.19\\\"\\r\\nParentUser: WORKSTATION\\\\analyst's\", \"Provider\": \"Microsoft-Windows-Sysmon\", \"RecordId\": 456370, \"TimeCreated\": \"2026-10-07T07:08:13.9014843+05:30\", \"User\": {\"AccountDomainSid\": null, \"BinaryLength\": 12, \"Value\": \"S-1-5-0-0-0\"}}",
     "fields": {
      "RuleName": "-",
      "UtcTime": "2026-10-07 01:38:13.894",
      "Image": "C:\\Windows\\System32\\PING.EXE",
      "FileVersion": "10.0.26100.8115 (WinBuild.160101.0800)",
      "Description": "TCP/IP Ping Command",
      "Product": "Microsoftr Windowsr Operating System",
      "Company": "Microsoft Corporation",
      "OriginalFileName": "ping.exe",
      "CommandLine": "ping  -n 1 198.51.100.19",
      "CurrentDirectory": "C:\\Windows\\",
      "User": "WORKSTATION\\analyst's",
      "LogonId": "0x0",
      "TerminalSessionId": "1",
      "IntegrityLevel": "Medium",
      "ParentImage": "C:\\Windows\\System32\\cmd.exe",
      "ParentCommandLine": "C:\\windows\\System32\\cmd.exe /C \"ping -n 1 198.51.100.19\"",
      "ParentUser": "WORKSTATION\\analyst's"
     },
     "captured_channel": "Microsoft-Windows-Sysmon/Operational"
    },
    {
     "timestamp": "2026-10-07T07:08:13.9271583+05:30",
     "channel": "Microsoft-Windows-Sysmon/Operational",
     "provider": "Microsoft-Windows-Sysmon",
     "event_id": "3",
     "level": "Information",
     "severity": "Low",
     "username": "WORKSTATION\\analyst's",
     "host": "localhost",
     "source_ip": "198.51.100.152",
     "message": "Network connection detected:\r\nRuleName: -\r\nUtcTime: 2026-10-07 01:38:08.236\r\nProcessGuid: {00000000-0000-0000-0000-000000000000}\r\nProcessId: 2808\r\nImage: C:\\Program Files\\NVIDIA Corporation\\NVIDIA App\\CEF\\NVIDIA Overlay.exe\r\nUser: WORKSTATION\\analyst's\r\nProtocol: udp\r\nInitiated: true\r\nSourceIsIpv6: ",
     "record_id": 456371,
     "source": "windows-event-log",
     "is_alert": false,
     "rule_name": "Process opened an outbound connection",
     "external_id": "Microsoft-Windows-Sysmon/Operational:456371",
     "raw_log": "{\"Channel\": \"Microsoft-Windows-Sysmon/Operational\", \"EventData\": {\"DestinationHostname\": \"-\", \"DestinationIp\": \"198.51.100.221\", \"DestinationIsIpv6\": \"false\", \"DestinationPort\": \"1900\", \"DestinationPortName\": \"ssdp\", \"Image\": \"C:\\\\Program Files\\\\NVIDIA Corporation\\\\NVIDIA App\\\\CEF\\\\NVIDIA Overlay.exe\", \"Initiated\": \"true\", \"ProcessGuid\": \"{00000000-0000-0000-0000-000000000000}\", \"ProcessId\": \"2808\", \"Protocol\": \"udp\", \"RuleName\": \"-\", \"SourceHostname\": \"-\", \"SourceIp\": \"198.51.100.152\", \"SourceIsIpv6\": \"false\", \"SourcePort\": \"63244\", \"SourcePortName\": \"-\", \"User\": \"WORKSTATION\\\\analyst's\", \"UtcTime\": \"2026-10-07 01:38:08.236\"}, \"Id\": 3, \"Level\": \"Information\", \"Message\": \"Network connection detected:\\r\\nRuleName: -\\r\\nUtcTime: 2026-10-07 01:38:08.236\\r\\nProcessGuid: {00000000-0000-0000-0000-000000000000}\\r\\nProcessId: 2808\\r\\nImage: C:\\\\Program Files\\\\NVIDIA Corporation\\\\NVIDIA App\\\\CEF\\\\NVIDIA Overlay.exe\\r\\nUser: WORKSTATION\\\\analyst's\\r\\nProtocol: udp\\r\\nInitiated: true\\r\\nSourceIsIpv6: false\\r\\nSourceIp: 198.51.100.152\\r\\nSourceHostname: -\\r\\nSourcePort: 63244\\r\\nSourcePortName: -\\r\\nDestinationIsIpv6: false\\r\\nDestinationIp: 198.51.100.221\\r\\nDestinationHostname: -\\r\\nDestinationPort: 1900\\r\\nDestinationPortName: ssdp\", \"Provider\": \"Microsoft-Windows-Sysmon\", \"RecordId\": 456371, \"TimeCreated\": \"2026-10-07T07:08:13.9271583+05:30\", \"User\": {\"AccountDomainSid\": null, \"BinaryLength\": 12, \"Value\": \"S-1-5-0-0-0\"}}",
     "fields": {
      "RuleName": "-",
      "UtcTime": "2026-10-07 01:38:08.236",
      "Image": "C:\\Program Files\\NVIDIA Corporation\\NVIDIA App\\CEF\\NVIDIA Overlay.exe",
      "User": "WORKSTATION\\analyst's",
      "Protocol": "udp",
      "Initiated": "true",
      "SourceIsIpv6": "false",
      "SourceIp": "198.51.100.152",
      "SourceHostname": "-",
      "SourcePort": "63244",
      "SourcePortName": "-",
      "DestinationIsIpv6": "false",
      "DestinationIp": "198.51.100.221",
      "DestinationHostname": "-",
      "DestinationPort": "1900",
      "DestinationPortName": "ssdp"
     },
     "captured_channel": "Microsoft-Windows-Sysmon/Operational"
    },
    {
     "timestamp": "2026-10-07T07:08:16.1444468+05:30",
     "channel": "Microsoft-Windows-Sysmon/Operational",
     "provider": "Microsoft-Windows-Sysmon",
     "event_id": "8",
     "level": "Information",
     "severity": "Low",
     "username": "{'BinaryLength': 12, 'AccountDomainSid': None, 'Value': 'S-1-5-0-0-0'}",
     "host": "localhost",
     "source_ip": "local",
     "message": "CreateRemoteThread detected:\r\nRuleName: -\r\nUtcTime: 2026-10-07 01:38:16.143\r\nSourceProcessGuid: {00000000-0000-0000-0000-000000000000}\r\nSourceProcessId: 39084\r\nSourceImage: C:\\Users\\analyst's\\AppData\\Local\\local\\tools\\chromium-1208\\chrome-win64\\chrome.exe\r\nTargetProcessGuid: {00000000-0000-0000-0000",
     "record_id": 456372,
     "source": "windows-event-log",
     "is_alert": false,
     "rule_name": "",
     "external_id": "Microsoft-Windows-Sysmon/Operational:456372",
     "raw_log": "{\"Channel\": \"Microsoft-Windows-Sysmon/Operational\", \"EventData\": {\"NewThreadId\": \"9984\", \"RuleName\": \"-\", \"SourceImage\": \"C:\\\\Users\\\\analyst's\\\\AppData\\\\Local\\\\local\\\\tools\\\\chromium-1208\\\\chrome-win64\\\\chrome.exe\", \"SourceProcessGuid\": \"{00000000-0000-0000-0000-000000000000}\", \"SourceProcessId\": \"39084\", \"SourceUser\": \"WORKSTATION\\\\analyst's\", \"StartAddress\": \"0x0\", \"StartFunction\": \"-\", \"StartModule\": \"C:\\\\Users\\\\analyst's\\\\AppData\\\\Local\\\\local\\\\tools\\\\chromium-1208\\\\chrome-win64\\\\chrome.dll\", \"TargetImage\": \"C:\\\\Users\\\\analyst's\\\\AppData\\\\Local\\\\local\\\\tools\\\\chromium-1208\\\\chrome-win64\\\\chrome.exe\", \"TargetProcessGuid\": \"{00000000-0000-0000-0000-000000000000}\", \"TargetProcessId\": \"47896\", \"TargetUser\": \"WORKSTATION\\\\analyst's\", \"UtcTime\": \"2026-10-07 01:38:16.143\"}, \"Id\": 8, \"Level\": \"Information\", \"Message\": \"CreateRemoteThread detected:\\r\\nRuleName: -\\r\\nUtcTime: 2026-10-07 01:38:16.143\\r\\nSourceProcessGuid: {00000000-0000-0000-0000-000000000000}\\r\\nSourceProcessId: 39084\\r\\nSourceImage: C:\\\\Users\\\\analyst's\\\\AppData\\\\Local\\\\local\\\\tools\\\\chromium-1208\\\\chrome-win64\\\\chrome.exe\\r\\nTargetProcessGuid: {00000000-0000-0000-0000-000000000000}\\r\\nTargetProcessId: 47896\\r\\nTargetImage: C:\\\\Users\\\\analyst's\\\\AppData\\\\Local\\\\local\\\\tools\\\\chromium-1208\\\\chrome-win64\\\\chrome.exe\\r\\nNewThreadId: 9984\\r\\nStartAddress: 0x0\\r\\nStartModule: C:\\\\Users\\\\analyst's\\\\AppData\\\\Local\\\\local\\\\tools\\\\chromium-1208\\\\chrome-win64\\\\chrome.dll\\r\\nStartFunction: -\\r\\nSourceUser: WORKSTATION\\\\analyst's\\r\\nTargetUser: WORKSTATION\\\\analyst's\", \"Provider\": \"Microsoft-Windows-Sysmon\", \"RecordId\": 456372, \"TimeCreated\": \"2026-10-07T07:08:16.1444468+05:30\", \"User\": {\"AccountDomainSid\": null, \"BinaryLength\": 12, \"Value\": \"S-1-5-0-0-0\"}}",
     "fields": {
      "RuleName": "-",
      "UtcTime": "2026-10-07 01:38:16.143",
      "SourceProcessGuid": "{00000000-0000-0000-0000-000000000000}",
      "SourceProcessId": "39084",
      "SourceImage": "C:\\Users\\analyst's\\AppData\\Local\\local\\tools\\chromium-1208\\chrome-win64\\chrome.exe",
      "TargetProcessGuid": "{00000000-0000-0000-0000-000000000000}",
      "TargetProcessId": "47896",
      "TargetImage": "C:\\Users\\analyst's\\AppData\\Local\\local\\tools\\chromium-1208\\chrome-win64\\chrome.exe",
      "NewThreadId": "9984",
      "StartAddress": "0x0",
      "StartModule": "C:\\Users\\analyst's\\AppData\\Local\\local\\tools\\chromium-1208\\chrome-win64\\chrome.dll",
      "StartFunction": "-",
      "SourceUser": "WORKSTATION\\analyst's",
      "TargetUser": "WORKSTATION\\analyst's"
     },
     "captured_channel": "Microsoft-Windows-Sysmon/Operational"
    },
    {
     "timestamp": "2026-10-07T07:08:16.4807425+05:30",
     "channel": "Microsoft-Windows-Sysmon/Operational",
     "provider": "Microsoft-Windows-Sysmon",
     "event_id": "10",
     "level": "Information",
     "severity": "Low",
     "username": "{'BinaryLength': 12, 'AccountDomainSid': None, 'Value': 'S-1-5-0-0-0'}",
     "host": "localhost",
     "source_ip": "local",
     "message": "Process accessed:\r\nRuleName: -\r\nUtcTime: 2026-10-07 01:38:16.480\r\nSourceProcessGUID: {00000000-0000-0000-0000-000000000000}\r\nSourceProcessId: 6396\r\nSourceThreadId: 26904\r\nSourceImage: C:\\Program Files\\McAfee\\WebAdvisor\\ServiceHost.exe\r\nTargetProcessGUID: {00000000-0000-0000-0000-000000000000}\r\nTarge",
     "record_id": 456373,
     "source": "windows-event-log",
     "is_alert": false,
     "rule_name": "",
     "external_id": "Microsoft-Windows-Sysmon/Operational:456373",
     "raw_log": "{\"Channel\": \"Microsoft-Windows-Sysmon/Operational\", \"EventData\": {\"CallTrace\": \"C:\\\\windows\\\\SYSTEM32\\\\ntdll.dll+161284|C:\\\\windows\\\\SYSTEM32\\\\WINSTA.dll+3552|C:\\\\windows\\\\SYSTEM32\\\\WINSTA.dll+3380|C:\\\\windows\\\\SYSTEM32\\\\WINSTA.dll+2e09|C:\\\\windows\\\\SYSTEM32\\\\WTSAPI32.dll+1f03|C:\\\\Program Files\\\\McAfee\\\\WebAdvisor\\\\TaskManager.dll+dbcdb|C:\\\\Program Files\\\\McAfee\\\\WebAdvisor\\\\TaskManager.dll+54074|C:\\\\Program Files\\\\McAfee\\\\WebAdvisor\\\\TaskManager.dll+66b7b|C:\\\\Program Files\\\\McAfee\\\\WebAdvisor\\\\TaskManager.dll+af275|C:\\\\Program Files\\\\McAfee\\\\WebAdvisor\\\\TaskManager.dll+4f478a|C:\\\\windows\\\\System32\\\\KERNEL32.DLL+2cd87|C:\\\\windows\\\\SYSTEM32\\\\ntdll.dll+acaec\", \"GrantedAccess\": \"0x1000\", \"RuleName\": \"-\", \"SourceImage\": \"C:\\\\Program Files\\\\McAfee\\\\WebAdvisor\\\\ServiceHost.exe\", \"SourceProcessGUID\": \"{00000000-0000-0000-0000-000000000000}\", \"SourceProcessId\": \"6396\", \"SourceThreadId\": \"26904\", \"SourceUser\": \"NT AUTHORITY\\\\SYSTEM\", \"TargetImage\": \"C:\\\\windows\\\\system32\\\\lsass.exe\", \"TargetProcessGUID\": \"{00000000-0000-0000-0000-000000000000}\", \"TargetProcessId\": \"1700\", \"TargetUser\": \"NT AUTHORITY\\\\SYSTEM\", \"UtcTime\": \"2026-10-07 01:38:16.480\"}, \"Id\": 10, \"Level\": \"Information\", \"Message\": \"Process accessed:\\r\\nRuleName: -\\r\\nUtcTime: 2026-10-07 01:38:16.480\\r\\nSourceProcessGUID: {00000000-0000-0000-0000-000000000000}\\r\\nSourceProcessId: 6396\\r\\nSourceThreadId: 26904\\r\\nSourceImage: C:\\\\Program Files\\\\McAfee\\\\WebAdvisor\\\\ServiceHost.exe\\r\\nTargetProcessGUID: {00000000-0000-0000-0000-000000000000}\\r\\nTargetProcessId: 1700\\r\\nTargetImage: C:\\\\windows\\\\system32\\\\lsass.exe\\r\\nGrantedAccess: 0x1000\\r\\nCallTrace: C:\\\\windows\\\\SYSTEM32\\\\ntdll.dll+161284|C:\\\\windows\\\\SYSTEM32\\\\WINSTA.dll+3552|C:\\\\windows\\\\SYSTEM32\\\\WINSTA.dll+3380|C:\\\\windows\\\\SYSTEM32\\\\WINSTA.dll+2e09|C:\\\\windows\\\\SYSTEM32\\\\WTSAPI32.dll+1f03|C:\\\\Program Files\\\\McAfee\\\\WebAdvisor\\\\TaskManager.dll+dbcdb|C:\\\\Program Files\\\\McAfee\\\\WebAdvisor\\\\TaskManager.dll+54074|C:\\\\Program Files\\\\McAfee\\\\WebAdvisor\\\\TaskManager.dll+66b7b|C:\\\\Program Files\\\\McAfee\\\\WebAdvisor\\\\TaskManager.dll+af275|C:\\\\Program Files\\\\McAfee\\\\WebAdvisor\\\\TaskManager.dll+4f478a|C:\\\\windows\\\\System32\\\\KERNEL32.DLL+2cd87|C:\\\\windows\\\\SYSTEM32\\\\ntdll.dll+acaec\\r\\nSourceUser: NT AUTHORITY\\\\SYSTEM\\r\\nTargetUser: NT AUTHORITY\\\\SYSTEM\", \"Provider\": \"Microsoft-Windows-Sysmon\", \"RecordId\": 456373, \"TimeCreated\": \"2026-10-07T07:08:16.4807425+05:30\", \"User\": {\"AccountDomainSid\": null, \"BinaryLength\": 12, \"Value\": \"S-1-5-0-0-0\"}}",
     "fields": {
      "RuleName": "-",
      "UtcTime": "2026-10-07 01:38:16.480",
      "SourceProcessGUID": "{00000000-0000-0000-0000-000000000000}",
      "SourceProcessId": "6396",
      "SourceThreadId": "26904",
      "SourceImage": "C:\\Program Files\\McAfee\\WebAdvisor\\ServiceHost.exe",
      "TargetProcessGUID": "{00000000-0000-0000-0000-000000000000}",
      "TargetProcessId": "1700",
      "TargetImage": "C:\\windows\\system32\\lsass.exe",
      "GrantedAccess": "0x1000",
      "CallTrace": "C:\\windows\\SYSTEM32\\ntdll.dll+161284|C:\\windows\\SYSTEM32\\WINSTA.dll+3552|C:\\windows\\SYSTEM32\\WINSTA.dll+3380|C:\\windows\\SYSTEM32\\WINSTA.dll+2e09|C:\\windows\\SYSTEM32\\WTSAPI32.dll+1f03|C:\\Program Files\\McAfee\\WebAdvisor\\TaskManager.dll+dbcdb|C:\\Program Files\\McAfee\\WebAdvisor\\TaskManager.dll+54074|C:\\Program Files\\McAfee\\WebAdvisor\\TaskManager.dll+66b7b|C:\\Program Files\\McAfee\\WebAdvisor\\TaskManager.dll+af275|C:\\Program Files\\McAfee\\WebAdvisor\\TaskManager.dll+4f478a|C:\\windows\\System32\\KERNEL32.DLL+2cd87|C:\\windows\\SYSTEM32\\ntdll.dll+acaec",
      "SourceUser": "NT AUTHORITY\\SYSTEM",
      "TargetUser": "NT AUTHORITY\\SYSTEM"
     },
     "captured_channel": "Microsoft-Windows-Sysmon/Operational"
    }
   ]
  },
  {
   "label": "benign",
   "technique": "benign",
   "started": 1791337097.0810702,
   "ended": 1791337109.2500598,
   "events": [
    {
     "timestamp": "2026-10-07T07:08:28.9352730+05:30",
     "channel": "Security",
     "provider": "Microsoft-Windows-Security-Auditing",
     "event_id": "4798",
     "level": "Information",
     "severity": "Low",
     "username": "Administrator",
     "host": "localhost",
     "source_ip": "local",
     "message": "A user's local group membership was enumerated.\r\n\r\nSubject:\r\n\tSecurity ID:\t\tS-1-5-0-0-0\r\n\tAccount Name:\t\tWORKSTATION$\r\n\tAccount Domain:\t\tWORKGROUP\r\n\tLogon ID:\t\t0x3E7\r\n\r\nUser:\r\n\tSecurity ID:\t\tS-1-5-0-0-0-1001\r\n\tAccount Name:\t\tAdministrator\r\n\tAccount Domain:\t\tWORKSTATION\r\n\r\nProcess Information:\r\n\tProc",
     "record_id": 12529659,
     "source": "windows-event-log",
     "is_alert": false,
     "rule_name": "",
     "external_id": "Security:12529659",
     "raw_log": "{\"Channel\": \"Security\", \"EventData\": {\"CallerProcessId\": \"0x698\", \"CallerProcessName\": \"C:\\\\Windows\\\\System32\\\\svchost.exe\", \"SubjectDomainName\": \"WORKGROUP\", \"SubjectLogonId\": \"0x3e7\", \"SubjectUserName\": \"WORKSTATION$\", \"SubjectUserSid\": \"S-1-5-0-0-0\", \"TargetDomainName\": \"WORKSTATION\", \"TargetSid\": \"S-1-5-0-0-0-1001\", \"TargetUserName\": \"Administrator\"}, \"Id\": 4798, \"Level\": \"Information\", \"Message\": \"A user's local group membership was enumerated.\\r\\n\\r\\nSubject:\\r\\n\\tSecurity ID:\\t\\tS-1-5-0-0-0\\r\\n\\tAccount Name:\\t\\tWORKSTATION$\\r\\n\\tAccount Domain:\\t\\tWORKGROUP\\r\\n\\tLogon ID:\\t\\t0x3E7\\r\\n\\r\\nUser:\\r\\n\\tSecurity ID:\\t\\tS-1-5-0-0-0-1001\\r\\n\\tAccount Name:\\t\\tAdministrator\\r\\n\\tAccount Domain:\\t\\tWORKSTATION\\r\\n\\r\\nProcess Information:\\r\\n\\tProcess ID:\\t\\t0x698\\r\\n\\tProcess Name:\\t\\tC:\\\\Windows\\\\System32\\\\svchost.exe\", \"Provider\": \"Microsoft-Windows-Security-Auditing\", \"RecordId\": 12529659, \"TimeCreated\": \"2026-10-07T07:08:28.9352730+05:30\", \"User\": null}",
     "fields": {
      "TargetUserName": "Administrator",
      "TargetDomainName": "WORKSTATION",
      "TargetSid": "S-1-5-0-0-0-1001",
      "SubjectUserSid": "S-1-5-0-0-0",
      "SubjectUserName": "WORKSTATION$",
      "SubjectDomainName": "WORKGROUP",
      "SubjectLogonId": "0x3e7",
      "CallerProcessId": "0x698",
      "CallerProcessName": "C:\\Windows\\System32\\svchost.exe"
     },
     "captured_channel": "Security"
    },
    {
     "timestamp": "2026-10-07T07:08:28.9363417+05:30",
     "channel": "Security",
     "provider": "Microsoft-Windows-Security-Auditing",
     "event_id": "4798",
     "level": "Information",
     "severity": "Low",
     "username": "DefaultAccount",
     "host": "localhost",
     "source_ip": "local",
     "message": "A user's local group membership was enumerated.\r\n\r\nSubject:\r\n\tSecurity ID:\t\tS-1-5-0-0-0\r\n\tAccount Name:\t\tWORKSTATION$\r\n\tAccount Domain:\t\tWORKGROUP\r\n\tLogon ID:\t\t0x3E7\r\n\r\nUser:\r\n\tSecurity ID:\t\tS-1-5-0-0-0-1001\r\n\tAccount Name:\t\tDefaultAccount\r\n\tAccount Domain:\t\tWORKSTATION\r\n\r\nProcess Information:\r\n\tPro",
     "record_id": 12529660,
     "source": "windows-event-log",
     "is_alert": false,
     "rule_name": "",
     "external_id": "Security:12529660",
     "raw_log": "{\"Channel\": \"Security\", \"EventData\": {\"CallerProcessId\": \"0x698\", \"CallerProcessName\": \"C:\\\\Windows\\\\System32\\\\svchost.exe\", \"SubjectDomainName\": \"WORKGROUP\", \"SubjectLogonId\": \"0x3e7\", \"SubjectUserName\": \"WORKSTATION$\", \"SubjectUserSid\": \"S-1-5-0-0-0\", \"TargetDomainName\": \"WORKSTATION\", \"TargetSid\": \"S-1-5-0-0-0-1001\", \"TargetUserName\": \"DefaultAccount\"}, \"Id\": 4798, \"Level\": \"Information\", \"Message\": \"A user's local group membership was enumerated.\\r\\n\\r\\nSubject:\\r\\n\\tSecurity ID:\\t\\tS-1-5-0-0-0\\r\\n\\tAccount Name:\\t\\tWORKSTATION$\\r\\n\\tAccount Domain:\\t\\tWORKGROUP\\r\\n\\tLogon ID:\\t\\t0x3E7\\r\\n\\r\\nUser:\\r\\n\\tSecurity ID:\\t\\tS-1-5-0-0-0-1001\\r\\n\\tAccount Name:\\t\\tDefaultAccount\\r\\n\\tAccount Domain:\\t\\tWORKSTATION\\r\\n\\r\\nProcess Information:\\r\\n\\tProcess ID:\\t\\t0x698\\r\\n\\tProcess Name:\\t\\tC:\\\\Windows\\\\System32\\\\svchost.exe\", \"Provider\": \"Microsoft-Windows-Security-Auditing\", \"RecordId\": 12529660, \"TimeCreated\": \"2026-10-07T07:08:28.9363417+05:30\", \"User\": null}",
     "fields": {
      "TargetUserName": "DefaultAccount",
      "TargetDomainName": "WORKSTATION",
      "TargetSid": "S-1-5-0-0-0-1001",
      "SubjectUserSid": "S-1-5-0-0-0",
      "SubjectUserName": "WORKSTATION$",
      "SubjectDomainName": "WORKGROUP",
      "SubjectLogonId": "0x3e7",
      "CallerProcessId": "0x698",
      "CallerProcessName": "C:\\Windows\\System32\\svchost.exe"
     },
     "captured_channel": "Security"
    },
    {
     "timestamp": "2026-10-07T07:08:28.9368809+05:30",
     "channel": "Security",
     "provider": "Microsoft-Windows-Security-Auditing",
     "event_id": "4798",
     "level": "Information",
     "severity": "Low",
     "username": "Guest",
     "host": "localhost",
     "source_ip": "local",
     "message": "A user's local group membership was enumerated.\r\n\r\nSubject:\r\n\tSecurity ID:\t\tS-1-5-0-0-0\r\n\tAccount Name:\t\tWORKSTATION$\r\n\tAccount Domain:\t\tWORKGROUP\r\n\tLogon ID:\t\t0x3E7\r\n\r\nUser:\r\n\tSecurity ID:\t\tS-1-5-0-0-0-1001\r\n\tAccount Name:\t\tGuest\r\n\tAccount Domain:\t\tWORKSTATION\r\n\r\nProcess Information:\r\n\tProcess ID:\t",
     "record_id": 12529661,
     "source": "windows-event-log",
     "is_alert": false,
     "rule_name": "",
     "external_id": "Security:12529661",
     "raw_log": "{\"Channel\": \"Security\", \"EventData\": {\"CallerProcessId\": \"0x698\", \"CallerProcessName\": \"C:\\\\Windows\\\\System32\\\\svchost.exe\", \"SubjectDomainName\": \"WORKGROUP\", \"SubjectLogonId\": \"0x3e7\", \"SubjectUserName\": \"WORKSTATION$\", \"SubjectUserSid\": \"S-1-5-0-0-0\", \"TargetDomainName\": \"WORKSTATION\", \"TargetSid\": \"S-1-5-0-0-0-1001\", \"TargetUserName\": \"Guest\"}, \"Id\": 4798, \"Level\": \"Information\", \"Message\": \"A user's local group membership was enumerated.\\r\\n\\r\\nSubject:\\r\\n\\tSecurity ID:\\t\\tS-1-5-0-0-0\\r\\n\\tAccount Name:\\t\\tWORKSTATION$\\r\\n\\tAccount Domain:\\t\\tWORKGROUP\\r\\n\\tLogon ID:\\t\\t0x3E7\\r\\n\\r\\nUser:\\r\\n\\tSecurity ID:\\t\\tS-1-5-0-0-0-1001\\r\\n\\tAccount Name:\\t\\tGuest\\r\\n\\tAccount Domain:\\t\\tWORKSTATION\\r\\n\\r\\nProcess Information:\\r\\n\\tProcess ID:\\t\\t0x698\\r\\n\\tProcess Name:\\t\\tC:\\\\Windows\\\\System32\\\\svchost.exe\", \"Provider\": \"Microsoft-Windows-Security-Auditing\", \"RecordId\": 12529661, \"TimeCreated\": \"2026-10-07T07:08:28.9368809+05:30\", \"User\": null}",
     "fields": {
      "TargetUserName": "Guest",
      "TargetDomainName": "WORKSTATION",
      "TargetSid": "S-1-5-0-0-0-1001",
      "SubjectUserSid": "S-1-5-0-0-0",
      "SubjectUserName": "WORKSTATION$",
      "SubjectDomainName": "WORKGROUP",
      "SubjectLogonId": "0x3e7",
      "CallerProcessId": "0x698",
      "CallerProcessName": "C:\\Windows\\System32\\svchost.exe"
     },
     "captured_channel": "Security"
    },
    {
     "timestamp": "2026-10-07T07:08:28.9374800+05:30",
     "channel": "Security",
     "provider": "Microsoft-Windows-Security-Auditing",
     "event_id": "4798",
     "level": "Information",
     "severity": "Low",
     "username": "analyst's",
     "host": "localhost",
     "source_ip": "local",
     "message": "A user's local group membership was enumerated.\r\n\r\nSubject:\r\n\tSecurity ID:\t\tS-1-5-0-0-0\r\n\tAccount Name:\t\tWORKSTATION$\r\n\tAccount Domain:\t\tWORKGROUP\r\n\tLogon ID:\t\t0x3E7\r\n\r\nUser:\r\n\tSecurity ID:\t\tS-1-5-0-0-0-1001\r\n\tAccount Name:\t\tanalyst's\r\n\tAccount Domain:\t\tWORKSTATION\r\n\r\nProcess Information:\r\n\tProcess ",
     "record_id": 12529662,
     "source": "windows-event-log",
     "is_alert": false,
     "rule_name": "",
     "external_id": "Security:12529662",
     "raw_log": "{\"Channel\": \"Security\", \"EventData\": {\"CallerProcessId\": \"0x698\", \"CallerProcessName\": \"C:\\\\Windows\\\\System32\\\\svchost.exe\", \"SubjectDomainName\": \"WORKGROUP\", \"SubjectLogonId\": \"0x3e7\", \"SubjectUserName\": \"WORKSTATION$\", \"SubjectUserSid\": \"S-1-5-0-0-0\", \"TargetDomainName\": \"WORKSTATION\", \"TargetSid\": \"S-1-5-0-0-0-1001\", \"TargetUserName\": \"analyst's\"}, \"Id\": 4798, \"Level\": \"Information\", \"Message\": \"A user's local group membership was enumerated.\\r\\n\\r\\nSubject:\\r\\n\\tSecurity ID:\\t\\tS-1-5-0-0-0\\r\\n\\tAccount Name:\\t\\tWORKSTATION$\\r\\n\\tAccount Domain:\\t\\tWORKGROUP\\r\\n\\tLogon ID:\\t\\t0x3E7\\r\\n\\r\\nUser:\\r\\n\\tSecurity ID:\\t\\tS-1-5-0-0-0-1001\\r\\n\\tAccount Name:\\t\\tanalyst's\\r\\n\\tAccount Domain:\\t\\tWORKSTATION\\r\\n\\r\\nProcess Information:\\r\\n\\tProcess ID:\\t\\t0x698\\r\\n\\tProcess Name:\\t\\tC:\\\\Windows\\\\System32\\\\svchost.exe\", \"Provider\": \"Microsoft-Windows-Security-Auditing\", \"RecordId\": 12529662, \"TimeCreated\": \"2026-10-07T07:08:28.9374800+05:30\", \"User\": null}",
     "fields": {
      "TargetUserName": "analyst's",
      "TargetDomainName": "WORKSTATION",
      "TargetSid": "S-1-5-0-0-0-1001",
      "SubjectUserSid": "S-1-5-0-0-0",
      "SubjectUserName": "WORKSTATION$",
      "SubjectDomainName": "WORKGROUP",
      "SubjectLogonId": "0x3e7",
      "CallerProcessId": "0x698",
      "CallerProcessName": "C:\\Windows\\System32\\svchost.exe"
     },
     "captured_channel": "Security"
    },
    {
     "timestamp": "2026-10-07T07:08:28.9402004+05:30",
     "channel": "Security",
     "provider": "Microsoft-Windows-Security-Auditing",
     "event_id": "4798",
     "level": "Information",
     "severity": "Low",
     "username": "Administrator",
     "host": "localhost",
     "source_ip": "local",
     "message": "A user's local group membership was enumerated.\r\n\r\nSubject:\r\n\tSecurity ID:\t\tS-1-5-0-0-0\r\n\tAccount Name:\t\tWORKSTATION$\r\n\tAccount Domain:\t\tWORKGROUP\r\n\tLogon ID:\t\t0x3E7\r\n\r\nUser:\r\n\tSecurity ID:\t\tS-1-5-0-0-0-1001\r\n\tAccount Name:\t\tAdministrator\r\n\tAccount Domain:\t\tWORKSTATION\r\n\r\nProcess Information:\r\n\tProc",
     "record_id": 12529663,
