    {
     "timestamp": "2026-10-07T04:55:25.0956382+05:30",
     "channel": "Microsoft-Windows-PowerShell/Operational",
     "provider": "Microsoft-Windows-PowerShell",
     "event_id": "4104",
     "level": "Verbose",
     "severity": "Low",
     "username": "{'BinaryLength': 28, 'AccountDomainSid': {'BinaryLength': 24, 'AccountDomainSid': {'BinaryLength': 24, 'AccountDomainSid': 'S-1-5-0-0-0-1001', 'Value': 'S-1-5-0-0-0-1001'}, 'Value': 'S-1-5-0-0-0-1001'}, 'Value': 'S-1-5-0-0-0-1001'}",
     "host": "localhost",
     "source_ip": "local",
     "message": "Creating Scriptblock text (1 of 1):\r\n$e = Get-WinEvent -LogName 'Microsoft-Windows-PowerShell/Operational' -MaxEvents 1 -ErrorAction SilentlyContinue;if ($e) { $e.RecordId } else { 0 }\r\n\r\nScriptBlock ID: 00000000-0000-0000-0000-000000000000\r\nPath:",
     "record_id": 422743,
     "source": "windows-event-log",
     "is_alert": false,
     "rule_name": "",
     "external_id": "Microsoft-Windows-PowerShell/Operational:422743",
     "raw_log": "{\"Channel\": \"Microsoft-Windows-PowerShell/Operational\", \"EventData\": {\"MessageNumber\": \"1\", \"MessageTotal\": \"1\", \"Path\": \"\", \"ScriptBlockId\": \"00000000-0000-0000-0000-000000000000\", \"ScriptBlockText\": \"$e = Get-WinEvent -LogName 'Microsoft-Windows-PowerShell/Operational' -MaxEvents 1 -ErrorAction SilentlyContinue;if ($e) { $e.RecordId } else { 0 }\"}, \"Id\": 4104, \"Level\": \"Verbose\", \"Message\": \"Creating Scriptblock text (1 of 1):\\r\\n$e = Get-WinEvent -LogName 'Microsoft-Windows-PowerShell/Operational' -MaxEvents 1 -ErrorAction SilentlyContinue;if ($e) { $e.RecordId } else { 0 }\\r\\n\\r\\nScriptBlock ID: 00000000-0000-0000-0000-000000000000\\r\\nPath: \", \"Provider\": \"Microsoft-Windows-PowerShell\", \"RecordId\": 422743, \"TimeCreated\": \"2026-10-07T04:55:25.0956382+05:30\", \"User\": {\"AccountDomainSid\": {\"AccountDomainSid\": {\"AccountDomainSid\": \"S-1-5-0-0-0-1001\", \"BinaryLength\": 24, \"Value\": \"S-1-5-0-0-0-1001\"}, \"BinaryLength\": 24, \"Value\": \"S-1-5-0-0-0-1001\"}, \"BinaryLength\": 28, \"Value\": \"S-1-5-0-0-0-1001\"}}",
     "fields": {
      "MessageNumber": "1",
      "MessageTotal": "1",
      "ScriptBlockText": "$e = Get-WinEvent -LogName 'Microsoft-Windows-PowerShell/Operational' -MaxEvents 1 -ErrorAction SilentlyContinue;if ($e) { $e.RecordId } else { 0 }",
      "ScriptBlockId": "00000000-0000-0000-0000-000000000000",
      "Path": ""
     },
     "captured_channel": "Microsoft-Windows-PowerShell/Operational"
    },
    {
     "timestamp": "2026-10-07T04:55:25.1708004+05:30",
     "channel": "Microsoft-Windows-PowerShell/Operational",
     "provider": "Microsoft-Windows-PowerShell",
     "event_id": "4104",
     "level": "Verbose",
     "severity": "Low",
     "username": "{'BinaryLength': 28, 'AccountDomainSid': {'BinaryLength': 24, 'AccountDomainSid': {'BinaryLength': 24, 'AccountDomainSid': 'S-1-5-0-0-0-1001', 'Value': 'S-1-5-0-0-0-1001'}, 'Value': 'S-1-5-0-0-0-1001'}, 'Value': 'S-1-5-0-0-0-1001'}",
     "host": "localhost",
     "source_ip": "local",
     "message": "Creating Scriptblock text (1 of 1):\r\n$global:?\r\n\r\nScriptBlock ID: 00000000-0000-0000-0000-000000000000\r\nPath:",
     "record_id": 422744,
     "source": "windows-event-log",
     "is_alert": false,
     "rule_name": "",
     "external_id": "Microsoft-Windows-PowerShell/Operational:422744",
     "raw_log": "{\"Channel\": \"Microsoft-Windows-PowerShell/Operational\", \"EventData\": {\"MessageNumber\": \"1\", \"MessageTotal\": \"1\", \"Path\": \"\", \"ScriptBlockId\": \"00000000-0000-0000-0000-000000000000\", \"ScriptBlockText\": \"$global:?\"}, \"Id\": 4104, \"Level\": \"Verbose\", \"Message\": \"Creating Scriptblock text (1 of 1):\\r\\n$global:?\\r\\n\\r\\nScriptBlock ID: 00000000-0000-0000-0000-000000000000\\r\\nPath: \", \"Provider\": \"Microsoft-Windows-PowerShell\", \"RecordId\": 422744, \"TimeCreated\": \"2026-10-07T04:55:25.1708004+05:30\", \"User\": {\"AccountDomainSid\": {\"AccountDomainSid\": {\"AccountDomainSid\": \"S-1-5-0-0-0-1001\", \"BinaryLength\": 24, \"Value\": \"S-1-5-0-0-0-1001\"}, \"BinaryLength\": 24, \"Value\": \"S-1-5-0-0-0-1001\"}, \"BinaryLength\": 28, \"Value\": \"S-1-5-0-0-0-1001\"}}",
     "fields": {
      "MessageNumber": "1",
      "MessageTotal": "1",
      "ScriptBlockText": "$global:?",
      "ScriptBlockId": "00000000-0000-0000-0000-000000000000",
      "Path": ""
     },
     "captured_channel": "Microsoft-Windows-PowerShell/Operational"
    },
    {
     "timestamp": "2026-10-07T04:55:33.8617466+05:30",
     "channel": "Microsoft-Windows-PowerShell/Operational",
     "provider": "Microsoft-Windows-PowerShell",
     "event_id": "40961",
     "level": "Information",
     "severity": "Low",
     "username": "{'BinaryLength': 28, 'AccountDomainSid': {'BinaryLength': 24, 'AccountDomainSid': {'BinaryLength': 24, 'AccountDomainSid': 'S-1-5-0-0-0-1001', 'Value': 'S-1-5-0-0-0-1001'}, 'Value': 'S-1-5-0-0-0-1001'}, 'Value': 'S-1-5-0-0-0-1001'}",
     "host": "localhost",
     "source_ip": "local",
     "message": "PowerShell console is starting up",
     "record_id": 422745,
     "source": "windows-event-log",
     "is_alert": false,
     "rule_name": "",
     "external_id": "Microsoft-Windows-PowerShell/Operational:422745",
     "raw_log": "{\"Channel\": \"Microsoft-Windows-PowerShell/Operational\", \"EventData\": {}, \"Id\": 40961, \"Level\": \"Information\", \"Message\": \"PowerShell console is starting up\", \"Provider\": \"Microsoft-Windows-PowerShell\", \"RecordId\": 422745, \"TimeCreated\": \"2026-10-07T04:55:33.8617466+05:30\", \"User\": {\"AccountDomainSid\": {\"AccountDomainSid\": {\"AccountDomainSid\": \"S-1-5-0-0-0-1001\", \"BinaryLength\": 24, \"Value\": \"S-1-5-0-0-0-1001\"}, \"BinaryLength\": 24, \"Value\": \"S-1-5-0-0-0-1001\"}, \"BinaryLength\": 28, \"Value\": \"S-1-5-0-0-0-1001\"}}",
     "fields": {},
     "captured_channel": "Microsoft-Windows-PowerShell/Operational"
    },
    {
     "timestamp": "2026-10-07T04:55:33.9554471+05:30",
     "channel": "Microsoft-Windows-PowerShell/Operational",
     "provider": "Microsoft-Windows-PowerShell",
     "event_id": "53504",
     "level": "Information",
     "severity": "Low",
     "username": "{'BinaryLength': 28, 'AccountDomainSid': {'BinaryLength': 24, 'AccountDomainSid': {'BinaryLength': 24, 'AccountDomainSid': 'S-1-5-0-0-0-1001', 'Value': 'S-1-5-0-0-0-1001'}, 'Value': 'S-1-5-0-0-0-1001'}, 'Value': 'S-1-5-0-0-0-1001'}",
     "host": "localhost",
     "source_ip": "local",
     "message": "Windows PowerShell has started an IPC listening thread on process: 120624 in AppDomain: DefaultAppDomain.",
     "record_id": 422746,
     "source": "windows-event-log",
     "is_alert": false,
     "rule_name": "",
     "external_id": "Microsoft-Windows-PowerShell/Operational:422746",
     "raw_log": "{\"Channel\": \"Microsoft-Windows-PowerShell/Operational\", \"EventData\": {\"param1\": \"120624\", \"param2\": \"DefaultAppDomain\"}, \"Id\": 53504, \"Level\": \"Information\", \"Message\": \"Windows PowerShell has started an IPC listening thread on process: 120624 in AppDomain: DefaultAppDomain.\", \"Provider\": \"Microsoft-Windows-PowerShell\", \"RecordId\": 422746, \"TimeCreated\": \"2026-10-07T04:55:33.9554471+05:30\", \"User\": {\"AccountDomainSid\": {\"AccountDomainSid\": {\"AccountDomainSid\": \"S-1-5-0-0-0-1001\", \"BinaryLength\": 24, \"Value\": \"S-1-5-0-0-0-1001\"}, \"BinaryLength\": 24, \"Value\": \"S-1-5-0-0-0-1001\"}, \"BinaryLength\": 28, \"Value\": \"S-1-5-0-0-0-1001\"}}",
     "fields": {
      "param1": "120624",
      "param2": "DefaultAppDomain"
     },
     "captured_channel": "Microsoft-Windows-PowerShell/Operational"
    },
    {
     "timestamp": "2026-10-07T04:55:33.9831750+05:30",
     "channel": "Microsoft-Windows-PowerShell/Operational",
     "provider": "Microsoft-Windows-PowerShell",
     "event_id": "40962",
     "level": "Information",
     "severity": "Low",
     "username": "{'BinaryLength': 28, 'AccountDomainSid': {'BinaryLength': 24, 'AccountDomainSid': {'BinaryLength': 24, 'AccountDomainSid': 'S-1-5-0-0-0-1001', 'Value': 'S-1-5-0-0-0-1001'}, 'Value': 'S-1-5-0-0-0-1001'}, 'Value': 'S-1-5-0-0-0-1001'}",
     "host": "localhost",
     "source_ip": "local",
     "message": "PowerShell console is ready for user input",
     "record_id": 422747,
     "source": "windows-event-log",
     "is_alert": false,
     "rule_name": "",
     "external_id": "Microsoft-Windows-PowerShell/Operational:422747",
     "raw_log": "{\"Channel\": \"Microsoft-Windows-PowerShell/Operational\", \"EventData\": {}, \"Id\": 40962, \"Level\": \"Information\", \"Message\": \"PowerShell console is ready for user input\", \"Provider\": \"Microsoft-Windows-PowerShell\", \"RecordId\": 422747, \"TimeCreated\": \"2026-10-07T04:55:33.9831750+05:30\", \"User\": {\"AccountDomainSid\": {\"AccountDomainSid\": {\"AccountDomainSid\": \"S-1-5-0-0-0-1001\", \"BinaryLength\": 24, \"Value\": \"S-1-5-0-0-0-1001\"}, \"BinaryLength\": 24, \"Value\": \"S-1-5-0-0-0-1001\"}, \"BinaryLength\": 28, \"Value\": \"S-1-5-0-0-0-1001\"}}",
     "fields": {},
     "captured_channel": "Microsoft-Windows-PowerShell/Operational"
    },
    {
     "timestamp": "2026-10-07T04:55:34.0323296+05:30",
     "channel": "Microsoft-Windows-PowerShell/Operational",
     "provider": "Microsoft-Windows-PowerShell",
     "event_id": "4104",
     "level": "Verbose",
     "severity": "Low",
     "username": "{'BinaryLength': 28, 'AccountDomainSid': {'BinaryLength': 24, 'AccountDomainSid': {'BinaryLength': 24, 'AccountDomainSid': 'S-1-5-0-0-0-1001', 'Value': 'S-1-5-0-0-0-1001'}, 'Value': 'S-1-5-0-0-0-1001'}, 'Value': 'S-1-5-0-0-0-1001'}",
     "host": "localhost",
     "source_ip": "local",
     "message": "Creating Scriptblock text (1 of 1):\r\nGet-Date\r\n\r\nScriptBlock ID: 00000000-0000-0000-0000-000000000000\r\nPath:",
     "record_id": 422748,
     "source": "windows-event-log",
     "is_alert": false,
     "rule_name": "",
     "external_id": "Microsoft-Windows-PowerShell/Operational:422748",
     "raw_log": "{\"Channel\": \"Microsoft-Windows-PowerShell/Operational\", \"EventData\": {\"MessageNumber\": \"1\", \"MessageTotal\": \"1\", \"Path\": \"\", \"ScriptBlockId\": \"00000000-0000-0000-0000-000000000000\", \"ScriptBlockText\": \"Get-Date\"}, \"Id\": 4104, \"Level\": \"Verbose\", \"Message\": \"Creating Scriptblock text (1 of 1):\\r\\nGet-Date\\r\\n\\r\\nScriptBlock ID: 00000000-0000-0000-0000-000000000000\\r\\nPath: \", \"Provider\": \"Microsoft-Windows-PowerShell\", \"RecordId\": 422748, \"TimeCreated\": \"2026-10-07T04:55:34.0323296+05:30\", \"User\": {\"AccountDomainSid\": {\"AccountDomainSid\": {\"AccountDomainSid\": \"S-1-5-0-0-0-1001\", \"BinaryLength\": 24, \"Value\": \"S-1-5-0-0-0-1001\"}, \"BinaryLength\": 24, \"Value\": \"S-1-5-0-0-0-1001\"}, \"BinaryLength\": 28, \"Value\": \"S-1-5-0-0-0-1001\"}}",
     "fields": {
      "MessageNumber": "1",
      "MessageTotal": "1",
      "ScriptBlockText": "Get-Date",
      "ScriptBlockId": "00000000-0000-0000-0000-000000000000",
      "Path": ""
     },
     "captured_channel": "Microsoft-Windows-PowerShell/Operational"
    },
    {
     "timestamp": "2026-10-07T04:55:34.1145996+05:30",
     "channel": "Microsoft-Windows-PowerShell/Operational",
     "provider": "Microsoft-Windows-PowerShell",
     "event_id": "4104",
     "level": "Verbose",
     "severity": "Low",
     "username": "{'BinaryLength': 28, 'AccountDomainSid': {'BinaryLength': 24, 'AccountDomainSid': {'BinaryLength': 24, 'AccountDomainSid': 'S-1-5-0-0-0-1001', 'Value': 'S-1-5-0-0-0-1001'}, 'Value': 'S-1-5-0-0-0-1001'}, 'Value': 'S-1-5-0-0-0-1001'}",
     "host": "localhost",
     "source_ip": "local",
     "message": "Creating Scriptblock text (1 of 1):\r\n{ Set-StrictMode -Version 1; $this.DisplayHint }\r\n\r\nScriptBlock ID: 00000000-0000-0000-0000-000000000000\r\nPath:",
     "record_id": 422749,
     "source": "windows-event-log",
     "is_alert": false,
     "rule_name": "",
     "external_id": "Microsoft-Windows-PowerShell/Operational:422749",
     "raw_log": "{\"Channel\": \"Microsoft-Windows-PowerShell/Operational\", \"EventData\": {\"MessageNumber\": \"1\", \"MessageTotal\": \"1\", \"Path\": \"\", \"ScriptBlockId\": \"00000000-0000-0000-0000-000000000000\", \"ScriptBlockText\": \"{ Set-StrictMode -Version 1; $this.DisplayHint }\"}, \"Id\": 4104, \"Level\": \"Verbose\", \"Message\": \"Creating Scriptblock text (1 of 1):\\r\\n{ Set-StrictMode -Version 1; $this.DisplayHint }\\r\\n\\r\\nScriptBlock ID: 00000000-0000-0000-0000-000000000000\\r\\nPath: \", \"Provider\": \"Microsoft-Windows-PowerShell\", \"RecordId\": 422749, \"TimeCreated\": \"2026-10-07T04:55:34.1145996+05:30\", \"User\": {\"AccountDomainSid\": {\"AccountDomainSid\": {\"AccountDomainSid\": \"S-1-5-0-0-0-1001\", \"BinaryLength\": 24, \"Value\": \"S-1-5-0-0-0-1001\"}, \"BinaryLength\": 24, \"Value\": \"S-1-5-0-0-0-1001\"}, \"BinaryLength\": 28, \"Value\": \"S-1-5-0-0-0-1001\"}}",
     "fields": {
      "MessageNumber": "1",
      "MessageTotal": "1",
      "ScriptBlockText": "{ Set-StrictMode -Version 1; $this.DisplayHint }",
      "ScriptBlockId": "00000000-0000-0000-0000-000000000000",
      "Path": ""
     },
     "captured_channel": "Microsoft-Windows-PowerShell/Operational"
    },
    {
     "timestamp": "2026-10-07T04:55:34.1240256+05:30",
     "channel": "Microsoft-Windows-PowerShell/Operational",
     "provider": "Microsoft-Windows-PowerShell",
     "event_id": "4104",
     "level": "Verbose",
     "severity": "Low",
     "username": "{'BinaryLength': 28, 'AccountDomainSid': {'BinaryLength': 24, 'AccountDomainSid': {'BinaryLength': 24, 'AccountDomainSid': 'S-1-5-0-0-0-1001', 'Value': 'S-1-5-0-0-0-1001'}, 'Value': 'S-1-5-0-0-0-1001'}, 'Value': 'S-1-5-0-0-0-1001'}",
     "host": "localhost",
     "source_ip": "local",
     "message": "Creating Scriptblock text (1 of 1):\r\n{ Set-StrictMode -Version 1; $this.DisplayHint }\r\n\r\nScriptBlock ID: 00000000-0000-0000-0000-000000000000\r\nPath:",
     "record_id": 422750,
     "source": "windows-event-log",
     "is_alert": false,
     "rule_name": "",
     "external_id": "Microsoft-Windows-PowerShell/Operational:422750",
     "raw_log": "{\"Channel\": \"Microsoft-Windows-PowerShell/Operational\", \"EventData\": {\"MessageNumber\": \"1\", \"MessageTotal\": \"1\", \"Path\": \"\", \"ScriptBlockId\": \"00000000-0000-0000-0000-000000000000\", \"ScriptBlockText\": \"{ Set-StrictMode -Version 1; $this.DisplayHint }\"}, \"Id\": 4104, \"Level\": \"Verbose\", \"Message\": \"Creating Scriptblock text (1 of 1):\\r\\n{ Set-StrictMode -Version 1; $this.DisplayHint }\\r\\n\\r\\nScriptBlock ID: 00000000-0000-0000-0000-000000000000\\r\\nPath: \", \"Provider\": \"Microsoft-Windows-PowerShell\", \"RecordId\": 422750, \"TimeCreated\": \"2026-10-07T04:55:34.1240256+05:30\", \"User\": {\"AccountDomainSid\": {\"AccountDomainSid\": {\"AccountDomainSid\": \"S-1-5-0-0-0-1001\", \"BinaryLength\": 24, \"Value\": \"S-1-5-0-0-0-1001\"}, \"BinaryLength\": 24, \"Value\": \"S-1-5-0-0-0-1001\"}, \"BinaryLength\": 28, \"Value\": \"S-1-5-0-0-0-1001\"}}",
     "fields": {
      "MessageNumber": "1",
      "MessageTotal": "1",
      "ScriptBlockText": "{ Set-StrictMode -Version 1; $this.DisplayHint }",
      "ScriptBlockId": "00000000-0000-0000-0000-000000000000",
      "Path": ""
     },
     "captured_channel": "Microsoft-Windows-PowerShell/Operational"
    },
    {
     "timestamp": "2026-10-07T04:55:34.1319570+05:30",
     "channel": "Microsoft-Windows-PowerShell/Operational",
     "provider": "Microsoft-Windows-PowerShell",
     "event_id": "4104",
     "level": "Verbose",
     "severity": "Low",
     "username": "{'BinaryLength': 28, 'AccountDomainSid': {'BinaryLength': 24, 'AccountDomainSid': {'BinaryLength': 24, 'AccountDomainSid': 'S-1-5-0-0-0-1001', 'Value': 'S-1-5-0-0-0-1001'}, 'Value': 'S-1-5-0-0-0-1001'}, 'Value': 'S-1-5-0-0-0-1001'}",
     "host": "localhost",
     "source_ip": "local",
     "message": "Creating Scriptblock text (1 of 1):\r\n$global:?\r\n\r\nScriptBlock ID: 00000000-0000-0000-0000-000000000000\r\nPath:",
     "record_id": 422751,
     "source": "windows-event-log",
     "is_alert": false,
     "rule_name": "",
     "external_id": "Microsoft-Windows-PowerShell/Operational:422751",
     "raw_log": "{\"Channel\": \"Microsoft-Windows-PowerShell/Operational\", \"EventData\": {\"MessageNumber\": \"1\", \"MessageTotal\": \"1\", \"Path\": \"\", \"ScriptBlockId\": \"00000000-0000-0000-0000-000000000000\", \"ScriptBlockText\": \"$global:?\"}, \"Id\": 4104, \"Level\": \"Verbose\", \"Message\": \"Creating Scriptblock text (1 of 1):\\r\\n$global:?\\r\\n\\r\\nScriptBlock ID: 00000000-0000-0000-0000-000000000000\\r\\nPath: \", \"Provider\": \"Microsoft-Windows-PowerShell\", \"RecordId\": 422751, \"TimeCreated\": \"2026-10-07T04:55:34.1319570+05:30\", \"User\": {\"AccountDomainSid\": {\"AccountDomainSid\": {\"AccountDomainSid\": \"S-1-5-0-0-0-1001\", \"BinaryLength\": 24, \"Value\": \"S-1-5-0-0-0-1001\"}, \"BinaryLength\": 24, \"Value\": \"S-1-5-0-0-0-1001\"}, \"BinaryLength\": 28, \"Value\": \"S-1-5-0-0-0-1001\"}}",
     "fields": {
      "MessageNumber": "1",
      "MessageTotal": "1",
      "ScriptBlockText": "$global:?",
      "ScriptBlockId": "00000000-0000-0000-0000-000000000000",
      "Path": ""
     },
     "captured_channel": "Microsoft-Windows-PowerShell/Operational"
    },
    {
     "timestamp": "2026-10-07T04:55:35.8715580+05:30",
     "channel": "Microsoft-Windows-PowerShell/Operational",
     "provider": "Microsoft-Windows-PowerShell",
     "event_id": "40961",
     "level": "Information",
     "severity": "Low",
     "username": "{'BinaryLength': 28, 'AccountDomainSid': {'BinaryLength': 24, 'AccountDomainSid': {'BinaryLength': 24, 'AccountDomainSid': 'S-1-5-0-0-0-1001', 'Value': 'S-1-5-0-0-0-1001'}, 'Value': 'S-1-5-0-0-0-1001'}, 'Value': 'S-1-5-0-0-0-1001'}",
     "host": "localhost",
     "source_ip": "local",
     "message": "PowerShell console is starting up",
     "record_id": 422752,
     "source": "windows-event-log",
     "is_alert": false,
     "rule_name": "",
     "external_id": "Microsoft-Windows-PowerShell/Operational:422752",
     "raw_log": "{\"Channel\": \"Microsoft-Windows-PowerShell/Operational\", \"EventData\": {}, \"Id\": 40961, \"Level\": \"Information\", \"Message\": \"PowerShell console is starting up\", \"Provider\": \"Microsoft-Windows-PowerShell\", \"RecordId\": 422752, \"TimeCreated\": \"2026-10-07T04:55:35.8715580+05:30\", \"User\": {\"AccountDomainSid\": {\"AccountDomainSid\": {\"AccountDomainSid\": \"S-1-5-0-0-0-1001\", \"BinaryLength\": 24, \"Value\": \"S-1-5-0-0-0-1001\"}, \"BinaryLength\": 24, \"Value\": \"S-1-5-0-0-0-1001\"}, \"BinaryLength\": 28, \"Value\": \"S-1-5-0-0-0-1001\"}}",
     "fields": {},
     "captured_channel": "Microsoft-Windows-PowerShell/Operational"
    },
    {
     "timestamp": "2026-10-07T04:55:35.9570173+05:30",
     "channel": "Microsoft-Windows-PowerShell/Operational",
     "provider": "Microsoft-Windows-PowerShell",
     "event_id": "53504",
     "level": "Information",
     "severity": "Low",
     "username": "{'BinaryLength': 28, 'AccountDomainSid': {'BinaryLength': 24, 'AccountDomainSid': {'BinaryLength': 24, 'AccountDomainSid': 'S-1-5-0-0-0-1001', 'Value': 'S-1-5-0-0-0-1001'}, 'Value': 'S-1-5-0-0-0-1001'}, 'Value': 'S-1-5-0-0-0-1001'}",
     "host": "localhost",
     "source_ip": "local",
     "message": "Windows PowerShell has started an IPC listening thread on process: 81088 in AppDomain: DefaultAppDomain.",
     "record_id": 422753,
     "source": "windows-event-log",
     "is_alert": false,
     "rule_name": "",
     "external_id": "Microsoft-Windows-PowerShell/Operational:422753",
     "raw_log": "{\"Channel\": \"Microsoft-Windows-PowerShell/Operational\", \"EventData\": {\"param1\": \"81088\", \"param2\": \"DefaultAppDomain\"}, \"Id\": 53504, \"Level\": \"Information\", \"Message\": \"Windows PowerShell has started an IPC listening thread on process: 81088 in AppDomain: DefaultAppDomain.\", \"Provider\": \"Microsoft-Windows-PowerShell\", \"RecordId\": 422753, \"TimeCreated\": \"2026-10-07T04:55:35.9570173+05:30\", \"User\": {\"AccountDomainSid\": {\"AccountDomainSid\": {\"AccountDomainSid\": \"S-1-5-0-0-0-1001\", \"BinaryLength\": 24, \"Value\": \"S-1-5-0-0-0-1001\"}, \"BinaryLength\": 24, \"Value\": \"S-1-5-0-0-0-1001\"}, \"BinaryLength\": 28, \"Value\": \"S-1-5-0-0-0-1001\"}}",
     "fields": {
      "param1": "81088",
      "param2": "DefaultAppDomain"
     },
     "captured_channel": "Microsoft-Windows-PowerShell/Operational"
    },
    {
     "timestamp": "2026-10-07T04:55:35.9857912+05:30",
     "channel": "Microsoft-Windows-PowerShell/Operational",
     "provider": "Microsoft-Windows-PowerShell",
     "event_id": "40962",
     "level": "Information",
     "severity": "Low",
     "username": "{'BinaryLength': 28, 'AccountDomainSid': {'BinaryLength': 24, 'AccountDomainSid': {'BinaryLength': 24, 'AccountDomainSid': 'S-1-5-0-0-0-1001', 'Value': 'S-1-5-0-0-0-1001'}, 'Value': 'S-1-5-0-0-0-1001'}, 'Value': 'S-1-5-0-0-0-1001'}",
     "host": "localhost",
     "source_ip": "local",
     "message": "PowerShell console is ready for user input",
     "record_id": 422754,
     "source": "windows-event-log",
     "is_alert": false,
     "rule_name": "",
     "external_id": "Microsoft-Windows-PowerShell/Operational:422754",
     "raw_log": "{\"Channel\": \"Microsoft-Windows-PowerShell/Operational\", \"EventData\": {}, \"Id\": 40962, \"Level\": \"Information\", \"Message\": \"PowerShell console is ready for user input\", \"Provider\": \"Microsoft-Windows-PowerShell\", \"RecordId\": 422754, \"TimeCreated\": \"2026-10-07T04:55:35.9857912+05:30\", \"User\": {\"AccountDomainSid\": {\"AccountDomainSid\": {\"AccountDomainSid\": \"S-1-5-0-0-0-1001\", \"BinaryLength\": 24, \"Value\": \"S-1-5-0-0-0-1001\"}, \"BinaryLength\": 24, \"Value\": \"S-1-5-0-0-0-1001\"}, \"BinaryLength\": 28, \"Value\": \"S-1-5-0-0-0-1001\"}}",
     "fields": {},
     "captured_channel": "Microsoft-Windows-PowerShell/Operational"
    },
    {
     "timestamp": "2026-10-07T04:55:36.0422831+05:30",
     "channel": "Microsoft-Windows-PowerShell/Operational",
     "provider": "Microsoft-Windows-PowerShell",
     "event_id": "4104",
     "level": "Verbose",
     "severity": "Low",
     "username": "{'BinaryLength': 28, 'AccountDomainSid': {'BinaryLength': 24, 'AccountDomainSid': {'BinaryLength': 24, 'AccountDomainSid': 'S-1-5-0-0-0-1001', 'Value': 'S-1-5-0-0-0-1001'}, 'Value': 'S-1-5-0-0-0-1001'}, 'Value': 'S-1-5-0-0-0-1001'}",
     "host": "localhost",
     "source_ip": "local",
     "message": "Creating Scriptblock text (1 of 1):\r\n$ErrorActionPreference='SilentlyContinue';$all=@(); $bad=@();foreach ($ch in @('Security','System','Application','Microsoft-Windows-Sysmon/Operational','Microsoft-Windows-Windows Defender/Operational','Microsoft-Windows-PowerShell/Operational')) {  try {    $e = ",
     "record_id": 422755,
     "source": "windows-event-log",
     "is_alert": false,
     "rule_name": "",
     "external_id": "Microsoft-Windows-PowerShell/Operational:422755",
     "raw_log": "{\"Channel\": \"Microsoft-Windows-PowerShell/Operational\", \"EventData\": {\"MessageNumber\": \"1\", \"MessageTotal\": \"1\", \"Path\": \"\", \"ScriptBlockId\": \"00000000-0000-0000-0000-000000000000\", \"ScriptBlockText\": \"$ErrorActionPreference='SilentlyContinue';$all=@(); $bad=@();foreach ($ch in @('Security','System','Application','Microsoft-Windows-Sysmon/Operational','Microsoft-Windows-Windows Defender/Operational','Microsoft-Windows-PowerShell/Operational')) {  try {    $e = Get-WinEvent -LogName $ch -MaxEvents 400 -ErrorAction Stop;    if ($e) { $all += $e | ForEach-Object {      $x = [xml]$_.ToXml();      $pairs = @();      foreach ($d in $x.Event.EventData.Data) {        $pairs += ('<Data Name=\\\"' + $d.Name + '\\\">' + [System.Security.SecurityElement]::Escape([string]$d.'#text') + '</Data>') };      $mini = '<Event><System><EventID>' + $_.Id + '</EventID></System>' + '<EventData>' + ($pairs -join '') + '</EventData></Event>';      [pscustomobject]@{        Channel=$ch; Id=$_.Id; Provider=$_.ProviderName; Level=$_.LevelDisplayName;        RecordId=$_.RecordId; TimeCreated=$_.TimeCreated.ToString('o');        User=$_.UserId; Xml=$mini;        Message=$([string]$_.Message).Substring(0, [Math]::Min(1500, ([string]$_.Message).Length))      } } }  } catch { $bad += $ch }};[pscustomobject]@{ events=@($all); unreadable=@($bad) } | ConvertTo-Json -Depth 5 -Compress\"}, \"Id\": 4104, \"Level\": \"Verbose\", \"Message\": \"Creating Scriptblock text (1 of 1):\\r\\n$ErrorActionPreference='SilentlyContinue';$all=@(); $bad=@();foreach ($ch in @('Security','System','Application','Microsoft-Windows-Sysmon/Operational','Microsoft-Windows-Windows Defender/Operational','Microsoft-Windows-PowerShell/Operational')) {  try {    $e = Get-WinEvent -LogName $ch -MaxEvents 400 -ErrorAction Stop;    if ($e) { $all += $e | ForEach-Object {      $x = [xml]$_.ToXml();      $pairs = @();      foreach ($d in $x.Event.EventData.Data) {        $pairs += ('<Data Name=\\\"' + $d.Name + '\\\">' + [System.Security.SecurityElement]::Escape([string]$d.'#text') + '</Data>') };      $mini = '<Event><System><EventID>' + $_.Id + '</EventID></System>' + '<EventData>' + ($pairs -join '') + '</EventData></Event>';      [pscustomobject]@{        Channel=$ch; Id=$_.Id; Provider=$_.ProviderName; Level=$_.LevelDisplayName;        RecordId=$_.RecordId; TimeCreated=$_.TimeCreated.ToString('o');        User=$_.UserId; Xml=$mini;        Message=$([string]$_.Message).Substring(0, [Math]::Min(1500, ([string]$_.Message).Length))      } } }  } catch { $bad += $ch }};[pscustomobject]@{ events=@($all); unreadable=@($bad) } | ConvertTo-Json -Depth 5 -Compress\\r\\n\\r\\nScriptBlock ID: 00000000-0000-0000-0000-000000000000\\r\\nPath: \", \"Provider\": \"Microsoft-Windows-PowerShell\", \"RecordId\": 422755, \"TimeCreated\": \"2026-10-07T04:55:36.0422831+05:30\", \"User\": {\"AccountDomainSid\": {\"AccountDomainSid\": {\"AccountDomainSid\": \"S-1-5-0-0-0-1001\", \"BinaryLength\": 24, \"Value\": \"S-1-5-0-0-0-1001\"}, \"BinaryLength\": 24, \"Value\": \"S-1-5-0-0-0-1001\"}, \"BinaryLength\": 28, \"Value\": \"S-1-5-0-0-0-1001\"}}",
     "fields": {
      "MessageNumber": "1",
      "MessageTotal": "1",
      "ScriptBlockText": "$ErrorActionPreference='SilentlyContinue';$all=@(); $bad=@();foreach ($ch in @('Security','System','Application','Microsoft-Windows-Sysmon/Operational','Microsoft-Windows-Windows Defender/Operational','Microsoft-Windows-PowerShell/Operational')) {  try {    $e = Get-WinEvent -LogName $ch -MaxEvents 400 -ErrorAction Stop;    if ($e) { $all += $e | ForEach-Object {      $x = [xml]$_.ToXml();      $pairs = @();      foreach ($d in $x.Event.EventData.Data) {        $pairs += ('<Data Name=\"' + $d.Name + '\">' + [System.Security.SecurityElement]::Escape([string]$d.'#text') + '</Data>') };      $mini = '<Event><System><EventID>' + $_.Id + '</EventID></System>' + '<EventData>' + ($pairs -join '') + '</EventData></Event>';      [pscustomobject]@{        Channel=$ch; Id=$_.Id; Provider=$_.ProviderName; Level=$_.LevelDisplayName;        RecordId=$_.RecordId; TimeCreated=$_.TimeCreated.ToString('o');        User=$_.UserId; Xml=$mini;        Message=$([string]$_.Message).Substring(0, [Math]::Min(1500, ([string]$_.Message).Length))      } } }  } catch { $bad += $ch }};[pscustomobject]@{ events=@($all); unreadable=@($bad) } | ConvertTo-Json -Depth 5 -Compress",
      "ScriptBlockId": "00000000-0000-0000-0000-000000000000",
      "Path": ""
     },
     "captured_channel": "Microsoft-Windows-PowerShell/Operational"
    },
    {
     "timestamp": "2026-10-07T04:55:38.3577630+05:30",
     "channel": "Microsoft-Windows-PowerShell/Operational",
     "provider": "Microsoft-Windows-PowerShell",
     "event_id": "4104",
     "level": "Verbose",
     "severity": "Low",
     "username": "{'BinaryLength': 28, 'AccountDomainSid': {'BinaryLength': 24, 'AccountDomainSid': {'BinaryLength': 24, 'AccountDomainSid': 'S-1-5-0-0-0-1001', 'Value': 'S-1-5-0-0-0-1001'}, 'Value': 'S-1-5-0-0-0-1001'}, 'Value': 'S-1-5-0-0-0-1001'}",
     "host": "localhost",
     "source_ip": "local",
     "message": "Creating Scriptblock text (1 of 1):\r\n{      $x = [xml]$_.ToXml();      $pairs = @();      foreach ($d in $x.Event.EventData.Data) {        $pairs += ('<Data Name=\"' + $d.Name + '\">' + [System.Security.SecurityElement]::Escape([string]$d.'#text') + '</Data>') };      $mini = '<Event><System><EventID>",
     "record_id": 422756,
     "source": "windows-event-log",
     "is_alert": false,
     "rule_name": "",
     "external_id": "Microsoft-Windows-PowerShell/Operational:422756",
     "raw_log": "{\"Channel\": \"Microsoft-Windows-PowerShell/Operational\", \"EventData\": {\"MessageNumber\": \"1\", \"MessageTotal\": \"1\", \"Path\": \"\", \"ScriptBlockId\": \"00000000-0000-0000-0000-000000000000\", \"ScriptBlockText\": \"{      $x = [xml]$_.ToXml();      $pairs = @();      foreach ($d in $x.Event.EventData.Data) {        $pairs += ('<Data Name=\\\"' + $d.Name + '\\\">' + [System.Security.SecurityElement]::Escape([string]$d.'#text') + '</Data>') };      $mini = '<Event><System><EventID>' + $_.Id + '</EventID></System>' + '<EventData>' + ($pairs -join '') + '</EventData></Event>';      [pscustomobject]@{        Channel=$ch; Id=$_.Id; Provider=$_.ProviderName; Level=$_.LevelDisplayName;        RecordId=$_.RecordId; TimeCreated=$_.TimeCreated.ToString('o');        User=$_.UserId; Xml=$mini;        Message=$([string]$_.Message).Substring(0, [Math]::Min(1500, ([string]$_.Message).Length))      } }\"}, \"Id\": 4104, \"Level\": \"Verbose\", \"Message\": \"Creating Scriptblock text (1 of 1):\\r\\n{      $x = [xml]$_.ToXml();      $pairs = @();      foreach ($d in $x.Event.EventData.Data) {        $pairs += ('<Data Name=\\\"' + $d.Name + '\\\">' + [System.Security.SecurityElement]::Escape([string]$d.'#text') + '</Data>') };      $mini = '<Event><System><EventID>' + $_.Id + '</EventID></System>' + '<EventData>' + ($pairs -join '') + '</EventData></Event>';      [pscustomobject]@{        Channel=$ch; Id=$_.Id; Provider=$_.ProviderName; Level=$_.LevelDisplayName;        RecordId=$_.RecordId; TimeCreated=$_.TimeCreated.ToString('o');        User=$_.UserId; Xml=$mini;        Message=$([string]$_.Message).Substring(0, [Math]::Min(1500, ([string]$_.Message).Length))      } }\\r\\n\\r\\nScriptBlock ID: 00000000-0000-0000-0000-000000000000\\r\\nPath: \", \"Provider\": \"Microsoft-Windows-PowerShell\", \"RecordId\": 422756, \"TimeCreated\": \"2026-10-07T04:55:38.3577630+05:30\", \"User\": {\"AccountDomainSid\": {\"AccountDomainSid\": {\"AccountDomainSid\": \"S-1-5-0-0-0-1001\", \"BinaryLength\": 24, \"Value\": \"S-1-5-0-0-0-1001\"}, \"BinaryLength\": 24, \"Value\": \"S-1-5-0-0-0-1001\"}, \"BinaryLength\": 28, \"Value\": \"S-1-5-0-0-0-1001\"}}",
     "fields": {
      "MessageNumber": "1",
      "MessageTotal": "1",
      "ScriptBlockText": "{      $x = [xml]$_.ToXml();      $pairs = @();      foreach ($d in $x.Event.EventData.Data) {        $pairs += ('<Data Name=\"' + $d.Name + '\">' + [System.Security.SecurityElement]::Escape([string]$d.'#text') + '</Data>') };      $mini = '<Event><System><EventID>' + $_.Id + '</EventID></System>' + '<EventData>' + ($pairs -join '') + '</EventData></Event>';      [pscustomobject]@{        Channel=$ch; Id=$_.Id; Provider=$_.ProviderName; Level=$_.LevelDisplayName;        RecordId=$_.RecordId; TimeCreated=$_.TimeCreated.ToString('o');        User=$_.UserId; Xml=$mini;        Message=$([string]$_.Message).Substring(0, [Math]::Min(1500, ([string]$_.Message).Length))      } }",
      "ScriptBlockId": "00000000-0000-0000-0000-000000000000",
      "Path": ""
     },
     "captured_channel": "Microsoft-Windows-PowerShell/Operational"
    },
    {
     "timestamp": "2026-10-07T04:55:24.6057596+05:30",
     "channel": "Microsoft-Windows-Sysmon/Operational",
     "provider": "Microsoft-Windows-Sysmon",
     "event_id": "3",
     "level": "Information",
     "severity": "Low",
     "username": "WORKSTATION\\analyst's",
     "host": "localhost",
     "source_ip": "198.51.100.228",
     "message": "Network connection detected:\r\nRuleName: -\r\nUtcTime: 2026-10-06 23:25:19.002\r\nProcessGuid: {00000000-0000-0000-0000-000000000000}\r\nProcessId: 43988\r\nImage: C:\\Program Files\\Google\\Chrome\\Application\\chrome.exe\r\nUser: WORKSTATION\\analyst's\r\nProtocol: udp\r\nInitiated: true\r\nSourceIsIpv6: false\r\nSourceIp",
     "record_id": 445264,
     "source": "windows-event-log",
     "is_alert": false,
     "rule_name": "Process opened an outbound connection",
     "external_id": "Microsoft-Windows-Sysmon/Operational:445264",
     "raw_log": "{\"Channel\": \"Microsoft-Windows-Sysmon/Operational\", \"EventData\": {\"DestinationHostname\": \"a23-222-30-197.deploy.static.akamaitechnologies.com\", \"DestinationIp\": \"198.51.100.157\", \"DestinationIsIpv6\": \"false\", \"DestinationPort\": \"443\", \"DestinationPortName\": \"https\", \"Image\": \"C:\\\\Program Files\\\\Google\\\\Chrome\\\\Application\\\\chrome.exe\", \"Initiated\": \"true\", \"ProcessGuid\": \"{00000000-0000-0000-0000-000000000000}\", \"ProcessId\": \"43988\", \"Protocol\": \"udp\", \"RuleName\": \"-\", \"SourceHostname\": \"WORKSTATION.Dlink\", \"SourceIp\": \"198.51.100.228\", \"SourceIsIpv6\": \"false\", \"SourcePort\": \"56759\", \"SourcePortName\": \"-\", \"User\": \"WORKSTATION\\\\analyst's\", \"UtcTime\": \"2026-10-06 23:25:19.002\"}, \"Id\": 3, \"Level\": \"Information\", \"Message\": \"Network connection detected:\\r\\nRuleName: -\\r\\nUtcTime: 2026-10-06 23:25:19.002\\r\\nProcessGuid: {00000000-0000-0000-0000-000000000000}\\r\\nProcessId: 43988\\r\\nImage: C:\\\\Program Files\\\\Google\\\\Chrome\\\\Application\\\\chrome.exe\\r\\nUser: WORKSTATION\\\\analyst's\\r\\nProtocol: udp\\r\\nInitiated: true\\r\\nSourceIsIpv6: false\\r\\nSourceIp: 198.51.100.228\\r\\nSourceHostname: WORKSTATION.Dlink\\r\\nSourcePort: 56759\\r\\nSourcePortName: -\\r\\nDestinationIsIpv6: false\\r\\nDestinationIp: 198.51.100.157\\r\\nDestinationHostname: a23-222-30-197.deploy.static.akamaitechnologies.com\\r\\nDestinationPort: 443\\r\\nDestinationPortName: https\", \"Provider\": \"Microsoft-Windows-Sysmon\", \"RecordId\": 445264, \"TimeCreated\": \"2026-10-07T04:55:24.6057596+05:30\", \"User\": {\"AccountDomainSid\": null, \"BinaryLength\": 12, \"Value\": \"S-1-5-0-0-0\"}}",
     "fields": {
      "RuleName": "-",
      "UtcTime": "2026-10-06 23:25:19.002",
      "Image": "C:\\Program Files\\Google\\Chrome\\Application\\chrome.exe",
      "User": "WORKSTATION\\analyst's",
      "Protocol": "udp",
      "Initiated": "true",
      "SourceIsIpv6": "false",
      "SourceIp": "198.51.100.228",
      "SourceHostname": "WORKSTATION.Dlink",
      "SourcePort": "56759",
      "SourcePortName": "-",
      "DestinationIsIpv6": "false",
      "DestinationIp": "198.51.100.157",
      "DestinationHostname": "a23-222-30-197.deploy.static.akamaitechnologies.com",
      "DestinationPort": "443",
      "DestinationPortName": "https"
     },
     "captured_channel": "Microsoft-Windows-Sysmon/Operational"
    },
    {
     "timestamp": "2026-10-07T04:55:25.2059301+05:30",
     "channel": "Microsoft-Windows-Sysmon/Operational",
     "provider": "Microsoft-Windows-Sysmon",
     "event_id": "1",
     "level": "Information",
     "severity": "Low",
     "username": "WORKSTATION\\analyst's",
     "host": "localhost",
     "source_ip": "local",
     "message": "Process Create:\r\nRuleName: -\r\nUtcTime: 2026-10-06 23:25:25.191\r\nProcessGuid: {00000000-0000-0000-0000-000000000000}\r\nProcessId: 10684\r\nImage: C:\\Windows\\System32\\cmd.exe\r\nFileVersion: 10.0.26100.9278 (WinBuild.160101.0800)\r\nDescription: Windows Command Processor\r\nProduct: Microsoftr Windowsr Operati",
     "record_id": 445266,
     "source": "windows-event-log",
     "is_alert": false,
     "rule_name": "",
     "external_id": "Microsoft-Windows-Sysmon/Operational:445266",
     "raw_log": "{\"Channel\": \"Microsoft-Windows-Sysmon/Operational\", \"EventData\": {\"CommandLine\": \"C:\\\\windows\\\\System32\\\\cmd.exe /C \\\"dir /b C:\\\\Windows\\\"\", \"Company\": \"Microsoft Corporation\", \"CurrentDirectory\": \"C:\\\\windows\\\\\", \"Description\": \"Windows Command Processor\", \"FileVersion\": \"10.0.26100.9278 (WinBuild.160101.0800)\", \"Hashes\": \"SHA256=97AC98B1A92C286054CCE55239CFCCDFC23A5517BD07FE693072C9CA96C7DABB\", \"Image\": \"C:\\\\Windows\\\\System32\\\\cmd.exe\", \"IntegrityLevel\": \"High\", \"LogonGuid\": \"{00000000-0000-0000-0000-000000000000}\", \"LogonId\": \"0x0\", \"OriginalFileName\": \"Cmd.Exe\", \"ParentCommandLine\": \"\\\"C:\\\\Users\\\\analyst's\\\\Documents\\\\repo\\\\.venv\\\\Scripts\\\\python.exe\\\" -B C:\\\\ProgramData\\\\lab\\\\run_capture.py \", \"ParentImage\": \"C:\\\\Users\\\\analyst's\\\\AppData\\\\Local\\\\local\\\\tools\\\\python-3.14.7+20260901-win32-x64\\\\python.exe\", \"ParentProcessGuid\": \"{00000000-0000-0000-0000-000000000000}\", \"ParentProcessId\": \"39240\", \"ParentUser\": \"WORKSTATION\\\\analyst's\", \"ProcessGuid\": \"{00000000-0000-0000-0000-000000000000}\", \"ProcessId\": \"10684\", \"Product\": \"Microsoftr Windowsr Operating System\", \"RuleName\": \"-\", \"TerminalSessionId\": \"1\", \"User\": \"WORKSTATION\\\\analyst's\", \"UtcTime\": \"2026-10-06 23:25:25.191\"}, \"Id\": 1, \"Level\": \"Information\", \"Message\": \"Process Create:\\r\\nRuleName: -\\r\\nUtcTime: 2026-10-06 23:25:25.191\\r\\nProcessGuid: {00000000-0000-0000-0000-000000000000}\\r\\nProcessId: 10684\\r\\nImage: C:\\\\Windows\\\\System32\\\\cmd.exe\\r\\nFileVersion: 10.0.26100.9278 (WinBuild.160101.0800)\\r\\nDescription: Windows Command Processor\\r\\nProduct: Microsoftr Windowsr Operating System\\r\\nCompany: Microsoft Corporation\\r\\nOriginalFileName: Cmd.Exe\\r\\nCommandLine: C:\\\\windows\\\\System32\\\\cmd.exe /C \\\"dir /b C:\\\\Windows\\\"\\r\\nCurrentDirectory: C:\\\\windows\\\\\\r\\nUser: WORKSTATION\\\\analyst's\\r\\nLogonGuid: {00000000-0000-0000-0000-000000000000}\\r\\nLogonId: 0x0\\r\\nTerminalSessionId: 1\\r\\nIntegrityLevel: High\\r\\nHashes: SHA256=97AC98B1A92C286054CCE55239CFCCDFC23A5517BD07FE693072C9CA96C7DABB\\r\\nParentProcessGuid: {00000000-0000-0000-0000-000000000000}\\r\\nParentProcessId: 39240\\r\\nParentImage: C:\\\\Users\\\\analyst's\\\\AppData\\\\Local\\\\local\\\\tools\\\\python-3.14.7+20260901-win32-x64\\\\python.exe\\r\\nParentCommandLine: \\\"C:\\\\Users\\\\analyst's\\\\Documents\\\\repo\\\\.venv\\\\Scripts\\\\python.exe\\\" -B C:\\\\ProgramData\\\\lab\\\\run_capture.py \\r\\nParentUser: WORKSTATION\\\\analyst's\", \"Provider\": \"Microsoft-Windows-Sysmon\", \"RecordId\": 445266, \"TimeCreated\": \"2026-10-07T04:55:25.2059301+05:30\", \"User\": {\"AccountDomainSid\": null, \"BinaryLength\": 12, \"Value\": \"S-1-5-0-0-0\"}}",
     "fields": {
      "RuleName": "-",
      "UtcTime": "2026-10-06 23:25:25.191",
      "Image": "C:\\Windows\\System32\\cmd.exe",
      "FileVersion": "10.0.26100.9278 (WinBuild.160101.0800)",
      "Description": "Windows Command Processor",
      "Product": "Microsoftr Windowsr Operating System",
      "Company": "Microsoft Corporation",
      "OriginalFileName": "Cmd.Exe",
      "CommandLine": "C:\\windows\\System32\\cmd.exe /C \"dir /b C:\\Windows\"",
      "CurrentDirectory": "C:\\windows\\",
      "User": "WORKSTATION\\analyst's",
      "LogonId": "0x0",
      "TerminalSessionId": "1",
      "IntegrityLevel": "High",
      "ParentImage": "C:\\Users\\analyst's\\AppData\\Local\\local\\tools\\python-3.14.7+20260901-win32-x64\\python.exe",
      "ParentCommandLine": "\"C:\\Users\\analyst's\\Documents\\repo\\.venv\\Scripts\\python.exe\" -B C:\\ProgramData\\lab\\run_capture.py ",
      "ParentUser": "WORKSTATION\\analyst's"
     },
     "captured_channel": "Microsoft-Windows-Sysmon/Operational"
    },
    {
     "timestamp": "2026-10-07T04:55:26.7154604+05:30",
     "channel": "Microsoft-Windows-Sysmon/Operational",
     "provider": "Microsoft-Windows-Sysmon",
     "event_id": "3",
     "level": "Information",
     "severity": "Low",
     "username": "WORKSTATION\\analyst's",
     "host": "localhost",
     "source_ip": "198.51.100.228",
     "message": "Network connection detected:\r\nRuleName: -\r\nUtcTime: 2026-10-06 23:25:22.001\r\nProcessGuid: {00000000-0000-0000-0000-000000000000}\r\nProcessId: 51672\r\nImage: C:\\Users\\analyst's\\AppData\\Local\\Discord\\app-1.0.9260\\Discord.exe\r\nUser: WORKSTATION\\analyst's\r\nProtocol: udp\r\nInitiated: true\r\nSourceIsIpv6: fal",
     "record_id": 445267,
     "source": "windows-event-log",
     "is_alert": false,
     "rule_name": "Process opened an outbound connection",
     "external_id": "Microsoft-Windows-Sysmon/Operational:445267",
     "raw_log": "{\"Channel\": \"Microsoft-Windows-Sysmon/Operational\", \"EventData\": {\"DestinationHostname\": \"one.one.one.one\", \"DestinationIp\": \"198.51.100.242\", \"DestinationIsIpv6\": \"false\", \"DestinationPort\": \"53\", \"DestinationPortName\": \"domain\", \"Image\": \"C:\\\\Users\\\\analyst's\\\\AppData\\\\Local\\\\Discord\\\\app-1.0.9260\\\\Discord.exe\", \"Initiated\": \"true\", \"ProcessGuid\": \"{00000000-0000-0000-0000-000000000000}\", \"ProcessId\": \"51672\", \"Protocol\": \"udp\", \"RuleName\": \"-\", \"SourceHostname\": \"WORKSTATION.Dlink\", \"SourceIp\": \"198.51.100.228\", \"SourceIsIpv6\": \"false\", \"SourcePort\": \"56806\", \"SourcePortName\": \"-\", \"User\": \"WORKSTATION\\\\analyst's\", \"UtcTime\": \"2026-10-06 23:25:22.001\"}, \"Id\": 3, \"Level\": \"Information\", \"Message\": \"Network connection detected:\\r\\nRuleName: -\\r\\nUtcTime: 2026-10-06 23:25:22.001\\r\\nProcessGuid: {00000000-0000-0000-0000-000000000000}\\r\\nProcessId: 51672\\r\\nImage: C:\\\\Users\\\\analyst's\\\\AppData\\\\Local\\\\Discord\\\\app-1.0.9260\\\\Discord.exe\\r\\nUser: WORKSTATION\\\\analyst's\\r\\nProtocol: udp\\r\\nInitiated: true\\r\\nSourceIsIpv6: false\\r\\nSourceIp: 198.51.100.228\\r\\nSourceHostname: WORKSTATION.Dlink\\r\\nSourcePort: 56806\\r\\nSourcePortName: -\\r\\nDestinationIsIpv6: false\\r\\nDestinationIp: 198.51.100.242\\r\\nDestinationHostname: one.one.one.one\\r\\nDestinationPort: 53\\r\\nDestinationPortName: domain\", \"Provider\": \"Microsoft-Windows-Sysmon\", \"RecordId\": 445267, \"TimeCreated\": \"2026-10-07T04:55:26.7154604+05:30\", \"User\": {\"AccountDomainSid\": null, \"BinaryLength\": 12, \"Value\": \"S-1-5-0-0-0\"}}",
     "fields": {
      "RuleName": "-",
      "UtcTime": "2026-10-06 23:25:22.001",
      "Image": "C:\\Users\\analyst's\\AppData\\Local\\Discord\\app-1.0.9260\\Discord.exe",
      "User": "WORKSTATION\\analyst's",
      "Protocol": "udp",
      "Initiated": "true",
      "SourceIsIpv6": "false",
      "SourceIp": "198.51.100.228",
      "SourceHostname": "WORKSTATION.Dlink",
      "SourcePort": "56806",
      "SourcePortName": "-",
      "DestinationIsIpv6": "false",
      "DestinationIp": "198.51.100.242",
      "DestinationHostname": "one.one.one.one",
      "DestinationPort": "53",
      "DestinationPortName": "domain"
     },
     "captured_channel": "Microsoft-Windows-Sysmon/Operational"
    },
    {
     "timestamp": "2026-10-07T04:55:26.7155107+05:30",
     "channel": "Microsoft-Windows-Sysmon/Operational",
     "provider": "Microsoft-Windows-Sysmon",
     "event_id": "3",
     "level": "Information",
     "severity": "Low",
     "username": "WORKSTATION\\analyst's",
     "host": "localhost",
     "source_ip": "198.51.100.228",
     "message": "Network connection detected:\r\nRuleName: -\r\nUtcTime: 2026-10-06 23:25:22.001\r\nProcessGuid: {00000000-0000-0000-0000-000000000000}\r\nProcessId: 51672\r\nImage: C:\\Users\\analyst's\\AppData\\Local\\Discord\\app-1.0.9260\\Discord.exe\r\nUser: WORKSTATION\\analyst's\r\nProtocol: udp\r\nInitiated: true\r\nSourceIsIpv6: fal",
     "record_id": 445268,
     "source": "windows-event-log",
     "is_alert": false,
     "rule_name": "Process opened an outbound connection",
     "external_id": "Microsoft-Windows-Sysmon/Operational:445268",
     "raw_log": "{\"Channel\": \"Microsoft-Windows-Sysmon/Operational\", \"EventData\": {\"DestinationHostname\": \"one.one.one.one\", \"DestinationIp\": \"198.51.100.242\", \"DestinationIsIpv6\": \"false\", \"DestinationPort\": \"53\", \"DestinationPortName\": \"domain\", \"Image\": \"C:\\\\Users\\\\analyst's\\\\AppData\\\\Local\\\\Discord\\\\app-1.0.9260\\\\Discord.exe\", \"Initiated\": \"true\", \"ProcessGuid\": \"{00000000-0000-0000-0000-000000000000}\", \"ProcessId\": \"51672\", \"Protocol\": \"udp\", \"RuleName\": \"-\", \"SourceHostname\": \"WORKSTATION.Dlink\", \"SourceIp\": \"198.51.100.228\", \"SourceIsIpv6\": \"false\", \"SourcePort\": \"65090\", \"SourcePortName\": \"-\", \"User\": \"WORKSTATION\\\\analyst's\", \"UtcTime\": \"2026-10-06 23:25:22.001\"}, \"Id\": 3, \"Level\": \"Information\", \"Message\": \"Network connection detected:\\r\\nRuleName: -\\r\\nUtcTime: 2026-10-06 23:25:22.001\\r\\nProcessGuid: {00000000-0000-0000-0000-000000000000}\\r\\nProcessId: 51672\\r\\nImage: C:\\\\Users\\\\analyst's\\\\AppData\\\\Local\\\\Discord\\\\app-1.0.9260\\\\Discord.exe\\r\\nUser: WORKSTATION\\\\analyst's\\r\\nProtocol: udp\\r\\nInitiated: true\\r\\nSourceIsIpv6: false\\r\\nSourceIp: 198.51.100.228\\r\\nSourceHostname: WORKSTATION.Dlink\\r\\nSourcePort: 65090\\r\\nSourcePortName: -\\r\\nDestinationIsIpv6: false\\r\\nDestinationIp: 198.51.100.242\\r\\nDestinationHostname: one.one.one.one\\r\\nDestinationPort: 53\\r\\nDestinationPortName: domain\", \"Provider\": \"Microsoft-Windows-Sysmon\", \"RecordId\": 445268, \"TimeCreated\": \"2026-10-07T04:55:26.7155107+05:30\", \"User\": {\"AccountDomainSid\": null, \"BinaryLength\": 12, \"Value\": \"S-1-5-0-0-0\"}}",
     "fields": {
      "RuleName": "-",
      "UtcTime": "2026-10-06 23:25:22.001",
      "Image": "C:\\Users\\analyst's\\AppData\\Local\\Discord\\app-1.0.9260\\Discord.exe",
      "User": "WORKSTATION\\analyst's",
      "Protocol": "udp",
      "Initiated": "true",
      "SourceIsIpv6": "false",
      "SourceIp": "198.51.100.228",
      "SourceHostname": "WORKSTATION.Dlink",
      "SourcePort": "65090",
      "SourcePortName": "-",
      "DestinationIsIpv6": "false",
      "DestinationIp": "198.51.100.242",
      "DestinationHostname": "one.one.one.one",
      "DestinationPort": "53",
      "DestinationPortName": "domain"
     },
     "captured_channel": "Microsoft-Windows-Sysmon/Operational"
    },
    {
     "timestamp": "2026-10-07T04:55:26.7155177+05:30",
     "channel": "Microsoft-Windows-Sysmon/Operational",
     "provider": "Microsoft-Windows-Sysmon",
     "event_id": "3",
     "level": "Information",
     "severity": "Low",
     "username": "WORKSTATION\\analyst's",
     "host": "localhost",
     "source_ip": "198.51.100.228",
     "message": "Network connection detected:\r\nRuleName: -\r\nUtcTime: 2026-10-06 23:25:22.019\r\nProcessGuid: {00000000-0000-0000-0000-000000000000}\r\nProcessId: 51672\r\nImage: C:\\Users\\analyst's\\AppData\\Local\\Discord\\app-1.0.9260\\Discord.exe\r\nUser: WORKSTATION\\analyst's\r\nProtocol: udp\r\nInitiated: false\r\nSourceIsIpv6: fa",
     "record_id": 445269,
     "source": "windows-event-log",
     "is_alert": false,
     "rule_name": "Process opened an outbound connection",
     "external_id": "Microsoft-Windows-Sysmon/Operational:445269",
     "raw_log": "{\"Channel\": \"Microsoft-Windows-Sysmon/Operational\", \"EventData\": {\"DestinationHostname\": \"one.one.one.one\", \"DestinationIp\": \"198.51.100.242\", \"DestinationIsIpv6\": \"false\", \"DestinationPort\": \"53\", \"DestinationPortName\": \"domain\", \"Image\": \"C:\\\\Users\\\\analyst's\\\\AppData\\\\Local\\\\Discord\\\\app-1.0.9260\\\\Discord.exe\", \"Initiated\": \"false\", \"ProcessGuid\": \"{00000000-0000-0000-0000-000000000000}\", \"ProcessId\": \"51672\", \"Protocol\": \"udp\", \"RuleName\": \"-\", \"SourceHostname\": \"WORKSTATION.Dlink\", \"SourceIp\": \"198.51.100.228\", \"SourceIsIpv6\": \"false\", \"SourcePort\": \"56806\", \"SourcePortName\": \"-\", \"User\": \"WORKSTATION\\\\analyst's\", \"UtcTime\": \"2026-10-06 23:25:22.019\"}, \"Id\": 3, \"Level\": \"Information\", \"Message\": \"Network connection detected:\\r\\nRuleName: -\\r\\nUtcTime: 2026-10-06 23:25:22.019\\r\\nProcessGuid: {00000000-0000-0000-0000-000000000000}\\r\\nProcessId: 51672\\r\\nImage: C:\\\\Users\\\\analyst's\\\\AppData\\\\Local\\\\Discord\\\\app-1.0.9260\\\\Discord.exe\\r\\nUser: WORKSTATION\\\\analyst's\\r\\nProtocol: udp\\r\\nInitiated: false\\r\\nSourceIsIpv6: false\\r\\nSourceIp: 198.51.100.228\\r\\nSourceHostname: WORKSTATION.Dlink\\r\\nSourcePort: 56806\\r\\nSourcePortName: -\\r\\nDestinationIsIpv6: false\\r\\nDestinationIp: 198.51.100.242\\r\\nDestinationHostname: one.one.one.one\\r\\nDestinationPort: 53\\r\\nDestinationPortName: domain\", \"Provider\": \"Microsoft-Windows-Sysmon\", \"RecordId\": 445269, \"TimeCreated\": \"2026-10-07T04:55:26.7155177+05:30\", \"User\": {\"AccountDomainSid\": null, \"BinaryLength\": 12, \"Value\": \"S-1-5-0-0-0\"}}",
     "fields": {
      "RuleName": "-",
      "UtcTime": "2026-10-06 23:25:22.019",
      "Image": "C:\\Users\\analyst's\\AppData\\Local\\Discord\\app-1.0.9260\\Discord.exe",
      "User": "WORKSTATION\\analyst's",
      "Protocol": "udp",
      "Initiated": "false",
      "SourceIsIpv6": "false",
      "SourceIp": "198.51.100.228",
      "SourceHostname": "WORKSTATION.Dlink",
      "SourcePort": "56806",
      "SourcePortName": "-",
      "DestinationIsIpv6": "false",
      "DestinationIp": "198.51.100.242",
      "DestinationHostname": "one.one.one.one",
      "DestinationPort": "53",
      "DestinationPortName": "domain"
     },
     "captured_channel": "Microsoft-Windows-Sysmon/Operational"
    },
