     "source": "windows-event-log",
     "is_alert": false,
     "rule_name": "",
     "external_id": "Microsoft-Windows-Sysmon/Operational:456428",
     "raw_log": "{\"Channel\": \"Microsoft-Windows-Sysmon/Operational\", \"EventData\": {\"CommandLine\": \"C:\\\\windows\\\\System32\\\\WindowsPowerShell\\\\v1.0\\\\powershell.exe -NoProfile -NonInteractive -ExecutionPolicy Bypass -Command Get-Date\", \"Company\": \"Microsoft Corporation\", \"CurrentDirectory\": \"C:\\\\windows\\\\\", \"Description\": \"Windows PowerShell\", \"FileVersion\": \"10.0.26100.9278 (WinBuild.160101.0800)\", \"Hashes\": \"SHA256=8BB6FA8C283B4D92120B1EF249A9B311B0F804D4CABBE9981159976C8BE76A5E\", \"Image\": \"C:\\\\Windows\\\\System32\\\\WindowsPowerShell\\\\v1.0\\\\powershell.exe\", \"IntegrityLevel\": \"Medium\", \"LogonGuid\": \"{00000000-0000-0000-0000-000000000000}\", \"LogonId\": \"0x0\", \"OriginalFileName\": \"PowerShell.EXE\", \"ParentCommandLine\": \"C:\\\\Users\\\\analyst's\\\\Documents\\\\repo\\\\.venv\\\\Scripts\\\\python.exe C:\\\\ProgramData\\\\lab\\\\run_driver.py\", \"ParentImage\": \"C:\\\\Users\\\\analyst's\\\\AppData\\\\Local\\\\local\\\\tools\\\\python-3.14.7+20260901-win32-x64\\\\python.exe\", \"ParentProcessGuid\": \"{00000000-0000-0000-0000-000000000000}\", \"ParentProcessId\": \"59888\", \"ParentUser\": \"WORKSTATION\\\\analyst's\", \"ProcessGuid\": \"{00000000-0000-0000-0000-000000000000}\", \"ProcessId\": \"50932\", \"Product\": \"Microsoftr Windowsr Operating System\", \"RuleName\": \"-\", \"TerminalSessionId\": \"1\", \"User\": \"WORKSTATION\\\\analyst's\", \"UtcTime\": \"2026-10-07 01:38:49.664\"}, \"Id\": 1, \"Level\": \"Information\", \"Message\": \"Process Create:\\r\\nRuleName: -\\r\\nUtcTime: 2026-10-07 01:38:49.664\\r\\nProcessGuid: {00000000-0000-0000-0000-000000000000}\\r\\nProcessId: 50932\\r\\nImage: C:\\\\Windows\\\\System32\\\\WindowsPowerShell\\\\v1.0\\\\powershell.exe\\r\\nFileVersion: 10.0.26100.9278 (WinBuild.160101.0800)\\r\\nDescription: Windows PowerShell\\r\\nProduct: Microsoftr Windowsr Operating System\\r\\nCompany: Microsoft Corporation\\r\\nOriginalFileName: PowerShell.EXE\\r\\nCommandLine: C:\\\\windows\\\\System32\\\\WindowsPowerShell\\\\v1.0\\\\powershell.exe -NoProfile -NonInteractive -ExecutionPolicy Bypass -Command Get-Date\\r\\nCurrentDirectory: C:\\\\windows\\\\\\r\\nUser: WORKSTATION\\\\analyst's\\r\\nLogonGuid: {00000000-0000-0000-0000-000000000000}\\r\\nLogonId: 0x0\\r\\nTerminalSessionId: 1\\r\\nIntegrityLevel: Medium\\r\\nHashes: SHA256=8BB6FA8C283B4D92120B1EF249A9B311B0F804D4CABBE9981159976C8BE76A5E\\r\\nParentProcessGuid: {00000000-0000-0000-0000-000000000000}\\r\\nParentProcessId: 59888\\r\\nParentImage: C:\\\\Users\\\\analyst's\\\\AppData\\\\Local\\\\local\\\\tools\\\\python-3.14.7+20260901-win32-x64\\\\python.exe\\r\\nParentCommandLine: C:\\\\Users\\\\analyst's\\\\Documents\\\\repo\\\\.venv\\\\Scripts\\\\python.exe C:\\\\ProgramData\\\\lab\\\\run_driver.py\\r\\nParentUser: WORKSTATION\\\\analyst's\", \"Provider\": \"Microsoft-Windows-Sysmon\", \"RecordId\": 456428, \"TimeCreated\": \"2026-10-07T07:08:49.6668372+05:30\", \"User\": {\"AccountDomainSid\": null, \"BinaryLength\": 12, \"Value\": \"S-1-5-0-0-0\"}}",
     "fields": {
      "RuleName": "-",
      "UtcTime": "2026-10-07 01:38:49.664",
      "Image": "C:\\Windows\\System32\\WindowsPowerShell\\v1.0\\powershell.exe",
      "FileVersion": "10.0.26100.9278 (WinBuild.160101.0800)",
      "Description": "Windows PowerShell",
      "Product": "Microsoftr Windowsr Operating System",
      "Company": "Microsoft Corporation",
      "OriginalFileName": "PowerShell.EXE",
      "CommandLine": "C:\\windows\\System32\\WindowsPowerShell\\v1.0\\powershell.exe -NoProfile -NonInteractive -ExecutionPolicy Bypass -Command Get-Date",
      "CurrentDirectory": "C:\\windows\\",
      "User": "WORKSTATION\\analyst's",
      "LogonId": "0x0",
      "TerminalSessionId": "1",
      "IntegrityLevel": "Medium",
      "ParentImage": "C:\\Users\\analyst's\\AppData\\Local\\local\\tools\\python-3.14.7+20260901-win32-x64\\python.exe",
      "ParentCommandLine": "C:\\Users\\analyst's\\Documents\\repo\\.venv\\Scripts\\python.exe C:\\ProgramData\\lab\\run_driver.py",
      "ParentUser": "WORKSTATION\\analyst's"
     },
     "captured_channel": "Microsoft-Windows-Sysmon/Operational"
    },
    {
     "timestamp": "2026-10-07T07:08:51.7085983+05:30",
     "channel": "Microsoft-Windows-Sysmon/Operational",
     "provider": "Microsoft-Windows-Sysmon",
     "event_id": "1",
     "level": "Information",
     "severity": "Low",
     "username": "WORKSTATION\\analyst's",
     "host": "localhost",
     "source_ip": "local",
     "message": "Process Create:\r\nRuleName: -\r\nUtcTime: 2026-10-07 01:38:51.704\r\nProcessGuid: {00000000-0000-0000-0000-000000000000}\r\nProcessId: 128124\r\nImage: C:\\Program Files (x86)\\Microsoft\\Edge\\Application\\msedge.exe\r\nFileVersion: 154.0.4258.53\r\nDescription: Microsoft Edge\r\nProduct: Microsoft Edge\r\nCompany: Micr",
     "record_id": 456429,
     "source": "windows-event-log",
     "is_alert": false,
     "rule_name": "",
     "external_id": "Microsoft-Windows-Sysmon/Operational:456429",
     "raw_log": "{\"Channel\": \"Microsoft-Windows-Sysmon/Operational\", \"EventData\": {\"CommandLine\": \"\\\"C:\\\\Program Files (x86)\\\\Microsoft\\\\Edge\\\\Application\\\\msedge.exe\\\" --no-startup-window /prefetch:5\", \"Company\": \"Microsoft Corporation\", \"CurrentDirectory\": \"C:\\\\Program Files (x86)\\\\Microsoft\\\\Edge\\\\Application\\\\\", \"Description\": \"Microsoft Edge\", \"FileVersion\": \"154.0.4258.53\", \"Hashes\": \"SHA256=39966F2799D3503E74871C945BA1C4877F38426D1C28756AB1545AD7C3DE8907\", \"Image\": \"C:\\\\Program Files (x86)\\\\Microsoft\\\\Edge\\\\Application\\\\msedge.exe\", \"IntegrityLevel\": \"Medium\", \"LogonGuid\": \"{00000000-0000-0000-0000-000000000000}\", \"LogonId\": \"0x0\", \"OriginalFileName\": \"msedge.exe\", \"ParentCommandLine\": \"-\", \"ParentImage\": \"-\", \"ParentProcessGuid\": \"{00000000-0000-0000-0000-000000000000}\", \"ParentProcessId\": \"30012\", \"ParentUser\": \"-\", \"ProcessGuid\": \"{00000000-0000-0000-0000-000000000000}\", \"ProcessId\": \"128124\", \"Product\": \"Microsoft Edge\", \"RuleName\": \"-\", \"TerminalSessionId\": \"1\", \"User\": \"WORKSTATION\\\\analyst's\", \"UtcTime\": \"2026-10-07 01:38:51.704\"}, \"Id\": 1, \"Level\": \"Information\", \"Message\": \"Process Create:\\r\\nRuleName: -\\r\\nUtcTime: 2026-10-07 01:38:51.704\\r\\nProcessGuid: {00000000-0000-0000-0000-000000000000}\\r\\nProcessId: 128124\\r\\nImage: C:\\\\Program Files (x86)\\\\Microsoft\\\\Edge\\\\Application\\\\msedge.exe\\r\\nFileVersion: 154.0.4258.53\\r\\nDescription: Microsoft Edge\\r\\nProduct: Microsoft Edge\\r\\nCompany: Microsoft Corporation\\r\\nOriginalFileName: msedge.exe\\r\\nCommandLine: \\\"C:\\\\Program Files (x86)\\\\Microsoft\\\\Edge\\\\Application\\\\msedge.exe\\\" --no-startup-window /prefetch:5\\r\\nCurrentDirectory: C:\\\\Program Files (x86)\\\\Microsoft\\\\Edge\\\\Application\\\\\\r\\nUser: WORKSTATION\\\\analyst's\\r\\nLogonGuid: {00000000-0000-0000-0000-000000000000}\\r\\nLogonId: 0x0\\r\\nTerminalSessionId: 1\\r\\nIntegrityLevel: Medium\\r\\nHashes: SHA256=39966F2799D3503E74871C945BA1C4877F38426D1C28756AB1545AD7C3DE8907\\r\\nParentProcessGuid: {00000000-0000-0000-0000-000000000000}\\r\\nParentProcessId: 30012\\r\\nParentImage: -\\r\\nParentCommandLine: -\\r\\nParentUser: -\", \"Provider\": \"Microsoft-Windows-Sysmon\", \"RecordId\": 456429, \"TimeCreated\": \"2026-10-07T07:08:51.7085983+05:30\", \"User\": {\"AccountDomainSid\": null, \"BinaryLength\": 12, \"Value\": \"S-1-5-0-0-0\"}}",
     "fields": {
      "RuleName": "-",
      "UtcTime": "2026-10-07 01:38:51.704",
      "Image": "C:\\Program Files (x86)\\Microsoft\\Edge\\Application\\msedge.exe",
      "FileVersion": "154.0.4258.53",
      "Description": "Microsoft Edge",
      "Product": "Microsoft Edge",
      "Company": "Microsoft Corporation",
      "OriginalFileName": "msedge.exe",
      "CommandLine": "\"C:\\Program Files (x86)\\Microsoft\\Edge\\Application\\msedge.exe\" --no-startup-window /prefetch:5",
      "CurrentDirectory": "C:\\Program Files (x86)\\Microsoft\\Edge\\Application\\",
      "User": "WORKSTATION\\analyst's",
      "LogonId": "0x0",
      "TerminalSessionId": "1",
      "IntegrityLevel": "Medium",
      "ParentImage": "-",
      "ParentCommandLine": "-",
      "ParentUser": "-"
     },
     "captured_channel": "Microsoft-Windows-Sysmon/Operational"
    },
    {
     "timestamp": "2026-10-07T07:08:51.9563759+05:30",
     "channel": "Microsoft-Windows-Sysmon/Operational",
     "provider": "Microsoft-Windows-Sysmon",
     "event_id": "1",
     "level": "Information",
     "severity": "Low",
     "username": "WORKSTATION\\analyst's",
     "host": "localhost",
     "source_ip": "local",
     "message": "Process Create:\r\nRuleName: -\r\nUtcTime: 2026-10-07 01:38:51.949\r\nProcessGuid: {00000000-0000-0000-0000-000000000000}\r\nProcessId: 97248\r\nImage: C:\\Program Files (x86)\\Microsoft\\Edge\\Application\\msedge.exe\r\nFileVersion: 154.0.4258.53\r\nDescription: Microsoft Edge\r\nProduct: Microsoft Edge\r\nCompany: Micro",
     "record_id": 456430,
     "source": "windows-event-log",
     "is_alert": false,
     "rule_name": "",
     "external_id": "Microsoft-Windows-Sysmon/Operational:456430",
     "raw_log": "{\"Channel\": \"Microsoft-Windows-Sysmon/Operational\", \"EventData\": {\"CommandLine\": \"\\\"C:\\\\Program Files (x86)\\\\Microsoft\\\\Edge\\\\Application\\\\msedge.exe\\\" --type=crashpad-handler \\\"--user-data-dir=C:\\\\Users\\\\analyst's\\\\AppData\\\\Local\\\\Microsoft\\\\Edge\\\\User Data\\\" /prefetch:4 --monitor-self-annotation=ptype=crashpad-handler \\\"--database=C:\\\\Users\\\\analyst's\\\\AppData\\\\Local\\\\Microsoft\\\\Edge\\\\User Data\\\\Crashpad\\\" --annotation=IsOfficialBuild=1 --annotation=channel= --annotation=chromium-version=154.0.8037.93 \\\"--annotation=exe=C:\\\\Program Files (x86)\\\\Microsoft\\\\Edge\\\\Application\\\\msedge.exe\\\" --annotation=plat=Win64 --annotation=prod=Edge --annotation=ver=154.0.4258.53 --initial-client-data=0x284,0x288,0x28c,0x280,0x294,0x0,0x0,0x0\", \"Company\": \"Microsoft Corporation\", \"CurrentDirectory\": \"C:\\\\Program Files (x86)\\\\Microsoft\\\\Edge\\\\Application\\\\154.0.4258.53\\\\\", \"Description\": \"Microsoft Edge\", \"FileVersion\": \"154.0.4258.53\", \"Hashes\": \"SHA256=39966F2799D3503E74871C945BA1C4877F38426D1C28756AB1545AD7C3DE8907\", \"Image\": \"C:\\\\Program Files (x86)\\\\Microsoft\\\\Edge\\\\Application\\\\msedge.exe\", \"IntegrityLevel\": \"Medium\", \"LogonGuid\": \"{00000000-0000-0000-0000-000000000000}\", \"LogonId\": \"0x0\", \"OriginalFileName\": \"msedge.exe\", \"ParentCommandLine\": \"\\\"C:\\\\Program Files (x86)\\\\Microsoft\\\\Edge\\\\Application\\\\msedge.exe\\\" --no-startup-window /prefetch:5\", \"ParentImage\": \"C:\\\\Program Files (x86)\\\\Microsoft\\\\Edge\\\\Application\\\\msedge.exe\", \"ParentProcessGuid\": \"{00000000-0000-0000-0000-000000000000}\", \"ParentProcessId\": \"128124\", \"ParentUser\": \"WORKSTATION\\\\analyst's\", \"ProcessGuid\": \"{00000000-0000-0000-0000-000000000000}\", \"ProcessId\": \"97248\", \"Product\": \"Microsoft Edge\", \"RuleName\": \"-\", \"TerminalSessionId\": \"1\", \"User\": \"WORKSTATION\\\\analyst's\", \"UtcTime\": \"2026-10-07 01:38:51.949\"}, \"Id\": 1, \"Level\": \"Information\", \"Message\": \"Process Create:\\r\\nRuleName: -\\r\\nUtcTime: 2026-10-07 01:38:51.949\\r\\nProcessGuid: {00000000-0000-0000-0000-000000000000}\\r\\nProcessId: 97248\\r\\nImage: C:\\\\Program Files (x86)\\\\Microsoft\\\\Edge\\\\Application\\\\msedge.exe\\r\\nFileVersion: 154.0.4258.53\\r\\nDescription: Microsoft Edge\\r\\nProduct: Microsoft Edge\\r\\nCompany: Microsoft Corporation\\r\\nOriginalFileName: msedge.exe\\r\\nCommandLine: \\\"C:\\\\Program Files (x86)\\\\Microsoft\\\\Edge\\\\Application\\\\msedge.exe\\\" --type=crashpad-handler \\\"--user-data-dir=C:\\\\Users\\\\analyst's\\\\AppData\\\\Local\\\\Microsoft\\\\Edge\\\\User Data\\\" /prefetch:4 --monitor-self-annotation=ptype=crashpad-handler \\\"--database=C:\\\\Users\\\\analyst's\\\\AppData\\\\Local\\\\Microsoft\\\\Edge\\\\User Data\\\\Crashpad\\\" --annotation=IsOfficialBuild=1 --annotation=channel= --annotation=chromium-version=154.0.8037.93 \\\"--annotation=exe=C:\\\\Program Files (x86)\\\\Microsoft\\\\Edge\\\\Application\\\\msedge.exe\\\" --annotation=plat=Win64 --annotation=prod=Edge --annotation=ver=154.0.4258.53 --initial-client-data=0x284,0x288,0x28c,0x280,0x294,0x0,0x0,0x0\\r\\nCurrentDirectory: C:\\\\Program Files (x86)\\\\Microsoft\\\\Edge\\\\Application\\\\154.0.4258.53\\\\\\r\\nUser: WORKSTATION\\\\analyst's\\r\\nLogonGuid: {00000000-0000-0000-0000-000000000000}\\r\\nLogonId: 0x0\\r\\nTermi\", \"Provider\": \"Microsoft-Windows-Sysmon\", \"RecordId\": 456430, \"TimeCreated\": \"2026-10-07T07:08:51.9563759+05:30\", \"User\": {\"AccountDomainSid\": null, \"BinaryLength\": 12, \"Value\": \"S-1-5-0-0-0\"}}",
     "fields": {
      "RuleName": "-",
      "UtcTime": "2026-10-07 01:38:51.949",
      "Image": "C:\\Program Files (x86)\\Microsoft\\Edge\\Application\\msedge.exe",
      "FileVersion": "154.0.4258.53",
      "Description": "Microsoft Edge",
      "Product": "Microsoft Edge",
      "Company": "Microsoft Corporation",
      "OriginalFileName": "msedge.exe",
      "CommandLine": "\"C:\\Program Files (x86)\\Microsoft\\Edge\\Application\\msedge.exe\" --type=crashpad-handler \"--user-data-dir=C:\\Users\\analyst's\\AppData\\Local\\Microsoft\\Edge\\User Data\" /prefetch:4 --monitor-self-annotation=ptype=crashpad-handler \"--database=C:\\Users\\analyst's\\AppData\\Local\\Microsoft\\Edge\\User Data\\Crashpad\" --annotation=IsOfficialBuild=1 --annotation=channel= --annotation=chromium-version=154.0.8037.93 \"--annotation=exe=C:\\Program Files (x86)\\Microsoft\\Edge\\Application\\msedge.exe\" --annotation=plat=Win64 --annotation=prod=Edge --annotation=ver=154.0.4258.53 --initial-client-data=0x284,0x288,0x28c,0x280,0x294,0x0,0x0,0x0",
      "CurrentDirectory": "C:\\Program Files (x86)\\Microsoft\\Edge\\Application\\154.0.4258.53\\",
      "User": "WORKSTATION\\analyst's",
      "LogonId": "0x0",
      "TerminalSessionId": "1",
      "IntegrityLevel": "Medium",
      "ParentImage": "C:\\Program Files (x86)\\Microsoft\\Edge\\Application\\msedge.exe",
      "ParentCommandLine": "\"C:\\Program Files (x86)\\Microsoft\\Edge\\Application\\msedge.exe\" --no-startup-window /prefetch:5",
      "ParentUser": "WORKSTATION\\analyst's"
     },
     "captured_channel": "Microsoft-Windows-Sysmon/Operational"
    },
    {
     "timestamp": "2026-10-07T07:08:52.0435273+05:30",
     "channel": "Microsoft-Windows-Sysmon/Operational",
     "provider": "Microsoft-Windows-Sysmon",
     "event_id": "1",
     "level": "Information",
     "severity": "Low",
     "username": "WORKSTATION\\analyst's",
     "host": "localhost",
     "source_ip": "local",
     "message": "Process Create:\r\nRuleName: -\r\nUtcTime: 2026-10-07 01:38:52.038\r\nProcessGuid: {00000000-0000-0000-0000-000000000000}\r\nProcessId: 34468\r\nImage: C:\\Program Files (x86)\\Microsoft\\Edge\\Application\\msedge.exe\r\nFileVersion: 154.0.4258.53\r\nDescription: Microsoft Edge\r\nProduct: Microsoft Edge\r\nCompany: Micro",
     "record_id": 456431,
     "source": "windows-event-log",
     "is_alert": false,
     "rule_name": "",
     "external_id": "Microsoft-Windows-Sysmon/Operational:456431",
     "raw_log": "{\"Channel\": \"Microsoft-Windows-Sysmon/Operational\", \"EventData\": {\"CommandLine\": \"\\\"C:\\\\Program Files (x86)\\\\Microsoft\\\\Edge\\\\Application\\\\msedge.exe\\\" --type=gpu-process --gpu-recent-crash-count=0 --gpu-preferences=WAAAAAAAAADgAAAEAAAAAAAAAAAAAGAAQAAAAAAAAAADAAAAAAAAADgAAAAAAAAAAAAAAAAAAAACAAAAAAAAAAAAAAAAAAAAKAAAAAAAAAAoAAAAAAAAAAgAAAAAAAAAEAAAAAIAAAABAAAAAAAAAAgAAAAAAAAACAAAAAAAAAA= --startup-read-main-dll --metrics-shmem-handle=2084,i,8533868257136244868,4942269992921583575,262144 --field-trial-handle=2148,i,14635565451361161195,14368009677930593970,262144 --variations-seed-version --pseudonymization-salt-handle=2208,i,2264156912520860119,10053990856920933104,4 --trace-process-track-uuid=3190708988185955192 --mojo-platform-channel-handle=2140 /prefetch:2\", \"Company\": \"Microsoft Corporation\", \"CurrentDirectory\": \"C:\\\\Program Files (x86)\\\\Microsoft\\\\Edge\\\\Application\\\\154.0.4258.53\\\\\", \"Description\": \"Microsoft Edge\", \"FileVersion\": \"154.0.4258.53\", \"Hashes\": \"SHA256=39966F2799D3503E74871C945BA1C4877F38426D1C28756AB1545AD7C3DE8907\", \"Image\": \"C:\\\\Program Files (x86)\\\\Microsoft\\\\Edge\\\\Application\\\\msedge.exe\", \"IntegrityLevel\": \"Low\", \"LogonGuid\": \"{00000000-0000-0000-0000-000000000000}\", \"LogonId\": \"0x0\", \"OriginalFileName\": \"msedge.exe\", \"ParentCommandLine\": \"\\\"C:\\\\Program Files (x86)\\\\Microsoft\\\\Edge\\\\Application\\\\msedge.exe\\\" --no-startup-window /prefetch:5\", \"ParentImage\": \"C:\\\\Program Files (x86)\\\\Microsoft\\\\Edge\\\\Application\\\\msedge.exe\", \"ParentProcessGuid\": \"{00000000-0000-0000-0000-000000000000}\", \"ParentProcessId\": \"128124\", \"ParentUser\": \"WORKSTATION\\\\analyst's\", \"ProcessGuid\": \"{00000000-0000-0000-0000-000000000000}\", \"ProcessId\": \"34468\", \"Product\": \"Microsoft Edge\", \"RuleName\": \"-\", \"TerminalSessionId\": \"1\", \"User\": \"WORKSTATION\\\\analyst's\", \"UtcTime\": \"2026-10-07 01:38:52.038\"}, \"Id\": 1, \"Level\": \"Information\", \"Message\": \"Process Create:\\r\\nRuleName: -\\r\\nUtcTime: 2026-10-07 01:38:52.038\\r\\nProcessGuid: {00000000-0000-0000-0000-000000000000}\\r\\nProcessId: 34468\\r\\nImage: C:\\\\Program Files (x86)\\\\Microsoft\\\\Edge\\\\Application\\\\msedge.exe\\r\\nFileVersion: 154.0.4258.53\\r\\nDescription: Microsoft Edge\\r\\nProduct: Microsoft Edge\\r\\nCompany: Microsoft Corporation\\r\\nOriginalFileName: msedge.exe\\r\\nCommandLine: \\\"C:\\\\Program Files (x86)\\\\Microsoft\\\\Edge\\\\Application\\\\msedge.exe\\\" --type=gpu-process --gpu-recent-crash-count=0 --gpu-preferences=WAAAAAAAAADgAAAEAAAAAAAAAAAAAGAAQAAAAAAAAAADAAAAAAAAADgAAAAAAAAAAAAAAAAAAAACAAAAAAAAAAAAAAAAAAAAKAAAAAAAAAAoAAAAAAAAAAgAAAAAAAAAEAAAAAIAAAABAAAAAAAAAAgAAAAAAAAACAAAAAAAAAA= --startup-read-main-dll --metrics-shmem-handle=2084,i,8533868257136244868,4942269992921583575,262144 --field-trial-handle=2148,i,14635565451361161195,14368009677930593970,262144 --variations-seed-version --pseudonymization-salt-handle=2208,i,2264156912520860119,10053990856920933104,4 --trace-process-track-uuid=3190708988185955192 --mojo-platform-channel-handle=2140 /prefetch:2\\r\\nCurrentDirectory: C:\\\\Program Files (x86)\\\\Microsoft\\\\Edge\\\\Application\\\\154.0.4258.53\\\\\\r\\nUser: WORKSTATION\\\\analyst's\\r\\nLogonGuid: {0eb886c7-4f12-6abe-9032-0c000000\", \"Provider\": \"Microsoft-Windows-Sysmon\", \"RecordId\": 456431, \"TimeCreated\": \"2026-10-07T07:08:52.0435273+05:30\", \"User\": {\"AccountDomainSid\": null, \"BinaryLength\": 12, \"Value\": \"S-1-5-0-0-0\"}}",
     "fields": {
      "RuleName": "-",
      "UtcTime": "2026-10-07 01:38:52.038",
      "Image": "C:\\Program Files (x86)\\Microsoft\\Edge\\Application\\msedge.exe",
      "FileVersion": "154.0.4258.53",
      "Description": "Microsoft Edge",
      "Product": "Microsoft Edge",
      "Company": "Microsoft Corporation",
      "OriginalFileName": "msedge.exe",
      "CommandLine": "\"C:\\Program Files (x86)\\Microsoft\\Edge\\Application\\msedge.exe\" --type=gpu-process --gpu-recent-crash-count=0 --gpu-preferences=WAAAAAAAAADgAAAEAAAAAAAAAAAAAGAAQAAAAAAAAAADAAAAAAAAADgAAAAAAAAAAAAAAAAAAAACAAAAAAAAAAAAAAAAAAAAKAAAAAAAAAAoAAAAAAAAAAgAAAAAAAAAEAAAAAIAAAABAAAAAAAAAAgAAAAAAAAACAAAAAAAAAA= --startup-read-main-dll --metrics-shmem-handle=2084,i,8533868257136244868,4942269992921583575,262144 --field-trial-handle=2148,i,14635565451361161195,14368009677930593970,262144 --variations-seed-version --pseudonymization-salt-handle=2208,i,2264156912520860119,10053990856920933104,4 --trace-process-track-uuid=3190708988185955192 --mojo-platform-channel-handle=2140 /prefetch:2",
      "CurrentDirectory": "C:\\Program Files (x86)\\Microsoft\\Edge\\Application\\154.0.4258.53\\",
      "User": "WORKSTATION\\analyst's",
      "LogonId": "0x0",
      "TerminalSessionId": "1",
      "IntegrityLevel": "Low",
      "ParentImage": "C:\\Program Files (x86)\\Microsoft\\Edge\\Application\\msedge.exe",
      "ParentCommandLine": "\"C:\\Program Files (x86)\\Microsoft\\Edge\\Application\\msedge.exe\" --no-startup-window /prefetch:5",
      "ParentUser": "WORKSTATION\\analyst's"
     },
     "captured_channel": "Microsoft-Windows-Sysmon/Operational"
    },
    {
     "timestamp": "2026-10-07T07:08:52.0481429+05:30",
     "channel": "Microsoft-Windows-Sysmon/Operational",
     "provider": "Microsoft-Windows-Sysmon",
     "event_id": "1",
     "level": "Information",
     "severity": "Low",
     "username": "WORKSTATION\\analyst's",
     "host": "localhost",
     "source_ip": "local",
     "message": "Process Create:\r\nRuleName: -\r\nUtcTime: 2026-10-07 01:38:52.043\r\nProcessGuid: {00000000-0000-0000-0000-000000000000}\r\nProcessId: 69656\r\nImage: C:\\Program Files (x86)\\Microsoft\\Edge\\Application\\msedge.exe\r\nFileVersion: 154.0.4258.53\r\nDescription: Microsoft Edge\r\nProduct: Microsoft Edge\r\nCompany: Micro",
     "record_id": 456432,
     "source": "windows-event-log",
     "is_alert": false,
     "rule_name": "",
     "external_id": "Microsoft-Windows-Sysmon/Operational:456432",
     "raw_log": "{\"Channel\": \"Microsoft-Windows-Sysmon/Operational\", \"EventData\": {\"CommandLine\": \"\\\"C:\\\\Program Files (x86)\\\\Microsoft\\\\Edge\\\\Application\\\\msedge.exe\\\" --type=utility --utility-sub-type=network.mojom.NetworkService --lang=en-US --service-sandbox-type=none --startup-read-main-dll --metrics-shmem-handle=2416,i,238183084353822175,5951028729026951016,524288 --field-trial-handle=2148,i,14635565451361161195,14368009677930593970,262144 --variations-seed-version --pseudonymization-salt-handle=2208,i,2264156912520860119,10053990856920933104,4 --trace-process-track-uuid=3190708989122997041 --mojo-platform-channel-handle=2204 /prefetch:11\", \"Company\": \"Microsoft Corporation\", \"CurrentDirectory\": \"C:\\\\Program Files (x86)\\\\Microsoft\\\\Edge\\\\Application\\\\154.0.4258.53\\\\\", \"Description\": \"Microsoft Edge\", \"FileVersion\": \"154.0.4258.53\", \"Hashes\": \"SHA256=39966F2799D3503E74871C945BA1C4877F38426D1C28756AB1545AD7C3DE8907\", \"Image\": \"C:\\\\Program Files (x86)\\\\Microsoft\\\\Edge\\\\Application\\\\msedge.exe\", \"IntegrityLevel\": \"Medium\", \"LogonGuid\": \"{00000000-0000-0000-0000-000000000000}\", \"LogonId\": \"0x0\", \"OriginalFileName\": \"msedge.exe\", \"ParentCommandLine\": \"\\\"C:\\\\Program Files (x86)\\\\Microsoft\\\\Edge\\\\Application\\\\msedge.exe\\\" --no-startup-window /prefetch:5\", \"ParentImage\": \"C:\\\\Program Files (x86)\\\\Microsoft\\\\Edge\\\\Application\\\\msedge.exe\", \"ParentProcessGuid\": \"{00000000-0000-0000-0000-000000000000}\", \"ParentProcessId\": \"128124\", \"ParentUser\": \"WORKSTATION\\\\analyst's\", \"ProcessGuid\": \"{00000000-0000-0000-0000-000000000000}\", \"ProcessId\": \"69656\", \"Product\": \"Microsoft Edge\", \"RuleName\": \"-\", \"TerminalSessionId\": \"1\", \"User\": \"WORKSTATION\\\\analyst's\", \"UtcTime\": \"2026-10-07 01:38:52.043\"}, \"Id\": 1, \"Level\": \"Information\", \"Message\": \"Process Create:\\r\\nRuleName: -\\r\\nUtcTime: 2026-10-07 01:38:52.043\\r\\nProcessGuid: {00000000-0000-0000-0000-000000000000}\\r\\nProcessId: 69656\\r\\nImage: C:\\\\Program Files (x86)\\\\Microsoft\\\\Edge\\\\Application\\\\msedge.exe\\r\\nFileVersion: 154.0.4258.53\\r\\nDescription: Microsoft Edge\\r\\nProduct: Microsoft Edge\\r\\nCompany: Microsoft Corporation\\r\\nOriginalFileName: msedge.exe\\r\\nCommandLine: \\\"C:\\\\Program Files (x86)\\\\Microsoft\\\\Edge\\\\Application\\\\msedge.exe\\\" --type=utility --utility-sub-type=network.mojom.NetworkService --lang=en-US --service-sandbox-type=none --startup-read-main-dll --metrics-shmem-handle=2416,i,238183084353822175,5951028729026951016,524288 --field-trial-handle=2148,i,14635565451361161195,14368009677930593970,262144 --variations-seed-version --pseudonymization-salt-handle=2208,i,2264156912520860119,10053990856920933104,4 --trace-process-track-uuid=3190708989122997041 --mojo-platform-channel-handle=2204 /prefetch:11\\r\\nCurrentDirectory: C:\\\\Program Files (x86)\\\\Microsoft\\\\Edge\\\\Application\\\\154.0.4258.53\\\\\\r\\nUser: WORKSTATION\\\\analyst's\\r\\nLogonGuid: {00000000-0000-0000-0000-000000000000}\\r\\nLogonId: 0x0\\r\\nTerminalSessionId: 1\\r\\nIntegrityLevel: Medium\\r\\nHashes: SHA256=39966F2799D3503E74871C945BA1C4877F38426D1C28756\", \"Provider\": \"Microsoft-Windows-Sysmon\", \"RecordId\": 456432, \"TimeCreated\": \"2026-10-07T07:08:52.0481429+05:30\", \"User\": {\"AccountDomainSid\": null, \"BinaryLength\": 12, \"Value\": \"S-1-5-0-0-0\"}}",
     "fields": {
      "RuleName": "-",
      "UtcTime": "2026-10-07 01:38:52.043",
      "Image": "C:\\Program Files (x86)\\Microsoft\\Edge\\Application\\msedge.exe",
      "FileVersion": "154.0.4258.53",
      "Description": "Microsoft Edge",
      "Product": "Microsoft Edge",
      "Company": "Microsoft Corporation",
      "OriginalFileName": "msedge.exe",
      "CommandLine": "\"C:\\Program Files (x86)\\Microsoft\\Edge\\Application\\msedge.exe\" --type=utility --utility-sub-type=network.mojom.NetworkService --lang=en-US --service-sandbox-type=none --startup-read-main-dll --metrics-shmem-handle=2416,i,238183084353822175,5951028729026951016,524288 --field-trial-handle=2148,i,14635565451361161195,14368009677930593970,262144 --variations-seed-version --pseudonymization-salt-handle=2208,i,2264156912520860119,10053990856920933104,4 --trace-process-track-uuid=3190708989122997041 --mojo-platform-channel-handle=2204 /prefetch:11",
      "CurrentDirectory": "C:\\Program Files (x86)\\Microsoft\\Edge\\Application\\154.0.4258.53\\",
      "User": "WORKSTATION\\analyst's",
      "LogonId": "0x0",
      "TerminalSessionId": "1",
      "IntegrityLevel": "Medium",
      "ParentImage": "C:\\Program Files (x86)\\Microsoft\\Edge\\Application\\msedge.exe",
      "ParentCommandLine": "\"C:\\Program Files (x86)\\Microsoft\\Edge\\Application\\msedge.exe\" --no-startup-window /prefetch:5",
      "ParentUser": "WORKSTATION\\analyst's"
     },
     "captured_channel": "Microsoft-Windows-Sysmon/Operational"
    },
    {
     "timestamp": "2026-10-07T07:08:52.0717665+05:30",
     "channel": "Microsoft-Windows-Sysmon/Operational",
     "provider": "Microsoft-Windows-Sysmon",
     "event_id": "1",
     "level": "Information",
     "severity": "Low",
     "username": "NT AUTHORITY\\SYSTEM",
     "host": "localhost",
     "source_ip": "local",
     "message": "Process Create:\r\nRuleName: -\r\nUtcTime: 2026-10-07 01:38:52.068\r\nProcessGuid: {00000000-0000-0000-0000-000000000000}\r\nProcessId: 112376\r\nImage: C:\\Program Files (x86)\\Microsoft\\Edge\\Application\\154.0.4258.62\\elevation_service.exe\r\nFileVersion: 154.0.4258.62\r\nDescription: Microsoft Edge\r\nProduct: Micr",
     "record_id": 456433,
     "source": "windows-event-log",
     "is_alert": false,
     "rule_name": "",
     "external_id": "Microsoft-Windows-Sysmon/Operational:456433",
     "raw_log": "{\"Channel\": \"Microsoft-Windows-Sysmon/Operational\", \"EventData\": {\"CommandLine\": \"\\\"C:\\\\Program Files (x86)\\\\Microsoft\\\\Edge\\\\Application\\\\154.0.4258.62\\\\elevation_service.exe\\\"\", \"Company\": \"Microsoft Corporation\", \"CurrentDirectory\": \"C:\\\\windows\\\\system32\\\\\", \"Description\": \"Microsoft Edge\", \"FileVersion\": \"154.0.4258.62\", \"Hashes\": \"SHA256=CF429BDD24F11E01E073251D4CF38868987081A3817D89EB1C9343343E1338AD\", \"Image\": \"C:\\\\Program Files (x86)\\\\Microsoft\\\\Edge\\\\Application\\\\154.0.4258.62\\\\elevation_service.exe\", \"IntegrityLevel\": \"System\", \"LogonGuid\": \"{00000000-0000-0000-0000-000000000000}\", \"LogonId\": \"0x3e7\", \"OriginalFileName\": \"elevation_service.exe\", \"ParentCommandLine\": \"C:\\\\windows\\\\system32\\\\services.exe\", \"ParentImage\": \"C:\\\\Windows\\\\System32\\\\services.exe\", \"ParentProcessGuid\": \"{00000000-0000-0000-0000-000000000000}\", \"ParentProcessId\": \"1672\", \"ParentUser\": \"NT AUTHORITY\\\\SYSTEM\", \"ProcessGuid\": \"{00000000-0000-0000-0000-000000000000}\", \"ProcessId\": \"112376\", \"Product\": \"Microsoft Edge\", \"RuleName\": \"-\", \"TerminalSessionId\": \"0\", \"User\": \"NT AUTHORITY\\\\SYSTEM\", \"UtcTime\": \"2026-10-07 01:38:52.068\"}, \"Id\": 1, \"Level\": \"Information\", \"Message\": \"Process Create:\\r\\nRuleName: -\\r\\nUtcTime: 2026-10-07 01:38:52.068\\r\\nProcessGuid: {00000000-0000-0000-0000-000000000000}\\r\\nProcessId: 112376\\r\\nImage: C:\\\\Program Files (x86)\\\\Microsoft\\\\Edge\\\\Application\\\\154.0.4258.62\\\\elevation_service.exe\\r\\nFileVersion: 154.0.4258.62\\r\\nDescription: Microsoft Edge\\r\\nProduct: Microsoft Edge\\r\\nCompany: Microsoft Corporation\\r\\nOriginalFileName: elevation_service.exe\\r\\nCommandLine: \\\"C:\\\\Program Files (x86)\\\\Microsoft\\\\Edge\\\\Application\\\\154.0.4258.62\\\\elevation_service.exe\\\"\\r\\nCurrentDirectory: C:\\\\windows\\\\system32\\\\\\r\\nUser: NT AUTHORITY\\\\SYSTEM\\r\\nLogonGuid: {00000000-0000-0000-0000-000000000000}\\r\\nLogonId: 0x3E7\\r\\nTerminalSessionId: 0\\r\\nIntegrityLevel: System\\r\\nHashes: SHA256=CF429BDD24F11E01E073251D4CF38868987081A3817D89EB1C9343343E1338AD\\r\\nParentProcessGuid: {00000000-0000-0000-0000-000000000000}\\r\\nParentProcessId: 1672\\r\\nParentImage: C:\\\\Windows\\\\System32\\\\services.exe\\r\\nParentCommandLine: C:\\\\windows\\\\system32\\\\services.exe\\r\\nParentUser: NT AUTHORITY\\\\SYSTEM\", \"Provider\": \"Microsoft-Windows-Sysmon\", \"RecordId\": 456433, \"TimeCreated\": \"2026-10-07T07:08:52.0717665+05:30\", \"User\": {\"AccountDomainSid\": null, \"BinaryLength\": 12, \"Value\": \"S-1-5-0-0-0\"}}",
     "fields": {
      "RuleName": "-",
      "UtcTime": "2026-10-07 01:38:52.068",
      "Image": "C:\\Program Files (x86)\\Microsoft\\Edge\\Application\\154.0.4258.62\\elevation_service.exe",
      "FileVersion": "154.0.4258.62",
      "Description": "Microsoft Edge",
      "Product": "Microsoft Edge",
      "Company": "Microsoft Corporation",
      "OriginalFileName": "elevation_service.exe",
      "CommandLine": "\"C:\\Program Files (x86)\\Microsoft\\Edge\\Application\\154.0.4258.62\\elevation_service.exe\"",
      "CurrentDirectory": "C:\\windows\\system32\\",
      "User": "NT AUTHORITY\\SYSTEM",
      "LogonId": "0x3e7",
      "TerminalSessionId": "0",
      "IntegrityLevel": "System",
      "ParentImage": "C:\\Windows\\System32\\services.exe",
      "ParentCommandLine": "C:\\windows\\system32\\services.exe",
      "ParentUser": "NT AUTHORITY\\SYSTEM"
     },
     "captured_channel": "Microsoft-Windows-Sysmon/Operational"
    },
    {
     "timestamp": "2026-10-07T07:08:52.1161616+05:30",
     "channel": "Microsoft-Windows-Sysmon/Operational",
     "provider": "Microsoft-Windows-Sysmon",
     "event_id": "1",
     "level": "Information",
     "severity": "Low",
     "username": "WORKSTATION\\analyst's",
     "host": "localhost",
     "source_ip": "local",
     "message": "Process Create:\r\nRuleName: -\r\nUtcTime: 2026-10-07 01:38:52.110\r\nProcessGuid: {00000000-0000-0000-0000-000000000000}\r\nProcessId: 115420\r\nImage: C:\\Program Files (x86)\\Microsoft\\Edge\\Application\\msedge.exe\r\nFileVersion: 154.0.4258.53\r\nDescription: Microsoft Edge\r\nProduct: Microsoft Edge\r\nCompany: Micr",
     "record_id": 456434,
     "source": "windows-event-log",
     "is_alert": false,
     "rule_name": "",
     "external_id": "Microsoft-Windows-Sysmon/Operational:456434",
     "raw_log": "{\"Channel\": \"Microsoft-Windows-Sysmon/Operational\", \"EventData\": {\"CommandLine\": \"\\\"C:\\\\Program Files (x86)\\\\Microsoft\\\\Edge\\\\Application\\\\msedge.exe\\\" --type=utility --utility-sub-type=storage.mojom.StorageService --lang=en-US --service-sandbox-type=service --startup-read-main-dll --metrics-shmem-handle=2808,i,11854256434391787119,15071342483105457495,524288 --field-trial-handle=2148,i,14635565451361161195,14368009677930593970,262144 --variations-seed-version --pseudonymization-salt-handle=2208,i,2264156912520860119,10053990856920933104,4 --trace-process-track-uuid=3190708990060038890 --mojo-platform-channel-handle=2832 /prefetch:13\", \"Company\": \"Microsoft Corporation\", \"CurrentDirectory\": \"C:\\\\Program Files (x86)\\\\Microsoft\\\\Edge\\\\Application\\\\154.0.4258.53\\\\\", \"Description\": \"Microsoft Edge\", \"FileVersion\": \"154.0.4258.53\", \"Hashes\": \"SHA256=39966F2799D3503E74871C945BA1C4877F38426D1C28756AB1545AD7C3DE8907\", \"Image\": \"C:\\\\Program Files (x86)\\\\Microsoft\\\\Edge\\\\Application\\\\msedge.exe\", \"IntegrityLevel\": \"Low\", \"LogonGuid\": \"{00000000-0000-0000-0000-000000000000}\", \"LogonId\": \"0x0\", \"OriginalFileName\": \"msedge.exe\", \"ParentCommandLine\": \"\\\"C:\\\\Program Files (x86)\\\\Microsoft\\\\Edge\\\\Application\\\\msedge.exe\\\" --no-startup-window /prefetch:5\", \"ParentImage\": \"C:\\\\Program Files (x86)\\\\Microsoft\\\\Edge\\\\Application\\\\msedge.exe\", \"ParentProcessGuid\": \"{00000000-0000-0000-0000-000000000000}\", \"ParentProcessId\": \"128124\", \"ParentUser\": \"WORKSTATION\\\\analyst's\", \"ProcessGuid\": \"{00000000-0000-0000-0000-000000000000}\", \"ProcessId\": \"115420\", \"Product\": \"Microsoft Edge\", \"RuleName\": \"-\", \"TerminalSessionId\": \"1\", \"User\": \"WORKSTATION\\\\analyst's\", \"UtcTime\": \"2026-10-07 01:38:52.110\"}, \"Id\": 1, \"Level\": \"Information\", \"Message\": \"Process Create:\\r\\nRuleName: -\\r\\nUtcTime: 2026-10-07 01:38:52.110\\r\\nProcessGuid: {00000000-0000-0000-0000-000000000000}\\r\\nProcessId: 115420\\r\\nImage: C:\\\\Program Files (x86)\\\\Microsoft\\\\Edge\\\\Application\\\\msedge.exe\\r\\nFileVersion: 154.0.4258.53\\r\\nDescription: Microsoft Edge\\r\\nProduct: Microsoft Edge\\r\\nCompany: Microsoft Corporation\\r\\nOriginalFileName: msedge.exe\\r\\nCommandLine: \\\"C:\\\\Program Files (x86)\\\\Microsoft\\\\Edge\\\\Application\\\\msedge.exe\\\" --type=utility --utility-sub-type=storage.mojom.StorageService --lang=en-US --service-sandbox-type=service --startup-read-main-dll --metrics-shmem-handle=2808,i,11854256434391787119,15071342483105457495,524288 --field-trial-handle=2148,i,14635565451361161195,14368009677930593970,262144 --variations-seed-version --pseudonymization-salt-handle=2208,i,2264156912520860119,10053990856920933104,4 --trace-process-track-uuid=3190708990060038890 --mojo-platform-channel-handle=2832 /prefetch:13\\r\\nCurrentDirectory: C:\\\\Program Files (x86)\\\\Microsoft\\\\Edge\\\\Application\\\\154.0.4258.53\\\\\\r\\nUser: WORKSTATION\\\\analyst's\\r\\nLogonGuid: {00000000-0000-0000-0000-000000000000}\\r\\nLogonId: 0x0\\r\\nTerminalSessionId: 1\\r\\nIntegrityLevel: Low\\r\\nHashes: SHA256=39966F2799D3503E74871C945BA1C4877F38426D1C2\", \"Provider\": \"Microsoft-Windows-Sysmon\", \"RecordId\": 456434, \"TimeCreated\": \"2026-10-07T07:08:52.1161616+05:30\", \"User\": {\"AccountDomainSid\": null, \"BinaryLength\": 12, \"Value\": \"S-1-5-0-0-0\"}}",
     "fields": {
      "RuleName": "-",
      "UtcTime": "2026-10-07 01:38:52.110",
      "Image": "C:\\Program Files (x86)\\Microsoft\\Edge\\Application\\msedge.exe",
      "FileVersion": "154.0.4258.53",
      "Description": "Microsoft Edge",
      "Product": "Microsoft Edge",
      "Company": "Microsoft Corporation",
      "OriginalFileName": "msedge.exe",
      "CommandLine": "\"C:\\Program Files (x86)\\Microsoft\\Edge\\Application\\msedge.exe\" --type=utility --utility-sub-type=storage.mojom.StorageService --lang=en-US --service-sandbox-type=service --startup-read-main-dll --metrics-shmem-handle=2808,i,11854256434391787119,15071342483105457495,524288 --field-trial-handle=2148,i,14635565451361161195,14368009677930593970,262144 --variations-seed-version --pseudonymization-salt-handle=2208,i,2264156912520860119,10053990856920933104,4 --trace-process-track-uuid=3190708990060038890 --mojo-platform-channel-handle=2832 /prefetch:13",
      "CurrentDirectory": "C:\\Program Files (x86)\\Microsoft\\Edge\\Application\\154.0.4258.53\\",
      "User": "WORKSTATION\\analyst's",
      "LogonId": "0x0",
      "TerminalSessionId": "1",
      "IntegrityLevel": "Low",
      "ParentImage": "C:\\Program Files (x86)\\Microsoft\\Edge\\Application\\msedge.exe",
      "ParentCommandLine": "\"C:\\Program Files (x86)\\Microsoft\\Edge\\Application\\msedge.exe\" --no-startup-window /prefetch:5",
      "ParentUser": "WORKSTATION\\analyst's"
     },
     "captured_channel": "Microsoft-Windows-Sysmon/Operational"
    },
    {
     "timestamp": "2026-10-07T07:08:52.1982995+05:30",
     "channel": "Microsoft-Windows-Sysmon/Operational",
     "provider": "Microsoft-Windows-Sysmon",
     "event_id": "1",
     "level": "Information",
     "severity": "Low",
     "username": "WORKSTATION\\analyst's",
     "host": "localhost",
     "source_ip": "local",
     "message": "Process Create:\r\nRuleName: -\r\nUtcTime: 2026-10-07 01:38:52.174\r\nProcessGuid: {00000000-0000-0000-0000-000000000000}\r\nProcessId: 96052\r\nImage: C:\\Program Files (x86)\\Microsoft\\Edge\\Application\\msedge.exe\r\nFileVersion: 154.0.4258.53\r\nDescription: Microsoft Edge\r\nProduct: Microsoft Edge\r\nCompany: Micro",
     "record_id": 456435,
     "source": "windows-event-log",
     "is_alert": false,
     "rule_name": "",
     "external_id": "Microsoft-Windows-Sysmon/Operational:456435",
     "raw_log": "{\"Channel\": \"Microsoft-Windows-Sysmon/Operational\", \"EventData\": {\"CommandLine\": \"\\\"C:\\\\Program Files (x86)\\\\Microsoft\\\\Edge\\\\Application\\\\msedge.exe\\\" --type=utility --utility-sub-type=edge_collections.mojom.CollectionsDataManager --lang=en-US --service-sandbox-type=collections --ssd-no-pressure-read-main-dll --metrics-shmem-handle=3976,i,17601778262938742799,6094689779514269151,524288 --field-trial-handle=2148,i,14635565451361161195,14368009677930593970,262144 --variations-seed-version --pseudonymization-salt-handle=2208,i,2264156912520860119,10053990856920933104,4 --trace-process-track-uuid=3190708990997080739 --mojo-platform-channel-handle=3992 /prefetch:14\", \"Company\": \"Microsoft Corporation\", \"CurrentDirectory\": \"C:\\\\Program Files (x86)\\\\Microsoft\\\\Edge\\\\Application\\\\154.0.4258.53\\\\\", \"Description\": \"Microsoft Edge\", \"FileVersion\": \"154.0.4258.53\", \"Hashes\": \"SHA256=39966F2799D3503E74871C945BA1C4877F38426D1C28756AB1545AD7C3DE8907\", \"Image\": \"C:\\\\Program Files (x86)\\\\Microsoft\\\\Edge\\\\Application\\\\msedge.exe\", \"IntegrityLevel\": \"Low\", \"LogonGuid\": \"{00000000-0000-0000-0000-000000000000}\", \"LogonId\": \"0x0\", \"OriginalFileName\": \"msedge.exe\", \"ParentCommandLine\": \"\\\"C:\\\\Program Files (x86)\\\\Microsoft\\\\Edge\\\\Application\\\\msedge.exe\\\" --no-startup-window /prefetch:5\", \"ParentImage\": \"C:\\\\Program Files (x86)\\\\Microsoft\\\\Edge\\\\Application\\\\msedge.exe\", \"ParentProcessGuid\": \"{00000000-0000-0000-0000-000000000000}\", \"ParentProcessId\": \"128124\", \"ParentUser\": \"WORKSTATION\\\\analyst's\", \"ProcessGuid\": \"{00000000-0000-0000-0000-000000000000}\", \"ProcessId\": \"96052\", \"Product\": \"Microsoft Edge\", \"RuleName\": \"-\", \"TerminalSessionId\": \"1\", \"User\": \"WORKSTATION\\\\analyst's\", \"UtcTime\": \"2026-10-07 01:38:52.174\"}, \"Id\": 1, \"Level\": \"Information\", \"Message\": \"Process Create:\\r\\nRuleName: -\\r\\nUtcTime: 2026-10-07 01:38:52.174\\r\\nProcessGuid: {00000000-0000-0000-0000-000000000000}\\r\\nProcessId: 96052\\r\\nImage: C:\\\\Program Files (x86)\\\\Microsoft\\\\Edge\\\\Application\\\\msedge.exe\\r\\nFileVersion: 154.0.4258.53\\r\\nDescription: Microsoft Edge\\r\\nProduct: Microsoft Edge\\r\\nCompany: Microsoft Corporation\\r\\nOriginalFileName: msedge.exe\\r\\nCommandLine: \\\"C:\\\\Program Files (x86)\\\\Microsoft\\\\Edge\\\\Application\\\\msedge.exe\\\" --type=utility --utility-sub-type=edge_collections.mojom.CollectionsDataManager --lang=en-US --service-sandbox-type=collections --ssd-no-pressure-read-main-dll --metrics-shmem-handle=3976,i,17601778262938742799,6094689779514269151,524288 --field-trial-handle=2148,i,14635565451361161195,14368009677930593970,262144 --variations-seed-version --pseudonymization-salt-handle=2208,i,2264156912520860119,10053990856920933104,4 --trace-process-track-uuid=3190708990997080739 --mojo-platform-channel-handle=3992 /prefetch:14\\r\\nCurrentDirectory: C:\\\\Program Files (x86)\\\\Microsoft\\\\Edge\\\\Application\\\\154.0.4258.53\\\\\\r\\nUser: WORKSTATION\\\\analyst's\\r\\nLogonGuid: {00000000-0000-0000-0000-000000000000}\\r\\nLogonId: 0x0\\r\\nTerminalSessionId: 1\\r\\nIntegrityLevel: Low\\r\\nHashes: SHA256=39966F2799D3503E\", \"Provider\": \"Microsoft-Windows-Sysmon\", \"RecordId\": 456435, \"TimeCreated\": \"2026-10-07T07:08:52.1982995+05:30\", \"User\": {\"AccountDomainSid\": null, \"BinaryLength\": 12, \"Value\": \"S-1-5-0-0-0\"}}",
     "fields": {
      "RuleName": "-",
      "UtcTime": "2026-10-07 01:38:52.174",
      "Image": "C:\\Program Files (x86)\\Microsoft\\Edge\\Application\\msedge.exe",
      "FileVersion": "154.0.4258.53",
      "Description": "Microsoft Edge",
      "Product": "Microsoft Edge",
      "Company": "Microsoft Corporation",
      "OriginalFileName": "msedge.exe",
      "CommandLine": "\"C:\\Program Files (x86)\\Microsoft\\Edge\\Application\\msedge.exe\" --type=utility --utility-sub-type=edge_collections.mojom.CollectionsDataManager --lang=en-US --service-sandbox-type=collections --ssd-no-pressure-read-main-dll --metrics-shmem-handle=3976,i,17601778262938742799,6094689779514269151,524288 --field-trial-handle=2148,i,14635565451361161195,14368009677930593970,262144 --variations-seed-version --pseudonymization-salt-handle=2208,i,2264156912520860119,10053990856920933104,4 --trace-process-track-uuid=3190708990997080739 --mojo-platform-channel-handle=3992 /prefetch:14",
      "CurrentDirectory": "C:\\Program Files (x86)\\Microsoft\\Edge\\Application\\154.0.4258.53\\",
      "User": "WORKSTATION\\analyst's",
      "LogonId": "0x0",
      "TerminalSessionId": "1",
      "IntegrityLevel": "Low",
      "ParentImage": "C:\\Program Files (x86)\\Microsoft\\Edge\\Application\\msedge.exe",
      "ParentCommandLine": "\"C:\\Program Files (x86)\\Microsoft\\Edge\\Application\\msedge.exe\" --no-startup-window /prefetch:5",
      "ParentUser": "WORKSTATION\\analyst's"
     },
     "captured_channel": "Microsoft-Windows-Sysmon/Operational"
    },
    {
     "timestamp": "2026-10-07T07:08:52.3404151+05:30",
     "channel": "Microsoft-Windows-Sysmon/Operational",
     "provider": "Microsoft-Windows-Sysmon",
     "event_id": "1",
     "level": "Information",
     "severity": "Low",
     "username": "WORKSTATION\\analyst's",
     "host": "localhost",
     "source_ip": "local",
     "message": "Process Create:\r\nRuleName: -\r\nUtcTime: 2026-10-07 01:38:52.334\r\nProcessGuid: {00000000-0000-0000-0000-000000000000}\r\nProcessId: 30696\r\nImage: C:\\Windows\\System32\\backgroundTaskHost.exe\r\nFileVersion: 10.0.26100.1 (WinBuild.160101.0800)\r\nDescription: Background Task Host\r\nProduct: Microsoftr Windowsr ",
     "record_id": 456436,
     "source": "windows-event-log",
     "is_alert": false,
     "rule_name": "",
     "external_id": "Microsoft-Windows-Sysmon/Operational:456436",
     "raw_log": "{\"Channel\": \"Microsoft-Windows-Sysmon/Operational\", \"EventData\": {\"CommandLine\": \"\\\"C:\\\\windows\\\\system32\\\\BackgroundTaskHost.exe\\\" -ServerName:BackgroundTaskHost.WebAccountProvider\", \"Company\": \"Microsoft Corporation\", \"CurrentDirectory\": \"C:\\\\windows\\\\SystemApps\\\\Microsoft.AAD.BrokerPlugin_cw5n1h2txyewy\\\\\", \"Description\": \"Background Task Host\", \"FileVersion\": \"10.0.26100.1 (WinBuild.160101.0800)\", \"Hashes\": \"SHA256=B7D2C17E0038945AA4B72AE7A89E54D29B04CCC0FEB62DF5C9B7B67DE43C2530\", \"Image\": \"C:\\\\Windows\\\\System32\\\\backgroundTaskHost.exe\", \"IntegrityLevel\": \"AppContainer\", \"LogonGuid\": \"{00000000-0000-0000-0000-000000000000}\", \"LogonId\": \"0x0\", \"OriginalFileName\": \"backgroundTaskHost.exe\", \"ParentCommandLine\": \"C:\\\\windows\\\\system32\\\\svchost.exe -k DcomLaunch -p\", \"ParentImage\": \"C:\\\\Windows\\\\System32\\\\svchost.exe\", \"ParentProcessGuid\": \"{00000000-0000-0000-0000-000000000000}\", \"ParentProcessId\": \"1820\", \"ParentUser\": \"NT AUTHORITY\\\\SYSTEM\", \"ProcessGuid\": \"{00000000-0000-0000-0000-000000000000}\", \"ProcessId\": \"30696\", \"Product\": \"Microsoftr Windowsr Operating System\", \"RuleName\": \"-\", \"TerminalSessionId\": \"1\", \"User\": \"WORKSTATION\\\\analyst's\", \"UtcTime\": \"2026-10-07 01:38:52.334\"}, \"Id\": 1, \"Level\": \"Information\", \"Message\": \"Process Create:\\r\\nRuleName: -\\r\\nUtcTime: 2026-10-07 01:38:52.334\\r\\nProcessGuid: {00000000-0000-0000-0000-000000000000}\\r\\nProcessId: 30696\\r\\nImage: C:\\\\Windows\\\\System32\\\\backgroundTaskHost.exe\\r\\nFileVersion: 10.0.26100.1 (WinBuild.160101.0800)\\r\\nDescription: Background Task Host\\r\\nProduct: Microsoftr Windowsr Operating System\\r\\nCompany: Microsoft Corporation\\r\\nOriginalFileName: backgroundTaskHost.exe\\r\\nCommandLine: \\\"C:\\\\windows\\\\system32\\\\BackgroundTaskHost.exe\\\" -ServerName:BackgroundTaskHost.WebAccountProvider\\r\\nCurrentDirectory: C:\\\\windows\\\\SystemApps\\\\Microsoft.AAD.BrokerPlugin_cw5n1h2txyewy\\\\\\r\\nUser: WORKSTATION\\\\analyst's\\r\\nLogonGuid: {00000000-0000-0000-0000-000000000000}\\r\\nLogonId: 0x0\\r\\nTerminalSessionId: 1\\r\\nIntegrityLevel: AppContainer\\r\\nHashes: SHA256=B7D2C17E0038945AA4B72AE7A89E54D29B04CCC0FEB62DF5C9B7B67DE43C2530\\r\\nParentProcessGuid: {00000000-0000-0000-0000-000000000000}\\r\\nParentProcessId: 1820\\r\\nParentImage: C:\\\\Windows\\\\System32\\\\svchost.exe\\r\\nParentCommandLine: C:\\\\windows\\\\system32\\\\svchost.exe -k DcomLaunch -p\\r\\nParentUser: NT AUTHORITY\\\\SYSTEM\", \"Provider\": \"Microsoft-Windows-Sysmon\", \"RecordId\": 456436, \"TimeCreated\": \"2026-10-07T07:08:52.3404151+05:30\", \"User\": {\"AccountDomainSid\": null, \"BinaryLength\": 12, \"Value\": \"S-1-5-0-0-0\"}}",
     "fields": {
      "RuleName": "-",
      "UtcTime": "2026-10-07 01:38:52.334",
      "Image": "C:\\Windows\\System32\\backgroundTaskHost.exe",
      "FileVersion": "10.0.26100.1 (WinBuild.160101.0800)",
      "Description": "Background Task Host",
      "Product": "Microsoftr Windowsr Operating System",
      "Company": "Microsoft Corporation",
      "OriginalFileName": "backgroundTaskHost.exe",
      "CommandLine": "\"C:\\windows\\system32\\BackgroundTaskHost.exe\" -ServerName:BackgroundTaskHost.WebAccountProvider",
      "CurrentDirectory": "C:\\windows\\SystemApps\\Microsoft.AAD.BrokerPlugin_cw5n1h2txyewy\\",
      "User": "WORKSTATION\\analyst's",
      "LogonId": "0x0",
      "TerminalSessionId": "1",
      "IntegrityLevel": "AppContainer",
      "ParentImage": "C:\\Windows\\System32\\svchost.exe",
      "ParentCommandLine": "C:\\windows\\system32\\svchost.exe -k DcomLaunch -p",
      "ParentUser": "NT AUTHORITY\\SYSTEM"
     },
     "captured_channel": "Microsoft-Windows-Sysmon/Operational"
    },
    {
     "timestamp": "2026-10-07T07:08:52.3442587+05:30",
     "channel": "Microsoft-Windows-Sysmon/Operational",
     "provider": "Microsoft-Windows-Sysmon",
     "event_id": "1",
     "level": "Information",
     "severity": "Low",
     "username": "WORKSTATION\\analyst's",
     "host": "localhost",
     "source_ip": "local",
     "message": "Process Create:\r\nRuleName: -\r\nUtcTime: 2026-10-07 01:38:52.339\r\nProcessGuid: {00000000-0000-0000-0000-000000000000}\r\nProcessId: 30152\r\nImage: C:\\Program Files (x86)\\Microsoft\\Edge\\Application\\154.0.4258.53\\identity_helper.exe\r\nFileVersion: 154.0.4258.53\r\nDescription: PWA Identity Proxy Host\r\nProduct",
     "record_id": 456437,
