[pscustomobject]@{        Channel=$ch; Id=$_.Id; Provider=$_.ProviderName; Level=$_.LevelDisplayName;        RecordId=$_.RecordId; TimeCreated=$_.TimeCreated.ToString('o');        User=$_.UserId; Xml=$mini;        Message=$([string]$_.Message).Substring(0, [Math]::Min(1500, ([string]$_.Message).Length))      } } }  } catch { $bad += $ch }};[pscustomobject]@{ events=@($all); unreadable=@($bad) } | ConvertTo-Json -Depth 5 -Compress\\r\\n\\r\\nScriptBlock ID: 00000000-0000-0000-0000-000000000000\\r\\nPath: \", \"Provider\": \"Microsoft-Windows-PowerShell\", \"RecordId\": 422803, \"TimeCreated\": \"2026-10-07T04:55:58.4271203+05:30\", \"User\": {\"AccountDomainSid\": {\"AccountDomainSid\": {\"AccountDomainSid\": \"S-1-5-0-0-0-1001\", \"BinaryLength\": 24, \"Value\": \"S-1-5-0-0-0-1001\"}, \"BinaryLength\": 24, \"Value\": \"S-1-5-0-0-0-1001\"}, \"BinaryLength\": 28, \"Value\": \"S-1-5-0-0-0-1001\"}}",
     "fields": {
      "MessageNumber": "1",
      "MessageTotal": "1",
      "ScriptBlockText": "$ErrorActionPreference='SilentlyContinue';$all=@(); $bad=@();foreach ($ch in @('Security','System','Application','Microsoft-Windows-Sysmon/Operational','Microsoft-Windows-Windows Defender/Operational','Microsoft-Windows-PowerShell/Operational')) {  try {    $e = Get-WinEvent -LogName $ch -MaxEvents 400 -ErrorAction Stop;    if ($e) { $all += $e | ForEach-Object {      $x = [xml]$_.ToXml();      $pairs = @();      foreach ($d in $x.Event.EventData.Data) {        $pairs += ('<Data Name=\"' + $d.Name + '\">' + [System.Security.SecurityElement]::Escape([string]$d.'#text') + '</Data>') };      $mini = '<Event><System><EventID>' + $_.Id + '</EventID></System>' + '<EventData>' + ($pairs -join '') + '</EventData></Event>';      [pscustomobject]@{        Channel=$ch; Id=$_.Id; Provider=$_.ProviderName; Level=$_.LevelDisplayName;        RecordId=$_.RecordId; TimeCreated=$_.TimeCreated.ToString('o');        User=$_.UserId; Xml=$mini;        Message=$([string]$_.Message).Substring(0, [Math]::Min(1500, ([string]$_.Message).Length))      } } }  } catch { $bad += $ch }};[pscustomobject]@{ events=@($all); unreadable=@($bad) } | ConvertTo-Json -Depth 5 -Compress",
      "ScriptBlockId": "00000000-0000-0000-0000-000000000000",
      "Path": ""
     },
     "captured_channel": "Microsoft-Windows-PowerShell/Operational"
    },
    {
     "timestamp": "2026-10-07T04:56:00.2388996+05:30",
     "channel": "Microsoft-Windows-PowerShell/Operational",
     "provider": "Microsoft-Windows-PowerShell",
     "event_id": "4104",
     "level": "Verbose",
     "severity": "Low",
     "username": "{'BinaryLength': 28, 'AccountDomainSid': {'BinaryLength': 24, 'AccountDomainSid': {'BinaryLength': 24, 'AccountDomainSid': 'S-1-5-0-0-0-1001', 'Value': 'S-1-5-0-0-0-1001'}, 'Value': 'S-1-5-0-0-0-1001'}, 'Value': 'S-1-5-0-0-0-1001'}",
     "host": "localhost",
     "source_ip": "local",
     "message": "Creating Scriptblock text (1 of 1):\r\n{      $x = [xml]$_.ToXml();      $pairs = @();      foreach ($d in $x.Event.EventData.Data) {        $pairs += ('<Data Name=\"' + $d.Name + '\">' + [System.Security.SecurityElement]::Escape([string]$d.'#text') + '</Data>') };      $mini = '<Event><System><EventID>",
     "record_id": 422804,
     "source": "windows-event-log",
     "is_alert": false,
     "rule_name": "",
     "external_id": "Microsoft-Windows-PowerShell/Operational:422804",
     "raw_log": "{\"Channel\": \"Microsoft-Windows-PowerShell/Operational\", \"EventData\": {\"MessageNumber\": \"1\", \"MessageTotal\": \"1\", \"Path\": \"\", \"ScriptBlockId\": \"00000000-0000-0000-0000-000000000000\", \"ScriptBlockText\": \"{      $x = [xml]$_.ToXml();      $pairs = @();      foreach ($d in $x.Event.EventData.Data) {        $pairs += ('<Data Name=\\\"' + $d.Name + '\\\">' + [System.Security.SecurityElement]::Escape([string]$d.'#text') + '</Data>') };      $mini = '<Event><System><EventID>' + $_.Id + '</EventID></System>' + '<EventData>' + ($pairs -join '') + '</EventData></Event>';      [pscustomobject]@{        Channel=$ch; Id=$_.Id; Provider=$_.ProviderName; Level=$_.LevelDisplayName;        RecordId=$_.RecordId; TimeCreated=$_.TimeCreated.ToString('o');        User=$_.UserId; Xml=$mini;        Message=$([string]$_.Message).Substring(0, [Math]::Min(1500, ([string]$_.Message).Length))      } }\"}, \"Id\": 4104, \"Level\": \"Verbose\", \"Message\": \"Creating Scriptblock text (1 of 1):\\r\\n{      $x = [xml]$_.ToXml();      $pairs = @();      foreach ($d in $x.Event.EventData.Data) {        $pairs += ('<Data Name=\\\"' + $d.Name + '\\\">' + [System.Security.SecurityElement]::Escape([string]$d.'#text') + '</Data>') };      $mini = '<Event><System><EventID>' + $_.Id + '</EventID></System>' + '<EventData>' + ($pairs -join '') + '</EventData></Event>';      [pscustomobject]@{        Channel=$ch; Id=$_.Id; Provider=$_.ProviderName; Level=$_.LevelDisplayName;        RecordId=$_.RecordId; TimeCreated=$_.TimeCreated.ToString('o');        User=$_.UserId; Xml=$mini;        Message=$([string]$_.Message).Substring(0, [Math]::Min(1500, ([string]$_.Message).Length))      } }\\r\\n\\r\\nScriptBlock ID: 00000000-0000-0000-0000-000000000000\\r\\nPath: \", \"Provider\": \"Microsoft-Windows-PowerShell\", \"RecordId\": 422804, \"TimeCreated\": \"2026-10-07T04:56:00.2388996+05:30\", \"User\": {\"AccountDomainSid\": {\"AccountDomainSid\": {\"AccountDomainSid\": \"S-1-5-0-0-0-1001\", \"BinaryLength\": 24, \"Value\": \"S-1-5-0-0-0-1001\"}, \"BinaryLength\": 24, \"Value\": \"S-1-5-0-0-0-1001\"}, \"BinaryLength\": 28, \"Value\": \"S-1-5-0-0-0-1001\"}}",
     "fields": {
      "MessageNumber": "1",
      "MessageTotal": "1",
      "ScriptBlockText": "{      $x = [xml]$_.ToXml();      $pairs = @();      foreach ($d in $x.Event.EventData.Data) {        $pairs += ('<Data Name=\"' + $d.Name + '\">' + [System.Security.SecurityElement]::Escape([string]$d.'#text') + '</Data>') };      $mini = '<Event><System><EventID>' + $_.Id + '</EventID></System>' + '<EventData>' + ($pairs -join '') + '</EventData></Event>';      [pscustomobject]@{        Channel=$ch; Id=$_.Id; Provider=$_.ProviderName; Level=$_.LevelDisplayName;        RecordId=$_.RecordId; TimeCreated=$_.TimeCreated.ToString('o');        User=$_.UserId; Xml=$mini;        Message=$([string]$_.Message).Substring(0, [Math]::Min(1500, ([string]$_.Message).Length))      } }",
      "ScriptBlockId": "00000000-0000-0000-0000-000000000000",
      "Path": ""
     },
     "captured_channel": "Microsoft-Windows-PowerShell/Operational"
    },
    {
     "timestamp": "2026-10-07T04:55:46.9081230+05:30",
     "channel": "Microsoft-Windows-Sysmon/Operational",
     "provider": "Microsoft-Windows-Sysmon",
     "event_id": "3",
     "level": "Information",
     "severity": "Low",
     "username": "WORKSTATION\\analyst's",
     "host": "localhost",
     "source_ip": "198.51.100.228",
     "message": "Network connection detected:\r\nRuleName: -\r\nUtcTime: 2026-10-06 23:25:42.250\r\nProcessGuid: {00000000-0000-0000-0000-000000000000}\r\nProcessId: 73300\r\nImage: C:\\Users\\analyst's\\AppData\\Local\\Discord\\app-1.0.9260\\Discord.exe\r\nUser: WORKSTATION\\analyst's\r\nProtocol: udp\r\nInitiated: true\r\nSourceIsIpv6: fal",
     "record_id": 445320,
     "source": "windows-event-log",
     "is_alert": false,
     "rule_name": "Process opened an outbound connection",
     "external_id": "Microsoft-Windows-Sysmon/Operational:445320",
     "raw_log": "{\"Channel\": \"Microsoft-Windows-Sysmon/Operational\", \"EventData\": {\"DestinationHostname\": \"-\", \"DestinationIp\": \"198.51.100.1\", \"DestinationIsIpv6\": \"false\", \"DestinationPort\": \"19327\", \"DestinationPortName\": \"-\", \"Image\": \"C:\\\\Users\\\\analyst's\\\\AppData\\\\Local\\\\Discord\\\\app-1.0.9260\\\\Discord.exe\", \"Initiated\": \"true\", \"ProcessGuid\": \"{00000000-0000-0000-0000-000000000000}\", \"ProcessId\": \"73300\", \"Protocol\": \"udp\", \"RuleName\": \"-\", \"SourceHostname\": \"WORKSTATION.Dlink\", \"SourceIp\": \"198.51.100.228\", \"SourceIsIpv6\": \"false\", \"SourcePort\": \"59064\", \"SourcePortName\": \"-\", \"User\": \"WORKSTATION\\\\analyst's\", \"UtcTime\": \"2026-10-06 23:25:42.250\"}, \"Id\": 3, \"Level\": \"Information\", \"Message\": \"Network connection detected:\\r\\nRuleName: -\\r\\nUtcTime: 2026-10-06 23:25:42.250\\r\\nProcessGuid: {00000000-0000-0000-0000-000000000000}\\r\\nProcessId: 73300\\r\\nImage: C:\\\\Users\\\\analyst's\\\\AppData\\\\Local\\\\Discord\\\\app-1.0.9260\\\\Discord.exe\\r\\nUser: WORKSTATION\\\\analyst's\\r\\nProtocol: udp\\r\\nInitiated: true\\r\\nSourceIsIpv6: false\\r\\nSourceIp: 198.51.100.228\\r\\nSourceHostname: WORKSTATION.Dlink\\r\\nSourcePort: 59064\\r\\nSourcePortName: -\\r\\nDestinationIsIpv6: false\\r\\nDestinationIp: 198.51.100.1\\r\\nDestinationHostname: -\\r\\nDestinationPort: 19327\\r\\nDestinationPortName: -\", \"Provider\": \"Microsoft-Windows-Sysmon\", \"RecordId\": 445320, \"TimeCreated\": \"2026-10-07T04:55:46.9081230+05:30\", \"User\": {\"AccountDomainSid\": null, \"BinaryLength\": 12, \"Value\": \"S-1-5-0-0-0\"}}",
     "fields": {
      "RuleName": "-",
      "UtcTime": "2026-10-06 23:25:42.250",
      "Image": "C:\\Users\\analyst's\\AppData\\Local\\Discord\\app-1.0.9260\\Discord.exe",
      "User": "WORKSTATION\\analyst's",
      "Protocol": "udp",
      "Initiated": "true",
      "SourceIsIpv6": "false",
      "SourceIp": "198.51.100.228",
      "SourceHostname": "WORKSTATION.Dlink",
      "SourcePort": "59064",
      "SourcePortName": "-",
      "DestinationIsIpv6": "false",
      "DestinationIp": "198.51.100.1",
      "DestinationHostname": "-",
      "DestinationPort": "19327",
      "DestinationPortName": "-"
     },
     "captured_channel": "Microsoft-Windows-Sysmon/Operational"
    },
    {
     "timestamp": "2026-10-07T04:55:47.4368095+05:30",
     "channel": "Microsoft-Windows-Sysmon/Operational",
     "provider": "Microsoft-Windows-Sysmon",
     "event_id": "1",
     "level": "Information",
     "severity": "Low",
     "username": "WORKSTATION\\analyst's",
     "host": "localhost",
     "source_ip": "local",
     "message": "Process Create:\r\nRuleName: -\r\nUtcTime: 2026-10-06 23:25:47.434\r\nProcessGuid: {00000000-0000-0000-0000-000000000000}\r\nProcessId: 25472\r\nImage: C:\\Windows\\System32\\cmd.exe\r\nFileVersion: 10.0.26100.9278 (WinBuild.160101.0800)\r\nDescription: Windows Command Processor\r\nProduct: Microsoftr Windowsr Operati",
     "record_id": 445322,
     "source": "windows-event-log",
     "is_alert": false,
     "rule_name": "",
     "external_id": "Microsoft-Windows-Sysmon/Operational:445322",
     "raw_log": "{\"Channel\": \"Microsoft-Windows-Sysmon/Operational\", \"EventData\": {\"CommandLine\": \"C:\\\\windows\\\\System32\\\\cmd.exe /C \\\"dir /b C:\\\\Windows\\\"\", \"Company\": \"Microsoft Corporation\", \"CurrentDirectory\": \"C:\\\\windows\\\\\", \"Description\": \"Windows Command Processor\", \"FileVersion\": \"10.0.26100.9278 (WinBuild.160101.0800)\", \"Hashes\": \"SHA256=97AC98B1A92C286054CCE55239CFCCDFC23A5517BD07FE693072C9CA96C7DABB\", \"Image\": \"C:\\\\Windows\\\\System32\\\\cmd.exe\", \"IntegrityLevel\": \"High\", \"LogonGuid\": \"{00000000-0000-0000-0000-000000000000}\", \"LogonId\": \"0x0\", \"OriginalFileName\": \"Cmd.Exe\", \"ParentCommandLine\": \"\\\"C:\\\\Users\\\\analyst's\\\\Documents\\\\repo\\\\.venv\\\\Scripts\\\\python.exe\\\" -B C:\\\\ProgramData\\\\lab\\\\run_capture.py \", \"ParentImage\": \"C:\\\\Users\\\\analyst's\\\\AppData\\\\Local\\\\local\\\\tools\\\\python-3.14.7+20260901-win32-x64\\\\python.exe\", \"ParentProcessGuid\": \"{00000000-0000-0000-0000-000000000000}\", \"ParentProcessId\": \"39240\", \"ParentUser\": \"WORKSTATION\\\\analyst's\", \"ProcessGuid\": \"{00000000-0000-0000-0000-000000000000}\", \"ProcessId\": \"25472\", \"Product\": \"Microsoftr Windowsr Operating System\", \"RuleName\": \"-\", \"TerminalSessionId\": \"1\", \"User\": \"WORKSTATION\\\\analyst's\", \"UtcTime\": \"2026-10-06 23:25:47.434\"}, \"Id\": 1, \"Level\": \"Information\", \"Message\": \"Process Create:\\r\\nRuleName: -\\r\\nUtcTime: 2026-10-06 23:25:47.434\\r\\nProcessGuid: {00000000-0000-0000-0000-000000000000}\\r\\nProcessId: 25472\\r\\nImage: C:\\\\Windows\\\\System32\\\\cmd.exe\\r\\nFileVersion: 10.0.26100.9278 (WinBuild.160101.0800)\\r\\nDescription: Windows Command Processor\\r\\nProduct: Microsoftr Windowsr Operating System\\r\\nCompany: Microsoft Corporation\\r\\nOriginalFileName: Cmd.Exe\\r\\nCommandLine: C:\\\\windows\\\\System32\\\\cmd.exe /C \\\"dir /b C:\\\\Windows\\\"\\r\\nCurrentDirectory: C:\\\\windows\\\\\\r\\nUser: WORKSTATION\\\\analyst's\\r\\nLogonGuid: {00000000-0000-0000-0000-000000000000}\\r\\nLogonId: 0x0\\r\\nTerminalSessionId: 1\\r\\nIntegrityLevel: High\\r\\nHashes: SHA256=97AC98B1A92C286054CCE55239CFCCDFC23A5517BD07FE693072C9CA96C7DABB\\r\\nParentProcessGuid: {00000000-0000-0000-0000-000000000000}\\r\\nParentProcessId: 39240\\r\\nParentImage: C:\\\\Users\\\\analyst's\\\\AppData\\\\Local\\\\local\\\\tools\\\\python-3.14.7+20260901-win32-x64\\\\python.exe\\r\\nParentCommandLine: \\\"C:\\\\Users\\\\analyst's\\\\Documents\\\\repo\\\\.venv\\\\Scripts\\\\python.exe\\\" -B C:\\\\ProgramData\\\\lab\\\\run_capture.py \\r\\nParentUser: WORKSTATION\\\\analyst's\", \"Provider\": \"Microsoft-Windows-Sysmon\", \"RecordId\": 445322, \"TimeCreated\": \"2026-10-07T04:55:47.4368095+05:30\", \"User\": {\"AccountDomainSid\": null, \"BinaryLength\": 12, \"Value\": \"S-1-5-0-0-0\"}}",
     "fields": {
      "RuleName": "-",
      "UtcTime": "2026-10-06 23:25:47.434",
      "Image": "C:\\Windows\\System32\\cmd.exe",
      "FileVersion": "10.0.26100.9278 (WinBuild.160101.0800)",
      "Description": "Windows Command Processor",
      "Product": "Microsoftr Windowsr Operating System",
      "Company": "Microsoft Corporation",
      "OriginalFileName": "Cmd.Exe",
      "CommandLine": "C:\\windows\\System32\\cmd.exe /C \"dir /b C:\\Windows\"",
      "CurrentDirectory": "C:\\windows\\",
      "User": "WORKSTATION\\analyst's",
      "LogonId": "0x0",
      "TerminalSessionId": "1",
      "IntegrityLevel": "High",
      "ParentImage": "C:\\Users\\analyst's\\AppData\\Local\\local\\tools\\python-3.14.7+20260901-win32-x64\\python.exe",
      "ParentCommandLine": "\"C:\\Users\\analyst's\\Documents\\repo\\.venv\\Scripts\\python.exe\" -B C:\\ProgramData\\lab\\run_capture.py ",
      "ParentUser": "WORKSTATION\\analyst's"
     },
     "captured_channel": "Microsoft-Windows-Sysmon/Operational"
    },
    {
     "timestamp": "2026-10-07T04:55:47.6974645+05:30",
     "channel": "Microsoft-Windows-Sysmon/Operational",
     "provider": "Microsoft-Windows-Sysmon",
     "event_id": "3",
     "level": "Information",
     "severity": "Low",
     "username": "WORKSTATION\\analyst's",
     "host": "localhost",
     "source_ip": "198.51.100.228",
     "message": "Network connection detected:\r\nRuleName: -\r\nUtcTime: 2026-10-06 23:25:42.569\r\nProcessGuid: {00000000-0000-0000-0000-000000000000}\r\nProcessId: 73300\r\nImage: C:\\Users\\analyst's\\AppData\\Local\\Discord\\app-1.0.9260\\Discord.exe\r\nUser: WORKSTATION\\analyst's\r\nProtocol: udp\r\nInitiated: true\r\nSourceIsIpv6: fal",
     "record_id": 445323,
     "source": "windows-event-log",
     "is_alert": false,
     "rule_name": "Process opened an outbound connection",
     "external_id": "Microsoft-Windows-Sysmon/Operational:445323",
     "raw_log": "{\"Channel\": \"Microsoft-Windows-Sysmon/Operational\", \"EventData\": {\"DestinationHostname\": \"-\", \"DestinationIp\": \"198.51.100.1\", \"DestinationIsIpv6\": \"false\", \"DestinationPort\": \"19327\", \"DestinationPortName\": \"-\", \"Image\": \"C:\\\\Users\\\\analyst's\\\\AppData\\\\Local\\\\Discord\\\\app-1.0.9260\\\\Discord.exe\", \"Initiated\": \"true\", \"ProcessGuid\": \"{00000000-0000-0000-0000-000000000000}\", \"ProcessId\": \"73300\", \"Protocol\": \"udp\", \"RuleName\": \"-\", \"SourceHostname\": \"WORKSTATION.Dlink\", \"SourceIp\": \"198.51.100.228\", \"SourceIsIpv6\": \"false\", \"SourcePort\": \"59064\", \"SourcePortName\": \"-\", \"User\": \"WORKSTATION\\\\analyst's\", \"UtcTime\": \"2026-10-06 23:25:42.569\"}, \"Id\": 3, \"Level\": \"Information\", \"Message\": \"Network connection detected:\\r\\nRuleName: -\\r\\nUtcTime: 2026-10-06 23:25:42.569\\r\\nProcessGuid: {00000000-0000-0000-0000-000000000000}\\r\\nProcessId: 73300\\r\\nImage: C:\\\\Users\\\\analyst's\\\\AppData\\\\Local\\\\Discord\\\\app-1.0.9260\\\\Discord.exe\\r\\nUser: WORKSTATION\\\\analyst's\\r\\nProtocol: udp\\r\\nInitiated: true\\r\\nSourceIsIpv6: false\\r\\nSourceIp: 198.51.100.228\\r\\nSourceHostname: WORKSTATION.Dlink\\r\\nSourcePort: 59064\\r\\nSourcePortName: -\\r\\nDestinationIsIpv6: false\\r\\nDestinationIp: 198.51.100.1\\r\\nDestinationHostname: -\\r\\nDestinationPort: 19327\\r\\nDestinationPortName: -\", \"Provider\": \"Microsoft-Windows-Sysmon\", \"RecordId\": 445323, \"TimeCreated\": \"2026-10-07T04:55:47.6974645+05:30\", \"User\": {\"AccountDomainSid\": null, \"BinaryLength\": 12, \"Value\": \"S-1-5-0-0-0\"}}",
     "fields": {
      "RuleName": "-",
      "UtcTime": "2026-10-06 23:25:42.569",
      "Image": "C:\\Users\\analyst's\\AppData\\Local\\Discord\\app-1.0.9260\\Discord.exe",
      "User": "WORKSTATION\\analyst's",
      "Protocol": "udp",
      "Initiated": "true",
      "SourceIsIpv6": "false",
      "SourceIp": "198.51.100.228",
      "SourceHostname": "WORKSTATION.Dlink",
      "SourcePort": "59064",
      "SourcePortName": "-",
      "DestinationIsIpv6": "false",
      "DestinationIp": "198.51.100.1",
      "DestinationHostname": "-",
      "DestinationPort": "19327",
      "DestinationPortName": "-"
     },
     "captured_channel": "Microsoft-Windows-Sysmon/Operational"
    },
    {
     "timestamp": "2026-10-07T04:55:47.6974763+05:30",
     "channel": "Microsoft-Windows-Sysmon/Operational",
     "provider": "Microsoft-Windows-Sysmon",
     "event_id": "3",
     "level": "Information",
     "severity": "Low",
     "username": "WORKSTATION\\analyst's",
     "host": "localhost",
     "source_ip": "198.51.100.228",
     "message": "Network connection detected:\r\nRuleName: -\r\nUtcTime: 2026-10-06 23:25:42.569\r\nProcessGuid: {00000000-0000-0000-0000-000000000000}\r\nProcessId: 73300\r\nImage: C:\\Users\\analyst's\\AppData\\Local\\Discord\\app-1.0.9260\\Discord.exe\r\nUser: WORKSTATION\\analyst's\r\nProtocol: udp\r\nInitiated: true\r\nSourceIsIpv6: fal",
     "record_id": 445324,
     "source": "windows-event-log",
     "is_alert": false,
     "rule_name": "Process opened an outbound connection",
     "external_id": "Microsoft-Windows-Sysmon/Operational:445324",
     "raw_log": "{\"Channel\": \"Microsoft-Windows-Sysmon/Operational\", \"EventData\": {\"DestinationHostname\": \"-\", \"DestinationIp\": \"198.51.100.1\", \"DestinationIsIpv6\": \"false\", \"DestinationPort\": \"19327\", \"DestinationPortName\": \"-\", \"Image\": \"C:\\\\Users\\\\analyst's\\\\AppData\\\\Local\\\\Discord\\\\app-1.0.9260\\\\Discord.exe\", \"Initiated\": \"true\", \"ProcessGuid\": \"{00000000-0000-0000-0000-000000000000}\", \"ProcessId\": \"73300\", \"Protocol\": \"udp\", \"RuleName\": \"-\", \"SourceHostname\": \"WORKSTATION.Dlink\", \"SourceIp\": \"198.51.100.228\", \"SourceIsIpv6\": \"false\", \"SourcePort\": \"59064\", \"SourcePortName\": \"-\", \"User\": \"WORKSTATION\\\\analyst's\", \"UtcTime\": \"2026-10-06 23:25:42.569\"}, \"Id\": 3, \"Level\": \"Information\", \"Message\": \"Network connection detected:\\r\\nRuleName: -\\r\\nUtcTime: 2026-10-06 23:25:42.569\\r\\nProcessGuid: {00000000-0000-0000-0000-000000000000}\\r\\nProcessId: 73300\\r\\nImage: C:\\\\Users\\\\analyst's\\\\AppData\\\\Local\\\\Discord\\\\app-1.0.9260\\\\Discord.exe\\r\\nUser: WORKSTATION\\\\analyst's\\r\\nProtocol: udp\\r\\nInitiated: true\\r\\nSourceIsIpv6: false\\r\\nSourceIp: 198.51.100.228\\r\\nSourceHostname: WORKSTATION.Dlink\\r\\nSourcePort: 59064\\r\\nSourcePortName: -\\r\\nDestinationIsIpv6: false\\r\\nDestinationIp: 198.51.100.1\\r\\nDestinationHostname: -\\r\\nDestinationPort: 19327\\r\\nDestinationPortName: -\", \"Provider\": \"Microsoft-Windows-Sysmon\", \"RecordId\": 445324, \"TimeCreated\": \"2026-10-07T04:55:47.6974763+05:30\", \"User\": {\"AccountDomainSid\": null, \"BinaryLength\": 12, \"Value\": \"S-1-5-0-0-0\"}}",
     "fields": {
      "RuleName": "-",
      "UtcTime": "2026-10-06 23:25:42.569",
      "Image": "C:\\Users\\analyst's\\AppData\\Local\\Discord\\app-1.0.9260\\Discord.exe",
      "User": "WORKSTATION\\analyst's",
      "Protocol": "udp",
      "Initiated": "true",
      "SourceIsIpv6": "false",
      "SourceIp": "198.51.100.228",
      "SourceHostname": "WORKSTATION.Dlink",
      "SourcePort": "59064",
      "SourcePortName": "-",
      "DestinationIsIpv6": "false",
      "DestinationIp": "198.51.100.1",
      "DestinationHostname": "-",
      "DestinationPort": "19327",
      "DestinationPortName": "-"
     },
     "captured_channel": "Microsoft-Windows-Sysmon/Operational"
    },
    {
     "timestamp": "2026-10-07T04:55:49.1287899+05:30",
     "channel": "Microsoft-Windows-Sysmon/Operational",
     "provider": "Microsoft-Windows-Sysmon",
     "event_id": "1",
     "level": "Information",
     "severity": "Low",
     "username": "WORKSTATION\\analyst's",
     "host": "localhost",
     "source_ip": "local",
     "message": "Process Create:\r\nRuleName: -\r\nUtcTime: 2026-10-06 23:25:49.125\r\nProcessGuid: {00000000-0000-0000-0000-000000000000}\r\nProcessId: 21456\r\nImage: C:\\Windows\\System32\\cmd.exe\r\nFileVersion: 10.0.26100.9278 (WinBuild.160101.0800)\r\nDescription: Windows Command Processor\r\nProduct: Microsoftr Windowsr Operati",
     "record_id": 445325,
     "source": "windows-event-log",
     "is_alert": false,
     "rule_name": "",
     "external_id": "Microsoft-Windows-Sysmon/Operational:445325",
     "raw_log": "{\"Channel\": \"Microsoft-Windows-Sysmon/Operational\", \"EventData\": {\"CommandLine\": \"C:\\\\windows\\\\System32\\\\cmd.exe /C \\\"echo ordinary activity\\\"\", \"Company\": \"Microsoft Corporation\", \"CurrentDirectory\": \"C:\\\\windows\\\\\", \"Description\": \"Windows Command Processor\", \"FileVersion\": \"10.0.26100.9278 (WinBuild.160101.0800)\", \"Hashes\": \"SHA256=97AC98B1A92C286054CCE55239CFCCDFC23A5517BD07FE693072C9CA96C7DABB\", \"Image\": \"C:\\\\Windows\\\\System32\\\\cmd.exe\", \"IntegrityLevel\": \"High\", \"LogonGuid\": \"{00000000-0000-0000-0000-000000000000}\", \"LogonId\": \"0x0\", \"OriginalFileName\": \"Cmd.Exe\", \"ParentCommandLine\": \"\\\"C:\\\\Users\\\\analyst's\\\\Documents\\\\repo\\\\.venv\\\\Scripts\\\\python.exe\\\" -B C:\\\\ProgramData\\\\lab\\\\run_capture.py \", \"ParentImage\": \"C:\\\\Users\\\\analyst's\\\\AppData\\\\Local\\\\local\\\\tools\\\\python-3.14.7+20260901-win32-x64\\\\python.exe\", \"ParentProcessGuid\": \"{00000000-0000-0000-0000-000000000000}\", \"ParentProcessId\": \"39240\", \"ParentUser\": \"WORKSTATION\\\\analyst's\", \"ProcessGuid\": \"{00000000-0000-0000-0000-000000000000}\", \"ProcessId\": \"21456\", \"Product\": \"Microsoftr Windowsr Operating System\", \"RuleName\": \"-\", \"TerminalSessionId\": \"1\", \"User\": \"WORKSTATION\\\\analyst's\", \"UtcTime\": \"2026-10-06 23:25:49.125\"}, \"Id\": 1, \"Level\": \"Information\", \"Message\": \"Process Create:\\r\\nRuleName: -\\r\\nUtcTime: 2026-10-06 23:25:49.125\\r\\nProcessGuid: {00000000-0000-0000-0000-000000000000}\\r\\nProcessId: 21456\\r\\nImage: C:\\\\Windows\\\\System32\\\\cmd.exe\\r\\nFileVersion: 10.0.26100.9278 (WinBuild.160101.0800)\\r\\nDescription: Windows Command Processor\\r\\nProduct: Microsoftr Windowsr Operating System\\r\\nCompany: Microsoft Corporation\\r\\nOriginalFileName: Cmd.Exe\\r\\nCommandLine: C:\\\\windows\\\\System32\\\\cmd.exe /C \\\"echo ordinary activity\\\"\\r\\nCurrentDirectory: C:\\\\windows\\\\\\r\\nUser: WORKSTATION\\\\analyst's\\r\\nLogonGuid: {00000000-0000-0000-0000-000000000000}\\r\\nLogonId: 0x0\\r\\nTerminalSessionId: 1\\r\\nIntegrityLevel: High\\r\\nHashes: SHA256=97AC98B1A92C286054CCE55239CFCCDFC23A5517BD07FE693072C9CA96C7DABB\\r\\nParentProcessGuid: {00000000-0000-0000-0000-000000000000}\\r\\nParentProcessId: 39240\\r\\nParentImage: C:\\\\Users\\\\analyst's\\\\AppData\\\\Local\\\\local\\\\tools\\\\python-3.14.7+20260901-win32-x64\\\\python.exe\\r\\nParentCommandLine: \\\"C:\\\\Users\\\\analyst's\\\\Documents\\\\repo\\\\.venv\\\\Scripts\\\\python.exe\\\" -B C:\\\\ProgramData\\\\lab\\\\run_capture.py \\r\\nParentUser: WORKSTATION\\\\analyst's\", \"Provider\": \"Microsoft-Windows-Sysmon\", \"RecordId\": 445325, \"TimeCreated\": \"2026-10-07T04:55:49.1287899+05:30\", \"User\": {\"AccountDomainSid\": null, \"BinaryLength\": 12, \"Value\": \"S-1-5-0-0-0\"}}",
     "fields": {
      "RuleName": "-",
      "UtcTime": "2026-10-06 23:25:49.125",
      "Image": "C:\\Windows\\System32\\cmd.exe",
      "FileVersion": "10.0.26100.9278 (WinBuild.160101.0800)",
      "Description": "Windows Command Processor",
      "Product": "Microsoftr Windowsr Operating System",
      "Company": "Microsoft Corporation",
      "OriginalFileName": "Cmd.Exe",
      "CommandLine": "C:\\windows\\System32\\cmd.exe /C \"echo ordinary activity\"",
      "CurrentDirectory": "C:\\windows\\",
      "User": "WORKSTATION\\analyst's",
      "LogonId": "0x0",
      "TerminalSessionId": "1",
      "IntegrityLevel": "High",
      "ParentImage": "C:\\Users\\analyst's\\AppData\\Local\\local\\tools\\python-3.14.7+20260901-win32-x64\\python.exe",
      "ParentCommandLine": "\"C:\\Users\\analyst's\\Documents\\repo\\.venv\\Scripts\\python.exe\" -B C:\\ProgramData\\lab\\run_capture.py ",
      "ParentUser": "WORKSTATION\\analyst's"
     },
     "captured_channel": "Microsoft-Windows-Sysmon/Operational"
    },
    {
     "timestamp": "2026-10-07T04:55:50.1108684+05:30",
     "channel": "Microsoft-Windows-Sysmon/Operational",
     "provider": "Microsoft-Windows-Sysmon",
     "event_id": "8",
     "level": "Information",
     "severity": "Low",
     "username": "{'BinaryLength': 12, 'AccountDomainSid': None, 'Value': 'S-1-5-0-0-0'}",
     "host": "localhost",
     "source_ip": "local",
     "message": "CreateRemoteThread detected:\r\nRuleName: -\r\nUtcTime: 2026-10-06 23:25:50.110\r\nSourceProcessGuid: {00000000-0000-0000-0000-000000000000}\r\nSourceProcessId: 66748\r\nSourceImage: C:\\Users\\analyst's\\AppData\\Local\\local\\tools\\chromium-1208\\chrome-win64\\chrome.exe\r\nTargetProcessGuid: {00000000-0000-0000-0000",
     "record_id": 445326,
     "source": "windows-event-log",
     "is_alert": false,
     "rule_name": "",
     "external_id": "Microsoft-Windows-Sysmon/Operational:445326",
     "raw_log": "{\"Channel\": \"Microsoft-Windows-Sysmon/Operational\", \"EventData\": {\"NewThreadId\": \"17776\", \"RuleName\": \"-\", \"SourceImage\": \"C:\\\\Users\\\\analyst's\\\\AppData\\\\Local\\\\local\\\\tools\\\\chromium-1208\\\\chrome-win64\\\\chrome.exe\", \"SourceProcessGuid\": \"{00000000-0000-0000-0000-000000000000}\", \"SourceProcessId\": \"66748\", \"SourceUser\": \"WORKSTATION\\\\analyst's\", \"StartAddress\": \"0x0\", \"StartFunction\": \"-\", \"StartModule\": \"C:\\\\Users\\\\analyst's\\\\AppData\\\\Local\\\\local\\\\tools\\\\chromium-1208\\\\chrome-win64\\\\chrome.dll\", \"TargetImage\": \"C:\\\\Users\\\\analyst's\\\\AppData\\\\Local\\\\local\\\\tools\\\\chromium-1208\\\\chrome-win64\\\\chrome.exe\", \"TargetProcessGuid\": \"{00000000-0000-0000-0000-000000000000}\", \"TargetProcessId\": \"70800\", \"TargetUser\": \"WORKSTATION\\\\analyst's\", \"UtcTime\": \"2026-10-06 23:25:50.110\"}, \"Id\": 8, \"Level\": \"Information\", \"Message\": \"CreateRemoteThread detected:\\r\\nRuleName: -\\r\\nUtcTime: 2026-10-06 23:25:50.110\\r\\nSourceProcessGuid: {00000000-0000-0000-0000-000000000000}\\r\\nSourceProcessId: 66748\\r\\nSourceImage: C:\\\\Users\\\\analyst's\\\\AppData\\\\Local\\\\local\\\\tools\\\\chromium-1208\\\\chrome-win64\\\\chrome.exe\\r\\nTargetProcessGuid: {00000000-0000-0000-0000-000000000000}\\r\\nTargetProcessId: 70800\\r\\nTargetImage: C:\\\\Users\\\\analyst's\\\\AppData\\\\Local\\\\local\\\\tools\\\\chromium-1208\\\\chrome-win64\\\\chrome.exe\\r\\nNewThreadId: 17776\\r\\nStartAddress: 0x0\\r\\nStartModule: C:\\\\Users\\\\analyst's\\\\AppData\\\\Local\\\\local\\\\tools\\\\chromium-1208\\\\chrome-win64\\\\chrome.dll\\r\\nStartFunction: -\\r\\nSourceUser: WORKSTATION\\\\analyst's\\r\\nTargetUser: WORKSTATION\\\\analyst's\", \"Provider\": \"Microsoft-Windows-Sysmon\", \"RecordId\": 445326, \"TimeCreated\": \"2026-10-07T04:55:50.1108684+05:30\", \"User\": {\"AccountDomainSid\": null, \"BinaryLength\": 12, \"Value\": \"S-1-5-0-0-0\"}}",
     "fields": {
      "RuleName": "-",
      "UtcTime": "2026-10-06 23:25:50.110",
      "SourceProcessGuid": "{00000000-0000-0000-0000-000000000000}",
      "SourceProcessId": "66748",
      "SourceImage": "C:\\Users\\analyst's\\AppData\\Local\\local\\tools\\chromium-1208\\chrome-win64\\chrome.exe",
      "TargetProcessGuid": "{00000000-0000-0000-0000-000000000000}",
      "TargetProcessId": "70800",
      "TargetImage": "C:\\Users\\analyst's\\AppData\\Local\\local\\tools\\chromium-1208\\chrome-win64\\chrome.exe",
      "NewThreadId": "17776",
      "StartAddress": "0x0",
      "StartModule": "C:\\Users\\analyst's\\AppData\\Local\\local\\tools\\chromium-1208\\chrome-win64\\chrome.dll",
      "StartFunction": "-",
      "SourceUser": "WORKSTATION\\analyst's",
      "TargetUser": "WORKSTATION\\analyst's"
     },
     "captured_channel": "Microsoft-Windows-Sysmon/Operational"
    },
    {
     "timestamp": "2026-10-07T04:55:50.8179618+05:30",
     "channel": "Microsoft-Windows-Sysmon/Operational",
     "provider": "Microsoft-Windows-Sysmon",
     "event_id": "1",
     "level": "Information",
     "severity": "Low",
     "username": "WORKSTATION\\analyst's",
     "host": "localhost",
     "source_ip": "local",
     "message": "Process Create:\r\nRuleName: -\r\nUtcTime: 2026-10-06 23:25:50.815\r\nProcessGuid: {00000000-0000-0000-0000-000000000000}\r\nProcessId: 74340\r\nImage: C:\\Windows\\System32\\cmd.exe\r\nFileVersion: 10.0.26100.9278 (WinBuild.160101.0800)\r\nDescription: Windows Command Processor\r\nProduct: Microsoftr Windowsr Operati",
     "record_id": 445327,
     "source": "windows-event-log",
     "is_alert": false,
     "rule_name": "",
     "external_id": "Microsoft-Windows-Sysmon/Operational:445327",
     "raw_log": "{\"Channel\": \"Microsoft-Windows-Sysmon/Operational\", \"EventData\": {\"CommandLine\": \"C:\\\\windows\\\\System32\\\\cmd.exe /C \\\"type C:\\\\Windows\\\\win.ini\\\"\", \"Company\": \"Microsoft Corporation\", \"CurrentDirectory\": \"C:\\\\windows\\\\\", \"Description\": \"Windows Command Processor\", \"FileVersion\": \"10.0.26100.9278 (WinBuild.160101.0800)\", \"Hashes\": \"SHA256=97AC98B1A92C286054CCE55239CFCCDFC23A5517BD07FE693072C9CA96C7DABB\", \"Image\": \"C:\\\\Windows\\\\System32\\\\cmd.exe\", \"IntegrityLevel\": \"High\", \"LogonGuid\": \"{00000000-0000-0000-0000-000000000000}\", \"LogonId\": \"0x0\", \"OriginalFileName\": \"Cmd.Exe\", \"ParentCommandLine\": \"\\\"C:\\\\Users\\\\analyst's\\\\Documents\\\\repo\\\\.venv\\\\Scripts\\\\python.exe\\\" -B C:\\\\ProgramData\\\\lab\\\\run_capture.py \", \"ParentImage\": \"C:\\\\Users\\\\analyst's\\\\AppData\\\\Local\\\\local\\\\tools\\\\python-3.14.7+20260901-win32-x64\\\\python.exe\", \"ParentProcessGuid\": \"{00000000-0000-0000-0000-000000000000}\", \"ParentProcessId\": \"39240\", \"ParentUser\": \"WORKSTATION\\\\analyst's\", \"ProcessGuid\": \"{00000000-0000-0000-0000-000000000000}\", \"ProcessId\": \"74340\", \"Product\": \"Microsoftr Windowsr Operating System\", \"RuleName\": \"-\", \"TerminalSessionId\": \"1\", \"User\": \"WORKSTATION\\\\analyst's\", \"UtcTime\": \"2026-10-06 23:25:50.815\"}, \"Id\": 1, \"Level\": \"Information\", \"Message\": \"Process Create:\\r\\nRuleName: -\\r\\nUtcTime: 2026-10-06 23:25:50.815\\r\\nProcessGuid: {00000000-0000-0000-0000-000000000000}\\r\\nProcessId: 74340\\r\\nImage: C:\\\\Windows\\\\System32\\\\cmd.exe\\r\\nFileVersion: 10.0.26100.9278 (WinBuild.160101.0800)\\r\\nDescription: Windows Command Processor\\r\\nProduct: Microsoftr Windowsr Operating System\\r\\nCompany: Microsoft Corporation\\r\\nOriginalFileName: Cmd.Exe\\r\\nCommandLine: C:\\\\windows\\\\System32\\\\cmd.exe /C \\\"type C:\\\\Windows\\\\win.ini\\\"\\r\\nCurrentDirectory: C:\\\\windows\\\\\\r\\nUser: WORKSTATION\\\\analyst's\\r\\nLogonGuid: {00000000-0000-0000-0000-000000000000}\\r\\nLogonId: 0x0\\r\\nTerminalSessionId: 1\\r\\nIntegrityLevel: High\\r\\nHashes: SHA256=97AC98B1A92C286054CCE55239CFCCDFC23A5517BD07FE693072C9CA96C7DABB\\r\\nParentProcessGuid: {00000000-0000-0000-0000-000000000000}\\r\\nParentProcessId: 39240\\r\\nParentImage: C:\\\\Users\\\\analyst's\\\\AppData\\\\Local\\\\local\\\\tools\\\\python-3.14.7+20260901-win32-x64\\\\python.exe\\r\\nParentCommandLine: \\\"C:\\\\Users\\\\analyst's\\\\Documents\\\\repo\\\\.venv\\\\Scripts\\\\python.exe\\\" -B C:\\\\ProgramData\\\\lab\\\\run_capture.py \\r\\nParentUser: WORKSTATION\\\\analyst's\", \"Provider\": \"Microsoft-Windows-Sysmon\", \"RecordId\": 445327, \"TimeCreated\": \"2026-10-07T04:55:50.8179618+05:30\", \"User\": {\"AccountDomainSid\": null, \"BinaryLength\": 12, \"Value\": \"S-1-5-0-0-0\"}}",
     "fields": {
      "RuleName": "-",
      "UtcTime": "2026-10-06 23:25:50.815",
      "Image": "C:\\Windows\\System32\\cmd.exe",
      "FileVersion": "10.0.26100.9278 (WinBuild.160101.0800)",
      "Description": "Windows Command Processor",
      "Product": "Microsoftr Windowsr Operating System",
      "Company": "Microsoft Corporation",
      "OriginalFileName": "Cmd.Exe",
      "CommandLine": "C:\\windows\\System32\\cmd.exe /C \"type C:\\Windows\\win.ini\"",
      "CurrentDirectory": "C:\\windows\\",
      "User": "WORKSTATION\\analyst's",
      "LogonId": "0x0",
      "TerminalSessionId": "1",
      "IntegrityLevel": "High",
      "ParentImage": "C:\\Users\\analyst's\\AppData\\Local\\local\\tools\\python-3.14.7+20260901-win32-x64\\python.exe",
      "ParentCommandLine": "\"C:\\Users\\analyst's\\Documents\\repo\\.venv\\Scripts\\python.exe\" -B C:\\ProgramData\\lab\\run_capture.py ",
      "ParentUser": "WORKSTATION\\analyst's"
     },
     "captured_channel": "Microsoft-Windows-Sysmon/Operational"
    },
    {
     "timestamp": "2026-10-07T04:55:52.5044428+05:30",
     "channel": "Microsoft-Windows-Sysmon/Operational",
     "provider": "Microsoft-Windows-Sysmon",
     "event_id": "1",
     "level": "Information",
     "severity": "Low",
     "username": "WORKSTATION\\analyst's",
     "host": "localhost",
     "source_ip": "local",
     "message": "Process Create:\r\nRuleName: -\r\nUtcTime: 2026-10-06 23:25:52.501\r\nProcessGuid: {00000000-0000-0000-0000-000000000000}\r\nProcessId: 89396\r\nImage: C:\\Windows\\System32\\cmd.exe\r\nFileVersion: 10.0.26100.9278 (WinBuild.160101.0800)\r\nDescription: Windows Command Processor\r\nProduct: Microsoftr Windowsr Operati",
     "record_id": 445328,
     "source": "windows-event-log",
     "is_alert": false,
     "rule_name": "",
     "external_id": "Microsoft-Windows-Sysmon/Operational:445328",
     "raw_log": "{\"Channel\": \"Microsoft-Windows-Sysmon/Operational\", \"EventData\": {\"CommandLine\": \"C:\\\\windows\\\\System32\\\\cmd.exe /C \\\"findstr /i version C:\\\\Windows\\\\win.ini\\\"\", \"Company\": \"Microsoft Corporation\", \"CurrentDirectory\": \"C:\\\\windows\\\\\", \"Description\": \"Windows Command Processor\", \"FileVersion\": \"10.0.26100.9278 (WinBuild.160101.0800)\", \"Hashes\": \"SHA256=97AC98B1A92C286054CCE55239CFCCDFC23A5517BD07FE693072C9CA96C7DABB\", \"Image\": \"C:\\\\Windows\\\\System32\\\\cmd.exe\", \"IntegrityLevel\": \"High\", \"LogonGuid\": \"{00000000-0000-0000-0000-000000000000}\", \"LogonId\": \"0x0\", \"OriginalFileName\": \"Cmd.Exe\", \"ParentCommandLine\": \"\\\"C:\\\\Users\\\\analyst's\\\\Documents\\\\repo\\\\.venv\\\\Scripts\\\\python.exe\\\" -B C:\\\\ProgramData\\\\lab\\\\run_capture.py \", \"ParentImage\": \"C:\\\\Users\\\\analyst's\\\\AppData\\\\Local\\\\local\\\\tools\\\\python-3.14.7+20260901-win32-x64\\\\python.exe\", \"ParentProcessGuid\": \"{00000000-0000-0000-0000-000000000000}\", \"ParentProcessId\": \"39240\", \"ParentUser\": \"WORKSTATION\\\\analyst's\", \"ProcessGuid\": \"{00000000-0000-0000-0000-000000000000}\", \"ProcessId\": \"89396\", \"Product\": \"Microsoftr Windowsr Operating System\", \"RuleName\": \"-\", \"TerminalSessionId\": \"1\", \"User\": \"WORKSTATION\\\\analyst's\", \"UtcTime\": \"2026-10-06 23:25:52.501\"}, \"Id\": 1, \"Level\": \"Information\", \"Message\": \"Process Create:\\r\\nRuleName: -\\r\\nUtcTime: 2026-10-06 23:25:52.501\\r\\nProcessGuid: {00000000-0000-0000-0000-000000000000}\\r\\nProcessId: 89396\\r\\nImage: C:\\\\Windows\\\\System32\\\\cmd.exe\\r\\nFileVersion: 10.0.26100.9278 (WinBuild.160101.0800)\\r\\nDescription: Windows Command Processor\\r\\nProduct: Microsoftr Windowsr Operating System\\r\\nCompany: Microsoft Corporation\\r\\nOriginalFileName: Cmd.Exe\\r\\nCommandLine: C:\\\\windows\\\\System32\\\\cmd.exe /C \\\"findstr /i version C:\\\\Windows\\\\win.ini\\\"\\r\\nCurrentDirectory: C:\\\\windows\\\\\\r\\nUser: WORKSTATION\\\\analyst's\\r\\nLogonGuid: {00000000-0000-0000-0000-000000000000}\\r\\nLogonId: 0x0\\r\\nTerminalSessionId: 1\\r\\nIntegrityLevel: High\\r\\nHashes: SHA256=97AC98B1A92C286054CCE55239CFCCDFC23A5517BD07FE693072C9CA96C7DABB\\r\\nParentProcessGuid: {00000000-0000-0000-0000-000000000000}\\r\\nParentProcessId: 39240\\r\\nParentImage: C:\\\\Users\\\\analyst's\\\\AppData\\\\Local\\\\local\\\\tools\\\\python-3.14.7+20260901-win32-x64\\\\python.exe\\r\\nParentCommandLine: \\\"C:\\\\Users\\\\analyst's\\\\Documents\\\\repo\\\\.venv\\\\Scripts\\\\python.exe\\\" -B C:\\\\ProgramData\\\\lab\\\\run_capture.py \\r\\nParentUser: WORKSTATION\\\\analyst's\", \"Provider\": \"Microsoft-Windows-Sysmon\", \"RecordId\": 445328, \"TimeCreated\": \"2026-10-07T04:55:52.5044428+05:30\", \"User\": {\"AccountDomainSid\": null, \"BinaryLength\": 12, \"Value\": \"S-1-5-0-0-0\"}}",
     "fields": {
      "RuleName": "-",
      "UtcTime": "2026-10-06 23:25:52.501",
      "Image": "C:\\Windows\\System32\\cmd.exe",
      "FileVersion": "10.0.26100.9278 (WinBuild.160101.0800)",
      "Description": "Windows Command Processor",
      "Product": "Microsoftr Windowsr Operating System",
      "Company": "Microsoft Corporation",
      "OriginalFileName": "Cmd.Exe",
      "CommandLine": "C:\\windows\\System32\\cmd.exe /C \"findstr /i version C:\\Windows\\win.ini\"",
      "CurrentDirectory": "C:\\windows\\",
      "User": "WORKSTATION\\analyst's",
      "LogonId": "0x0",
      "TerminalSessionId": "1",
      "IntegrityLevel": "High",
      "ParentImage": "C:\\Users\\analyst's\\AppData\\Local\\local\\tools\\python-3.14.7+20260901-win32-x64\\python.exe",
      "ParentCommandLine": "\"C:\\Users\\analyst's\\Documents\\repo\\.venv\\Scripts\\python.exe\" -B C:\\ProgramData\\lab\\run_capture.py ",
      "ParentUser": "WORKSTATION\\analyst's"
     },
     "captured_channel": "Microsoft-Windows-Sysmon/Operational"
    },
    {
     "timestamp": "2026-10-07T04:55:52.5304110+05:30",
     "channel": "Microsoft-Windows-Sysmon/Operational",
     "provider": "Microsoft-Windows-Sysmon",
     "event_id": "1",
     "level": "Information",
     "severity": "Low",
     "username": "WORKSTATION\\analyst's",
     "host": "localhost",
     "source_ip": "local",
     "message": "Process Create:\r\nRuleName: -\r\nUtcTime: 2026-10-06 23:25:52.525\r\nProcessGuid: {00000000-0000-0000-0000-000000000000}\r\nProcessId: 113532\r\nImage: C:\\Windows\\System32\\findstr.exe\r\nFileVersion: 10.0.26100.7019 (WinBuild.160101.0800)\r\nDescription: Find String (QGREP) Utility\r\nProduct: Microsoftr Windowsr ",
     "record_id": 445329,
     "source": "windows-event-log",
     "is_alert": false,
     "rule_name": "",
     "external_id": "Microsoft-Windows-Sysmon/Operational:445329",
     "raw_log": "{\"Channel\": \"Microsoft-Windows-Sysmon/Operational\", \"EventData\": {\"CommandLine\": \"findstr  /i version C:\\\\Windows\\\\win.ini\", \"Company\": \"Microsoft Corporation\", \"CurrentDirectory\": \"C:\\\\Windows\\\\\", \"Description\": \"Find String (QGREP) Utility\", \"FileVersion\": \"10.0.26100.7019 (WinBuild.160101.0800)\", \"Hashes\": \"SHA256=867816F8A714A87F5F573EBBE3A526931FBE787CC03B4EC7AC8A970C9D8C0264\", \"Image\": \"C:\\\\Windows\\\\System32\\\\findstr.exe\", \"IntegrityLevel\": \"High\", \"LogonGuid\": \"{00000000-0000-0000-0000-000000000000}\", \"LogonId\": \"0x0\", \"OriginalFileName\": \"FINDSTR.EXE\", \"ParentCommandLine\": \"C:\\\\windows\\\\System32\\\\cmd.exe /C \\\"findstr /i version C:\\\\Windows\\\\win.ini\\\"\", \"ParentImage\": \"C:\\\\Windows\\\\System32\\\\cmd.exe\", \"ParentProcessGuid\": \"{00000000-0000-0000-0000-000000000000}\", \"ParentProcessId\": \"89396\", \"ParentUser\": \"WORKSTATION\\\\analyst's\", \"ProcessGuid\": \"{00000000-0000-0000-0000-000000000000}\", \"ProcessId\": \"113532\", \"Product\": \"Microsoftr Windowsr Operating System\", \"RuleName\": \"-\", \"TerminalSessionId\": \"1\", \"User\": \"WORKSTATION\\\\analyst's\", \"UtcTime\": \"2026-10-06 23:25:52.525\"}, \"Id\": 1, \"Level\": \"Information\", \"Message\": \"Process Create:\\r\\nRuleName: -\\r\\nUtcTime: 2026-10-06 23:25:52.525\\r\\nProcessGuid: {00000000-0000-0000-0000-000000000000}\\r\\nProcessId: 113532\\r\\nImage: C:\\\\Windows\\\\System32\\\\findstr.exe\\r\\nFileVersion: 10.0.26100.7019 (WinBuild.160101.0800)\\r\\nDescription: Find String (QGREP) Utility\\r\\nProduct: Microsoftr Windowsr Operating System\\r\\nCompany: Microsoft Corporation\\r\\nOriginalFileName: FINDSTR.EXE\\r\\nCommandLine: findstr  /i version C:\\\\Windows\\\\win.ini\\r\\nCurrentDirectory: C:\\\\Windows\\\\\\r\\nUser: WORKSTATION\\\\analyst's\\r\\nLogonGuid: {00000000-0000-0000-0000-000000000000}\\r\\nLogonId: 0x0\\r\\nTerminalSessionId: 1\\r\\nIntegrityLevel: High\\r\\nHashes: SHA256=867816F8A714A87F5F573EBBE3A526931FBE787CC03B4EC7AC8A970C9D8C0264\\r\\nParentProcessGuid: {00000000-0000-0000-0000-000000000000}\\r\\nParentProcessId: 89396\\r\\nParentImage: C:\\\\Windows\\\\System32\\\\cmd.exe\\r\\nParentCommandLine: C:\\\\windows\\\\System32\\\\cmd.exe /C \\\"findstr /i version C:\\\\Windows\\\\win.ini\\\"\\r\\nParentUser: WORKSTATION\\\\analyst's\", \"Provider\": \"Microsoft-Windows-Sysmon\", \"RecordId\": 445329, \"TimeCreated\": \"2026-10-07T04:55:52.5304110+05:30\", \"User\": {\"AccountDomainSid\": null, \"BinaryLength\": 12, \"Value\": \"S-1-5-0-0-0\"}}",
     "fields": {
      "RuleName": "-",
      "UtcTime": "2026-10-06 23:25:52.525",
      "Image": "C:\\Windows\\System32\\findstr.exe",
      "FileVersion": "10.0.26100.7019 (WinBuild.160101.0800)",
      "Description": "Find String (QGREP) Utility",
      "Product": "Microsoftr Windowsr Operating System",
      "Company": "Microsoft Corporation",
      "OriginalFileName": "FINDSTR.EXE",
      "CommandLine": "findstr  /i version C:\\Windows\\win.ini",
      "CurrentDirectory": "C:\\Windows\\",
      "User": "WORKSTATION\\analyst's",
      "LogonId": "0x0",
      "TerminalSessionId": "1",
      "IntegrityLevel": "High",
      "ParentImage": "C:\\Windows\\System32\\cmd.exe",
      "ParentCommandLine": "C:\\windows\\System32\\cmd.exe /C \"findstr /i version C:\\Windows\\win.ini\"",
      "ParentUser": "WORKSTATION\\analyst's"
     },
     "captured_channel": "Microsoft-Windows-Sysmon/Operational"
    },
    {
     "timestamp": "2026-10-07T04:55:52.6737102+05:30",
     "channel": "Microsoft-Windows-Sysmon/Operational",
     "provider": "Microsoft-Windows-Sysmon",
     "event_id": "3",
     "level": "Information",
     "severity": "Low",
     "username": "WORKSTATION\\analyst's",
     "host": "localhost",
     "source_ip": "198.51.100.228",
     "message": "Network connection detected:\r\nRuleName: -\r\nUtcTime: 2026-10-06 23:25:47.974\r\nProcessGuid: {00000000-0000-0000-0000-000000000000}\r\nProcessId: 111212\r\nImage: C:\\Users\\analyst's\\AppData\\Local\\local\\tools\\python-3.14.7+20260901-win32-x64\\python.exe\r\nUser: WORKSTATION\\analyst's\r\nProtocol: tcp\r\nInitiated:",
     "record_id": 445330,
     "source": "windows-event-log",
     "is_alert": false,
     "rule_name": "Process opened an outbound connection",
     "external_id": "Microsoft-Windows-Sysmon/Operational:445330",
     "raw_log": "{\"Channel\": \"Microsoft-Windows-Sysmon/Operational\", \"EventData\": {\"DestinationHostname\": \"-\", \"DestinationIp\": \"198.51.100.104\", \"DestinationIsIpv6\": \"false\", \"DestinationPort\": \"443\", \"DestinationPortName\": \"https\", \"Image\": \"C:\\\\Users\\\\analyst's\\\\AppData\\\\Local\\\\local\\\\tools\\\\python-3.14.7+20260901-win32-x64\\\\python.exe\", \"Initiated\": \"true\", \"ProcessGuid\": \"{00000000-0000-0000-0000-000000000000}\", \"ProcessId\": \"111212\", \"Protocol\": \"tcp\", \"RuleName\": \"-\", \"SourceHostname\": \"WORKSTATION.Dlink\", \"SourceIp\": \"198.51.100.228\", \"SourceIsIpv6\": \"false\", \"SourcePort\": \"59247\", \"SourcePortName\": \"-\", \"User\": \"WORKSTATION\\\\analyst's\", \"UtcTime\": \"2026-10-06 23:25:47.974\"}, \"Id\": 3, \"Level\": \"Information\", \"Message\": \"Network connection detected:\\r\\nRuleName: -\\r\\nUtcTime: 2026-10-06 23:25:47.974\\r\\nProcessGuid: {00000000-0000-0000-0000-000000000000}\\r\\nProcessId: 111212\\r\\nImage: C:\\\\Users\\\\analyst's\\\\AppData\\\\Local\\\\local\\\\tools\\\\python-3.14.7+20260901-win32-x64\\\\python.exe\\r\\nUser: WORKSTATION\\\\analyst's\\r\\nProtocol: tcp\\r\\nInitiated: true\\r\\nSourceIsIpv6: false\\r\\nSourceIp: 198.51.100.228\\r\\nSourceHostname: WORKSTATION.Dlink\\r\\nSourcePort: 59247\\r\\nSourcePortName: -\\r\\nDestinationIsIpv6: false\\r\\nDestinationIp: 198.51.100.104\\r\\nDestinationHostname: -\\r\\nDestinationPort: 443\\r\\nDestinationPortName: https\", \"Provider\": \"Microsoft-Windows-Sysmon\", \"RecordId\": 445330, \"TimeCreated\": \"2026-10-07T04:55:52.6737102+05:30\", \"User\": {\"AccountDomainSid\": null, \"BinaryLength\": 12, \"Value\": \"S-1-5-0-0-0\"}}",
     "fields": {
      "RuleName": "-",
      "UtcTime": "2026-10-06 23:25:47.974",
      "Image": "C:\\Users\\analyst's\\AppData\\Local\\local\\tools\\python-3.14.7+20260901-win32-x64\\python.exe",
      "User": "WORKSTATION\\analyst's",
      "Protocol": "tcp",
      "Initiated": "true",
      "SourceIsIpv6": "false",
      "SourceIp": "198.51.100.228",
      "SourceHostname": "WORKSTATION.Dlink",
      "SourcePort": "59247",
      "SourcePortName": "-",
      "DestinationIsIpv6": "false",
      "DestinationIp": "198.51.100.104",
      "DestinationHostname": "-",
      "DestinationPort": "443",
      "DestinationPortName": "https"
     },
     "captured_channel": "Microsoft-Windows-Sysmon/Operational"
    },
