     "source": "windows-event-log",
     "is_alert": false,
     "rule_name": "",
     "external_id": "Microsoft-Windows-Sysmon/Operational:456345",
     "raw_log": "{\"Channel\": \"Microsoft-Windows-Sysmon/Operational\", \"EventData\": {\"CallTrace\": \"C:\\\\windows\\\\SYSTEM32\\\\ntdll.dll+161994|C:\\\\windows\\\\System32\\\\eeprov.dll+d10a|C:\\\\windows\\\\System32\\\\eeprov.dll+f322|C:\\\\windows\\\\System32\\\\eeprov.dll+10343|C:\\\\windows\\\\System32\\\\srumsvc.dll+1971e|C:\\\\windows\\\\System32\\\\srumsvc.dll+1a9ac|C:\\\\windows\\\\System32\\\\srumsvc.dll+dbbc|C:\\\\windows\\\\SYSTEM32\\\\ntdll.dll+19240|C:\\\\windows\\\\SYSTEM32\\\\ntdll.dll+1aae1|C:\\\\windows\\\\System32\\\\KERNEL32.DLL+2cd87|C:\\\\windows\\\\SYSTEM32\\\\ntdll.dll+acaec\", \"GrantedAccess\": \"0x1400\", \"RuleName\": \"-\", \"SourceImage\": \"C:\\\\windows\\\\System32\\\\svchost.exe\", \"SourceProcessGUID\": \"{00000000-0000-0000-0000-000000000000}\", \"SourceProcessId\": \"6052\", \"SourceThreadId\": \"6156\", \"SourceUser\": \"NT AUTHORITY\\\\LOCAL SERVICE\", \"TargetImage\": \"C:\\\\windows\\\\system32\\\\lsass.exe\", \"TargetProcessGUID\": \"{00000000-0000-0000-0000-000000000000}\", \"TargetProcessId\": \"1700\", \"TargetUser\": \"NT AUTHORITY\\\\SYSTEM\", \"UtcTime\": \"2026-10-07 01:38:00.035\"}, \"Id\": 10, \"Level\": \"Information\", \"Message\": \"Process accessed:\\r\\nRuleName: -\\r\\nUtcTime: 2026-10-07 01:38:00.035\\r\\nSourceProcessGUID: {00000000-0000-0000-0000-000000000000}\\r\\nSourceProcessId: 6052\\r\\nSourceThreadId: 6156\\r\\nSourceImage: C:\\\\windows\\\\System32\\\\svchost.exe\\r\\nTargetProcessGUID: {00000000-0000-0000-0000-000000000000}\\r\\nTargetProcessId: 1700\\r\\nTargetImage: C:\\\\windows\\\\system32\\\\lsass.exe\\r\\nGrantedAccess: 0x1400\\r\\nCallTrace: C:\\\\windows\\\\SYSTEM32\\\\ntdll.dll+161994|C:\\\\windows\\\\System32\\\\eeprov.dll+d10a|C:\\\\windows\\\\System32\\\\eeprov.dll+f322|C:\\\\windows\\\\System32\\\\eeprov.dll+10343|C:\\\\windows\\\\System32\\\\srumsvc.dll+1971e|C:\\\\windows\\\\System32\\\\srumsvc.dll+1a9ac|C:\\\\windows\\\\System32\\\\srumsvc.dll+dbbc|C:\\\\windows\\\\SYSTEM32\\\\ntdll.dll+19240|C:\\\\windows\\\\SYSTEM32\\\\ntdll.dll+1aae1|C:\\\\windows\\\\System32\\\\KERNEL32.DLL+2cd87|C:\\\\windows\\\\SYSTEM32\\\\ntdll.dll+acaec\\r\\nSourceUser: NT AUTHORITY\\\\LOCAL SERVICE\\r\\nTargetUser: NT AUTHORITY\\\\SYSTEM\", \"Provider\": \"Microsoft-Windows-Sysmon\", \"RecordId\": 456345, \"TimeCreated\": \"2026-10-07T07:08:00.0356893+05:30\", \"User\": {\"AccountDomainSid\": null, \"BinaryLength\": 12, \"Value\": \"S-1-5-0-0-0\"}}",
     "fields": {
      "RuleName": "-",
      "UtcTime": "2026-10-07 01:38:00.035",
      "SourceProcessGUID": "{00000000-0000-0000-0000-000000000000}",
      "SourceProcessId": "6052",
      "SourceThreadId": "6156",
      "SourceImage": "C:\\windows\\System32\\svchost.exe",
      "TargetProcessGUID": "{00000000-0000-0000-0000-000000000000}",
      "TargetProcessId": "1700",
      "TargetImage": "C:\\windows\\system32\\lsass.exe",
      "GrantedAccess": "0x1400",
      "CallTrace": "C:\\windows\\SYSTEM32\\ntdll.dll+161994|C:\\windows\\System32\\eeprov.dll+d10a|C:\\windows\\System32\\eeprov.dll+f322|C:\\windows\\System32\\eeprov.dll+10343|C:\\windows\\System32\\srumsvc.dll+1971e|C:\\windows\\System32\\srumsvc.dll+1a9ac|C:\\windows\\System32\\srumsvc.dll+dbbc|C:\\windows\\SYSTEM32\\ntdll.dll+19240|C:\\windows\\SYSTEM32\\ntdll.dll+1aae1|C:\\windows\\System32\\KERNEL32.DLL+2cd87|C:\\windows\\SYSTEM32\\ntdll.dll+acaec",
      "SourceUser": "NT AUTHORITY\\LOCAL SERVICE",
      "TargetUser": "NT AUTHORITY\\SYSTEM"
     },
     "captured_channel": "Microsoft-Windows-Sysmon/Operational"
    },
    {
     "timestamp": "2026-10-07T07:08:00.0519522+05:30",
     "channel": "Microsoft-Windows-Sysmon/Operational",
     "provider": "Microsoft-Windows-Sysmon",
     "event_id": "10",
     "level": "Information",
     "severity": "Low",
     "username": "{'BinaryLength': 12, 'AccountDomainSid': None, 'Value': 'S-1-5-0-0-0'}",
     "host": "localhost",
     "source_ip": "local",
     "message": "Process accessed:\r\nRuleName: -\r\nUtcTime: 2026-10-07 01:38:00.051\r\nSourceProcessGUID: {00000000-0000-0000-0000-000000000000}\r\nSourceProcessId: 6052\r\nSourceThreadId: 82292\r\nSourceImage: C:\\windows\\System32\\svchost.exe\r\nTargetProcessGUID: {00000000-0000-0000-0000-000000000000}\r\nTargetProcessId: 1700\r\nT",
     "record_id": 456346,
     "source": "windows-event-log",
     "is_alert": false,
     "rule_name": "",
     "external_id": "Microsoft-Windows-Sysmon/Operational:456346",
     "raw_log": "{\"Channel\": \"Microsoft-Windows-Sysmon/Operational\", \"EventData\": {\"CallTrace\": \"C:\\\\windows\\\\SYSTEM32\\\\ntdll.dll+161994|C:\\\\windows\\\\System32\\\\eeprov.dll+2ae09|C:\\\\windows\\\\System32\\\\eeprov.dll+2f1fa|C:\\\\windows\\\\System32\\\\eeprov.dll+2f32b|C:\\\\windows\\\\System32\\\\srumsvc.dll+1971e|C:\\\\windows\\\\System32\\\\srumsvc.dll+1a9ac|C:\\\\windows\\\\System32\\\\srumsvc.dll+dbbc|C:\\\\windows\\\\SYSTEM32\\\\ntdll.dll+19240|C:\\\\windows\\\\SYSTEM32\\\\ntdll.dll+1aae1|C:\\\\windows\\\\System32\\\\KERNEL32.DLL+2cd87|C:\\\\windows\\\\SYSTEM32\\\\ntdll.dll+acaec\", \"GrantedAccess\": \"0x1400\", \"RuleName\": \"-\", \"SourceImage\": \"C:\\\\windows\\\\System32\\\\svchost.exe\", \"SourceProcessGUID\": \"{00000000-0000-0000-0000-000000000000}\", \"SourceProcessId\": \"6052\", \"SourceThreadId\": \"82292\", \"SourceUser\": \"NT AUTHORITY\\\\LOCAL SERVICE\", \"TargetImage\": \"C:\\\\windows\\\\system32\\\\lsass.exe\", \"TargetProcessGUID\": \"{00000000-0000-0000-0000-000000000000}\", \"TargetProcessId\": \"1700\", \"TargetUser\": \"NT AUTHORITY\\\\SYSTEM\", \"UtcTime\": \"2026-10-07 01:38:00.051\"}, \"Id\": 10, \"Level\": \"Information\", \"Message\": \"Process accessed:\\r\\nRuleName: -\\r\\nUtcTime: 2026-10-07 01:38:00.051\\r\\nSourceProcessGUID: {00000000-0000-0000-0000-000000000000}\\r\\nSourceProcessId: 6052\\r\\nSourceThreadId: 82292\\r\\nSourceImage: C:\\\\windows\\\\System32\\\\svchost.exe\\r\\nTargetProcessGUID: {00000000-0000-0000-0000-000000000000}\\r\\nTargetProcessId: 1700\\r\\nTargetImage: C:\\\\windows\\\\system32\\\\lsass.exe\\r\\nGrantedAccess: 0x1400\\r\\nCallTrace: C:\\\\windows\\\\SYSTEM32\\\\ntdll.dll+161994|C:\\\\windows\\\\System32\\\\eeprov.dll+2ae09|C:\\\\windows\\\\System32\\\\eeprov.dll+2f1fa|C:\\\\windows\\\\System32\\\\eeprov.dll+2f32b|C:\\\\windows\\\\System32\\\\srumsvc.dll+1971e|C:\\\\windows\\\\System32\\\\srumsvc.dll+1a9ac|C:\\\\windows\\\\System32\\\\srumsvc.dll+dbbc|C:\\\\windows\\\\SYSTEM32\\\\ntdll.dll+19240|C:\\\\windows\\\\SYSTEM32\\\\ntdll.dll+1aae1|C:\\\\windows\\\\System32\\\\KERNEL32.DLL+2cd87|C:\\\\windows\\\\SYSTEM32\\\\ntdll.dll+acaec\\r\\nSourceUser: NT AUTHORITY\\\\LOCAL SERVICE\\r\\nTargetUser: NT AUTHORITY\\\\SYSTEM\", \"Provider\": \"Microsoft-Windows-Sysmon\", \"RecordId\": 456346, \"TimeCreated\": \"2026-10-07T07:08:00.0519522+05:30\", \"User\": {\"AccountDomainSid\": null, \"BinaryLength\": 12, \"Value\": \"S-1-5-0-0-0\"}}",
     "fields": {
      "RuleName": "-",
      "UtcTime": "2026-10-07 01:38:00.051",
      "SourceProcessGUID": "{00000000-0000-0000-0000-000000000000}",
      "SourceProcessId": "6052",
      "SourceThreadId": "82292",
      "SourceImage": "C:\\windows\\System32\\svchost.exe",
      "TargetProcessGUID": "{00000000-0000-0000-0000-000000000000}",
      "TargetProcessId": "1700",
      "TargetImage": "C:\\windows\\system32\\lsass.exe",
      "GrantedAccess": "0x1400",
      "CallTrace": "C:\\windows\\SYSTEM32\\ntdll.dll+161994|C:\\windows\\System32\\eeprov.dll+2ae09|C:\\windows\\System32\\eeprov.dll+2f1fa|C:\\windows\\System32\\eeprov.dll+2f32b|C:\\windows\\System32\\srumsvc.dll+1971e|C:\\windows\\System32\\srumsvc.dll+1a9ac|C:\\windows\\System32\\srumsvc.dll+dbbc|C:\\windows\\SYSTEM32\\ntdll.dll+19240|C:\\windows\\SYSTEM32\\ntdll.dll+1aae1|C:\\windows\\System32\\KERNEL32.DLL+2cd87|C:\\windows\\SYSTEM32\\ntdll.dll+acaec",
      "SourceUser": "NT AUTHORITY\\LOCAL SERVICE",
      "TargetUser": "NT AUTHORITY\\SYSTEM"
     },
     "captured_channel": "Microsoft-Windows-Sysmon/Operational"
    },
    {
     "timestamp": "2026-10-07T07:08:01.9213397+05:30",
     "channel": "Microsoft-Windows-Sysmon/Operational",
     "provider": "Microsoft-Windows-Sysmon",
     "event_id": "1",
     "level": "Information",
     "severity": "Low",
     "username": "WORKSTATION\\analyst's",
     "host": "localhost",
     "source_ip": "local",
     "message": "Process Create:\r\nRuleName: -\r\nUtcTime: 2026-10-07 01:38:01.911\r\nProcessGuid: {00000000-0000-0000-0000-000000000000}\r\nProcessId: 24000\r\nImage: C:\\Windows\\System32\\WindowsPowerShell\\v1.0\\powershell.exe\r\nFileVersion: 10.0.26100.9278 (WinBuild.160101.0800)\r\nDescription: Windows PowerShell\r\nProduct: Micr",
     "record_id": 456347,
     "source": "windows-event-log",
     "is_alert": false,
     "rule_name": "",
     "external_id": "Microsoft-Windows-Sysmon/Operational:456347",
     "raw_log": "{\"Channel\": \"Microsoft-Windows-Sysmon/Operational\", \"EventData\": {\"CommandLine\": \"C:\\\\windows\\\\System32\\\\WindowsPowerShell\\\\v1.0\\\\powershell.exe -NoProfile -NonInteractive -ExecutionPolicy Bypass -Command \\\"Get-Service | Select-Object -First 5\\\"\", \"Company\": \"Microsoft Corporation\", \"CurrentDirectory\": \"C:\\\\windows\\\\\", \"Description\": \"Windows PowerShell\", \"FileVersion\": \"10.0.26100.9278 (WinBuild.160101.0800)\", \"Hashes\": \"SHA256=8BB6FA8C283B4D92120B1EF249A9B311B0F804D4CABBE9981159976C8BE76A5E\", \"Image\": \"C:\\\\Windows\\\\System32\\\\WindowsPowerShell\\\\v1.0\\\\powershell.exe\", \"IntegrityLevel\": \"Medium\", \"LogonGuid\": \"{00000000-0000-0000-0000-000000000000}\", \"LogonId\": \"0x0\", \"OriginalFileName\": \"PowerShell.EXE\", \"ParentCommandLine\": \"C:\\\\Users\\\\analyst's\\\\Documents\\\\repo\\\\.venv\\\\Scripts\\\\python.exe C:\\\\ProgramData\\\\lab\\\\run_driver.py\", \"ParentImage\": \"C:\\\\Users\\\\analyst's\\\\AppData\\\\Local\\\\local\\\\tools\\\\python-3.14.7+20260901-win32-x64\\\\python.exe\", \"ParentProcessGuid\": \"{00000000-0000-0000-0000-000000000000}\", \"ParentProcessId\": \"59888\", \"ParentUser\": \"WORKSTATION\\\\analyst's\", \"ProcessGuid\": \"{00000000-0000-0000-0000-000000000000}\", \"ProcessId\": \"24000\", \"Product\": \"Microsoftr Windowsr Operating System\", \"RuleName\": \"-\", \"TerminalSessionId\": \"1\", \"User\": \"WORKSTATION\\\\analyst's\", \"UtcTime\": \"2026-10-07 01:38:01.911\"}, \"Id\": 1, \"Level\": \"Information\", \"Message\": \"Process Create:\\r\\nRuleName: -\\r\\nUtcTime: 2026-10-07 01:38:01.911\\r\\nProcessGuid: {00000000-0000-0000-0000-000000000000}\\r\\nProcessId: 24000\\r\\nImage: C:\\\\Windows\\\\System32\\\\WindowsPowerShell\\\\v1.0\\\\powershell.exe\\r\\nFileVersion: 10.0.26100.9278 (WinBuild.160101.0800)\\r\\nDescription: Windows PowerShell\\r\\nProduct: Microsoftr Windowsr Operating System\\r\\nCompany: Microsoft Corporation\\r\\nOriginalFileName: PowerShell.EXE\\r\\nCommandLine: C:\\\\windows\\\\System32\\\\WindowsPowerShell\\\\v1.0\\\\powershell.exe -NoProfile -NonInteractive -ExecutionPolicy Bypass -Command \\\"Get-Service | Select-Object -First 5\\\"\\r\\nCurrentDirectory: C:\\\\windows\\\\\\r\\nUser: WORKSTATION\\\\analyst's\\r\\nLogonGuid: {00000000-0000-0000-0000-000000000000}\\r\\nLogonId: 0x0\\r\\nTerminalSessionId: 1\\r\\nIntegrityLevel: Medium\\r\\nHashes: SHA256=8BB6FA8C283B4D92120B1EF249A9B311B0F804D4CABBE9981159976C8BE76A5E\\r\\nParentProcessGuid: {00000000-0000-0000-0000-000000000000}\\r\\nParentProcessId: 59888\\r\\nParentImage: C:\\\\Users\\\\analyst's\\\\AppData\\\\Local\\\\local\\\\tools\\\\python-3.14.7+20260901-win32-x64\\\\python.exe\\r\\nParentCommandLine: C:\\\\Users\\\\analyst's\\\\Documents\\\\repo\\\\.venv\\\\Scripts\\\\python.exe C:\\\\ProgramData\\\\lab\\\\run_driver.py\\r\\nParentUser: WORKSTATION\\\\analyst's\", \"Provider\": \"Microsoft-Windows-Sysmon\", \"RecordId\": 456347, \"TimeCreated\": \"2026-10-07T07:08:01.9213397+05:30\", \"User\": {\"AccountDomainSid\": null, \"BinaryLength\": 12, \"Value\": \"S-1-5-0-0-0\"}}",
     "fields": {
      "RuleName": "-",
      "UtcTime": "2026-10-07 01:38:01.911",
      "Image": "C:\\Windows\\System32\\WindowsPowerShell\\v1.0\\powershell.exe",
      "FileVersion": "10.0.26100.9278 (WinBuild.160101.0800)",
      "Description": "Windows PowerShell",
      "Product": "Microsoftr Windowsr Operating System",
      "Company": "Microsoft Corporation",
      "OriginalFileName": "PowerShell.EXE",
      "CommandLine": "C:\\windows\\System32\\WindowsPowerShell\\v1.0\\powershell.exe -NoProfile -NonInteractive -ExecutionPolicy Bypass -Command \"Get-Service | Select-Object -First 5\"",
      "CurrentDirectory": "C:\\windows\\",
      "User": "WORKSTATION\\analyst's",
      "LogonId": "0x0",
      "TerminalSessionId": "1",
      "IntegrityLevel": "Medium",
      "ParentImage": "C:\\Users\\analyst's\\AppData\\Local\\local\\tools\\python-3.14.7+20260901-win32-x64\\python.exe",
      "ParentCommandLine": "C:\\Users\\analyst's\\Documents\\repo\\.venv\\Scripts\\python.exe C:\\ProgramData\\lab\\run_driver.py",
      "ParentUser": "WORKSTATION\\analyst's"
     },
     "captured_channel": "Microsoft-Windows-Sysmon/Operational"
    },
    {
     "timestamp": "2026-10-07T07:08:02.6402117+05:30",
     "channel": "Microsoft-Windows-Sysmon/Operational",
     "provider": "Microsoft-Windows-Sysmon",
     "event_id": "3",
     "level": "Information",
     "severity": "Low",
     "username": "WORKSTATION\\analyst's",
     "host": "localhost",
     "source_ip": "198.51.100.228",
     "message": "Network connection detected:\r\nRuleName: -\r\nUtcTime: 2026-10-07 01:37:57.188\r\nProcessGuid: {00000000-0000-0000-0000-000000000000}\r\nProcessId: 38512\r\nImage: C:\\Program Files\\NVIDIA Corporation\\NVIDIA App\\CEF\\NVIDIA Overlay.exe\r\nUser: WORKSTATION\\analyst's\r\nProtocol: udp\r\nInitiated: true\r\nSourceIsIpv6:",
     "record_id": 456348,
     "source": "windows-event-log",
     "is_alert": false,
     "rule_name": "Process opened an outbound connection",
     "external_id": "Microsoft-Windows-Sysmon/Operational:456348",
     "raw_log": "{\"Channel\": \"Microsoft-Windows-Sysmon/Operational\", \"EventData\": {\"DestinationHostname\": \"one.one.one.one\", \"DestinationIp\": \"198.51.100.242\", \"DestinationIsIpv6\": \"false\", \"DestinationPort\": \"53\", \"DestinationPortName\": \"domain\", \"Image\": \"C:\\\\Program Files\\\\NVIDIA Corporation\\\\NVIDIA App\\\\CEF\\\\NVIDIA Overlay.exe\", \"Initiated\": \"true\", \"ProcessGuid\": \"{00000000-0000-0000-0000-000000000000}\", \"ProcessId\": \"38512\", \"Protocol\": \"udp\", \"RuleName\": \"-\", \"SourceHostname\": \"WORKSTATION.Dlink\", \"SourceIp\": \"198.51.100.228\", \"SourceIsIpv6\": \"false\", \"SourcePort\": \"62965\", \"SourcePortName\": \"-\", \"User\": \"WORKSTATION\\\\analyst's\", \"UtcTime\": \"2026-10-07 01:37:57.188\"}, \"Id\": 3, \"Level\": \"Information\", \"Message\": \"Network connection detected:\\r\\nRuleName: -\\r\\nUtcTime: 2026-10-07 01:37:57.188\\r\\nProcessGuid: {00000000-0000-0000-0000-000000000000}\\r\\nProcessId: 38512\\r\\nImage: C:\\\\Program Files\\\\NVIDIA Corporation\\\\NVIDIA App\\\\CEF\\\\NVIDIA Overlay.exe\\r\\nUser: WORKSTATION\\\\analyst's\\r\\nProtocol: udp\\r\\nInitiated: true\\r\\nSourceIsIpv6: false\\r\\nSourceIp: 198.51.100.228\\r\\nSourceHostname: WORKSTATION.Dlink\\r\\nSourcePort: 62965\\r\\nSourcePortName: -\\r\\nDestinationIsIpv6: false\\r\\nDestinationIp: 198.51.100.242\\r\\nDestinationHostname: one.one.one.one\\r\\nDestinationPort: 53\\r\\nDestinationPortName: domain\", \"Provider\": \"Microsoft-Windows-Sysmon\", \"RecordId\": 456348, \"TimeCreated\": \"2026-10-07T07:08:02.6402117+05:30\", \"User\": {\"AccountDomainSid\": null, \"BinaryLength\": 12, \"Value\": \"S-1-5-0-0-0\"}}",
     "fields": {
      "RuleName": "-",
      "UtcTime": "2026-10-07 01:37:57.188",
      "Image": "C:\\Program Files\\NVIDIA Corporation\\NVIDIA App\\CEF\\NVIDIA Overlay.exe",
      "User": "WORKSTATION\\analyst's",
      "Protocol": "udp",
      "Initiated": "true",
      "SourceIsIpv6": "false",
      "SourceIp": "198.51.100.228",
      "SourceHostname": "WORKSTATION.Dlink",
      "SourcePort": "62965",
      "SourcePortName": "-",
      "DestinationIsIpv6": "false",
      "DestinationIp": "198.51.100.242",
      "DestinationHostname": "one.one.one.one",
      "DestinationPort": "53",
      "DestinationPortName": "domain"
     },
     "captured_channel": "Microsoft-Windows-Sysmon/Operational"
    },
    {
     "timestamp": "2026-10-07T07:08:02.6402301+05:30",
     "channel": "Microsoft-Windows-Sysmon/Operational",
     "provider": "Microsoft-Windows-Sysmon",
     "event_id": "3",
     "level": "Information",
     "severity": "Low",
     "username": "WORKSTATION\\analyst's",
     "host": "localhost",
     "source_ip": "198.51.100.228",
     "message": "Network connection detected:\r\nRuleName: -\r\nUtcTime: 2026-10-07 01:37:57.188\r\nProcessGuid: {00000000-0000-0000-0000-000000000000}\r\nProcessId: 38512\r\nImage: C:\\Program Files\\NVIDIA Corporation\\NVIDIA App\\CEF\\NVIDIA Overlay.exe\r\nUser: WORKSTATION\\analyst's\r\nProtocol: udp\r\nInitiated: true\r\nSourceIsIpv6:",
     "record_id": 456349,
     "source": "windows-event-log",
     "is_alert": false,
     "rule_name": "Process opened an outbound connection",
     "external_id": "Microsoft-Windows-Sysmon/Operational:456349",
     "raw_log": "{\"Channel\": \"Microsoft-Windows-Sysmon/Operational\", \"EventData\": {\"DestinationHostname\": \"one.one.one.one\", \"DestinationIp\": \"198.51.100.242\", \"DestinationIsIpv6\": \"false\", \"DestinationPort\": \"53\", \"DestinationPortName\": \"domain\", \"Image\": \"C:\\\\Program Files\\\\NVIDIA Corporation\\\\NVIDIA App\\\\CEF\\\\NVIDIA Overlay.exe\", \"Initiated\": \"true\", \"ProcessGuid\": \"{00000000-0000-0000-0000-000000000000}\", \"ProcessId\": \"38512\", \"Protocol\": \"udp\", \"RuleName\": \"-\", \"SourceHostname\": \"WORKSTATION.Dlink\", \"SourceIp\": \"198.51.100.228\", \"SourceIsIpv6\": \"false\", \"SourcePort\": \"53371\", \"SourcePortName\": \"-\", \"User\": \"WORKSTATION\\\\analyst's\", \"UtcTime\": \"2026-10-07 01:37:57.188\"}, \"Id\": 3, \"Level\": \"Information\", \"Message\": \"Network connection detected:\\r\\nRuleName: -\\r\\nUtcTime: 2026-10-07 01:37:57.188\\r\\nProcessGuid: {00000000-0000-0000-0000-000000000000}\\r\\nProcessId: 38512\\r\\nImage: C:\\\\Program Files\\\\NVIDIA Corporation\\\\NVIDIA App\\\\CEF\\\\NVIDIA Overlay.exe\\r\\nUser: WORKSTATION\\\\analyst's\\r\\nProtocol: udp\\r\\nInitiated: true\\r\\nSourceIsIpv6: false\\r\\nSourceIp: 198.51.100.228\\r\\nSourceHostname: WORKSTATION.Dlink\\r\\nSourcePort: 53371\\r\\nSourcePortName: -\\r\\nDestinationIsIpv6: false\\r\\nDestinationIp: 198.51.100.242\\r\\nDestinationHostname: one.one.one.one\\r\\nDestinationPort: 53\\r\\nDestinationPortName: domain\", \"Provider\": \"Microsoft-Windows-Sysmon\", \"RecordId\": 456349, \"TimeCreated\": \"2026-10-07T07:08:02.6402301+05:30\", \"User\": {\"AccountDomainSid\": null, \"BinaryLength\": 12, \"Value\": \"S-1-5-0-0-0\"}}",
     "fields": {
      "RuleName": "-",
      "UtcTime": "2026-10-07 01:37:57.188",
      "Image": "C:\\Program Files\\NVIDIA Corporation\\NVIDIA App\\CEF\\NVIDIA Overlay.exe",
      "User": "WORKSTATION\\analyst's",
      "Protocol": "udp",
      "Initiated": "true",
      "SourceIsIpv6": "false",
      "SourceIp": "198.51.100.228",
      "SourceHostname": "WORKSTATION.Dlink",
      "SourcePort": "53371",
      "SourcePortName": "-",
      "DestinationIsIpv6": "false",
      "DestinationIp": "198.51.100.242",
      "DestinationHostname": "one.one.one.one",
      "DestinationPort": "53",
      "DestinationPortName": "domain"
     },
     "captured_channel": "Microsoft-Windows-Sysmon/Operational"
    },
    {
     "timestamp": "2026-10-07T07:08:02.6402383+05:30",
     "channel": "Microsoft-Windows-Sysmon/Operational",
     "provider": "Microsoft-Windows-Sysmon",
     "event_id": "3",
     "level": "Information",
     "severity": "Low",
     "username": "WORKSTATION\\analyst's",
     "host": "localhost",
     "source_ip": "198.51.100.228",
     "message": "Network connection detected:\r\nRuleName: -\r\nUtcTime: 2026-10-07 01:37:57.205\r\nProcessGuid: {00000000-0000-0000-0000-000000000000}\r\nProcessId: 38512\r\nImage: C:\\Program Files\\NVIDIA Corporation\\NVIDIA App\\CEF\\NVIDIA Overlay.exe\r\nUser: WORKSTATION\\analyst's\r\nProtocol: udp\r\nInitiated: false\r\nSourceIsIpv6",
     "record_id": 456350,
     "source": "windows-event-log",
     "is_alert": false,
     "rule_name": "Process opened an outbound connection",
     "external_id": "Microsoft-Windows-Sysmon/Operational:456350",
     "raw_log": "{\"Channel\": \"Microsoft-Windows-Sysmon/Operational\", \"EventData\": {\"DestinationHostname\": \"one.one.one.one\", \"DestinationIp\": \"198.51.100.242\", \"DestinationIsIpv6\": \"false\", \"DestinationPort\": \"53\", \"DestinationPortName\": \"domain\", \"Image\": \"C:\\\\Program Files\\\\NVIDIA Corporation\\\\NVIDIA App\\\\CEF\\\\NVIDIA Overlay.exe\", \"Initiated\": \"false\", \"ProcessGuid\": \"{00000000-0000-0000-0000-000000000000}\", \"ProcessId\": \"38512\", \"Protocol\": \"udp\", \"RuleName\": \"-\", \"SourceHostname\": \"WORKSTATION.Dlink\", \"SourceIp\": \"198.51.100.228\", \"SourceIsIpv6\": \"false\", \"SourcePort\": \"62965\", \"SourcePortName\": \"-\", \"User\": \"WORKSTATION\\\\analyst's\", \"UtcTime\": \"2026-10-07 01:37:57.205\"}, \"Id\": 3, \"Level\": \"Information\", \"Message\": \"Network connection detected:\\r\\nRuleName: -\\r\\nUtcTime: 2026-10-07 01:37:57.205\\r\\nProcessGuid: {00000000-0000-0000-0000-000000000000}\\r\\nProcessId: 38512\\r\\nImage: C:\\\\Program Files\\\\NVIDIA Corporation\\\\NVIDIA App\\\\CEF\\\\NVIDIA Overlay.exe\\r\\nUser: WORKSTATION\\\\analyst's\\r\\nProtocol: udp\\r\\nInitiated: false\\r\\nSourceIsIpv6: false\\r\\nSourceIp: 198.51.100.228\\r\\nSourceHostname: WORKSTATION.Dlink\\r\\nSourcePort: 62965\\r\\nSourcePortName: -\\r\\nDestinationIsIpv6: false\\r\\nDestinationIp: 198.51.100.242\\r\\nDestinationHostname: one.one.one.one\\r\\nDestinationPort: 53\\r\\nDestinationPortName: domain\", \"Provider\": \"Microsoft-Windows-Sysmon\", \"RecordId\": 456350, \"TimeCreated\": \"2026-10-07T07:08:02.6402383+05:30\", \"User\": {\"AccountDomainSid\": null, \"BinaryLength\": 12, \"Value\": \"S-1-5-0-0-0\"}}",
     "fields": {
      "RuleName": "-",
      "UtcTime": "2026-10-07 01:37:57.205",
      "Image": "C:\\Program Files\\NVIDIA Corporation\\NVIDIA App\\CEF\\NVIDIA Overlay.exe",
      "User": "WORKSTATION\\analyst's",
      "Protocol": "udp",
      "Initiated": "false",
      "SourceIsIpv6": "false",
      "SourceIp": "198.51.100.228",
      "SourceHostname": "WORKSTATION.Dlink",
      "SourcePort": "62965",
      "SourcePortName": "-",
      "DestinationIsIpv6": "false",
      "DestinationIp": "198.51.100.242",
      "DestinationHostname": "one.one.one.one",
      "DestinationPort": "53",
      "DestinationPortName": "domain"
     },
     "captured_channel": "Microsoft-Windows-Sysmon/Operational"
    },
    {
     "timestamp": "2026-10-07T07:08:02.6402742+05:30",
     "channel": "Microsoft-Windows-Sysmon/Operational",
     "provider": "Microsoft-Windows-Sysmon",
     "event_id": "3",
     "level": "Information",
     "severity": "Low",
     "username": "WORKSTATION\\analyst's",
     "host": "localhost",
     "source_ip": "198.51.100.228",
     "message": "Network connection detected:\r\nRuleName: -\r\nUtcTime: 2026-10-07 01:37:57.207\r\nProcessGuid: {00000000-0000-0000-0000-000000000000}\r\nProcessId: 38512\r\nImage: C:\\Program Files\\NVIDIA Corporation\\NVIDIA App\\CEF\\NVIDIA Overlay.exe\r\nUser: WORKSTATION\\analyst's\r\nProtocol: udp\r\nInitiated: true\r\nSourceIsIpv6:",
     "record_id": 456351,
     "source": "windows-event-log",
     "is_alert": false,
     "rule_name": "Process opened an outbound connection",
     "external_id": "Microsoft-Windows-Sysmon/Operational:456351",
     "raw_log": "{\"Channel\": \"Microsoft-Windows-Sysmon/Operational\", \"EventData\": {\"DestinationHostname\": \"-\", \"DestinationIp\": \"198.51.100.132\", \"DestinationIsIpv6\": \"false\", \"DestinationPort\": \"443\", \"DestinationPortName\": \"https\", \"Image\": \"C:\\\\Program Files\\\\NVIDIA Corporation\\\\NVIDIA App\\\\CEF\\\\NVIDIA Overlay.exe\", \"Initiated\": \"true\", \"ProcessGuid\": \"{00000000-0000-0000-0000-000000000000}\", \"ProcessId\": \"38512\", \"Protocol\": \"udp\", \"RuleName\": \"-\", \"SourceHostname\": \"WORKSTATION.Dlink\", \"SourceIp\": \"198.51.100.228\", \"SourceIsIpv6\": \"false\", \"SourcePort\": \"52933\", \"SourcePortName\": \"-\", \"User\": \"WORKSTATION\\\\analyst's\", \"UtcTime\": \"2026-10-07 01:37:57.207\"}, \"Id\": 3, \"Level\": \"Information\", \"Message\": \"Network connection detected:\\r\\nRuleName: -\\r\\nUtcTime: 2026-10-07 01:37:57.207\\r\\nProcessGuid: {00000000-0000-0000-0000-000000000000}\\r\\nProcessId: 38512\\r\\nImage: C:\\\\Program Files\\\\NVIDIA Corporation\\\\NVIDIA App\\\\CEF\\\\NVIDIA Overlay.exe\\r\\nUser: WORKSTATION\\\\analyst's\\r\\nProtocol: udp\\r\\nInitiated: true\\r\\nSourceIsIpv6: false\\r\\nSourceIp: 198.51.100.228\\r\\nSourceHostname: WORKSTATION.Dlink\\r\\nSourcePort: 52933\\r\\nSourcePortName: -\\r\\nDestinationIsIpv6: false\\r\\nDestinationIp: 198.51.100.132\\r\\nDestinationHostname: -\\r\\nDestinationPort: 443\\r\\nDestinationPortName: https\", \"Provider\": \"Microsoft-Windows-Sysmon\", \"RecordId\": 456351, \"TimeCreated\": \"2026-10-07T07:08:02.6402742+05:30\", \"User\": {\"AccountDomainSid\": null, \"BinaryLength\": 12, \"Value\": \"S-1-5-0-0-0\"}}",
     "fields": {
      "RuleName": "-",
      "UtcTime": "2026-10-07 01:37:57.207",
      "Image": "C:\\Program Files\\NVIDIA Corporation\\NVIDIA App\\CEF\\NVIDIA Overlay.exe",
      "User": "WORKSTATION\\analyst's",
      "Protocol": "udp",
      "Initiated": "true",
      "SourceIsIpv6": "false",
      "SourceIp": "198.51.100.228",
      "SourceHostname": "WORKSTATION.Dlink",
      "SourcePort": "52933",
      "SourcePortName": "-",
      "DestinationIsIpv6": "false",
      "DestinationIp": "198.51.100.132",
      "DestinationHostname": "-",
      "DestinationPort": "443",
      "DestinationPortName": "https"
     },
     "captured_channel": "Microsoft-Windows-Sysmon/Operational"
    },
    {
     "timestamp": "2026-10-07T07:08:02.6402882+05:30",
     "channel": "Microsoft-Windows-Sysmon/Operational",
     "provider": "Microsoft-Windows-Sysmon",
     "event_id": "3",
     "level": "Information",
     "severity": "Low",
     "username": "WORKSTATION\\analyst's",
     "host": "localhost",
     "source_ip": "198.51.100.228",
     "message": "Network connection detected:\r\nRuleName: -\r\nUtcTime: 2026-10-07 01:37:57.207\r\nProcessGuid: {00000000-0000-0000-0000-000000000000}\r\nProcessId: 38512\r\nImage: C:\\Program Files\\NVIDIA Corporation\\NVIDIA App\\CEF\\NVIDIA Overlay.exe\r\nUser: WORKSTATION\\analyst's\r\nProtocol: udp\r\nInitiated: true\r\nSourceIsIpv6:",
     "record_id": 456352,
     "source": "windows-event-log",
     "is_alert": false,
     "rule_name": "Process opened an outbound connection",
     "external_id": "Microsoft-Windows-Sysmon/Operational:456352",
     "raw_log": "{\"Channel\": \"Microsoft-Windows-Sysmon/Operational\", \"EventData\": {\"DestinationHostname\": \"-\", \"DestinationIp\": \"198.51.100.132\", \"DestinationIsIpv6\": \"false\", \"DestinationPort\": \"443\", \"DestinationPortName\": \"https\", \"Image\": \"C:\\\\Program Files\\\\NVIDIA Corporation\\\\NVIDIA App\\\\CEF\\\\NVIDIA Overlay.exe\", \"Initiated\": \"true\", \"ProcessGuid\": \"{00000000-0000-0000-0000-000000000000}\", \"ProcessId\": \"38512\", \"Protocol\": \"udp\", \"RuleName\": \"-\", \"SourceHostname\": \"WORKSTATION.Dlink\", \"SourceIp\": \"198.51.100.228\", \"SourceIsIpv6\": \"false\", \"SourcePort\": \"52933\", \"SourcePortName\": \"-\", \"User\": \"WORKSTATION\\\\analyst's\", \"UtcTime\": \"2026-10-07 01:37:57.207\"}, \"Id\": 3, \"Level\": \"Information\", \"Message\": \"Network connection detected:\\r\\nRuleName: -\\r\\nUtcTime: 2026-10-07 01:37:57.207\\r\\nProcessGuid: {00000000-0000-0000-0000-000000000000}\\r\\nProcessId: 38512\\r\\nImage: C:\\\\Program Files\\\\NVIDIA Corporation\\\\NVIDIA App\\\\CEF\\\\NVIDIA Overlay.exe\\r\\nUser: WORKSTATION\\\\analyst's\\r\\nProtocol: udp\\r\\nInitiated: true\\r\\nSourceIsIpv6: false\\r\\nSourceIp: 198.51.100.228\\r\\nSourceHostname: WORKSTATION.Dlink\\r\\nSourcePort: 52933\\r\\nSourcePortName: -\\r\\nDestinationIsIpv6: false\\r\\nDestinationIp: 198.51.100.132\\r\\nDestinationHostname: -\\r\\nDestinationPort: 443\\r\\nDestinationPortName: https\", \"Provider\": \"Microsoft-Windows-Sysmon\", \"RecordId\": 456352, \"TimeCreated\": \"2026-10-07T07:08:02.6402882+05:30\", \"User\": {\"AccountDomainSid\": null, \"BinaryLength\": 12, \"Value\": \"S-1-5-0-0-0\"}}",
     "fields": {
      "RuleName": "-",
      "UtcTime": "2026-10-07 01:37:57.207",
      "Image": "C:\\Program Files\\NVIDIA Corporation\\NVIDIA App\\CEF\\NVIDIA Overlay.exe",
      "User": "WORKSTATION\\analyst's",
      "Protocol": "udp",
      "Initiated": "true",
      "SourceIsIpv6": "false",
      "SourceIp": "198.51.100.228",
      "SourceHostname": "WORKSTATION.Dlink",
      "SourcePort": "52933",
      "SourcePortName": "-",
      "DestinationIsIpv6": "false",
      "DestinationIp": "198.51.100.132",
      "DestinationHostname": "-",
      "DestinationPort": "443",
      "DestinationPortName": "https"
     },
     "captured_channel": "Microsoft-Windows-Sysmon/Operational"
    },
    {
     "timestamp": "2026-10-07T07:08:02.6402955+05:30",
     "channel": "Microsoft-Windows-Sysmon/Operational",
     "provider": "Microsoft-Windows-Sysmon",
     "event_id": "3",
     "level": "Information",
     "severity": "Low",
     "username": "WORKSTATION\\analyst's",
     "host": "localhost",
     "source_ip": "198.51.100.228",
     "message": "Network connection detected:\r\nRuleName: -\r\nUtcTime: 2026-10-07 01:37:57.207\r\nProcessGuid: {00000000-0000-0000-0000-000000000000}\r\nProcessId: 38512\r\nImage: C:\\Program Files\\NVIDIA Corporation\\NVIDIA App\\CEF\\NVIDIA Overlay.exe\r\nUser: WORKSTATION\\analyst's\r\nProtocol: udp\r\nInitiated: true\r\nSourceIsIpv6:",
     "record_id": 456353,
     "source": "windows-event-log",
     "is_alert": false,
     "rule_name": "Process opened an outbound connection",
     "external_id": "Microsoft-Windows-Sysmon/Operational:456353",
     "raw_log": "{\"Channel\": \"Microsoft-Windows-Sysmon/Operational\", \"EventData\": {\"DestinationHostname\": \"-\", \"DestinationIp\": \"198.51.100.132\", \"DestinationIsIpv6\": \"false\", \"DestinationPort\": \"443\", \"DestinationPortName\": \"https\", \"Image\": \"C:\\\\Program Files\\\\NVIDIA Corporation\\\\NVIDIA App\\\\CEF\\\\NVIDIA Overlay.exe\", \"Initiated\": \"true\", \"ProcessGuid\": \"{00000000-0000-0000-0000-000000000000}\", \"ProcessId\": \"38512\", \"Protocol\": \"udp\", \"RuleName\": \"-\", \"SourceHostname\": \"WORKSTATION.Dlink\", \"SourceIp\": \"198.51.100.228\", \"SourceIsIpv6\": \"false\", \"SourcePort\": \"52933\", \"SourcePortName\": \"-\", \"User\": \"WORKSTATION\\\\analyst's\", \"UtcTime\": \"2026-10-07 01:37:57.207\"}, \"Id\": 3, \"Level\": \"Information\", \"Message\": \"Network connection detected:\\r\\nRuleName: -\\r\\nUtcTime: 2026-10-07 01:37:57.207\\r\\nProcessGuid: {00000000-0000-0000-0000-000000000000}\\r\\nProcessId: 38512\\r\\nImage: C:\\\\Program Files\\\\NVIDIA Corporation\\\\NVIDIA App\\\\CEF\\\\NVIDIA Overlay.exe\\r\\nUser: WORKSTATION\\\\analyst's\\r\\nProtocol: udp\\r\\nInitiated: true\\r\\nSourceIsIpv6: false\\r\\nSourceIp: 198.51.100.228\\r\\nSourceHostname: WORKSTATION.Dlink\\r\\nSourcePort: 52933\\r\\nSourcePortName: -\\r\\nDestinationIsIpv6: false\\r\\nDestinationIp: 198.51.100.132\\r\\nDestinationHostname: -\\r\\nDestinationPort: 443\\r\\nDestinationPortName: https\", \"Provider\": \"Microsoft-Windows-Sysmon\", \"RecordId\": 456353, \"TimeCreated\": \"2026-10-07T07:08:02.6402955+05:30\", \"User\": {\"AccountDomainSid\": null, \"BinaryLength\": 12, \"Value\": \"S-1-5-0-0-0\"}}",
     "fields": {
      "RuleName": "-",
      "UtcTime": "2026-10-07 01:37:57.207",
      "Image": "C:\\Program Files\\NVIDIA Corporation\\NVIDIA App\\CEF\\NVIDIA Overlay.exe",
      "User": "WORKSTATION\\analyst's",
      "Protocol": "udp",
      "Initiated": "true",
      "SourceIsIpv6": "false",
      "SourceIp": "198.51.100.228",
      "SourceHostname": "WORKSTATION.Dlink",
      "SourcePort": "52933",
      "SourcePortName": "-",
      "DestinationIsIpv6": "false",
      "DestinationIp": "198.51.100.132",
      "DestinationHostname": "-",
      "DestinationPort": "443",
      "DestinationPortName": "https"
     },
     "captured_channel": "Microsoft-Windows-Sysmon/Operational"
    },
    {
     "timestamp": "2026-10-07T07:08:02.6403055+05:30",
     "channel": "Microsoft-Windows-Sysmon/Operational",
     "provider": "Microsoft-Windows-Sysmon",
     "event_id": "3",
     "level": "Information",
     "severity": "Low",
     "username": "WORKSTATION\\analyst's",
     "host": "localhost",
     "source_ip": "198.51.100.228",
     "message": "Network connection detected:\r\nRuleName: -\r\nUtcTime: 2026-10-07 01:37:57.242\r\nProcessGuid: {00000000-0000-0000-0000-000000000000}\r\nProcessId: 38512\r\nImage: C:\\Program Files\\NVIDIA Corporation\\NVIDIA App\\CEF\\NVIDIA Overlay.exe\r\nUser: WORKSTATION\\analyst's\r\nProtocol: udp\r\nInitiated: true\r\nSourceIsIpv6:",
     "record_id": 456354,
     "source": "windows-event-log",
     "is_alert": false,
     "rule_name": "Process opened an outbound connection",
     "external_id": "Microsoft-Windows-Sysmon/Operational:456354",
     "raw_log": "{\"Channel\": \"Microsoft-Windows-Sysmon/Operational\", \"EventData\": {\"DestinationHostname\": \"-\", \"DestinationIp\": \"198.51.100.201\", \"DestinationIsIpv6\": \"false\", \"DestinationPort\": \"443\", \"DestinationPortName\": \"https\", \"Image\": \"C:\\\\Program Files\\\\NVIDIA Corporation\\\\NVIDIA App\\\\CEF\\\\NVIDIA Overlay.exe\", \"Initiated\": \"true\", \"ProcessGuid\": \"{00000000-0000-0000-0000-000000000000}\", \"ProcessId\": \"38512\", \"Protocol\": \"udp\", \"RuleName\": \"-\", \"SourceHostname\": \"WORKSTATION.Dlink\", \"SourceIp\": \"198.51.100.228\", \"SourceIsIpv6\": \"false\", \"SourcePort\": \"60651\", \"SourcePortName\": \"-\", \"User\": \"WORKSTATION\\\\analyst's\", \"UtcTime\": \"2026-10-07 01:37:57.242\"}, \"Id\": 3, \"Level\": \"Information\", \"Message\": \"Network connection detected:\\r\\nRuleName: -\\r\\nUtcTime: 2026-10-07 01:37:57.242\\r\\nProcessGuid: {00000000-0000-0000-0000-000000000000}\\r\\nProcessId: 38512\\r\\nImage: C:\\\\Program Files\\\\NVIDIA Corporation\\\\NVIDIA App\\\\CEF\\\\NVIDIA Overlay.exe\\r\\nUser: WORKSTATION\\\\analyst's\\r\\nProtocol: udp\\r\\nInitiated: true\\r\\nSourceIsIpv6: false\\r\\nSourceIp: 198.51.100.228\\r\\nSourceHostname: WORKSTATION.Dlink\\r\\nSourcePort: 60651\\r\\nSourcePortName: -\\r\\nDestinationIsIpv6: false\\r\\nDestinationIp: 198.51.100.201\\r\\nDestinationHostname: -\\r\\nDestinationPort: 443\\r\\nDestinationPortName: https\", \"Provider\": \"Microsoft-Windows-Sysmon\", \"RecordId\": 456354, \"TimeCreated\": \"2026-10-07T07:08:02.6403055+05:30\", \"User\": {\"AccountDomainSid\": null, \"BinaryLength\": 12, \"Value\": \"S-1-5-0-0-0\"}}",
     "fields": {
      "RuleName": "-",
      "UtcTime": "2026-10-07 01:37:57.242",
      "Image": "C:\\Program Files\\NVIDIA Corporation\\NVIDIA App\\CEF\\NVIDIA Overlay.exe",
      "User": "WORKSTATION\\analyst's",
      "Protocol": "udp",
      "Initiated": "true",
      "SourceIsIpv6": "false",
      "SourceIp": "198.51.100.228",
      "SourceHostname": "WORKSTATION.Dlink",
      "SourcePort": "60651",
      "SourcePortName": "-",
      "DestinationIsIpv6": "false",
      "DestinationIp": "198.51.100.201",
      "DestinationHostname": "-",
      "DestinationPort": "443",
      "DestinationPortName": "https"
     },
     "captured_channel": "Microsoft-Windows-Sysmon/Operational"
    },
    {
     "timestamp": "2026-10-07T07:08:02.6403118+05:30",
     "channel": "Microsoft-Windows-Sysmon/Operational",
     "provider": "Microsoft-Windows-Sysmon",
     "event_id": "3",
     "level": "Information",
     "severity": "Low",
     "username": "WORKSTATION\\analyst's",
     "host": "localhost",
     "source_ip": "198.51.100.228",
     "message": "Network connection detected:\r\nRuleName: -\r\nUtcTime: 2026-10-07 01:37:57.242\r\nProcessGuid: {00000000-0000-0000-0000-000000000000}\r\nProcessId: 38512\r\nImage: C:\\Program Files\\NVIDIA Corporation\\NVIDIA App\\CEF\\NVIDIA Overlay.exe\r\nUser: WORKSTATION\\analyst's\r\nProtocol: udp\r\nInitiated: true\r\nSourceIsIpv6:",
     "record_id": 456355,
     "source": "windows-event-log",
     "is_alert": false,
     "rule_name": "Process opened an outbound connection",
     "external_id": "Microsoft-Windows-Sysmon/Operational:456355",
     "raw_log": "{\"Channel\": \"Microsoft-Windows-Sysmon/Operational\", \"EventData\": {\"DestinationHostname\": \"-\", \"DestinationIp\": \"198.51.100.201\", \"DestinationIsIpv6\": \"false\", \"DestinationPort\": \"443\", \"DestinationPortName\": \"https\", \"Image\": \"C:\\\\Program Files\\\\NVIDIA Corporation\\\\NVIDIA App\\\\CEF\\\\NVIDIA Overlay.exe\", \"Initiated\": \"true\", \"ProcessGuid\": \"{00000000-0000-0000-0000-000000000000}\", \"ProcessId\": \"38512\", \"Protocol\": \"udp\", \"RuleName\": \"-\", \"SourceHostname\": \"WORKSTATION.Dlink\", \"SourceIp\": \"198.51.100.228\", \"SourceIsIpv6\": \"false\", \"SourcePort\": \"60651\", \"SourcePortName\": \"-\", \"User\": \"WORKSTATION\\\\analyst's\", \"UtcTime\": \"2026-10-07 01:37:57.242\"}, \"Id\": 3, \"Level\": \"Information\", \"Message\": \"Network connection detected:\\r\\nRuleName: -\\r\\nUtcTime: 2026-10-07 01:37:57.242\\r\\nProcessGuid: {00000000-0000-0000-0000-000000000000}\\r\\nProcessId: 38512\\r\\nImage: C:\\\\Program Files\\\\NVIDIA Corporation\\\\NVIDIA App\\\\CEF\\\\NVIDIA Overlay.exe\\r\\nUser: WORKSTATION\\\\analyst's\\r\\nProtocol: udp\\r\\nInitiated: true\\r\\nSourceIsIpv6: false\\r\\nSourceIp: 198.51.100.228\\r\\nSourceHostname: WORKSTATION.Dlink\\r\\nSourcePort: 60651\\r\\nSourcePortName: -\\r\\nDestinationIsIpv6: false\\r\\nDestinationIp: 198.51.100.201\\r\\nDestinationHostname: -\\r\\nDestinationPort: 443\\r\\nDestinationPortName: https\", \"Provider\": \"Microsoft-Windows-Sysmon\", \"RecordId\": 456355, \"TimeCreated\": \"2026-10-07T07:08:02.6403118+05:30\", \"User\": {\"AccountDomainSid\": null, \"BinaryLength\": 12, \"Value\": \"S-1-5-0-0-0\"}}",
     "fields": {
      "RuleName": "-",
      "UtcTime": "2026-10-07 01:37:57.242",
      "Image": "C:\\Program Files\\NVIDIA Corporation\\NVIDIA App\\CEF\\NVIDIA Overlay.exe",
      "User": "WORKSTATION\\analyst's",
      "Protocol": "udp",
      "Initiated": "true",
      "SourceIsIpv6": "false",
      "SourceIp": "198.51.100.228",
      "SourceHostname": "WORKSTATION.Dlink",
      "SourcePort": "60651",
      "SourcePortName": "-",
      "DestinationIsIpv6": "false",
      "DestinationIp": "198.51.100.201",
      "DestinationHostname": "-",
      "DestinationPort": "443",
      "DestinationPortName": "https"
     },
     "captured_channel": "Microsoft-Windows-Sysmon/Operational"
    },
    {
     "timestamp": "2026-10-07T07:08:02.6403191+05:30",
     "channel": "Microsoft-Windows-Sysmon/Operational",
     "provider": "Microsoft-Windows-Sysmon",
     "event_id": "3",
     "level": "Information",
     "severity": "Low",
     "username": "WORKSTATION\\analyst's",
     "host": "localhost",
     "source_ip": "198.51.100.228",
     "message": "Network connection detected:\r\nRuleName: -\r\nUtcTime: 2026-10-07 01:37:57.272\r\nProcessGuid: {00000000-0000-0000-0000-000000000000}\r\nProcessId: 38512\r\nImage: C:\\Program Files\\NVIDIA Corporation\\NVIDIA App\\CEF\\NVIDIA Overlay.exe\r\nUser: WORKSTATION\\analyst's\r\nProtocol: udp\r\nInitiated: false\r\nSourceIsIpv6",
     "record_id": 456356,
     "source": "windows-event-log",
     "is_alert": false,
     "rule_name": "Process opened an outbound connection",
     "external_id": "Microsoft-Windows-Sysmon/Operational:456356",
     "raw_log": "{\"Channel\": \"Microsoft-Windows-Sysmon/Operational\", \"EventData\": {\"DestinationHostname\": \"-\", \"DestinationIp\": \"198.51.100.201\", \"DestinationIsIpv6\": \"false\", \"DestinationPort\": \"443\", \"DestinationPortName\": \"https\", \"Image\": \"C:\\\\Program Files\\\\NVIDIA Corporation\\\\NVIDIA App\\\\CEF\\\\NVIDIA Overlay.exe\", \"Initiated\": \"false\", \"ProcessGuid\": \"{00000000-0000-0000-0000-000000000000}\", \"ProcessId\": \"38512\", \"Protocol\": \"udp\", \"RuleName\": \"-\", \"SourceHostname\": \"WORKSTATION.Dlink\", \"SourceIp\": \"198.51.100.228\", \"SourceIsIpv6\": \"false\", \"SourcePort\": \"60651\", \"SourcePortName\": \"-\", \"User\": \"WORKSTATION\\\\analyst's\", \"UtcTime\": \"2026-10-07 01:37:57.272\"}, \"Id\": 3, \"Level\": \"Information\", \"Message\": \"Network connection detected:\\r\\nRuleName: -\\r\\nUtcTime: 2026-10-07 01:37:57.272\\r\\nProcessGuid: {00000000-0000-0000-0000-000000000000}\\r\\nProcessId: 38512\\r\\nImage: C:\\\\Program Files\\\\NVIDIA Corporation\\\\NVIDIA App\\\\CEF\\\\NVIDIA Overlay.exe\\r\\nUser: WORKSTATION\\\\analyst's\\r\\nProtocol: udp\\r\\nInitiated: false\\r\\nSourceIsIpv6: false\\r\\nSourceIp: 198.51.100.228\\r\\nSourceHostname: WORKSTATION.Dlink\\r\\nSourcePort: 60651\\r\\nSourcePortName: -\\r\\nDestinationIsIpv6: false\\r\\nDestinationIp: 198.51.100.201\\r\\nDestinationHostname: -\\r\\nDestinationPort: 443\\r\\nDestinationPortName: https\", \"Provider\": \"Microsoft-Windows-Sysmon\", \"RecordId\": 456356, \"TimeCreated\": \"2026-10-07T07:08:02.6403191+05:30\", \"User\": {\"AccountDomainSid\": null, \"BinaryLength\": 12, \"Value\": \"S-1-5-0-0-0\"}}",
     "fields": {
      "RuleName": "-",
      "UtcTime": "2026-10-07 01:37:57.272",
      "Image": "C:\\Program Files\\NVIDIA Corporation\\NVIDIA App\\CEF\\NVIDIA Overlay.exe",
      "User": "WORKSTATION\\analyst's",
      "Protocol": "udp",
      "Initiated": "false",
      "SourceIsIpv6": "false",
      "SourceIp": "198.51.100.228",
      "SourceHostname": "WORKSTATION.Dlink",
      "SourcePort": "60651",
      "SourcePortName": "-",
      "DestinationIsIpv6": "false",
      "DestinationIp": "198.51.100.201",
      "DestinationHostname": "-",
      "DestinationPort": "443",
      "DestinationPortName": "https"
     },
     "captured_channel": "Microsoft-Windows-Sysmon/Operational"
    },
    {
     "timestamp": "2026-10-07T07:08:04.1239793+05:30",
     "channel": "Microsoft-Windows-Sysmon/Operational",
     "provider": "Microsoft-Windows-Sysmon",
     "event_id": "8",
     "level": "Information",
     "severity": "Low",
     "username": "{'BinaryLength': 12, 'AccountDomainSid': None, 'Value': 'S-1-5-0-0-0'}",
     "host": "localhost",
     "source_ip": "local",
     "message": "CreateRemoteThread detected:\r\nRuleName: -\r\nUtcTime: 2026-10-07 01:38:04.123\r\nSourceProcessGuid: {00000000-0000-0000-0000-000000000000}\r\nSourceProcessId: 54412\r\nSourceImage: C:\\Users\\analyst's\\AppData\\Local\\local\\tools\\chromium-1208\\chrome-win64\\chrome.exe\r\nTargetProcessGuid: {00000000-0000-0000-0000",
     "record_id": 456357,
     "source": "windows-event-log",
     "is_alert": false,
     "rule_name": "",
     "external_id": "Microsoft-Windows-Sysmon/Operational:456357",
     "raw_log": "{\"Channel\": \"Microsoft-Windows-Sysmon/Operational\", \"EventData\": {\"NewThreadId\": \"34624\", \"RuleName\": \"-\", \"SourceImage\": \"C:\\\\Users\\\\analyst's\\\\AppData\\\\Local\\\\local\\\\tools\\\\chromium-1208\\\\chrome-win64\\\\chrome.exe\", \"SourceProcessGuid\": \"{00000000-0000-0000-0000-000000000000}\", \"SourceProcessId\": \"54412\", \"SourceUser\": \"WORKSTATION\\\\analyst's\", \"StartAddress\": \"0x0\", \"StartFunction\": \"-\", \"StartModule\": \"C:\\\\Users\\\\analyst's\\\\AppData\\\\Local\\\\local\\\\tools\\\\chromium-1208\\\\chrome-win64\\\\chrome.dll\", \"TargetImage\": \"C:\\\\Users\\\\analyst's\\\\AppData\\\\Local\\\\local\\\\tools\\\\chromium-1208\\\\chrome-win64\\\\chrome.exe\", \"TargetProcessGuid\": \"{00000000-0000-0000-0000-000000000000}\", \"TargetProcessId\": \"75336\", \"TargetUser\": \"WORKSTATION\\\\analyst's\", \"UtcTime\": \"2026-10-07 01:38:04.123\"}, \"Id\": 8, \"Level\": \"Information\", \"Message\": \"CreateRemoteThread detected:\\r\\nRuleName: -\\r\\nUtcTime: 2026-10-07 01:38:04.123\\r\\nSourceProcessGuid: {00000000-0000-0000-0000-000000000000}\\r\\nSourceProcessId: 54412\\r\\nSourceImage: C:\\\\Users\\\\analyst's\\\\AppData\\\\Local\\\\local\\\\tools\\\\chromium-1208\\\\chrome-win64\\\\chrome.exe\\r\\nTargetProcessGuid: {00000000-0000-0000-0000-000000000000}\\r\\nTargetProcessId: 75336\\r\\nTargetImage: C:\\\\Users\\\\analyst's\\\\AppData\\\\Local\\\\local\\\\tools\\\\chromium-1208\\\\chrome-win64\\\\chrome.exe\\r\\nNewThreadId: 34624\\r\\nStartAddress: 0x0\\r\\nStartModule: C:\\\\Users\\\\analyst's\\\\AppData\\\\Local\\\\local\\\\tools\\\\chromium-1208\\\\chrome-win64\\\\chrome.dll\\r\\nStartFunction: -\\r\\nSourceUser: WORKSTATION\\\\analyst's\\r\\nTargetUser: WORKSTATION\\\\analyst's\", \"Provider\": \"Microsoft-Windows-Sysmon\", \"RecordId\": 456357, \"TimeCreated\": \"2026-10-07T07:08:04.1239793+05:30\", \"User\": {\"AccountDomainSid\": null, \"BinaryLength\": 12, \"Value\": \"S-1-5-0-0-0\"}}",
     "fields": {
      "RuleName": "-",
      "UtcTime": "2026-10-07 01:38:04.123",
      "SourceProcessGuid": "{00000000-0000-0000-0000-000000000000}",
      "SourceProcessId": "54412",
      "SourceImage": "C:\\Users\\analyst's\\AppData\\Local\\local\\tools\\chromium-1208\\chrome-win64\\chrome.exe",
      "TargetProcessGuid": "{00000000-0000-0000-0000-000000000000}",
      "TargetProcessId": "75336",
      "TargetImage": "C:\\Users\\analyst's\\AppData\\Local\\local\\tools\\chromium-1208\\chrome-win64\\chrome.exe",
      "NewThreadId": "34624",
      "StartAddress": "0x0",
      "StartModule": "C:\\Users\\analyst's\\AppData\\Local\\local\\tools\\chromium-1208\\chrome-win64\\chrome.dll",
      "StartFunction": "-",
      "SourceUser": "WORKSTATION\\analyst's",
      "TargetUser": "WORKSTATION\\analyst's"
     },
     "captured_channel": "Microsoft-Windows-Sysmon/Operational"
    },
    {
     "timestamp": "2026-10-07T07:07:59.9688004+05:30",
     "channel": "Microsoft-Windows-PowerShell/Operational",
     "provider": "Microsoft-Windows-PowerShell",
     "event_id": "40961",
     "level": "Information",
     "severity": "Low",
     "username": "{'BinaryLength': 28, 'AccountDomainSid': {'BinaryLength': 24, 'AccountDomainSid': {'BinaryLength': 24, 'AccountDomainSid': 'S-1-5-0-0-0-1001', 'Value': 'S-1-5-0-0-0-1001'}, 'Value': 'S-1-5-0-0-0-1001'}, 'Value': 'S-1-5-0-0-0-1001'}",
     "host": "localhost",
     "source_ip": "local",
     "message": "PowerShell console is starting up",
     "record_id": 425197,
     "source": "windows-event-log",
     "is_alert": false,
     "rule_name": "",
     "external_id": "Microsoft-Windows-PowerShell/Operational:425197",
     "raw_log": "{\"Channel\": \"Microsoft-Windows-PowerShell/Operational\", \"EventData\": {}, \"Id\": 40961, \"Level\": \"Information\", \"Message\": \"PowerShell console is starting up\", \"Provider\": \"Microsoft-Windows-PowerShell\", \"RecordId\": 425197, \"TimeCreated\": \"2026-10-07T07:07:59.9688004+05:30\", \"User\": {\"AccountDomainSid\": {\"AccountDomainSid\": {\"AccountDomainSid\": \"S-1-5-0-0-0-1001\", \"BinaryLength\": 24, \"Value\": \"S-1-5-0-0-0-1001\"}, \"BinaryLength\": 24, \"Value\": \"S-1-5-0-0-0-1001\"}, \"BinaryLength\": 28, \"Value\": \"S-1-5-0-0-0-1001\"}}",
     "fields": {},
     "captured_channel": "Microsoft-Windows-PowerShell/Operational"
    },
    {
     "timestamp": "2026-10-07T07:08:00.0455308+05:30",
     "channel": "Microsoft-Windows-PowerShell/Operational",
     "provider": "Microsoft-Windows-PowerShell",
     "event_id": "53504",
     "level": "Information",
     "severity": "Low",
     "username": "{'BinaryLength': 28, 'AccountDomainSid': {'BinaryLength': 24, 'AccountDomainSid': {'BinaryLength': 24, 'AccountDomainSid': 'S-1-5-0-0-0-1001', 'Value': 'S-1-5-0-0-0-1001'}, 'Value': 'S-1-5-0-0-0-1001'}, 'Value': 'S-1-5-0-0-0-1001'}",
     "host": "localhost",
     "source_ip": "local",
     "message": "Windows PowerShell has started an IPC listening thread on process: 99148 in AppDomain: DefaultAppDomain.",
     "record_id": 425198,
     "source": "windows-event-log",
     "is_alert": false,
     "rule_name": "",
     "external_id": "Microsoft-Windows-PowerShell/Operational:425198",
     "raw_log": "{\"Channel\": \"Microsoft-Windows-PowerShell/Operational\", \"EventData\": {\"param1\": \"99148\", \"param2\": \"DefaultAppDomain\"}, \"Id\": 53504, \"Level\": \"Information\", \"Message\": \"Windows PowerShell has started an IPC listening thread on process: 99148 in AppDomain: DefaultAppDomain.\", \"Provider\": \"Microsoft-Windows-PowerShell\", \"RecordId\": 425198, \"TimeCreated\": \"2026-10-07T07:08:00.0455308+05:30\", \"User\": {\"AccountDomainSid\": {\"AccountDomainSid\": {\"AccountDomainSid\": \"S-1-5-0-0-0-1001\", \"BinaryLength\": 24, \"Value\": \"S-1-5-0-0-0-1001\"}, \"BinaryLength\": 24, \"Value\": \"S-1-5-0-0-0-1001\"}, \"BinaryLength\": 28, \"Value\": \"S-1-5-0-0-0-1001\"}}",
     "fields": {
      "param1": "99148",
      "param2": "DefaultAppDomain"
     },
     "captured_channel": "Microsoft-Windows-PowerShell/Operational"
    },
