     "source": "windows-event-log",
     "is_alert": false,
     "rule_name": "",
     "external_id": "Security:12529663",
     "raw_log": "{\"Channel\": \"Security\", \"EventData\": {\"CallerProcessId\": \"0x698\", \"CallerProcessName\": \"C:\\\\Windows\\\\System32\\\\svchost.exe\", \"SubjectDomainName\": \"WORKGROUP\", \"SubjectLogonId\": \"0x3e7\", \"SubjectUserName\": \"WORKSTATION$\", \"SubjectUserSid\": \"S-1-5-0-0-0\", \"TargetDomainName\": \"WORKSTATION\", \"TargetSid\": \"S-1-5-0-0-0-1001\", \"TargetUserName\": \"Administrator\"}, \"Id\": 4798, \"Level\": \"Information\", \"Message\": \"A user's local group membership was enumerated.\\r\\n\\r\\nSubject:\\r\\n\\tSecurity ID:\\t\\tS-1-5-0-0-0\\r\\n\\tAccount Name:\\t\\tWORKSTATION$\\r\\n\\tAccount Domain:\\t\\tWORKGROUP\\r\\n\\tLogon ID:\\t\\t0x3E7\\r\\n\\r\\nUser:\\r\\n\\tSecurity ID:\\t\\tS-1-5-0-0-0-1001\\r\\n\\tAccount Name:\\t\\tAdministrator\\r\\n\\tAccount Domain:\\t\\tWORKSTATION\\r\\n\\r\\nProcess Information:\\r\\n\\tProcess ID:\\t\\t0x698\\r\\n\\tProcess Name:\\t\\tC:\\\\Windows\\\\System32\\\\svchost.exe\", \"Provider\": \"Microsoft-Windows-Security-Auditing\", \"RecordId\": 12529663, \"TimeCreated\": \"2026-10-07T07:08:28.9402004+05:30\", \"User\": null}",
     "fields": {
      "TargetUserName": "Administrator",
      "TargetDomainName": "WORKSTATION",
      "TargetSid": "S-1-5-0-0-0-1001",
      "SubjectUserSid": "S-1-5-0-0-0",
      "SubjectUserName": "WORKSTATION$",
      "SubjectDomainName": "WORKGROUP",
      "SubjectLogonId": "0x3e7",
      "CallerProcessId": "0x698",
      "CallerProcessName": "C:\\Windows\\System32\\svchost.exe"
     },
     "captured_channel": "Security"
    },
    {
     "timestamp": "2026-10-07T07:08:28.9405767+05:30",
     "channel": "Security",
     "provider": "Microsoft-Windows-Security-Auditing",
     "event_id": "4798",
     "level": "Information",
     "severity": "Low",
     "username": "DefaultAccount",
     "host": "localhost",
     "source_ip": "local",
     "message": "A user's local group membership was enumerated.\r\n\r\nSubject:\r\n\tSecurity ID:\t\tS-1-5-0-0-0\r\n\tAccount Name:\t\tWORKSTATION$\r\n\tAccount Domain:\t\tWORKGROUP\r\n\tLogon ID:\t\t0x3E7\r\n\r\nUser:\r\n\tSecurity ID:\t\tS-1-5-0-0-0-1001\r\n\tAccount Name:\t\tDefaultAccount\r\n\tAccount Domain:\t\tWORKSTATION\r\n\r\nProcess Information:\r\n\tPro",
     "record_id": 12529664,
     "source": "windows-event-log",
     "is_alert": false,
     "rule_name": "",
     "external_id": "Security:12529664",
     "raw_log": "{\"Channel\": \"Security\", \"EventData\": {\"CallerProcessId\": \"0x698\", \"CallerProcessName\": \"C:\\\\Windows\\\\System32\\\\svchost.exe\", \"SubjectDomainName\": \"WORKGROUP\", \"SubjectLogonId\": \"0x3e7\", \"SubjectUserName\": \"WORKSTATION$\", \"SubjectUserSid\": \"S-1-5-0-0-0\", \"TargetDomainName\": \"WORKSTATION\", \"TargetSid\": \"S-1-5-0-0-0-1001\", \"TargetUserName\": \"DefaultAccount\"}, \"Id\": 4798, \"Level\": \"Information\", \"Message\": \"A user's local group membership was enumerated.\\r\\n\\r\\nSubject:\\r\\n\\tSecurity ID:\\t\\tS-1-5-0-0-0\\r\\n\\tAccount Name:\\t\\tWORKSTATION$\\r\\n\\tAccount Domain:\\t\\tWORKGROUP\\r\\n\\tLogon ID:\\t\\t0x3E7\\r\\n\\r\\nUser:\\r\\n\\tSecurity ID:\\t\\tS-1-5-0-0-0-1001\\r\\n\\tAccount Name:\\t\\tDefaultAccount\\r\\n\\tAccount Domain:\\t\\tWORKSTATION\\r\\n\\r\\nProcess Information:\\r\\n\\tProcess ID:\\t\\t0x698\\r\\n\\tProcess Name:\\t\\tC:\\\\Windows\\\\System32\\\\svchost.exe\", \"Provider\": \"Microsoft-Windows-Security-Auditing\", \"RecordId\": 12529664, \"TimeCreated\": \"2026-10-07T07:08:28.9405767+05:30\", \"User\": null}",
     "fields": {
      "TargetUserName": "DefaultAccount",
      "TargetDomainName": "WORKSTATION",
      "TargetSid": "S-1-5-0-0-0-1001",
      "SubjectUserSid": "S-1-5-0-0-0",
      "SubjectUserName": "WORKSTATION$",
      "SubjectDomainName": "WORKGROUP",
      "SubjectLogonId": "0x3e7",
      "CallerProcessId": "0x698",
      "CallerProcessName": "C:\\Windows\\System32\\svchost.exe"
     },
     "captured_channel": "Security"
    },
    {
     "timestamp": "2026-10-07T07:08:28.9409647+05:30",
     "channel": "Security",
     "provider": "Microsoft-Windows-Security-Auditing",
     "event_id": "4798",
     "level": "Information",
     "severity": "Low",
     "username": "Guest",
     "host": "localhost",
     "source_ip": "local",
     "message": "A user's local group membership was enumerated.\r\n\r\nSubject:\r\n\tSecurity ID:\t\tS-1-5-0-0-0\r\n\tAccount Name:\t\tWORKSTATION$\r\n\tAccount Domain:\t\tWORKGROUP\r\n\tLogon ID:\t\t0x3E7\r\n\r\nUser:\r\n\tSecurity ID:\t\tS-1-5-0-0-0-1001\r\n\tAccount Name:\t\tGuest\r\n\tAccount Domain:\t\tWORKSTATION\r\n\r\nProcess Information:\r\n\tProcess ID:\t",
     "record_id": 12529665,
     "source": "windows-event-log",
     "is_alert": false,
     "rule_name": "",
     "external_id": "Security:12529665",
     "raw_log": "{\"Channel\": \"Security\", \"EventData\": {\"CallerProcessId\": \"0x698\", \"CallerProcessName\": \"C:\\\\Windows\\\\System32\\\\svchost.exe\", \"SubjectDomainName\": \"WORKGROUP\", \"SubjectLogonId\": \"0x3e7\", \"SubjectUserName\": \"WORKSTATION$\", \"SubjectUserSid\": \"S-1-5-0-0-0\", \"TargetDomainName\": \"WORKSTATION\", \"TargetSid\": \"S-1-5-0-0-0-1001\", \"TargetUserName\": \"Guest\"}, \"Id\": 4798, \"Level\": \"Information\", \"Message\": \"A user's local group membership was enumerated.\\r\\n\\r\\nSubject:\\r\\n\\tSecurity ID:\\t\\tS-1-5-0-0-0\\r\\n\\tAccount Name:\\t\\tWORKSTATION$\\r\\n\\tAccount Domain:\\t\\tWORKGROUP\\r\\n\\tLogon ID:\\t\\t0x3E7\\r\\n\\r\\nUser:\\r\\n\\tSecurity ID:\\t\\tS-1-5-0-0-0-1001\\r\\n\\tAccount Name:\\t\\tGuest\\r\\n\\tAccount Domain:\\t\\tWORKSTATION\\r\\n\\r\\nProcess Information:\\r\\n\\tProcess ID:\\t\\t0x698\\r\\n\\tProcess Name:\\t\\tC:\\\\Windows\\\\System32\\\\svchost.exe\", \"Provider\": \"Microsoft-Windows-Security-Auditing\", \"RecordId\": 12529665, \"TimeCreated\": \"2026-10-07T07:08:28.9409647+05:30\", \"User\": null}",
     "fields": {
      "TargetUserName": "Guest",
      "TargetDomainName": "WORKSTATION",
      "TargetSid": "S-1-5-0-0-0-1001",
      "SubjectUserSid": "S-1-5-0-0-0",
      "SubjectUserName": "WORKSTATION$",
      "SubjectDomainName": "WORKGROUP",
      "SubjectLogonId": "0x3e7",
      "CallerProcessId": "0x698",
      "CallerProcessName": "C:\\Windows\\System32\\svchost.exe"
     },
     "captured_channel": "Security"
    },
    {
     "timestamp": "2026-10-07T07:08:28.9415874+05:30",
     "channel": "Security",
     "provider": "Microsoft-Windows-Security-Auditing",
     "event_id": "4798",
     "level": "Information",
     "severity": "Low",
     "username": "analyst's",
     "host": "localhost",
     "source_ip": "local",
     "message": "A user's local group membership was enumerated.\r\n\r\nSubject:\r\n\tSecurity ID:\t\tS-1-5-0-0-0\r\n\tAccount Name:\t\tWORKSTATION$\r\n\tAccount Domain:\t\tWORKGROUP\r\n\tLogon ID:\t\t0x3E7\r\n\r\nUser:\r\n\tSecurity ID:\t\tS-1-5-0-0-0-1001\r\n\tAccount Name:\t\tanalyst's\r\n\tAccount Domain:\t\tWORKSTATION\r\n\r\nProcess Information:\r\n\tProcess ",
     "record_id": 12529666,
     "source": "windows-event-log",
     "is_alert": false,
     "rule_name": "",
     "external_id": "Security:12529666",
     "raw_log": "{\"Channel\": \"Security\", \"EventData\": {\"CallerProcessId\": \"0x698\", \"CallerProcessName\": \"C:\\\\Windows\\\\System32\\\\svchost.exe\", \"SubjectDomainName\": \"WORKGROUP\", \"SubjectLogonId\": \"0x3e7\", \"SubjectUserName\": \"WORKSTATION$\", \"SubjectUserSid\": \"S-1-5-0-0-0\", \"TargetDomainName\": \"WORKSTATION\", \"TargetSid\": \"S-1-5-0-0-0-1001\", \"TargetUserName\": \"analyst's\"}, \"Id\": 4798, \"Level\": \"Information\", \"Message\": \"A user's local group membership was enumerated.\\r\\n\\r\\nSubject:\\r\\n\\tSecurity ID:\\t\\tS-1-5-0-0-0\\r\\n\\tAccount Name:\\t\\tWORKSTATION$\\r\\n\\tAccount Domain:\\t\\tWORKGROUP\\r\\n\\tLogon ID:\\t\\t0x3E7\\r\\n\\r\\nUser:\\r\\n\\tSecurity ID:\\t\\tS-1-5-0-0-0-1001\\r\\n\\tAccount Name:\\t\\tanalyst's\\r\\n\\tAccount Domain:\\t\\tWORKSTATION\\r\\n\\r\\nProcess Information:\\r\\n\\tProcess ID:\\t\\t0x698\\r\\n\\tProcess Name:\\t\\tC:\\\\Windows\\\\System32\\\\svchost.exe\", \"Provider\": \"Microsoft-Windows-Security-Auditing\", \"RecordId\": 12529666, \"TimeCreated\": \"2026-10-07T07:08:28.9415874+05:30\", \"User\": null}",
     "fields": {
      "TargetUserName": "analyst's",
      "TargetDomainName": "WORKSTATION",
      "TargetSid": "S-1-5-0-0-0-1001",
      "SubjectUserSid": "S-1-5-0-0-0",
      "SubjectUserName": "WORKSTATION$",
      "SubjectDomainName": "WORKGROUP",
      "SubjectLogonId": "0x3e7",
      "CallerProcessId": "0x698",
      "CallerProcessName": "C:\\Windows\\System32\\svchost.exe"
     },
     "captured_channel": "Security"
    },
    {
     "timestamp": "2026-10-07T07:08:17.0451626+05:30",
     "channel": "Microsoft-Windows-Sysmon/Operational",
     "provider": "Microsoft-Windows-Sysmon",
     "event_id": "8",
     "level": "Information",
     "severity": "Low",
     "username": "{'BinaryLength': 12, 'AccountDomainSid': None, 'Value': 'S-1-5-0-0-0'}",
     "host": "localhost",
     "source_ip": "local",
     "message": "CreateRemoteThread detected:\r\nRuleName: -\r\nUtcTime: 2026-10-07 01:38:17.044\r\nSourceProcessGuid: {00000000-0000-0000-0000-000000000000}\r\nSourceProcessId: 54740\r\nSourceImage: C:\\Users\\analyst's\\AppData\\Local\\local\\tools\\chromium-1208\\chrome-win64\\chrome.exe\r\nTargetProcessGuid: {00000000-0000-0000-0000",
     "record_id": 456374,
     "source": "windows-event-log",
     "is_alert": false,
     "rule_name": "",
     "external_id": "Microsoft-Windows-Sysmon/Operational:456374",
     "raw_log": "{\"Channel\": \"Microsoft-Windows-Sysmon/Operational\", \"EventData\": {\"NewThreadId\": \"43124\", \"RuleName\": \"-\", \"SourceImage\": \"C:\\\\Users\\\\analyst's\\\\AppData\\\\Local\\\\local\\\\tools\\\\chromium-1208\\\\chrome-win64\\\\chrome.exe\", \"SourceProcessGuid\": \"{00000000-0000-0000-0000-000000000000}\", \"SourceProcessId\": \"54740\", \"SourceUser\": \"WORKSTATION\\\\analyst's\", \"StartAddress\": \"0x0\", \"StartFunction\": \"-\", \"StartModule\": \"C:\\\\Users\\\\analyst's\\\\AppData\\\\Local\\\\local\\\\tools\\\\chromium-1208\\\\chrome-win64\\\\chrome.dll\", \"TargetImage\": \"C:\\\\Users\\\\analyst's\\\\AppData\\\\Local\\\\local\\\\tools\\\\chromium-1208\\\\chrome-win64\\\\chrome.exe\", \"TargetProcessGuid\": \"{00000000-0000-0000-0000-000000000000}\", \"TargetProcessId\": \"54432\", \"TargetUser\": \"WORKSTATION\\\\analyst's\", \"UtcTime\": \"2026-10-07 01:38:17.044\"}, \"Id\": 8, \"Level\": \"Information\", \"Message\": \"CreateRemoteThread detected:\\r\\nRuleName: -\\r\\nUtcTime: 2026-10-07 01:38:17.044\\r\\nSourceProcessGuid: {00000000-0000-0000-0000-000000000000}\\r\\nSourceProcessId: 54740\\r\\nSourceImage: C:\\\\Users\\\\analyst's\\\\AppData\\\\Local\\\\local\\\\tools\\\\chromium-1208\\\\chrome-win64\\\\chrome.exe\\r\\nTargetProcessGuid: {00000000-0000-0000-0000-000000000000}\\r\\nTargetProcessId: 54432\\r\\nTargetImage: C:\\\\Users\\\\analyst's\\\\AppData\\\\Local\\\\local\\\\tools\\\\chromium-1208\\\\chrome-win64\\\\chrome.exe\\r\\nNewThreadId: 43124\\r\\nStartAddress: 0x0\\r\\nStartModule: C:\\\\Users\\\\analyst's\\\\AppData\\\\Local\\\\local\\\\tools\\\\chromium-1208\\\\chrome-win64\\\\chrome.dll\\r\\nStartFunction: -\\r\\nSourceUser: WORKSTATION\\\\analyst's\\r\\nTargetUser: WORKSTATION\\\\analyst's\", \"Provider\": \"Microsoft-Windows-Sysmon\", \"RecordId\": 456374, \"TimeCreated\": \"2026-10-07T07:08:17.0451626+05:30\", \"User\": {\"AccountDomainSid\": null, \"BinaryLength\": 12, \"Value\": \"S-1-5-0-0-0\"}}",
     "fields": {
      "RuleName": "-",
      "UtcTime": "2026-10-07 01:38:17.044",
      "SourceProcessGuid": "{00000000-0000-0000-0000-000000000000}",
      "SourceProcessId": "54740",
      "SourceImage": "C:\\Users\\analyst's\\AppData\\Local\\local\\tools\\chromium-1208\\chrome-win64\\chrome.exe",
      "TargetProcessGuid": "{00000000-0000-0000-0000-000000000000}",
      "TargetProcessId": "54432",
      "TargetImage": "C:\\Users\\analyst's\\AppData\\Local\\local\\tools\\chromium-1208\\chrome-win64\\chrome.exe",
      "NewThreadId": "43124",
      "StartAddress": "0x0",
      "StartModule": "C:\\Users\\analyst's\\AppData\\Local\\local\\tools\\chromium-1208\\chrome-win64\\chrome.dll",
      "StartFunction": "-",
      "SourceUser": "WORKSTATION\\analyst's",
      "TargetUser": "WORKSTATION\\analyst's"
     },
     "captured_channel": "Microsoft-Windows-Sysmon/Operational"
    },
    {
     "timestamp": "2026-10-07T07:08:17.0841503+05:30",
     "channel": "Microsoft-Windows-Sysmon/Operational",
     "provider": "Microsoft-Windows-Sysmon",
     "event_id": "1",
     "level": "Information",
     "severity": "Low",
     "username": "WORKSTATION\\analyst's",
     "host": "localhost",
     "source_ip": "local",
     "message": "Process Create:\r\nRuleName: -\r\nUtcTime: 2026-10-07 01:38:17.081\r\nProcessGuid: {00000000-0000-0000-0000-000000000000}\r\nProcessId: 25596\r\nImage: C:\\Windows\\System32\\cmd.exe\r\nFileVersion: 10.0.26100.9278 (WinBuild.160101.0800)\r\nDescription: Windows Command Processor\r\nProduct: Microsoftr Windowsr Operati",
     "record_id": 456375,
     "source": "windows-event-log",
     "is_alert": false,
     "rule_name": "",
     "external_id": "Microsoft-Windows-Sysmon/Operational:456375",
     "raw_log": "{\"Channel\": \"Microsoft-Windows-Sysmon/Operational\", \"EventData\": {\"CommandLine\": \"C:\\\\windows\\\\System32\\\\cmd.exe /C \\\"dir /b C:\\\\Windows\\\"\", \"Company\": \"Microsoft Corporation\", \"CurrentDirectory\": \"C:\\\\windows\\\\\", \"Description\": \"Windows Command Processor\", \"FileVersion\": \"10.0.26100.9278 (WinBuild.160101.0800)\", \"Hashes\": \"SHA256=97AC98B1A92C286054CCE55239CFCCDFC23A5517BD07FE693072C9CA96C7DABB\", \"Image\": \"C:\\\\Windows\\\\System32\\\\cmd.exe\", \"IntegrityLevel\": \"Medium\", \"LogonGuid\": \"{00000000-0000-0000-0000-000000000000}\", \"LogonId\": \"0x0\", \"OriginalFileName\": \"Cmd.Exe\", \"ParentCommandLine\": \"C:\\\\Users\\\\analyst's\\\\Documents\\\\repo\\\\.venv\\\\Scripts\\\\python.exe C:\\\\ProgramData\\\\lab\\\\run_driver.py\", \"ParentImage\": \"C:\\\\Users\\\\analyst's\\\\AppData\\\\Local\\\\local\\\\tools\\\\python-3.14.7+20260901-win32-x64\\\\python.exe\", \"ParentProcessGuid\": \"{00000000-0000-0000-0000-000000000000}\", \"ParentProcessId\": \"59888\", \"ParentUser\": \"WORKSTATION\\\\analyst's\", \"ProcessGuid\": \"{00000000-0000-0000-0000-000000000000}\", \"ProcessId\": \"25596\", \"Product\": \"Microsoftr Windowsr Operating System\", \"RuleName\": \"-\", \"TerminalSessionId\": \"1\", \"User\": \"WORKSTATION\\\\analyst's\", \"UtcTime\": \"2026-10-07 01:38:17.081\"}, \"Id\": 1, \"Level\": \"Information\", \"Message\": \"Process Create:\\r\\nRuleName: -\\r\\nUtcTime: 2026-10-07 01:38:17.081\\r\\nProcessGuid: {00000000-0000-0000-0000-000000000000}\\r\\nProcessId: 25596\\r\\nImage: C:\\\\Windows\\\\System32\\\\cmd.exe\\r\\nFileVersion: 10.0.26100.9278 (WinBuild.160101.0800)\\r\\nDescription: Windows Command Processor\\r\\nProduct: Microsoftr Windowsr Operating System\\r\\nCompany: Microsoft Corporation\\r\\nOriginalFileName: Cmd.Exe\\r\\nCommandLine: C:\\\\windows\\\\System32\\\\cmd.exe /C \\\"dir /b C:\\\\Windows\\\"\\r\\nCurrentDirectory: C:\\\\windows\\\\\\r\\nUser: WORKSTATION\\\\analyst's\\r\\nLogonGuid: {00000000-0000-0000-0000-000000000000}\\r\\nLogonId: 0x0\\r\\nTerminalSessionId: 1\\r\\nIntegrityLevel: Medium\\r\\nHashes: SHA256=97AC98B1A92C286054CCE55239CFCCDFC23A5517BD07FE693072C9CA96C7DABB\\r\\nParentProcessGuid: {00000000-0000-0000-0000-000000000000}\\r\\nParentProcessId: 59888\\r\\nParentImage: C:\\\\Users\\\\analyst's\\\\AppData\\\\Local\\\\local\\\\tools\\\\python-3.14.7+20260901-win32-x64\\\\python.exe\\r\\nParentCommandLine: C:\\\\Users\\\\analyst's\\\\Documents\\\\repo\\\\.venv\\\\Scripts\\\\python.exe C:\\\\ProgramData\\\\lab\\\\run_driver.py\\r\\nParentUser: WORKSTATION\\\\analyst's\", \"Provider\": \"Microsoft-Windows-Sysmon\", \"RecordId\": 456375, \"TimeCreated\": \"2026-10-07T07:08:17.0841503+05:30\", \"User\": {\"AccountDomainSid\": null, \"BinaryLength\": 12, \"Value\": \"S-1-5-0-0-0\"}}",
     "fields": {
      "RuleName": "-",
      "UtcTime": "2026-10-07 01:38:17.081",
      "Image": "C:\\Windows\\System32\\cmd.exe",
      "FileVersion": "10.0.26100.9278 (WinBuild.160101.0800)",
      "Description": "Windows Command Processor",
      "Product": "Microsoftr Windowsr Operating System",
      "Company": "Microsoft Corporation",
      "OriginalFileName": "Cmd.Exe",
      "CommandLine": "C:\\windows\\System32\\cmd.exe /C \"dir /b C:\\Windows\"",
      "CurrentDirectory": "C:\\windows\\",
      "User": "WORKSTATION\\analyst's",
      "LogonId": "0x0",
      "TerminalSessionId": "1",
      "IntegrityLevel": "Medium",
      "ParentImage": "C:\\Users\\analyst's\\AppData\\Local\\local\\tools\\python-3.14.7+20260901-win32-x64\\python.exe",
      "ParentCommandLine": "C:\\Users\\analyst's\\Documents\\repo\\.venv\\Scripts\\python.exe C:\\ProgramData\\lab\\run_driver.py",
      "ParentUser": "WORKSTATION\\analyst's"
     },
     "captured_channel": "Microsoft-Windows-Sysmon/Operational"
    },
    {
     "timestamp": "2026-10-07T07:08:18.7691436+05:30",
     "channel": "Microsoft-Windows-Sysmon/Operational",
     "provider": "Microsoft-Windows-Sysmon",
     "event_id": "1",
     "level": "Information",
     "severity": "Low",
     "username": "WORKSTATION\\analyst's",
     "host": "localhost",
     "source_ip": "local",
     "message": "Process Create:\r\nRuleName: -\r\nUtcTime: 2026-10-07 01:38:18.766\r\nProcessGuid: {00000000-0000-0000-0000-000000000000}\r\nProcessId: 122676\r\nImage: C:\\Windows\\System32\\cmd.exe\r\nFileVersion: 10.0.26100.9278 (WinBuild.160101.0800)\r\nDescription: Windows Command Processor\r\nProduct: Microsoftr Windowsr Operat",
     "record_id": 456376,
     "source": "windows-event-log",
     "is_alert": false,
     "rule_name": "",
     "external_id": "Microsoft-Windows-Sysmon/Operational:456376",
     "raw_log": "{\"Channel\": \"Microsoft-Windows-Sysmon/Operational\", \"EventData\": {\"CommandLine\": \"C:\\\\windows\\\\System32\\\\cmd.exe /C \\\"echo ordinary activity\\\"\", \"Company\": \"Microsoft Corporation\", \"CurrentDirectory\": \"C:\\\\windows\\\\\", \"Description\": \"Windows Command Processor\", \"FileVersion\": \"10.0.26100.9278 (WinBuild.160101.0800)\", \"Hashes\": \"SHA256=97AC98B1A92C286054CCE55239CFCCDFC23A5517BD07FE693072C9CA96C7DABB\", \"Image\": \"C:\\\\Windows\\\\System32\\\\cmd.exe\", \"IntegrityLevel\": \"Medium\", \"LogonGuid\": \"{00000000-0000-0000-0000-000000000000}\", \"LogonId\": \"0x0\", \"OriginalFileName\": \"Cmd.Exe\", \"ParentCommandLine\": \"C:\\\\Users\\\\analyst's\\\\Documents\\\\repo\\\\.venv\\\\Scripts\\\\python.exe C:\\\\ProgramData\\\\lab\\\\run_driver.py\", \"ParentImage\": \"C:\\\\Users\\\\analyst's\\\\AppData\\\\Local\\\\local\\\\tools\\\\python-3.14.7+20260901-win32-x64\\\\python.exe\", \"ParentProcessGuid\": \"{00000000-0000-0000-0000-000000000000}\", \"ParentProcessId\": \"59888\", \"ParentUser\": \"WORKSTATION\\\\analyst's\", \"ProcessGuid\": \"{00000000-0000-0000-0000-000000000000}\", \"ProcessId\": \"122676\", \"Product\": \"Microsoftr Windowsr Operating System\", \"RuleName\": \"-\", \"TerminalSessionId\": \"1\", \"User\": \"WORKSTATION\\\\analyst's\", \"UtcTime\": \"2026-10-07 01:38:18.766\"}, \"Id\": 1, \"Level\": \"Information\", \"Message\": \"Process Create:\\r\\nRuleName: -\\r\\nUtcTime: 2026-10-07 01:38:18.766\\r\\nProcessGuid: {00000000-0000-0000-0000-000000000000}\\r\\nProcessId: 122676\\r\\nImage: C:\\\\Windows\\\\System32\\\\cmd.exe\\r\\nFileVersion: 10.0.26100.9278 (WinBuild.160101.0800)\\r\\nDescription: Windows Command Processor\\r\\nProduct: Microsoftr Windowsr Operating System\\r\\nCompany: Microsoft Corporation\\r\\nOriginalFileName: Cmd.Exe\\r\\nCommandLine: C:\\\\windows\\\\System32\\\\cmd.exe /C \\\"echo ordinary activity\\\"\\r\\nCurrentDirectory: C:\\\\windows\\\\\\r\\nUser: WORKSTATION\\\\analyst's\\r\\nLogonGuid: {00000000-0000-0000-0000-000000000000}\\r\\nLogonId: 0x0\\r\\nTerminalSessionId: 1\\r\\nIntegrityLevel: Medium\\r\\nHashes: SHA256=97AC98B1A92C286054CCE55239CFCCDFC23A5517BD07FE693072C9CA96C7DABB\\r\\nParentProcessGuid: {00000000-0000-0000-0000-000000000000}\\r\\nParentProcessId: 59888\\r\\nParentImage: C:\\\\Users\\\\analyst's\\\\AppData\\\\Local\\\\local\\\\tools\\\\python-3.14.7+20260901-win32-x64\\\\python.exe\\r\\nParentCommandLine: C:\\\\Users\\\\analyst's\\\\Documents\\\\repo\\\\.venv\\\\Scripts\\\\python.exe C:\\\\ProgramData\\\\lab\\\\run_driver.py\\r\\nParentUser: WORKSTATION\\\\analyst's\", \"Provider\": \"Microsoft-Windows-Sysmon\", \"RecordId\": 456376, \"TimeCreated\": \"2026-10-07T07:08:18.7691436+05:30\", \"User\": {\"AccountDomainSid\": null, \"BinaryLength\": 12, \"Value\": \"S-1-5-0-0-0\"}}",
     "fields": {
      "RuleName": "-",
      "UtcTime": "2026-10-07 01:38:18.766",
      "Image": "C:\\Windows\\System32\\cmd.exe",
      "FileVersion": "10.0.26100.9278 (WinBuild.160101.0800)",
      "Description": "Windows Command Processor",
      "Product": "Microsoftr Windowsr Operating System",
      "Company": "Microsoft Corporation",
      "OriginalFileName": "Cmd.Exe",
      "CommandLine": "C:\\windows\\System32\\cmd.exe /C \"echo ordinary activity\"",
      "CurrentDirectory": "C:\\windows\\",
      "User": "WORKSTATION\\analyst's",
      "LogonId": "0x0",
      "TerminalSessionId": "1",
      "IntegrityLevel": "Medium",
      "ParentImage": "C:\\Users\\analyst's\\AppData\\Local\\local\\tools\\python-3.14.7+20260901-win32-x64\\python.exe",
      "ParentCommandLine": "C:\\Users\\analyst's\\Documents\\repo\\.venv\\Scripts\\python.exe C:\\ProgramData\\lab\\run_driver.py",
      "ParentUser": "WORKSTATION\\analyst's"
     },
     "captured_channel": "Microsoft-Windows-Sysmon/Operational"
    },
    {
     "timestamp": "2026-10-07T07:08:18.8916017+05:30",
     "channel": "Microsoft-Windows-Sysmon/Operational",
     "provider": "Microsoft-Windows-Sysmon",
     "event_id": "3",
     "level": "Information",
     "severity": "Low",
     "username": "WORKSTATION\\analyst's",
     "host": "localhost",
     "source_ip": "198.51.100.228",
     "message": "Network connection detected:\r\nRuleName: -\r\nUtcTime: 2026-10-07 01:38:12.825\r\nProcessGuid: {00000000-0000-0000-0000-000000000000}\r\nProcessId: 111212\r\nImage: C:\\Users\\analyst's\\AppData\\Local\\local\\tools\\python-3.14.7+20260901-win32-x64\\python.exe\r\nUser: WORKSTATION\\analyst's\r\nProtocol: tcp\r\nInitiated:",
     "record_id": 456377,
     "source": "windows-event-log",
     "is_alert": false,
     "rule_name": "Process opened an outbound connection",
     "external_id": "Microsoft-Windows-Sysmon/Operational:456377",
     "raw_log": "{\"Channel\": \"Microsoft-Windows-Sysmon/Operational\", \"EventData\": {\"DestinationHostname\": \"-\", \"DestinationIp\": \"198.51.100.104\", \"DestinationIsIpv6\": \"false\", \"DestinationPort\": \"443\", \"DestinationPortName\": \"https\", \"Image\": \"C:\\\\Users\\\\analyst's\\\\AppData\\\\Local\\\\local\\\\tools\\\\python-3.14.7+20260901-win32-x64\\\\python.exe\", \"Initiated\": \"true\", \"ProcessGuid\": \"{00000000-0000-0000-0000-000000000000}\", \"ProcessId\": \"111212\", \"Protocol\": \"tcp\", \"RuleName\": \"-\", \"SourceHostname\": \"WORKSTATION.Dlink\", \"SourceIp\": \"198.51.100.228\", \"SourceIsIpv6\": \"false\", \"SourcePort\": \"60866\", \"SourcePortName\": \"-\", \"User\": \"WORKSTATION\\\\analyst's\", \"UtcTime\": \"2026-10-07 01:38:12.825\"}, \"Id\": 3, \"Level\": \"Information\", \"Message\": \"Network connection detected:\\r\\nRuleName: -\\r\\nUtcTime: 2026-10-07 01:38:12.825\\r\\nProcessGuid: {00000000-0000-0000-0000-000000000000}\\r\\nProcessId: 111212\\r\\nImage: C:\\\\Users\\\\analyst's\\\\AppData\\\\Local\\\\local\\\\tools\\\\python-3.14.7+20260901-win32-x64\\\\python.exe\\r\\nUser: WORKSTATION\\\\analyst's\\r\\nProtocol: tcp\\r\\nInitiated: true\\r\\nSourceIsIpv6: false\\r\\nSourceIp: 198.51.100.228\\r\\nSourceHostname: WORKSTATION.Dlink\\r\\nSourcePort: 60866\\r\\nSourcePortName: -\\r\\nDestinationIsIpv6: false\\r\\nDestinationIp: 198.51.100.104\\r\\nDestinationHostname: -\\r\\nDestinationPort: 443\\r\\nDestinationPortName: https\", \"Provider\": \"Microsoft-Windows-Sysmon\", \"RecordId\": 456377, \"TimeCreated\": \"2026-10-07T07:08:18.8916017+05:30\", \"User\": {\"AccountDomainSid\": null, \"BinaryLength\": 12, \"Value\": \"S-1-5-0-0-0\"}}",
     "fields": {
      "RuleName": "-",
      "UtcTime": "2026-10-07 01:38:12.825",
      "Image": "C:\\Users\\analyst's\\AppData\\Local\\local\\tools\\python-3.14.7+20260901-win32-x64\\python.exe",
      "User": "WORKSTATION\\analyst's",
      "Protocol": "tcp",
      "Initiated": "true",
      "SourceIsIpv6": "false",
      "SourceIp": "198.51.100.228",
      "SourceHostname": "WORKSTATION.Dlink",
      "SourcePort": "60866",
      "SourcePortName": "-",
      "DestinationIsIpv6": "false",
      "DestinationIp": "198.51.100.104",
      "DestinationHostname": "-",
      "DestinationPort": "443",
      "DestinationPortName": "https"
     },
     "captured_channel": "Microsoft-Windows-Sysmon/Operational"
    },
    {
     "timestamp": "2026-10-07T07:08:20.4516791+05:30",
     "channel": "Microsoft-Windows-Sysmon/Operational",
     "provider": "Microsoft-Windows-Sysmon",
     "event_id": "1",
     "level": "Information",
     "severity": "Low",
     "username": "WORKSTATION\\analyst's",
     "host": "localhost",
     "source_ip": "local",
     "message": "Process Create:\r\nRuleName: -\r\nUtcTime: 2026-10-07 01:38:20.449\r\nProcessGuid: {00000000-0000-0000-0000-000000000000}\r\nProcessId: 88012\r\nImage: C:\\Windows\\System32\\cmd.exe\r\nFileVersion: 10.0.26100.9278 (WinBuild.160101.0800)\r\nDescription: Windows Command Processor\r\nProduct: Microsoftr Windowsr Operati",
     "record_id": 456378,
     "source": "windows-event-log",
     "is_alert": false,
     "rule_name": "",
     "external_id": "Microsoft-Windows-Sysmon/Operational:456378",
     "raw_log": "{\"Channel\": \"Microsoft-Windows-Sysmon/Operational\", \"EventData\": {\"CommandLine\": \"C:\\\\windows\\\\System32\\\\cmd.exe /C \\\"type C:\\\\Windows\\\\win.ini\\\"\", \"Company\": \"Microsoft Corporation\", \"CurrentDirectory\": \"C:\\\\windows\\\\\", \"Description\": \"Windows Command Processor\", \"FileVersion\": \"10.0.26100.9278 (WinBuild.160101.0800)\", \"Hashes\": \"SHA256=97AC98B1A92C286054CCE55239CFCCDFC23A5517BD07FE693072C9CA96C7DABB\", \"Image\": \"C:\\\\Windows\\\\System32\\\\cmd.exe\", \"IntegrityLevel\": \"Medium\", \"LogonGuid\": \"{00000000-0000-0000-0000-000000000000}\", \"LogonId\": \"0x0\", \"OriginalFileName\": \"Cmd.Exe\", \"ParentCommandLine\": \"C:\\\\Users\\\\analyst's\\\\Documents\\\\repo\\\\.venv\\\\Scripts\\\\python.exe C:\\\\ProgramData\\\\lab\\\\run_driver.py\", \"ParentImage\": \"C:\\\\Users\\\\analyst's\\\\AppData\\\\Local\\\\local\\\\tools\\\\python-3.14.7+20260901-win32-x64\\\\python.exe\", \"ParentProcessGuid\": \"{00000000-0000-0000-0000-000000000000}\", \"ParentProcessId\": \"59888\", \"ParentUser\": \"WORKSTATION\\\\analyst's\", \"ProcessGuid\": \"{00000000-0000-0000-0000-000000000000}\", \"ProcessId\": \"88012\", \"Product\": \"Microsoftr Windowsr Operating System\", \"RuleName\": \"-\", \"TerminalSessionId\": \"1\", \"User\": \"WORKSTATION\\\\analyst's\", \"UtcTime\": \"2026-10-07 01:38:20.449\"}, \"Id\": 1, \"Level\": \"Information\", \"Message\": \"Process Create:\\r\\nRuleName: -\\r\\nUtcTime: 2026-10-07 01:38:20.449\\r\\nProcessGuid: {00000000-0000-0000-0000-000000000000}\\r\\nProcessId: 88012\\r\\nImage: C:\\\\Windows\\\\System32\\\\cmd.exe\\r\\nFileVersion: 10.0.26100.9278 (WinBuild.160101.0800)\\r\\nDescription: Windows Command Processor\\r\\nProduct: Microsoftr Windowsr Operating System\\r\\nCompany: Microsoft Corporation\\r\\nOriginalFileName: Cmd.Exe\\r\\nCommandLine: C:\\\\windows\\\\System32\\\\cmd.exe /C \\\"type C:\\\\Windows\\\\win.ini\\\"\\r\\nCurrentDirectory: C:\\\\windows\\\\\\r\\nUser: WORKSTATION\\\\analyst's\\r\\nLogonGuid: {00000000-0000-0000-0000-000000000000}\\r\\nLogonId: 0x0\\r\\nTerminalSessionId: 1\\r\\nIntegrityLevel: Medium\\r\\nHashes: SHA256=97AC98B1A92C286054CCE55239CFCCDFC23A5517BD07FE693072C9CA96C7DABB\\r\\nParentProcessGuid: {00000000-0000-0000-0000-000000000000}\\r\\nParentProcessId: 59888\\r\\nParentImage: C:\\\\Users\\\\analyst's\\\\AppData\\\\Local\\\\local\\\\tools\\\\python-3.14.7+20260901-win32-x64\\\\python.exe\\r\\nParentCommandLine: C:\\\\Users\\\\analyst's\\\\Documents\\\\repo\\\\.venv\\\\Scripts\\\\python.exe C:\\\\ProgramData\\\\lab\\\\run_driver.py\\r\\nParentUser: WORKSTATION\\\\analyst's\", \"Provider\": \"Microsoft-Windows-Sysmon\", \"RecordId\": 456378, \"TimeCreated\": \"2026-10-07T07:08:20.4516791+05:30\", \"User\": {\"AccountDomainSid\": null, \"BinaryLength\": 12, \"Value\": \"S-1-5-0-0-0\"}}",
     "fields": {
      "RuleName": "-",
      "UtcTime": "2026-10-07 01:38:20.449",
      "Image": "C:\\Windows\\System32\\cmd.exe",
      "FileVersion": "10.0.26100.9278 (WinBuild.160101.0800)",
      "Description": "Windows Command Processor",
      "Product": "Microsoftr Windowsr Operating System",
      "Company": "Microsoft Corporation",
      "OriginalFileName": "Cmd.Exe",
      "CommandLine": "C:\\windows\\System32\\cmd.exe /C \"type C:\\Windows\\win.ini\"",
      "CurrentDirectory": "C:\\windows\\",
      "User": "WORKSTATION\\analyst's",
      "LogonId": "0x0",
      "TerminalSessionId": "1",
      "IntegrityLevel": "Medium",
      "ParentImage": "C:\\Users\\analyst's\\AppData\\Local\\local\\tools\\python-3.14.7+20260901-win32-x64\\python.exe",
      "ParentCommandLine": "C:\\Users\\analyst's\\Documents\\repo\\.venv\\Scripts\\python.exe C:\\ProgramData\\lab\\run_driver.py",
      "ParentUser": "WORKSTATION\\analyst's"
     },
     "captured_channel": "Microsoft-Windows-Sysmon/Operational"
    },
    {
     "timestamp": "2026-10-07T07:08:20.9560510+05:30",
     "channel": "Microsoft-Windows-Sysmon/Operational",
     "provider": "Microsoft-Windows-Sysmon",
     "event_id": "3",
     "level": "Information",
     "severity": "Low",
     "username": "WORKSTATION\\analyst's",
     "host": "localhost",
     "source_ip": "198.51.100.228",
     "message": "Network connection detected:\r\nRuleName: -\r\nUtcTime: 2026-10-07 01:38:15.546\r\nProcessGuid: {00000000-0000-0000-0000-000000000000}\r\nProcessId: 111212\r\nImage: C:\\Users\\analyst's\\AppData\\Local\\local\\tools\\python-3.14.7+20260901-win32-x64\\python.exe\r\nUser: WORKSTATION\\analyst's\r\nProtocol: tcp\r\nInitiated:",
     "record_id": 456379,
     "source": "windows-event-log",
     "is_alert": false,
     "rule_name": "Process opened an outbound connection",
     "external_id": "Microsoft-Windows-Sysmon/Operational:456379",
     "raw_log": "{\"Channel\": \"Microsoft-Windows-Sysmon/Operational\", \"EventData\": {\"DestinationHostname\": \"-\", \"DestinationIp\": \"198.51.100.104\", \"DestinationIsIpv6\": \"false\", \"DestinationPort\": \"443\", \"DestinationPortName\": \"https\", \"Image\": \"C:\\\\Users\\\\analyst's\\\\AppData\\\\Local\\\\local\\\\tools\\\\python-3.14.7+20260901-win32-x64\\\\python.exe\", \"Initiated\": \"true\", \"ProcessGuid\": \"{00000000-0000-0000-0000-000000000000}\", \"ProcessId\": \"111212\", \"Protocol\": \"tcp\", \"RuleName\": \"-\", \"SourceHostname\": \"WORKSTATION.Dlink\", \"SourceIp\": \"198.51.100.228\", \"SourceIsIpv6\": \"false\", \"SourcePort\": \"60746\", \"SourcePortName\": \"-\", \"User\": \"WORKSTATION\\\\analyst's\", \"UtcTime\": \"2026-10-07 01:38:15.546\"}, \"Id\": 3, \"Level\": \"Information\", \"Message\": \"Network connection detected:\\r\\nRuleName: -\\r\\nUtcTime: 2026-10-07 01:38:15.546\\r\\nProcessGuid: {00000000-0000-0000-0000-000000000000}\\r\\nProcessId: 111212\\r\\nImage: C:\\\\Users\\\\analyst's\\\\AppData\\\\Local\\\\local\\\\tools\\\\python-3.14.7+20260901-win32-x64\\\\python.exe\\r\\nUser: WORKSTATION\\\\analyst's\\r\\nProtocol: tcp\\r\\nInitiated: true\\r\\nSourceIsIpv6: false\\r\\nSourceIp: 198.51.100.228\\r\\nSourceHostname: WORKSTATION.Dlink\\r\\nSourcePort: 60746\\r\\nSourcePortName: -\\r\\nDestinationIsIpv6: false\\r\\nDestinationIp: 198.51.100.104\\r\\nDestinationHostname: -\\r\\nDestinationPort: 443\\r\\nDestinationPortName: https\", \"Provider\": \"Microsoft-Windows-Sysmon\", \"RecordId\": 456379, \"TimeCreated\": \"2026-10-07T07:08:20.9560510+05:30\", \"User\": {\"AccountDomainSid\": null, \"BinaryLength\": 12, \"Value\": \"S-1-5-0-0-0\"}}",
     "fields": {
      "RuleName": "-",
      "UtcTime": "2026-10-07 01:38:15.546",
      "Image": "C:\\Users\\analyst's\\AppData\\Local\\local\\tools\\python-3.14.7+20260901-win32-x64\\python.exe",
      "User": "WORKSTATION\\analyst's",
      "Protocol": "tcp",
      "Initiated": "true",
      "SourceIsIpv6": "false",
      "SourceIp": "198.51.100.228",
      "SourceHostname": "WORKSTATION.Dlink",
      "SourcePort": "60746",
      "SourcePortName": "-",
      "DestinationIsIpv6": "false",
      "DestinationIp": "198.51.100.104",
      "DestinationHostname": "-",
      "DestinationPort": "443",
      "DestinationPortName": "https"
     },
     "captured_channel": "Microsoft-Windows-Sysmon/Operational"
    },
    {
     "timestamp": "2026-10-07T07:08:22.1355781+05:30",
     "channel": "Microsoft-Windows-Sysmon/Operational",
     "provider": "Microsoft-Windows-Sysmon",
     "event_id": "1",
     "level": "Information",
     "severity": "Low",
     "username": "WORKSTATION\\analyst's",
     "host": "localhost",
     "source_ip": "local",
     "message": "Process Create:\r\nRuleName: -\r\nUtcTime: 2026-10-07 01:38:22.133\r\nProcessGuid: {00000000-0000-0000-0000-000000000000}\r\nProcessId: 105716\r\nImage: C:\\Windows\\System32\\cmd.exe\r\nFileVersion: 10.0.26100.9278 (WinBuild.160101.0800)\r\nDescription: Windows Command Processor\r\nProduct: Microsoftr Windowsr Operat",
     "record_id": 456380,
     "source": "windows-event-log",
     "is_alert": false,
     "rule_name": "",
     "external_id": "Microsoft-Windows-Sysmon/Operational:456380",
     "raw_log": "{\"Channel\": \"Microsoft-Windows-Sysmon/Operational\", \"EventData\": {\"CommandLine\": \"C:\\\\windows\\\\System32\\\\cmd.exe /C \\\"findstr /i version C:\\\\Windows\\\\win.ini\\\"\", \"Company\": \"Microsoft Corporation\", \"CurrentDirectory\": \"C:\\\\windows\\\\\", \"Description\": \"Windows Command Processor\", \"FileVersion\": \"10.0.26100.9278 (WinBuild.160101.0800)\", \"Hashes\": \"SHA256=97AC98B1A92C286054CCE55239CFCCDFC23A5517BD07FE693072C9CA96C7DABB\", \"Image\": \"C:\\\\Windows\\\\System32\\\\cmd.exe\", \"IntegrityLevel\": \"Medium\", \"LogonGuid\": \"{00000000-0000-0000-0000-000000000000}\", \"LogonId\": \"0x0\", \"OriginalFileName\": \"Cmd.Exe\", \"ParentCommandLine\": \"C:\\\\Users\\\\analyst's\\\\Documents\\\\repo\\\\.venv\\\\Scripts\\\\python.exe C:\\\\ProgramData\\\\lab\\\\run_driver.py\", \"ParentImage\": \"C:\\\\Users\\\\analyst's\\\\AppData\\\\Local\\\\local\\\\tools\\\\python-3.14.7+20260901-win32-x64\\\\python.exe\", \"ParentProcessGuid\": \"{00000000-0000-0000-0000-000000000000}\", \"ParentProcessId\": \"59888\", \"ParentUser\": \"WORKSTATION\\\\analyst's\", \"ProcessGuid\": \"{00000000-0000-0000-0000-000000000000}\", \"ProcessId\": \"105716\", \"Product\": \"Microsoftr Windowsr Operating System\", \"RuleName\": \"-\", \"TerminalSessionId\": \"1\", \"User\": \"WORKSTATION\\\\analyst's\", \"UtcTime\": \"2026-10-07 01:38:22.133\"}, \"Id\": 1, \"Level\": \"Information\", \"Message\": \"Process Create:\\r\\nRuleName: -\\r\\nUtcTime: 2026-10-07 01:38:22.133\\r\\nProcessGuid: {00000000-0000-0000-0000-000000000000}\\r\\nProcessId: 105716\\r\\nImage: C:\\\\Windows\\\\System32\\\\cmd.exe\\r\\nFileVersion: 10.0.26100.9278 (WinBuild.160101.0800)\\r\\nDescription: Windows Command Processor\\r\\nProduct: Microsoftr Windowsr Operating System\\r\\nCompany: Microsoft Corporation\\r\\nOriginalFileName: Cmd.Exe\\r\\nCommandLine: C:\\\\windows\\\\System32\\\\cmd.exe /C \\\"findstr /i version C:\\\\Windows\\\\win.ini\\\"\\r\\nCurrentDirectory: C:\\\\windows\\\\\\r\\nUser: WORKSTATION\\\\analyst's\\r\\nLogonGuid: {00000000-0000-0000-0000-000000000000}\\r\\nLogonId: 0x0\\r\\nTerminalSessionId: 1\\r\\nIntegrityLevel: Medium\\r\\nHashes: SHA256=97AC98B1A92C286054CCE55239CFCCDFC23A5517BD07FE693072C9CA96C7DABB\\r\\nParentProcessGuid: {00000000-0000-0000-0000-000000000000}\\r\\nParentProcessId: 59888\\r\\nParentImage: C:\\\\Users\\\\analyst's\\\\AppData\\\\Local\\\\local\\\\tools\\\\python-3.14.7+20260901-win32-x64\\\\python.exe\\r\\nParentCommandLine: C:\\\\Users\\\\analyst's\\\\Documents\\\\repo\\\\.venv\\\\Scripts\\\\python.exe C:\\\\ProgramData\\\\lab\\\\run_driver.py\\r\\nParentUser: WORKSTATION\\\\analyst's\", \"Provider\": \"Microsoft-Windows-Sysmon\", \"RecordId\": 456380, \"TimeCreated\": \"2026-10-07T07:08:22.1355781+05:30\", \"User\": {\"AccountDomainSid\": null, \"BinaryLength\": 12, \"Value\": \"S-1-5-0-0-0\"}}",
     "fields": {
      "RuleName": "-",
      "UtcTime": "2026-10-07 01:38:22.133",
      "Image": "C:\\Windows\\System32\\cmd.exe",
      "FileVersion": "10.0.26100.9278 (WinBuild.160101.0800)",
      "Description": "Windows Command Processor",
      "Product": "Microsoftr Windowsr Operating System",
      "Company": "Microsoft Corporation",
      "OriginalFileName": "Cmd.Exe",
      "CommandLine": "C:\\windows\\System32\\cmd.exe /C \"findstr /i version C:\\Windows\\win.ini\"",
      "CurrentDirectory": "C:\\windows\\",
      "User": "WORKSTATION\\analyst's",
      "LogonId": "0x0",
      "TerminalSessionId": "1",
      "IntegrityLevel": "Medium",
      "ParentImage": "C:\\Users\\analyst's\\AppData\\Local\\local\\tools\\python-3.14.7+20260901-win32-x64\\python.exe",
      "ParentCommandLine": "C:\\Users\\analyst's\\Documents\\repo\\.venv\\Scripts\\python.exe C:\\ProgramData\\lab\\run_driver.py",
      "ParentUser": "WORKSTATION\\analyst's"
     },
     "captured_channel": "Microsoft-Windows-Sysmon/Operational"
    },
    {
     "timestamp": "2026-10-07T07:08:22.1507408+05:30",
     "channel": "Microsoft-Windows-Sysmon/Operational",
     "provider": "Microsoft-Windows-Sysmon",
     "event_id": "1",
     "level": "Information",
     "severity": "Low",
     "username": "WORKSTATION\\analyst's",
     "host": "localhost",
     "source_ip": "local",
     "message": "Process Create:\r\nRuleName: -\r\nUtcTime: 2026-10-07 01:38:22.146\r\nProcessGuid: {00000000-0000-0000-0000-000000000000}\r\nProcessId: 74268\r\nImage: C:\\Windows\\System32\\findstr.exe\r\nFileVersion: 10.0.26100.7019 (WinBuild.160101.0800)\r\nDescription: Find String (QGREP) Utility\r\nProduct: Microsoftr Windowsr O",
     "record_id": 456381,
     "source": "windows-event-log",
     "is_alert": false,
     "rule_name": "",
     "external_id": "Microsoft-Windows-Sysmon/Operational:456381",
     "raw_log": "{\"Channel\": \"Microsoft-Windows-Sysmon/Operational\", \"EventData\": {\"CommandLine\": \"findstr  /i version C:\\\\Windows\\\\win.ini\", \"Company\": \"Microsoft Corporation\", \"CurrentDirectory\": \"C:\\\\Windows\\\\\", \"Description\": \"Find String (QGREP) Utility\", \"FileVersion\": \"10.0.26100.7019 (WinBuild.160101.0800)\", \"Hashes\": \"SHA256=867816F8A714A87F5F573EBBE3A526931FBE787CC03B4EC7AC8A970C9D8C0264\", \"Image\": \"C:\\\\Windows\\\\System32\\\\findstr.exe\", \"IntegrityLevel\": \"Medium\", \"LogonGuid\": \"{00000000-0000-0000-0000-000000000000}\", \"LogonId\": \"0x0\", \"OriginalFileName\": \"FINDSTR.EXE\", \"ParentCommandLine\": \"C:\\\\windows\\\\System32\\\\cmd.exe /C \\\"findstr /i version C:\\\\Windows\\\\win.ini\\\"\", \"ParentImage\": \"C:\\\\Windows\\\\System32\\\\cmd.exe\", \"ParentProcessGuid\": \"{00000000-0000-0000-0000-000000000000}\", \"ParentProcessId\": \"105716\", \"ParentUser\": \"WORKSTATION\\\\analyst's\", \"ProcessGuid\": \"{00000000-0000-0000-0000-000000000000}\", \"ProcessId\": \"74268\", \"Product\": \"Microsoftr Windowsr Operating System\", \"RuleName\": \"-\", \"TerminalSessionId\": \"1\", \"User\": \"WORKSTATION\\\\analyst's\", \"UtcTime\": \"2026-10-07 01:38:22.146\"}, \"Id\": 1, \"Level\": \"Information\", \"Message\": \"Process Create:\\r\\nRuleName: -\\r\\nUtcTime: 2026-10-07 01:38:22.146\\r\\nProcessGuid: {00000000-0000-0000-0000-000000000000}\\r\\nProcessId: 74268\\r\\nImage: C:\\\\Windows\\\\System32\\\\findstr.exe\\r\\nFileVersion: 10.0.26100.7019 (WinBuild.160101.0800)\\r\\nDescription: Find String (QGREP) Utility\\r\\nProduct: Microsoftr Windowsr Operating System\\r\\nCompany: Microsoft Corporation\\r\\nOriginalFileName: FINDSTR.EXE\\r\\nCommandLine: findstr  /i version C:\\\\Windows\\\\win.ini\\r\\nCurrentDirectory: C:\\\\Windows\\\\\\r\\nUser: WORKSTATION\\\\analyst's\\r\\nLogonGuid: {00000000-0000-0000-0000-000000000000}\\r\\nLogonId: 0x0\\r\\nTerminalSessionId: 1\\r\\nIntegrityLevel: Medium\\r\\nHashes: SHA256=867816F8A714A87F5F573EBBE3A526931FBE787CC03B4EC7AC8A970C9D8C0264\\r\\nParentProcessGuid: {00000000-0000-0000-0000-000000000000}\\r\\nParentProcessId: 105716\\r\\nParentImage: C:\\\\Windows\\\\System32\\\\cmd.exe\\r\\nParentCommandLine: C:\\\\windows\\\\System32\\\\cmd.exe /C \\\"findstr /i version C:\\\\Windows\\\\win.ini\\\"\\r\\nParentUser: WORKSTATION\\\\analyst's\", \"Provider\": \"Microsoft-Windows-Sysmon\", \"RecordId\": 456381, \"TimeCreated\": \"2026-10-07T07:08:22.1507408+05:30\", \"User\": {\"AccountDomainSid\": null, \"BinaryLength\": 12, \"Value\": \"S-1-5-0-0-0\"}}",
     "fields": {
      "RuleName": "-",
      "UtcTime": "2026-10-07 01:38:22.146",
      "Image": "C:\\Windows\\System32\\findstr.exe",
      "FileVersion": "10.0.26100.7019 (WinBuild.160101.0800)",
      "Description": "Find String (QGREP) Utility",
      "Product": "Microsoftr Windowsr Operating System",
      "Company": "Microsoft Corporation",
      "OriginalFileName": "FINDSTR.EXE",
      "CommandLine": "findstr  /i version C:\\Windows\\win.ini",
      "CurrentDirectory": "C:\\Windows\\",
      "User": "WORKSTATION\\analyst's",
      "LogonId": "0x0",
      "TerminalSessionId": "1",
      "IntegrityLevel": "Medium",
      "ParentImage": "C:\\Windows\\System32\\cmd.exe",
      "ParentCommandLine": "C:\\windows\\System32\\cmd.exe /C \"findstr /i version C:\\Windows\\win.ini\"",
      "ParentUser": "WORKSTATION\\analyst's"
     },
     "captured_channel": "Microsoft-Windows-Sysmon/Operational"
    },
    {
     "timestamp": "2026-10-07T07:08:23.5172941+05:30",
     "channel": "Microsoft-Windows-Sysmon/Operational",
     "provider": "Microsoft-Windows-Sysmon",
     "event_id": "8",
     "level": "Information",
     "severity": "Low",
     "username": "{'BinaryLength': 12, 'AccountDomainSid': None, 'Value': 'S-1-5-0-0-0'}",
     "host": "localhost",
     "source_ip": "local",
     "message": "CreateRemoteThread detected:\r\nRuleName: -\r\nUtcTime: 2026-10-07 01:38:23.516\r\nSourceProcessGuid: {00000000-0000-0000-0000-000000000000}\r\nSourceProcessId: 80248\r\nSourceImage: C:\\Users\\analyst's\\AppData\\Local\\local\\tools\\chromium-1208\\chrome-win64\\chrome.exe\r\nTargetProcessGuid: {00000000-0000-0000-0000",
     "record_id": 456382,
     "source": "windows-event-log",
     "is_alert": false,
     "rule_name": "",
     "external_id": "Microsoft-Windows-Sysmon/Operational:456382",
     "raw_log": "{\"Channel\": \"Microsoft-Windows-Sysmon/Operational\", \"EventData\": {\"NewThreadId\": \"79404\", \"RuleName\": \"-\", \"SourceImage\": \"C:\\\\Users\\\\analyst's\\\\AppData\\\\Local\\\\local\\\\tools\\\\chromium-1208\\\\chrome-win64\\\\chrome.exe\", \"SourceProcessGuid\": \"{00000000-0000-0000-0000-000000000000}\", \"SourceProcessId\": \"80248\", \"SourceUser\": \"WORKSTATION\\\\analyst's\", \"StartAddress\": \"0x0\", \"StartFunction\": \"-\", \"StartModule\": \"C:\\\\Users\\\\analyst's\\\\AppData\\\\Local\\\\local\\\\tools\\\\chromium-1208\\\\chrome-win64\\\\chrome.dll\", \"TargetImage\": \"C:\\\\Users\\\\analyst's\\\\AppData\\\\Local\\\\local\\\\tools\\\\chromium-1208\\\\chrome-win64\\\\chrome.exe\", \"TargetProcessGuid\": \"{00000000-0000-0000-0000-000000000000}\", \"TargetProcessId\": \"103224\", \"TargetUser\": \"WORKSTATION\\\\analyst's\", \"UtcTime\": \"2026-10-07 01:38:23.516\"}, \"Id\": 8, \"Level\": \"Information\", \"Message\": \"CreateRemoteThread detected:\\r\\nRuleName: -\\r\\nUtcTime: 2026-10-07 01:38:23.516\\r\\nSourceProcessGuid: {00000000-0000-0000-0000-000000000000}\\r\\nSourceProcessId: 80248\\r\\nSourceImage: C:\\\\Users\\\\analyst's\\\\AppData\\\\Local\\\\local\\\\tools\\\\chromium-1208\\\\chrome-win64\\\\chrome.exe\\r\\nTargetProcessGuid: {00000000-0000-0000-0000-000000000000}\\r\\nTargetProcessId: 103224\\r\\nTargetImage: C:\\\\Users\\\\analyst's\\\\AppData\\\\Local\\\\local\\\\tools\\\\chromium-1208\\\\chrome-win64\\\\chrome.exe\\r\\nNewThreadId: 79404\\r\\nStartAddress: 0x0\\r\\nStartModule: C:\\\\Users\\\\analyst's\\\\AppData\\\\Local\\\\local\\\\tools\\\\chromium-1208\\\\chrome-win64\\\\chrome.dll\\r\\nStartFunction: -\\r\\nSourceUser: WORKSTATION\\\\analyst's\\r\\nTargetUser: WORKSTATION\\\\analyst's\", \"Provider\": \"Microsoft-Windows-Sysmon\", \"RecordId\": 456382, \"TimeCreated\": \"2026-10-07T07:08:23.5172941+05:30\", \"User\": {\"AccountDomainSid\": null, \"BinaryLength\": 12, \"Value\": \"S-1-5-0-0-0\"}}",
     "fields": {
      "RuleName": "-",
      "UtcTime": "2026-10-07 01:38:23.516",
      "SourceProcessGuid": "{00000000-0000-0000-0000-000000000000}",
      "SourceProcessId": "80248",
      "SourceImage": "C:\\Users\\analyst's\\AppData\\Local\\local\\tools\\chromium-1208\\chrome-win64\\chrome.exe",
      "TargetProcessGuid": "{00000000-0000-0000-0000-000000000000}",
      "TargetProcessId": "103224",
      "TargetImage": "C:\\Users\\analyst's\\AppData\\Local\\local\\tools\\chromium-1208\\chrome-win64\\chrome.exe",
      "NewThreadId": "79404",
      "StartAddress": "0x0",
      "StartModule": "C:\\Users\\analyst's\\AppData\\Local\\local\\tools\\chromium-1208\\chrome-win64\\chrome.dll",
      "StartFunction": "-",
      "SourceUser": "WORKSTATION\\analyst's",
      "TargetUser": "WORKSTATION\\analyst's"
     },
     "captured_channel": "Microsoft-Windows-Sysmon/Operational"
    },
    {
     "timestamp": "2026-10-07T07:08:23.8344563+05:30",
     "channel": "Microsoft-Windows-Sysmon/Operational",
     "provider": "Microsoft-Windows-Sysmon",
     "event_id": "1",
     "level": "Information",
     "severity": "Low",
     "username": "WORKSTATION\\analyst's",
     "host": "localhost",
     "source_ip": "local",
     "message": "Process Create:\r\nRuleName: -\r\nUtcTime: 2026-10-07 01:38:23.831\r\nProcessGuid: {00000000-0000-0000-0000-000000000000}\r\nProcessId: 45988\r\nImage: C:\\Windows\\System32\\WindowsPowerShell\\v1.0\\powershell.exe\r\nFileVersion: 10.0.26100.9278 (WinBuild.160101.0800)\r\nDescription: Windows PowerShell\r\nProduct: Micr",
     "record_id": 456383,
