    {
     "timestamp": "2026-10-07T04:57:01.2334570+05:30",
     "channel": "Microsoft-Windows-Sysmon/Operational",
     "provider": "Microsoft-Windows-Sysmon",
     "event_id": "3",
     "level": "Information",
     "severity": "Low",
     "username": "WORKSTATION\\analyst's",
     "host": "localhost",
     "source_ip": "198.51.100.228",
     "message": "Network connection detected:\r\nRuleName: -\r\nUtcTime: 2026-10-06 23:26:55.856\r\nProcessGuid: {00000000-0000-0000-0000-000000000000}\r\nProcessId: 43988\r\nImage: C:\\Program Files\\Google\\Chrome\\Application\\chrome.exe\r\nUser: WORKSTATION\\analyst's\r\nProtocol: udp\r\nInitiated: false\r\nSourceIsIpv6: false\r\nSourceI",
     "record_id": 445505,
     "source": "windows-event-log",
     "is_alert": false,
     "rule_name": "Process opened an outbound connection",
     "external_id": "Microsoft-Windows-Sysmon/Operational:445505",
     "raw_log": "{\"Channel\": \"Microsoft-Windows-Sysmon/Operational\", \"EventData\": {\"DestinationHostname\": \"-\", \"DestinationIp\": \"198.51.100.35\", \"DestinationIsIpv6\": \"false\", \"DestinationPort\": \"443\", \"DestinationPortName\": \"https\", \"Image\": \"C:\\\\Program Files\\\\Google\\\\Chrome\\\\Application\\\\chrome.exe\", \"Initiated\": \"false\", \"ProcessGuid\": \"{00000000-0000-0000-0000-000000000000}\", \"ProcessId\": \"43988\", \"Protocol\": \"udp\", \"RuleName\": \"-\", \"SourceHostname\": \"WORKSTATION.Dlink\", \"SourceIp\": \"198.51.100.228\", \"SourceIsIpv6\": \"false\", \"SourcePort\": \"53426\", \"SourcePortName\": \"-\", \"User\": \"WORKSTATION\\\\analyst's\", \"UtcTime\": \"2026-10-06 23:26:55.856\"}, \"Id\": 3, \"Level\": \"Information\", \"Message\": \"Network connection detected:\\r\\nRuleName: -\\r\\nUtcTime: 2026-10-06 23:26:55.856\\r\\nProcessGuid: {00000000-0000-0000-0000-000000000000}\\r\\nProcessId: 43988\\r\\nImage: C:\\\\Program Files\\\\Google\\\\Chrome\\\\Application\\\\chrome.exe\\r\\nUser: WORKSTATION\\\\analyst's\\r\\nProtocol: udp\\r\\nInitiated: false\\r\\nSourceIsIpv6: false\\r\\nSourceIp: 198.51.100.228\\r\\nSourceHostname: WORKSTATION.Dlink\\r\\nSourcePort: 53426\\r\\nSourcePortName: -\\r\\nDestinationIsIpv6: false\\r\\nDestinationIp: 198.51.100.35\\r\\nDestinationHostname: -\\r\\nDestinationPort: 443\\r\\nDestinationPortName: https\", \"Provider\": \"Microsoft-Windows-Sysmon\", \"RecordId\": 445505, \"TimeCreated\": \"2026-10-07T04:57:01.2334570+05:30\", \"User\": {\"AccountDomainSid\": null, \"BinaryLength\": 12, \"Value\": \"S-1-5-0-0-0\"}}",
     "fields": {
      "RuleName": "-",
      "UtcTime": "2026-10-06 23:26:55.856",
      "Image": "C:\\Program Files\\Google\\Chrome\\Application\\chrome.exe",
      "User": "WORKSTATION\\analyst's",
      "Protocol": "udp",
      "Initiated": "false",
      "SourceIsIpv6": "false",
      "SourceIp": "198.51.100.228",
      "SourceHostname": "WORKSTATION.Dlink",
      "SourcePort": "53426",
      "SourcePortName": "-",
      "DestinationIsIpv6": "false",
      "DestinationIp": "198.51.100.35",
      "DestinationHostname": "-",
      "DestinationPort": "443",
      "DestinationPortName": "https"
     },
     "captured_channel": "Microsoft-Windows-Sysmon/Operational"
    },
    {
     "timestamp": "2026-10-07T04:57:01.2334794+05:30",
     "channel": "Microsoft-Windows-Sysmon/Operational",
     "provider": "Microsoft-Windows-Sysmon",
     "event_id": "3",
     "level": "Information",
     "severity": "Low",
     "username": "WORKSTATION\\analyst's",
     "host": "localhost",
     "source_ip": "198.51.100.228",
     "message": "Network connection detected:\r\nRuleName: -\r\nUtcTime: 2026-10-06 23:26:55.864\r\nProcessGuid: {00000000-0000-0000-0000-000000000000}\r\nProcessId: 43988\r\nImage: C:\\Program Files\\Google\\Chrome\\Application\\chrome.exe\r\nUser: WORKSTATION\\analyst's\r\nProtocol: udp\r\nInitiated: true\r\nSourceIsIpv6: false\r\nSourceIp",
     "record_id": 445506,
     "source": "windows-event-log",
     "is_alert": false,
     "rule_name": "Process opened an outbound connection",
     "external_id": "Microsoft-Windows-Sysmon/Operational:445506",
     "raw_log": "{\"Channel\": \"Microsoft-Windows-Sysmon/Operational\", \"EventData\": {\"DestinationHostname\": \"-\", \"DestinationIp\": \"198.51.100.215\", \"DestinationIsIpv6\": \"false\", \"DestinationPort\": \"443\", \"DestinationPortName\": \"https\", \"Image\": \"C:\\\\Program Files\\\\Google\\\\Chrome\\\\Application\\\\chrome.exe\", \"Initiated\": \"true\", \"ProcessGuid\": \"{00000000-0000-0000-0000-000000000000}\", \"ProcessId\": \"43988\", \"Protocol\": \"udp\", \"RuleName\": \"-\", \"SourceHostname\": \"WORKSTATION.Dlink\", \"SourceIp\": \"198.51.100.228\", \"SourceIsIpv6\": \"false\", \"SourcePort\": \"52158\", \"SourcePortName\": \"-\", \"User\": \"WORKSTATION\\\\analyst's\", \"UtcTime\": \"2026-10-06 23:26:55.864\"}, \"Id\": 3, \"Level\": \"Information\", \"Message\": \"Network connection detected:\\r\\nRuleName: -\\r\\nUtcTime: 2026-10-06 23:26:55.864\\r\\nProcessGuid: {00000000-0000-0000-0000-000000000000}\\r\\nProcessId: 43988\\r\\nImage: C:\\\\Program Files\\\\Google\\\\Chrome\\\\Application\\\\chrome.exe\\r\\nUser: WORKSTATION\\\\analyst's\\r\\nProtocol: udp\\r\\nInitiated: true\\r\\nSourceIsIpv6: false\\r\\nSourceIp: 198.51.100.228\\r\\nSourceHostname: WORKSTATION.Dlink\\r\\nSourcePort: 52158\\r\\nSourcePortName: -\\r\\nDestinationIsIpv6: false\\r\\nDestinationIp: 198.51.100.215\\r\\nDestinationHostname: -\\r\\nDestinationPort: 443\\r\\nDestinationPortName: https\", \"Provider\": \"Microsoft-Windows-Sysmon\", \"RecordId\": 445506, \"TimeCreated\": \"2026-10-07T04:57:01.2334794+05:30\", \"User\": {\"AccountDomainSid\": null, \"BinaryLength\": 12, \"Value\": \"S-1-5-0-0-0\"}}",
     "fields": {
      "RuleName": "-",
      "UtcTime": "2026-10-06 23:26:55.864",
      "Image": "C:\\Program Files\\Google\\Chrome\\Application\\chrome.exe",
      "User": "WORKSTATION\\analyst's",
      "Protocol": "udp",
      "Initiated": "true",
      "SourceIsIpv6": "false",
      "SourceIp": "198.51.100.228",
      "SourceHostname": "WORKSTATION.Dlink",
      "SourcePort": "52158",
      "SourcePortName": "-",
      "DestinationIsIpv6": "false",
      "DestinationIp": "198.51.100.215",
      "DestinationHostname": "-",
      "DestinationPort": "443",
      "DestinationPortName": "https"
     },
     "captured_channel": "Microsoft-Windows-Sysmon/Operational"
    },
    {
     "timestamp": "2026-10-07T04:57:01.2334871+05:30",
     "channel": "Microsoft-Windows-Sysmon/Operational",
     "provider": "Microsoft-Windows-Sysmon",
     "event_id": "3",
     "level": "Information",
     "severity": "Low",
     "username": "WORKSTATION\\analyst's",
     "host": "localhost",
     "source_ip": "198.51.100.228",
     "message": "Network connection detected:\r\nRuleName: -\r\nUtcTime: 2026-10-06 23:26:55.874\r\nProcessGuid: {00000000-0000-0000-0000-000000000000}\r\nProcessId: 43988\r\nImage: C:\\Program Files\\Google\\Chrome\\Application\\chrome.exe\r\nUser: WORKSTATION\\analyst's\r\nProtocol: udp\r\nInitiated: false\r\nSourceIsIpv6: false\r\nSourceI",
     "record_id": 445507,
     "source": "windows-event-log",
     "is_alert": false,
     "rule_name": "Process opened an outbound connection",
     "external_id": "Microsoft-Windows-Sysmon/Operational:445507",
     "raw_log": "{\"Channel\": \"Microsoft-Windows-Sysmon/Operational\", \"EventData\": {\"DestinationHostname\": \"ly-in-f95.1e100.net\", \"DestinationIp\": \"198.51.100.114\", \"DestinationIsIpv6\": \"false\", \"DestinationPort\": \"443\", \"DestinationPortName\": \"https\", \"Image\": \"C:\\\\Program Files\\\\Google\\\\Chrome\\\\Application\\\\chrome.exe\", \"Initiated\": \"false\", \"ProcessGuid\": \"{00000000-0000-0000-0000-000000000000}\", \"ProcessId\": \"43988\", \"Protocol\": \"udp\", \"RuleName\": \"-\", \"SourceHostname\": \"WORKSTATION.Dlink\", \"SourceIp\": \"198.51.100.228\", \"SourceIsIpv6\": \"false\", \"SourcePort\": \"56127\", \"SourcePortName\": \"-\", \"User\": \"WORKSTATION\\\\analyst's\", \"UtcTime\": \"2026-10-06 23:26:55.874\"}, \"Id\": 3, \"Level\": \"Information\", \"Message\": \"Network connection detected:\\r\\nRuleName: -\\r\\nUtcTime: 2026-10-06 23:26:55.874\\r\\nProcessGuid: {00000000-0000-0000-0000-000000000000}\\r\\nProcessId: 43988\\r\\nImage: C:\\\\Program Files\\\\Google\\\\Chrome\\\\Application\\\\chrome.exe\\r\\nUser: WORKSTATION\\\\analyst's\\r\\nProtocol: udp\\r\\nInitiated: false\\r\\nSourceIsIpv6: false\\r\\nSourceIp: 198.51.100.228\\r\\nSourceHostname: WORKSTATION.Dlink\\r\\nSourcePort: 56127\\r\\nSourcePortName: -\\r\\nDestinationIsIpv6: false\\r\\nDestinationIp: 198.51.100.114\\r\\nDestinationHostname: ly-in-f95.1e100.net\\r\\nDestinationPort: 443\\r\\nDestinationPortName: https\", \"Provider\": \"Microsoft-Windows-Sysmon\", \"RecordId\": 445507, \"TimeCreated\": \"2026-10-07T04:57:01.2334871+05:30\", \"User\": {\"AccountDomainSid\": null, \"BinaryLength\": 12, \"Value\": \"S-1-5-0-0-0\"}}",
     "fields": {
      "RuleName": "-",
      "UtcTime": "2026-10-06 23:26:55.874",
      "Image": "C:\\Program Files\\Google\\Chrome\\Application\\chrome.exe",
      "User": "WORKSTATION\\analyst's",
      "Protocol": "udp",
      "Initiated": "false",
      "SourceIsIpv6": "false",
      "SourceIp": "198.51.100.228",
      "SourceHostname": "WORKSTATION.Dlink",
      "SourcePort": "56127",
      "SourcePortName": "-",
      "DestinationIsIpv6": "false",
      "DestinationIp": "198.51.100.114",
      "DestinationHostname": "ly-in-f95.1e100.net",
      "DestinationPort": "443",
      "DestinationPortName": "https"
     },
     "captured_channel": "Microsoft-Windows-Sysmon/Operational"
    },
    {
     "timestamp": "2026-10-07T04:57:01.2334952+05:30",
     "channel": "Microsoft-Windows-Sysmon/Operational",
     "provider": "Microsoft-Windows-Sysmon",
     "event_id": "3",
     "level": "Information",
     "severity": "Low",
     "username": "WORKSTATION\\analyst's",
     "host": "localhost",
     "source_ip": "198.51.100.228",
     "message": "Network connection detected:\r\nRuleName: -\r\nUtcTime: 2026-10-06 23:26:56.011\r\nProcessGuid: {00000000-0000-0000-0000-000000000000}\r\nProcessId: 43988\r\nImage: C:\\Program Files\\Google\\Chrome\\Application\\chrome.exe\r\nUser: WORKSTATION\\analyst's\r\nProtocol: udp\r\nInitiated: true\r\nSourceIsIpv6: false\r\nSourceIp",
     "record_id": 445508,
     "source": "windows-event-log",
     "is_alert": false,
     "rule_name": "Process opened an outbound connection",
     "external_id": "Microsoft-Windows-Sysmon/Operational:445508",
     "raw_log": "{\"Channel\": \"Microsoft-Windows-Sysmon/Operational\", \"EventData\": {\"DestinationHostname\": \"lcbomp-in-f94.1e100.net\", \"DestinationIp\": \"198.51.100.158\", \"DestinationIsIpv6\": \"false\", \"DestinationPort\": \"443\", \"DestinationPortName\": \"https\", \"Image\": \"C:\\\\Program Files\\\\Google\\\\Chrome\\\\Application\\\\chrome.exe\", \"Initiated\": \"true\", \"ProcessGuid\": \"{00000000-0000-0000-0000-000000000000}\", \"ProcessId\": \"43988\", \"Protocol\": \"udp\", \"RuleName\": \"-\", \"SourceHostname\": \"WORKSTATION.Dlink\", \"SourceIp\": \"198.51.100.228\", \"SourceIsIpv6\": \"false\", \"SourcePort\": \"57827\", \"SourcePortName\": \"-\", \"User\": \"WORKSTATION\\\\analyst's\", \"UtcTime\": \"2026-10-06 23:26:56.011\"}, \"Id\": 3, \"Level\": \"Information\", \"Message\": \"Network connection detected:\\r\\nRuleName: -\\r\\nUtcTime: 2026-10-06 23:26:56.011\\r\\nProcessGuid: {00000000-0000-0000-0000-000000000000}\\r\\nProcessId: 43988\\r\\nImage: C:\\\\Program Files\\\\Google\\\\Chrome\\\\Application\\\\chrome.exe\\r\\nUser: WORKSTATION\\\\analyst's\\r\\nProtocol: udp\\r\\nInitiated: true\\r\\nSourceIsIpv6: false\\r\\nSourceIp: 198.51.100.228\\r\\nSourceHostname: WORKSTATION.Dlink\\r\\nSourcePort: 57827\\r\\nSourcePortName: -\\r\\nDestinationIsIpv6: false\\r\\nDestinationIp: 198.51.100.158\\r\\nDestinationHostname: lcbomp-in-f94.1e100.net\\r\\nDestinationPort: 443\\r\\nDestinationPortName: https\", \"Provider\": \"Microsoft-Windows-Sysmon\", \"RecordId\": 445508, \"TimeCreated\": \"2026-10-07T04:57:01.2334952+05:30\", \"User\": {\"AccountDomainSid\": null, \"BinaryLength\": 12, \"Value\": \"S-1-5-0-0-0\"}}",
     "fields": {
      "RuleName": "-",
      "UtcTime": "2026-10-06 23:26:56.011",
      "Image": "C:\\Program Files\\Google\\Chrome\\Application\\chrome.exe",
      "User": "WORKSTATION\\analyst's",
      "Protocol": "udp",
      "Initiated": "true",
      "SourceIsIpv6": "false",
      "SourceIp": "198.51.100.228",
      "SourceHostname": "WORKSTATION.Dlink",
      "SourcePort": "57827",
      "SourcePortName": "-",
      "DestinationIsIpv6": "false",
      "DestinationIp": "198.51.100.158",
      "DestinationHostname": "lcbomp-in-f94.1e100.net",
      "DestinationPort": "443",
      "DestinationPortName": "https"
     },
     "captured_channel": "Microsoft-Windows-Sysmon/Operational"
    },
    {
     "timestamp": "2026-10-07T04:57:01.2335065+05:30",
     "channel": "Microsoft-Windows-Sysmon/Operational",
     "provider": "Microsoft-Windows-Sysmon",
     "event_id": "3",
     "level": "Information",
     "severity": "Low",
     "username": "WORKSTATION\\analyst's",
     "host": "localhost",
     "source_ip": "198.51.100.228",
     "message": "Network connection detected:\r\nRuleName: -\r\nUtcTime: 2026-10-06 23:26:56.187\r\nProcessGuid: {00000000-0000-0000-0000-000000000000}\r\nProcessId: 43988\r\nImage: C:\\Program Files\\Google\\Chrome\\Application\\chrome.exe\r\nUser: WORKSTATION\\analyst's\r\nProtocol: tcp\r\nInitiated: true\r\nSourceIsIpv6: false\r\nSourceIp",
     "record_id": 445509,
     "source": "windows-event-log",
     "is_alert": false,
     "rule_name": "Process opened an outbound connection",
     "external_id": "Microsoft-Windows-Sysmon/Operational:445509",
     "raw_log": "{\"Channel\": \"Microsoft-Windows-Sysmon/Operational\", \"EventData\": {\"DestinationHostname\": \"cm-in-f138.1e100.net\", \"DestinationIp\": \"198.51.100.65\", \"DestinationIsIpv6\": \"false\", \"DestinationPort\": \"443\", \"DestinationPortName\": \"https\", \"Image\": \"C:\\\\Program Files\\\\Google\\\\Chrome\\\\Application\\\\chrome.exe\", \"Initiated\": \"true\", \"ProcessGuid\": \"{00000000-0000-0000-0000-000000000000}\", \"ProcessId\": \"43988\", \"Protocol\": \"tcp\", \"RuleName\": \"-\", \"SourceHostname\": \"WORKSTATION.Dlink\", \"SourceIp\": \"198.51.100.228\", \"SourceIsIpv6\": \"false\", \"SourcePort\": \"59441\", \"SourcePortName\": \"-\", \"User\": \"WORKSTATION\\\\analyst's\", \"UtcTime\": \"2026-10-06 23:26:56.187\"}, \"Id\": 3, \"Level\": \"Information\", \"Message\": \"Network connection detected:\\r\\nRuleName: -\\r\\nUtcTime: 2026-10-06 23:26:56.187\\r\\nProcessGuid: {00000000-0000-0000-0000-000000000000}\\r\\nProcessId: 43988\\r\\nImage: C:\\\\Program Files\\\\Google\\\\Chrome\\\\Application\\\\chrome.exe\\r\\nUser: WORKSTATION\\\\analyst's\\r\\nProtocol: tcp\\r\\nInitiated: true\\r\\nSourceIsIpv6: false\\r\\nSourceIp: 198.51.100.228\\r\\nSourceHostname: WORKSTATION.Dlink\\r\\nSourcePort: 59441\\r\\nSourcePortName: -\\r\\nDestinationIsIpv6: false\\r\\nDestinationIp: 198.51.100.65\\r\\nDestinationHostname: cm-in-f138.1e100.net\\r\\nDestinationPort: 443\\r\\nDestinationPortName: https\", \"Provider\": \"Microsoft-Windows-Sysmon\", \"RecordId\": 445509, \"TimeCreated\": \"2026-10-07T04:57:01.2335065+05:30\", \"User\": {\"AccountDomainSid\": null, \"BinaryLength\": 12, \"Value\": \"S-1-5-0-0-0\"}}",
     "fields": {
      "RuleName": "-",
      "UtcTime": "2026-10-06 23:26:56.187",
      "Image": "C:\\Program Files\\Google\\Chrome\\Application\\chrome.exe",
      "User": "WORKSTATION\\analyst's",
      "Protocol": "tcp",
      "Initiated": "true",
      "SourceIsIpv6": "false",
      "SourceIp": "198.51.100.228",
      "SourceHostname": "WORKSTATION.Dlink",
      "SourcePort": "59441",
      "SourcePortName": "-",
      "DestinationIsIpv6": "false",
      "DestinationIp": "198.51.100.65",
      "DestinationHostname": "cm-in-f138.1e100.net",
      "DestinationPort": "443",
      "DestinationPortName": "https"
     },
     "captured_channel": "Microsoft-Windows-Sysmon/Operational"
    },
    {
     "timestamp": "2026-10-07T04:57:01.2335137+05:30",
     "channel": "Microsoft-Windows-Sysmon/Operational",
     "provider": "Microsoft-Windows-Sysmon",
     "event_id": "3",
     "level": "Information",
     "severity": "Low",
     "username": "WORKSTATION\\analyst's",
     "host": "localhost",
     "source_ip": "198.51.100.228",
     "message": "Network connection detected:\r\nRuleName: -\r\nUtcTime: 2026-10-06 23:26:56.187\r\nProcessGuid: {00000000-0000-0000-0000-000000000000}\r\nProcessId: 43988\r\nImage: C:\\Program Files\\Google\\Chrome\\Application\\chrome.exe\r\nUser: WORKSTATION\\analyst's\r\nProtocol: tcp\r\nInitiated: true\r\nSourceIsIpv6: false\r\nSourceIp",
     "record_id": 445510,
     "source": "windows-event-log",
     "is_alert": false,
     "rule_name": "Process opened an outbound connection",
     "external_id": "Microsoft-Windows-Sysmon/Operational:445510",
     "raw_log": "{\"Channel\": \"Microsoft-Windows-Sysmon/Operational\", \"EventData\": {\"DestinationHostname\": \"cm-in-f138.1e100.net\", \"DestinationIp\": \"198.51.100.65\", \"DestinationIsIpv6\": \"false\", \"DestinationPort\": \"443\", \"DestinationPortName\": \"https\", \"Image\": \"C:\\\\Program Files\\\\Google\\\\Chrome\\\\Application\\\\chrome.exe\", \"Initiated\": \"true\", \"ProcessGuid\": \"{00000000-0000-0000-0000-000000000000}\", \"ProcessId\": \"43988\", \"Protocol\": \"tcp\", \"RuleName\": \"-\", \"SourceHostname\": \"WORKSTATION.Dlink\", \"SourceIp\": \"198.51.100.228\", \"SourceIsIpv6\": \"false\", \"SourcePort\": \"50751\", \"SourcePortName\": \"-\", \"User\": \"WORKSTATION\\\\analyst's\", \"UtcTime\": \"2026-10-06 23:26:56.187\"}, \"Id\": 3, \"Level\": \"Information\", \"Message\": \"Network connection detected:\\r\\nRuleName: -\\r\\nUtcTime: 2026-10-06 23:26:56.187\\r\\nProcessGuid: {00000000-0000-0000-0000-000000000000}\\r\\nProcessId: 43988\\r\\nImage: C:\\\\Program Files\\\\Google\\\\Chrome\\\\Application\\\\chrome.exe\\r\\nUser: WORKSTATION\\\\analyst's\\r\\nProtocol: tcp\\r\\nInitiated: true\\r\\nSourceIsIpv6: false\\r\\nSourceIp: 198.51.100.228\\r\\nSourceHostname: WORKSTATION.Dlink\\r\\nSourcePort: 50751\\r\\nSourcePortName: -\\r\\nDestinationIsIpv6: false\\r\\nDestinationIp: 198.51.100.65\\r\\nDestinationHostname: cm-in-f138.1e100.net\\r\\nDestinationPort: 443\\r\\nDestinationPortName: https\", \"Provider\": \"Microsoft-Windows-Sysmon\", \"RecordId\": 445510, \"TimeCreated\": \"2026-10-07T04:57:01.2335137+05:30\", \"User\": {\"AccountDomainSid\": null, \"BinaryLength\": 12, \"Value\": \"S-1-5-0-0-0\"}}",
     "fields": {
      "RuleName": "-",
      "UtcTime": "2026-10-06 23:26:56.187",
      "Image": "C:\\Program Files\\Google\\Chrome\\Application\\chrome.exe",
      "User": "WORKSTATION\\analyst's",
      "Protocol": "tcp",
      "Initiated": "true",
      "SourceIsIpv6": "false",
      "SourceIp": "198.51.100.228",
      "SourceHostname": "WORKSTATION.Dlink",
      "SourcePort": "50751",
      "SourcePortName": "-",
      "DestinationIsIpv6": "false",
      "DestinationIp": "198.51.100.65",
      "DestinationHostname": "cm-in-f138.1e100.net",
      "DestinationPort": "443",
      "DestinationPortName": "https"
     },
     "captured_channel": "Microsoft-Windows-Sysmon/Operational"
    },
    {
     "timestamp": "2026-10-07T04:57:01.2335199+05:30",
     "channel": "Microsoft-Windows-Sysmon/Operational",
     "provider": "Microsoft-Windows-Sysmon",
     "event_id": "3",
     "level": "Information",
     "severity": "Low",
     "username": "WORKSTATION\\analyst's",
     "host": "localhost",
     "source_ip": "198.51.100.228",
     "message": "Network connection detected:\r\nRuleName: -\r\nUtcTime: 2026-10-06 23:26:56.187\r\nProcessGuid: {00000000-0000-0000-0000-000000000000}\r\nProcessId: 43988\r\nImage: C:\\Program Files\\Google\\Chrome\\Application\\chrome.exe\r\nUser: WORKSTATION\\analyst's\r\nProtocol: tcp\r\nInitiated: true\r\nSourceIsIpv6: false\r\nSourceIp",
     "record_id": 445511,
     "source": "windows-event-log",
     "is_alert": false,
     "rule_name": "Process opened an outbound connection",
     "external_id": "Microsoft-Windows-Sysmon/Operational:445511",
     "raw_log": "{\"Channel\": \"Microsoft-Windows-Sysmon/Operational\", \"EventData\": {\"DestinationHostname\": \"cm-in-f138.1e100.net\", \"DestinationIp\": \"198.51.100.65\", \"DestinationIsIpv6\": \"false\", \"DestinationPort\": \"443\", \"DestinationPortName\": \"https\", \"Image\": \"C:\\\\Program Files\\\\Google\\\\Chrome\\\\Application\\\\chrome.exe\", \"Initiated\": \"true\", \"ProcessGuid\": \"{00000000-0000-0000-0000-000000000000}\", \"ProcessId\": \"43988\", \"Protocol\": \"tcp\", \"RuleName\": \"-\", \"SourceHostname\": \"WORKSTATION.Dlink\", \"SourceIp\": \"198.51.100.228\", \"SourceIsIpv6\": \"false\", \"SourcePort\": \"63523\", \"SourcePortName\": \"-\", \"User\": \"WORKSTATION\\\\analyst's\", \"UtcTime\": \"2026-10-06 23:26:56.187\"}, \"Id\": 3, \"Level\": \"Information\", \"Message\": \"Network connection detected:\\r\\nRuleName: -\\r\\nUtcTime: 2026-10-06 23:26:56.187\\r\\nProcessGuid: {00000000-0000-0000-0000-000000000000}\\r\\nProcessId: 43988\\r\\nImage: C:\\\\Program Files\\\\Google\\\\Chrome\\\\Application\\\\chrome.exe\\r\\nUser: WORKSTATION\\\\analyst's\\r\\nProtocol: tcp\\r\\nInitiated: true\\r\\nSourceIsIpv6: false\\r\\nSourceIp: 198.51.100.228\\r\\nSourceHostname: WORKSTATION.Dlink\\r\\nSourcePort: 63523\\r\\nSourcePortName: -\\r\\nDestinationIsIpv6: false\\r\\nDestinationIp: 198.51.100.65\\r\\nDestinationHostname: cm-in-f138.1e100.net\\r\\nDestinationPort: 443\\r\\nDestinationPortName: https\", \"Provider\": \"Microsoft-Windows-Sysmon\", \"RecordId\": 445511, \"TimeCreated\": \"2026-10-07T04:57:01.2335199+05:30\", \"User\": {\"AccountDomainSid\": null, \"BinaryLength\": 12, \"Value\": \"S-1-5-0-0-0\"}}",
     "fields": {
      "RuleName": "-",
      "UtcTime": "2026-10-06 23:26:56.187",
      "Image": "C:\\Program Files\\Google\\Chrome\\Application\\chrome.exe",
      "User": "WORKSTATION\\analyst's",
      "Protocol": "tcp",
      "Initiated": "true",
      "SourceIsIpv6": "false",
      "SourceIp": "198.51.100.228",
      "SourceHostname": "WORKSTATION.Dlink",
      "SourcePort": "63523",
      "SourcePortName": "-",
      "DestinationIsIpv6": "false",
      "DestinationIp": "198.51.100.65",
      "DestinationHostname": "cm-in-f138.1e100.net",
      "DestinationPort": "443",
      "DestinationPortName": "https"
     },
     "captured_channel": "Microsoft-Windows-Sysmon/Operational"
    },
    {
     "timestamp": "2026-10-07T04:57:01.2335250+05:30",
     "channel": "Microsoft-Windows-Sysmon/Operational",
     "provider": "Microsoft-Windows-Sysmon",
     "event_id": "3",
     "level": "Information",
     "severity": "Low",
     "username": "WORKSTATION\\analyst's",
     "host": "localhost",
     "source_ip": "198.51.100.228",
     "message": "Network connection detected:\r\nRuleName: -\r\nUtcTime: 2026-10-06 23:26:56.192\r\nProcessGuid: {00000000-0000-0000-0000-000000000000}\r\nProcessId: 43988\r\nImage: C:\\Program Files\\Google\\Chrome\\Application\\chrome.exe\r\nUser: WORKSTATION\\analyst's\r\nProtocol: tcp\r\nInitiated: true\r\nSourceIsIpv6: false\r\nSourceIp",
     "record_id": 445512,
     "source": "windows-event-log",
     "is_alert": false,
     "rule_name": "Process opened an outbound connection",
     "external_id": "Microsoft-Windows-Sysmon/Operational:445512",
     "raw_log": "{\"Channel\": \"Microsoft-Windows-Sysmon/Operational\", \"EventData\": {\"DestinationHostname\": \"cm-in-f138.1e100.net\", \"DestinationIp\": \"198.51.100.65\", \"DestinationIsIpv6\": \"false\", \"DestinationPort\": \"443\", \"DestinationPortName\": \"https\", \"Image\": \"C:\\\\Program Files\\\\Google\\\\Chrome\\\\Application\\\\chrome.exe\", \"Initiated\": \"true\", \"ProcessGuid\": \"{00000000-0000-0000-0000-000000000000}\", \"ProcessId\": \"43988\", \"Protocol\": \"tcp\", \"RuleName\": \"-\", \"SourceHostname\": \"WORKSTATION.Dlink\", \"SourceIp\": \"198.51.100.228\", \"SourceIsIpv6\": \"false\", \"SourcePort\": \"50319\", \"SourcePortName\": \"-\", \"User\": \"WORKSTATION\\\\analyst's\", \"UtcTime\": \"2026-10-06 23:26:56.192\"}, \"Id\": 3, \"Level\": \"Information\", \"Message\": \"Network connection detected:\\r\\nRuleName: -\\r\\nUtcTime: 2026-10-06 23:26:56.192\\r\\nProcessGuid: {00000000-0000-0000-0000-000000000000}\\r\\nProcessId: 43988\\r\\nImage: C:\\\\Program Files\\\\Google\\\\Chrome\\\\Application\\\\chrome.exe\\r\\nUser: WORKSTATION\\\\analyst's\\r\\nProtocol: tcp\\r\\nInitiated: true\\r\\nSourceIsIpv6: false\\r\\nSourceIp: 198.51.100.228\\r\\nSourceHostname: WORKSTATION.Dlink\\r\\nSourcePort: 50319\\r\\nSourcePortName: -\\r\\nDestinationIsIpv6: false\\r\\nDestinationIp: 198.51.100.65\\r\\nDestinationHostname: cm-in-f138.1e100.net\\r\\nDestinationPort: 443\\r\\nDestinationPortName: https\", \"Provider\": \"Microsoft-Windows-Sysmon\", \"RecordId\": 445512, \"TimeCreated\": \"2026-10-07T04:57:01.2335250+05:30\", \"User\": {\"AccountDomainSid\": null, \"BinaryLength\": 12, \"Value\": \"S-1-5-0-0-0\"}}",
     "fields": {
      "RuleName": "-",
      "UtcTime": "2026-10-06 23:26:56.192",
      "Image": "C:\\Program Files\\Google\\Chrome\\Application\\chrome.exe",
      "User": "WORKSTATION\\analyst's",
      "Protocol": "tcp",
      "Initiated": "true",
      "SourceIsIpv6": "false",
      "SourceIp": "198.51.100.228",
      "SourceHostname": "WORKSTATION.Dlink",
      "SourcePort": "50319",
      "SourcePortName": "-",
      "DestinationIsIpv6": "false",
      "DestinationIp": "198.51.100.65",
      "DestinationHostname": "cm-in-f138.1e100.net",
      "DestinationPort": "443",
      "DestinationPortName": "https"
     },
     "captured_channel": "Microsoft-Windows-Sysmon/Operational"
    },
    {
     "timestamp": "2026-10-07T04:57:01.2335403+05:30",
     "channel": "Microsoft-Windows-Sysmon/Operational",
     "provider": "Microsoft-Windows-Sysmon",
     "event_id": "3",
     "level": "Information",
     "severity": "Low",
     "username": "WORKSTATION\\analyst's",
     "host": "localhost",
     "source_ip": "198.51.100.228",
     "message": "Network connection detected:\r\nRuleName: -\r\nUtcTime: 2026-10-06 23:26:56.570\r\nProcessGuid: {00000000-0000-0000-0000-000000000000}\r\nProcessId: 43988\r\nImage: C:\\Program Files\\Google\\Chrome\\Application\\chrome.exe\r\nUser: WORKSTATION\\analyst's\r\nProtocol: udp\r\nInitiated: true\r\nSourceIsIpv6: false\r\nSourceIp",
     "record_id": 445513,
     "source": "windows-event-log",
     "is_alert": false,
     "rule_name": "Process opened an outbound connection",
     "external_id": "Microsoft-Windows-Sysmon/Operational:445513",
     "raw_log": "{\"Channel\": \"Microsoft-Windows-Sysmon/Operational\", \"EventData\": {\"DestinationHostname\": \"cm-in-f157.1e100.net\", \"DestinationIp\": \"198.51.100.139\", \"DestinationIsIpv6\": \"false\", \"DestinationPort\": \"443\", \"DestinationPortName\": \"https\", \"Image\": \"C:\\\\Program Files\\\\Google\\\\Chrome\\\\Application\\\\chrome.exe\", \"Initiated\": \"true\", \"ProcessGuid\": \"{00000000-0000-0000-0000-000000000000}\", \"ProcessId\": \"43988\", \"Protocol\": \"udp\", \"RuleName\": \"-\", \"SourceHostname\": \"WORKSTATION.Dlink\", \"SourceIp\": \"198.51.100.228\", \"SourceIsIpv6\": \"false\", \"SourcePort\": \"58140\", \"SourcePortName\": \"-\", \"User\": \"WORKSTATION\\\\analyst's\", \"UtcTime\": \"2026-10-06 23:26:56.570\"}, \"Id\": 3, \"Level\": \"Information\", \"Message\": \"Network connection detected:\\r\\nRuleName: -\\r\\nUtcTime: 2026-10-06 23:26:56.570\\r\\nProcessGuid: {00000000-0000-0000-0000-000000000000}\\r\\nProcessId: 43988\\r\\nImage: C:\\\\Program Files\\\\Google\\\\Chrome\\\\Application\\\\chrome.exe\\r\\nUser: WORKSTATION\\\\analyst's\\r\\nProtocol: udp\\r\\nInitiated: true\\r\\nSourceIsIpv6: false\\r\\nSourceIp: 198.51.100.228\\r\\nSourceHostname: WORKSTATION.Dlink\\r\\nSourcePort: 58140\\r\\nSourcePortName: -\\r\\nDestinationIsIpv6: false\\r\\nDestinationIp: 198.51.100.139\\r\\nDestinationHostname: cm-in-f157.1e100.net\\r\\nDestinationPort: 443\\r\\nDestinationPortName: https\", \"Provider\": \"Microsoft-Windows-Sysmon\", \"RecordId\": 445513, \"TimeCreated\": \"2026-10-07T04:57:01.2335403+05:30\", \"User\": {\"AccountDomainSid\": null, \"BinaryLength\": 12, \"Value\": \"S-1-5-0-0-0\"}}",
     "fields": {
      "RuleName": "-",
      "UtcTime": "2026-10-06 23:26:56.570",
      "Image": "C:\\Program Files\\Google\\Chrome\\Application\\chrome.exe",
      "User": "WORKSTATION\\analyst's",
      "Protocol": "udp",
      "Initiated": "true",
      "SourceIsIpv6": "false",
      "SourceIp": "198.51.100.228",
      "SourceHostname": "WORKSTATION.Dlink",
      "SourcePort": "58140",
      "SourcePortName": "-",
      "DestinationIsIpv6": "false",
      "DestinationIp": "198.51.100.139",
      "DestinationHostname": "cm-in-f157.1e100.net",
      "DestinationPort": "443",
      "DestinationPortName": "https"
     },
     "captured_channel": "Microsoft-Windows-Sysmon/Operational"
    },
    {
     "timestamp": "2026-10-07T04:57:01.2335462+05:30",
     "channel": "Microsoft-Windows-Sysmon/Operational",
     "provider": "Microsoft-Windows-Sysmon",
     "event_id": "3",
     "level": "Information",
     "severity": "Low",
     "username": "WORKSTATION\\analyst's",
     "host": "localhost",
     "source_ip": "198.51.100.228",
     "message": "Network connection detected:\r\nRuleName: -\r\nUtcTime: 2026-10-06 23:26:56.570\r\nProcessGuid: {00000000-0000-0000-0000-000000000000}\r\nProcessId: 43988\r\nImage: C:\\Program Files\\Google\\Chrome\\Application\\chrome.exe\r\nUser: WORKSTATION\\analyst's\r\nProtocol: udp\r\nInitiated: true\r\nSourceIsIpv6: false\r\nSourceIp",
     "record_id": 445514,
     "source": "windows-event-log",
     "is_alert": false,
     "rule_name": "Process opened an outbound connection",
     "external_id": "Microsoft-Windows-Sysmon/Operational:445514",
     "raw_log": "{\"Channel\": \"Microsoft-Windows-Sysmon/Operational\", \"EventData\": {\"DestinationHostname\": \"cm-in-f157.1e100.net\", \"DestinationIp\": \"198.51.100.139\", \"DestinationIsIpv6\": \"false\", \"DestinationPort\": \"443\", \"DestinationPortName\": \"https\", \"Image\": \"C:\\\\Program Files\\\\Google\\\\Chrome\\\\Application\\\\chrome.exe\", \"Initiated\": \"true\", \"ProcessGuid\": \"{00000000-0000-0000-0000-000000000000}\", \"ProcessId\": \"43988\", \"Protocol\": \"udp\", \"RuleName\": \"-\", \"SourceHostname\": \"WORKSTATION.Dlink\", \"SourceIp\": \"198.51.100.228\", \"SourceIsIpv6\": \"false\", \"SourcePort\": \"58140\", \"SourcePortName\": \"-\", \"User\": \"WORKSTATION\\\\analyst's\", \"UtcTime\": \"2026-10-06 23:26:56.570\"}, \"Id\": 3, \"Level\": \"Information\", \"Message\": \"Network connection detected:\\r\\nRuleName: -\\r\\nUtcTime: 2026-10-06 23:26:56.570\\r\\nProcessGuid: {00000000-0000-0000-0000-000000000000}\\r\\nProcessId: 43988\\r\\nImage: C:\\\\Program Files\\\\Google\\\\Chrome\\\\Application\\\\chrome.exe\\r\\nUser: WORKSTATION\\\\analyst's\\r\\nProtocol: udp\\r\\nInitiated: true\\r\\nSourceIsIpv6: false\\r\\nSourceIp: 198.51.100.228\\r\\nSourceHostname: WORKSTATION.Dlink\\r\\nSourcePort: 58140\\r\\nSourcePortName: -\\r\\nDestinationIsIpv6: false\\r\\nDestinationIp: 198.51.100.139\\r\\nDestinationHostname: cm-in-f157.1e100.net\\r\\nDestinationPort: 443\\r\\nDestinationPortName: https\", \"Provider\": \"Microsoft-Windows-Sysmon\", \"RecordId\": 445514, \"TimeCreated\": \"2026-10-07T04:57:01.2335462+05:30\", \"User\": {\"AccountDomainSid\": null, \"BinaryLength\": 12, \"Value\": \"S-1-5-0-0-0\"}}",
     "fields": {
      "RuleName": "-",
      "UtcTime": "2026-10-06 23:26:56.570",
      "Image": "C:\\Program Files\\Google\\Chrome\\Application\\chrome.exe",
      "User": "WORKSTATION\\analyst's",
      "Protocol": "udp",
      "Initiated": "true",
      "SourceIsIpv6": "false",
      "SourceIp": "198.51.100.228",
      "SourceHostname": "WORKSTATION.Dlink",
      "SourcePort": "58140",
      "SourcePortName": "-",
      "DestinationIsIpv6": "false",
      "DestinationIp": "198.51.100.139",
      "DestinationHostname": "cm-in-f157.1e100.net",
      "DestinationPort": "443",
      "DestinationPortName": "https"
     },
     "captured_channel": "Microsoft-Windows-Sysmon/Operational"
    },
    {
     "timestamp": "2026-10-07T04:57:01.7581880+05:30",
     "channel": "Microsoft-Windows-Sysmon/Operational",
     "provider": "Microsoft-Windows-Sysmon",
     "event_id": "3",
     "level": "Information",
     "severity": "Low",
     "username": "WORKSTATION\\analyst's",
     "host": "localhost",
     "source_ip": "198.51.100.228",
     "message": "Network connection detected:\r\nRuleName: -\r\nUtcTime: 2026-10-06 23:26:56.989\r\nProcessGuid: {00000000-0000-0000-0000-000000000000}\r\nProcessId: 43988\r\nImage: C:\\Program Files\\Google\\Chrome\\Application\\chrome.exe\r\nUser: WORKSTATION\\analyst's\r\nProtocol: udp\r\nInitiated: true\r\nSourceIsIpv6: false\r\nSourceIp",
     "record_id": 445515,
     "source": "windows-event-log",
     "is_alert": false,
     "rule_name": "Process opened an outbound connection",
     "external_id": "Microsoft-Windows-Sysmon/Operational:445515",
     "raw_log": "{\"Channel\": \"Microsoft-Windows-Sysmon/Operational\", \"EventData\": {\"DestinationHostname\": \"lcbomp-in-f132.1e100.net\", \"DestinationIp\": \"198.51.100.107\", \"DestinationIsIpv6\": \"false\", \"DestinationPort\": \"443\", \"DestinationPortName\": \"https\", \"Image\": \"C:\\\\Program Files\\\\Google\\\\Chrome\\\\Application\\\\chrome.exe\", \"Initiated\": \"true\", \"ProcessGuid\": \"{00000000-0000-0000-0000-000000000000}\", \"ProcessId\": \"43988\", \"Protocol\": \"udp\", \"RuleName\": \"-\", \"SourceHostname\": \"WORKSTATION.Dlink\", \"SourceIp\": \"198.51.100.228\", \"SourceIsIpv6\": \"false\", \"SourcePort\": \"51046\", \"SourcePortName\": \"-\", \"User\": \"WORKSTATION\\\\analyst's\", \"UtcTime\": \"2026-10-06 23:26:56.989\"}, \"Id\": 3, \"Level\": \"Information\", \"Message\": \"Network connection detected:\\r\\nRuleName: -\\r\\nUtcTime: 2026-10-06 23:26:56.989\\r\\nProcessGuid: {00000000-0000-0000-0000-000000000000}\\r\\nProcessId: 43988\\r\\nImage: C:\\\\Program Files\\\\Google\\\\Chrome\\\\Application\\\\chrome.exe\\r\\nUser: WORKSTATION\\\\analyst's\\r\\nProtocol: udp\\r\\nInitiated: true\\r\\nSourceIsIpv6: false\\r\\nSourceIp: 198.51.100.228\\r\\nSourceHostname: WORKSTATION.Dlink\\r\\nSourcePort: 51046\\r\\nSourcePortName: -\\r\\nDestinationIsIpv6: false\\r\\nDestinationIp: 198.51.100.107\\r\\nDestinationHostname: lcbomp-in-f132.1e100.net\\r\\nDestinationPort: 443\\r\\nDestinationPortName: https\", \"Provider\": \"Microsoft-Windows-Sysmon\", \"RecordId\": 445515, \"TimeCreated\": \"2026-10-07T04:57:01.7581880+05:30\", \"User\": {\"AccountDomainSid\": null, \"BinaryLength\": 12, \"Value\": \"S-1-5-0-0-0\"}}",
     "fields": {
      "RuleName": "-",
      "UtcTime": "2026-10-06 23:26:56.989",
      "Image": "C:\\Program Files\\Google\\Chrome\\Application\\chrome.exe",
      "User": "WORKSTATION\\analyst's",
      "Protocol": "udp",
      "Initiated": "true",
      "SourceIsIpv6": "false",
      "SourceIp": "198.51.100.228",
      "SourceHostname": "WORKSTATION.Dlink",
      "SourcePort": "51046",
      "SourcePortName": "-",
      "DestinationIsIpv6": "false",
      "DestinationIp": "198.51.100.107",
      "DestinationHostname": "lcbomp-in-f132.1e100.net",
      "DestinationPort": "443",
      "DestinationPortName": "https"
     },
     "captured_channel": "Microsoft-Windows-Sysmon/Operational"
    },
    {
     "timestamp": "2026-10-07T04:57:01.7582037+05:30",
     "channel": "Microsoft-Windows-Sysmon/Operational",
     "provider": "Microsoft-Windows-Sysmon",
     "event_id": "3",
     "level": "Information",
     "severity": "Low",
     "username": "WORKSTATION\\analyst's",
     "host": "localhost",
     "source_ip": "198.51.100.228",
     "message": "Network connection detected:\r\nRuleName: -\r\nUtcTime: 2026-10-06 23:26:56.989\r\nProcessGuid: {00000000-0000-0000-0000-000000000000}\r\nProcessId: 43988\r\nImage: C:\\Program Files\\Google\\Chrome\\Application\\chrome.exe\r\nUser: WORKSTATION\\analyst's\r\nProtocol: udp\r\nInitiated: true\r\nSourceIsIpv6: false\r\nSourceIp",
     "record_id": 445516,
     "source": "windows-event-log",
     "is_alert": false,
     "rule_name": "Process opened an outbound connection",
     "external_id": "Microsoft-Windows-Sysmon/Operational:445516",
     "raw_log": "{\"Channel\": \"Microsoft-Windows-Sysmon/Operational\", \"EventData\": {\"DestinationHostname\": \"lcbomp-in-f132.1e100.net\", \"DestinationIp\": \"198.51.100.107\", \"DestinationIsIpv6\": \"false\", \"DestinationPort\": \"443\", \"DestinationPortName\": \"https\", \"Image\": \"C:\\\\Program Files\\\\Google\\\\Chrome\\\\Application\\\\chrome.exe\", \"Initiated\": \"true\", \"ProcessGuid\": \"{00000000-0000-0000-0000-000000000000}\", \"ProcessId\": \"43988\", \"Protocol\": \"udp\", \"RuleName\": \"-\", \"SourceHostname\": \"WORKSTATION.Dlink\", \"SourceIp\": \"198.51.100.228\", \"SourceIsIpv6\": \"false\", \"SourcePort\": \"51046\", \"SourcePortName\": \"-\", \"User\": \"WORKSTATION\\\\analyst's\", \"UtcTime\": \"2026-10-06 23:26:56.989\"}, \"Id\": 3, \"Level\": \"Information\", \"Message\": \"Network connection detected:\\r\\nRuleName: -\\r\\nUtcTime: 2026-10-06 23:26:56.989\\r\\nProcessGuid: {00000000-0000-0000-0000-000000000000}\\r\\nProcessId: 43988\\r\\nImage: C:\\\\Program Files\\\\Google\\\\Chrome\\\\Application\\\\chrome.exe\\r\\nUser: WORKSTATION\\\\analyst's\\r\\nProtocol: udp\\r\\nInitiated: true\\r\\nSourceIsIpv6: false\\r\\nSourceIp: 198.51.100.228\\r\\nSourceHostname: WORKSTATION.Dlink\\r\\nSourcePort: 51046\\r\\nSourcePortName: -\\r\\nDestinationIsIpv6: false\\r\\nDestinationIp: 198.51.100.107\\r\\nDestinationHostname: lcbomp-in-f132.1e100.net\\r\\nDestinationPort: 443\\r\\nDestinationPortName: https\", \"Provider\": \"Microsoft-Windows-Sysmon\", \"RecordId\": 445516, \"TimeCreated\": \"2026-10-07T04:57:01.7582037+05:30\", \"User\": {\"AccountDomainSid\": null, \"BinaryLength\": 12, \"Value\": \"S-1-5-0-0-0\"}}",
     "fields": {
      "RuleName": "-",
      "UtcTime": "2026-10-06 23:26:56.989",
      "Image": "C:\\Program Files\\Google\\Chrome\\Application\\chrome.exe",
      "User": "WORKSTATION\\analyst's",
      "Protocol": "udp",
      "Initiated": "true",
      "SourceIsIpv6": "false",
      "SourceIp": "198.51.100.228",
      "SourceHostname": "WORKSTATION.Dlink",
      "SourcePort": "51046",
      "SourcePortName": "-",
      "DestinationIsIpv6": "false",
      "DestinationIp": "198.51.100.107",
      "DestinationHostname": "lcbomp-in-f132.1e100.net",
      "DestinationPort": "443",
      "DestinationPortName": "https"
     },
     "captured_channel": "Microsoft-Windows-Sysmon/Operational"
    },
    {
     "timestamp": "2026-10-07T04:57:02.0221795+05:30",
     "channel": "Microsoft-Windows-Sysmon/Operational",
     "provider": "Microsoft-Windows-Sysmon",
     "event_id": "3",
     "level": "Information",
     "severity": "Low",
     "username": "WORKSTATION\\analyst's",
     "host": "localhost",
     "source_ip": "198.51.100.228",
     "message": "Network connection detected:\r\nRuleName: -\r\nUtcTime: 2026-10-06 23:26:57.186\r\nProcessGuid: {00000000-0000-0000-0000-000000000000}\r\nProcessId: 43988\r\nImage: C:\\Program Files\\Google\\Chrome\\Application\\chrome.exe\r\nUser: WORKSTATION\\analyst's\r\nProtocol: udp\r\nInitiated: true\r\nSourceIsIpv6: false\r\nSourceIp",
     "record_id": 445517,
     "source": "windows-event-log",
     "is_alert": false,
     "rule_name": "Process opened an outbound connection",
     "external_id": "Microsoft-Windows-Sysmon/Operational:445517",
     "raw_log": "{\"Channel\": \"Microsoft-Windows-Sysmon/Operational\", \"EventData\": {\"DestinationHostname\": \"lcbomp-in-f132.1e100.net\", \"DestinationIp\": \"198.51.100.107\", \"DestinationIsIpv6\": \"false\", \"DestinationPort\": \"443\", \"DestinationPortName\": \"https\", \"Image\": \"C:\\\\Program Files\\\\Google\\\\Chrome\\\\Application\\\\chrome.exe\", \"Initiated\": \"true\", \"ProcessGuid\": \"{00000000-0000-0000-0000-000000000000}\", \"ProcessId\": \"43988\", \"Protocol\": \"udp\", \"RuleName\": \"-\", \"SourceHostname\": \"WORKSTATION.Dlink\", \"SourceIp\": \"198.51.100.228\", \"SourceIsIpv6\": \"false\", \"SourcePort\": \"49664\", \"SourcePortName\": \"-\", \"User\": \"WORKSTATION\\\\analyst's\", \"UtcTime\": \"2026-10-06 23:26:57.186\"}, \"Id\": 3, \"Level\": \"Information\", \"Message\": \"Network connection detected:\\r\\nRuleName: -\\r\\nUtcTime: 2026-10-06 23:26:57.186\\r\\nProcessGuid: {00000000-0000-0000-0000-000000000000}\\r\\nProcessId: 43988\\r\\nImage: C:\\\\Program Files\\\\Google\\\\Chrome\\\\Application\\\\chrome.exe\\r\\nUser: WORKSTATION\\\\analyst's\\r\\nProtocol: udp\\r\\nInitiated: true\\r\\nSourceIsIpv6: false\\r\\nSourceIp: 198.51.100.228\\r\\nSourceHostname: WORKSTATION.Dlink\\r\\nSourcePort: 49664\\r\\nSourcePortName: -\\r\\nDestinationIsIpv6: false\\r\\nDestinationIp: 198.51.100.107\\r\\nDestinationHostname: lcbomp-in-f132.1e100.net\\r\\nDestinationPort: 443\\r\\nDestinationPortName: https\", \"Provider\": \"Microsoft-Windows-Sysmon\", \"RecordId\": 445517, \"TimeCreated\": \"2026-10-07T04:57:02.0221795+05:30\", \"User\": {\"AccountDomainSid\": null, \"BinaryLength\": 12, \"Value\": \"S-1-5-0-0-0\"}}",
     "fields": {
      "RuleName": "-",
      "UtcTime": "2026-10-06 23:26:57.186",
      "Image": "C:\\Program Files\\Google\\Chrome\\Application\\chrome.exe",
      "User": "WORKSTATION\\analyst's",
      "Protocol": "udp",
      "Initiated": "true",
      "SourceIsIpv6": "false",
      "SourceIp": "198.51.100.228",
      "SourceHostname": "WORKSTATION.Dlink",
      "SourcePort": "49664",
      "SourcePortName": "-",
      "DestinationIsIpv6": "false",
      "DestinationIp": "198.51.100.107",
      "DestinationHostname": "lcbomp-in-f132.1e100.net",
      "DestinationPort": "443",
      "DestinationPortName": "https"
     },
     "captured_channel": "Microsoft-Windows-Sysmon/Operational"
    },
    {
     "timestamp": "2026-10-07T04:57:02.0221927+05:30",
     "channel": "Microsoft-Windows-Sysmon/Operational",
     "provider": "Microsoft-Windows-Sysmon",
     "event_id": "3",
     "level": "Information",
     "severity": "Low",
     "username": "WORKSTATION\\analyst's",
     "host": "localhost",
     "source_ip": "198.51.100.228",
     "message": "Network connection detected:\r\nRuleName: -\r\nUtcTime: 2026-10-06 23:26:57.186\r\nProcessGuid: {00000000-0000-0000-0000-000000000000}\r\nProcessId: 43988\r\nImage: C:\\Program Files\\Google\\Chrome\\Application\\chrome.exe\r\nUser: WORKSTATION\\analyst's\r\nProtocol: udp\r\nInitiated: true\r\nSourceIsIpv6: false\r\nSourceIp",
     "record_id": 445518,
     "source": "windows-event-log",
     "is_alert": false,
     "rule_name": "Process opened an outbound connection",
     "external_id": "Microsoft-Windows-Sysmon/Operational:445518",
     "raw_log": "{\"Channel\": \"Microsoft-Windows-Sysmon/Operational\", \"EventData\": {\"DestinationHostname\": \"lcbomp-in-f132.1e100.net\", \"DestinationIp\": \"198.51.100.107\", \"DestinationIsIpv6\": \"false\", \"DestinationPort\": \"443\", \"DestinationPortName\": \"https\", \"Image\": \"C:\\\\Program Files\\\\Google\\\\Chrome\\\\Application\\\\chrome.exe\", \"Initiated\": \"true\", \"ProcessGuid\": \"{00000000-0000-0000-0000-000000000000}\", \"ProcessId\": \"43988\", \"Protocol\": \"udp\", \"RuleName\": \"-\", \"SourceHostname\": \"WORKSTATION.Dlink\", \"SourceIp\": \"198.51.100.228\", \"SourceIsIpv6\": \"false\", \"SourcePort\": \"49664\", \"SourcePortName\": \"-\", \"User\": \"WORKSTATION\\\\analyst's\", \"UtcTime\": \"2026-10-06 23:26:57.186\"}, \"Id\": 3, \"Level\": \"Information\", \"Message\": \"Network connection detected:\\r\\nRuleName: -\\r\\nUtcTime: 2026-10-06 23:26:57.186\\r\\nProcessGuid: {00000000-0000-0000-0000-000000000000}\\r\\nProcessId: 43988\\r\\nImage: C:\\\\Program Files\\\\Google\\\\Chrome\\\\Application\\\\chrome.exe\\r\\nUser: WORKSTATION\\\\analyst's\\r\\nProtocol: udp\\r\\nInitiated: true\\r\\nSourceIsIpv6: false\\r\\nSourceIp: 198.51.100.228\\r\\nSourceHostname: WORKSTATION.Dlink\\r\\nSourcePort: 49664\\r\\nSourcePortName: -\\r\\nDestinationIsIpv6: false\\r\\nDestinationIp: 198.51.100.107\\r\\nDestinationHostname: lcbomp-in-f132.1e100.net\\r\\nDestinationPort: 443\\r\\nDestinationPortName: https\", \"Provider\": \"Microsoft-Windows-Sysmon\", \"RecordId\": 445518, \"TimeCreated\": \"2026-10-07T04:57:02.0221927+05:30\", \"User\": {\"AccountDomainSid\": null, \"BinaryLength\": 12, \"Value\": \"S-1-5-0-0-0\"}}",
     "fields": {
      "RuleName": "-",
      "UtcTime": "2026-10-06 23:26:57.186",
      "Image": "C:\\Program Files\\Google\\Chrome\\Application\\chrome.exe",
      "User": "WORKSTATION\\analyst's",
      "Protocol": "udp",
      "Initiated": "true",
      "SourceIsIpv6": "false",
      "SourceIp": "198.51.100.228",
      "SourceHostname": "WORKSTATION.Dlink",
      "SourcePort": "49664",
      "SourcePortName": "-",
      "DestinationIsIpv6": "false",
      "DestinationIp": "198.51.100.107",
      "DestinationHostname": "lcbomp-in-f132.1e100.net",
      "DestinationPort": "443",
      "DestinationPortName": "https"
     },
     "captured_channel": "Microsoft-Windows-Sysmon/Operational"
    },
    {
     "timestamp": "2026-10-07T04:57:02.2851742+05:30",
     "channel": "Microsoft-Windows-Sysmon/Operational",
     "provider": "Microsoft-Windows-Sysmon",
     "event_id": "3",
     "level": "Information",
     "severity": "Low",
     "username": "WORKSTATION\\analyst's",
     "host": "localhost",
     "source_ip": "198.51.100.228",
     "message": "Network connection detected:\r\nRuleName: -\r\nUtcTime: 2026-10-06 23:26:57.213\r\nProcessGuid: {00000000-0000-0000-0000-000000000000}\r\nProcessId: 43988\r\nImage: C:\\Program Files\\Google\\Chrome\\Application\\chrome.exe\r\nUser: WORKSTATION\\analyst's\r\nProtocol: udp\r\nInitiated: false\r\nSourceIsIpv6: false\r\nSourceI",
     "record_id": 445520,
     "source": "windows-event-log",
     "is_alert": false,
     "rule_name": "Process opened an outbound connection",
     "external_id": "Microsoft-Windows-Sysmon/Operational:445520",
     "raw_log": "{\"Channel\": \"Microsoft-Windows-Sysmon/Operational\", \"EventData\": {\"DestinationHostname\": \"lcbomp-in-f132.1e100.net\", \"DestinationIp\": \"198.51.100.107\", \"DestinationIsIpv6\": \"false\", \"DestinationPort\": \"443\", \"DestinationPortName\": \"https\", \"Image\": \"C:\\\\Program Files\\\\Google\\\\Chrome\\\\Application\\\\chrome.exe\", \"Initiated\": \"false\", \"ProcessGuid\": \"{00000000-0000-0000-0000-000000000000}\", \"ProcessId\": \"43988\", \"Protocol\": \"udp\", \"RuleName\": \"-\", \"SourceHostname\": \"WORKSTATION.Dlink\", \"SourceIp\": \"198.51.100.228\", \"SourceIsIpv6\": \"false\", \"SourcePort\": \"49664\", \"SourcePortName\": \"-\", \"User\": \"WORKSTATION\\\\analyst's\", \"UtcTime\": \"2026-10-06 23:26:57.213\"}, \"Id\": 3, \"Level\": \"Information\", \"Message\": \"Network connection detected:\\r\\nRuleName: -\\r\\nUtcTime: 2026-10-06 23:26:57.213\\r\\nProcessGuid: {00000000-0000-0000-0000-000000000000}\\r\\nProcessId: 43988\\r\\nImage: C:\\\\Program Files\\\\Google\\\\Chrome\\\\Application\\\\chrome.exe\\r\\nUser: WORKSTATION\\\\analyst's\\r\\nProtocol: udp\\r\\nInitiated: false\\r\\nSourceIsIpv6: false\\r\\nSourceIp: 198.51.100.228\\r\\nSourceHostname: WORKSTATION.Dlink\\r\\nSourcePort: 49664\\r\\nSourcePortName: -\\r\\nDestinationIsIpv6: false\\r\\nDestinationIp: 198.51.100.107\\r\\nDestinationHostname: lcbomp-in-f132.1e100.net\\r\\nDestinationPort: 443\\r\\nDestinationPortName: https\", \"Provider\": \"Microsoft-Windows-Sysmon\", \"RecordId\": 445520, \"TimeCreated\": \"2026-10-07T04:57:02.2851742+05:30\", \"User\": {\"AccountDomainSid\": null, \"BinaryLength\": 12, \"Value\": \"S-1-5-0-0-0\"}}",
     "fields": {
      "RuleName": "-",
      "UtcTime": "2026-10-06 23:26:57.213",
      "Image": "C:\\Program Files\\Google\\Chrome\\Application\\chrome.exe",
      "User": "WORKSTATION\\analyst's",
      "Protocol": "udp",
      "Initiated": "false",
      "SourceIsIpv6": "false",
      "SourceIp": "198.51.100.228",
      "SourceHostname": "WORKSTATION.Dlink",
      "SourcePort": "49664",
      "SourcePortName": "-",
      "DestinationIsIpv6": "false",
      "DestinationIp": "198.51.100.107",
      "DestinationHostname": "lcbomp-in-f132.1e100.net",
      "DestinationPort": "443",
      "DestinationPortName": "https"
     },
     "captured_channel": "Microsoft-Windows-Sysmon/Operational"
    },
