    {
     "timestamp": "2026-10-07T04:56:14.7898087+05:30",
     "channel": "Microsoft-Windows-Sysmon/Operational",
     "provider": "Microsoft-Windows-Sysmon",
     "event_id": "10",
     "level": "Information",
     "severity": "Low",
     "username": "{'BinaryLength': 12, 'AccountDomainSid': None, 'Value': 'S-1-5-0-0-0'}",
     "host": "localhost",
     "source_ip": "local",
     "message": "Process accessed:\r\nRuleName: -\r\nUtcTime: 2026-10-06 23:26:14.789\r\nSourceProcessGUID: {00000000-0000-0000-0000-000000000000}\r\nSourceProcessId: 1972\r\nSourceThreadId: 119308\r\nSourceImage: C:\\windows\\system32\\svchost.exe\r\nTargetProcessGUID: {00000000-0000-0000-0000-000000000000}\r\nTargetProcessId: 1700\r\n",
     "record_id": 445372,
     "source": "windows-event-log",
     "is_alert": false,
     "rule_name": "",
     "external_id": "Microsoft-Windows-Sysmon/Operational:445372",
     "raw_log": "{\"Channel\": \"Microsoft-Windows-Sysmon/Operational\", \"EventData\": {\"CallTrace\": \"C:\\\\windows\\\\SYSTEM32\\\\ntdll.dll+161284|C:\\\\windows\\\\System32\\\\KERNELBASE.dll+c0b1b|c:\\\\windows\\\\system32\\\\lsm.dll+8c18|c:\\\\windows\\\\system32\\\\lsm.dll+26542|c:\\\\windows\\\\system32\\\\lsm.dll+2601d|C:\\\\windows\\\\System32\\\\RPCRT4.dll+d3573|C:\\\\windows\\\\System32\\\\RPCRT4.dll+d570e|C:\\\\windows\\\\System32\\\\RPCRT4.dll+8a1ec|C:\\\\windows\\\\System32\\\\RPCRT4.dll+87b27|C:\\\\windows\\\\System32\\\\RPCRT4.dll+50f44|C:\\\\windows\\\\System32\\\\RPCRT4.dll+51f58|C:\\\\windows\\\\System32\\\\RPCRT4.dll+3f0e4|C:\\\\windows\\\\System32\\\\RPCRT4.dll+4f4ac|C:\\\\windows\\\\System32\\\\RPCRT4.dll+554ac|C:\\\\windows\\\\System32\\\\RPCRT4.dll+54633|C:\\\\windows\\\\System32\\\\RPCRT4.dll+535d8|C:\\\\windows\\\\SYSTEM32\\\\ntdll.dll+19eee|C:\\\\windows\\\\SYSTEM32\\\\ntdll.dll+1a843|C:\\\\windows\\\\System32\\\\KERNEL32.DLL+2cd87|C:\\\\windows\\\\SYSTEM32\\\\ntdll.dll+acaec\", \"GrantedAccess\": \"0x1000\", \"RuleName\": \"-\", \"SourceImage\": \"C:\\\\windows\\\\system32\\\\svchost.exe\", \"SourceProcessGUID\": \"{00000000-0000-0000-0000-000000000000}\", \"SourceProcessId\": \"1972\", \"SourceThreadId\": \"119308\", \"SourceUser\": \"NT AUTHORITY\\\\SYSTEM\", \"TargetImage\": \"C:\\\\windows\\\\system32\\\\lsass.exe\", \"TargetProcessGUID\": \"{00000000-0000-0000-0000-000000000000}\", \"TargetProcessId\": \"1700\", \"TargetUser\": \"NT AUTHORITY\\\\SYSTEM\", \"UtcTime\": \"2026-10-06 23:26:14.789\"}, \"Id\": 10, \"Level\": \"Information\", \"Message\": \"Process accessed:\\r\\nRuleName: -\\r\\nUtcTime: 2026-10-06 23:26:14.789\\r\\nSourceProcessGUID: {00000000-0000-0000-0000-000000000000}\\r\\nSourceProcessId: 1972\\r\\nSourceThreadId: 119308\\r\\nSourceImage: C:\\\\windows\\\\system32\\\\svchost.exe\\r\\nTargetProcessGUID: {00000000-0000-0000-0000-000000000000}\\r\\nTargetProcessId: 1700\\r\\nTargetImage: C:\\\\windows\\\\system32\\\\lsass.exe\\r\\nGrantedAccess: 0x1000\\r\\nCallTrace: C:\\\\windows\\\\SYSTEM32\\\\ntdll.dll+161284|C:\\\\windows\\\\System32\\\\KERNELBASE.dll+c0b1b|c:\\\\windows\\\\system32\\\\lsm.dll+8c18|c:\\\\windows\\\\system32\\\\lsm.dll+26542|c:\\\\windows\\\\system32\\\\lsm.dll+2601d|C:\\\\windows\\\\System32\\\\RPCRT4.dll+d3573|C:\\\\windows\\\\System32\\\\RPCRT4.dll+d570e|C:\\\\windows\\\\System32\\\\RPCRT4.dll+8a1ec|C:\\\\windows\\\\System32\\\\RPCRT4.dll+87b27|C:\\\\windows\\\\System32\\\\RPCRT4.dll+50f44|C:\\\\windows\\\\System32\\\\RPCRT4.dll+51f58|C:\\\\windows\\\\System32\\\\RPCRT4.dll+3f0e4|C:\\\\windows\\\\System32\\\\RPCRT4.dll+4f4ac|C:\\\\windows\\\\System32\\\\RPCRT4.dll+554ac|C:\\\\windows\\\\System32\\\\RPCRT4.dll+54633|C:\\\\windows\\\\System32\\\\RPCRT4.dll+535d8|C:\\\\windows\\\\SYSTEM32\\\\ntdll.dll+19eee|C:\\\\windows\\\\SYSTEM32\\\\ntdll.dll+1a843|C:\\\\windows\\\\System32\\\\KERNEL32.DLL+2cd87|C:\\\\windows\\\\SYSTEM32\\\\ntdll.dll+acaec\\r\\nSourceUser: NT AUTHORITY\\\\SYSTEM\\r\\nTargetUser: NT AUTHORITY\\\\SYSTEM\", \"Provider\": \"Microsoft-Windows-Sysmon\", \"RecordId\": 445372, \"TimeCreated\": \"2026-10-07T04:56:14.7898087+05:30\", \"User\": {\"AccountDomainSid\": null, \"BinaryLength\": 12, \"Value\": \"S-1-5-0-0-0\"}}",
     "fields": {
      "RuleName": "-",
      "UtcTime": "2026-10-06 23:26:14.789",
      "SourceProcessGUID": "{00000000-0000-0000-0000-000000000000}",
      "SourceProcessId": "1972",
      "SourceThreadId": "119308",
      "SourceImage": "C:\\windows\\system32\\svchost.exe",
      "TargetProcessGUID": "{00000000-0000-0000-0000-000000000000}",
      "TargetProcessId": "1700",
      "TargetImage": "C:\\windows\\system32\\lsass.exe",
      "GrantedAccess": "0x1000",
      "CallTrace": "C:\\windows\\SYSTEM32\\ntdll.dll+161284|C:\\windows\\System32\\KERNELBASE.dll+c0b1b|c:\\windows\\system32\\lsm.dll+8c18|c:\\windows\\system32\\lsm.dll+26542|c:\\windows\\system32\\lsm.dll+2601d|C:\\windows\\System32\\RPCRT4.dll+d3573|C:\\windows\\System32\\RPCRT4.dll+d570e|C:\\windows\\System32\\RPCRT4.dll+8a1ec|C:\\windows\\System32\\RPCRT4.dll+87b27|C:\\windows\\System32\\RPCRT4.dll+50f44|C:\\windows\\System32\\RPCRT4.dll+51f58|C:\\windows\\System32\\RPCRT4.dll+3f0e4|C:\\windows\\System32\\RPCRT4.dll+4f4ac|C:\\windows\\System32\\RPCRT4.dll+554ac|C:\\windows\\System32\\RPCRT4.dll+54633|C:\\windows\\System32\\RPCRT4.dll+535d8|C:\\windows\\SYSTEM32\\ntdll.dll+19eee|C:\\windows\\SYSTEM32\\ntdll.dll+1a843|C:\\windows\\System32\\KERNEL32.DLL+2cd87|C:\\windows\\SYSTEM32\\ntdll.dll+acaec",
      "SourceUser": "NT AUTHORITY\\SYSTEM",
      "TargetUser": "NT AUTHORITY\\SYSTEM"
     },
     "captured_channel": "Microsoft-Windows-Sysmon/Operational"
    },
    {
     "timestamp": "2026-10-07T04:56:14.7972225+05:30",
     "channel": "Microsoft-Windows-Sysmon/Operational",
     "provider": "Microsoft-Windows-Sysmon",
     "event_id": "1",
     "level": "Information",
     "severity": "Low",
     "username": "NT AUTHORITY\\NETWORK SERVICE",
     "host": "localhost",
     "source_ip": "local",
     "message": "Process Create:\r\nRuleName: -\r\nUtcTime: 2026-10-06 23:26:14.793\r\nProcessGuid: {00000000-0000-0000-0000-000000000000}\r\nProcessId: 31592\r\nImage: C:\\Windows\\System32\\sppsvc.exe\r\nFileVersion: 10.0.26100.9457 (WinBuild.160101.0800)\r\nDescription: Microsoft Software Protection Platform Service\r\nProduct: Mic",
     "record_id": 445373,
     "source": "windows-event-log",
     "is_alert": false,
     "rule_name": "",
     "external_id": "Microsoft-Windows-Sysmon/Operational:445373",
     "raw_log": "{\"Channel\": \"Microsoft-Windows-Sysmon/Operational\", \"EventData\": {\"CommandLine\": \"C:\\\\windows\\\\system32\\\\sppsvc.exe\", \"Company\": \"Microsoft Corporation\", \"CurrentDirectory\": \"C:\\\\windows\", \"Description\": \"Microsoft Software Protection Platform Service\", \"FileVersion\": \"10.0.26100.9457 (WinBuild.160101.0800)\", \"Hashes\": \"SHA256=3AF9625287A5E8EA77A5B3F7989982C66231617476B9EBE9D22070E6F1D01E9F\", \"Image\": \"C:\\\\Windows\\\\System32\\\\sppsvc.exe\", \"IntegrityLevel\": \"System\", \"LogonGuid\": \"{00000000-0000-0000-0000-000000000000}\", \"LogonId\": \"0x3e4\", \"OriginalFileName\": \"sppsvc.exe\", \"ParentCommandLine\": \"C:\\\\windows\\\\system32\\\\services.exe\", \"ParentImage\": \"C:\\\\Windows\\\\System32\\\\services.exe\", \"ParentProcessGuid\": \"{00000000-0000-0000-0000-000000000000}\", \"ParentProcessId\": \"1672\", \"ParentUser\": \"NT AUTHORITY\\\\SYSTEM\", \"ProcessGuid\": \"{00000000-0000-0000-0000-000000000000}\", \"ProcessId\": \"31592\", \"Product\": \"Microsoftr Windowsr Operating System\", \"RuleName\": \"-\", \"TerminalSessionId\": \"0\", \"User\": \"NT AUTHORITY\\\\NETWORK SERVICE\", \"UtcTime\": \"2026-10-06 23:26:14.793\"}, \"Id\": 1, \"Level\": \"Information\", \"Message\": \"Process Create:\\r\\nRuleName: -\\r\\nUtcTime: 2026-10-06 23:26:14.793\\r\\nProcessGuid: {00000000-0000-0000-0000-000000000000}\\r\\nProcessId: 31592\\r\\nImage: C:\\\\Windows\\\\System32\\\\sppsvc.exe\\r\\nFileVersion: 10.0.26100.9457 (WinBuild.160101.0800)\\r\\nDescription: Microsoft Software Protection Platform Service\\r\\nProduct: Microsoftr Windowsr Operating System\\r\\nCompany: Microsoft Corporation\\r\\nOriginalFileName: sppsvc.exe\\r\\nCommandLine: C:\\\\windows\\\\system32\\\\sppsvc.exe\\r\\nCurrentDirectory: C:\\\\windows\\r\\nUser: NT AUTHORITY\\\\NETWORK SERVICE\\r\\nLogonGuid: {00000000-0000-0000-0000-000000000000}\\r\\nLogonId: 0x3E4\\r\\nTerminalSessionId: 0\\r\\nIntegrityLevel: System\\r\\nHashes: SHA256=3AF9625287A5E8EA77A5B3F7989982C66231617476B9EBE9D22070E6F1D01E9F\\r\\nParentProcessGuid: {00000000-0000-0000-0000-000000000000}\\r\\nParentProcessId: 1672\\r\\nParentImage: C:\\\\Windows\\\\System32\\\\services.exe\\r\\nParentCommandLine: C:\\\\windows\\\\system32\\\\services.exe\\r\\nParentUser: NT AUTHORITY\\\\SYSTEM\", \"Provider\": \"Microsoft-Windows-Sysmon\", \"RecordId\": 445373, \"TimeCreated\": \"2026-10-07T04:56:14.7972225+05:30\", \"User\": {\"AccountDomainSid\": null, \"BinaryLength\": 12, \"Value\": \"S-1-5-0-0-0\"}}",
     "fields": {
      "RuleName": "-",
      "UtcTime": "2026-10-06 23:26:14.793",
      "Image": "C:\\Windows\\System32\\sppsvc.exe",
      "FileVersion": "10.0.26100.9457 (WinBuild.160101.0800)",
      "Description": "Microsoft Software Protection Platform Service",
      "Product": "Microsoftr Windowsr Operating System",
      "Company": "Microsoft Corporation",
      "OriginalFileName": "sppsvc.exe",
      "CommandLine": "C:\\windows\\system32\\sppsvc.exe",
      "CurrentDirectory": "C:\\windows",
      "User": "NT AUTHORITY\\NETWORK SERVICE",
      "LogonId": "0x3e4",
      "TerminalSessionId": "0",
      "IntegrityLevel": "System",
      "ParentImage": "C:\\Windows\\System32\\services.exe",
      "ParentCommandLine": "C:\\windows\\system32\\services.exe",
      "ParentUser": "NT AUTHORITY\\SYSTEM"
     },
     "captured_channel": "Microsoft-Windows-Sysmon/Operational"
    },
    {
     "timestamp": "2026-10-07T04:56:14.8961531+05:30",
     "channel": "Microsoft-Windows-Sysmon/Operational",
     "provider": "Microsoft-Windows-Sysmon",
     "event_id": "3",
     "level": "Information",
     "severity": "Low",
     "username": "WORKSTATION\\analyst's",
     "host": "localhost",
     "source_ip": "198.51.100.228",
     "message": "Network connection detected:\r\nRuleName: -\r\nUtcTime: 2026-10-06 23:26:09.208\r\nProcessGuid: {00000000-0000-0000-0000-000000000000}\r\nProcessId: 111212\r\nImage: C:\\Users\\analyst's\\AppData\\Local\\local\\tools\\python-3.14.7+20260901-win32-x64\\python.exe\r\nUser: WORKSTATION\\analyst's\r\nProtocol: tcp\r\nInitiated:",
     "record_id": 445374,
     "source": "windows-event-log",
     "is_alert": false,
     "rule_name": "Process opened an outbound connection",
     "external_id": "Microsoft-Windows-Sysmon/Operational:445374",
     "raw_log": "{\"Channel\": \"Microsoft-Windows-Sysmon/Operational\", \"EventData\": {\"DestinationHostname\": \"-\", \"DestinationIp\": \"198.51.100.104\", \"DestinationIsIpv6\": \"false\", \"DestinationPort\": \"443\", \"DestinationPortName\": \"https\", \"Image\": \"C:\\\\Users\\\\analyst's\\\\AppData\\\\Local\\\\local\\\\tools\\\\python-3.14.7+20260901-win32-x64\\\\python.exe\", \"Initiated\": \"true\", \"ProcessGuid\": \"{00000000-0000-0000-0000-000000000000}\", \"ProcessId\": \"111212\", \"Protocol\": \"tcp\", \"RuleName\": \"-\", \"SourceHostname\": \"WORKSTATION.Dlink\", \"SourceIp\": \"198.51.100.228\", \"SourceIsIpv6\": \"false\", \"SourcePort\": \"54104\", \"SourcePortName\": \"-\", \"User\": \"WORKSTATION\\\\analyst's\", \"UtcTime\": \"2026-10-06 23:26:09.208\"}, \"Id\": 3, \"Level\": \"Information\", \"Message\": \"Network connection detected:\\r\\nRuleName: -\\r\\nUtcTime: 2026-10-06 23:26:09.208\\r\\nProcessGuid: {00000000-0000-0000-0000-000000000000}\\r\\nProcessId: 111212\\r\\nImage: C:\\\\Users\\\\analyst's\\\\AppData\\\\Local\\\\local\\\\tools\\\\python-3.14.7+20260901-win32-x64\\\\python.exe\\r\\nUser: WORKSTATION\\\\analyst's\\r\\nProtocol: tcp\\r\\nInitiated: true\\r\\nSourceIsIpv6: false\\r\\nSourceIp: 198.51.100.228\\r\\nSourceHostname: WORKSTATION.Dlink\\r\\nSourcePort: 54104\\r\\nSourcePortName: -\\r\\nDestinationIsIpv6: false\\r\\nDestinationIp: 198.51.100.104\\r\\nDestinationHostname: -\\r\\nDestinationPort: 443\\r\\nDestinationPortName: https\", \"Provider\": \"Microsoft-Windows-Sysmon\", \"RecordId\": 445374, \"TimeCreated\": \"2026-10-07T04:56:14.8961531+05:30\", \"User\": {\"AccountDomainSid\": null, \"BinaryLength\": 12, \"Value\": \"S-1-5-0-0-0\"}}",
     "fields": {
      "RuleName": "-",
      "UtcTime": "2026-10-06 23:26:09.208",
      "Image": "C:\\Users\\analyst's\\AppData\\Local\\local\\tools\\python-3.14.7+20260901-win32-x64\\python.exe",
      "User": "WORKSTATION\\analyst's",
      "Protocol": "tcp",
      "Initiated": "true",
      "SourceIsIpv6": "false",
      "SourceIp": "198.51.100.228",
      "SourceHostname": "WORKSTATION.Dlink",
      "SourcePort": "54104",
      "SourcePortName": "-",
      "DestinationIsIpv6": "false",
      "DestinationIp": "198.51.100.104",
      "DestinationHostname": "-",
      "DestinationPort": "443",
      "DestinationPortName": "https"
     },
     "captured_channel": "Microsoft-Windows-Sysmon/Operational"
    },
    {
     "timestamp": "2026-10-07T04:56:15.8288896+05:30",
     "channel": "Microsoft-Windows-Sysmon/Operational",
     "provider": "Microsoft-Windows-Sysmon",
     "event_id": "1",
     "level": "Information",
     "severity": "Medium",
     "username": "WORKSTATION\\analyst's",
     "host": "localhost",
     "source_ip": "local",
     "message": "Process Create:\r\nRuleName: -\r\nUtcTime: 2026-10-06 23:26:15.820\r\nProcessGuid: {00000000-0000-0000-0000-000000000000}\r\nProcessId: 10752\r\nImage: C:\\Windows\\System32\\cmd.exe\r\nFileVersion: 10.0.26100.9278 (WinBuild.160101.0800)\r\nDescription: Windows Command Processor\r\nProduct: Microsoftr Windowsr Operati",
     "record_id": 445375,
     "source": "windows-event-log",
     "is_alert": true,
     "rule_name": "System network configuration discovery",
     "external_id": "Microsoft-Windows-Sysmon/Operational:445375",
     "raw_log": "{\"Channel\": \"Microsoft-Windows-Sysmon/Operational\", \"EventData\": {\"CommandLine\": \"C:\\\\windows\\\\System32\\\\cmd.exe /C ipconfig\", \"Company\": \"Microsoft Corporation\", \"CurrentDirectory\": \"C:\\\\windows\\\\\", \"Description\": \"Windows Command Processor\", \"FileVersion\": \"10.0.26100.9278 (WinBuild.160101.0800)\", \"Hashes\": \"SHA256=97AC98B1A92C286054CCE55239CFCCDFC23A5517BD07FE693072C9CA96C7DABB\", \"Image\": \"C:\\\\Windows\\\\System32\\\\cmd.exe\", \"IntegrityLevel\": \"High\", \"LogonGuid\": \"{00000000-0000-0000-0000-000000000000}\", \"LogonId\": \"0x0\", \"OriginalFileName\": \"Cmd.Exe\", \"ParentCommandLine\": \"\\\"C:\\\\Users\\\\analyst's\\\\Documents\\\\repo\\\\.venv\\\\Scripts\\\\python.exe\\\" -B C:\\\\ProgramData\\\\lab\\\\run_capture.py \", \"ParentImage\": \"C:\\\\Users\\\\analyst's\\\\AppData\\\\Local\\\\local\\\\tools\\\\python-3.14.7+20260901-win32-x64\\\\python.exe\", \"ParentProcessGuid\": \"{00000000-0000-0000-0000-000000000000}\", \"ParentProcessId\": \"39240\", \"ParentUser\": \"WORKSTATION\\\\analyst's\", \"ProcessGuid\": \"{00000000-0000-0000-0000-000000000000}\", \"ProcessId\": \"10752\", \"Product\": \"Microsoftr Windowsr Operating System\", \"RuleName\": \"-\", \"TerminalSessionId\": \"1\", \"User\": \"WORKSTATION\\\\analyst's\", \"UtcTime\": \"2026-10-06 23:26:15.820\"}, \"Id\": 1, \"Level\": \"Information\", \"Message\": \"Process Create:\\r\\nRuleName: -\\r\\nUtcTime: 2026-10-06 23:26:15.820\\r\\nProcessGuid: {00000000-0000-0000-0000-000000000000}\\r\\nProcessId: 10752\\r\\nImage: C:\\\\Windows\\\\System32\\\\cmd.exe\\r\\nFileVersion: 10.0.26100.9278 (WinBuild.160101.0800)\\r\\nDescription: Windows Command Processor\\r\\nProduct: Microsoftr Windowsr Operating System\\r\\nCompany: Microsoft Corporation\\r\\nOriginalFileName: Cmd.Exe\\r\\nCommandLine: C:\\\\windows\\\\System32\\\\cmd.exe /C ipconfig\\r\\nCurrentDirectory: C:\\\\windows\\\\\\r\\nUser: WORKSTATION\\\\analyst's\\r\\nLogonGuid: {00000000-0000-0000-0000-000000000000}\\r\\nLogonId: 0x0\\r\\nTerminalSessionId: 1\\r\\nIntegrityLevel: High\\r\\nHashes: SHA256=97AC98B1A92C286054CCE55239CFCCDFC23A5517BD07FE693072C9CA96C7DABB\\r\\nParentProcessGuid: {00000000-0000-0000-0000-000000000000}\\r\\nParentProcessId: 39240\\r\\nParentImage: C:\\\\Users\\\\analyst's\\\\AppData\\\\Local\\\\local\\\\tools\\\\python-3.14.7+20260901-win32-x64\\\\python.exe\\r\\nParentCommandLine: \\\"C:\\\\Users\\\\analyst's\\\\Documents\\\\repo\\\\.venv\\\\Scripts\\\\python.exe\\\" -B C:\\\\ProgramData\\\\lab\\\\run_capture.py \\r\\nParentUser: WORKSTATION\\\\analyst's\", \"Provider\": \"Microsoft-Windows-Sysmon\", \"RecordId\": 445375, \"TimeCreated\": \"2026-10-07T04:56:15.8288896+05:30\", \"User\": {\"AccountDomainSid\": null, \"BinaryLength\": 12, \"Value\": \"S-1-5-0-0-0\"}}",
     "fields": {
      "RuleName": "-",
      "UtcTime": "2026-10-06 23:26:15.820",
      "Image": "C:\\Windows\\System32\\cmd.exe",
      "FileVersion": "10.0.26100.9278 (WinBuild.160101.0800)",
      "Description": "Windows Command Processor",
      "Product": "Microsoftr Windowsr Operating System",
      "Company": "Microsoft Corporation",
      "OriginalFileName": "Cmd.Exe",
      "CommandLine": "C:\\windows\\System32\\cmd.exe /C ipconfig",
      "CurrentDirectory": "C:\\windows\\",
      "User": "WORKSTATION\\analyst's",
      "LogonId": "0x0",
      "TerminalSessionId": "1",
      "IntegrityLevel": "High",
      "ParentImage": "C:\\Users\\analyst's\\AppData\\Local\\local\\tools\\python-3.14.7+20260901-win32-x64\\python.exe",
      "ParentCommandLine": "\"C:\\Users\\analyst's\\Documents\\repo\\.venv\\Scripts\\python.exe\" -B C:\\ProgramData\\lab\\run_capture.py ",
      "ParentUser": "WORKSTATION\\analyst's"
     },
     "captured_channel": "Microsoft-Windows-Sysmon/Operational"
    },
    {
     "timestamp": "2026-10-07T04:56:15.8542980+05:30",
     "channel": "Microsoft-Windows-Sysmon/Operational",
     "provider": "Microsoft-Windows-Sysmon",
     "event_id": "1",
     "level": "Information",
     "severity": "Medium",
     "username": "WORKSTATION\\analyst's",
     "host": "localhost",
     "source_ip": "local",
     "message": "Process Create:\r\nRuleName: -\r\nUtcTime: 2026-10-06 23:26:15.847\r\nProcessGuid: {00000000-0000-0000-0000-000000000000}\r\nProcessId: 78892\r\nImage: C:\\Windows\\System32\\ipconfig.exe\r\nFileVersion: 10.0.26100.9278 (WinBuild.160101.0800)\r\nDescription: IP Configuration Utility\r\nProduct: Microsoftr Windowsr Ope",
     "record_id": 445376,
     "source": "windows-event-log",
     "is_alert": true,
     "rule_name": "System network configuration discovery",
     "external_id": "Microsoft-Windows-Sysmon/Operational:445376",
     "raw_log": "{\"Channel\": \"Microsoft-Windows-Sysmon/Operational\", \"EventData\": {\"CommandLine\": \"ipconfig\", \"Company\": \"Microsoft Corporation\", \"CurrentDirectory\": \"C:\\\\Windows\\\\\", \"Description\": \"IP Configuration Utility\", \"FileVersion\": \"10.0.26100.9278 (WinBuild.160101.0800)\", \"Hashes\": \"SHA256=8A013C65FF778CF8341CD0B3404F6E323C5FF91B5059AC47F3BFE2CD6208F6A1\", \"Image\": \"C:\\\\Windows\\\\System32\\\\ipconfig.exe\", \"IntegrityLevel\": \"High\", \"LogonGuid\": \"{00000000-0000-0000-0000-000000000000}\", \"LogonId\": \"0x0\", \"OriginalFileName\": \"ipconfig.exe\", \"ParentCommandLine\": \"C:\\\\windows\\\\System32\\\\cmd.exe /C ipconfig\", \"ParentImage\": \"C:\\\\Windows\\\\System32\\\\cmd.exe\", \"ParentProcessGuid\": \"{00000000-0000-0000-0000-000000000000}\", \"ParentProcessId\": \"10752\", \"ParentUser\": \"WORKSTATION\\\\analyst's\", \"ProcessGuid\": \"{00000000-0000-0000-0000-000000000000}\", \"ProcessId\": \"78892\", \"Product\": \"Microsoftr Windowsr Operating System\", \"RuleName\": \"-\", \"TerminalSessionId\": \"1\", \"User\": \"WORKSTATION\\\\analyst's\", \"UtcTime\": \"2026-10-06 23:26:15.847\"}, \"Id\": 1, \"Level\": \"Information\", \"Message\": \"Process Create:\\r\\nRuleName: -\\r\\nUtcTime: 2026-10-06 23:26:15.847\\r\\nProcessGuid: {00000000-0000-0000-0000-000000000000}\\r\\nProcessId: 78892\\r\\nImage: C:\\\\Windows\\\\System32\\\\ipconfig.exe\\r\\nFileVersion: 10.0.26100.9278 (WinBuild.160101.0800)\\r\\nDescription: IP Configuration Utility\\r\\nProduct: Microsoftr Windowsr Operating System\\r\\nCompany: Microsoft Corporation\\r\\nOriginalFileName: ipconfig.exe\\r\\nCommandLine: ipconfig\\r\\nCurrentDirectory: C:\\\\Windows\\\\\\r\\nUser: WORKSTATION\\\\analyst's\\r\\nLogonGuid: {00000000-0000-0000-0000-000000000000}\\r\\nLogonId: 0x0\\r\\nTerminalSessionId: 1\\r\\nIntegrityLevel: High\\r\\nHashes: SHA256=8A013C65FF778CF8341CD0B3404F6E323C5FF91B5059AC47F3BFE2CD6208F6A1\\r\\nParentProcessGuid: {00000000-0000-0000-0000-000000000000}\\r\\nParentProcessId: 10752\\r\\nParentImage: C:\\\\Windows\\\\System32\\\\cmd.exe\\r\\nParentCommandLine: C:\\\\windows\\\\System32\\\\cmd.exe /C ipconfig\\r\\nParentUser: WORKSTATION\\\\analyst's\", \"Provider\": \"Microsoft-Windows-Sysmon\", \"RecordId\": 445376, \"TimeCreated\": \"2026-10-07T04:56:15.8542980+05:30\", \"User\": {\"AccountDomainSid\": null, \"BinaryLength\": 12, \"Value\": \"S-1-5-0-0-0\"}}",
     "fields": {
      "RuleName": "-",
      "UtcTime": "2026-10-06 23:26:15.847",
      "Image": "C:\\Windows\\System32\\ipconfig.exe",
      "FileVersion": "10.0.26100.9278 (WinBuild.160101.0800)",
      "Description": "IP Configuration Utility",
      "Product": "Microsoftr Windowsr Operating System",
      "Company": "Microsoft Corporation",
      "OriginalFileName": "ipconfig.exe",
      "CommandLine": "ipconfig",
      "CurrentDirectory": "C:\\Windows\\",
      "User": "WORKSTATION\\analyst's",
      "LogonId": "0x0",
      "TerminalSessionId": "1",
      "IntegrityLevel": "High",
      "ParentImage": "C:\\Windows\\System32\\cmd.exe",
      "ParentCommandLine": "C:\\windows\\System32\\cmd.exe /C ipconfig",
      "ParentUser": "WORKSTATION\\analyst's"
     },
     "captured_channel": "Microsoft-Windows-Sysmon/Operational"
    },
    {
     "timestamp": "2026-10-07T04:56:15.9420617+05:30",
     "channel": "Microsoft-Windows-Sysmon/Operational",
     "provider": "Microsoft-Windows-Sysmon",
     "event_id": "3",
     "level": "Information",
     "severity": "Low",
     "username": "-",
     "host": "localhost",
     "source_ip": "198.51.100.228",
     "message": "Network connection detected:\r\nRuleName: -\r\nUtcTime: 2026-10-06 23:26:10.634\r\nProcessGuid: {00000000-0000-0000-0000-000000000000}\r\nProcessId: 92772\r\nImage: <unknown process>\r\nUser: -\r\nProtocol: tcp\r\nInitiated: true\r\nSourceIsIpv6: false\r\nSourceIp: 198.51.100.228\r\nSourceHostname: WORKSTATION.Dlink\r\nSou",
     "record_id": 445377,
     "source": "windows-event-log",
     "is_alert": false,
     "rule_name": "Process opened an outbound connection",
     "external_id": "Microsoft-Windows-Sysmon/Operational:445377",
     "raw_log": "{\"Channel\": \"Microsoft-Windows-Sysmon/Operational\", \"EventData\": {\"DestinationHostname\": \"-\", \"DestinationIp\": \"198.51.100.92\", \"DestinationIsIpv6\": \"false\", \"DestinationPort\": \"443\", \"DestinationPortName\": \"https\", \"Image\": \"<unknown process>\", \"Initiated\": \"true\", \"ProcessGuid\": \"{00000000-0000-0000-0000-000000000000}\", \"ProcessId\": \"92772\", \"Protocol\": \"tcp\", \"RuleName\": \"-\", \"SourceHostname\": \"WORKSTATION.Dlink\", \"SourceIp\": \"198.51.100.228\", \"SourceIsIpv6\": \"false\", \"SourcePort\": \"60881\", \"SourcePortName\": \"-\", \"User\": \"-\", \"UtcTime\": \"2026-10-06 23:26:10.634\"}, \"Id\": 3, \"Level\": \"Information\", \"Message\": \"Network connection detected:\\r\\nRuleName: -\\r\\nUtcTime: 2026-10-06 23:26:10.634\\r\\nProcessGuid: {00000000-0000-0000-0000-000000000000}\\r\\nProcessId: 92772\\r\\nImage: <unknown process>\\r\\nUser: -\\r\\nProtocol: tcp\\r\\nInitiated: true\\r\\nSourceIsIpv6: false\\r\\nSourceIp: 198.51.100.228\\r\\nSourceHostname: WORKSTATION.Dlink\\r\\nSourcePort: 60881\\r\\nSourcePortName: -\\r\\nDestinationIsIpv6: false\\r\\nDestinationIp: 198.51.100.92\\r\\nDestinationHostname: -\\r\\nDestinationPort: 443\\r\\nDestinationPortName: https\", \"Provider\": \"Microsoft-Windows-Sysmon\", \"RecordId\": 445377, \"TimeCreated\": \"2026-10-07T04:56:15.9420617+05:30\", \"User\": {\"AccountDomainSid\": null, \"BinaryLength\": 12, \"Value\": \"S-1-5-0-0-0\"}}",
     "fields": {
      "RuleName": "-",
      "UtcTime": "2026-10-06 23:26:10.634",
      "Image": "<unknown process>",
      "User": "-",
      "Protocol": "tcp",
      "Initiated": "true",
      "SourceIsIpv6": "false",
      "SourceIp": "198.51.100.228",
      "SourceHostname": "WORKSTATION.Dlink",
      "SourcePort": "60881",
      "SourcePortName": "-",
      "DestinationIsIpv6": "false",
      "DestinationIp": "198.51.100.92",
      "DestinationHostname": "-",
      "DestinationPort": "443",
      "DestinationPortName": "https"
     },
     "captured_channel": "Microsoft-Windows-Sysmon/Operational"
    },
    {
     "timestamp": "2026-10-07T04:56:16.9930516+05:30",
     "channel": "Microsoft-Windows-Sysmon/Operational",
     "provider": "Microsoft-Windows-Sysmon",
     "event_id": "3",
     "level": "Information",
     "severity": "Low",
     "username": "-",
     "host": "localhost",
     "source_ip": "198.51.100.228",
     "message": "Network connection detected:\r\nRuleName: -\r\nUtcTime: 2026-10-06 23:26:11.654\r\nProcessGuid: {00000000-0000-0000-0000-000000000000}\r\nProcessId: 92772\r\nImage: <unknown process>\r\nUser: -\r\nProtocol: tcp\r\nInitiated: true\r\nSourceIsIpv6: false\r\nSourceIp: 198.51.100.228\r\nSourceHostname: WORKSTATION.Dlink\r\nSou",
     "record_id": 445378,
     "source": "windows-event-log",
     "is_alert": false,
     "rule_name": "Process opened an outbound connection",
     "external_id": "Microsoft-Windows-Sysmon/Operational:445378",
     "raw_log": "{\"Channel\": \"Microsoft-Windows-Sysmon/Operational\", \"EventData\": {\"DestinationHostname\": \"-\", \"DestinationIp\": \"198.51.100.92\", \"DestinationIsIpv6\": \"false\", \"DestinationPort\": \"443\", \"DestinationPortName\": \"https\", \"Image\": \"<unknown process>\", \"Initiated\": \"true\", \"ProcessGuid\": \"{00000000-0000-0000-0000-000000000000}\", \"ProcessId\": \"92772\", \"Protocol\": \"tcp\", \"RuleName\": \"-\", \"SourceHostname\": \"WORKSTATION.Dlink\", \"SourceIp\": \"198.51.100.228\", \"SourceIsIpv6\": \"false\", \"SourcePort\": \"60882\", \"SourcePortName\": \"-\", \"User\": \"-\", \"UtcTime\": \"2026-10-06 23:26:11.654\"}, \"Id\": 3, \"Level\": \"Information\", \"Message\": \"Network connection detected:\\r\\nRuleName: -\\r\\nUtcTime: 2026-10-06 23:26:11.654\\r\\nProcessGuid: {00000000-0000-0000-0000-000000000000}\\r\\nProcessId: 92772\\r\\nImage: <unknown process>\\r\\nUser: -\\r\\nProtocol: tcp\\r\\nInitiated: true\\r\\nSourceIsIpv6: false\\r\\nSourceIp: 198.51.100.228\\r\\nSourceHostname: WORKSTATION.Dlink\\r\\nSourcePort: 60882\\r\\nSourcePortName: -\\r\\nDestinationIsIpv6: false\\r\\nDestinationIp: 198.51.100.92\\r\\nDestinationHostname: -\\r\\nDestinationPort: 443\\r\\nDestinationPortName: https\", \"Provider\": \"Microsoft-Windows-Sysmon\", \"RecordId\": 445378, \"TimeCreated\": \"2026-10-07T04:56:16.9930516+05:30\", \"User\": {\"AccountDomainSid\": null, \"BinaryLength\": 12, \"Value\": \"S-1-5-0-0-0\"}}",
     "fields": {
      "RuleName": "-",
      "UtcTime": "2026-10-06 23:26:11.654",
      "Image": "<unknown process>",
      "User": "-",
      "Protocol": "tcp",
      "Initiated": "true",
      "SourceIsIpv6": "false",
      "SourceIp": "198.51.100.228",
      "SourceHostname": "WORKSTATION.Dlink",
      "SourcePort": "60882",
      "SourcePortName": "-",
      "DestinationIsIpv6": "false",
      "DestinationIp": "198.51.100.92",
      "DestinationHostname": "-",
      "DestinationPort": "443",
      "DestinationPortName": "https"
     },
     "captured_channel": "Microsoft-Windows-Sysmon/Operational"
    },
    {
     "timestamp": "2026-10-07T04:56:17.2567392+05:30",
     "channel": "Microsoft-Windows-Sysmon/Operational",
     "provider": "Microsoft-Windows-Sysmon",
     "event_id": "22",
     "level": "Information",
     "severity": "Low",
     "username": "NT AUTHORITY\\SYSTEM",
     "host": "localhost",
     "source_ip": "local",
     "message": "Dns query:\r\nRuleName: -\r\nUtcTime: 2026-10-06 23:26:10.605\r\nProcessGuid: {00000000-0000-0000-0000-000000000000}\r\nProcessId: 92772\r\nQueryName: settings-win.data.microsoft.com\r\nQueryStatus: 0\r\nQueryResults: type: 5 settings-prod-cin-1-tagged.centralindia.cloudapp.azure.com;::ffff:198.51.100.92;::ffff:1",
     "record_id": 445379,
     "source": "windows-event-log",
     "is_alert": false,
     "rule_name": "",
     "external_id": "Microsoft-Windows-Sysmon/Operational:445379",
     "raw_log": "{\"Channel\": \"Microsoft-Windows-Sysmon/Operational\", \"EventData\": {\"Image\": \"<unknown process>\", \"ProcessGuid\": \"{00000000-0000-0000-0000-000000000000}\", \"ProcessId\": \"92772\", \"QueryName\": \"settings-win.data.microsoft.com\", \"QueryResults\": \"type: 5 settings-prod-cin-1-tagged.centralindia.cloudapp.azure.com;::ffff:198.51.100.92;::ffff:198.51.100.209;\", \"QueryStatus\": \"0\", \"RuleName\": \"-\", \"User\": \"NT AUTHORITY\\\\SYSTEM\", \"UtcTime\": \"2026-10-06 23:26:10.605\"}, \"Id\": 22, \"Level\": \"Information\", \"Message\": \"Dns query:\\r\\nRuleName: -\\r\\nUtcTime: 2026-10-06 23:26:10.605\\r\\nProcessGuid: {00000000-0000-0000-0000-000000000000}\\r\\nProcessId: 92772\\r\\nQueryName: settings-win.data.microsoft.com\\r\\nQueryStatus: 0\\r\\nQueryResults: type: 5 settings-prod-cin-1-tagged.centralindia.cloudapp.azure.com;::ffff:198.51.100.92;::ffff:198.51.100.209;\\r\\nImage: <unknown process>\\r\\nUser: NT AUTHORITY\\\\SYSTEM\", \"Provider\": \"Microsoft-Windows-Sysmon\", \"RecordId\": 445379, \"TimeCreated\": \"2026-10-07T04:56:17.2567392+05:30\", \"User\": {\"AccountDomainSid\": null, \"BinaryLength\": 12, \"Value\": \"S-1-5-0-0-0\"}}",
     "fields": {
      "RuleName": "-",
      "UtcTime": "2026-10-06 23:26:10.605",
      "QueryName": "settings-win.data.microsoft.com",
      "QueryStatus": "0",
      "QueryResults": "type: 5 settings-prod-cin-1-tagged.centralindia.cloudapp.azure.com;::ffff:198.51.100.92;::ffff:198.51.100.209;",
      "Image": "<unknown process>",
      "User": "NT AUTHORITY\\SYSTEM"
     },
     "captured_channel": "Microsoft-Windows-Sysmon/Operational"
    },
    {
     "timestamp": "2026-10-07T04:56:17.5497265+05:30",
     "channel": "Microsoft-Windows-Sysmon/Operational",
     "provider": "Microsoft-Windows-Sysmon",
     "event_id": "1",
     "level": "Information",
     "severity": "Low",
     "username": "WORKSTATION\\analyst's",
     "host": "localhost",
     "source_ip": "local",
     "message": "Process Create:\r\nRuleName: -\r\nUtcTime: 2026-10-06 23:26:17.547\r\nProcessGuid: {00000000-0000-0000-0000-000000000000}\r\nProcessId: 82140\r\nImage: C:\\Windows\\System32\\cmd.exe\r\nFileVersion: 10.0.26100.9278 (WinBuild.160101.0800)\r\nDescription: Windows Command Processor\r\nProduct: Microsoftr Windowsr Operati",
     "record_id": 445380,
     "source": "windows-event-log",
     "is_alert": false,
     "rule_name": "",
     "external_id": "Microsoft-Windows-Sysmon/Operational:445380",
     "raw_log": "{\"Channel\": \"Microsoft-Windows-Sysmon/Operational\", \"EventData\": {\"CommandLine\": \"C:\\\\windows\\\\System32\\\\cmd.exe /C \\\"ping -n 1 198.51.100.19\\\"\", \"Company\": \"Microsoft Corporation\", \"CurrentDirectory\": \"C:\\\\windows\\\\\", \"Description\": \"Windows Command Processor\", \"FileVersion\": \"10.0.26100.9278 (WinBuild.160101.0800)\", \"Hashes\": \"SHA256=97AC98B1A92C286054CCE55239CFCCDFC23A5517BD07FE693072C9CA96C7DABB\", \"Image\": \"C:\\\\Windows\\\\System32\\\\cmd.exe\", \"IntegrityLevel\": \"High\", \"LogonGuid\": \"{00000000-0000-0000-0000-000000000000}\", \"LogonId\": \"0x0\", \"OriginalFileName\": \"Cmd.Exe\", \"ParentCommandLine\": \"\\\"C:\\\\Users\\\\analyst's\\\\Documents\\\\repo\\\\.venv\\\\Scripts\\\\python.exe\\\" -B C:\\\\ProgramData\\\\lab\\\\run_capture.py \", \"ParentImage\": \"C:\\\\Users\\\\analyst's\\\\AppData\\\\Local\\\\local\\\\tools\\\\python-3.14.7+20260901-win32-x64\\\\python.exe\", \"ParentProcessGuid\": \"{00000000-0000-0000-0000-000000000000}\", \"ParentProcessId\": \"39240\", \"ParentUser\": \"WORKSTATION\\\\analyst's\", \"ProcessGuid\": \"{00000000-0000-0000-0000-000000000000}\", \"ProcessId\": \"82140\", \"Product\": \"Microsoftr Windowsr Operating System\", \"RuleName\": \"-\", \"TerminalSessionId\": \"1\", \"User\": \"WORKSTATION\\\\analyst's\", \"UtcTime\": \"2026-10-06 23:26:17.547\"}, \"Id\": 1, \"Level\": \"Information\", \"Message\": \"Process Create:\\r\\nRuleName: -\\r\\nUtcTime: 2026-10-06 23:26:17.547\\r\\nProcessGuid: {00000000-0000-0000-0000-000000000000}\\r\\nProcessId: 82140\\r\\nImage: C:\\\\Windows\\\\System32\\\\cmd.exe\\r\\nFileVersion: 10.0.26100.9278 (WinBuild.160101.0800)\\r\\nDescription: Windows Command Processor\\r\\nProduct: Microsoftr Windowsr Operating System\\r\\nCompany: Microsoft Corporation\\r\\nOriginalFileName: Cmd.Exe\\r\\nCommandLine: C:\\\\windows\\\\System32\\\\cmd.exe /C \\\"ping -n 1 198.51.100.19\\\"\\r\\nCurrentDirectory: C:\\\\windows\\\\\\r\\nUser: WORKSTATION\\\\analyst's\\r\\nLogonGuid: {00000000-0000-0000-0000-000000000000}\\r\\nLogonId: 0x0\\r\\nTerminalSessionId: 1\\r\\nIntegrityLevel: High\\r\\nHashes: SHA256=97AC98B1A92C286054CCE55239CFCCDFC23A5517BD07FE693072C9CA96C7DABB\\r\\nParentProcessGuid: {00000000-0000-0000-0000-000000000000}\\r\\nParentProcessId: 39240\\r\\nParentImage: C:\\\\Users\\\\analyst's\\\\AppData\\\\Local\\\\local\\\\tools\\\\python-3.14.7+20260901-win32-x64\\\\python.exe\\r\\nParentCommandLine: \\\"C:\\\\Users\\\\analyst's\\\\Documents\\\\repo\\\\.venv\\\\Scripts\\\\python.exe\\\" -B C:\\\\ProgramData\\\\lab\\\\run_capture.py \\r\\nParentUser: WORKSTATION\\\\analyst's\", \"Provider\": \"Microsoft-Windows-Sysmon\", \"RecordId\": 445380, \"TimeCreated\": \"2026-10-07T04:56:17.5497265+05:30\", \"User\": {\"AccountDomainSid\": null, \"BinaryLength\": 12, \"Value\": \"S-1-5-0-0-0\"}}",
     "fields": {
      "RuleName": "-",
      "UtcTime": "2026-10-06 23:26:17.547",
      "Image": "C:\\Windows\\System32\\cmd.exe",
      "FileVersion": "10.0.26100.9278 (WinBuild.160101.0800)",
      "Description": "Windows Command Processor",
      "Product": "Microsoftr Windowsr Operating System",
      "Company": "Microsoft Corporation",
      "OriginalFileName": "Cmd.Exe",
      "CommandLine": "C:\\windows\\System32\\cmd.exe /C \"ping -n 1 198.51.100.19\"",
      "CurrentDirectory": "C:\\windows\\",
      "User": "WORKSTATION\\analyst's",
      "LogonId": "0x0",
      "TerminalSessionId": "1",
      "IntegrityLevel": "High",
      "ParentImage": "C:\\Users\\analyst's\\AppData\\Local\\local\\tools\\python-3.14.7+20260901-win32-x64\\python.exe",
      "ParentCommandLine": "\"C:\\Users\\analyst's\\Documents\\repo\\.venv\\Scripts\\python.exe\" -B C:\\ProgramData\\lab\\run_capture.py ",
      "ParentUser": "WORKSTATION\\analyst's"
     },
     "captured_channel": "Microsoft-Windows-Sysmon/Operational"
    },
    {
     "timestamp": "2026-10-07T04:56:17.5739025+05:30",
     "channel": "Microsoft-Windows-Sysmon/Operational",
     "provider": "Microsoft-Windows-Sysmon",
     "event_id": "1",
     "level": "Information",
     "severity": "Low",
     "username": "WORKSTATION\\analyst's",
     "host": "localhost",
     "source_ip": "local",
     "message": "Process Create:\r\nRuleName: -\r\nUtcTime: 2026-10-06 23:26:17.569\r\nProcessGuid: {00000000-0000-0000-0000-000000000000}\r\nProcessId: 24324\r\nImage: C:\\Windows\\System32\\PING.EXE\r\nFileVersion: 10.0.26100.8115 (WinBuild.160101.0800)\r\nDescription: TCP/IP Ping Command\r\nProduct: Microsoftr Windowsr Operating Sy",
     "record_id": 445381,
     "source": "windows-event-log",
     "is_alert": false,
     "rule_name": "",
     "external_id": "Microsoft-Windows-Sysmon/Operational:445381",
     "raw_log": "{\"Channel\": \"Microsoft-Windows-Sysmon/Operational\", \"EventData\": {\"CommandLine\": \"ping  -n 1 198.51.100.19\", \"Company\": \"Microsoft Corporation\", \"CurrentDirectory\": \"C:\\\\Windows\\\\\", \"Description\": \"TCP/IP Ping Command\", \"FileVersion\": \"10.0.26100.8115 (WinBuild.160101.0800)\", \"Hashes\": \"SHA256=E4224D18C3C96826E6F4240893FAC02C8A1FF335CE92614FC8744369594DD468\", \"Image\": \"C:\\\\Windows\\\\System32\\\\PING.EXE\", \"IntegrityLevel\": \"High\", \"LogonGuid\": \"{00000000-0000-0000-0000-000000000000}\", \"LogonId\": \"0x0\", \"OriginalFileName\": \"ping.exe\", \"ParentCommandLine\": \"C:\\\\windows\\\\System32\\\\cmd.exe /C \\\"ping -n 1 198.51.100.19\\\"\", \"ParentImage\": \"C:\\\\Windows\\\\System32\\\\cmd.exe\", \"ParentProcessGuid\": \"{00000000-0000-0000-0000-000000000000}\", \"ParentProcessId\": \"82140\", \"ParentUser\": \"WORKSTATION\\\\analyst's\", \"ProcessGuid\": \"{00000000-0000-0000-0000-000000000000}\", \"ProcessId\": \"24324\", \"Product\": \"Microsoftr Windowsr Operating System\", \"RuleName\": \"-\", \"TerminalSessionId\": \"1\", \"User\": \"WORKSTATION\\\\analyst's\", \"UtcTime\": \"2026-10-06 23:26:17.569\"}, \"Id\": 1, \"Level\": \"Information\", \"Message\": \"Process Create:\\r\\nRuleName: -\\r\\nUtcTime: 2026-10-06 23:26:17.569\\r\\nProcessGuid: {00000000-0000-0000-0000-000000000000}\\r\\nProcessId: 24324\\r\\nImage: C:\\\\Windows\\\\System32\\\\PING.EXE\\r\\nFileVersion: 10.0.26100.8115 (WinBuild.160101.0800)\\r\\nDescription: TCP/IP Ping Command\\r\\nProduct: Microsoftr Windowsr Operating System\\r\\nCompany: Microsoft Corporation\\r\\nOriginalFileName: ping.exe\\r\\nCommandLine: ping  -n 1 198.51.100.19\\r\\nCurrentDirectory: C:\\\\Windows\\\\\\r\\nUser: WORKSTATION\\\\analyst's\\r\\nLogonGuid: {00000000-0000-0000-0000-000000000000}\\r\\nLogonId: 0x0\\r\\nTerminalSessionId: 1\\r\\nIntegrityLevel: High\\r\\nHashes: SHA256=E4224D18C3C96826E6F4240893FAC02C8A1FF335CE92614FC8744369594DD468\\r\\nParentProcessGuid: {00000000-0000-0000-0000-000000000000}\\r\\nParentProcessId: 82140\\r\\nParentImage: C:\\\\Windows\\\\System32\\\\cmd.exe\\r\\nParentCommandLine: C:\\\\windows\\\\System32\\\\cmd.exe /C \\\"ping -n 1 198.51.100.19\\\"\\r\\nParentUser: WORKSTATION\\\\analyst's\", \"Provider\": \"Microsoft-Windows-Sysmon\", \"RecordId\": 445381, \"TimeCreated\": \"2026-10-07T04:56:17.5739025+05:30\", \"User\": {\"AccountDomainSid\": null, \"BinaryLength\": 12, \"Value\": \"S-1-5-0-0-0\"}}",
     "fields": {
      "RuleName": "-",
      "UtcTime": "2026-10-06 23:26:17.569",
      "Image": "C:\\Windows\\System32\\PING.EXE",
      "FileVersion": "10.0.26100.8115 (WinBuild.160101.0800)",
      "Description": "TCP/IP Ping Command",
      "Product": "Microsoftr Windowsr Operating System",
      "Company": "Microsoft Corporation",
      "OriginalFileName": "ping.exe",
      "CommandLine": "ping  -n 1 198.51.100.19",
      "CurrentDirectory": "C:\\Windows\\",
      "User": "WORKSTATION\\analyst's",
      "LogonId": "0x0",
      "TerminalSessionId": "1",
      "IntegrityLevel": "High",
      "ParentImage": "C:\\Windows\\System32\\cmd.exe",
      "ParentCommandLine": "C:\\windows\\System32\\cmd.exe /C \"ping -n 1 198.51.100.19\"",
      "ParentUser": "WORKSTATION\\analyst's"
     },
     "captured_channel": "Microsoft-Windows-Sysmon/Operational"
    },
    {
     "timestamp": "2026-10-07T04:56:18.0323788+05:30",
     "channel": "Microsoft-Windows-Sysmon/Operational",
     "provider": "Microsoft-Windows-Sysmon",
     "event_id": "3",
     "level": "Information",
     "severity": "Low",
     "username": "-",
     "host": "localhost",
     "source_ip": "198.51.100.228",
     "message": "Network connection detected:\r\nRuleName: -\r\nUtcTime: 2026-10-06 23:26:11.977\r\nProcessGuid: {00000000-0000-0000-0000-000000000000}\r\nProcessId: 92772\r\nImage: <unknown process>\r\nUser: -\r\nProtocol: tcp\r\nInitiated: true\r\nSourceIsIpv6: false\r\nSourceIp: 198.51.100.228\r\nSourceHostname: WORKSTATION.Dlink\r\nSou",
     "record_id": 445382,
     "source": "windows-event-log",
     "is_alert": false,
     "rule_name": "Process opened an outbound connection",
     "external_id": "Microsoft-Windows-Sysmon/Operational:445382",
     "raw_log": "{\"Channel\": \"Microsoft-Windows-Sysmon/Operational\", \"EventData\": {\"DestinationHostname\": \"-\", \"DestinationIp\": \"198.51.100.92\", \"DestinationIsIpv6\": \"false\", \"DestinationPort\": \"443\", \"DestinationPortName\": \"https\", \"Image\": \"<unknown process>\", \"Initiated\": \"true\", \"ProcessGuid\": \"{00000000-0000-0000-0000-000000000000}\", \"ProcessId\": \"92772\", \"Protocol\": \"tcp\", \"RuleName\": \"-\", \"SourceHostname\": \"WORKSTATION.Dlink\", \"SourceIp\": \"198.51.100.228\", \"SourceIsIpv6\": \"false\", \"SourcePort\": \"60883\", \"SourcePortName\": \"-\", \"User\": \"-\", \"UtcTime\": \"2026-10-06 23:26:11.977\"}, \"Id\": 3, \"Level\": \"Information\", \"Message\": \"Network connection detected:\\r\\nRuleName: -\\r\\nUtcTime: 2026-10-06 23:26:11.977\\r\\nProcessGuid: {00000000-0000-0000-0000-000000000000}\\r\\nProcessId: 92772\\r\\nImage: <unknown process>\\r\\nUser: -\\r\\nProtocol: tcp\\r\\nInitiated: true\\r\\nSourceIsIpv6: false\\r\\nSourceIp: 198.51.100.228\\r\\nSourceHostname: WORKSTATION.Dlink\\r\\nSourcePort: 60883\\r\\nSourcePortName: -\\r\\nDestinationIsIpv6: false\\r\\nDestinationIp: 198.51.100.92\\r\\nDestinationHostname: -\\r\\nDestinationPort: 443\\r\\nDestinationPortName: https\", \"Provider\": \"Microsoft-Windows-Sysmon\", \"RecordId\": 445382, \"TimeCreated\": \"2026-10-07T04:56:18.0323788+05:30\", \"User\": {\"AccountDomainSid\": null, \"BinaryLength\": 12, \"Value\": \"S-1-5-0-0-0\"}}",
     "fields": {
      "RuleName": "-",
      "UtcTime": "2026-10-06 23:26:11.977",
      "Image": "<unknown process>",
      "User": "-",
      "Protocol": "tcp",
      "Initiated": "true",
      "SourceIsIpv6": "false",
      "SourceIp": "198.51.100.228",
      "SourceHostname": "WORKSTATION.Dlink",
      "SourcePort": "60883",
      "SourcePortName": "-",
      "DestinationIsIpv6": "false",
      "DestinationIp": "198.51.100.92",
      "DestinationHostname": "-",
      "DestinationPort": "443",
      "DestinationPortName": "https"
     },
     "captured_channel": "Microsoft-Windows-Sysmon/Operational"
    },
    {
     "timestamp": "2026-10-07T04:56:14.9372329+05:30",
     "channel": "Application",
     "provider": "Microsoft-Windows-Security-SPP",
     "event_id": "16394",
     "level": "Information",
     "severity": "Low",
     "username": "unknown",
     "host": "localhost",
     "source_ip": "local",
     "message": "Offline downlevel migration succeeded.",
     "record_id": 445647,
     "source": "windows-event-log",
     "is_alert": false,
     "rule_name": "",
     "external_id": "Application:445647",
     "raw_log": "{\"Channel\": \"Application\", \"EventData\": {}, \"Id\": 16394, \"Level\": \"Information\", \"Message\": \"Offline downlevel migration succeeded.\", \"Provider\": \"Microsoft-Windows-Security-SPP\", \"RecordId\": 445647, \"TimeCreated\": \"2026-10-07T04:56:14.9372329+05:30\", \"User\": null}",
     "fields": {},
     "captured_channel": "Application"
    }
   ]
  },
  {
   "label": "benign",
   "technique": "benign",
   "started": 1791329188.3637676,
   "ended": 1791329200.9378974,
   "events": [
    {
     "timestamp": "2026-10-07T04:56:30.1125864+05:30",
     "channel": "Microsoft-Windows-PowerShell/Operational",
     "provider": "Microsoft-Windows-PowerShell",
     "event_id": "4104",
     "level": "Verbose",
     "severity": "Low",
     "username": "{'BinaryLength': 28, 'AccountDomainSid': {'BinaryLength': 24, 'AccountDomainSid': {'BinaryLength': 24, 'AccountDomainSid': 'S-1-5-0-0-0-1001', 'Value': 'S-1-5-0-0-0-1001'}, 'Value': 'S-1-5-0-0-0-1001'}, 'Value': 'S-1-5-0-0-0-1001'}",
     "host": "localhost",
     "source_ip": "local",
     "message": "Creating Scriptblock text (1 of 1):\r\n$global:?\r\n\r\nScriptBlock ID: 00000000-0000-0000-0000-000000000000\r\nPath:",
     "record_id": 422871,
     "source": "windows-event-log",
     "is_alert": false,
     "rule_name": "",
     "external_id": "Microsoft-Windows-PowerShell/Operational:422871",
     "raw_log": "{\"Channel\": \"Microsoft-Windows-PowerShell/Operational\", \"EventData\": {\"MessageNumber\": \"1\", \"MessageTotal\": \"1\", \"Path\": \"\", \"ScriptBlockId\": \"00000000-0000-0000-0000-000000000000\", \"ScriptBlockText\": \"$global:?\"}, \"Id\": 4104, \"Level\": \"Verbose\", \"Message\": \"Creating Scriptblock text (1 of 1):\\r\\n$global:?\\r\\n\\r\\nScriptBlock ID: 00000000-0000-0000-0000-000000000000\\r\\nPath: \", \"Provider\": \"Microsoft-Windows-PowerShell\", \"RecordId\": 422871, \"TimeCreated\": \"2026-10-07T04:56:30.1125864+05:30\", \"User\": {\"AccountDomainSid\": {\"AccountDomainSid\": {\"AccountDomainSid\": \"S-1-5-0-0-0-1001\", \"BinaryLength\": 24, \"Value\": \"S-1-5-0-0-0-1001\"}, \"BinaryLength\": 24, \"Value\": \"S-1-5-0-0-0-1001\"}, \"BinaryLength\": 28, \"Value\": \"S-1-5-0-0-0-1001\"}}",
     "fields": {
      "MessageNumber": "1",
      "MessageTotal": "1",
      "ScriptBlockText": "$global:?",
      "ScriptBlockId": "00000000-0000-0000-0000-000000000000",
      "Path": ""
     },
     "captured_channel": "Microsoft-Windows-PowerShell/Operational"
    },
    {
     "timestamp": "2026-10-07T04:56:36.9722710+05:30",
     "channel": "Microsoft-Windows-PowerShell/Operational",
     "provider": "Microsoft-Windows-PowerShell",
     "event_id": "40961",
     "level": "Information",
     "severity": "Low",
     "username": "{'BinaryLength': 28, 'AccountDomainSid': {'BinaryLength': 24, 'AccountDomainSid': {'BinaryLength': 24, 'AccountDomainSid': 'S-1-5-0-0-0-1001', 'Value': 'S-1-5-0-0-0-1001'}, 'Value': 'S-1-5-0-0-0-1001'}, 'Value': 'S-1-5-0-0-0-1001'}",
     "host": "localhost",
     "source_ip": "local",
     "message": "PowerShell console is starting up",
     "record_id": 422872,
     "source": "windows-event-log",
     "is_alert": false,
     "rule_name": "",
     "external_id": "Microsoft-Windows-PowerShell/Operational:422872",
     "raw_log": "{\"Channel\": \"Microsoft-Windows-PowerShell/Operational\", \"EventData\": {}, \"Id\": 40961, \"Level\": \"Information\", \"Message\": \"PowerShell console is starting up\", \"Provider\": \"Microsoft-Windows-PowerShell\", \"RecordId\": 422872, \"TimeCreated\": \"2026-10-07T04:56:36.9722710+05:30\", \"User\": {\"AccountDomainSid\": {\"AccountDomainSid\": {\"AccountDomainSid\": \"S-1-5-0-0-0-1001\", \"BinaryLength\": 24, \"Value\": \"S-1-5-0-0-0-1001\"}, \"BinaryLength\": 24, \"Value\": \"S-1-5-0-0-0-1001\"}, \"BinaryLength\": 28, \"Value\": \"S-1-5-0-0-0-1001\"}}",
     "fields": {},
     "captured_channel": "Microsoft-Windows-PowerShell/Operational"
    },
    {
     "timestamp": "2026-10-07T04:56:37.0673928+05:30",
     "channel": "Microsoft-Windows-PowerShell/Operational",
     "provider": "Microsoft-Windows-PowerShell",
     "event_id": "53504",
     "level": "Information",
     "severity": "Low",
     "username": "{'BinaryLength': 28, 'AccountDomainSid': {'BinaryLength': 24, 'AccountDomainSid': {'BinaryLength': 24, 'AccountDomainSid': 'S-1-5-0-0-0-1001', 'Value': 'S-1-5-0-0-0-1001'}, 'Value': 'S-1-5-0-0-0-1001'}, 'Value': 'S-1-5-0-0-0-1001'}",
     "host": "localhost",
     "source_ip": "local",
     "message": "Windows PowerShell has started an IPC listening thread on process: 98020 in AppDomain: DefaultAppDomain.",
     "record_id": 422873,
     "source": "windows-event-log",
     "is_alert": false,
     "rule_name": "",
     "external_id": "Microsoft-Windows-PowerShell/Operational:422873",
     "raw_log": "{\"Channel\": \"Microsoft-Windows-PowerShell/Operational\", \"EventData\": {\"param1\": \"98020\", \"param2\": \"DefaultAppDomain\"}, \"Id\": 53504, \"Level\": \"Information\", \"Message\": \"Windows PowerShell has started an IPC listening thread on process: 98020 in AppDomain: DefaultAppDomain.\", \"Provider\": \"Microsoft-Windows-PowerShell\", \"RecordId\": 422873, \"TimeCreated\": \"2026-10-07T04:56:37.0673928+05:30\", \"User\": {\"AccountDomainSid\": {\"AccountDomainSid\": {\"AccountDomainSid\": \"S-1-5-0-0-0-1001\", \"BinaryLength\": 24, \"Value\": \"S-1-5-0-0-0-1001\"}, \"BinaryLength\": 24, \"Value\": \"S-1-5-0-0-0-1001\"}, \"BinaryLength\": 28, \"Value\": \"S-1-5-0-0-0-1001\"}}",
     "fields": {
      "param1": "98020",
      "param2": "DefaultAppDomain"
     },
     "captured_channel": "Microsoft-Windows-PowerShell/Operational"
    },
