    {
     "timestamp": "2026-10-07T04:53:28.5563438+05:30",
     "channel": "Microsoft-Windows-PowerShell/Operational",
     "provider": "Microsoft-Windows-PowerShell",
     "event_id": "4104",
     "level": "Verbose",
     "severity": "Low",
     "username": "{'BinaryLength': 28, 'AccountDomainSid': {'BinaryLength': 24, 'AccountDomainSid': {'BinaryLength': 24, 'AccountDomainSid': 'S-1-5-0-0-0-1001', 'Value': 'S-1-5-0-0-0-1001'}, 'Value': 'S-1-5-0-0-0-1001'}, 'Value': 'S-1-5-0-0-0-1001'}",
     "host": "localhost",
     "source_ip": "local",
     "message": "Creating Scriptblock text (1 of 1):\r\n$global:?\r\n\r\nScriptBlock ID: 00000000-0000-0000-0000-000000000000\r\nPath:",
     "record_id": 422480,
     "source": "windows-event-log",
     "is_alert": false,
     "rule_name": "",
     "external_id": "Microsoft-Windows-PowerShell/Operational:422480",
     "raw_log": "{\"Channel\": \"Microsoft-Windows-PowerShell/Operational\", \"EventData\": {\"MessageNumber\": \"1\", \"MessageTotal\": \"1\", \"Path\": \"\", \"ScriptBlockId\": \"00000000-0000-0000-0000-000000000000\", \"ScriptBlockText\": \"$global:?\"}, \"Id\": 4104, \"Level\": \"Verbose\", \"Message\": \"Creating Scriptblock text (1 of 1):\\r\\n$global:?\\r\\n\\r\\nScriptBlock ID: 00000000-0000-0000-0000-000000000000\\r\\nPath: \", \"Provider\": \"Microsoft-Windows-PowerShell\", \"RecordId\": 422480, \"TimeCreated\": \"2026-10-07T04:53:28.5563438+05:30\", \"User\": {\"AccountDomainSid\": {\"AccountDomainSid\": {\"AccountDomainSid\": \"S-1-5-0-0-0-1001\", \"BinaryLength\": 24, \"Value\": \"S-1-5-0-0-0-1001\"}, \"BinaryLength\": 24, \"Value\": \"S-1-5-0-0-0-1001\"}, \"BinaryLength\": 28, \"Value\": \"S-1-5-0-0-0-1001\"}}",
     "fields": {
      "MessageNumber": "1",
      "MessageTotal": "1",
      "ScriptBlockText": "$global:?",
      "ScriptBlockId": "00000000-0000-0000-0000-000000000000",
      "Path": ""
     },
     "captured_channel": "Microsoft-Windows-PowerShell/Operational"
    },
    {
     "timestamp": "2026-10-07T04:53:31.6964832+05:30",
     "channel": "Microsoft-Windows-PowerShell/Operational",
     "provider": "Microsoft-Windows-PowerShell",
     "event_id": "40961",
     "level": "Information",
     "severity": "Low",
     "username": "{'BinaryLength': 28, 'AccountDomainSid': {'BinaryLength': 24, 'AccountDomainSid': {'BinaryLength': 24, 'AccountDomainSid': 'S-1-5-0-0-0-1001', 'Value': 'S-1-5-0-0-0-1001'}, 'Value': 'S-1-5-0-0-0-1001'}, 'Value': 'S-1-5-0-0-0-1001'}",
     "host": "localhost",
     "source_ip": "local",
     "message": "PowerShell console is starting up",
     "record_id": 422481,
     "source": "windows-event-log",
     "is_alert": false,
     "rule_name": "",
     "external_id": "Microsoft-Windows-PowerShell/Operational:422481",
     "raw_log": "{\"Channel\": \"Microsoft-Windows-PowerShell/Operational\", \"EventData\": {}, \"Id\": 40961, \"Level\": \"Information\", \"Message\": \"PowerShell console is starting up\", \"Provider\": \"Microsoft-Windows-PowerShell\", \"RecordId\": 422481, \"TimeCreated\": \"2026-10-07T04:53:31.6964832+05:30\", \"User\": {\"AccountDomainSid\": {\"AccountDomainSid\": {\"AccountDomainSid\": \"S-1-5-0-0-0-1001\", \"BinaryLength\": 24, \"Value\": \"S-1-5-0-0-0-1001\"}, \"BinaryLength\": 24, \"Value\": \"S-1-5-0-0-0-1001\"}, \"BinaryLength\": 28, \"Value\": \"S-1-5-0-0-0-1001\"}}",
     "fields": {},
     "captured_channel": "Microsoft-Windows-PowerShell/Operational"
    },
    {
     "timestamp": "2026-10-07T04:53:31.7767275+05:30",
     "channel": "Microsoft-Windows-PowerShell/Operational",
     "provider": "Microsoft-Windows-PowerShell",
     "event_id": "53504",
     "level": "Information",
     "severity": "Low",
     "username": "{'BinaryLength': 28, 'AccountDomainSid': {'BinaryLength': 24, 'AccountDomainSid': {'BinaryLength': 24, 'AccountDomainSid': 'S-1-5-0-0-0-1001', 'Value': 'S-1-5-0-0-0-1001'}, 'Value': 'S-1-5-0-0-0-1001'}, 'Value': 'S-1-5-0-0-0-1001'}",
     "host": "localhost",
     "source_ip": "local",
     "message": "Windows PowerShell has started an IPC listening thread on process: 70472 in AppDomain: DefaultAppDomain.",
     "record_id": 422482,
     "source": "windows-event-log",
     "is_alert": false,
     "rule_name": "",
     "external_id": "Microsoft-Windows-PowerShell/Operational:422482",
     "raw_log": "{\"Channel\": \"Microsoft-Windows-PowerShell/Operational\", \"EventData\": {\"param1\": \"70472\", \"param2\": \"DefaultAppDomain\"}, \"Id\": 53504, \"Level\": \"Information\", \"Message\": \"Windows PowerShell has started an IPC listening thread on process: 70472 in AppDomain: DefaultAppDomain.\", \"Provider\": \"Microsoft-Windows-PowerShell\", \"RecordId\": 422482, \"TimeCreated\": \"2026-10-07T04:53:31.7767275+05:30\", \"User\": {\"AccountDomainSid\": {\"AccountDomainSid\": {\"AccountDomainSid\": \"S-1-5-0-0-0-1001\", \"BinaryLength\": 24, \"Value\": \"S-1-5-0-0-0-1001\"}, \"BinaryLength\": 24, \"Value\": \"S-1-5-0-0-0-1001\"}, \"BinaryLength\": 28, \"Value\": \"S-1-5-0-0-0-1001\"}}",
     "fields": {
      "param1": "70472",
      "param2": "DefaultAppDomain"
     },
     "captured_channel": "Microsoft-Windows-PowerShell/Operational"
    },
    {
     "timestamp": "2026-10-07T04:53:31.8058403+05:30",
     "channel": "Microsoft-Windows-PowerShell/Operational",
     "provider": "Microsoft-Windows-PowerShell",
     "event_id": "40962",
     "level": "Information",
     "severity": "Low",
     "username": "{'BinaryLength': 28, 'AccountDomainSid': {'BinaryLength': 24, 'AccountDomainSid': {'BinaryLength': 24, 'AccountDomainSid': 'S-1-5-0-0-0-1001', 'Value': 'S-1-5-0-0-0-1001'}, 'Value': 'S-1-5-0-0-0-1001'}, 'Value': 'S-1-5-0-0-0-1001'}",
     "host": "localhost",
     "source_ip": "local",
     "message": "PowerShell console is ready for user input",
     "record_id": 422483,
     "source": "windows-event-log",
     "is_alert": false,
     "rule_name": "",
     "external_id": "Microsoft-Windows-PowerShell/Operational:422483",
     "raw_log": "{\"Channel\": \"Microsoft-Windows-PowerShell/Operational\", \"EventData\": {}, \"Id\": 40962, \"Level\": \"Information\", \"Message\": \"PowerShell console is ready for user input\", \"Provider\": \"Microsoft-Windows-PowerShell\", \"RecordId\": 422483, \"TimeCreated\": \"2026-10-07T04:53:31.8058403+05:30\", \"User\": {\"AccountDomainSid\": {\"AccountDomainSid\": {\"AccountDomainSid\": \"S-1-5-0-0-0-1001\", \"BinaryLength\": 24, \"Value\": \"S-1-5-0-0-0-1001\"}, \"BinaryLength\": 24, \"Value\": \"S-1-5-0-0-0-1001\"}, \"BinaryLength\": 28, \"Value\": \"S-1-5-0-0-0-1001\"}}",
     "fields": {},
     "captured_channel": "Microsoft-Windows-PowerShell/Operational"
    },
    {
     "timestamp": "2026-10-07T04:53:31.8633767+05:30",
     "channel": "Microsoft-Windows-PowerShell/Operational",
     "provider": "Microsoft-Windows-PowerShell",
     "event_id": "4104",
     "level": "Verbose",
     "severity": "Low",
     "username": "{'BinaryLength': 28, 'AccountDomainSid': {'BinaryLength': 24, 'AccountDomainSid': {'BinaryLength': 24, 'AccountDomainSid': 'S-1-5-0-0-0-1001', 'Value': 'S-1-5-0-0-0-1001'}, 'Value': 'S-1-5-0-0-0-1001'}, 'Value': 'S-1-5-0-0-0-1001'}",
     "host": "localhost",
     "source_ip": "local",
     "message": "Creating Scriptblock text (1 of 1):\r\n$ErrorActionPreference='SilentlyContinue';$all=@(); $bad=@();foreach ($ch in @('Security','System','Application','Microsoft-Windows-Sysmon/Operational','Microsoft-Windows-Windows Defender/Operational','Microsoft-Windows-PowerShell/Operational')) {  try {    $e = ",
     "record_id": 422484,
     "source": "windows-event-log",
     "is_alert": false,
     "rule_name": "",
     "external_id": "Microsoft-Windows-PowerShell/Operational:422484",
     "raw_log": "{\"Channel\": \"Microsoft-Windows-PowerShell/Operational\", \"EventData\": {\"MessageNumber\": \"1\", \"MessageTotal\": \"1\", \"Path\": \"\", \"ScriptBlockId\": \"00000000-0000-0000-0000-000000000000\", \"ScriptBlockText\": \"$ErrorActionPreference='SilentlyContinue';$all=@(); $bad=@();foreach ($ch in @('Security','System','Application','Microsoft-Windows-Sysmon/Operational','Microsoft-Windows-Windows Defender/Operational','Microsoft-Windows-PowerShell/Operational')) {  try {    $e = Get-WinEvent -LogName $ch -MaxEvents 400 -ErrorAction Stop;    if ($e) { $all += $e | ForEach-Object {      $x = [xml]$_.ToXml();      $pairs = @();      foreach ($d in $x.Event.EventData.Data) {        $pairs += ('<Data Name=\\\"' + $d.Name + '\\\">' + [System.Security.SecurityElement]::Escape([string]$d.'#text') + '</Data>') };      $mini = '<Event><System><EventID>' + $_.Id + '</EventID></System>' + '<EventData>' + ($pairs -join '') + '</EventData></Event>';      [pscustomobject]@{        Channel=$ch; Id=$_.Id; Provider=$_.ProviderName; Level=$_.LevelDisplayName;        RecordId=$_.RecordId; TimeCreated=$_.TimeCreated.ToString('o');        User=$_.UserId; Xml=$mini;        Message=$([string]$_.Message).Substring(0, [Math]::Min(1500, ([string]$_.Message).Length))      } } }  } catch { $bad += $ch }};[pscustomobject]@{ events=@($all); unreadable=@($bad) } | ConvertTo-Json -Depth 5 -Compress\"}, \"Id\": 4104, \"Level\": \"Verbose\", \"Message\": \"Creating Scriptblock text (1 of 1):\\r\\n$ErrorActionPreference='SilentlyContinue';$all=@(); $bad=@();foreach ($ch in @('Security','System','Application','Microsoft-Windows-Sysmon/Operational','Microsoft-Windows-Windows Defender/Operational','Microsoft-Windows-PowerShell/Operational')) {  try {    $e = Get-WinEvent -LogName $ch -MaxEvents 400 -ErrorAction Stop;    if ($e) { $all += $e | ForEach-Object {      $x = [xml]$_.ToXml();      $pairs = @();      foreach ($d in $x.Event.EventData.Data) {        $pairs += ('<Data Name=\\\"' + $d.Name + '\\\">' + [System.Security.SecurityElement]::Escape([string]$d.'#text') + '</Data>') };      $mini = '<Event><System><EventID>' + $_.Id + '</EventID></System>' + '<EventData>' + ($pairs -join '') + '</EventData></Event>';      [pscustomobject]@{        Channel=$ch; Id=$_.Id; Provider=$_.ProviderName; Level=$_.LevelDisplayName;        RecordId=$_.RecordId; TimeCreated=$_.TimeCreated.ToString('o');        User=$_.UserId; Xml=$mini;        Message=$([string]$_.Message).Substring(0, [Math]::Min(1500, ([string]$_.Message).Length))      } } }  } catch { $bad += $ch }};[pscustomobject]@{ events=@($all); unreadable=@($bad) } | ConvertTo-Json -Depth 5 -Compress\\r\\n\\r\\nScriptBlock ID: 00000000-0000-0000-0000-000000000000\\r\\nPath: \", \"Provider\": \"Microsoft-Windows-PowerShell\", \"RecordId\": 422484, \"TimeCreated\": \"2026-10-07T04:53:31.8633767+05:30\", \"User\": {\"AccountDomainSid\": {\"AccountDomainSid\": {\"AccountDomainSid\": \"S-1-5-0-0-0-1001\", \"BinaryLength\": 24, \"Value\": \"S-1-5-0-0-0-1001\"}, \"BinaryLength\": 24, \"Value\": \"S-1-5-0-0-0-1001\"}, \"BinaryLength\": 28, \"Value\": \"S-1-5-0-0-0-1001\"}}",
     "fields": {
      "MessageNumber": "1",
      "MessageTotal": "1",
      "ScriptBlockText": "$ErrorActionPreference='SilentlyContinue';$all=@(); $bad=@();foreach ($ch in @('Security','System','Application','Microsoft-Windows-Sysmon/Operational','Microsoft-Windows-Windows Defender/Operational','Microsoft-Windows-PowerShell/Operational')) {  try {    $e = Get-WinEvent -LogName $ch -MaxEvents 400 -ErrorAction Stop;    if ($e) { $all += $e | ForEach-Object {      $x = [xml]$_.ToXml();      $pairs = @();      foreach ($d in $x.Event.EventData.Data) {        $pairs += ('<Data Name=\"' + $d.Name + '\">' + [System.Security.SecurityElement]::Escape([string]$d.'#text') + '</Data>') };      $mini = '<Event><System><EventID>' + $_.Id + '</EventID></System>' + '<EventData>' + ($pairs -join '') + '</EventData></Event>';      [pscustomobject]@{        Channel=$ch; Id=$_.Id; Provider=$_.ProviderName; Level=$_.LevelDisplayName;        RecordId=$_.RecordId; TimeCreated=$_.TimeCreated.ToString('o');        User=$_.UserId; Xml=$mini;        Message=$([string]$_.Message).Substring(0, [Math]::Min(1500, ([string]$_.Message).Length))      } } }  } catch { $bad += $ch }};[pscustomobject]@{ events=@($all); unreadable=@($bad) } | ConvertTo-Json -Depth 5 -Compress",
      "ScriptBlockId": "00000000-0000-0000-0000-000000000000",
      "Path": ""
     },
     "captured_channel": "Microsoft-Windows-PowerShell/Operational"
    },
    {
     "timestamp": "2026-10-07T04:53:33.8773963+05:30",
     "channel": "Microsoft-Windows-PowerShell/Operational",
     "provider": "Microsoft-Windows-PowerShell",
     "event_id": "4104",
     "level": "Verbose",
     "severity": "Low",
     "username": "{'BinaryLength': 28, 'AccountDomainSid': {'BinaryLength': 24, 'AccountDomainSid': {'BinaryLength': 24, 'AccountDomainSid': 'S-1-5-0-0-0-1001', 'Value': 'S-1-5-0-0-0-1001'}, 'Value': 'S-1-5-0-0-0-1001'}, 'Value': 'S-1-5-0-0-0-1001'}",
     "host": "localhost",
     "source_ip": "local",
     "message": "Creating Scriptblock text (1 of 1):\r\n{      $x = [xml]$_.ToXml();      $pairs = @();      foreach ($d in $x.Event.EventData.Data) {        $pairs += ('<Data Name=\"' + $d.Name + '\">' + [System.Security.SecurityElement]::Escape([string]$d.'#text') + '</Data>') };      $mini = '<Event><System><EventID>",
     "record_id": 422485,
     "source": "windows-event-log",
     "is_alert": false,
     "rule_name": "",
     "external_id": "Microsoft-Windows-PowerShell/Operational:422485",
     "raw_log": "{\"Channel\": \"Microsoft-Windows-PowerShell/Operational\", \"EventData\": {\"MessageNumber\": \"1\", \"MessageTotal\": \"1\", \"Path\": \"\", \"ScriptBlockId\": \"00000000-0000-0000-0000-000000000000\", \"ScriptBlockText\": \"{      $x = [xml]$_.ToXml();      $pairs = @();      foreach ($d in $x.Event.EventData.Data) {        $pairs += ('<Data Name=\\\"' + $d.Name + '\\\">' + [System.Security.SecurityElement]::Escape([string]$d.'#text') + '</Data>') };      $mini = '<Event><System><EventID>' + $_.Id + '</EventID></System>' + '<EventData>' + ($pairs -join '') + '</EventData></Event>';      [pscustomobject]@{        Channel=$ch; Id=$_.Id; Provider=$_.ProviderName; Level=$_.LevelDisplayName;        RecordId=$_.RecordId; TimeCreated=$_.TimeCreated.ToString('o');        User=$_.UserId; Xml=$mini;        Message=$([string]$_.Message).Substring(0, [Math]::Min(1500, ([string]$_.Message).Length))      } }\"}, \"Id\": 4104, \"Level\": \"Verbose\", \"Message\": \"Creating Scriptblock text (1 of 1):\\r\\n{      $x = [xml]$_.ToXml();      $pairs = @();      foreach ($d in $x.Event.EventData.Data) {        $pairs += ('<Data Name=\\\"' + $d.Name + '\\\">' + [System.Security.SecurityElement]::Escape([string]$d.'#text') + '</Data>') };      $mini = '<Event><System><EventID>' + $_.Id + '</EventID></System>' + '<EventData>' + ($pairs -join '') + '</EventData></Event>';      [pscustomobject]@{        Channel=$ch; Id=$_.Id; Provider=$_.ProviderName; Level=$_.LevelDisplayName;        RecordId=$_.RecordId; TimeCreated=$_.TimeCreated.ToString('o');        User=$_.UserId; Xml=$mini;        Message=$([string]$_.Message).Substring(0, [Math]::Min(1500, ([string]$_.Message).Length))      } }\\r\\n\\r\\nScriptBlock ID: 00000000-0000-0000-0000-000000000000\\r\\nPath: \", \"Provider\": \"Microsoft-Windows-PowerShell\", \"RecordId\": 422485, \"TimeCreated\": \"2026-10-07T04:53:33.8773963+05:30\", \"User\": {\"AccountDomainSid\": {\"AccountDomainSid\": {\"AccountDomainSid\": \"S-1-5-0-0-0-1001\", \"BinaryLength\": 24, \"Value\": \"S-1-5-0-0-0-1001\"}, \"BinaryLength\": 24, \"Value\": \"S-1-5-0-0-0-1001\"}, \"BinaryLength\": 28, \"Value\": \"S-1-5-0-0-0-1001\"}}",
     "fields": {
      "MessageNumber": "1",
      "MessageTotal": "1",
      "ScriptBlockText": "{      $x = [xml]$_.ToXml();      $pairs = @();      foreach ($d in $x.Event.EventData.Data) {        $pairs += ('<Data Name=\"' + $d.Name + '\">' + [System.Security.SecurityElement]::Escape([string]$d.'#text') + '</Data>') };      $mini = '<Event><System><EventID>' + $_.Id + '</EventID></System>' + '<EventData>' + ($pairs -join '') + '</EventData></Event>';      [pscustomobject]@{        Channel=$ch; Id=$_.Id; Provider=$_.ProviderName; Level=$_.LevelDisplayName;        RecordId=$_.RecordId; TimeCreated=$_.TimeCreated.ToString('o');        User=$_.UserId; Xml=$mini;        Message=$([string]$_.Message).Substring(0, [Math]::Min(1500, ([string]$_.Message).Length))      } }",
      "ScriptBlockId": "00000000-0000-0000-0000-000000000000",
      "Path": ""
     },
     "captured_channel": "Microsoft-Windows-PowerShell/Operational"
    },
    {
     "timestamp": "2026-10-07T04:53:28.5889814+05:30",
     "channel": "Microsoft-Windows-Sysmon/Operational",
     "provider": "Microsoft-Windows-Sysmon",
     "event_id": "1",
     "level": "Information",
     "severity": "Medium",
     "username": "WORKSTATION\\analyst's",
     "host": "localhost",
     "source_ip": "local",
     "message": "Process Create:\r\nRuleName: -\r\nUtcTime: 2026-10-06 23:23:28.577\r\nProcessGuid: {00000000-0000-0000-0000-000000000000}\r\nProcessId: 128248\r\nImage: C:\\Windows\\System32\\cmd.exe\r\nFileVersion: 10.0.26100.9278 (WinBuild.160101.0800)\r\nDescription: Windows Command Processor\r\nProduct: Microsoftr Windowsr Operat",
     "record_id": 445019,
     "source": "windows-event-log",
     "is_alert": true,
     "rule_name": "System information discovery",
     "external_id": "Microsoft-Windows-Sysmon/Operational:445019",
     "raw_log": "{\"Channel\": \"Microsoft-Windows-Sysmon/Operational\", \"EventData\": {\"CommandLine\": \"C:\\\\windows\\\\System32\\\\cmd.exe /C \\\"reg query \\\\\\\"HKLM\\\\SOFTWARE\\\\Microsoft\\\\Windows NT\\\\CurrentVersion\\\\\\\" /v ProductName\\\"\", \"Company\": \"Microsoft Corporation\", \"CurrentDirectory\": \"C:\\\\windows\\\\\", \"Description\": \"Windows Command Processor\", \"FileVersion\": \"10.0.26100.9278 (WinBuild.160101.0800)\", \"Hashes\": \"SHA256=97AC98B1A92C286054CCE55239CFCCDFC23A5517BD07FE693072C9CA96C7DABB\", \"Image\": \"C:\\\\Windows\\\\System32\\\\cmd.exe\", \"IntegrityLevel\": \"High\", \"LogonGuid\": \"{00000000-0000-0000-0000-000000000000}\", \"LogonId\": \"0x0\", \"OriginalFileName\": \"Cmd.Exe\", \"ParentCommandLine\": \"\\\"C:\\\\Users\\\\analyst's\\\\Documents\\\\repo\\\\.venv\\\\Scripts\\\\python.exe\\\" -B C:\\\\ProgramData\\\\lab\\\\run_capture.py \", \"ParentImage\": \"C:\\\\Users\\\\analyst's\\\\AppData\\\\Local\\\\local\\\\tools\\\\python-3.14.7+20260901-win32-x64\\\\python.exe\", \"ParentProcessGuid\": \"{00000000-0000-0000-0000-000000000000}\", \"ParentProcessId\": \"39240\", \"ParentUser\": \"WORKSTATION\\\\analyst's\", \"ProcessGuid\": \"{00000000-0000-0000-0000-000000000000}\", \"ProcessId\": \"128248\", \"Product\": \"Microsoftr Windowsr Operating System\", \"RuleName\": \"-\", \"TerminalSessionId\": \"1\", \"User\": \"WORKSTATION\\\\analyst's\", \"UtcTime\": \"2026-10-06 23:23:28.577\"}, \"Id\": 1, \"Level\": \"Information\", \"Message\": \"Process Create:\\r\\nRuleName: -\\r\\nUtcTime: 2026-10-06 23:23:28.577\\r\\nProcessGuid: {00000000-0000-0000-0000-000000000000}\\r\\nProcessId: 128248\\r\\nImage: C:\\\\Windows\\\\System32\\\\cmd.exe\\r\\nFileVersion: 10.0.26100.9278 (WinBuild.160101.0800)\\r\\nDescription: Windows Command Processor\\r\\nProduct: Microsoftr Windowsr Operating System\\r\\nCompany: Microsoft Corporation\\r\\nOriginalFileName: Cmd.Exe\\r\\nCommandLine: C:\\\\windows\\\\System32\\\\cmd.exe /C \\\"reg query \\\\\\\"HKLM\\\\SOFTWARE\\\\Microsoft\\\\Windows NT\\\\CurrentVersion\\\\\\\" /v ProductName\\\"\\r\\nCurrentDirectory: C:\\\\windows\\\\\\r\\nUser: WORKSTATION\\\\analyst's\\r\\nLogonGuid: {00000000-0000-0000-0000-000000000000}\\r\\nLogonId: 0x0\\r\\nTerminalSessionId: 1\\r\\nIntegrityLevel: High\\r\\nHashes: SHA256=97AC98B1A92C286054CCE55239CFCCDFC23A5517BD07FE693072C9CA96C7DABB\\r\\nParentProcessGuid: {00000000-0000-0000-0000-000000000000}\\r\\nParentProcessId: 39240\\r\\nParentImage: C:\\\\Users\\\\analyst's\\\\AppData\\\\Local\\\\local\\\\tools\\\\python-3.14.7+20260901-win32-x64\\\\python.exe\\r\\nParentCommandLine: \\\"C:\\\\Users\\\\analyst's\\\\Documents\\\\repo\\\\.venv\\\\Scripts\\\\python.exe\\\" -B C:\\\\ProgramData\\\\lab\\\\run_capture.py \\r\\nParentUser: WORKSTATION\\\\analyst's\", \"Provider\": \"Microsoft-Windows-Sysmon\", \"RecordId\": 445019, \"TimeCreated\": \"2026-10-07T04:53:28.5889814+05:30\", \"User\": {\"AccountDomainSid\": null, \"BinaryLength\": 12, \"Value\": \"S-1-5-0-0-0\"}}",
     "fields": {
      "RuleName": "-",
      "UtcTime": "2026-10-06 23:23:28.577",
      "Image": "C:\\Windows\\System32\\cmd.exe",
      "FileVersion": "10.0.26100.9278 (WinBuild.160101.0800)",
      "Description": "Windows Command Processor",
      "Product": "Microsoftr Windowsr Operating System",
      "Company": "Microsoft Corporation",
      "OriginalFileName": "Cmd.Exe",
      "CommandLine": "C:\\windows\\System32\\cmd.exe /C \"reg query \\\"HKLM\\SOFTWARE\\Microsoft\\Windows NT\\CurrentVersion\\\" /v ProductName\"",
      "CurrentDirectory": "C:\\windows\\",
      "User": "WORKSTATION\\analyst's",
      "LogonId": "0x0",
      "TerminalSessionId": "1",
      "IntegrityLevel": "High",
      "ParentImage": "C:\\Users\\analyst's\\AppData\\Local\\local\\tools\\python-3.14.7+20260901-win32-x64\\python.exe",
      "ParentCommandLine": "\"C:\\Users\\analyst's\\Documents\\repo\\.venv\\Scripts\\python.exe\" -B C:\\ProgramData\\lab\\run_capture.py ",
      "ParentUser": "WORKSTATION\\analyst's"
     },
     "captured_channel": "Microsoft-Windows-Sysmon/Operational"
    },
    {
     "timestamp": "2026-10-07T04:53:28.6240429+05:30",
     "channel": "Microsoft-Windows-Sysmon/Operational",
     "provider": "Microsoft-Windows-Sysmon",
     "event_id": "1",
     "level": "Information",
     "severity": "Medium",
     "username": "WORKSTATION\\analyst's",
     "host": "localhost",
     "source_ip": "local",
     "message": "Process Create:\r\nRuleName: -\r\nUtcTime: 2026-10-06 23:23:28.614\r\nProcessGuid: {00000000-0000-0000-0000-000000000000}\r\nProcessId: 33496\r\nImage: C:\\Windows\\System32\\reg.exe\r\nFileVersion: 10.0.26100.5074 (WinBuild.160101.0800)\r\nDescription: Registry Console Tool\r\nProduct: Microsoftr Windowsr Operating S",
     "record_id": 445020,
     "source": "windows-event-log",
     "is_alert": true,
     "rule_name": "System information discovery",
     "external_id": "Microsoft-Windows-Sysmon/Operational:445020",
     "raw_log": "{\"Channel\": \"Microsoft-Windows-Sysmon/Operational\", \"EventData\": {\"CommandLine\": \"reg  query \\\\\\\"HKLM\\\\SOFTWARE\\\\Microsoft\\\\Windows NT\\\\CurrentVersion\\\\\\\" /v ProductName\", \"Company\": \"Microsoft Corporation\", \"CurrentDirectory\": \"C:\\\\Windows\\\\\", \"Description\": \"Registry Console Tool\", \"FileVersion\": \"10.0.26100.5074 (WinBuild.160101.0800)\", \"Hashes\": \"SHA256=EF37663B44AC66920C6F33694DEEA01ACB78AE3F3012884819373FA04C3EB5F0\", \"Image\": \"C:\\\\Windows\\\\System32\\\\reg.exe\", \"IntegrityLevel\": \"High\", \"LogonGuid\": \"{00000000-0000-0000-0000-000000000000}\", \"LogonId\": \"0x0\", \"OriginalFileName\": \"reg.exe\", \"ParentCommandLine\": \"C:\\\\windows\\\\System32\\\\cmd.exe /C \\\"reg query \\\\\\\"HKLM\\\\SOFTWARE\\\\Microsoft\\\\Windows NT\\\\CurrentVersion\\\\\\\" /v ProductName\\\"\", \"ParentImage\": \"C:\\\\Windows\\\\System32\\\\cmd.exe\", \"ParentProcessGuid\": \"{00000000-0000-0000-0000-000000000000}\", \"ParentProcessId\": \"128248\", \"ParentUser\": \"WORKSTATION\\\\analyst's\", \"ProcessGuid\": \"{00000000-0000-0000-0000-000000000000}\", \"ProcessId\": \"33496\", \"Product\": \"Microsoftr Windowsr Operating System\", \"RuleName\": \"-\", \"TerminalSessionId\": \"1\", \"User\": \"WORKSTATION\\\\analyst's\", \"UtcTime\": \"2026-10-06 23:23:28.614\"}, \"Id\": 1, \"Level\": \"Information\", \"Message\": \"Process Create:\\r\\nRuleName: -\\r\\nUtcTime: 2026-10-06 23:23:28.614\\r\\nProcessGuid: {00000000-0000-0000-0000-000000000000}\\r\\nProcessId: 33496\\r\\nImage: C:\\\\Windows\\\\System32\\\\reg.exe\\r\\nFileVersion: 10.0.26100.5074 (WinBuild.160101.0800)\\r\\nDescription: Registry Console Tool\\r\\nProduct: Microsoftr Windowsr Operating System\\r\\nCompany: Microsoft Corporation\\r\\nOriginalFileName: reg.exe\\r\\nCommandLine: reg  query \\\\\\\"HKLM\\\\SOFTWARE\\\\Microsoft\\\\Windows NT\\\\CurrentVersion\\\\\\\" /v ProductName\\r\\nCurrentDirectory: C:\\\\Windows\\\\\\r\\nUser: WORKSTATION\\\\analyst's\\r\\nLogonGuid: {00000000-0000-0000-0000-000000000000}\\r\\nLogonId: 0x0\\r\\nTerminalSessionId: 1\\r\\nIntegrityLevel: High\\r\\nHashes: SHA256=EF37663B44AC66920C6F33694DEEA01ACB78AE3F3012884819373FA04C3EB5F0\\r\\nParentProcessGuid: {00000000-0000-0000-0000-000000000000}\\r\\nParentProcessId: 128248\\r\\nParentImage: C:\\\\Windows\\\\System32\\\\cmd.exe\\r\\nParentCommandLine: C:\\\\windows\\\\System32\\\\cmd.exe /C \\\"reg query \\\\\\\"HKLM\\\\SOFTWARE\\\\Microsoft\\\\Windows NT\\\\CurrentVersion\\\\\\\" /v ProductName\\\"\\r\\nParentUser: WORKSTATION\\\\analyst's\", \"Provider\": \"Microsoft-Windows-Sysmon\", \"RecordId\": 445020, \"TimeCreated\": \"2026-10-07T04:53:28.6240429+05:30\", \"User\": {\"AccountDomainSid\": null, \"BinaryLength\": 12, \"Value\": \"S-1-5-0-0-0\"}}",
     "fields": {
      "RuleName": "-",
      "UtcTime": "2026-10-06 23:23:28.614",
      "Image": "C:\\Windows\\System32\\reg.exe",
      "FileVersion": "10.0.26100.5074 (WinBuild.160101.0800)",
      "Description": "Registry Console Tool",
      "Product": "Microsoftr Windowsr Operating System",
      "Company": "Microsoft Corporation",
      "OriginalFileName": "reg.exe",
      "CommandLine": "reg  query \\\"HKLM\\SOFTWARE\\Microsoft\\Windows NT\\CurrentVersion\\\" /v ProductName",
      "CurrentDirectory": "C:\\Windows\\",
      "User": "WORKSTATION\\analyst's",
      "LogonId": "0x0",
      "TerminalSessionId": "1",
      "IntegrityLevel": "High",
      "ParentImage": "C:\\Windows\\System32\\cmd.exe",
      "ParentCommandLine": "C:\\windows\\System32\\cmd.exe /C \"reg query \\\"HKLM\\SOFTWARE\\Microsoft\\Windows NT\\CurrentVersion\\\" /v ProductName\"",
      "ParentUser": "WORKSTATION\\analyst's"
     },
     "captured_channel": "Microsoft-Windows-Sysmon/Operational"
    },
    {
     "timestamp": "2026-10-07T04:53:30.8198496+05:30",
     "channel": "Microsoft-Windows-Sysmon/Operational",
     "provider": "Microsoft-Windows-Sysmon",
     "event_id": "3",
     "level": "Information",
     "severity": "Low",
     "username": "WORKSTATION\\analyst's",
     "host": "localhost",
     "source_ip": "198.51.100.228",
     "message": "Network connection detected:\r\nRuleName: -\r\nUtcTime: 2026-10-06 23:23:24.969\r\nProcessGuid: {00000000-0000-0000-0000-000000000000}\r\nProcessId: 111212\r\nImage: C:\\Users\\analyst's\\AppData\\Local\\local\\tools\\python-3.14.7+20260901-win32-x64\\python.exe\r\nUser: WORKSTATION\\analyst's\r\nProtocol: tcp\r\nInitiated:",
     "record_id": 445021,
     "source": "windows-event-log",
     "is_alert": false,
     "rule_name": "Process opened an outbound connection",
     "external_id": "Microsoft-Windows-Sysmon/Operational:445021",
     "raw_log": "{\"Channel\": \"Microsoft-Windows-Sysmon/Operational\", \"EventData\": {\"DestinationHostname\": \"-\", \"DestinationIp\": \"198.51.100.104\", \"DestinationIsIpv6\": \"false\", \"DestinationPort\": \"443\", \"DestinationPortName\": \"https\", \"Image\": \"C:\\\\Users\\\\analyst's\\\\AppData\\\\Local\\\\local\\\\tools\\\\python-3.14.7+20260901-win32-x64\\\\python.exe\", \"Initiated\": \"true\", \"ProcessGuid\": \"{00000000-0000-0000-0000-000000000000}\", \"ProcessId\": \"111212\", \"Protocol\": \"tcp\", \"RuleName\": \"-\", \"SourceHostname\": \"WORKSTATION.Dlink\", \"SourceIp\": \"198.51.100.228\", \"SourceIsIpv6\": \"false\", \"SourcePort\": \"52507\", \"SourcePortName\": \"-\", \"User\": \"WORKSTATION\\\\analyst's\", \"UtcTime\": \"2026-10-06 23:23:24.969\"}, \"Id\": 3, \"Level\": \"Information\", \"Message\": \"Network connection detected:\\r\\nRuleName: -\\r\\nUtcTime: 2026-10-06 23:23:24.969\\r\\nProcessGuid: {00000000-0000-0000-0000-000000000000}\\r\\nProcessId: 111212\\r\\nImage: C:\\\\Users\\\\analyst's\\\\AppData\\\\Local\\\\local\\\\tools\\\\python-3.14.7+20260901-win32-x64\\\\python.exe\\r\\nUser: WORKSTATION\\\\analyst's\\r\\nProtocol: tcp\\r\\nInitiated: true\\r\\nSourceIsIpv6: false\\r\\nSourceIp: 198.51.100.228\\r\\nSourceHostname: WORKSTATION.Dlink\\r\\nSourcePort: 52507\\r\\nSourcePortName: -\\r\\nDestinationIsIpv6: false\\r\\nDestinationIp: 198.51.100.104\\r\\nDestinationHostname: -\\r\\nDestinationPort: 443\\r\\nDestinationPortName: https\", \"Provider\": \"Microsoft-Windows-Sysmon\", \"RecordId\": 445021, \"TimeCreated\": \"2026-10-07T04:53:30.8198496+05:30\", \"User\": {\"AccountDomainSid\": null, \"BinaryLength\": 12, \"Value\": \"S-1-5-0-0-0\"}}",
     "fields": {
      "RuleName": "-",
      "UtcTime": "2026-10-06 23:23:24.969",
      "Image": "C:\\Users\\analyst's\\AppData\\Local\\local\\tools\\python-3.14.7+20260901-win32-x64\\python.exe",
      "User": "WORKSTATION\\analyst's",
      "Protocol": "tcp",
      "Initiated": "true",
      "SourceIsIpv6": "false",
      "SourceIp": "198.51.100.228",
      "SourceHostname": "WORKSTATION.Dlink",
      "SourcePort": "52507",
      "SourcePortName": "-",
      "DestinationIsIpv6": "false",
      "DestinationIp": "198.51.100.104",
      "DestinationHostname": "-",
      "DestinationPort": "443",
      "DestinationPortName": "https"
     },
     "captured_channel": "Microsoft-Windows-Sysmon/Operational"
    },
    {
     "timestamp": "2026-10-07T04:53:34.7623826+05:30",
     "channel": "Microsoft-Windows-Sysmon/Operational",
     "provider": "Microsoft-Windows-Sysmon",
     "event_id": "3",
     "level": "Information",
     "severity": "Low",
     "username": "WORKSTATION\\analyst's",
     "host": "localhost",
     "source_ip": "198.51.100.228",
     "message": "Network connection detected:\r\nRuleName: -\r\nUtcTime: 2026-10-06 23:23:29.179\r\nProcessGuid: {00000000-0000-0000-0000-000000000000}\r\nProcessId: 111212\r\nImage: C:\\Users\\analyst's\\AppData\\Local\\local\\tools\\python-3.14.7+20260901-win32-x64\\python.exe\r\nUser: WORKSTATION\\analyst's\r\nProtocol: tcp\r\nInitiated:",
     "record_id": 445023,
     "source": "windows-event-log",
     "is_alert": false,
     "rule_name": "Process opened an outbound connection",
     "external_id": "Microsoft-Windows-Sysmon/Operational:445023",
     "raw_log": "{\"Channel\": \"Microsoft-Windows-Sysmon/Operational\", \"EventData\": {\"DestinationHostname\": \"-\", \"DestinationIp\": \"198.51.100.104\", \"DestinationIsIpv6\": \"false\", \"DestinationPort\": \"443\", \"DestinationPortName\": \"https\", \"Image\": \"C:\\\\Users\\\\analyst's\\\\AppData\\\\Local\\\\local\\\\tools\\\\python-3.14.7+20260901-win32-x64\\\\python.exe\", \"Initiated\": \"true\", \"ProcessGuid\": \"{00000000-0000-0000-0000-000000000000}\", \"ProcessId\": \"111212\", \"Protocol\": \"tcp\", \"RuleName\": \"-\", \"SourceHostname\": \"WORKSTATION.Dlink\", \"SourceIp\": \"198.51.100.228\", \"SourceIsIpv6\": \"false\", \"SourcePort\": \"51767\", \"SourcePortName\": \"-\", \"User\": \"WORKSTATION\\\\analyst's\", \"UtcTime\": \"2026-10-06 23:23:29.179\"}, \"Id\": 3, \"Level\": \"Information\", \"Message\": \"Network connection detected:\\r\\nRuleName: -\\r\\nUtcTime: 2026-10-06 23:23:29.179\\r\\nProcessGuid: {00000000-0000-0000-0000-000000000000}\\r\\nProcessId: 111212\\r\\nImage: C:\\\\Users\\\\analyst's\\\\AppData\\\\Local\\\\local\\\\tools\\\\python-3.14.7+20260901-win32-x64\\\\python.exe\\r\\nUser: WORKSTATION\\\\analyst's\\r\\nProtocol: tcp\\r\\nInitiated: true\\r\\nSourceIsIpv6: false\\r\\nSourceIp: 198.51.100.228\\r\\nSourceHostname: WORKSTATION.Dlink\\r\\nSourcePort: 51767\\r\\nSourcePortName: -\\r\\nDestinationIsIpv6: false\\r\\nDestinationIp: 198.51.100.104\\r\\nDestinationHostname: -\\r\\nDestinationPort: 443\\r\\nDestinationPortName: https\", \"Provider\": \"Microsoft-Windows-Sysmon\", \"RecordId\": 445023, \"TimeCreated\": \"2026-10-07T04:53:34.7623826+05:30\", \"User\": {\"AccountDomainSid\": null, \"BinaryLength\": 12, \"Value\": \"S-1-5-0-0-0\"}}",
     "fields": {
      "RuleName": "-",
      "UtcTime": "2026-10-06 23:23:29.179",
      "Image": "C:\\Users\\analyst's\\AppData\\Local\\local\\tools\\python-3.14.7+20260901-win32-x64\\python.exe",
      "User": "WORKSTATION\\analyst's",
      "Protocol": "tcp",
      "Initiated": "true",
      "SourceIsIpv6": "false",
      "SourceIp": "198.51.100.228",
      "SourceHostname": "WORKSTATION.Dlink",
      "SourcePort": "51767",
      "SourcePortName": "-",
      "DestinationIsIpv6": "false",
      "DestinationIp": "198.51.100.104",
      "DestinationHostname": "-",
      "DestinationPort": "443",
      "DestinationPortName": "https"
     },
     "captured_channel": "Microsoft-Windows-Sysmon/Operational"
    }
   ]
  },
  {
   "label": "T1057",
   "technique": "Process discovery with tasklist (Process Discovery - tasklist)",
   "started": 1791329022.146943,
   "ended": 1791329028.7374136,
   "events": [
    {
     "timestamp": "2026-10-07T04:53:44.1121370+05:30",
     "channel": "Microsoft-Windows-PowerShell/Operational",
     "provider": "Microsoft-Windows-PowerShell",
     "event_id": "4104",
     "level": "Verbose",
     "severity": "Low",
     "username": "{'BinaryLength': 28, 'AccountDomainSid': {'BinaryLength': 24, 'AccountDomainSid': {'BinaryLength': 24, 'AccountDomainSid': 'S-1-5-0-0-0-1001', 'Value': 'S-1-5-0-0-0-1001'}, 'Value': 'S-1-5-0-0-0-1001'}, 'Value': 'S-1-5-0-0-0-1001'}",
     "host": "localhost",
     "source_ip": "local",
     "message": "Creating Scriptblock text (1 of 1):\r\n$e = Get-WinEvent -LogName 'Microsoft-Windows-PowerShell/Operational' -MaxEvents 1 -ErrorAction SilentlyContinue;if ($e) { $e.RecordId } else { 0 }\r\n\r\nScriptBlock ID: 00000000-0000-0000-0000-000000000000\r\nPath:",
     "record_id": 422515,
     "source": "windows-event-log",
     "is_alert": false,
     "rule_name": "",
     "external_id": "Microsoft-Windows-PowerShell/Operational:422515",
     "raw_log": "{\"Channel\": \"Microsoft-Windows-PowerShell/Operational\", \"EventData\": {\"MessageNumber\": \"1\", \"MessageTotal\": \"1\", \"Path\": \"\", \"ScriptBlockId\": \"00000000-0000-0000-0000-000000000000\", \"ScriptBlockText\": \"$e = Get-WinEvent -LogName 'Microsoft-Windows-PowerShell/Operational' -MaxEvents 1 -ErrorAction SilentlyContinue;if ($e) { $e.RecordId } else { 0 }\"}, \"Id\": 4104, \"Level\": \"Verbose\", \"Message\": \"Creating Scriptblock text (1 of 1):\\r\\n$e = Get-WinEvent -LogName 'Microsoft-Windows-PowerShell/Operational' -MaxEvents 1 -ErrorAction SilentlyContinue;if ($e) { $e.RecordId } else { 0 }\\r\\n\\r\\nScriptBlock ID: 00000000-0000-0000-0000-000000000000\\r\\nPath: \", \"Provider\": \"Microsoft-Windows-PowerShell\", \"RecordId\": 422515, \"TimeCreated\": \"2026-10-07T04:53:44.1121370+05:30\", \"User\": {\"AccountDomainSid\": {\"AccountDomainSid\": {\"AccountDomainSid\": \"S-1-5-0-0-0-1001\", \"BinaryLength\": 24, \"Value\": \"S-1-5-0-0-0-1001\"}, \"BinaryLength\": 24, \"Value\": \"S-1-5-0-0-0-1001\"}, \"BinaryLength\": 28, \"Value\": \"S-1-5-0-0-0-1001\"}}",
     "fields": {
      "MessageNumber": "1",
      "MessageTotal": "1",
      "ScriptBlockText": "$e = Get-WinEvent -LogName 'Microsoft-Windows-PowerShell/Operational' -MaxEvents 1 -ErrorAction SilentlyContinue;if ($e) { $e.RecordId } else { 0 }",
      "ScriptBlockId": "00000000-0000-0000-0000-000000000000",
      "Path": ""
     },
     "captured_channel": "Microsoft-Windows-PowerShell/Operational"
    },
    {
     "timestamp": "2026-10-07T04:53:44.1849328+05:30",
     "channel": "Microsoft-Windows-PowerShell/Operational",
     "provider": "Microsoft-Windows-PowerShell",
     "event_id": "4104",
     "level": "Verbose",
     "severity": "Low",
     "username": "{'BinaryLength': 28, 'AccountDomainSid': {'BinaryLength': 24, 'AccountDomainSid': {'BinaryLength': 24, 'AccountDomainSid': 'S-1-5-0-0-0-1001', 'Value': 'S-1-5-0-0-0-1001'}, 'Value': 'S-1-5-0-0-0-1001'}, 'Value': 'S-1-5-0-0-0-1001'}",
     "host": "localhost",
     "source_ip": "local",
     "message": "Creating Scriptblock text (1 of 1):\r\n$global:?\r\n\r\nScriptBlock ID: 00000000-0000-0000-0000-000000000000\r\nPath:",
     "record_id": 422516,
     "source": "windows-event-log",
     "is_alert": false,
     "rule_name": "",
     "external_id": "Microsoft-Windows-PowerShell/Operational:422516",
     "raw_log": "{\"Channel\": \"Microsoft-Windows-PowerShell/Operational\", \"EventData\": {\"MessageNumber\": \"1\", \"MessageTotal\": \"1\", \"Path\": \"\", \"ScriptBlockId\": \"00000000-0000-0000-0000-000000000000\", \"ScriptBlockText\": \"$global:?\"}, \"Id\": 4104, \"Level\": \"Verbose\", \"Message\": \"Creating Scriptblock text (1 of 1):\\r\\n$global:?\\r\\n\\r\\nScriptBlock ID: 00000000-0000-0000-0000-000000000000\\r\\nPath: \", \"Provider\": \"Microsoft-Windows-PowerShell\", \"RecordId\": 422516, \"TimeCreated\": \"2026-10-07T04:53:44.1849328+05:30\", \"User\": {\"AccountDomainSid\": {\"AccountDomainSid\": {\"AccountDomainSid\": \"S-1-5-0-0-0-1001\", \"BinaryLength\": 24, \"Value\": \"S-1-5-0-0-0-1001\"}, \"BinaryLength\": 24, \"Value\": \"S-1-5-0-0-0-1001\"}, \"BinaryLength\": 28, \"Value\": \"S-1-5-0-0-0-1001\"}}",
     "fields": {
      "MessageNumber": "1",
      "MessageTotal": "1",
      "ScriptBlockText": "$global:?",
      "ScriptBlockId": "00000000-0000-0000-0000-000000000000",
      "Path": ""
     },
     "captured_channel": "Microsoft-Windows-PowerShell/Operational"
    },
    {
     "timestamp": "2026-10-07T04:53:48.8073326+05:30",
     "channel": "Microsoft-Windows-PowerShell/Operational",
     "provider": "Microsoft-Windows-PowerShell",
     "event_id": "40961",
     "level": "Information",
     "severity": "Low",
     "username": "{'BinaryLength': 28, 'AccountDomainSid': {'BinaryLength': 24, 'AccountDomainSid': {'BinaryLength': 24, 'AccountDomainSid': 'S-1-5-0-0-0-1001', 'Value': 'S-1-5-0-0-0-1001'}, 'Value': 'S-1-5-0-0-0-1001'}, 'Value': 'S-1-5-0-0-0-1001'}",
     "host": "localhost",
     "source_ip": "local",
     "message": "PowerShell console is starting up",
     "record_id": 422517,
     "source": "windows-event-log",
     "is_alert": false,
     "rule_name": "",
     "external_id": "Microsoft-Windows-PowerShell/Operational:422517",
     "raw_log": "{\"Channel\": \"Microsoft-Windows-PowerShell/Operational\", \"EventData\": {}, \"Id\": 40961, \"Level\": \"Information\", \"Message\": \"PowerShell console is starting up\", \"Provider\": \"Microsoft-Windows-PowerShell\", \"RecordId\": 422517, \"TimeCreated\": \"2026-10-07T04:53:48.8073326+05:30\", \"User\": {\"AccountDomainSid\": {\"AccountDomainSid\": {\"AccountDomainSid\": \"S-1-5-0-0-0-1001\", \"BinaryLength\": 24, \"Value\": \"S-1-5-0-0-0-1001\"}, \"BinaryLength\": 24, \"Value\": \"S-1-5-0-0-0-1001\"}, \"BinaryLength\": 28, \"Value\": \"S-1-5-0-0-0-1001\"}}",
     "fields": {},
     "captured_channel": "Microsoft-Windows-PowerShell/Operational"
    },
    {
     "timestamp": "2026-10-07T04:53:48.9131659+05:30",
     "channel": "Microsoft-Windows-PowerShell/Operational",
     "provider": "Microsoft-Windows-PowerShell",
     "event_id": "53504",
     "level": "Information",
     "severity": "Low",
     "username": "{'BinaryLength': 28, 'AccountDomainSid': {'BinaryLength': 24, 'AccountDomainSid': {'BinaryLength': 24, 'AccountDomainSid': 'S-1-5-0-0-0-1001', 'Value': 'S-1-5-0-0-0-1001'}, 'Value': 'S-1-5-0-0-0-1001'}, 'Value': 'S-1-5-0-0-0-1001'}",
     "host": "localhost",
     "source_ip": "local",
     "message": "Windows PowerShell has started an IPC listening thread on process: 82340 in AppDomain: DefaultAppDomain.",
     "record_id": 422518,
     "source": "windows-event-log",
     "is_alert": false,
     "rule_name": "",
     "external_id": "Microsoft-Windows-PowerShell/Operational:422518",
     "raw_log": "{\"Channel\": \"Microsoft-Windows-PowerShell/Operational\", \"EventData\": {\"param1\": \"82340\", \"param2\": \"DefaultAppDomain\"}, \"Id\": 53504, \"Level\": \"Information\", \"Message\": \"Windows PowerShell has started an IPC listening thread on process: 82340 in AppDomain: DefaultAppDomain.\", \"Provider\": \"Microsoft-Windows-PowerShell\", \"RecordId\": 422518, \"TimeCreated\": \"2026-10-07T04:53:48.9131659+05:30\", \"User\": {\"AccountDomainSid\": {\"AccountDomainSid\": {\"AccountDomainSid\": \"S-1-5-0-0-0-1001\", \"BinaryLength\": 24, \"Value\": \"S-1-5-0-0-0-1001\"}, \"BinaryLength\": 24, \"Value\": \"S-1-5-0-0-0-1001\"}, \"BinaryLength\": 28, \"Value\": \"S-1-5-0-0-0-1001\"}}",
     "fields": {
      "param1": "82340",
      "param2": "DefaultAppDomain"
     },
     "captured_channel": "Microsoft-Windows-PowerShell/Operational"
    },
    {
     "timestamp": "2026-10-07T04:53:48.9469461+05:30",
     "channel": "Microsoft-Windows-PowerShell/Operational",
     "provider": "Microsoft-Windows-PowerShell",
     "event_id": "40962",
     "level": "Information",
     "severity": "Low",
     "username": "{'BinaryLength': 28, 'AccountDomainSid': {'BinaryLength': 24, 'AccountDomainSid': {'BinaryLength': 24, 'AccountDomainSid': 'S-1-5-0-0-0-1001', 'Value': 'S-1-5-0-0-0-1001'}, 'Value': 'S-1-5-0-0-0-1001'}, 'Value': 'S-1-5-0-0-0-1001'}",
     "host": "localhost",
     "source_ip": "local",
     "message": "PowerShell console is ready for user input",
     "record_id": 422519,
     "source": "windows-event-log",
     "is_alert": false,
     "rule_name": "",
     "external_id": "Microsoft-Windows-PowerShell/Operational:422519",
     "raw_log": "{\"Channel\": \"Microsoft-Windows-PowerShell/Operational\", \"EventData\": {}, \"Id\": 40962, \"Level\": \"Information\", \"Message\": \"PowerShell console is ready for user input\", \"Provider\": \"Microsoft-Windows-PowerShell\", \"RecordId\": 422519, \"TimeCreated\": \"2026-10-07T04:53:48.9469461+05:30\", \"User\": {\"AccountDomainSid\": {\"AccountDomainSid\": {\"AccountDomainSid\": \"S-1-5-0-0-0-1001\", \"BinaryLength\": 24, \"Value\": \"S-1-5-0-0-0-1001\"}, \"BinaryLength\": 24, \"Value\": \"S-1-5-0-0-0-1001\"}, \"BinaryLength\": 28, \"Value\": \"S-1-5-0-0-0-1001\"}}",
     "fields": {},
     "captured_channel": "Microsoft-Windows-PowerShell/Operational"
    },
    {
     "timestamp": "2026-10-07T04:53:49.0023271+05:30",
     "channel": "Microsoft-Windows-PowerShell/Operational",
     "provider": "Microsoft-Windows-PowerShell",
     "event_id": "4104",
     "level": "Verbose",
     "severity": "Low",
     "username": "{'BinaryLength': 28, 'AccountDomainSid': {'BinaryLength': 24, 'AccountDomainSid': {'BinaryLength': 24, 'AccountDomainSid': 'S-1-5-0-0-0-1001', 'Value': 'S-1-5-0-0-0-1001'}, 'Value': 'S-1-5-0-0-0-1001'}, 'Value': 'S-1-5-0-0-0-1001'}",
     "host": "localhost",
     "source_ip": "local",
     "message": "Creating Scriptblock text (1 of 1):\r\n$ErrorActionPreference='SilentlyContinue';$all=@(); $bad=@();foreach ($ch in @('Security','System','Application','Microsoft-Windows-Sysmon/Operational','Microsoft-Windows-Windows Defender/Operational','Microsoft-Windows-PowerShell/Operational')) {  try {    $e = ",
     "record_id": 422520,
     "source": "windows-event-log",
     "is_alert": false,
     "rule_name": "",
     "external_id": "Microsoft-Windows-PowerShell/Operational:422520",
     "raw_log": "{\"Channel\": \"Microsoft-Windows-PowerShell/Operational\", \"EventData\": {\"MessageNumber\": \"1\", \"MessageTotal\": \"1\", \"Path\": \"\", \"ScriptBlockId\": \"00000000-0000-0000-0000-000000000000\", \"ScriptBlockText\": \"$ErrorActionPreference='SilentlyContinue';$all=@(); $bad=@();foreach ($ch in @('Security','System','Application','Microsoft-Windows-Sysmon/Operational','Microsoft-Windows-Windows Defender/Operational','Microsoft-Windows-PowerShell/Operational')) {  try {    $e = Get-WinEvent -LogName $ch -MaxEvents 400 -ErrorAction Stop;    if ($e) { $all += $e | ForEach-Object {      $x = [xml]$_.ToXml();      $pairs = @();      foreach ($d in $x.Event.EventData.Data) {        $pairs += ('<Data Name=\\\"' + $d.Name + '\\\">' + [System.Security.SecurityElement]::Escape([string]$d.'#text') + '</Data>') };      $mini = '<Event><System><EventID>' + $_.Id + '</EventID></System>' + '<EventData>' + ($pairs -join '') + '</EventData></Event>';      [pscustomobject]@{        Channel=$ch; Id=$_.Id; Provider=$_.ProviderName; Level=$_.LevelDisplayName;        RecordId=$_.RecordId; TimeCreated=$_.TimeCreated.ToString('o');        User=$_.UserId; Xml=$mini;        Message=$([string]$_.Message).Substring(0, [Math]::Min(1500, ([string]$_.Message).Length))      } } }  } catch { $bad += $ch }};[pscustomobject]@{ events=@($all); unreadable=@($bad) } | ConvertTo-Json -Depth 5 -Compress\"}, \"Id\": 4104, \"Level\": \"Verbose\", \"Message\": \"Creating Scriptblock text (1 of 1):\\r\\n$ErrorActionPreference='SilentlyContinue';$all=@(); $bad=@();foreach ($ch in @('Security','System','Application','Microsoft-Windows-Sysmon/Operational','Microsoft-Windows-Windows Defender/Operational','Microsoft-Windows-PowerShell/Operational')) {  try {    $e = Get-WinEvent -LogName $ch -MaxEvents 400 -ErrorAction Stop;    if ($e) { $all += $e | ForEach-Object {      $x = [xml]$_.ToXml();      $pairs = @();      foreach ($d in $x.Event.EventData.Data) {        $pairs += ('<Data Name=\\\"' + $d.Name + '\\\">' + [System.Security.SecurityElement]::Escape([string]$d.'#text') + '</Data>') };      $mini = '<Event><System><EventID>' + $_.Id + '</EventID></System>' + '<EventData>' + ($pairs -join '') + '</EventData></Event>';      